  191  190  154  153  121  120   92   91   67   66   46   45   29   28   16   15    7    6    2    1
  229  192  189  155  152  122  119   93   90   68   65   47   44   30   27   17   14    8    5    3
  230  228  193  188  156  151  123  118   94   89   69   64   48   43   31   26   18   13    9    4
  264  231  227  194  187  157  150  124  117   95   88   70   63   49   42   32   25   19   12   10
  265  263  232  226  195  186  158  149  125  116   96   87   71   62   50   41   33   24   20   11
  295  266  262  233  225  196  185  159  148  126  115   97   86   72   61   51   40   34   23   21
  296  294  267  261  234  224  197  184  160  147  127  114   98   85   73   60   52   39   35   22
  322  297  293  268  260  235  223  198  183  161  146  128  113   99   84   74   59   53   38   36
  323  321  298  292  269  259  236  222  199  182  162  145  129  112  100   83   75   58   54   37
  345  324  320  299  291  270  258  237  221  200  181  163  144  130  111  101   82   76   57   55
  346  344  325  319  300  290  271  257  238  220  201  180  164  143  131  110  102   81   77   56
  364  347  343  326  318  301  289  272  256  239  219  202  179  165  142  132  109  103   80   78
  365  363  348  342  327  317  302  288  273  255  240  218  203  178  166  141  133  108  104   79
  379  366  362  349  341  328  316  303  287  274  254  241  217  204  177  167  140  134  107  105
  380  378  367  361  350  340  329  315  304  286  275  253  242  216  205  176  168  139  135  106
  390  381  377  368  360  351  339  330  314  305  285  276  252  243  215  206  175  169  138  136
  391  389  382  376  369  359  352  338  331  313  306  284  277  251  244  214  207  174  170  137
  397  392  388  383  375  370  358  353  337  332  312  307  283  278  250  245  213  208  173  171
  398  396  393  387  384  374  371  357  354  336  333  311  308  282  279  249  246  212  209  172
  400  399  395  394  386  385  373  372  356  355  335  334  310  309  281  280  248  247  211  210
