-85981
-340113
-697360
-484185
-427631
-270341
-998981
-678814
13556
-925398
-360589
-416753
-42156
-750284
-794995
-113908
-866975
-10673
-902098
-130446
-866044
-426256
-888151
-911343
-350878
-440731
-632230
-206381
-941000
-102972
-398355
-189424
-102972
-19565
42980
-941149
-770889
-651824
-160268
-438864
-854877
-865840
-509191
-478489
-480719
81563
-545781
-84020
-194999
-355429
-207533
-431900
52742
52742
-3786
-471445
-557999
-353105
-636579
-847909
-406840
52742
-184885
-155307
-809051
-347922
-513772
-248420
-571427
-842021
-771198
-922757
-908958
79653
-769156
-564645
-886137
43621
-652498
78979
-976055
-31009
-940189
-486307
-358922
-623619
-155619
-975045
-122744
-40367
-853574
-506264
-479683
-195954
-470865
-82294
-72885
-625178
-514310
-38910
-263038
-816118
-333333
-484850
-72785
-863917
-477436
-82750
-679935
88820
-47097
-465127
-484850
18353
-83961
113896
-916640
-612717
-87851
-341891
-877192
-720079
-648726
-906354
-415117
-32321
-452627
43943
-893063
-603137
-910506
-899701
-157419
-665994
-651488
-692723
-534878
36356
-33397
-920425
-489084
-150436
-30856
-979476
-509546
-810058
-281311
-735602
-740502
-522670
-292775
-338671
-739233
-914792
-214505
-505487
11782
-570188
-252554
-274908
-75499
-568581
-734135
-274110
-925198
-957095
51910
-26003
-418423
-648529
-38224
-102510
-165587
-146891
-951376
-834130
93305
-626664
57907
-617325
77204
-27699
-178966
94729
-326609
-864511
-853841
-373196
-576488
58275
-527346
-324608
-20939
-45094
-56161
-144906
-560607
126362
-260369
-521917
-643694
-471313
-984835
-300986
-88491
-229736
100026
-61113
-416887
-563569
-849483
-181503
-555523
