133769783
-1
-1
970011883
-1
151189366
578937556
429333991
1528864919
1324990561
25565563
-1
321467533
-1
496398703
9491989
40889782
-1
22845193
-1
766846243
483598631
-1
392427359
315882362
-1
150965492
1093250765
266577439
242651321
470657149
210485601
15204461
62638868
285748243
1337336095
-1
1127891195
689106032
-1
723657061
301968502
627227372
77053473
-1
512229393
1189162669
114494207
660236195
77457427
1529811908
-1
131063438
1415286008
104125305
375647087
-1
223795601
-1
1015733983
1221991964
-1
-1
1356809703
433062457
305219756
846816699
840307061
180488615
106984434
-1
21908077
106769929
-1
201925489
-1
984824911
-1
70499561
180417675
1083862087
1043940904
-1
-1
248667966
643478628
195890647
883506628
940675157
967739609
662027658
448662896
196992297
27638173
-1
-1
346041616
379311091
1406352543
98631559
212631395
6649165
-1
-1
50143243
-1
-1
-1
-1
367960691
127201343
1035351482
-1
-1
504994988
1230497458
997750340
1230274364
850963687
-1
-1
-1
237476375
1029926018
273402503
-1
1176744063
50632742
-1
-1
-1
988329533
-1
816972929
750086647
79286221
1456580283
-1
61415387
14182580
1250166928
-1
622776635
-1
678475229
361005361
-1
1073923813
146708125
-1
209587349
231233879
716309195
-1
466693783
-1
550169513
4060662
-1
680325825
-1
-1
358457494
291839822
592255912
623697377
165152417
-1
420528172
168521645
982075043
-1
547374839
-1
-1
163301329
238755367
585408967
-1
1295509130
301938135
473228599
214530925
6661269
-1
708645578
207488960
370197009
-1
1754455907
1665349968
542107637
-1
22567131
1721705779
-1
-1
-1
-1
53351975
257024155
1105156969
1160264661
1008621999
-1
-1
-1
-1
-1
509779161
300953353
-1
-1
-1
-1
644337342
1158755509
529868411
-1
-1
529558781
1704223245
419085243
120879869
1049365607
-1
-1
2188478
947198536
-1
-1
-1
-1
811501470
-1
807425418
10187763
-1
36104489
-1
96160461
528410677
500812801
866919684
1767093181
-1
-1
-1
435343164
843083717
850313340
-1
194286936
711786692
307051700
-1
-1
127075803
-1
1339434409
518321462
456671278
-1
-1
165841357
870997839
-1
-1
-1
-1
-1
125001496
487227219
255792139
718531
1730449766
384755603
539159761
-1
1142347060
190416161
725132515
103561533
643642679
466496491
456629336
1082982779
812565885
-1
-1
-1
-1
640731942
283903340
-1
154351465
-1
282260378
532047524
562182370
369084067
-1
1130612878
734554059
233385765
-1
96072592
550333727
-1
168210814
-1
353727919
32110795
206962996
-1
-1
38618795
-1
139075029
93593549
1281463708
263067323
-1
151670001
-1
416605151
1646226524
-1
19016611
75149314
443538107
-1
-1
248460874
-1
-1
1126008473
970934471
478352483
50145479
797287280
-1
-1
-1
203184850
-1
48764293
-1
93853368
1841613047
1556422115
992856409
267213100
314960291
-1
82035599
-1
968011975
-1
1084957349
55047891
-1
302956778
-1
149293555
265669088
257129839
145269355
-1
1074215636
695885676
-1
-1
995680153
-1
172778002
519585687
349702584
-1
202810987
147577095
874484617
-1
400947460
135209745
-1
-1
-1
35044255
138977986
408474713
-1
694643034
159710425
-1
1041169197
978795350
-1
169893485
-1
1026549841
493316677
-1
249218777
-1
-1
1713740118
-1
-1
-1
-1
366102857
-1
28739253
-1
446307337
1137060887
55818266
259836219
305437180
-1
-1
846099535
-1
1219317829
-1
215369720
50083054
1230407079
-1
185215543
-1
460580661
239957302
1270980443
386876641
669529157
1000108366
-1
151665012
-1
1367034222
587008737
706528935
227612803
-1
-1
-1
370563248
686536711
-1
606270765
599326845
188689154
-1
491418247
-1
417704287
-1
529135925
-1
846042094
441409274
-1
698682799
448157352
229977651
368078657
-1
57189548
1232183171
-1
34531937
458207597
-1
303668419
108136459
-1
-1
-1
-1
-1
-1
1402484793
574482032
266260204
50929623
848112078
-1
37699949
-1
1154851785
-1
812155375
589027761
493536581
-1
244238299
231964392
207601652
267755671
60648407
581148170
625801620
104194914
69332018
682516681
-1
-1
-1
-1
145141007
588655055
22102243
232513279
280040147
-1
-1
1080294590
-1
264840241
-1
-1
92998413
-1
130769604
96925940
-1
503469234
274692609
125276762
-1
-1
-1
-1
185026496
526387529
-1
286728041
21314295
771879013
164883499
-1
109701001
720055954
546641604
58236961
205239740
548367886
1044126684
361715572
1008066439
402716255
376329561
626264473
154870157
1444851869
-1
1152166017
27533268
-1
-1
1176914813
-1
-1
1867937435
-1
-1
-1
1213304840
-1
152219231
993382736
-1
-1
-1
-1
20626331
-1
-1
398309251
199545199
-1
40435097
-1
276213743
44322270
83927957
25545286
295663280
-1
22822741
883712083
553649855
51675649
569470415
-1
-1
-1
1385175593
265803614
241517449
26714927
88661815
-1
-1
1278641103
908241376
-1
620176868
-1
55416398
-1
163220537
1289842831
373969096
317142207
-1
558719850
338454745
-1
-1
258761
601765433
3566572
139028549
-1
69376376
142374409
1001476634
583306994
-1
562620237
-1
234354377
573718954
1257132029
-1
580297
775047174
-1
-1
-1
103306246
648169549
1560497127
816835933
850934947
-1
976194332
-1
-1
171500344
494272775
104384719
83237960
-1
32429353
639498047
-1
210317011
-1
-1
402736349
-1
725901165
524023541
-1
121107968
-1
1262480762
527541409
107301209
-1
602663001
298993577
1499271211
-1
192223988
366785810
69684710
886714094
116232177
314315058
-1
31452689
446240489
1229058263
132833909
-1
-1
61677817
-1
1711772829
5222261
-1
-1
1536913
226242630
23217403
855246068
-1
372977516
210597369
-1
276932586
152344455
59876767
-1
1433214907
-1
103021183
899287557
848133928
-1
-1
229718267
838326289
87269187
-1
-1
-1
527452255
-1
-1
206515107
-1
-1
-1
-1
-1
259121764
524375066
651342630
413324039
139030160
-1
-1
38663963
121891741
-1
-1
-1
-1
915307241
-1
600601603
-1
107890323
519493729
270905029
618895457
1308557908
576869737
1388738333
1689803333
462457742
73142756
-1
122878460
116686523
424447356
691398383
-1
1825291840
97673516
84889786
407976164
184278812
1249679145
-1
-1
2144885
12547105
-1
628195345
-1
1370548
-1
50806277
1026729663
1565652871
200215223
-1
17681414
-1
-1
156780963
262921802
796616377
-1
-1
1647771564
430722896
-1
-1
1358722395
-1
207142747
-1
568905693
13589197
-1
313549568
737320782
1260692017
-1
219595540
-1
176906824
1517123966
-1
86586244
74381771
703759029
91971916
87044859
-1
646085051
-1
74646781
74398590
272496320
318399721
1115447076
529391815
235903255
203554927
363376485
-1
293077471
-1
-1
-1
677651101
-1
109116899
8726219
-1
1394463935
-1
1944533187
1760275254
275020830
-1
-1
88309711
9858454
287510293
-1
-1
250832871
3217093
351691987
347146621
412843837
465477151
747631601
595383318
-1
1238510404
363333359
1308501809
-1
297819306
1555688774
-1
-1
462116553
-1
1643133829
15297559
-1
1516918209
-1
550527778
291711008
-1
565779344
1117750660
939341669
747929708
30258328
203083461
26075297
832750446
-1
418419693
-1
354014557
-1
743267147
68186719
709509567
328194201
109753825
180230948
-1
280008615
-1
1145226326
679716461
-1
-1
199472099
1506418491
318600789
-1
-1
-1
2009223
-1
-1
98579736
-1
-1
-1
1235239615
49529821
485445201
62319631
-1
480371942
727011152
820334797
178369512
-1
1021678267
78872071
-1
448351283
986771421
941143951
-1
-1
238216805
-1
-1
-1
689559649
324746039
276852127
46991563
454076541
-1
398685229
-1
203521457
779853041
-1
-1
-1
-1
452142692
686582510
1119867235
-1
72694483
-1
31547561
190251727
580224302
-1
342908739
-1
1255277179
-1
-1
-1
-1
-1
111925364
370532565
-1
1363070441
230969323
31708879
-1
356533735
-1
-1
127051023
-1
-1
51498730
-1
1184732957
-1
-1
-1
190682821
306006003
790256032
-1
-1
-1
-1
193161742
797168601
108489886
-1
-1
-1
225137414
289178394
456209808
-1
433991937
603388568
-1
30431403
-1
235422581
-1
138613759
47718043
986477034
158522401
1158354178
46791298
337122191
-1
32295477
307232303
-1
606078857
36110569
-1
-1
257044556
-1
712613700
1396441927
284554273
648031414
828576833
8112089
477092481
408573909
407107324
581463349
1188426016
-1
-1
198547959
-1
1679087081
-1
-1
608196010
1229235573
-1
389184702
665335303
-1
-1
694500118
-1
1118758920
-1
100580647
25735665
6839297
-1
-1
621540188
-1
-1
-1
107088859
1048321930
306074599
-1
-1
734304490
-1
-1
-1
478999110
166462743
727596458
43995299
-1
-1
1163188606
-1
3500751
-1
-1
54914328
1331742819
164480789
1046994943
716891503
-1
445933247
-1
-1
528331209
649235523
965599651
333745944
326165210
11326220
329125477
481488220
32202369
168959033
514665338
952602991
-1
15741477
34242561
19430851
875535800
-1
-1
-1
131940022
-1
-1
61678943
39447578
-1
-1
61600265
259286347
438900861
-1
71867765
212165344
258784251
843886991
703353896
-1
260523359
1074117681
100516477
458518265
-1
540404873
61321979
-1
-1
715930947
-1
1413395065
-1
-1
-1
116168315
1806545040
-1
-1
-1
-1
-1
-1
-1
-1
-1
191865334
690192662
-1
-1
282199403
-1
1470830889
143714819
-1
481867498
-1
1089281267
302599786
41163502
343355091
245193742
937027006
1480502
239781459
15612266
183336036
-1
515388337
61059409
416547986
148187359
620896933
157847426
-1
176237772
281790097
-1
-1
-1
-1
414683
-1
-1
1467329924
-1
-1
290735704
526691513
283252849
913727127
741460536
805348518
-1
-1
174525007
1605764279
-1
526387277
27437579
578901766
342585657
-1
-1
323865401
272768715
927787046
208254590
-1
-1
105958674
872881123
19227183
-1
515540740
-1
-1
-1
1528935837
84161673
860636311
1119378679
741678643
635850793
425628039
8832139
-1
-1
1512885418
-1
-1
-1
-1
311792342
1393767905
-1
442180786
464179004
1134932780
67019447
-1
639678763
-1
148294128
336846016
-1
-1
165794737
637336375
-1
229396756
563673106
-1
55800194
333741619
108985077
1155413335
134694231
-1
29042345
-1
251356395
-1
-1
-1
426729749
-1
441759157
-1
-1
100688375
1497527476
-1
45401195
-1
-1
22411581
523202801
495022473
-1
-1
673974842
325415777
-1
-1
-1
538458705
493088571
426340967
-1
-1
124378639
-1
-1
-1
294299784
-1
-1
-1
-1
82379819
345348110
773966999
-1
-1
-1
950606022
1269414117
-1
-1
835262706
-1
-1
101326083
719698231
102833061
-1
1724255710
698150107
379037228
-1
166555133
1322930084
-1
-1
61586403
-1
95034469
968839902
-1
730836245
604576435
339647219
10757506
33371120
284746291
-1
15622242
751465984
-1
-1
-1
-1
314233559
-1
1006051870
496321955
27253015
51767137
-1
-1
1552088124
240265679
-1
367280528
-1
151450186
758207032
-1
-1
305639558
-1
-1
-1
-1
379999193
429612985
-1
-1
-1
191188137
-1
1130395645
349320247
32000918
-1
50328293
838440703
-1
-1
278837125
457944046
203451654
38195793
775559162
-1
6543997
193308874
252967801
11685147
1613082581
756174483
-1
-1
269660067
298657562
12387793
-1
-1
83120982
153638783
142332279
-1
-1
67282339
-1
-1
-1
1536904735
1155920089
160786696
583199833
249911405
1410515837
137577061
-1
-1
-1
-1
-1
-1
-1
-1
12049125
-1
-1
30429117
386440301
449629308
94138573
-1
183661422
-1
324431487
-1
200163341
-1
-1
60023809
937565263
191746711
881427
-1
513923464
329578433
-1
-1
80410171
-1
2532368
279583003
456847187
553083376
-1
679245879
27487522
1068450867
-1
773564127
325490660
787033729
-1
121571727
852165975
229380251
-1
903350017
501457580
66555563
-1
-1
760316783
440936831
491424286
837542735
-1
-1
-1
-1
747798307
1343548802
-1
-1
738447251
32912465
-1
743577942
1257191932
1466480159
64765452
-1
-1
-1
-1
-1
734779021
226642669
-1
-1
-1
1109932871
1042965771
-1
1574521103
-1
965023841
123435385
-1
-1
-1
-1
286737728
1148301552
108535034
-1
430186415
5911709
-1
-1
1448477493
-1
-1
-1
-1
831457185
197344916
1011553162
-1
494964623
743816977
-1
8124673
-1
205682741
-1
65203239
-1
270834977
-1
-1
-1
151729921
575205987
-1
-1
1106317327
768367651
431609775
289695890
4607617
118318889
-1
837994971
504174269
-1
-1
55591319
-1
709713544
-1
488139
1431935890
-1
365615699
527670149
396710446
-1
87658199
-1
1570856876
-1
-1
-1
1010717719
-1
-1
-1
409921359
-1
-1
-1
863456231
329155334
596151269
-1
171860371
263334720
38428337
503263407
173825900
1588438016
-1
113513853
690197379
90774367
339172095
404264936
383398420
-1
-1
12252967
-1
110026483
308379249
354288218
-1
866227947
128190693
248789969
108202281
792867891
310513821
149211713
-1
80105309
475376792
2556395
1561843873
-1
222736954
-1
426657752
275740503
74351029
-1
227358807
1061524503
344726321
-1
148888451
-1
63064766
-1
533886482
700657325
-1
1237309843
-1
30123595
206370557
391463144
-1
673400318
21701821
29075685
-1
1351562309
14573390
233581615
612303386
-1
424696427
1657225532
-1
-1
28441442
638153082
-1
68794247
229483999
353880856
-1
833870043
115762873
24548157
-1
362047
916441157
-1
167576385
-1
150464192
-1
1106563031
-1
-1
-1
510321926
840409053
127974929
368241160
-1
-1
1254883812
48074727
124711469
339330448
995612279
-1
134944923
746640049
1197353725
-1
-1
-1
-1
167141772
883822592
120341701
733104766
345062232
35968484
-1
68988732
683870467
-1
-1
126781913
41450527
115041631
1245248727
-1
22706822
1570825130
536749531
632299713
167550901
64796763
-1
131949014
898363479
-1
-1
439369411
-1
6218771
44123438
300347861
651712335
119346816
108859465
206968169
767143641
-1
303727614
685146166
-1
490614621
-1
163912649
-1
-1
681289069
447176471
781901526
779672031
1666784119
113390333
1393936789
468328139
353398919
-1
-1
372815336
611649234
725795597
-1
495797398
541864907
19219271
387740440
207755036
778919836
289540028
-1
-1
-1
37032698
-1
290125002
1435737247
-1
-1
270274451
-1
45162545
569033048
781190481
325970009
1226287007
-1
148072040
948985204
362127074
362620857
80745382
-1
-1
759884555
-1
-1
-1
82745979
501565064
626449184
177410024
557942621
-1
-1
395326813
1226359216
625198400
80767554
605903641
148104676
354094206
1764232096
