-1
1070797
172010485
46037899
-1
-1
370787509
66567656
1106362871
65615537
797341251
139286687
-1
552073979
221947899
-1
-1
556358180
341521733
-1
361259903
-1
314461447
311460161
-1
-1
249407995
-1
978515703
1030815141
65012303
-1
-1
-1
-1
182483616
781876885
-1
-1
95723691
-1
22061443
62560458
-1
-1
-1
-1
-1
291977057
78039743
-1
-1
1661324958
-1
-1
-1
67584996
-1
873796574
-1
-1
588175795
275336246
69476300
-1
-1
-1
-1
253957316
-1
1125781820
-1
-1
171300107
768165742
1517531579
502627491
238369309
834919916
112723088
124086509
-1
292187234
609642433
488050259
-1
-1
641703121
1348872291
824328767
-1
141958422
-1
-1
-1
312428916
737501433
-1
945544396
795177625
-1
1117105823
-1
940844367
166890755
391612388
93303377
1039978138
-1
-1
88160775
277919972
64366619
870979678
251496187
134793373
926008751
-1
-1
216756757
8344653
1413062628
-1
331972962
-1
-1
1269416704
322363322
1511594797
291775
74265108
-1
-1
-1
422679594
13928248
55792279
-1
373232795
374502133
-1
-1
110107937
293470466
-1
-1
-1
-1
-1
13179117
-1
685336397
1806812361
39719914
270001775
701552126
-1
14904353
572031597
511121926
-1
-1
-1
-1
362771767
-1
357791937
486368917
-1
1078028796
-1
-1
-1
-1
-1
-1
-1
475622383
1249537109
-1
133852051
1830309990
-1
613234399
506619327
-1
710896793
471591977
122220202
-1
31349683
614478537
35446341
-1
244170594
-1
598400955
293584102
1008083204
-1
-1
-1
-1
-1
822999292
201727
-1
130465483
119081761
17036527
1394439467
108996185
-1
-1
1117953532
-1
745566221
454793219
409757293
-1
488857452
-1
-1
-1
-1
-1
288311044
192895580
856700837
-1
-1
-1
-1
51684140
-1
445497513
-1
1185576482
-1
-1
1214970635
2190456
1323120933
125839691
49949467
22563266
507769321
-1
85431147
-1
420293105
760837447
606350458
-1
109526431
864682571
238419592
-1
-1
1146336704
51480514
657767489
98106646
-1
843333424
-1
1034382344
952101349
-1
9085445
-1
1128326257
-1
-1
187003013
163397426
59225564
353958710
-1
77638764
-1
392426333
991666345
-1
-1
255960005
-1
-1
-1
-1
-1
-1
-1
-1
1767086053
-1
283638865
221313532
988404814
-1
895723995
-1
156113139
-1
-1
-1
-1
16747363
-1
73042904
-1
-1
-1
-1
-1
-1
-1
1039258687
721540909
-1
546981770
36888281
-1
-1
-1
-1
985755149
-1
-1
281743836
456668291
184745236
8585684
416172896
210803713
-1
540636803
-1
530421964
593997265
24176848
-1
933563463
-1
-1
-1
985426047
114785351
503988337
-1
-1
-1
311345197
111332336
1583769
-1
513116319
-1
836181211
1556780953
1266091827
-1
350602545
-1
506328637
30762359
-1
1070464006
524154611
1538992103
262725944
655421623
-1
-1
911601961
11010397
434030715
75241492
-1
203050201
983800789
1051032929
46396361
123548491
565135013
-1
-1
2005435
-1
446915562
148013283
261983825
-1
-1
538098196
392508757
180113281
331115966
-1
1222699661
-1
75195556
1253190139
99539811
-1
-1
-1
946844536
752943115
1408669046
407803675
80507185
-1
-1
-1
397468909
742442885
291080226
-1
95422217
6734591
928042673
698923073
-1
47923268
-1
225535426
-1
927572205
-1
684969037
724377169
1325414366
511469681
-1
1416377531
1214657033
-1
677054939
-1
957241483
54975057
128889415
-1
651896527
1232936173
174418039
120566425
639239915
32114453
889398157
228325285
-1
-1
6048248
-1
798110588
173236187
-1
229753298
-1
344023965
574557608
260089139
-1
484892197
383474146
-1
270498361
-1
425572914
1370898527
398152470
191287993
56730935
70638319
165631308
-1
160647376
1368017909
24115235
-1
1660093441
50561648
996683866
54300265
343327513
-1
125220142
-1
-1
-1
269469775
465195095
869093181
-1
172786049
-1
1894674379
-1
219483253
-1
907999232
-1
144202155
-1
384576259
958189723
-1
746030881
-1
-1
-1
1428929452
273911069
-1
-1
-1
-1
999055927
-1
27425473
452735924
327493110
-1
-1
-1
-1
892235182
774295275
345385284
-1
-1
1176461276
105166963
-1
165817331
878067208
33602261
189610908
124583961
21641858
1337331116
407820251
231791901
-1
1540400613
-1
260583287
1438712216
-1
62678978
-1
-1
-1
-1
687417549
-1
652721981
665005563
41485558
433660979
-1
375948899
695510327
1339043199
74000685
199044477
356510669
-1
720215521
2325115
-1
-1
-1
107223937
693444791
25563670
-1
458130982
-1
884755981
130745437
-1
-1
763742967
48376787
89919908
1019655439
-1
353175099
-1
-1
197696139
153744819
-1
460579429
-1
138328329
642032460
1180867143
85628737
215348435
224855909
544782481
-1
67121801
372687093
-1
-1
156888907
-1
244888725
-1
217411921
856399779
-1
115175716
-1
17200
246661240
821080243
-1
230630107
-1
1055483611
1577158187
-1
-1
-1
815036509
-1
-1
342020764
-1
-1
-1
432936065
410502524
1554824744
319163283
210328739
855801583
74034259
-1
346617151
-1
562467135
-1
717198520
-1
-1
934113772
108221869
328638950
-1
685500913
745266061
-1
534494290
397062531
-1
54274978
490143398
1362499023
110765211
34630298
-1
-1
-1
-1
-1
256137323
621867677
216810031
1132802510
16013954
772339322
-1
313281079
-1
-1
62650374
419102011
-1
98393659
356929921
-1
1263596947
-1
-1
306805652
1403747197
163446013
734496073
-1
-1
-1
-1
289764532
-1
437933746
578843363
510883631
69625137
-1
561821445
884571841
376468199
270601829
448799983
389887564
832114
768497941
310004762
-1
1194996938
1248840427
-1
-1
-1
163046053
561758885
484076945
-1
959674497
401912191
375176753
328269653
48019819
301157808
1015244205
-1
9568147
-1
-1
1178798065
-1
466361435
116875025
738481744
714541754
-1
520709284
67071683
-1
66586909
787090463
49367536
-1
1112040997
207684906
124561941
794628
-1
-1
8596158
266238506
-1
-1
1679409412
40213939
1359103511
-1
-1
121168730
620334150
1214697405
-1
1198492017
717860249
-1
185526551
-1
190764046
283654107
-1
-1
465858922
-1
-1
-1
321088473
260288357
159089303
-1
233214157
585756729
-1
1130157
716375103
288923810
335786059
-1
28862563
1348535545
-1
171991072
594004884
31655422
-1
807173069
13564681
400686895
-1
-1
1112022786
176737260
452399001
434000188
179827813
-1
-1
-1
346604247
720336655
-1
-1
52283606
-1
444046532
826869622
1318391144
-1
136115918
-1
-1
-1
-1
-1
517305651
329664941
-1
459600264
230549029
-1
1272091415
69009997
-1
1156342603
-1
702023699
69044155
-1
1019049025
561156921
24253183
-1
902588062
579401416
314733381
-1
220133364
-1
479500589
-1
1185876371
45929267
1380683235
-1
547984939
105417960
685056111
98585577
1889279780
-1
400168004
-1
-1
262844301
-1
1836743601
45888933
-1
40541214
882338143
423802136
232645973
-1
-1
-1
358146971
-1
-1
147243176
151965883
-1
-1
392933077
-1
470273241
736679311
447280667
-1
356066141
106956059
-1
-1
762576541
-1
374983058
451433891
139378808
-1
6520331
-1
855845615
566427629
-1
431080685
-1
111454708
-1
417861498
335292351
167214416
67464807
172789129
-1
-1
57871190
1735946756
-1
-1
391046629
-1
310660242
134807106
831247
94525148
-1
453853192
860511253
-1
228528905
-1
-1
-1
786964519
590921275
-1
-1
495437204
216349311
847664303
-1
-1
787165164
-1
447565057
532266556
411664536
120769107
354134342
1194270187
851199129
39627241
187384379
-1
4009839
-1
185101387
675963976
1411111291
-1
163826783
71557747
128917017
1595236508
149923603
982204179
249792031
115201206
83359467
26678528
-1
-1
128577874
-1
966224177
40078557
160583949
247112592
79224223
114566771
160846433
-1
-1
-1
-1
15560422
-1
1047554168
27851664
133028249
980745437
65236981
1151394881
-1
72640291
1254889001
-1
-1
-1
561598557
375809336
-1
182694507
-1
-1
115359949
-1
-1
-1
-1
239552918
-1
1252545366
1233526936
-1
-1
39200128
-1
214806119
92024195
317600564
-1
27752438
30846219
37155414
-1
782408053
1378605796
-1
519723311
35909912
460887994
52689810
-1
1016114276
277415683
200065363
107324674
-1
8762027
1515904370
1122869561
-1
-1
-1
11727129
742581020
550244537
121324327
509163356
1156709041
95322617
875840132
-1
305907109
547384393
533562429
253318434
-1
-1
1112796709
840287489
101880134
-1
13894927
785197
91392323
192798572
-1
-1
845255455
575698595
653747316
-1
52246533
424457450
-1
-1
144304843
-1
374772410
265962978
70635545
156659127
-1
487439539
449095480
1515102925
-1
1250731031
154161193
581145920
123961303
-1
-1
132560206
318782105
478723545
1727371030
-1
726052103
-1
107919791
-1
1264117387
816097513
-1
251492051
-1
-1
1072254007
1238207178
1397378687
-1
352878497
241567803
953559985
-1
13145041
-1
334355451
514371039
111638858
540889109
1164385040
-1
168709901
854216165
278327341
-1
2726371
409497719
571068697
-1
1746355037
-1
9586715
1381400945
308676473
502079491
723974551
423919617
5060418
-1
-1
-1
-1
1070805255
-1
425448317
735594443
232599934
-1
216526291
955407655
1332919851
-1
-1
-1
1674752877
574099337
260682300
-1
528166909
164335681
-1
156560443
-1
715262161
-1
-1
-1
-1
-1
478510269
421848019
292542801
624075187
726584679
3717708
108101830
445958
1126849615
225463819
83573685
-1
-1
1250889191
-1
285109718
22154749
1040606418
514074799
484381579
441915791
153657502
95785277
-1
-1
1091933525
-1
128309773
-1
-1
2534607
90443754
-1
-1
89037761
1158533986
1097670861
113920456
-1
-1
373108916
-1
774207914
1272408779
233497489
-1
-1
156730913
655183898
-1
616316729
51515868
-1
-1
753849781
-1
801573479
74495644
230149403
178083560
-1
6514102
495703082
4075144
979869666
-1
-1
-1
-1
895201984
247732187
-1
-1
-1
-1
-1
10305047
-1
69227899
368847857
-1
-1
381938621
1594349531
-1
-1
710054349
227752650
1326153105
-1
-1
96807785
35044109
173989157
749944445
-1
698021301
60236076
801816471
340633385
27196975
-1
591180199
47871210
133922440
-1
607055664
771915395
732483489
361535475
50366646
216177907
462623779
-1
459354451
230324066
221759948
-1
-1
-1
-1
317138479
-1
-1
681348506
-1
737914265
-1
-1
-1
-1
-1
286929911
1239293721
-1
-1
-1
-1
86261956
129489432
-1
374075599
247460285
-1
-1
664533398
41505832
270222494
102737165
231435223
452287544
874105125
853156483
12910523
-1
370954049
-1
1413553561
-1
-1
17639945
-1
801803393
966405965
313350023
-1
153554054
206602305
-1
628379439
-1
720411609
1555847975
243459926
-1
849611569
379165887
-1
630714847
30619219
232131465
-1
4310657
181069934
-1
127130086
35948868
-1
-1
-1
710878663
9831606
646166900
-1
-1
520822223
260654914
-1
-1
410031055
1048786427
18084944
331544986
-1
263825661
82593139
586898855
264920825
-1
431851017
-1
-1
175617461
83156310
867610438
93453220
647710043
-1
630547168
381645343
-1
-1
149020243
427399092
443329368
-1
184790295
-1
356246279
146551217
281661658
10951859
59409018
85235799
-1
518603531
-1
-1
-1
62215102
-1
-1
-1
-1
-1
478604362
182438611
-1
571765727
455302251
22338939
89581571
-1
478197714
-1
-1
-1
883791550
84324021
601962872
60981118
-1
594457537
435004849
38686155
286765097
108392719
-1
827374294
454965169
179325057
-1
577224095
-1
235116034
536353420
22111091
965016100
-1
12808912
-1
576967122
96102772
1184533573
551006557
-1
-1
-1
110714222
-1
6514802
-1
839822965
1101399725
-1
393711713
155850893
-1
-1
-1
-1
-1
-1
-1
1286111090
-1
-1
-1
15994561
-1
-1
245882283
222503592
805843923
331729605
226106879
140616443
960086024
878723298
1444191743
-1
1704092994
-1
-1
-1
-1
186591905
1045652822
-1
735051221
387915551
588071803
-1
-1
-1
-1
502317239
-1
1224362979
360704977
109294991
-1
-1
15124619
-1
1048438491
405395371
468134747
417404060
682022387
212723541
-1
1040805665
-1
331194613
-1
509540902
1312422523
392691302
93840991
-1
1429060459
152679494
562644686
121428159
663327838
5598494
-1
82060123
1276318654
48245597
-1
-1
-1
275406089
-1
674371449
-1
-1
97423523
38402632
758703173
-1
-1
1119913999
493697980
-1
1294300175
-1
-1
155984074
676811485
-1
204055439
719076405
1579109017
-1
165978502
-1
-1
31053317
-1
-1
581549449
-1
-1
128082539
34467014
484885104
-1
36335617
268464697
370104401
1039134693
1207059547
-1
-1
3465353
497933290
-1
-1
53053781
-1
1046316664
24329539
-1
-1
-1
-1
36555368
871258742
-1
3761994
1097004613
-1
-1
55216334
486885412
-1
65008381
-1
41070423
-1
903866042
327324202
-1
-1
82369994
152874542
297671554
-1
305035672
-1
13168355
-1
-1
193733665
5288921
1131855721
133059459
342817147
373651019
-1
-1
91331893
-1
881272163
305152910
19385172
1105025006
183142703
764364403
10315688
-1
632736733
1106234548
-1
-1
513690863
271331476
-1
-1
-1
49285572
105449187
66457595
-1
108301502
-1
-1
-1
227999249
-1
-1
1415710057
-1
43230442
-1
89155731
-1
-1
-1
381126670
-1
-1
-1
580629607
-1
334433803
430603178
920821035
-1
49315927
164593347
-1
-1
-1
1721733494
854837262
-1
271837865
46935234
-1
1394251849
916678939
-1
-1
-1
124878389
5248238
284418396
-1
-1
366001041
-1
30713532
782486088
386240779
490309065
470444875
117600181
1060681105
-1
1063067646
-1
-1
-1
848739811
1155094787
185539937
722891438
753335272
-1
951792473
32763365
69049925
-1
539190452
-1
320423063
41405134
-1
572171102
-1
155627495
-1
-1
907641185
-1
203378993
-1
-1
-1
367679247
421982258
656131011
-1
247775029
363429896
1701820042
375529527
-1
29333221
-1
97135065
400301707
991766934
-1
49612925
30746819
870964583
-1
151631645
598581492
494739364
227029601
472587075
-1
616842984
129332475
-1
-1
92536175
950148586
74062415
133597649
929434757
1267941263
252799947
25666487
512215465
90768156
-1
60661441
-1
236396851
1355781922
425250667
452367149
-1
661833000
263417087
-1
-1
222825537
53135903
-1
340129621
-1
-1
31375511
838382488
-1
-1
762619747
393130609
-1
1454663177
8502607
-1
-1
-1
1585584373
1048262513
-1
-1
78393101
69301709
-1
-1
667817520
-1
178311187
152992143
-1
10804273
494340977
87365747
-1
142338626
549868140
-1
-1
-1
-1
53494469
1244114800
857655419
1051245137
-1
609297529
177996693
-1
113968842
247346545
-1
181915880
-1
8507815
1465027623
7609542
-1
755830109
4783719
403639643
-1
198016881
-1
-1
420948873
-1
1145450555
890064069
-1
-1
882048907
1094565756
-1
673546750
335046693
361936393
91216483
487083739
-1
-1
-1
-1
711896681
-1
-1
-1
148111439
539648717
807490968
400280043
-1
-1
886657615
27355620
114953263
350855951
-1
-1
36271111
1523339585
-1
748226959
-1
442000151
-1
-1
1352968485
104878673
232579649
259458000
1237701578
-1
604978217
-1
-1
472582491
1569224491
697491712
804237873
159727963
-1
-1
769205775
-1
-1
-1
244038123
-1
449910094
89263882
-1
-1
99918248
-1
24078568
238446931
97839388
-1
-1
-1
636684169
318397389
1382188800
394980077
361098736
1527802567
8818618
-1
-1
210884403
941662724
223395173
644255418
245989897
869058059
104797867
-1
-1
-1
43305068
261534926
683519864
197873123
321105341
11351067
-1
639590087
238569784
172089029
204715253
61328478
437305218
-1
177861053
-1
-1
351632992
145131657
415369063
-1
1038579359
-1
-1
6523613
-1
62020119
361905010
-1
637489987
210501752
654513349
83848678
210815754
263283497
-1
205329587
664354505
492063241
359018855
-1
375672415
28540524
1710603019
189446203
996663734
616689220
8435459
1304849207
1057207449
-1
511848029
195287112
645057779
733479076
-1
-1
-1
440923210
107995303
675180822
1614975597
529561369
-1
-1
99103717
-1
108724630
232436735
55992559
-1
135798100
-1
-1
1753804071
-1
87490254
806202725
-1
76194569
1334678551
-1
-1
101470561
393639496
-1
90810799
774265256
170475999
-1
443282057
35598499
-1
-1
1285740609
453649744
-1
-1
-1
195428491
-1
925818116
-1
772657708
-1
126535770
127984421
194514928
1228651744
377528451
-1
255884400
418109956
-1
-1
495225295
-1
-1
-1
-1
534404419
546315417
-1
195654467
9589267
1196789037
403447807
1360812862
-1
139502969
-1
84502603
776642115
1170023423
-1
-1
248830043
-1
-1
662658032
-1
488695051
918357309
545264549
84655151
-1
-1
-1
-1
680236351
154157060
1465564331
-1
266464464
45521117
-1
200761251
-1
215929342
50008842
608292264
565571207
-1
-1
432249041
188506321
351834583
380320921
144661240
841118727
505270265
1086503724
532798135
-1
1014844027
642580833
330028586
-1
296519883
402885349
-1
-1
991174126
151531968
-1
187488733
451880888
748793979
1093126781
-1
-1
-1
-1
-1
-1
914425627
82277793
904030011
48964118
-1
-1
-1
-1
21558471
-1
816080068
522745651
460118119
2797036
-1
-1
-1
15415859
835540171
685114497
127337412
-1
173384433
66679948
90503170
1829417235
168570306
1308877696
107551577
-1
-1
1220773901
187319315
1142786273
721742047
1541455637
-1
-1
539122622
1346627478
454974433
1889399404
372703665
102375652
376369765
-1
-1
-1
-1
-1
-1
512593649
-1
66466905
-1
19700516
360034809
14629857
105667383
179442883
-1
830775130
237637091
-1
-1
354171269
233469527
-1
650027805
-1
-1
31477643
122568394
52533605
556740274
-1
53236817
1234525678
429025307
589870219
-1
-1
1056207163
-1
107103313
454225463
1032240510
-1
88874272
-1
55604802
12451833
-1
1386133543
149528233
-1
794814661
-1
23378184
431049201
-1
-1
-1
-1
-1
662531713
-1
958377696
-1
1032774092
-1
343070759
192314706
-1
751926955
-1
-1
302032911
-1
22034625
56609311
1173802769
616625289
517518307
-1
170725848
-1
5558611
-1
-1
638898065
-1
-1
17160641
-1
-1
1353477
2903849
261857684
150099088
1099774429
-1
306538248
926456105
615619370
980048129
-1
503743678
1085363945
-1
-1
183897863
44328589
609641566
169797833
76230012
-1
300373939
350102506
-1
6635737
44925870
-1
182889017
-1
-1
-1
836550667
-1
-1
349336501
397858030
273751136
904989606
632482799
-1
394722709
-1
35158241
262991515
1269793631
1156682803
-1
46146425
598878661
-1
-1
974632108
964897563
513775902
840454779
-1
-1
137300585
1316559199
-1
1950439360
301242189
305548600
-1
-1
32339823
884202103
-1
-1
211282199
662053681
1284962167
604651638
1295468004
846855135
162061799
1584398637
99284
345251686
80108617
1138726663
164297425
66181417
727591445
544285304
28318179
787711185
-1
483513207
145474756
293303539
1103424005
92545667
1649139899
-1
217066638
-1
99315187
804937105
441645211
901225552
330258968
-1
3135882
-1
183480555
759186865
-1
1152186109
5305040
-1
7839660
-1
361734525
491424196
-1
1353768190
1485066675
-1
413653224
293144191
1444801734
468256915
-1
571662661
-1
8279444
75261607
17583076
14622277
-1
-1
145113553
-1
414973758
190828267
757129240
265942887
122106704
-1
692691807
-1
-1
148915211
1774721899
1309288484
137138297
-1
-1
-1
1135877525
271335569
-1
-1
-1
242088526
1009640992
-1
-1
-1
902182299
143504450
259311835
181617079
8597653
-1
-1
118481408
-1
642518758
509933813
978327576
665361899
819928399
-1
-1
-1
-1
774117026
1006157767
728905313
252115069
878502939
245787541
-1
607130179
552319823
73675661
-1
533369030
372531321
321615799
440663276
355907957
83947474
60865825
120299837
269917389
-1
-1
356589836
829925597
1101274812
-1
292457243
1476469566
1271256672
886514187
1396132419
-1
48191993
-1
436409635
-1
-1
142042485
-1
1827483265
-1
-1
154881671
-1
-1
479123509
-1
728254611
-1
357772836
-1
62476363
1117615413
-1
-1
220886200
222991003
-1
-1
-1
74833168
488489641
-1
1830112866
-1
-1
241232326
352116353
-1
1028263240
1046501456
115202072
403623554
634551674
268941784
842686294
-1
408131835
-1
-1
151425257
246088169
-1
337291075
574146871
1339923132
67600251
154277898
-1
218232155
-1
-1
-1
102830141
-1
-1
354788323
-1
1447490723
862194649
-1
-1
716145733
685801196
-1
1047296887
118592531
167671546
214137611
775528409
457502453
1560305069
-1
163365557
623282515
-1
-1
444645989
129509443
-1
796074091
651953053
103479439
1050063275
-1
119870253
-1
176286919
575795067
1111370318
-1
-1
426072239
297984505
-1
-1
-1
-1
378187262
484075631
-1
566886418
-1
-1
-1
2380857
-1
494253859
128416366
342276375
51749553
71733023
-1
-1
549729397
-1
942134657
471097426
620144930
110303519
154469830
-1
29234838
-1
1505187085
-1
-1
639089138
-1
491533460
348638773
1360372084
55158251
1361320169
-1
620995666
50395916
642842098
304685013
38094953
-1
329039452
-1
-1
401114593
-1
-1
1436935013
35015015
79055150
-1
1386038269
9723286
499284689
152849207
683198555
1360045184
455211005
58714931
833690315
15092900
-1
758991977
179632481
243255691
562846443
147241696
-1
-1
136350354
1038535471
-1
379856588
-1
-1
1401240759
-1
-1
191589813
296836443
-1
-1
257971988
105220778
164191542
146822399
-1
-1
408473981
87992254
-1
-1
179408666
764253751
123082627
34014116
1132775271
1312872749
-1
1244730303
-1
1037791533
-1
-1
364900770
85382809
686909059
-1
-1
-1
-1
354672242
1312622965
-1
7627580
71974603
-1
326333671
339785669
-1
535981814
766302685
693155119
-1
192882555
1189877204
-1
-1
118322854
-1
-1
618710680
165456167
56431937
244053184
198186678
974293771
39343686
866030827
792283187
-1
-1
-1
286719331
-1
-1
-1
-1
90749133
50816038
1284497073
710761236
-1
571054470
184310225
-1
169623815
620513946
-1
-1
-1
1266486714
676824894
-1
-1
-1
142469080
-1
611798019
-1
-1
435099765
-1
110183749
58200119
354318373
1355366553
1291302689
-1
75779263
314638283
-1
6433556
9412321
63667739
49547693
1448597592
349656266
42172153
-1
354800583
119553201
-1
1525213435
-1
-1
1003415235
-1
-1
-1
562195519
46407363
239429920
-1
408466174
28539592
984054234
-1
1674865279
-1
469497617
118141757
186609979
-1
452046404
138314288
1230264961
66240602
438027987
-1
-1
208922415
83229389
113618384
81971303
367684695
516966812
-1
495943215
567501900
-1
102149290
239265398
732674237
-1
-1
124460321
191004299
226869657
73102654
-1
-1
1610243827
354675983
565535395
1741409311
341685387
991569483
295137723
214747842
-1
111428561
-1
-1
-1
675205995
598385783
870182269
1034374333
