79830395
248197778
328308455
613125376
248143305
-1
-1
-1
-1
-1
589556812
-1
128260392
-1
27068160
290311387
-1
-1
-1
641518147
-1
-1
379482419
123111870
-1
806450491
209265863
534513309
507191812
-1
576791328
116779269
96543173
-1
82109946
-1
-1
29754949
1676675941
210780144
729699538
-1
-1
597150977
678667249
-1
29168618
60006975
4346560
-1
23676217
-1
27351253
709442565
1902035249
-1
-1
-1
730776679
1043584427
-1
1123633409
584591404
-1
-1
-1
80661457
1007361
-1
-1
108534938
325002870
1337043291
-1
1050328517
-1
-1
312314476
-1
1794701041
95775233
199360978
379835293
523049723
1579795393
-1
-1
83280846
1203987983
709003331
635470933
131944151
-1
-1
-1
1339471694
991533141
1017348109
-1
385685946
-1
857654117
7358153
171004880
-1
96099234
-1
410864241
-1
-1
-1
216647566
165327737
126217688
519740009
139757337
629068339
532033016
-1
654307248
45999451
-1
414250266
168602491
-1
470758959
460821745
-1
247083097
645040345
-1
145605024
531627781
188811060
-1
-1
219784945
-1
-1
84175838
-1
-1
465090162
-1
92187163
-1
-1
34724152
-1
1248250653
31863297
309086961
-1
18385701
-1
50026951
59010618
864862326
-1
861408185
130784888
-1
511775951
-1
638250554
678154657
446361239
108268874
138408771
1098322355
-1
-1
22076763
27197860
-1
97704656
639633574
1102029887
1161273283
1870079135
736695597
-1
902620657
1611772693
-1
-1
-1
-1
-1
713537864
796184021
-1
922135051
1875891106
70249917
-1
754955308
250553291
497203329
543193124
-1
682965397
-1
908055639
570987331
-1
945617817
949468131
-1
-1
673254892
480359349
-1
49700730
-1
1320965387
350367622
20829661
158457049
24395017
696480
1371209344
278555212
8787401
-1
243678509
1466622989
504159053
-1
-1
317887526
-1
16037995
51801795
113567461
-1
-1
662760669
831820882
19877023
-1
1030382229
69187975
-1
612410634
549352753
453939470
-1
-1
1159435887
925670281
95619836
46281167
-1
1077683923
73465049
437117306
108269218
314951954
1045012731
-1
2461672
106962788
332428922
-1
495210110
83013202
367374538
14804215
29351900
107179437
338344949
447007677
511659568
-1
661975669
-1
1398901981
934285703
174255659
119078048
177138658
387799639
-1
-1
263377509
605696921
1130794029
-1
-1
1504244851
-1
-1
-1
-1
752431505
1585310686
770612989
-1
-1
362586543
2399219
277568807
792012275
117506831
-1
-1
353118553
758863164
-1
1347994403
-1
-1
-1
319192694
719836449
598819147
256220509
-1
-1
-1
40637486
-1
307666397
328897363
-1
-1
458686183
738043966
469119113
216418420
1669625934
-1
15927599
623512615
1022723922
259361265
-1
547853789
152188349
1774663076
-1
176727959
-1
-1
595641203
211891660
513787795
-1
-1
-1
-1
-1
1309050929
288967165
-1
948943497
804306669
1572607644
1527360221
-1
366360421
556865307
560268423
-1
87463552
-1
548036069
104511733
-1
-1
-1
357728248
90294798
-1
983606191
1752271988
1941963836
329735860
739985845
357912976
1214266312
-1
1262837029
-1
-1
-1
-1
761850977
196700747
247613382
293611318
-1
198280032
-1
712565023
-1
1314852356
-1
656202266
663185914
-1
521530911
80992794
1018075801
973189342
-1
47527945
-1
374652367
71723506
339695425
92359829
295331318
-1
156370096
-1
463144924
-1
1089466383
1578819327
214030922
-1
-1
-1
-1
695900409
38944093
490935046
241009127
67259820
1379628857
548402028
1337722357
-1
-1
91678582
-1
-1
70128514
390187926
-1
-1
160150174
62647978
44746406
-1
459173720
-1
1160824015
273989931
110574829
1103491839
224271452
201876190
269923847
-1
-1
-1
-1
233592352
451660882
788350205
577035553
23362799
-1
70283033
-1
647601297
236167207
846653527
-1
-1
227405493
95646424
457431681
49885695
1940439
-1
-1
-1
1280947663
19147261
356621351
180409777
-1
-1
21355993
-1
398449249
-1
-1
144930281
1326555059
1339818608
9315462
-1
-1
747794674
-1
244672588
655737399
1089599864
96541542
-1
-1
15480047
-1
-1
-1
-1
-1
332401983
-1
1271437002
396131477
-1
8289893
949116553
-1
203167681
-1
-1
110544830
-1
1057717984
-1
-1
428987857
-1
120250870
1088403879
-1
132330661
519952341
-1
138941335
-1
1044972997
-1
288301891
-1
1616595884
-1
13162103
-1
428016070
-1
446783821
-1
997963349
-1
-1
413018858
1088235228
648615220
-1
244417923
-1
125953585
532393016
-1
320002613
1672259801
-1
178003913
240356139
-1
287551510
-1
-1
29827871
-1
-1
-1
1896567471
-1
-1
-1
-1
201928523
25106798
851937029
-1
-1
87003731
929221985
-1
-1
78091270
-1
183199265
-1
-1
426447373
453448737
461619700
-1
256480457
761275007
244272827
87573205
1681282250
264769973
-1
57436091
180017708
-1
32523723
115073479
-1
18493677
652024556
-1
-1
-1
1403821843
1077783807
-1
191763898
-1
859011692
245078270
-1
-1
-1
223917636
37678337
217916561
-1
-1
-1
29035033
1179636113
156688869
1082546935
993203520
2241718
-1
1653560278
-1
-1
-1
1143786075
237128034
463313873
1528787959
-1
110530954
-1
181316609
-1
450076461
172393619
130689065
386971728
64358081
286220557
965883958
-1
78118003
-1
-1
272525477
-1
1156845809
-1
-1
-1
-1
139733857
1458804922
-1
152845371
-1
505640533
1292138343
631226182
-1
-1
53646064
-1
-1
-1
-1
275087863
-1
-1
-1
25082744
535741982
270355040
1125869192
-1
-1
1532754729
229661537
-1
39274722
-1
1143599255
-1
127537667
-1
1239764263
-1
475333558
2548702
416298133
1133143874
1039244583
-1
-1
266586709
-1
248732620
-1
152078599
-1
143011152
880841858
345757203
128626669
236066749
621805132
-1
-1
-1
-1
165569055
443448796
882446145
-1
-1
124171
-1
552013362
-1
578475407
71297263
572208826
-1
50845962
928158400
-1
1412989097
311613234
10866477
115063791
-1
703613936
38347739
1925101751
1435611933
-1
1180919737
274838489
-1
1087977806
-1
364292749
1147763923
473758788
292245689
78901481
82227964
26883810
-1
104628301
-1
689383597
862830723
64476103
354694871
-1
44193324
1099945019
1102656599
83291437
419626238
477111828
267518353
332917435
-1
-1
-1
-1
401007061
28433231
7587603
459011554
-1
-1
1237383725
661592036
1764136583
-1
-1
175717509
-1
609920928
15432797
747600833
160246663
6715955
565904754
-1
527161014
-1
745151887
34797194
412177736
624769109
126165869
-1
112365550
99356858
464185428
97722927
-1
561017609
-1
1760999354
-1
210901101
23703159
-1
1261171910
76081623
130955269
-1
114675033
-1
1079499033
104556085
61317749
1020973357
-1
812463190
929972393
-1
528351555
-1
-1
327781939
-1
92635024
282473745
696218401
74288848
-1
4407323
969125733
62544603
59234895
-1
864409705
576665315
-1
505506551
725017718
-1
972095332
240140937
-1
262405601
-1
176217427
181962669
150407509
89506056
56003726
724840933
-1
-1
-1
-1
26652737
294579489
-1
1670567963
12417385
88367141
237825193
-1
546046727
26914059
272211522
-1
-1
-1
-1
279560476
517827355
-1
247241695
-1
414819643
426637041
956084816
-1
371800921
152927890
646389206
-1
461883052
-1
93502897
-1
-1
195440983
1265713124
471468567
-1
157868311
-1
-1
659316586
458329359
617631497
333501018
-1
115166508
-1
1169655803
-1
66117731
775910201
-1
-1
1055943367
-1
120157989
619261941
17993295
-1
-1
-1
-1
-1
85667099
674661165
314298774
-1
189986625
983348413
386608811
-1
-1
-1
524392136
1166012918
-1
831310170
929077147
57449978
-1
-1
-1
147117013
449009351
-1
-1
317949596
-1
-1
39287011
39191780
1543533
-1
-1
357455707
-1
-1
1733287142
296637222
-1
-1
-1
-1
-1
1747735597
863682748
218359677
90544898
-1
-1
260875057
1675785284
1239005885
1210462676
510619007
234865439
-1
-1
-1
97137349
321052013
142826701
835060307
-1
-1
1546595
68936455
26129921
488573761
127169925
1599072121
637221361
-1
-1
-1
104625645
-1
-1
-1
147001779
-1
1016701502
-1
1465188782
543159889
1308810719
1325646417
1342268635
514670061
-1
1189939064
-1
4439533
95803403
390650049
810926887
1156285754
512043787
445971245
-1
99651036
-1
156108203
-1
497791492
-1
-1
326008287
-1
629425259
-1
-1
925352691
1130390480
770844203
150438877
632440053
-1
851874701
-1
166367851
-1
-1
104233893
377560284
-1
164072061
281567003
1234230623
336804038
-1
305678253
23220682
102197680
-1
-1
-1
105517861
1114135653
246922943
-1
244535023
-1
520043443
142948537
-1
148109179
-1
-1
78792132
290062997
-1
212633165
22839919
140080915
1517382517
323208001
230684605
-1
-1
465831551
30358039
411303593
416750919
225489633
1783711975
-1
417768629
247512632
-1
-1
31148647
-1
-1
25784039
-1
315887347
652373807
874747711
-1
563892356
-1
-1
1123826258
480213141
381749833
21079714
9530673
245669355
682498701
127017663
-1
243907021
350434298
1079764421
-1
247073324
-1
490058767
-1
63732464
-1
-1
1047745530
10315822
-1
566834889
-1
272634
1146749845
215472489
-1
132533692
419840575
817260576
-1
30614281
809531753
69604254
-1
477071611
96703071
333572451
-1
-1
1123295548
1159000039
266521799
-1
386205272
1291079759
-1
225448451
364542302
-1
40569977
-1
-1
170409664
-1
-1
290687779
-1
1190520981
-1
-1
-1
15784699
-1
-1
373439066
-1
31472205
966470047
81310816
-1
-1
1361707059
-1
-1
-1
-1
604274364
-1
259024407
272266843
27991375
36487947
-1
-1
-1
-1
42617147
-1
-1
-1
-1
450770383
-1
-1
-1
-1
-1
-1
-1
-1
-1
522940793
244961316
169745656
147146894
1803789446
155374291
-1
-1
-1
-1
-1
599742223
71571306
-1
64357021
17482006
811454065
-1
1308033114
1452443726
-1
-1
-1
335187737
85417209
603830205
211855071
-1
263636548
15086245
605728600
822464512
3314752
-1
-1
324805176
-1
333461423
580681881
14003365
-1
184623129
114920706
102677271
291850180
14173768
-1
63456433
33081360
274602083
-1
303390249
280030334
389435864
-1
121097029
-1
-1
78197319
108101211
-1
1838073805
344111499
-1
149530954
129526610
103326715
-1
1184211224
860969077
258367715
81973541
478396009
27762968
246031990
42138331
143070441
461491303
-1
-1
-1
119411321
-1
363935019
-1
-1
659759110
201013
12916614
-1
1824371039
-1
536865678
171702641
-1
417348255
592173650
701021171
736314681
-1
371199605
139258297
318636286
1019987567
895349732
-1
-1
1224662092
-1
1126263377
-1
673663051
493137936
-1
113739900
-1
62024015
-1
-1
-1
10940473
-1
-1
-1
-1
-1
-1
39384889
1012605202
1070519810
51789822
1298715735
20902742
-1
468480419
-1
-1
724377677
1074690594
-1
23638801
853013329
269854609
204612597
-1
1215188225
713432263
73372937
1547609151
241095226
-1
140863269
3320423
-1
23105687
558600551
425501959
-1
957150943
435365843
603536071
487438725
198102863
-1
100704669
662238347
118179931
-1
-1
271526726
1131823606
1541139445
1402259017
10055543
-1
-1
-1
-1
-1
-1
-1
-1
-1
-1
1323194443
24008671
766521711
690604857
1092020767
-1
-1
-1
127331917
-1
129011689
602336752
239455065
337216127
327463966
41139261
-1
-1
-1
399300478
78988783
249085188
-1
-1
46230833
322687301
-1
-1
13336309
214824461
1921005771
1881937762
-1
-1
-1
-1
-1
785443513
425268313
219030852
37656812
15928541
1221695049
-1
389092912
-1
814222736
1335206
-1
-1
21243542
5327401
-1
-1
138709453
129747555
-1
505028477
486639275
712667981
-1
-1
201456742
563021762
802618289
-1
105108151
-1
-1
403887439
-1
1153554935
-1
482449148
41947057
910261841
38096969
185709860
5855525
74528833
-1
-1
2235883
108265009
1359586417
32941528
440813700
717640160
962310926
57099518
-1
54580447
6582276
253553624
382846483
145722105
140332427
542005699
-1
-1
-1
491572380
495214783
-1
502740743
-1
1764584318
-1
351092631
132557417
6131652
35203722
-1
58702241
364541902
-1
212820891
345266561
-1
-1
84665347
-1
-1
-1
-1
15316601
44748235
-1
905318917
-1
-1
584423920
608533447
-1
292981440
-1
-1
-1
26522965
183015991
-1
-1
65176637
-1
-1
1017320572
15838793
408838121
-1
-1
-1
151495604
896402541
-1
492163787
282389851
1484403387
-1
423021755
-1
-1
1415338445
240520055
1558802533
1344493869
1220943263
31168860
457767748
243796289
347873489
-1
-1
1090001869
596355125
966275827
-1
146739125
-1
-1
155933313
113673749
-1
153406367
-1
-1
241756029
-1
-1
-1
640286238
383599283
-1
1300649
396722812
-1
1002219851
40824559
-1
717208673
-1
-1
-1
674064480
110676586
28745982
545722301
181588395
284557709
967583395
45489422
1123644965
986932313
1081154445
1195751536
1101295826
581840513
545094448
-1
-1
-1
643948825
284837636
114805019
71316861
-1
212039419
15837130
-1
-1
1267069779
-1
475717039
528028306
233920491
-1
1039697641
-1
1423867663
825956045
634176227
679600507
1018891166
1449536
188020776
-1
1037498371
285210329
627012753
-1
13838314
283588708
-1
199124249
-1
740412832
73035319
-1
764068685
735951987
-1
79576312
594162146
-1
337182304
454679941
-1
-1
1645126652
577419780
-1
-1
486284679
580101715
-1
-1
230851029
905992766
-1
101479013
1386613220
-1
625552673
690835700
160015243
-1
-1
-1
-1
-1
164438581
47208809
-1
1267412113
212278638
-1
133621925
916914237
344383153
-1
27743455
866373246
-1
520077788
39408945
30577853
773312839
-1
1132972681
142985402
347382691
1274161075
937726921
-1
1023486967
812887161
-1
-1
-1
840589623
1887352193
-1
-1
1286983913
673015999
-1
-1
-1
-1
328395343
-1
1174610465
661876616
571204417
1585459985
1334606487
386066426
-1
614066357
769677003
523703157
615944987
586342759
375240121
-1
1169238398
-1
1246373696
484411189
91906009
-1
-1
-1
-1
687730077
96133077
-1
-1
391730690
-1
-1
229280540
578001601
220774783
-1
695490541
-1
-1
-1
-1
294843146
-1
485973151
-1
1702828254
244905733
20877053
-1
-1
120917107
-1
137559714
-1
217842923
1069502861
-1
-1
-1
1183329240
728100567
427321779
19519087
252362783
-1
-1
-1
1079332934
-1
-1
-1
-1
263784756
1421256685
1178219622
545932702
1417545656
1014549829
602566185
158155883
-1
2570231
584004891
704781035
42342172
71868903
115026569
175290096
651922965
1069973
2770858
-1
-1
-1
-1
447862539
299864180
31038721
44366543
143166540
1408813805
925154575
-1
266338811
330539833
234783007
-1
-1
29378583
39099177
-1
-1
269502125
1276005473
85039993
637593376
409509166
349598493
1262063992
-1
273507557
-1
100868061
271291205
443556862
54590351
-1
620025068
191881667
-1
24889883
-1
79618833
356468791
-1
-1
1554178821
-1
1523569963
404056593
-1
555800414
299814584
-1
459157021
-1
103863311
1179465301
-1
-1
208940922
-1
75806276
335506252
-1
-1
1370942740
847172724
441063477
386110803
354067503
-1
-1
280788425
-1
102877143
-1
212220662
-1
-1
533995643
-1
-1
-1
1269305809
45323201
924177103
1305231098
-1
448408943
-1
215759540
-1
-1
125455127
-1
88911468
32630326
34352795
444626395
911492771
708853403
1100089805
1459760944
-1
-1
426123239
-1
400156649
-1
-1
-1
120071775
32961833
149359959
-1
-1
162684314
18570792
437810267
192901327
754293771
236652096
-1
73193496
17136153
24815284
276661835
861780521
-1
177876881
319227405
1109709622
-1
-1
-1
-1
118999026
1269894223
1844264127
51649402
111308889
203746978
-1
-1
1220153739
-1
11693129
-1
1046950323
354512802
1198715295
198564829
61992025
347111823
579621085
1598802208
-1
-1
-1
-1
-1
-1
-1
884829316
-1
-1
8320157
642439737
209559697
-1
71877902
371130619
934564275
271271900
607448749
-1
-1
323694245
197503506
-1
93777539
1084315351
-1
576320789
218307736
600895407
1300421250
190069101
796051005
-1
1771143207
19411190
14215793
-1
672044023
801083193
733743139
-1
687763080
412842020
82395095
934468149
-1
1875663559
204197633
-1
898637457
2815634
-1
311098512
7941209
-1
-1
125324564
-1
-1
869535651
-1
75994451
38993789
-1
45253192
-1
435207407
-1
-1
666848453
1305977487
163510627
-1
141345094
-1
-1
-1
-1
-1
90725318
250647941
1552404391
-1
68994178
139244203
-1
1070568001
-1
267280385
-1
1061372911
188128275
671678166
529782705
-1
1643581335
-1
13584088
-1
-1
82442938
-1
-1
-1
-1
137678418
-1
-1
-1
1223259979
-1
-1
620460437
74025108
1285415017
-1
315897301
943224101
299653411
-1
442129396
117365676
161250112
256990769
-1
-1
-1
141402391
386645989
-1
1026850453
-1
18327797
57865467
501970436
-1
96734623
117938299
-1
16052682
461747041
471794941
-1
1408376942
252045839
-1
-1
134294847
-1
343303197
185490377
514551460
27257512
403127674
877984287
1438381733
-1
-1
654466232
533567688
-1
532751818
-1
-1
137007805
-1
-1
243044002
-1
-1
594481759
329382025
63359935
-1
-1
579680228
611142087
1116114628
-1
9224498
1914650908
-1
939785642
-1
1457289532
172654037
9639503
69147311
-1
-1
-1
-1
-1
-1
441802313
187626613
665127339
-1
383563928
917486853
333290973
1671535675
-1
-1
-1
-1
-1
1414752389
-1
127445526
16059217
-1
618767287
449384395
-1
196286518
781716625
1701149379
-1
11005856
203830
954841498
557365820
1450049059
-1
-1
-1
118439840
-1
18447388
118368103
-1
841836079
667269377
-1
179356013
-1
188537007
806182767
800815233
58317663
-1
-1
452040546
1008284683
44600319
212238367
652081666
-1
900213053
147559640
-1
623748059
-1
-1
-1
-1
-1
-1
343051157
74248029
-1
1217581869
52501103
-1
-1
202760609
2680890
179554697
302486545
257245424
-1
-1
1051973300
106783999
81441781
-1
456581209
-1
-1
344708368
914860703
-1
-1
1173761548
-1
433294387
969750836
435185499
-1
890179621
-1
-1
622117329
923295867
75778613
507638840
-1
-1
328227037
14308215
-1
477077807
-1
-1
719304704
-1
292299979
697049050
8680861
-1
182112003
1162664071
-1
1365857197
73505315
690236923
148349179
-1
46857605
-1
-1
-1
1026807220
-1
-1
624538
800470375
-1
-1
278376807
1212322583
-1
-1
25284152
1098878247
-1
1515651110
-1
-1
285447805
-1
-1
12874234
1370786538
-1
-1
216125861
-1
64627163
22610005
-1
133713188
-1
450157929
-1
-1
1302993821
-1
594162452
113030893
701873653
1011446023
13578784
289704694
1436928578
960822788
-1
1018623919
158219908
766421597
-1
478265439
-1
-1
-1
102502082
136497220
560378681
138155785
250159721
-1
7048469
-1
130718268
-1
1385466982
-1
477954475
-1
1101932816
-1
-1
-1
64957381
-1
-1
1198535386
379095178
112407939
-1
950257644
1152241338
724902154
-1
-1
584693042
1227894903
1096047087
88515351
93016853
1087089293
406532803
1495985798
-1
410159396
27833329
376042892
88678676
1749687895
-1
-1
263595320
1071515005
465643249
-1
236045019
-1
-1
339213002
1574385972
319975417
141194775
-1
36076396
1775843045
477671097
683777095
100155957
218418340
69868616
31169257
202493524
-1
21390850
-1
-1
1327159126
268795881
-1
-1
580705104
495842651
-1
-1
1122784863
516324965
289903039
629493553
-1
925599175
1565270493
-1
-1
-1
79629879
-1
-1
414236248
853289225
1167799145
-1
-1
-1
110502799
261684120
195810503
1063835686
-1
-1
-1
9310995
-1
110140623
222583839
37137790
4621484
-1
1195947930
1217404847
170132507
24930317
1029479168
-1
1576467967
-1
163515727
-1
1018495688
1147072826
4268033
-1
916472861
45084098
33876583
709549013
-1
218440831
681723481
-1
-1
573331561
-1
132389399
-1
218062423
-1
155348754
143750868
8897676
1048575759
-1
772480935
-1
95603350
-1
1079987865
-1
-1
1555223696
694813908
-1
787186851
-1
-1
-1
-1
297886302
355765309
202341107
-1
123998790
131672482
1189002173
168791754
85155065
-1
-1
-1
1356417
-1
-1
-1
-1
-1
-1
-1
2510465
1770599548
775571038
677736613
417088768
-1
391936760
-1
201599899
331419307
550680451
196295522
56129126
667222027
907332518
667749246
-1
-1
-1
377967694
-1
557340820
302787448
-1
707577263
-1
165427992
-1
358168113
742783752
224735289
27241727
771764646
973363324
-1
799193300
-1
-1
171699339
-1
234930004
-1
-1
-1
-1
65424679
-1
29229903
-1
-1
256999448
83298832
595598755
405787315
199236435
386983321
1191930518
-1
643480145
70661059
-1
318627603
-1
-1
172946195
14308069
123868508
365594620
719752261
22408394
214627252
-1
1150709572
-1
152278391
-1
81540755
438277752
393957167
812586292
610372469
1297308251
-1
-1
304075493
15281669
-1
-1
410692317
-1
1275418378
12488881
382904077
-1
1011128213
179987635
-1
1003263908
379390988
172238272
203651048
1236289497
-1
-1
-1
-1
4274424
79770473
624337075
-1
838867015
1325306773
679294113
147866548
606383793
241354447
12360694
-1
568547083
1091774705
-1
1169128089
401306461
469885547
384091418
710757539
-1
-1
813264417
45357749
-1
31537654
100160671
635310179
134680027
946298029
83037686
864383973
236852646
260110747
2919964
572829157
1146713071
-1
1377756661
-1
1027770421
61461347
-1
614871824
-1
820496561
702191083
748283932
767433566
-1
183159447
-1
590282157
-1
170175547
4096538
110195330
85692643
477519704
-1
317047161
477821143
-1
-1
-1
808271549
-1
531396461
-1
1013472431
664291947
44719632
-1
56772197
975356009
-1
719179203
553189221
-1
288662739
8447710
-1
150995887
132973311
-1
-1
-1
158815
1365855866
-1
-1
36621777
44378931
-1
280521301
-1
-1
257342031
104440681
40778389
-1
1123839535
486268121
-1
-1
1588215701
759315194
-1
-1
-1
-1
907908489
274447831
-1
-1
1487462932
91901733
-1
-1
86646514
-1
-1
-1
111263231
251387987
61125535
370325626
288210854
92437523
-1
-1
-1
341953269
1398155068
10119553
1522844960
776000783
-1
684854472
1128766531
-1
611119042
238593285
105586966
192535172
-1
-1
-1
665354303
-1
1107220478
25767153
6574787
626871949
-1
-1
-1
54461093
96521783
249075286
95325843
-1
770097061
-1
-1
-1
-1
-1
-1
930795641
-1
-1
482664633
116132034
189102859
-1
-1
132749843
112641391
-1
623386743
686358277
290726685
500629055
454312699
738866523
1315174759
-1
779174536
-1
717692187
-1
476761415
127292626
1106087029
677004122
1173993535
-1
11082107
1456282601
216053947
447303095
739875154
919547825
-1
150746137
-1
610379042
-1
-1
-1
433828965
518146597
112029893
17548326
949433175
-1
1341696434
-1
30464067
-1
-1
1288249805
-1
830085698
363457519
-1
1346455568
240633342
100274975
395761306
1582986644
414262235
-1
-1
-1
804133829
576479115
-1
1568195524
-1
352649733
-1
-1
4144599
-1
348612162
-1
-1
-1
-1
412674376
388803097
492041077
-1
1073627240
1298641405
1630930277
207059783
-1
509648583
-1
-1
-1
116558392
-1
10705447
330435474
-1
126655955
625433381
-1
329956439
287910241
-1
30634090
1743315696
330471648
1240654018
-1
-1
-1
-1
-1
568298993
-1
-1
135467255
263153829
51406713
36345947
61377127
807829588
-1
-1
296894763
-1
-1
559118077
66613617
-1
825431317
-1
154854884
89051696
1548851416
128422387
128911208
746578114
-1
124961281
460300115
77672459
855038326
441922906
1382996773
647203310
1466922064
3559210
-1
363440778
-1
571274073
-1
-1
-1
1422465914
-1
-1
346650983
-1
560217019
-1
-1
-1
-1
-1
344755793
-1
912489349
16827793
-1
61880620
1156776539
1527629833
509752104
730316732
6676927
324944557
-1
168541717
-1
1161160177
647877737
-1
-1
1008566220
31721619
-1
591931213
5668975
-1
218355496
-1
-1
412324319
-1
159248898
534795451
773841459
-1
611707734
-1
412664090
-1
1235099011
141141123
125468027
897712575
-1
-1
-1
-1
-1
-1
893742010
430415563
48999367
-1
-1
-1
134739351
363068987
619058273
592501089
122906126
-1
-1
-1
976532282
-1
-1
-1
-1
277539665
1212641019
-1
-1
563590735
630069192
521160648
-1
413966799
214991358
667143539
-1
-1
-1
-1
227824657
326168389
377501905
-1
-1
-1
3153188
-1
615813127
85807471
-1
458661437
-1
148686961
381300539
599644909
969666418
-1
-1
914099090
1148050207
-1
21436383
-1
-1
-1
-1
-1
-1
179343713
15500147
-1
1595176381
-1
-1
650020081
527512379
347692264
65157620
-1
-1
193417187
-1
-1
449344572
643271779
1370748832
128144516
-1
111345757
-1
-1
12613416
-1
685488395
335770130
-1
648421133
195091187
55363907
706500166
70676888
1112047764
120910169
-1
130035104
-1
-1
1425290281
284595095
-1
510955717
31646992
825921419
823916543
886773466
522979977
-1
200400907
1343515303
529072159
-1
-1
950996993
-1
234274705
-1
115250041
851253757
952716147
523426251
-1
102491370
40646464
568412894
494034787
-1
-1
4562332
194138187
615226081
-1
-1
664931599
41740552
-1
1087196061
506113901
938382467
145590637
-1
808292933
278296106
1332860603
290206662
68063103
131742187
-1
-1
996279616
-1
211933487
144250685
133146182
163567248
84073224
569839006
84941361
-1
295563262
-1
463776638
-1
1486053441
-1
-1
485595815
1378341148
-1
-1
-1
-1
-1
901703141
594388948
-1
-1
755705273
174445558
-1
-1
-1
110731466
291254235
252466123
1186150747
554093581
-1
-1
-1
652769359
41401096
994851330
772065411
16563
1247406979
-1
38650691
1722771677
217423001
467552499
417400312
323098294
59933647
-1
-1
709307039
-1
22203964
518497421
866408514
57171657
-1
-1
228965904
461344743
-1
163733230
877011097
26368159
-1
345092531
651472798
204529024
-1
-1
768144541
1406069558
-1
302588154
640612950
97261826
1348095934
453062465
-1
-1
1160326777
1271809307
90561459
-1
-1
-1
-1
-1
-1
-1
410995029
451905059
126620717
421972675
417091039
494532275
759071215
1460094989
351749885
556314205
298196469
-1
-1
-1
65710769
1421324197
-1
-1
-1
125970793
-1
267834227
911445572
-1
151905983
277850156
72094858
209532941
-1
100705608
-1
86956304
-1
577720809
107604342
504293799
1118808283
168326520
1916090338
-1
342225960
1280737697
170202950
1091711791
120794989
-1
112644237
79449892
732920091
-1
-1
-1
15365127
-1
-1
-1
359939684
-1
567307285
1531317427
55534508
-1
306832216
155829965
193058347
308526788
49049908
702618359
1481748755
-1
531955499
582889310
-1
13755509
3165541
216084917
873233370
202195663
19873933
138726361
-1
1702216811
1317818399
249419796
250039924
424117261
131453969
-1
466323965
-1
-1
-1
299217866
-1
-1
216818318
1058612046
661577828
270778624
781731408
-1
-1
285476915
-1
-1
-1
-1
235200507
1306379383
-1
-1
823938613
533952023
-1
673364583
623948767
1118626081
1229061955
-1
-1
-1
-1
18755997
-1
214014636
-1
-1
82796105
-1
41770447
-1
213137124
532787143
601326577
25749419
-1
1142579661
15441821
1131820172
-1
-1
-1
168434987
-1
591426457
-1
-1
1007816561
410227053
-1
147063071
-1
214023391
-1
266190704
832588517
48494659
295015267
901470895
350729289
367136965
-1
106135145
-1
129904507
-1
217166417
-1
305819733
-1
352539977
-1
-1
886732223
204573020
582840557
802974457
592739236
-1
548813585
141866463
253883948
-1
-1
528302597
-1
-1
-1
79080018
335853649
-1
153670497
117888818
437627309
822823433
1093862093
21363887
-1
-1
236254897
-1
582919588
988505887
-1
-1
-1
-1
-1
-1
-1
-1
-1
-1
-1
1127168390
-1
152177978
280025824
649319235
1831424406
1082878199
467371099
-1
-1
231284333
-1
425875170
301734050
1382756264
44119097
-1
59201390
-1
681983620
-1
-1
-1
-1
86201727
234475519
377891783
685398756
-1
1474515383
1489923410
-1
1831231351
726191173
60287605
45205886
-1
-1
-1
-1
386147851
-1
344993376
-1
-1
-1
-1
-1
503937349
-1
-1
513880484
-1
-1
258169894
403960513
96838809
-1
1533056431
-1
324864942
31148983
1194507273
-1
-1
116410846
-1
79763855
563677396
871083167
1104167215
1586438255
614254052
-1
-1
-1
-1
281039166
78089713
-1
1146857446
770347257
629336347
320434125
503848246
792981479
-1
1004857165
-1
-1
923791820
595963785
-1
999284671
-1
-1
102275772
-1
414658995
449266341
553223679
255857881
383771677
299134769
468543870
-1
-1
396010495
686633798
434188323
-1
248337098
798966472
-1
542065632
-1
403042081
1780032507
116450749
342978738
-1
-1
-1
-1
142436931
-1
444393158
31938369
435615220
44919734
1442296169
-1
-1
250258621
-1
-1
812072726
300253255
-1
1583603771
39214229
962926703
499528626
292713701
965136413
505507329
134370681
1893349642
-1
-1
667065344
-1
-1
1095185886
-1
4034410
920731422
240564641
181101803
-1
426086899
-1
-1
1546915848
1595137273
39277538
903125311
-1
19200725
-1
-1
633797813
-1
-1
215460645
889859578
-1
-1
-1
-1
3186498
368391692
1441799195
-1
-1
606916118
87169815
-1
806877068
165652725
-1
-1
-1
904143206
360746009
614176490
94614943
873282221
-1
-1
-1
-1
7926934
322997272
1290808323
-1
804068684
-1
-1
669262583
616238828
1017060725
1141018699
532384737
-1
253758802
343262746
-1
-1
-1
1063491061
704451241
54269029
561434764
80799154
242840541
-1
12868338
-1
337381796
95891855
454759880
606498653
157619569
-1
-1
-1
420171928
-1
1220677765
-1
64680433
-1
8017363
1010470457
468821273
1112360962
287028983
104066747
110675853
685296307
19254400
25611689
-1
190461547
76060131
-1
76935122
798619963
341374859
21015058
90106687
-1
-1
823857868
-1
-1
-1
1612872029
-1
-1
842930791
-1
-1
-1
450819807
-1
59783553
232077709
-1
238952332
-1
-1
132204051
129452350
37557398
-1
663840117
215001856
856863951
242168535
-1
334602008
-1
-1
-1
167010174
-1
-1
-1
-1
-1
-1
187852575
182181118
-1
-1
1130150338
-1
99387547
80833849
155049209
341533175
5231637
-1
-1
400061048
103400122
-1
742337732
400168377
272180969
-1
960867127
-1
-1
177878824
28277025
1580467991
1667138888
-1
306958044
887805274
452705579
-1
-1
118196443
241813123
121748373
-1
1004281799
-1
285673876
-1
1278953227
-1
1138992026
560916175
-1
123796487
914503132
181141508
838005624
-1
198831691
517604
-1
498010031
120620071
-1
-1
-1
496164948
132575207
71307938
121019181
-1
687220068
-1
1414777925
99858829
271694551
-1
-1
-1
444428837
536673133
-1
-1
-1
-1
284758233
-1
-1
-1
1258154579
-1
100668468
-1
-1
-1
-1
653233461
-1
685024530
-1
-1
806798626
-1
-1
2982809
741948134
-1
1082044980
52075648
-1
243034231
751554548
49677367
587053853
-1
-1
788304135
543432796
26281583
617752816
-1
-1
387390629
692730173
-1
1180740536
1437990399
-1
217049487
-1
950800
433609693
13379789
372917257
-1
326094375
670578722
970384227
-1
1012909094
1060379430
-1
847066791
-1
-1
122301211
394317520
779670955
70119448
1500946521
-1
-1
1137501623
56403033
459070466
86419973
-1
-1
-1
-1
326179753
777971537
-1
-1
-1
36739202
-1
12388483
-1
41328181
843615385
729701841
13491303
121392173
-1
1002549
-1
97790322
347981297
1665253251
252149221
623877709
-1
133966670
578513138
-1
102721
-1
-1
431623249
-1
97418098
108223657
1587898601
1082119312
-1
1198040243
186943047
873567938
130167733
1141579028
664698757
-1
407557633
-1
564797468
-1
1005402391
1445191
-1
65398387
1622435949
661235824
-1
226830576
34984757
25904581
16415867
430259881
-1
474256436
-1
1651378545
242044215
860595794
-1
1381835508
-1
449274010
-1
218437609
1827992969
-1
578200347
242937417
886444525
-1
159187633
60148186
-1
182214511
271421779
-1
43280934
767749210
-1
214589709
-1
962962313
-1
19199264
518874423
263741465
261713772
951542469
850029599
-1
-1
398274767
585316067
25819592
-1
947983587
59136115
823750251
430632207
-1
695133634
231499321
220898513
534379455
83619315
-1
-1
577498669
171134596
72695449
984761109
-1
278997413
560164801
-1
-1
753363427
165316747
465549574
1588521241
1724880279
989566225
-1
31103189
-1
-1
-1
216049253
-1
540017573
321763721
974012020
782316162
930846669
256259039
-1
1386446858
1538261696
-1
148130758
-1
218996320
1033693073
-1
566094482
-1
730566532
-1
339987418
-1
-1
712966939
-1
89682959
44221220
52458017
-1
120690364
294503181
573548997
532828214
-1
-1
190874269
513775310
-1
1464686641
339776805
306584997
-1
-1
577108961
-1
327755647
-1
-1
-1
67618406
955496605
249342269
-1
347560088
77595235
918325053
-1
-1
129672972
309161728
279486893
14666221
63409120
-1
484492561
-1
65821238
1215739669
-1
-1
-1
217639301
-1
-1
-1
66981208
-1
1124257379
-1
1586525
495995462
31474504
5367514
334814206
-1
1319575961
-1
683558033
3377085
693196466
-1
-1
1211301658
721314389
302740294
137737360
629874172
131694839
-1
513848653
-1
1233569255
-1
858736261
550963157
53222285
-1
-1
-1
931353237
322589944
-1
171391073
-1
501093552
-1
641937327
135861018
-1
-1
191301939
1306437319
397502934
-1
167314876
-1
741136301
-1
-1
497363353
313321176
-1
583060693
434117831
478356616
-1
-1
-1
-1
-1
857924115
199613718
-1
378187433
1589296547
-1
522910939
654112721
355620502
-1
1146447260
835629030
186177171
371833361
-1
491812768
-1
31439069
2299282
1128798917
-1
-1
1682040521
-1
495715234
-1
305474633
-1
1425060927
1463667161
754549151
1525577461
-1
82662005
-1
-1
-1
351252125
-1
-1
-1
430210211
1144420021
-1
298020083
160061045
313673491
26446104
929452142
-1
-1
-1
878085289
-1
-1
-1
240344693
369283629
480811510
159728111
-1
-1
32786331
-1
207500479
701915239
-1
-1
-1
-1
614024597
1201890861
-1
-1
8267337
-1
408375620
-1
-1
-1
-1
566551355
104050196
631267976
30007379
-1
96916189
861868813
1847564926
368276543
58385951
9406391
595348693
-1
352619885
-1
460876719
687449547
-1
1460327989
378790556
-1
238381181
498610161
285944463
39088552
792690739
-1
1774931531
954303145
-1
331479173
1271370705
-1
-1
-1
67447910
-1
127875205
-1
-1
1373817171
5351135
474281421
-1
277756892
341559962
-1
71007310
848478824
700791862
-1
366454819
884911765
-1
-1
8778840
25618716
-1
832460525
-1
-1
283077409
-1
162137843
-1
-1
283419426
-1
176191719
370452515
-1
-1
-1
-1
100068358
1647133153
-1
-1
389186959
270197219
729205451
796354111
969319533
-1
49816873
478965541
729064963
435141414
-1
43852222
-1
-1
-1
-1
220577230
1049001951
53231703
-1
-1
-1
-1
-1
329042127
176899090
-1
236217773
-1
-1
196625365
9531005
-1
-1
-1
-1
385788103
-1
-1
139528700
-1
-1
743231396
114477465
301173768
-1
-1
74628552
-1
-1
383020957
29246939
1177433692
502175785
-1
302386204
1434194353
166773533
-1
-1
458498396
-1
512077079
649248602
3483071
-1
-1
-1
-1
271140499
-1
33005273
-1
79627943
-1
-1
-1
81871666
159316455
178042577
-1
-1
-1
1125072029
796103591
16156622
-1
338064452
1592737
241514979
917231269
-1
74278297
-1
-1
1920622913
520735513
-1
214899865
-1
-1
199953347
578711302
-1
132419963
367461454
-1
213007580
90344544
81798319
671281664
362951112
1287548940
1432093703
-1
731937613
-1
-1
-1
167158723
-1
-1
-1
-1
92148671
552572331
33351029
535431160
1802794298
565745702
910784083
749054374
-1
-1
-1
-1
-1
160661936
454564191
539764719
1650765865
102523453
-1
173917600
38459492
-1
-1
-1
-1
-1
847036980
-1
70058424
-1
32001944
-1
160681239
1197228
727260845
689704862
44268004
191279410
186927757
-1
41144602
-1
1157893793
-1
-1
-1
1579925287
-1
288169807
757853683
5318873
1007938853
72372729
-1
21923968
612640355
631995196
-1
-1
1063922869
144502388
-1
161989528
1127361581
385514243
192582697
-1
9414817
365739448
-1
895189541
-1
-1
-1
-1
383322283
354771527
-1
226339015
520512256
-1
-1
209053530
632356296
901474889
190633007
-1
714527619
263232209
-1
26791608
25739873
1291863226
212869420
237041127
-1
-1
130237131
-1
893501371
-1
75854767
-1
1477356022
584855629
-1
-1
526075306
-1
11171175
70557812
-1
252348977
658723955
771335055
768745178
568630306
239337891
-1
-1
164127773
720291423
-1
-1
20062981
580517307
-1
343820811
198369085
149400377
792251767
-1
-1
472251527
-1
-1
-1
440189093
-1
-1
-1
186073296
1052701961
-1
-1
24413055
383767457
316941241
473491585
-1
-1
675315314
-1
-1
72457221
-1
-1
-1
1100147065
1289619357
1178227451
906105941
373325758
59804461
-1
336674045
129368017
330103613
-1
520956883
91695774
-1
-1
483329975
-1
-1
194596961
463158450
1118833381
73366420
-1
360501979
-1
712104013
679896322
-1
863401165
104174449
420181562
138567575
-1
329418341
453704668
554166868
909919247
1873756016
603705809
-1
832667824
-1
-1
113038774
-1
35083360
-1
109120106
191058841
865025089
175473373
1275663277
299644349
389250352
637362939
997015603
-1
-1
1380737057
-1
36119069
-1
117501883
1130847545
396890307
-1
436999191
-1
294875366
53637947
468293927
221598374
145092098
398889872
-1
620965027
-1
-1
1651173634
900987368
-1
999268581
55749699
-1
-1
391356397
740186721
77723593
483219893
-1
143574974
184551509
791040476
860694627
-1
161240227
-1
815697395
-1
-1
1113720289
-1
1661883439
-1
-1
139618543
63616582
-1
-1
-1
353116003
22316707
29929332
1517343865
-1
-1
-1
27233227
124811695
322692083
570173580
-1
-1
-1
662317675
31772989
10191016
-1
-1
332326991
18721603
703923036
-1
40857913
-1
136762052
108884897
-1
458706088
-1
-1
786399893
524914493
-1
505134937
-1
-1
-1
1597306401
543270115
763809747
396142825
988211677
209152584
-1
446376145
-1
93362261
-1
90374682
1014360584
-1
-1
1614203557
439641897
-1
80877085
363673
258198401
743723537
-1
537394288
65504501
235742641
129322957
303177659
-1
-1
1082722715
1004311765
-1
-1
1213563188
-1
-1
1083432538
-1
349137527
835641037
-1
-1
28608448
146950949
35255439
-1
482836402
-1
-1
149993
-1
688303673
493562349
-1
399024469
95221889
146029825
18063181
19996599
689640135
-1
601544977
612680351
356791825
-1
652190059
-1
-1
706879453
524883388
727933541
1703215100
210266367
210994869
38540809
723201196
-1
514124243
7089945
1790695102
716725447
-1
149162176
-1
1705331843
-1
703417605
-1
416688785
436286495
316542532
-1
1603057835
214937869
71046923
-1
-1
-1
-1
787503436
453520223
1555982429
-1
-1
-1
244798859
164022816
871994071
-1
-1
-1
-1
249884011
-1
217223803
1608405920
1207868333
-1
535089602
-1
-1
485594296
833632239
-1
127965547
1456840904
681837386
591735196
192934992
-1
-1
1064246503
-1
-1
246363096
34243015
-1
-1
1127010047
370810547
-1
70563292
-1
189619291
-1
-1
704562274
15137461
380067670
90760291
1096296185
435756532
807274409
-1
1092516231
-1
-1
689449343
957202091
-1
-1
1554144073
-1
-1
-1
-1
-1
98112053
-1
1020302753
-1
1219678388
92954220
81210017
618498877
-1
1654040164
434300173
-1
913025602
-1
-1
672357822
937522073
814401669
99886666
-1
714107097
614413438
1115063437
-1
354073421
-1
-1
367502035
248538532
660444807
197757082
-1
24243737
-1
1289774962
147709311
1233919134
449925167
-1
-1
398519967
205261987
223096757
734876764
1061244185
-1
-1
191744521
512124808
-1
646350821
-1
39480373
250788476
948744225
208970942
406944174
-1
677398533
381896531
-1
27354237
8445104
13526075
-1
1760125409
576294544
-1
-1
-1
359444893
-1
-1
1052433068
860450024
254371605
890464173
728493649
-1
1030603757
-1
63767227
1029988855
223655536
-1
112050941
-1
304686973
838094293
20365619
50107613
846411074
-1
-1
172274911
484628573
1046969617
184866888
168222597
1250974226
1801214282
-1
-1
405194670
-1
1669343451
-1
690482159
11192514
-1
1201273
1267393280
-1
10732033
578049280
1530241708
509892689
-1
-1
350162282
1167797899
1032674641
46157666
1143232087
-1
-1
1000183925
-1
-1
576444496
117342959
178953441
-1
-1
-1
1145445476
633004187
-1
1004684897
809863632
-1
-1
319785291
-1
53365397
74133180
677392871
1500698898
261015856
509196469
136746959
408159105
-1
325036624
-1
-1
1612213
-1
40767049
1033819279
-1
241792441
1400463838
883199077
881645065
-1
-1
728758601
74150785
-1
-1
768975998
-1
1634247154
310226665
-1
185044961
-1
-1
165068647
497227091
-1
69857347
515162171
-1
-1
201944013
-1
-1
-1
174493042
102779911
-1
1033014709
19439258
159079387
100631059
1039086159
-1
-1
-1
706138967
-1
-1
-1
878459877
517628194
-1
411488315
-1
33715561
149886079
134810995
-1
379394380
-1
1253242801
977911466
32745919
1455409202
30521365
283645576
-1
883950215
42438913
360159847
-1
-1
35782693
405661315
-1
17129527
838334698
419834141
-1
301170204
9060611
166530968
213319783
19587949
132070345
1563253329
762401401
1297515697
-1
-1
-1
-1
-1
824405347
399117431
1588595494
-1
-1
-1
351321450
-1
47820613
785226504
90302264
-1
1435327984
-1
433026616
-1
-1
52112579
-1
40969326
84232273
-1
149166109
1202740985
1632627121
47088956
-1
128032362
122297239
-1
-1
-1
-1
-1
163454122
1179441079
51043221
368149898
-1
396922687
-1
1270919919
1216779081
-1
-1
-1
-1
945622558
268369591
-1
434586593
-1
294123849
495011881
394462412
270894435
28275927
-1
9619931
-1
171437193
-1
1282009107
1240906492
1618782807
902582173
85327081
86872565
-1
-1
105809817
478922867
1506160685
38222389
-1
109942798
610002922
-1
-1
290971389
-1
-1
-1
15770971
623781211
-1
42275562
515077613
875424193
-1
-1
68614676
810059456
776488672
-1
-1
-1
-1
-1
-1
688941574
-1
432317594
302719783
343450102
191296267
-1
-1
-1
432754102
-1
633793383
-1
-1
-1
-1
-1
463851477
841422065
-1
59561405
502066761
607996779
275715851
109547293
-1
20129878
685080147
200478574
1185088090
-1
1239426376
-1
353144553
226635556
-1
67806029
436767351
-1
434836307
-1
-1
1214635749
1462248241
-1
58742121
-1
-1
80149579
378833175
805145195
754458885
171300949
119437181
758413472
-1
280070998
-1
222401702
275938069
-1
-1
126708831
767314793
988970673
385492843
585092628
1085044568
51592781
-1
530115179
-1
1407694487
977575730
-1
626391967
-1
-1
-1
1019960951
362116390
-1
71335263
115281779
761007841
-1
-1
51011032
-1
-1
21852604
16069491
-1
-1
887847427
406877213
168372167
649024897
-1
474608431
830577959
420445691
-1
-1
-1
-1
564656513
163623443
89484101
-1
-1
139677116
850912335
-1
11448458
226395259
-1
-1
-1
391534207
-1
-1
-1
-1
380632813
-1
-1
-1
12263489
896632149
747824087
-1
-1
-1
172439746
226566021
-1
-1
-1
260953592
129194903
-1
1211482627
-1
-1
1067208853
-1
1027185598
-1
277755379
126189199
199609591
20246879
257772057
227655077
352198119
576207275
1117338609
92316443
239067913
610740905
1032717187
11844275
720194475
25516857
1119068901
505265609
-1
-1
20753969
986869226
1041546409
1050774834
465106487
734919287
8849375
756068045
73684541
-1
-1
57322175
713060652
484548360
205704339
-1
76889901
-1
41161288
-1
9009601
-1
802112141
-1
-1
581899751
1126201977
77702096
1142172457
667017717
522295867
1048916276
-1
-1
-1
1493791559
-1
-1
-1
787727876
-1
343752038
75973889
-1
826187352
296463184
-1
-1
-1
-1
1055941093
-1
-1
-1
539587736
393121213
365345120
696761249
-1
102236208
172696183
-1
471911579
518618017
-1
220023107
-1
675183504
550425284
25301131
421696360
-1
387249857
-1
-1
165029563
-1
-1
-1
21932891
222352927
112575107
1049246361
471512975
1000554429
-1
86170439
-1
431567299
203504470
338805953
424461701
196716316
158967101
-1
59833447
-1
-1
1638075215
152787441
669773831
42306517
-1
-1
-1
-1
-1
406195940
633870242
-1
1589778224
1459459303
-1
169986503
160649900
276130154
-1
-1
-1
130535585
752617812
21186258
-1
109157272
-1
326243378
334498761
800538500
114095643
1461396579
615870327
408349303
-1
563791335
239753916
-1
-1
-1
-1
-1
179971553
-1
46920414
518214766
663208022
-1
14598122
-1
-1
-1
221353537
1754971843
792536122
-1
824847468
-1
1719776354
-1
255308423
-1
19426280
924900783
541326329
-1
124361013
-1
-1
-1
-1
207316728
868376791
-1
-1
-1
-1
-1
-1
-1
120363946
818987421
128862873
293992375
1458906104
224834519
196764945
-1
17890985
1253174455
77634561
39122456
-1
-1
1185517121
411041425
1097167573
164386939
1031454367
115133207
278506874
33955639
-1
-1
-1
434166735
1113471821
430775332
-1
-1
50288041
1615948492
178948739
-1
118635757
195190932
-1
424814594
77668384
-1
117596635
572057618
-1
290055445
-1
523782169
242714443
-1
-1
174287321
-1
44200307
172723097
-1
-1
-1
-1
-1
-1
549154903
559485014
72792194
274908824
779742600
-1
-1
70800104
-1
-1
-1
-1
100982592
465460501
-1
362920939
1731745249
-1
822245084
698640257
-1
229379673
-1
604219577
680692297
278531473
232179168
32790951
1063323714
-1
-1
646054879
751659076
-1
-1
111239347
-1
242545685
384844349
-1
172051189
6505486
-1
39322153
-1
318675354
706685689
709968629
878563038
198613471
-1
-1
-1
698756665
67830306
-1
-1
-1
264860831
324757046
179559611
-1
-1
652343553
697101107
764243505
65655145
943271085
-1
-1
-1
80874770
1591644643
135604319
-1
-1
2698941
-1
-1
-1
180768902
268604905
871469867
1208252966
169248474
16084195
-1
1126702847
711988863
1392300931
-1
59975411
211168580
-1
-1
1129475163
800753035
-1
-1
381058323
19572783
270316243
-1
-1
-1
481174919
772934818
935135767
-1
-1
-1
297459760
708226607
67467793
-1
-1
833009644
-1
542518934
-1
-1
389079973
310942282
315326211
1085669825
-1
376777829
101962222
-1
1059966036
1511585118
-1
-1
648226896
394705585
83668879
-1
-1
1051273277
-1
-1
47823444
-1
-1
133141830
-1
-1
549728843
-1
1572301537
-1
-1
477823321
-1
1171362363
95916459
902872095
187332871
-1
885725903
691888514
1169132978
-1
446062847
391372391
77399162
5554944
-1
339777464
422922600
330820409
-1
-1
1110280181
-1
45061659
1374219410
-1
375079467
-1
237787450
-1
58706116
1254461435
-1
736060124
38185512
586267538
-1
-1
51275713
-1
-1
944247534
1806152116
274958461
1056749783
-1
16553109
-1
-1
945312520
601870575
110249885
-1
78592099
686763400
193087228
443007139
861113615
-1
-1
-1
1283337334
-1
1496892853
-1
201279663
-1
48749257
3709971
-1
27106865
95491603
425777004
-1
-1
391270489
209282374
635331604
76633041
921724745
189522275
432508603
-1
689681075
-1
-1
378871930
350639972
207375845
-1
126261787
-1
-1
-1
24435103
-1
-1
136856922
1029366538
898102975
668658423
321365869
-1
-1
291211352
-1
1053085201
-1
-1
-1
-1
649147088
-1
609804511
-1
179217227
870765929
237912249
15302711
-1
-1
-1
510691750
-1
243960153
345548900
108003632
529652787
110242423
678181750
140268146
1421860931
516844433
836407416
-1
330941706
-1
310914699
16653913
-1
-1
183097196
30893414
1731486265
1182980680
991036180
453241879
-1
-1
184283317
40493573
108704657
652377685
-1
-1
961087261
376604951
153423403
-1
648402205
169960393
-1
887331481
473929353
-1
1204213914
-1
153046448
122986011
621915809
-1
-1
-1
-1
1000378833
905657461
-1
481683
239853681
716082763
39810543
186931655
81666026
165373751
-1
1313301554
-1
-1
443015487
1133524015
-1
69005207
48964054
-1
100810056
660399769
213422973
41918263
321284758
17542047
-1
1136669393
153234234
1211682531
-1
-1
-1
-1
-1
909322792
372642011
203267333
256427197
-1
143134957
-1
36980257
-1
-1
-1
-1
-1
740473111
170566673
-1
95427737
1139411794
256941711
-1
127819671
-1
556778869
1178331963
616318757
1317869141
316752920
1357261947
-1
1272157669
-1
509767987
47780248
589318291
-1
-1
645297713
374496963
-1
48050023
-1
474193941
448465801
723750631
-1
848269699
756365989
-1
323261125
416641811
642545481
-1
49316859
156218769
1046184093
-1
-1
75927574
-1
1538854541
-1
866613196
130932025
532739791
910633496
1000772764
163815259
296915876
-1
1551160384
1216548287
-1
524876706
300638086
51680468
43639622
760113739
180635519
-1
1140858883
-1
189946441
921364747
289451092
1836998247
34372930
-1
-1
-1
919415090
100021055
-1
-1
-1
82685277
102826891
205276259
115015765
-1
418680697
803952709
16697675
179675883
217448953
4215800
239099289
968441193
-1
1538850117
76387303
271851001
4930902
578805742
161746470
-1
-1
-1
272312834
-1
241491739
364522091
834402565
-1
368567835
472591738
-1
1053200674
-1
262684380
-1
679752106
1788459265
123433956
183282280
-1
133736942
210910415
-1
37771610
176196787
1415728080
-1
-1
265894931
28007153
132882122
96981420
-1
476109263
611655641
170020031
-1
67251951
524617548
157109028
119022240
700472723
103806423
-1
158989227
1000801736
-1
350123870
37508944
-1
123443887
905145811
-1
-1
376234431
557864381
441380630
14391467
-1
213967379
-1
-1
-1
595587957
772439103
-1
115981401
29516753
420209803
-1
1164129362
-1
1486313597
1078469358
216460501
336218745
561546179
-1
271018643
783055535
656179623
506896204
-1
-1
-1
1214707347
-1
36552253
-1
363149718
-1
1255122827
11122380
1487264607
-1
510425167
116628413
-1
1073820633
239044033
20866003
663795943
-1
-1
-1
-1
1354819471
987652495
462576267
66646871
-1
226963586
314322497
-1
-1
591993003
-1
1279019587
987748723
1403989596
