836279759
977446363
633421643
-1
387126854
184876531
903298862
-1
332805507
-1
-1
515592424
-1
-1
-1
100681287
-1
-1
1315466003
-1
317825641
266124673
-1
641106475
-1
-1
529267123
1227123665
47726782
44028700
551593121
150159139
-1
192914039
-1
-1
-1
-1
-1
555797997
-1
316044830
-1
-1
18387213
18544387
-1
-1
11129287
-1
66358653
-1
-1
6059885
230975048
1628780524
-1
-1
655056564
119454579
43527445
220241597
1408295036
442989003
408790400
-1
-1
31720201
-1
-1
-1
1542875041
-1
-1
691925264
588867229
-1
-1
-1
-1
156391657
206913386
1291248806
-1
6612085
678211700
-1
981670635
-1
1146543968
-1
-1
192149594
-1
-1
120998439
-1
309205294
126335911
113339467
500299371
590031343
124956575
-1
78519065
832678583
1297553971
-1
-1
769606154
395575995
214999538
1535277523
-1
-1
215574049
349257956
265459752
952046
138868150
-1
608688907
10856477
-1
-1
647588927
594138454
57425420
637301705
1570801015
652939723
7412805
393863068
-1
327964993
-1
273309023
1134037517
-1
1073017616
280940463
169797303
354451921
-1
1147064363
697168364
350026199
41773
816590663
-1
-1
751443973
286083463
729285334
45134001
2498103
-1
-1
1788204225
1109224679
751854155
507017141
-1
-1
-1
439930877
530311878
706408546
176135389
997622814
-1
-1
592235701
-1
418999802
622459394
1568713808
-1
-1
1011874682
594363985
1475557324
49283453
616595075
718821825
710087398
-1
-1
1483784753
929699071
1323705469
267041765
-1
759943615
1044546213
-1
4574085
233280463
1394784467
249740825
-1
375244873
-1
-1
876679813
206134034
933490307
25508811
514801669
660824143
332552507
477970901
289689927
-1
-1
-1
-1
198330754
-1
374392513
-1
537043622
736538177
-1
-1
-1
-1
-1
1398622182
-1
-1
687980458
272260408
463242172
85287988
-1
321476465
323777098
-1
-1
-1
28670197
1008437398
-1
-1
1154179817
951318911
-1
-1
-1
540529791
611664975
-1
73688590
1360422691
228275379
-1
84903767
742765558
-1
98987857
-1
254980498
-1
783086604
104017447
1121176819
657176563
1339615425
3985567
-1
-1
41869458
229739248
98680313
-1
314077105
75078109
200843897
145226069
98866463
-1
179542381
448595092
-1
-1
410155893
453038183
247232432
-1
1216636238
1289650359
667533167
243414453
12895759
711854378
30307715
78295235
932994869
521567254
106162877
-1
180950689
178164583
-1
526785458
-1
-1
451304581
1288974535
1380432499
209206800
-1
-1
546083123
233782299
-1
1206733267
720911837
102555295
1000777658
72001577
40911571
229559327
-1
-1
-1
-1
-1
76484106
694876864
615782370
1227771283
-1
-1
780872397
136286834
-1
131734467
200333575
-1
104016514
125624319
902499
756203391
231380665
-1
-1
-1
130544487
-1
1435266341
-1
12719950
1650154362
236166621
-1
-1
-1
1004322888
1365570207
1303984223
79090856
553493047
1174142785
-1
611402274
1106086004
-1
1212479065
-1
-1
-1
-1
-1
195342781
398366654
-1
-1
-1
-1
-1
301635627
47604439
455631781
-1
-1
-1
371581760
-1
314408131
-1
-1
968148139
245970218
932102233
765522991
225867281
-1
140134929
-1
1376111949
-1
-1
-1
37463707
-1
-1
723023364
701176306
-1
-1
479074994
441647646
945605711
108304311
760564420
348547403
-1
1787173160
-1
104939771
1500924344
-1
258150622
6154118
153660714
-1
13804883
350424142
1684744098
-1
1340604343
1775236954
201406826
109993205
-1
-1
475041881
-1
801704831
-1
-1
174950877
-1
181115381
372326463
1231977001
337138675
864666451
368842261
126217433
1264168306
-1
614856248
1075106827
1631506277
-1
693487439
-1
85728602
-1
760025493
642316133
-1
-1
436012836
23272910
66351507
-1
1008759081
790006181
-1
-1
183837989
-1
20392693
1068989860
188142834
-1
158485069
-1
341112341
196765377
-1
52739800
706369843
332321397
496701671
-1
10592039
-1
-1
389195599
129008210
131512028
-1
904687361
1067261523
-1
-1
288134154
-1
486586767
289502510
1742966134
231553954
889035708
860732347
765607939
1211437627
538929827
-1
-1
6271085
-1
198479659
145169113
12602179
1155545709
-1
46395883
490004741
185160980
-1
-1
583305805
1188849586
-1
-1
192537863
1592237871
-1
-1
72126391
-1
1155272638
-1
831479039
1258658747
158180495
111018303
516284530
188637399
-1
1304675291
254887478
794446685
-1
28861495
-1
-1
224401856
393949649
-1
-1
1264774773
22865021
633022021
1320471687
-1
-1
3572792
-1
-1
1657148285
-1
61772152
222099319
-1
531537557
-1
176034587
7010035
-1
1075066091
214436851
-1
189353738
137322343
-1
1370001360
-1
-1
-1
523485173
745266913
-1
-1
59163911
-1
-1
1075424089
568459141
811768573
387378059
652345419
-1
-1
-1
-1
797476329
-1
-1
210354737
-1
248027057
706143742
1665689328
-1
-1
-1
143510267
-1
-1
-1
-1
545903738
76401517
348316388
205815256
580476745
691672244
2049202
220311610
-1
58837214
-1
-1
485724588
-1
975224803
628490683
-1
179454139
176313451
492070023
-1
221300404
1373916791
-1
317616139
-1
-1
148624098
389910311
1105968764
1912882919
1366811723
-1
-1
-1
84131262
845163668
-1
-1
-1
143793709
-1
204256293
382594080
1433713684
1738953257
376883129
92908825
-1
1613470147
367418683
4896953
226397645
10469697
17727227
-1
349261105
-1
-1
171323951
3368827
762139587
198357799
212803042
-1
116879686
324706807
-1
-1
412999588
-1
160927968
1649624917
440807276
-1
-1
56790503
1255523105
-1
57079934
895962659
877112256
739428559
60761723
-1
-1
-1
1689880723
-1
957286691
206254453
-1
-1
204716801
1476878781
-1
538604
524361587
916295999
-1
891606617
833659003
548766803
1588261741
-1
-1
-1
427281022
-1
-1
730030659
-1
103980907
102422722
1149761341
21798567
-1
-1
553066440
-1
-1
-1
706150221
1097376685
63061586
139504645
27759456
753688525
-1
313138469
283283585
368218015
-1
41121741
-1
788447179
361755112
41947202
-1
-1
-1
-1
-1
-1
566927561
56527753
1601192359
118568756
342880430
-1
301445719
78436851
-1
-1
385757241
605784195
19154305
1066795271
-1
104912775
84945077
228304859
-1
200691263
-1
-1
575794198
1649666969
-1
1403953844
212543975
517036567
1193806833
1216033658
122656893
-1
-1
90700572
143021651
-1
-1
-1
-1
276827697
-1
320806469
-1
562114784
-1
117798641
-1
852054236
-1
1746958201
-1
1480438085
515032652
94679376
111666497
-1
-1
372718361
-1
-1
-1
-1
701672561
41873681
-1
-1
716752024
-1
657090821
1105525565
124497448
82032402
206993501
246953570
-1
452704201
-1
269773795
30516616
1452758653
-1
-1
77170841
73963541
-1
-1
-1
1184349007
136325153
-1
102369678
1732597561
-1
-1
1636777507
-1
-1
-1
144364792
-1
1115347670
-1
106620711
1555510271
315925875
-1
-1
156002877
9060087
487875059
1165557340
-1
1298084908
-1
802022137
529028167
-1
-1
-1
-1
-1
89705975
-1
-1
375345391
-1
-1
388948973
-1
60189439
-1
-1
-1
-1
-1
161557737
12788603
-1
-1
-1
1128660593
-1
-1
-1
45717380
-1
52390624
-1
381900621
-1
328130518
-1
-1
-1
82976706
766067662
561768054
1363031252
-1
409454216
64477825
-1
-1
129701408
82578919
296261083
-1
38037919
409235330
-1
-1
16256087
33102211
-1
-1
4611229
-1
180022129
820625432
-1
1250480059
-1
60603235
816341823
-1
460897811
-1
34337569
-1
320232924
-1
1752723904
-1
214405538
-1
-1
-1
-1
94624458
223799948
206568566
141559042
38645803
464164536
1028164665
227775818
92763409
-1
1124406147
-1
-1
961200482
-1
-1
205863829
-1
330956094
1490933422
-1
30917311
-1
-1
860597929
-1
952738788
117145984
-1
77702173
662216469
10779198
556195558
1010307273
312195508
385954967
854241316
-1
353772693
-1
43334387
246139661
-1
152043
186639784
649934716
41590013
191610917
-1
-1
153494731
719597927
-1
304068145
-1
438451119
-1
516721166
-1
-1
-1
-1
406343499
179052627
-1
1643443383
6237405
1236025544
8106412
394405631
-1
26350744
-1
-1
472541669
538619665
252940989
-1
-1
238311421
382480834
1247539895
394262787
-1
36622443
-1
-1
607248515
1811814383
414360903
-1
1856210476
-1
-1
1309848750
339929720
210027827
-1
-1
-1
11736446
283187239
-1
-1
1699566849
75662256
834461377
55299578
-1
1347578737
1143155
187403478
1368702868
-1
974494427
-1
-1
785278139
464119788
117015828
270637857
21398400
-1
49770154
-1
-1
-1
469317883
-1
959535422
-1
12406556
834805397
-1
1222106436
-1
221250363
1670860008
-1
1018853527
182886829
380547751
148047568
82401971
-1
-1
549963482
1181248163
136794259
65004004
-1
32142025
-1
451374982
459045761
-1
1495627927
49378279
33895931
-1
1012012762
778764179
399073345
1205576516
-1
788415343
-1
-1
50710661
367610802
748077979
50503706
-1
-1
-1
-1
14598654
58201124
950483497
-1
33267077
563780438
473692338
1412632577
-1
912659719
-1
701360424
154500861
1008767469
-1
177862525
687894417
232276157
-1
-1
-1
416354791
90659649
-1
18973705
1451898949
-1
45597221
422361506
-1
340134271
1189664971
63825282
275430445
-1
-1
537632507
500545431
617834628
-1
-1
-1
-1
-1
440662441
563826575
266162409
340603321
-1
360495931
98187125
-1
41545657
257210797
-1
-1
188536727
-1
1663042171
225100487
-1
1126399227
140584056
806926886
577077999
420199205
-1
8703374
1653333583
-1
231049093
257513557
-1
627281067
389884775
1260102343
435747874
-1
97291247
-1
254573887
173402436
-1
947703125
553126321
-1
197257829
156441955
-1
824073535
165905485
-1
-1
1140926219
1683505
1361938059
-1
-1
1082180696
-1
-1
-1
-1
751730540
1114895707
-1
-1
410872299
-1
246220807
54834197
811148337
1036610506
-1
-1
1655646527
-1
-1
-1
1042265277
702053711
263563902
113137665
-1
140917238
-1
-1
735076886
1384138000
-1
-1
1540329419
511034495
-1
173436851
-1
-1
227785332
-1
955343733
-1
-1
6878663
-1
-1
-1
105550323
-1
-1
433280647
-1
-1
-1
27770358
654804426
-1
1406853042
-1
682146309
-1
455475793
716031283
-1
373370152
-1
21483890
416342319
947097191
-1
-1
939363397
-1
4580402
664072018
201176041
329086224
-1
1899774779
-1
469094203
-1
571366451
-1
-1
1333604249
695078408
-1
-1
33290944
260285358
-1
172675283
418318210
35144432
120892055
-1
-1
575451105
-1
-1
1123087155
-1
245280287
-1
-1
410118892
170793582
729612323
1589482660
-1
558055845
-1
564409766
-1
1013570165
1803338930
1026553117
133521369
-1
6823409
-1
118241796
162697707
58925575
168023285
603185428
462515561
129207734
153558875
-1
-1
75371248
70387567
92327261
-1
-1
-1
-1
-1
-1
-1
271706256
116362076
407526397
709548727
-1
270602597
114127882
316643592
186778454
667826
582603673
59308719
-1
630947897
625225547
-1
221791688
254623946
878831450
-1
-1
175618255
852307063
1543416226
-1
188912082
-1
656134268
805420381
12272339
-1
-1
649065853
-1
729602206
1247403682
1191494698
-1
-1
296002454
637390742
135012119
187216651
116568911
38594014
-1
-1
83337526
277831522
593120227
111491044
-1
-1
-1
751633309
-1
424738811
27334073
-1
37228287
-1
-1
186517137
-1
284222058
-1
89704011
-1
237595690
-1
447539249
1740071017
1137933113
-1
275438101
-1
704105443
984571487
348344876
213959663
56499665
1189091008
1708952111
-1
336134414
-1
1256680939
-1
481581512
804577322
904041137
567499468
89679974
1002516848
-1
1151870634
134123192
612268879
-1
93360938
-1
-1
-1
-1
455435468
49368319
-1
122235415
223045
-1
434779713
-1
1235317723
1267265387
182090885
-1
423913416
-1
8473470
-1
1701027817
452963243
183708208
606941312
-1
3767651
65792663
1367519623
403996971
-1
350509270
221483548
8507477
1118335734
784804224
561326699
143615231
391394454
27909605
-1
1121987761
-1
288811592
248825591
-1
534874229
-1
744353811
-1
-1
315757003
652432415
-1
-1
-1
640177020
-1
-1
251141081
125915899
124454537
-1
-1
687023393
241125427
899025946
6981118
339025533
287365636
13750879
573623571
731288827
-1
567617270
-1
-1
32799144
1507303044
-1
584879002
90311144
62484028
358877365
1041345685
842074013
652367307
39910843
1547607
522215497
-1
1196575992
843042322
7650167
423783128
-1
-1
-1
-1
-1
739453115
-1
-1
1728046128
-1
1013767955
-1
-1
1681442625
474733623
-1
-1
97462411
-1
45314287
979637918
-1
-1
1250320633
560611127
-1
-1
-1
-1
14040125
-1
-1
1533109721
598321666
-1
47189871
210255338
2766823
-1
-1
-1
371506610
-1
1526533357
380784453
-1
-1
-1
505031875
-1
1064812033
-1
413673859
-1
-1
454602107
-1
-1
-1
69246911
204265625
387444422
99610481
-1
1570246041
954424443
68401267
241195939
1216188472
-1
1066482981
313307303
221318219
1359754583
336439783
-1
-1
110196363
143349989
-1
-1
-1
-1
327347352
18602445
-1
1157031449
-1
881681000
-1
-1
1172923397
102464968
696457692
182467820
91498851
162472139
197338851
-1
-1
16654815
8919289
543378867
-1
-1
-1
73962401
1295413481
306047636
-1
411628109
1276411068
-1
287299661
821612698
-1
672642037
515939021
127307279
-1
1250394774
523886446
53944417
470012427
-1
81083543
553455009
-1
-1
-1
760888398
222508737
418681840
1354373679
122927483
-1
-1
139663901
1048459809
-1
-1
30461311
545511017
-1
-1
51385057
-1
662021863
172442
205536077
-1
-1
975230344
1835664969
-1
1032863856
1361085680
7184414
37430149
500790077
53725708
318925544
810753052
10692831
316323433
183301173
-1
569775425
-1
782173011
-1
-1
-1
-1
327879271
-1
91072430
-1
570410761
1708371373
-1
-1
9118885
-1
1212271891
796056297
55131157
-1
164129730
844767068
-1
-1
-1
-1
184501466
1441213210
288132055
1044466468
947255099
144089420
-1
949543107
475359953
275015954
-1
-1
-1
-1
150754857
142455663
218761203
-1
666720106
525033125
651629563
-1
617732233
551141739
-1
-1
879396223
233150194
-1
349435763
182673244
-1
699785442
-1
-1
-1
121296606
755034822
143008331
631715909
70754054
47147647
26159079
-1
-1
-1
378164271
372349198
156602504
301086726
-1
-1
470280159
1055477470
337389021
794562488
384336118
-1
-1
221519249
-1
259515029
-1
-1
-1
336042464
-1
1728320626
-1
362477137
1207756694
8753558
-1
500727308
89747691
-1
5826259
139994689
-1
-1
578802217
123837459
139871233
631898698
246607429
1450236146
946240380
434698834
400376522
247224934
168953402
-1
-1
-1
528143359
882865308
93988313
1424248442
342258634
61315900
-1
39329079
292273525
1493263534
108918319
245235427
-1
-1
300958151
289475875
201661079
1480325537
501332770
-1
-1
247250174
151897402
577208929
619478479
417930898
693836428
441153736
551441336
260092969
-1
1649084171
1291924153
1199194080
688493862
106559141
778482413
1575740387
-1
-1
1286542773
-1
7117254
350554290
67161254
87123839
351323244
541790949
344871169
514700157
535940299
987201497
1067952663
-1
329517999
-1
696177732
-1
302191727
209197273
-1
1667284645
65443195
342996506
61109691
-1
-1
148628667
79285735
953724361
901169227
-1
1548941581
-1
148303469
-1
-1
-1
45594859
-1
-1
-1
1433713615
-1
-1
-1
-1
448039585
481547069
410173733
470171485
546055082
-1
-1
697916476
-1
1433524719
-1
-1
239138690
-1
27047645
-1
-1
1223752459
74013267
309604535
174651657
655633940
-1
160530666
773307013
754957373
-1
-1
32334718
17169842
-1
39735529
1550879701
1121099917
70160216
1265427259
-1
316500329
-1
-1
908264922
295157881
927080293
112689323
-1
-1
246093063
-1
-1
-1
-1
327959657
-1
705215321
1105917027
-1
-1
47911875
-1
-1
127995471
-1
1186971496
422331333
599593157
-1
-1
484691487
41561399
-1
-1
34404812
-1
489348273
595267336
602099220
656729396
39271491
-1
-1
-1
-1
339900111
-1
211738323
150604781
237356343
441714793
-1
-1
8769117
157282157
920975324
-1
-1
538093333
-1
1763814989
-1
936382620
-1
-1
365173357
692101911
-1
870391783
347275759
-1
1269088215
742058347
-1
-1
326106559
-1
-1
872845742
1121668591
33938293
-1
-1
54011646
-1
-1
-1
541235419
70554219
52344301
-1
456558678
-1
385202890
377306677
699952944
499918279
196049048
86751245
-1
-1
-1
74052884
127674245
-1
-1
328698016
-1
600730417
235275241
759860419
-1
-1
1074539422
978611260
-1
173937803
-1
165309193
-1
37855147
51074571
-1
-1
243782375
-1
-1
555809047
-1
-1
1113581812
450119436
-1
1484886337
-1
-1
577272849
-1
42625037
367569815
250612279
1087951243
1187716972
292334650
-1
-1
1707706679
959869717
400602415
-1
627403703
-1
1084551473
-1
143221599
-1
-1
154060631
186456449
1831363
793943368
517638446
-1
126972769
328061015
-1
536902372
332329246
1032579323
611170154
396550715
-1
43492363
-1
-1
1075860926
-1
94806023
902622231
394799954
763583857
198740291
366543605
228420218
1329127646
729029260
-1
32957729
13460073
419390216
-1
-1
1617684607
449854019
-1
71769100
-1
61715633
83128045
117935110
1060813293
615765713
-1
-1
125474395
1238687146
197837424
-1
932596263
-1
887455349
243580398
57028459
519139020
-1
-1
-1
424959026
6092084
21006899
17602207
21648901
-1
-1
-1
-1
324662776
-1
914794467
-1
-1
570246085
417033424
-1
-1
1236739794
-1
-1
143415593
111862133
1586191513
58707725
3709593
252491986
-1
224941307
61015479
48417883
-1
-1
105225163
103314112
35560887
793822262
-1
-1
631126983
296886769
-1
-1
-1
366793852
1532243506
-1
502629135
599099169
289563779
-1
13700739
-1
1127586439
-1
-1
-1
-1
1030172271
-1
-1
1015104585
279432272
-1
-1
1074715146
-1
-1
-1
722032672
436132621
219988135
-1
266459631
154775857
517812502
-1
223416806
-1
671699391
700198330
-1
898266361
4599922
-1
544078160
18094772
-1
1766623124
1451932469
55324999
-1
98385431
48263887
1250885841
-1
331001526
698763913
427205353
399078737
153420779
528056107
-1
254291156
-1
-1
-1
354740074
-1
235531537
1077151
-1
1000516758
-1
52719137
-1
886614111
11661665
90184881
714315080
14260883
-1
268080785
389137321
-1
-1
592070345
1334199651
-1
499884719
-1
-1
2340265
40503089
21443633
295754693
-1
1185611599
390940318
-1
146476274
11038834
-1
4718647
-1
42813765
361430703
603766099
96458638
549246367
1560388801
-1
-1
1075054251
-1
971229873
192920384
5215211
1473227443
1100369841
-1
-1
1339841606
436629912
1644868063
-1
133427065
-1
98912356
-1
1003134173
-1
-1
214233627
385704067
274057363
41522803
253606309
155715587
21557945
164188571
-1
1030784513
17315777
659307841
1209225572
499901408
23462575
-1
659124067
436380089
141237933
380868473
370984282
192122173
-1
-1
-1
326657692
1630492594
52849672
-1
879776815
88277849
940623695
517970547
1177434359
33769397
48009911
663937669
-1
140903199
41257519
1508349187
499475405
-1
-1
-1
489477298
1390108927
631288855
-1
786368516
684172207
-1
-1
46346835
1550203395
701402941
-1
471257843
303624322
-1
759332753
-1
-1
557291663
1346403925
334711648
-1
412231969
-1
206222577
309075193
646134292
274767764
-1
-1
1424465113
883869063
958777124
-1
1317158735
611222594
-1
488434328
-1
21411779
244231836
521253332
-1
31715809
-1
-1
192020697
718766551
156128396
934084953
-1
721565115
-1
1371885196
-1
-1
-1
135353270
-1
-1
576727769
342263558
-1
454138335
-1
334603483
546069659
-1
723619609
233014283
-1
-1
420336528
49009500
-1
203553431
1015445184
23906807
1139199448
218228349
-1
576324953
350932679
123048536
659276392
15772066
820456981
67054548
-1
9972509
1402858306
-1
-1
1779665227
362640360
624071843
-1
1119618739
353756251
-1
577588631
554653189
-1
-1
706667163
-1
109234441
538475227
-1
730648012
-1
343466741
691687871
-1
-1
-1
267038767
816010640
739803592
-1
-1
644179606
949592152
42501748
10758099
9204141
-1
980269951
265316467
-1
-1
140804967
-1
199314565
-1
291617561
-1
81842937
-1
-1
636296167
1010378915
-1
-1
520533919
-1
-1
107698450
-1
1349749892
98627479
-1
-1
-1
16733326
1520652774
7161812
601144752
476946127
107598979
-1
663526883
73467463
40348489
18715954
-1
5530181
442782544
755953165
1134335803
-1
326185720
1000905871
515567641
-1
452750873
-1
927058268
32553287
-1
75782748
-1
210240457
738566142
-1
96227453
-1
379425781
-1
-1
-1
-1
686810691
-1
378017449
1475856018
-1
121058082
519458597
315674144
139720467
163776878
1831602354
-1
-1
1621857871
-1
15252155
-1
553587066
-1
-1
817288438
980620292
164736488
-1
1631999294
1288307019
319289217
81549703
-1
-1
-1
-1
772162474
47146433
846495859
-1
32437201
69419404
-1
24493163
647021209
-1
-1
-1
-1
100080847
-1
19638592
-1
-1
328472285
143011133
1068325726
9182325
40081365
-1
-1
462726931
238599514
33991749
972627296
135150935
-1
-1
244718217
1068971785
-1
519467041
13431025
643098319
1304877147
155726971
329304244
-1
119867573
-1
-1
-1
-1
747168349
376322673
-1
39709973
1073774286
1208976757
-1
703397249
29224652
407780346
430231586
259467711
101449078
590712062
212887264
531603225
250606707
-1
315415171
205571881
-1
919608548
102544718
-1
1360270628
203175758
1281107150
-1
833738399
565952467
-1
179908609
228318905
1070882113
12653796
-1
1268951725
977778663
-1
-1
741791552
516594993
1182291981
17883227
341401135
-1
436055644
-1
16145387
-1
447977209
-1
1397622517
-1
-1
435156481
461238811
664446161
153276729
971742301
153995240
331483787
-1
654038187
-1
35149436
187762163
1264736638
-1
93723286
125307179
132021833
-1
584149164
42715484
303452282
86051180
861981940
942796517
136578155
779181
-1
-1
916839486
387480919
-1
-1
822620566
63606432
306574667
-1
696753056
-1
31838311
71218864
-1
-1
421651886
654137083
307559992
170306625
-1
57333431
-1
66182053
879171292
75837686
951136210
119167137
443258687
186138442
-1
-1
-1
215076172
813233823
-1
642587617
744013535
-1
38551065
47737553
-1
-1
334264901
16804533
-1
-1
1564798390
-1
7939
-1
-1
-1
718544871
13956402
-1
1044111547
-1
444223968
851101599
33986194
-1
-1
-1
-1
686510517
191961447
-1
53608115
-1
-1
370671080
1049427959
62268985
-1
-1
595792861
180858827
517093633
1102322787
-1
261877473
39022811
-1
703578956
1930843
1762707230
-1
232329424
65181211
-1
254379733
1199771347
-1
-1
138130263
51507559
-1
-1
-1
-1
743912599
531059089
-1
-1
547863594
384893217
-1
365345622
45506052
375291625
-1
-1
-1
398412887
-1
763123457
1175425032
-1
-1
928552849
-1
1185633846
33781664
-1
-1
991097826
279454792
-1
190755156
-1
649577987
-1
-1
255004049
46036849
129486147
5438821
-1
1306064200
733602756
-1
753068355
495512066
-1
1176266791
705592573
299064624
746858361
-1
767694307
-1
85317367
-1
-1
-1
-1
448645801
650483691
8806443
-1
-1
435194798
534917482
-1
-1
1226859659
778486769
-1
-1
-1
-1
432047322
-1
147773627
1116698567
1385857661
555201590
247408023
1230778848
-1
-1
-1
-1
158631705
-1
112726917
1445153644
-1
142003584
193054939
1335117745
825585077
-1
-1
460877852
327247138
-1
-1
743448309
53405589
36658261
187913825
26033993
385563496
559158900
321239025
369111735
208603783
401035745
1059079045
-1
-1
-1
-1
273643170
94735810
-1
-1
-1
456485303
279645599
-1
-1
-1
360674520
949615755
-1
717198758
-1
778461167
-1
-1
461984401
-1
411233526
415992534
-1
204295040
1015781141
-1
687833876
27004409
-1
298826974
12526299
-1
112138978
-1
127657734
592142991
1075491077
-1
18277335
864933017
688134508
320973986
121468325
372061573
-1
95499295
384971116
-1
306667147
71370919
142244867
583248963
1465480465
184047197
-1
316180890
-1
346227659
-1
-1
-1
230491130
-1
40665136
-1
41895202
-1
132635732
-1
13901444
1043450509
1655460343
-1
441858078
897258377
357352651
34907727
133849619
718124825
-1
238505623
-1
73192144
80246107
-1
733632943
417849506
539170031
-1
-1
890125675
-1
-1
162680849
1045253275
-1
138448555
-1
5980443
-1
464045000
373828020
816589697
281857411
-1
-1
470212871
73861694
32062729
500892217
928262512
342241389
626743348
849762197
-1
696591803
735629677
-1
1119190821
-1
-1
-1
-1
-1
-1
-1
-1
-1
459503521
-1
-1
1382969659
-1
-1
328986949
-1
1792959316
945546458
-1
-1
-1
231345749
217993478
131413691
-1
919898427
-1
306649293
-1
306556933
872551247
-1
3583955
333862181
-1
363688207
225036933
-1
100132485
1555948423
-1
-1
105768479
511058384
-1
-1
186726435
665772253
-1
268179281
-1
-1
-1
662986721
390267527
-1
-1
-1
1137357435
37478227
549170665
674170701
263084268
226756873
24826499
-1
305236192
561598643
633820018
348817178
1316184984
284657245
681715961
-1
103777473
-1
75689499
-1
681553325
-1
711995542
28838093
-1
133185485
613691654
743875650
-1
9969235
361213081
97683638
237800039
-1
-1
264876937
-1
-1
869500025
744206927
646373203
-1
109939273
-1
1114992681
-1
202553563
32647675
-1
157124873
1041531343
131963464
1564305193
-1
-1
1561810957
981481563
107758092
934066527
-1
462453003
98972504
-1
275986493
-1
225016162
447239774
-1
277141181
255749176
-1
-1
-1
-1
-1
508482023
-1
603277003
1310095196
-1
2811657
-1
504545194
-1
-1
253440438
-1
353582695
-1
-1
-1
-1
15980740
-1
202454319
1256964641
-1
788111347
710019228
269348166
61721046
281909333
410090367
1389490005
-1
-1
-1
105776878
1270528431
64003633
-1
-1
-1
-1
322179357
-1
874110944
1583504491
492009848
662131881
1596596941
296697957
704906925
-1
274355024
-1
1392303390
-1
-1
1065818311
-1
198038293
-1
-1
-1
49509871
454121371
-1
127690691
31450726
157446953
1382976656
-1
290872066
-1
807513856
-1
-1
482256184
-1
596983441
56415327
932098850
1078665747
-1
1884637227
331866451
-1
-1
-1
205376981
-1
-1
563649155
612025100
-1
26048169
-1
85921687
13762340
156746289
127335345
149256349
220272362
81276538
343299761
399029227
248820534
290706779
239822644
-1
-1
-1
768644347
721217415
1444358735
627299663
447897021
842896411
-1
-1
10360991
27751321
545685835
962033461
417721707
188696316
-1
-1
57069366
-1
766123993
-1
-1
243719346
719473464
-1
765711711
-1
560924661
-1
533133553
211452826
986474374
680621419
-1
690692788
801827277
1210641222
-1
-1
-1
-1
387413863
407418331
310846798
-1
-1
301367708
-1
387185332
374423731
-1
-1
-1
1325998305
50792689
1868435777
-1
-1
175914302
177350656
68600605
-1
225010025
-1
497817722
823355435
-1
-1
-1
590185101
-1
551201981
467927146
661089606
35286773
541856078
-1
520270483
1119606271
-1
-1
-1
-1
295048654
1083505037
145020593
1351805
136353852
535382836
524414048
23699707
-1
-1
106403507
1447145569
-1
2899223
-1
288815031
-1
2498976
473878205
163741521
-1
-1
-1
851981240
-1
-1
-1
722026073
193495733
-1
229017631
541044243
752863451
30849028
-1
573457288
-1
1783516559
483290523
-1
128062175
176337933
189314403
1040956935
235799375
-1
-1
-1
1118937412
-1
597967689
204975469
168944846
-1
1144581907
-1
1682182348
-1
-1
332736686
-1
-1
-1
-1
3950476
351695945
-1
-1
1079587045
-1
-1
1059316411
-1
172815681
-1
-1
434070317
1034943223
131461636
-1
-1
268014653
-1
1053474532
295983743
253827448
-1
-1
798065414
1383214489
-1
890442358
-1
1223662823
-1
466082089
1164964541
-1
15762142
859630023
81534922
107218692
104637133
1735678081
-1
-1
206654447
326373894
-1
625243405
938633165
33209624
384599525
473194665
1266866835
-1
137334857
914931494
1750937402
22082051
7354590
277209940
895686474
732884651
-1
19420147
1095058034
761967492
-1
-1
207815522
11918279
-1
-1
-1
1066207291
87159564
1506540643
786674394
90612438
581164564
29857951
215227844
158776681
-1
-1
52137333
-1
802925911
151549833
719005188
625136261
899578161
-1
201185092
-1
231164075
273705742
-1
-1
-1
143834429
-1
1355325203
-1
-1
373293221
-1
142622312
409014479
871889805
336519673
-1
203276313
335268319
158359771
-1
872392261
417453869
1298395561
329906427
-1
-1
-1
483055108
-1
-1
-1
110296238
-1
-1
258026745
167700453
54535176
1382857323
1539624698
-1
810481467
125994861
-1
636744906
1892567947
591177915
1265577617
-1
-1
-1
1062651551
827080627
-1
-1
-1
291153338
-1
-1
385184132
-1
-1
1086995045
-1
608396219
-1
-1
66156407
1217723109
1122494108
-1
-1
181635357
93041588
-1
229948849
1008838858
1174209372
-1
306948261
-1
463824573
655642709
872174477
158524219
-1
-1
-1
-1
16650111
-1
475369363
125466415
7757103
50790555
37951432
427250111
257316292
-1
244128941
-1
257093246
1081544852
-1
11003828
1671896656
234443735
-1
882400035
1581804833
-1
481442480
-1
38660326
650028427
426905393
289559033
-1
-1
-1
1151063614
839311349
145029317
-1
-1
-1
-1
135020144
951080262
-1
592465954
-1
-1
133248378
170097335
-1
-1
-1
29819927
-1
184717417
-1
-1
1521368282
191313350
444427248
1224002369
94725647
-1
24880841
-1
-1
243286216
-1
17223986
473832788
-1
655736759
-1
373828188
1003449518
199811699
-1
-1
873139562
-1
-1
-1
124113924
700360961
-1
998805655
459867519
-1
-1
626557473
-1
-1
128766220
64341691
272023756
1508660277
112897753
206049395
422173269
1378431235
525210021
1029853188
106376300
-1
-1
162071033
492739973
165186306
185823973
1298925244
1597633005
-1
1047011242
220082575
-1
29142401
827665560
-1
1041424500
701606740
669627291
641152436
-1
111208290
-1
-1
-1
453871598
-1
-1
275112181
660207124
884752470
-1
-1
726458537
238106650
-1
-1
102211218
2364825
12345848
-1
256782240
-1
-1
-1
460539366
127952389
-1
711746310
-1
-1
-1
42377920
1347107961
260436949
-1
188892316
28333805
1070589824
120469063
265619609
217644901
-1
285426895
1359212056
-1
1289189362
135044932
977001233
-1
-1
985238244
-1
732001601
1454365490
126649729
455815465
-1
161371345
-1
865453732
173738367
231988350
-1
828051415
634731188
-1
848787119
-1
602638260
248934023
-1
-1
-1
-1
436831255
37859348
-1
-1
1635969619
550199344
-1
115639002
70639583
-1
71298094
550345001
1014742787
426999585
411800512
854982251
354672249
897506571
-1
495194523
142734665
252813872
-1
320373943
-1
-1
-1
1334262433
-1
28037045
38981480
-1
-1
-1
117417147
-1
-1
40561429
163317208
-1
178337231
-1
995353407
258436301
252796596
101446828
1443216341
-1
-1
465981943
508360275
-1
1378516018
633664091
-1
88980071
150215455
186057876
1213181261
-1
-1
590948986
65611330
-1
1224426349
908883971
979555829
1518364570
714790544
127369385
734986078
1416171239
579241160
-1
78971029
-1
202289805
244116779
-1
-1
322570533
-1
-1
-1
1210633481
-1
256907734
-1
-1
497727798
896373254
448888451
648756643
6202360
-1
-1
-1
-1
-1
1120818496
811448606
-1
800679995
68092900
-1
148002110
-1
84103964
-1
-1
639753181
455431179
126197719
892751727
-1
204525262
916861217
288707694
571431268
11387523
117567218
-1
-1
620130557
989986428
3561413
-1
1504154938
603211605
231733448
-1
15177971
483532718
-1
-1
-1
543536561
-1
335439283
103513047
-1
317704316
-1
99597211
57155989
-1
753652052
-1
-1
775065439
13992221
12671764
1714914303
-1
336060943
-1
1060240699
-1
342134935
-1
931708609
1773760691
177040601
1869968129
188040099
-1
29001815
376631589
545247077
231473969
456538849
65954352
565441769
-1
-1
311250003
444411583
-1
-1
-1
613429835
585039058
-1
21633796
-1
1772058195
-1
285378093
-1
-1
-1
-1
-1
551782720
-1
1443560212
418675119
-1
211953152
1757229053
1717049739
204218436
191220073
-1
447850744
697191084
-1
207413077
-1
-1
287977225
-1
153077472
-1
1070404324
-1
90139985
-1
724613046
-1
1662083217
56439779
1048503485
145333
755480576
1010071037
456558032
-1
337088915
-1
424282298
-1
1238077821
798438275
-1
816281767
144265317
-1
182508642
-1
822932279
-1
329592855
253483097
63584063
616793708
548754053
605143922
-1
40287625
-1
-1
-1
178139665
573073573
298543242
-1
-1
-1
1669951570
1408084271
-1
93703733
49266639
17312604
-1
-1
-1
-1
-1
23330501
-1
653396027
101273041
334772781
929994591
-1
-1
642899504
-1
-1
7266379
431928143
18742769
247710211
324979735
-1
107251459
-1
-1
-1
249555992
922278380
-1
-1
1390430501
-1
960492361
310933473
484108043
-1
-1
-1
839431071
-1
317821964
-1
1418223967
1470846227
-1
-1
239470838
-1
-1
-1
258539085
-1
-1
-1
236608341
-1
-1
-1
1203821013
-1
115250023
1396054580
758417143
1398667509
266070231
-1
-1
82720478
145732943
-1
-1
111496735
72608983
290765895
1309834961
115156076
-1
-1
-1
13090634
-1
-1
-1
37858243
642513415
421767261
-1
-1
169778740
-1
365061383
324060126
1796963720
1318377167
1312000498
-1
20247684
-1
1441472975
1207359707
-1
556805867
40048589
98153537
-1
-1
-1
3942217
-1
-1
526287046
-1
-1
313812872
446013717
23380039
-1
364388633
696590249
-1
433597809
39942493
16623414
-1
-1
289110946
-1
968832581
-1
376881479
643378993
68617905
115428045
-1
-1
330458128
754650559
509395987
18742657
1267428218
400248414
89486713
191147620
1433670304
829722847
343113572
441529697
-1
759789239
1046400244
-1
53980315
16965695
63311529
50619024
1618289635
429436905
137045135
1289490045
121468450
689315215
-1
732349928
86496415
552759244
712671758
-1
551682753
-1
706079239
104344784
831920721
217938522
654674733
561673729
-1
-1
1583272697
1056312169
947700308
1068173567
138149743
719140949
-1
1365860124
1056508609
11598566
504386216
-1
75668962
330332643
186027472
1363787093
1399801850
1606969055
1252544184
290638935
-1
63276721
78321776
-1
170258256
1137391114
617692615
934479406
287821185
-1
67105990
554863361
333288728
-1
-1
-1
175342613
718121137
99129032
390686142
-1
-1
13633048
282578807
701318249
-1
-1
1293231988
1098310578
-1
1210020036
140007755
371552406
74306338
-1
957614905
116335956
-1
-1
-1
3991601
223043999
1601822291
-1
1482408850
1059757775
-1
280392399
-1
226571247
5721974
561777642
-1
-1
1129032549
296873397
1874140439
1495040913
162516197
-1
567017011
394624453
623433359
215827234
981627436
237208199
330752973
578134844
-1
608209844
-1
-1
425117679
715252126
607766047
543051438
-1
18034243
1142735254
-1
907556054
230410269
559150359
-1
1025089804
36457269
955795383
-1
-1
-1
788524497
-1
-1
-1
136938367
151146047
-1
-1
-1
685599101
-1
-1
360119582
242549499
147291813
448706928
347000767
30736387
456777984
-1
-1
230039464
773946073
58699149
-1
251348901
-1
1522640293
-1
2777487
48675374
-1
-1
852756647
582649791
-1
-1
-1
-1
182835325
161704803
2792001
2620888
431971447
-1
1050138525
791417958
-1
38735881
495417456
696569595
-1
492369753
234322521
-1
660842342
62924356
1043085062
-1
742206697
1067452212
252095986
931755193
-1
682809072
881364143
-1
-1
-1
687407694
-1
-1
443501501
287584443
610379813
18926871
581132839
-1
643900030
535653477
411444995
-1
-1
243456892
-1
-1
-1
770976461
-1
-1
-1
198411255
-1
121417627
264766441
842374985
50440470
55856015
624401961
-1
-1
-1
-1
1124409020
1011693755
-1
338085567
229969955
-1
823980306
1819288369
-1
-1
604758169
262431353
220902683
-1
-1
25185031
1354167805
263509065
515211111
-1
-1
-1
89847655
311460418
-1
-1
220810029
133570447
-1
696971043
435382635
-1
393452773
-1
296346621
699142628
-1
61101002
-1
901315916
767769346
-1
241593580
322599288
366028713
693219791
377330299
256698878
87277443
486792755
28797631
-1
-1
-1
209781786
265584179
342476280
1129330307
102587813
1211792837
399142269
214039683
-1
399323364
-1
-1
-1
292953114
13739027
-1
76581409
-1
-1
1583157276
226512911
503236
-1
-1
822760376
617573806
514967305
165763201
-1
-1
-1
170812947
815035784
244538013
168045194
823605463
815556209
-1
181903915
-1
855053324
816880276
714767108
423022091
732384267
-1
45012427
1055953379
30795390
42537758
382598050
-1
-1
121495153
18992746
-1
-1
-1
768271879
655844299
-1
890900135
617285957
253029387
-1
970548899
812767140
1527467779
1027433111
-1
1240947277
71969131
-1
-1
441067825
835608433
538327360
65902348
1153758613
841883443
392023292
-1
1262982304
1077346716
235783250
225000767
-1
197573
49994668
340195491
96568211
-1
-1
785469006
640542604
472695071
2546585
-1
286473017
635349483
1279024658
21406281
962050238
315456484
13443135
12016394
715905052
300336263
499908881
-1
811336971
622246661
217947605
834585817
105206155
1171305114
-1
29441265
-1
25940252
-1
107549279
-1
95426159
-1
-1
-1
739984716
359732158
1016883403
344297318
522579339
157609621
-1
-1
31753343
24003965
-1
61254296
55983942
1706339416
642923350
-1
-1
787161065
330295408
36805589
-1
482266594
93931659
-1
1279839641
520391026
135139586
-1
765190895
12836315
66211661
117608821
-1
249276082
-1
1370479647
713198753
-1
583230237
441568561
344894871
1087600921
-1
148495757
-1
649159439
2478451
-1
38586141
-1
821083839
-1
41977852
956491649
87629993
1236179271
-1
7653005
289581159
-1
-1
-1
-1
12699013
-1
-1
-1
550067611
1165997859
517050247
-1
-1
-1
-1
1556707518
116152918
293793134
949410398
19431151
-1
392681656
117521905
406150861
352912212
337931635
-1
-1
-1
709235027
27688568
-1
767774824
-1
338114603
279651290
-1
-1
1048968083
455813087
247289261
1342314953
-1
-1
460913368
1198864135
703324597
-1
-1
-1
366794191
183956588
-1
246869467
1473738
-1
645115330
548657807
304838811
132161865
53845631
15818633
-1
190325879
-1
-1
-1
147959103
374803201
213222815
-1
-1
388230282
722919347
364739978
153088849
19251293
156708913
154883739
-1
-1
186576409
992858669
161013639
166598203
586634203
-1
-1
749627929
375804871
24647393
11699179
826219795
59044139
-1
-1
833477665
27654843
1014228653
130889176
-1
-1
-1
-1
-1
752607541
-1
-1
1806152599
-1
558767727
108102479
-1
37487308
-1
-1
1213267870
830175583
-1
-1
431493201
-1
810360072
-1
939207631
-1
532648258
36734689
-1
-1
594035251
234103043
-1
437335371
78635012
1008261518
-1
688065421
414347637
-1
560530958
-1
474619147
251024864
9713344
-1
-1
6486719
-1
-1
637704774
278482276
1405992820
285662991
195965579
389687777
495454523
-1
-1
1055522145
-1
-1
-1
1242708889
381261714
33900073
1270922337
919272798
989927079
-1
105458068
724509323
413353335
-1
-1
290952923
-1
-1
830791981
274219102
-1
92685681
-1
-1
142454693
639254371
299190591
-1
736858669
426921184
1290520644
33269141
-1
80656699
123283942
-1
1202293574
-1
50322556
-1
848813474
-1
995278254
1248491663
36190909
-1
1235805551
513411236
-1
6388609
-1
32723729
-1
664323792
140179438
987382127
-1
30022785
-1
344067765
1632533072
128682423
383779287
-1
-1
387671699
170968715
593950621
-1
-1
-1
618613462
435966563
393986827
6349046
1311669043
1189790415
11790325
-1
13954263
1314307123
381877498
-1
806715379
287594237
77822349
462508034
-1
1774696963
952970789
146590328
479273451
-1
-1
-1
-1
803779636
-1
393886197
-1
-1
130969247
1004445892
-1
-1
-1
-1
-1
132408071
783019258
14228906
92689517
-1
184684289
-1
441492884
-1
795060661
-1
670203857
652785884
118988611
-1
-1
-1
-1
1162709057
364136309
31935271
914831971
-1
-1
-1
301608054
-1
-1
-1
51511757
254601088
516590267
68243389
14028883
-1
34991525
1245757679
-1
-1
-1
1321732483
-1
364492725
-1
38093093
-1
-1
737554405
297737821
1659753918
468702779
95299534
-1
-1
298715736
1180098569
-1
561675103
-1
603873173
138989527
277066319
320646847
809666966
46092780
-1
848457478
-1
-1
316725055
-1
-1
-1
201810773
304489048
25961291
-1
726711155
-1
596022882
97225478
80765037
215489227
20685241
-1
-1
128031005
-1
-1
10212945
233351598
1006337416
-1
154944773
-1
-1
-1
-1
22064787
-1
-1
-1
-1
1137573949
1146253690
364933157
-1
37497033
-1
118610053
-1
986168593
18540851
33224034
1811771047
-1
653290369
93704031
-1
-1
-1
513200421
-1
1248926263
203932571
-1
482849377
-1
-1
93730480
-1
1085406550
4172657
-1
-1
1777435997
852138316
-1
-1
41602141
220740595
-1
-1
377153875
-1
-1
136588261
-1
-1
8665626
-1
-1
343331484
876510049
278802581
371821890
121898016
235827511
1064463164
12216897
270586640
658719508
-1
142245129
354756783
469017259
-1
-1
1330566871
645548705
-1
13243135
1591228125
-1
262974816
853621820
92600933
-1
-1
-1
-1
-1
-1
-1
-1
-1
-1
118731887
149324191
167357235
-1
1367609147
412317253
59932977
122394089
110010548
-1
432389533
263444991
-1
775498823
54681829
774047220
1728209941
-1
-1
-1
46629112
210816563
287557633
129305185
19595583
569749331
229540793
-1
-1
-1
-1
641512946
234350807
-1
436470179
233246785
-1
-1
334799724
1057555865
534480761
-1
856368460
407461580
1596463393
-1
787104374
-1
459084204
-1
11358831
-1
1621144030
-1
-1
11513782
663029855
-1
-1
1449560031
868818307
8558783
58652420
574481422
80704535
-1
1619400171
-1
401540919
-1
37572349
521327922
67854481
-1
-1
34315258
393915931
42797849
-1
919179324
-1
69760507
-1
1550790866
-1
-1
742588331
877977900
488549168
50121283
142234976
198463525
563834003
515870781
-1
1537706679
921090102
27946809
177592149
688566229
721954259
-1
1112023373
505546198
408783407
-1
1032431067
57785097
373110267
324127165
-1
22235171
-1
92639048
320472406
215238954
-1
1542191930
341842429
4409589
-1
357000297
750845674
48714728
-1
135769703
763688121
-1
995309167
-1
184891208
802094861
739668469
-1
363630917
-1
206193706
559553156
-1
-1
-1
245634545
1013416771
617682113
-1
61277691
-1
-1
431826309
472821954
1126619227
-1
61300945
1094343695
369995568
-1
-1
307519710
50964496
786920317
-1
-1
-1
-1
221589356
241389053
301817743
-1
945425875
66647097
-1
-1
156219979
1139026291
-1
1047623896
-1
609740331
86222979
-1
-1
-1
192813607
286198818
784452641
650313979
3265764
931181102
2947955
854941840
341050549
-1
714109534
1407860527
-1
1638210211
148673805
-1
240485192
306977873
1695187759
478003273
38016441
66447909
-1
71297786
-1
528805687
467465473
568507891
-1
325306595
850421976
907868777
-1
29244799
22072943
-1
640006960
-1
1416745001
-1
196645912
1691291407
258255697
-1
304526315
-1
212309807
-1
174292825
3135569
-1
584169416
-1
-1
65624632
-1
-1
-1
1858926882
288231763
-1
126071658
28230479
380294961
525966395
201722333
421333697
-1
3561639
-1
-1
-1
1185149886
-1
-1
-1
121929133
3202489
-1
-1
1091006941
-1
-1
-1
1564355269
-1
-1
444743563
-1
326024119
61416565
-1
41784589
-1
163706737
923662999
-1
-1
322918721
1134627580
607182901
-1
-1
-1
32483419
875234954
96259337
50411394
1008818701
26789087
-1
22699121
573344967
274847663
1253814002
28375430
220394417
721840814
-1
68565413
331743182
51902949
-1
-1
-1
-1
306640191
492696350
26317291
-1
1106518321
716569967
-1
-1
594274772
535959911
472241165
1432044471
523798647
-1
352568471
596577056
1070664707
210970838
-1
1158938941
1665979756
163424929
201180442
-1
-1
449642995
1603881670
498494667
80173834
-1
-1
231972979
-1
76712498
-1
1006435391
556507028
-1
-1
-1
-1
888643155
594053916
-1
5865233
-1
-1
65193805
189163406
-1
-1
501441041
352183565
-1
-1
90149598
1041312263
51935624
885277137
1441134161
437644511
1084659530
-1
-1
-1
105018883
666401891
1481220179
413024446
424220809
120147991
-1
-1
-1
481400185
1014884432
29372946
254852687
1627347588
-1
7821953
2058060
-1
200447237
652862185
845012633
32746992
264917806
-1
164192361
-1
-1
-1
-1
545418967
23245539
459278089
-1
-1
26908383
395074297
1171231443
911317241
25525731
814671037
784727271
414610102
671846552
318718640
1193314387
538200062
995028679
-1
-1
-1
-1
-1
-1
849903
-1
-1
283576008
126960133
-1
-1
25401596
142971650
-1
608605697
-1
167766376
-1
-1
-1
225425267
-1
1182868241
-1
-1
342259252
-1
184291166
-1
-1
1152812081
-1
-1
-1
948698663
-1
686249461
60800303
-1
903121769
478556929
-1
-1
527104525
172749193
-1
-1
1132061716
894303472
-1
-1
-1
640585874
-1
-1
333037654
783524321
-1
-1
-1
162369660
-1
881895913
1202137
5667333
-1
-1
-1
-1
16012175
513438427
208353079
38759517
38078081
700872223
1682671571
192069116
40509073
24785927
-1
24294443
-1
271352071
1455357370
-1
-1
15009381
-1
-1
280276165
-1
-1
819598284
-1
266743659
-1
-1
87870833
-1
-1
-1
651603103
383156931
1526079054
-1
350150165
24984220
84166658
637639029
-1
619711057
-1
-1
845276257
-1
725398535
-1
-1
244962031
220308581
629654165
355608592
158583155
-1
616100603
-1
117573497
11066846
11860727
443782279
722090680
426938221
39577195
741765593
-1
-1
-1
1520217
-1
383451223
345171898
-1
575247271
1228093313
1042224778
830712
622979534
-1
834941357
-1
-1
36484805
12861238
-1
643198833
1135689481
1099094003
-1
-1
319679911
1025615411
13767859
1419474385
-1
60539381
-1
-1
-1
635744315
565762794
-1
81302103
940723018
-1
440593891
-1
124210069
-1
-1
201647126
944222789
602858411
20606861
264292569
-1
410866858
12605939
-1
-1
740511313
1029119383
224626835
687844320
103755107
360081778
748396303
-1
-1
-1
39828686
794678425
63688438
1120655990
-1
140339377
511693279
7669737
461494870
543500856
835172861
-1
-1
944093833
-1
662134701
-1
62055065
-1
50298929
-1
399811739
-1
1030627234
676040035
1067727156
846492859
176823974
-1
-1
-1
63502077
374888876
-1
-1
193832326
-1
235055623
292175948
-1
-1
1474888331
-1
-1
29843953
-1
14695215
-1
-1
193245106
-1
-1
343602843
559576942
-1
1800935771
469809982
-1
218380198
-1
-1
168026846
-1
130160223
-1
-1
61455201
216866947
25102621
-1
-1
11982431
-1
11366877
-1
-1
538828327
874935414
412220529
38959063
670396985
905699235
909556186
570451681
934223598
5257816
-1
823843687
1612291711
1317839718
854242587
-1
-1
-1
106330889
1366286795
1224081605
774219073
176387297
588741234
-1
259766307
301137817
112258912
-1
-1
278273684
444097051
402759346
-1
-1
447048419
21993688
662212027
-1
-1
307532171
357522249
182278057
843414086
643935979
1528726288
1259200773
46253530
1129442641
454763659
1597313107
92376307
448721206
277310151
-1
-1
300820885
-1
1227117074
326611859
469318172
-1
-1
1403292019
45816970
875599373
1789393331
-1
-1
87571678
234120545
172435829
-1
-1
1073658443
-1
846694107
314796229
248222255
261485709
-1
235480341
-1
-1
26571539
-1
238767274
543695491
-1
1488254502
1310996302
1143363415
-1
-1
251815496
-1
-1
26488541
307334396
-1
632808215
753676761
172424771
-1
1228536213
-1
152665508
1025160015
659341537
421805253
515842670
989607680
777646759
10108246
769232991
1267687557
57942285
1714728713
353305847
37866049
1275002687
-1
-1
-1
-1
-1
-1
263935824
-1
1251257629
461621866
356987618
1151727815
207770335
-1
-1
973026625
-1
-1
1448287941
378809530
156154309
-1
744432503
32242895
250275071
48721762
836520384
-1
1644444299
126872131
-1
4737358
1691017095
-1
209344479
497367245
-1
685551331
-1
7186463
-1
-1
570965895
-1
-1
518151522
41666371
-1
1065936542
539740826
-1
-1
98701283
43837423
242462546
48074999
80941264
-1
-1
137230551
21058733
436227901
980511684
716556337
1502142967
-1
191678762
-1
498292625
483291131
279069739
361880278
491839467
1772703379
18958051
856222697
307071601
177794268
-1
494948566
72516713
-1
-1
-1
1486714279
-1
1373653175
-1
4033131
-1
147552757
-1
-1
-1
297506977
-1
10865872
740614141
13757279
1421203069
744196619
-1
372692801
-1
835275625
-1
-1
5895758
-1
-1
381343850
299466410
192675486
885709369
888748762
-1
19614733
776140387
-1
-1
-1
578902167
977562119
218963729
913953996
1173585257
1328726728
402625434
1079510704
460932536
352341233
585525918
-1
-1
583211087
124693789
-1
106296225
-1
605629404
-1
-1
-1
125759975
1176691236
1057094253
139331404
206505954
21678571
1205178270
-1
584765988
434831096
278015145
32075015
-1
-1
221791489
529570175
-1
146995357
672186691
1047785807
256062155
-1
-1
107763203
646977011
292470760
661166601
2910961
1341455975
-1
121015087
33754083
1248536793
-1
-1
-1
605942779
729518980
890183389
413622047
426407355
-1
41419718
-1
-1
-1
-1
1545891899
926296631
-1
8079477
-1
53018939
571943209
-1
83770000
-1
-1
7131547
555380187
437682893
332075714
513309084
-1
578500966
1472698774
676084374
1408305071
1566087195
573994093
-1
-1
445724847
-1
183842265
1594219703
599331481
169922755
996845817
1579717973
-1
-1
365325687
-1
-1
524414816
-1
350599526
210852283
-1
17159521
-1
4840869
39013846
1005874
-1
466786937
-1
132698766
519298321
174514569
386116442
-1
-1
-1
-1
259442845
406601637
676975700
136407451
-1
133260615
479242906
-1
-1
16534203
40618220
-1
448827298
106358188
581053735
156810805
481613007
230307197
388419812
529971965
340946811
28212613
219123531
452307101
-1
-1
274456839
1569840367
-1
716559152
16080157
318854725
-1
-1
1346826511
440893889
149789969
1335447
94303501
-1
733286956
352198820
-1
615572066
143122873
-1
-1
220360882
318401
-1
-1
481909133
1464894651
296624977
32083999
-1
941659401
249018007
310111859
-1
878505188
-1
-1
-1
91706083
-1
-1
749751748
243957278
1109671783
221319656
350070344
-1
1133412423
-1
-1
819786298
903097007
273221652
487111143
338465351
1472775418
137473121
-1
1666739119
282364699
18424500
-1
648000797
94243084
70947991
65727880
-1
-1
-1
335604473
-1
-1
-1
91235846
-1
-1
567608631
-1
-1
97035247
-1
54777437
546351594
653866873
-1
1087968982
-1
392569838
-1
-1
143645788
-1
1031748866
-1
-1
1061970010
-1
-1
-1
-1
-1
165450511
648753710
-1
-1
-1
-1
751407791
63521378
222354079
18677857
-1
-1
726306659
89712414
-1
1682401101
5347139
295114247
-1
200439706
-1
-1
1694690153
-1
6931381
-1
878199546
-1
1705528934
31665828
116669720
-1
-1
149482573
-1
811323197
1254064287
-1
45020269
865196957
-1
323187645
948718864
562365799
1026488435
35743364
1250684
425714573
147957495
625891787
-1
200352751
1311185503
-1
1446237257
-1
-1
299700061
-1
108293347
-1
-1
-1
-1
398692076
1089796232
-1
1012800174
148054258
1147741979
-1
170355259
-1
93538276
671276960
800334907
94679095
-1
627827269
87843562
-1
8327570
-1
-1
441096901
39547333
798880844
-1
-1
-1
311060358
-1
3161383
-1
1353385745
-1
-1
-1
563643063
-1
-1
805198981
276338971
12896569
191363449
-1
-1
-1
48930121
318715493
175838347
691461713
479351619
505570813
54633386
208170455
881882285
392351233
-1
105396127
-1
184741420
1535959444
-1
-1
-1
-1
-1
1720846112
-1
42332837
1431385779
-1
-1
-1
211331821
849231556
144052786
-1
543758231
1471636675
828362117
-1
70457917
152481423
-1
712227885
306961529
134581006
322605386
-1
1156818046
-1
488650817
-1
10406069
-1
16689599
490031413
-1
753452096
339736752
-1
364049027
182126695
-1
824095551
127964928
766242559
-1
-1
-1
799969079
507221438
231685080
-1
130486254
1055979
33140847
679367714
25063625
-1
-1
390722311
-1
49311443
530330305
-1
617347864
-1
-1
-1
220623071
-1
122750162
519354848
-1
-1
359594474
-1
-1
-1
83895622
-1
16740719
18134051
194964823
-1
241460189
-1
245232107
-1
-1
561333895
-1
-1
-1
198794403
912055599
-1
-1
894928631
735603086
-1
-1
15972367
-1
352043831
-1
181513477
-1
-1
162563704
-1
16366553
1608691475
-1
-1
56786531
-1
435478514
1761080473
-1
978559887
-1
1206415267
639526754
-1
-1
60879617
230149576
858660577
706064527
459400873
-1
38657091
639358651
1128418957
-1
-1
-1
-1
491608022
-1
-1
1811776480
-1
-1
11988337
-1
-1
-1
647405667
102501549
-1
582653593
1269984354
4462187
-1
-1
-1
-1
462392441
505123625
184862279
-1
83308162
-1
499866031
-1
-1
416313924
1577840674
387837115
973314758
414257215
456751137
539112107
11998091
-1
703560307
-1
-1
-1
-1
-1
900514109
517600677
147161821
-1
-1
60322259
1127445486
241918464
1038815399
941024387
120972549
70918501
-1
926612138
76479691
-1
-1
912550317
117276643
31393164
-1
669725729
241002833
612428674
7668394
-1
623344648
-1
-1
897847879
-1
-1
-1
109121192
56110321
-1
68139565
205663306
218470729
325766787
5211013
-1
-1
-1
-1
10625447
-1
250041854
-1
-1
-1
-1
338726476
-1
206932423
777901474
-1
-1
57685417
-1
-1
289905719
-1
-1
-1
-1
-1
153266627
-1
537217378
-1
289617609
1403999247
-1
565661
-1
909596183
-1
160200406
270676016
786470460
435483254
568619863
53758507
-1
726378071
500151805
1046191447
-1
465919325
75721897
307472525
-1
-1
-1
351453537
101236717
-1
867481308
247906831
1396326757
-1
-1
-1
17425229
76962631
-1
-1
566596301
507299561
1199917310
240060251
1859043011
352056407
32493051
355927961
398992060
203880911
-1
244329581
105965828
-1
292094822
36662280
83119739
-1
-1
178198879
-1
888927097
46713714
-1
-1
300204284
-1
-1
594971783
1052729577
-1
111921893
-1
-1
708652657
-1
880215652
-1
-1
-1
953012211
109868887
8834743
63722187
-1
-1
-1
50453632
361914332
-1
-1
265976543
-1
970128314
57615923
-1
28937211
-1
58597783
-1
404139057
-1
57941679
693234131
-1
823149941
460622231
-1
252976709
27441031
92436258
934004191
-1
-1
8155126
331667901
-1
37111739
391179650
-1
-1
457271675
-1
45089728
739560219
-1
519413251
35191327
166209031
748597039
-1
208960695
-1
164214541
-1
316226045
-1
-1
777304807
1148356260
98003147
616062549
-1
310397369
744544772
219930967
-1
885766637
-1
617370776
57719982
1145840910
691621807
-1
506748637
345661245
478906621
-1
-1
215982179
-1
-1
438014947
-1
222746411
394678291
-1
133873793
313247306
-1
-1
325780182
420322887
298405169
-1
3822825
411552847
908973857
-1
-1
1469625990
678915958
2206205
19081353
-1
528770654
482720955
-1
1019044450
496253493
524546156
17671539
-1
51053256
117120227
-1
-1
-1
-1
-1
-1
-1
582880291
1332501185
1627708303
-1
454660217
-1
-1
752279605
-1
870169761
129419847
265642961
169663985
406300270
-1
-1
265129307
17882039
1796970693
846191683
392158353
-1
-1
-1
-1
285217149
1011885229
906112348
-1
293379479
509904299
159185145
-1
1825182
-1
90166928
-1
583746262
559174975
-1
-1
536279155
-1
-1
-1
33156463
-1
833626208
538657092
6799533
-1
-1
707101259
-1
844247263
274483631
-1
660653779
-1
664228761
352221279
-1
-1
384805285
170393285
637933358
192980456
1217211278
1034480375
186362593
148549355
108738683
533958532
-1
23469897
1050173503
-1
281146445
946279279
-1
1468917088
117038443
-1
956300773
1134958137
-1
56862789
665577049
483474554
1543718474
-1
1688405518
-1
-1
-1
859758307
95254602
-1
-1
888941000
1445364483
13638249
412273370
-1
-1
1213779509
306848321
20344995
-1
40806047
-1
780459310
537586763
220777889
1406832015
405399738
-1
-1
620194108
-1
1471476457
1541364581
310253681
-1
925796731
274010091
740338894
-1
312916109
28247581
24257521
287670748
585145587
647244345
1103883381
-1
361927711
-1
281276505
-1
-1
644167517
-1
900824691
-1
603917940
125938057
-1
-1
593312499
745999459
56980719
376202133
1221388211
-1
1540645195
241690552
433395476
128244411
148566595
1135567431
1364983545
1418260071
-1
-1
63283297
334043980
-1
135925369
-1
-1
146132837
16767698
-1
-1
-1
-1
-1
28372583
-1
1006347097
-1
111311612
-1
127884743
654771835
1152787220
714524287
-1
359584457
36628303
-1
188090488
-1
1071894913
133497889
50084927
189278002
36414445
208759097
456196263
57431903
-1
-1
-1
1060085713
49468725
352267811
-1
857594003
1027224584
-1
136724086
-1
385333413
771718343
-1
-1
-1
-1
86677576
823914810
23525479
381922953
-1
1625179881
-1
-1
-1
491771902
-1
2855827
203547352
248234263
751026191
370483301
-1
-1
-1
-1
-1
632607879
132185895
-1
688082561
220251953
148216401
322292239
1756457565
142402479
155022986
-1
-1
142048082
765147245
568989166
-1
160066290
-1
-1
828453422
145746691
-1
1746498199
23528798
-1
1025211769
-1
-1
-1
1204980373
164315149
330424151
1139461798
628462870
-1
369267998
305698901
-1
-1
215898175
-1
31246125
-1
-1
64789757
673426467
346342486
-1
1938883
737822123
341633527
577560837
-1
-1
387173048
-1
814371869
15341743
615447919
-1
-1
145716134
434213309
71737744
123239202
743925684
4082992
-1
1088683247
1163389400
-1
436203329
1291286889
831329202
-1
355914469
1135952189
17732236
-1
-1
175475794
205101695
1624160312
89651567
-1
-1
-1
-1
-1
-1
856711399
24715505
-1
-1
-1
307592675
918731323
-1
-1
35678053
-1
-1
96417432
-1
15337633
1791865182
1128409184
90345919
-1
89985914
1035651478
-1
217101365
-1
212133665
113004233
-1
121229201
91947151
648717193
-1
-1
632102
72264268
-1
-1
-1
-1
781611294
-1
-1
366051439
587567343
295896480
315643381
1625225999
676262227
712298712
507215876
863966332
33527255
28154217
171203575
3038669
61768562
-1
826478779
-1
-1
418805641
-1
445373628
975004544
8444612
-1
