-1
994629
1100570173
-1
-1
-1
-1
332706889
332306032
-1
-1
-1
41770681
-1
11286171
-1
309206015
-1
20199699
12781751
-1
317263122
455574801
80368141
-1
-1
-1
12608879
108277311
-1
1058275889
-1
700138817
184630449
77050541
114887662
299930995
-1
169564979
754075670
88620103
1007862972
-1
138256571
1110874339
437343128
75972659
47431793
-1
-1
-1
-1
368888347
334387989
-1
775839314
425505133
770626859
185183243
827422003
161872867
335042848
1050570818
1837487384
301189256
-1
685473025
158817749
442613434
973965529
1437426565
-1
-1
-1
29359113
414396753
-1
-1
13749759
-1
-1
-1
28710104
375212804
-1
-1
219535411
-1
437901545
-1
1051951043
154156410
-1
-1
-1
-1
-1
329375598
-1
-1
-1
36816566
297941617
-1
307712497
163761869
-1
695669033
1558679061
369661979
705842153
648182843
653761180
812651073
476278711
-1
990589657
-1
135887301
260902027
262439725
34230225
418141265
-1
273819633
91548075
-1
20958653
483568258
1397020732
59492434
-1
1104867384
-1
1661167992
654881267
152389559
-1
18701153
-1
47017947
392716858
535442548
-1
-1
494491711
1269565403
298145954
-1
368837345
-1
278682069
-1
825624605
929959882
658284580
356919486
13271709
547262422
-1
-1
-1
-1
652678486
80942836
-1
1077381506
-1
120039309
194771413
-1
803069751
228410205
60429265
133564121
413927333
805566245
-1
102852227
-1
-1
-1
53683335
272464069
850473757
-1
965995110
-1
542743221
29697087
804676846
-1
1025004707
197258389
185105926
254649016
162013610
98840087
131791041
319854356
-1
847614762
494342709
32809123
-1
254010689
192324935
110237733
-1
925817197
255888555
-1
444362029
1161685318
773238040
55126726
817773944
182484194
1571058504
1321537922
1106054103
155317345
-1
525559839
-1
-1
246212741
-1
-1
-1
-1
469516887
-1
445860129
944825899
276869503
176843684
-1
667707227
1131779483
-1
-1
-1
22418763
-1
-1
1161763253
183923245
6396899
63038459
1532761834
-1
-1
350224301
-1
680722604
230934721
741559163
1239618384
-1
-1
94072399
171071387
-1
-1
9766588
59209184
1042086743
84892520
-1
680821983
221056131
-1
823811151
861682313
120852589
-1
-1
-1
-1
-1
835131097
166475241
573575185
292332638
723096743
-1
-1
619153375
829215181
1261887489
149422987
183157327
-1
942930479
563475650
-1
1087119259
-1
-1
162761048
1288780136
1160819977
286373459
-1
-1
204492365
-1
520696869
1324308679
762402775
-1
-1
-1
-1
180011671
-1
122257669
-1
669332231
318623836
61399490
356478007
904137735
56197793
530713475
701827126
44229213
-1
69808993
33026001
433741619
17741863
300801045
215568482
81504921
38296275
1009207924
105135222
-1
824322753
111371154
1392525032
142215496
665923136
317199671
454466175
360747625
610342871
5058181
361246885
561725342
150519942
115092571
494381461
19502486
-1
-1
-1
-1
-1
365969220
-1
233246624
884426723
33073647
522308026
-1
-1
540755389
1677770791
-1
1683518214
-1
-1
-1
-1
-1
684930255
-1
116022298
436078702
-1
-1
-1
1654342003
302179759
282171131
850634988
373937777
94759927
-1
489093682
182085290
325438496
-1
-1
-1
1229494982
-1
12650778
113989616
-1
356233929
260521027
116273101
811796609
-1
691819193
667042778
383489003
1765308133
58225199
181879315
72772879
-1
648928054
-1
-1
-1
893173037
-1
7924977
-1
30281498
184020047
393738706
1079306388
150664699
-1
461618433
87354988
283530647
36819982
-1
-1
-1
191506319
1814004934
217365091
1646211296
-1
256787225
-1
-1
892905761
920345987
316489192
5809519
-1
151782268
293289597
267751849
-1
23483030
-1
-1
329303248
171835913
1289929
359508085
1240136077
1692978140
-1
1894913
530508603
-1
-1
557868631
-1
1288037112
280842387
209469863
-1
460673781
904907089
-1
1047800119
178013048
666594127
-1
19010737
-1
372093811
-1
-1
-1
134610528
-1
286661807
-1
942145761
172398346
1386377236
-1
308463225
-1
-1
-1
284150357
836676433
-1
-1
-1
500895651
263758799
-1
359896549
328147663
-1
36311893
1322980659
1554536234
-1
283600131
92850577
464664821
123773685
372283848
349645940
-1
76976244
459442029
-1
61650369
6745228
533065885
-1
736265367
-1
645441661
-1
147830789
326861795
-1
90513490
-1
-1
-1
947716586
448336652
-1
63301324
1585969573
-1
-1
-1
-1
67568485
227462657
-1
-1
-1
1022864863
654263514
236264835
-1
423749020
-1
57069217
-1
-1
-1
-1
83194453
-1
256793738
8202364
76515851
867122881
392921261
-1
82228264
-1
495351728
750759639
675293243
701592433
225085848
1068728957
-1
1157791645
-1
209394803
142323026
1242561455
-1
1599239590
266902985
-1
-1
107338766
298641597
-1
-1
8736701
333498183
1059349117
-1
58481551
484872897
174730145
-1
887337657
-1
613121555
165788420
487042963
1094582633
303237607
-1
419892937
30946149
-1
-1
-1
143206084
212718147
671562848
-1
91065853
682334327
-1
328836886
-1
309068113
-1
-1
-1
1043239731
177287657
407894683
-1
-1
-1
1231630898
-1
47649794
123594319
1047207132
1015975477
-1
-1
38822348
-1
950576077
524466913
-1
118545527
-1
213448831
635330587
1022184785
264918445
-1
965890351
-1
702606098
-1
-1
-1
-1
406474613
-1
1289688242
-1
-1
-1
-1
144830671
-1
316261767
-1
-1
1354231375
881806761
-1
31318682
1082461465
67863399
213415411
-1
285216322
143088353
55905323
18518091
-1
511415355
-1
60097967
1634414341
467079366
1444783124
960298215
-1
397090125
789112559
-1
-1
1827953044
136516403
-1
1549790029
-1
-1
-1
-1
-1
361938344
-1
-1
481864047
-1
843800569
-1
-1
-1
190884377
-1
-1
246873689
434507384
-1
-1
249350791
-1
697973613
-1
1205909877
246614983
947850889
-1
47001024
-1
-1
-1
92061151
234868153
-1
-1
211560029
1620403693
58481464
55815031
158221407
577357919
-1
-1
698368809
116980449
555198437
-1
-1
-1
-1
471339426
-1
272722556
329620733
975038763
-1
627554637
-1
273001442
438546125
74091875
-1
1241826051
560203863
272748421
-1
-1
94850688
937232259
365984935
-1
315930872
-1
12340344
495769675
818331053
1057821292
251862880
159229659
299993086
332466021
-1
1548834220
-1
711358793
-1
131455229
-1
30936506
-1
1133003308
-1
581317039
-1
625905306
427676731
588718409
-1
-1
281991653
-1
554023920
1318655428
-1
1138196905
812496465
-1
-1
1030335016
-1
-1
5579785
917280857
796607956
110990699
67756762
506867069
1081484780
64348271
18589532
181542699
1114356349
-1
1030404499
-1
-1
822102
-1
160626806
148812371
113489103
-1
111776234
97764423
188178493
-1
325639
1015738797
1199759579
1212917117
168194899
361509895
-1
371992579
1595146372
228671155
926156743
-1
-1
821281169
540883659
-1
267893747
118622042
127325782
-1
263735686
-1
-1
374261747
598292993
415035522
330133781
-1
29771121
439188631
674825063
-1
435622304
-1
-1
1144755467
280586271
624627274
471214713
231901693
-1
51215413
1284845945
-1
457679191
-1
-1
-1
-1
-1
-1
-1
-1
43097105
-1
538988882
56283817
-1
-1
-1
-1
205291293
-1
-1
6242355
207676629
-1
1132428493
-1
-1
138290249
-1
581153056
213882603
835094257
-1
704943259
-1
1032532367
295391860
-1
1012386578
74784643
722834795
-1
-1
403083822
54485667
299558442
93536024
185152024
1037989493
-1
867924321
995464061
1327810798
1017693611
-1
263439897
17840527
512794823
1683620776
-1
-1
393088497
799002145
19211611
-1
-1
-1
-1
1135521295
247911003
1532762465
1297475272
-1
247129197
4915517
1058113276
309083689
1001712799
21259213
766333089
-1
-1
1560849967
419574898
-1
-1
72513451
1488920591
131491900
1504448346
385138341
25033682
661383796
-1
-1
1635793541
624237403
-1
-1
387530511
-1
-1
-1
611264707
191319539
-1
1170058749
-1
-1
181971937
353185921
220274295
387785379
194042435
127686771
-1
30225931
854304481
850108124
1028287714
75008261
-1
114533785
703049663
-1
-1
181934457
695054202
130888811
666127443
10039929
309890996
481335501
-1
491618716
188177595
411123525
246994081
-1
-1
-1
-1
-1
-1
98501972
98692550
90493779
1532545
827108270
216877379
1025782328
-1
-1
333972838
-1
137462926
-1
114271546
-1
744357083
-1
277015369
-1
1216028761
-1
406049958
365321815
-1
-1
-1
361543527
1191527959
1333894937
249249081
-1
520357328
826186042
268040608
162554288
-1
125397540
135218525
885789229
21870328
4461456
446393589
-1
-1
239634445
1360163200
408811903
430576371
408238930
754521144
-1
-1
597250559
-1
333623233
250195453
145562575
102773472
766668855
297613987
-1
90124131
667611104
863363849
278477327
726780553
406304011
-1
-1
-1
-1
-1
1028965087
-1
596772895
-1
-1
292949126
350148927
996158551
-1
367763993
335457771
303719244
713045572
-1
599872586
561161107
-1
-1
-1
452031776
-1
-1
-1
451183726
921758607
317724495
-1
522337828
325974532
-1
-1
542264281
84431309
-1
-1
1158589281
3285546
-1
-1
1933142093
-1
-1
-1
-1
-1
215159869
-1
1053384624
1174669691
381132791
1884363
130563697
-1
226992697
130843907
998523959
1213966580
-1
-1
190696726
1918728541
90445145
-1
69965046
8523095
112119829
26107123
-1
-1
-1
279517102
-1
-1
414683735
-1
299609829
91060215
657834211
-1
427923117
191924857
-1
90498238
619721915
334425453
607607027
795361777
233988498
12020329
353076352
-1
99061447
85668352
93516353
308836980
447188186
-1
422982041
438603397
901355383
299558249
-1
-1
-1
126467451
746541427
-1
121946294
-1
967724442
613785630
548477727
-1
-1
-1
-1
672453159
1000157323
-1
-1
-1
224243996
664514899
310256488
1031367551
-1
-1
473370614
-1
109820743
97895729
243474749
104584869
103571589
-1
314550629
883638348
-1
118627868
-1
-1
-1
573878422
-1
-1
157540388
-1
-1
35566807
620950225
53069974
114417693
577885066
535916791
58427786
36516219
96212558
-1
1430310630
-1
131512166
666656717
145365260
1614129834
85446412
1303136465
-1
-1
265538220
765952327
-1
363377154
48878968
-1
1845568071
219802511
242309013
-1
573909892
328450998
-1
-1
-1
1338162486
631828807
-1
-1
-1
785576635
-1
-1
23437639
-1
287314376
1405750729
197374904
-1
115469441
-1
428499160
65717896
12165347
416021937
-1
-1
-1
816096737
-1
121733594
-1
-1
106713895
603660798
363149804
377325902
1309333793
1439841064
-1
994197493
-1
178733668
50014435
321419359
51398559
-1
61186030
-1
-1
421235526
115718116
322592485
1102733633
8640971
4686856
4372968
1140098077
320683886
-1
-1
-1
543244196
793993004
1135699309
-1
39104762
474565844
-1
1052236121
1396342919
300417557
654002911
6807276
1125934079
-1
95787335
320039521
110148056
1517059454
288966601
-1
1212446391
-1
222210071
440134143
123950258
662040925
320206837
-1
-1
-1
-1
1326275469
21896810
-1
402639789
168588464
278376139
512499473
-1
-1
-1
-1
599822111
-1
-1
606786973
346462491
-1
47356478
-1
144161231
711398347
1065888533
-1
-1
-1
-1
10595869
504293711
-1
1300892591
817828024
86316128
391905523
1924894335
-1
-1
481280335
1005156927
400378077
946836277
930136855
13330993
866800202
298083131
-1
-1
-1
150361807
360213517
653890012
263456345
-1
-1
-1
179975711
21315767
-1
-1
452264421
575548030
476056529
-1
13114037
-1
-1
118095231
525825467
764376122
222523337
-1
-1
-1
63645241
320520861
165599035
499999835
682692727
-1
1487657271
1071988221
10244508
-1
244166137
-1
-1
7118152
1169108017
187659151
-1
-1
91851006
173124382
-1
-1
-1
711499336
315145579
-1
323319021
-1
571318869
750468913
632450707
360207872
127515317
494697172
1012264416
-1
-1
87889730
40799995
14674061
-1
-1
903973969
1100845213
-1
179183114
-1
-1
56462827
103771399
223597565
1175592973
-1
-1
240773987
560935165
523659652
218301689
47242165
279965673
167678633
-1
-1
-1
412874840
123900300
65694470
152605965
1112701490
5174218
-1
-1
325216363
851208659
-1
547422661
-1
265074861
-1
-1
-1
-1
156025355
-1
-1
463901620
-1
975826804
-1
157862584
-1
-1
1152344267
316548797
-1
1662915215
-1
94636463
396252762
646198678
542503217
-1
67958051
317884824
-1
85946827
-1
-1
917806038
68254083
-1
397615099
1039688956
-1
1111163377
-1
947998938
916397111
50709160
59095540
-1
202604894
-1
-1
796198334
180072297
757223968
1311221315
-1
995440757
1279607685
309038880
484567385
-1
-1
-1
-1
-1
5330360
61439815
213065023
-1
-1
409323397
349252625
-1
301688093
240838481
897360393
66101421
921443336
618228171
-1
124415792
1324869646
-1
-1
-1
721732293
115675265
113014767
-1
56616372
423789853
56417714
1150355729
1176925595
-1
-1
954209647
-1
708900513
26191983
315328842
613896557
684743011
95790169
-1
-1
1423408085
984099841
-1
-1
-1
-1
-1
-1
-1
512845105
122594813
-1
-1
1411207071
-1
201063641
-1
-1
1665724241
-1
-1
-1
192003671
-1
-1
-1
745550051
-1
-1
277367578
1114110449
1238793335
12378788
648223435
-1
36741425
855828309
-1
110132897
247686744
636036863
-1
-1
591957997
349647830
-1
-1
-1
-1
560725
927628157
-1
126676907
1602147951
-1
-1
273654470
100688242
237516981
-1
691680038
415159951
589887783
18840992
1531880587
1113098101
362634407
-1
-1
390248639
500628181
1274051679
-1
-1
1597103439
-1
21828458
368175627
-1
518510275
1150131693
-1
-1
899515273
25343278
12270645
1107772709
281990991
-1
-1
-1
-1
1180178951
476795155
644762955
1404563231
-1
-1
-1
1173314555
1334782433
-1
-1
30076911
323274995
346777090
-1
-1
46628111
-1
584733232
40625939
-1
528216658
-1
-1
-1
-1
2994572
-1
-1
986511134
744754727
402437174
1108940642
444282536
816388593
165965467
-1
-1
-1
7975158
626455954
1873258677
684829499
567464585
-1
-1
314269472
1107213401
-1
-1
-1
4900877
-1
-1
-1
562080821
184347479
792265539
828108097
-1
-1
-1
615995503
-1
466953452
-1
-1
524974136
734930131
-1
117517536
253770574
-1
51774415
826477703
-1
-1
353634131
-1
826078183
1039162376
76731493
416405589
-1
1079912166
1101021415
213206709
-1
811492477
-1
629211565
-1
944990131
-1
317225765
838063045
104854427
927886479
508327501
-1
410859485
24349853
453669790
104054838
482081527
-1
1043697259
365717608
791155935
-1
728549469
85900427
263141172
188667786
172630773
82703083
-1
155581239
469627071
707887057
229066784
570172219
-1
-1
-1
-1
-1
584725575
91359439
-1
214122825
-1
1186866809
318952187
7167745
173133468
367217897
-1
-1
-1
-1
119764353
12430141
396370703
783000055
356663677
65277317
-1
-1
-1
-1
-1
309594793
-1
-1
227868840
-1
-1
-1
151077514
991639168
330247491
219299956
-1
-1
165850730
-1
16987451
453798367
-1
-1
301641079
80235527
449945059
105900274
548711587
316995346
43883188
239269197
-1
1073044372
193306313
310634073
1124979621
-1
-1
780534925
6678068
38240106
-1
-1
219871827
297503326
-1
-1
90936058
931960420
-1
-1
-1
-1
-1
-1
836715623
-1
907031231
-1
586517690
113473791
1487443181
-1
197691701
-1
-1
349765544
407812286
-1
1575460415
362335002
-1
-1
747883499
324705331
364337263
-1
287974822
649342305
36805463
-1
-1
-1
581959572
37421176
428562451
-1
581996486
1439193263
1182068245
392013311
-1
-1
23936472
1061486691
119965478
596736327
-1
741093637
405185525
-1
-1
590197891
-1
137670527
279882253
-1
278057335
-1
566278705
-1
395511319
1281236123
1545793047
343803339
-1
-1
-1
-1
98167582
-1
140429218
-1
860216883
720650815
-1
-1
1652875
313922999
-1
-1
1164183120
1276646039
-1
-1
359513587
430166119
315843373
-1
-1
362462169
-1
-1
339326681
-1
1356357556
1147012036
-1
1427044102
-1
109581273
206286974
96379824
73569707
1048066251
-1
426085882
122735349
-1
202658804
-1
979992028
-1
171777988
-1
174131363
192173521
1052401025
-1
1015515213
-1
222071498
144745831
62348719
406868764
294415037
-1
892060179
-1
1637186
-1
61858777
-1
342284143
666782991
-1
214284465
537951363
322037777
4826882
774329296
17504540
149620607
336725344
4029519
-1
5647268
-1
561386525
197422823
255743106
99832108
-1
1216947901
116046687
190884280
678144927
988656547
919553036
246158172
-1
-1
-1
7796275
-1
-1
-1
-1
-1
312524619
-1
-1
130252021
670568366
135037765
-1
250192358
114021598
-1
406752399
128633641
-1
102557989
229878867
1405331
365974854
-1
-1
339523267
-1
817993747
-1
1162846512
-1
-1
-1
-1
-1
31141789
176613807
900486722
-1
-1
241511993
-1
155958857
204787961
838536922
159499524
-1
129446668
-1
751752426
-1
174256328
-1
-1
294091409
-1
-1
1103442659
-1
-1
544568443
490218020
827270864
-1
-1
-1
108877638
-1
575557027
261632792
140723806
-1
-1
627298477
648008323
-1
908356891
-1
-1
204976647
-1
-1
-1
-1
-1
-1
1375521167
1048714088
197400715
-1
819327865
-1
-1
-1
596005500
-1
187030096
-1
-1
261618137
1024511088
394338301
38102466
1483537782
-1
139745929
-1
392470887
-1
415785467
-1
-1
-1
63962407
363537193
1557185088
-1
1720948526
584828719
-1
97382375
-1
81000258
-1
-1
32619599
498615121
179270599
-1
8193920
-1
-1
-1
-1
-1
-1
-1
-1
56891749
-1
-1
659018046
775487865
-1
-1
-1
405079796
-1
-1
-1
382624683
301072437
61075045
318398200
542732924
-1
-1
-1
-1
6728833
-1
752982989
368635076
56879761
415224616
1259721780
548685237
133706334
-1
-1
-1
-1
-1
169840457
71612221
1857923698
-1
550940957
-1
8039229
1177198126
1398202628
1312710608
-1
440786587
535342314
-1
-1
65739161
323486765
8727032
1182851149
-1
-1
-1
108864546
1531803661
1106103821
-1
-1
156019691
12399304
-1
52605149
417708274
1382493839
-1
136958182
216340337
-1
-1
1694189322
-1
1013964512
1458889553
-1
42476849
578580224
-1
-1
464504644
110282623
669496863
503747261
-1
-1
1776647
369240241
1349454359
-1
-1
420752489
-1
-1
1426180379
470581962
1149833545
93658363
-1
98749073
1235373279
-1
-1
1085912129
244953347
36348929
913813187
-1
-1
273338357
1009634226
-1
56455435
-1
1506623299
-1
363162248
61140160
53628311
925115255
944652697
-1
1069736023
-1
1161803576
-1
935326135
1343552467
1386302136
49644950
1189274082
1098581254
23133766
452723966
-1
-1
961662430
18232291
1144737707
223340989
180283789
256416249
596326065
492324479
1085162873
283690692
-1
389080165
134307221
-1
35836171
2630941
909558817
219211363
-1
-1
76711993
616820067
662778020
327938265
390944617
-1
679661611
215978744
-1
455037721
252429782
121245317
42633650
1104139019
312376867
-1
-1
-1
58069992
-1
739550213
405979461
255352493
258934953
617828761
472007571
-1
164207844
-1
37413692
-1
-1
1623186
674280149
1612247
823949376
1416329395
128709906
455317677
572839588
931185037
-1
-1
1634600941
63219132
858068393
-1
759518173
811494522
-1
-1
604527086
-1
-1
-1
478279925
-1
1369204000
464319511
562268749
-1
-1
297248701
-1
195842168
-1
391575949
466863125
33862384
15145783
315242309
-1
1227783058
757304951
66926531
842941225
623645617
18986056
961862196
-1
816833258
261425893
8227878
1106345659
-1
371601287
29372205
349551
12973168
674660001
879949495
658557192
361505999
-1
485068914
1330785949
411451831
1038211753
833747057
114806627
235155973
31764007
44794097
-1
125004178
1611816631
1493886063
758137522
-1
274602339
89081627
-1
73001359
-1
-1
24145793
697918291
180924598
1275396421
-1
-1
208330033
-1
-1
-1
28741245
381609321
645162869
-1
117679
-1
-1
1049740170
381291548
-1
1184444015
-1
1195023431
-1
9353292
1539359541
-1
618184751
-1
-1
-1
260892328
575751812
1079115297
-1
-1
-1
-1
427392085
-1
29388490
511882695
-1
46392418
-1
-1
650775902
1180334411
899644586
-1
-1
-1
-1
-1
20954284
842459193
-1
-1
826297565
1039661485
-1
-1
691452019
186090373
286746892
130234235
-1
-1
-1
1169414195
-1
-1
1093725209
108330069
424607044
287889010
181505307
177498355
614157940
45952735
270577649
1664099366
941336031
53815651
20701410
16285406
-1
929816431
-1
1027791350
703465025
-1
413330751
-1
-1
63819629
-1
153814598
236873431
837641993
-1
139656185
-1
-1
-1
856060508
452230054
-1
-1
1168300321
-1
681536677
119071289
-1
97511785
-1
493491631
-1
-1
1052516165
-1
113988138
201473472
115001410
701643678
1106042587
718904420
-1
365588290
445084202
1005043404
196572209
226607302
190400847
925268977
897880818
-1
735783047
1278499879
-1
223627005
364430405
35691201
901787431
24813983
-1
93172135
-1
-1
-1
1374632296
479098276
28706381
269009745
-1
188430269
748220377
502334665
-1
353814194
1730283856
-1
-1
21815181
-1
214370451
-1
759923441
318726116
100585909
-1
266925649
-1
934110304
-1
113904986
891916853
151878496
97135042
-1
575041971
844987482
36541181
398966289
-1
1267059451
254903256
-1
-1
-1
1334864819
470179036
-1
-1
1190802304
4220649
-1
-1
-1
-1
422801597
449130301
-1
779895737
132921040
706401111
1662133633
-1
943757355
30279758
15244163
343030602
918804811
-1
113102218
258974190
687438167
940158347
1852156425
-1
-1
-1
189106324
-1
406814139
151799209
814414457
364893937
615568377
1138033771
645459024
30234188
-1
-1
-1
12269834
-1
527017333
-1
-1
-1
610858071
25581515
518254457
-1
554197129
-1
421181893
1788547
197453
696722327
-1
-1
782328103
-1
192567506
6106645
337684621
1818145361
-1
-1
5276207
1271233
-1
205916596
-1
-1
954255737
-1
-1
98350333
-1
-1
152585596
123317829
-1
-1
102092937
-1
93608119
84340446
766723751
764497519
-1
186829021
329942123
1238016977
179044693
-1
634809735
1119578565
541019004
89439176
778457307
632911766
607246238
603625163
309488309
72008239
128312824
-1
-1
-1
-1
-1
796292009
1120128463
-1
-1
-1
-1
136739439
975665061
-1
-1
-1
779136974
831445872
-1
5381665
-1
90105995
-1
-1
72159182
349641273
-1
1047439469
713312983
-1
764773163
-1
282250693
410436905
290624165
-1
569286007
722487155
134388967
64035845
543664108
504344744
1517860084
1006243447
492349769
567353651
160053978
-1
289927012
1663228837
451835038
-1
660423172
13484677
1237793949
-1
-1
351242677
-1
714112156
514217003
581991665
-1
-1
631291608
82065421
-1
264239819
367947713
34239060
-1
-1
-1
22989989
289574141
-1
-1
276346054
-1
880527542
-1
-1
702795029
-1
1223584684
12885592
-1
765457602
-1
463270008
136073593
34167674
10551714
1144598313
-1
645943313
-1
-1
-1
1042530963
1324701932
-1
186907333
63414788
36943693
103914193
-1
-1
281286407
-1
96733687
956973536
58084976
1421325340
80912942
1373993124
268120099
90369091
-1
106684174
307901756
-1
236689010
1578531105
-1
16995413
217449378
57330376
22846298
824253959
-1
27293810
-1
891153011
445670839
1682903723
876124966
189977757
-1
332678031
-1
-1
146339507
866212028
44290184
-1
-1
185099645
-1
574005588
-1
18252465
-1
-1
1492032951
-1
1334297045
664876784
-1
-1
451769560
-1
-1
147911112
159650163
1602653693
-1
1358469857
1400672973
464831039
-1
342184648
-1
-1
-1
123170108
39255671
22035149
1245193010
1222448604
-1
718558445
66435974
1821280045
41506173
-1
182093619
-1
746417484
819183749
-1
343134523
-1
-1
-1
-1
-1
-1
-1
-1
187231425
200455481
-1
-1
123392657
334190871
145742261
57435720
-1
1785399
76755578
134964055
213788102
1606418426
50508437
-1
31235563
800755873
415864473
109570337
-1
668498040
162829913
907374033
51059492
10307570
836553679
-1
701877666
-1
223130695
-1
522255683
-1
26610023
281766673
-1
-1
132855318
-1
575984666
1134808407
590616665
368343489
1806242780
745689387
-1
943687806
461319025
-1
-1
1106083401
358710529
946246257
134747971
1304606075
1122444179
-1
-1
-1
146270020
258387284
990272525
305366963
-1
-1
161443777
-1
335186687
-1
-1
-1
-1
386836011
298645451
719897408
-1
145640731
-1
-1
-1
583043518
26839477
-1
-1
-1
485122429
-1
504617180
148129365
687918055
247404965
166718040
50426558
108050263
-1
763574002
176704680
410867568
-1
233010105
-1
677270731
592361029
714413196
-1
174825379
10060131
839440258
374687923
1127187061
300496883
510256742
-1
-1
962933776
-1
-1
-1
450944428
4231119
-1
-1
615173621
765485666
407051050
113402162
42793318
504347280
151651672
-1
994941496
57734513
1259204678
740003437
287509287
65451985
-1
1259734335
-1
12304020
444573684
693394933
857387901
806015617
192872500
734286578
166463943
-1
-1
972885378
631031403
907823803
-1
669211159
1585406183
-1
24810632
-1
294426895
1391835677
29464847
969360838
-1
136132903
415589113
77036998
715058444
-1
256404533
886174768
-1
32594635
-1
166629471
999363847
284541817
541063670
17917735
495882915
1760797
-1
176386541
-1
520195743
1347965197
449575421
106433297
-1
71479349
506051122
286154140
431049155
409653277
814141666
-1
220931753
-1
702380453
-1
-1
-1
1278778270
334650669
-1
474207044
-1
-1
-1
-1
344369928
-1
919176040
-1
263898509
-1
45641837
820556526
-1
2124937
-1
232664298
583041717
-1
1070441309
493629053
677565560
1555354107
394032188
13393147
1329384965
1670997037
782554392
1012770261
-1
1265103932
-1
-1
-1
458574411
55130089
31116072
-1
-1
-1
1291043077
130924879
1067512290
-1
-1
99295587
1698292809
-1
1097288309
-1
142803631
489867414
1418678121
319314055
-1
51679748
29413477
28279126
322634157
1459416694
367464391
-1
-1
-1
-1
-1
698397362
31628595
-1
-1
-1
3010887
252806766
-1
-1
-1
-1
109475143
34540763
-1
881317846
-1
-1
18762915
558687035
902359381
-1
-1
157323106
368558539
-1
-1
-1
563062169
780448934
-1
457142705
-1
313804647
-1
-1
-1
-1
65253836
392214158
296457867
598000533
1754439276
-1
697597593
-1
-1
1148356685
900040367
-1
12069762
1016153261
-1
-1
757879951
1443890168
-1
-1
21667381
411683891
623532567
512334163
1363858921
620757344
22230983
249936621
-1
604435012
-1
-1
-1
540986525
272099599
350736329
2514737
-1
1287485223
-1
-1
104179529
1140573979
-1
1133658047
689147183
22522428
-1
256741333
697484113
1454826370
-1
186324269
118590257
-1
297832452
229871026
1015328903
15206429
422396824
-1
-1
590079225
-1
588341576
-1
1234899559
-1
-1
112070305
-1
1547676367
-1
105791585
-1
4253608
59584707
67638358
-1
-1
278660929
-1
877999099
-1
642724903
348896435
-1
-1
309544271
295494589
217504475
994817444
-1
-1
-1
-1
-1
36762963
702799891
-1
1019082250
-1
338199131
-1
-1
199938210
652167293
-1
-1
-1
434061069
-1
33295337
301652591
-1
-1
-1
697364629
580781816
15920989
426480867
1326038779
-1
-1
351461704
-1
-1
-1
-1
-1
103015646
421413331
-1
-1
887216042
41788744
96630085
149560863
873260992
182092463
261263103
1101010495
-1
-1
465382609
92297581
223834051
-1
32212715
-1
-1
215932108
82620712
-1
644589681
-1
522317819
-1
33839579
-1
-1
-1
-1
203397682
74562071
177510337
-1
-1
78488195
-1
-1
-1
-1
234019911
632455976
370334389
-1
-1
234359443
-1
149297314
-1
77922827
571616767
199798643
312146340
557792982
-1
116489479
1012945343
856226331
1623142013
532308341
-1
-1
34373519
650815487
2588093
-1
-1
420609289
-1
119794357
284720791
-1
-1
322145325
541024418
586792717
99635689
20117797
821196560
-1
692371296
123067855
1013941790
644200749
1466032324
289403732
1353929221
50098083
-1
1455975977
13398989
-1
-1
591983307
428891744
-1
1397317531
-1
1197728024
248862721
293968456
-1
-1
7619965
1006988070
-1
375719287
-1
1401760865
-1
-1
-1
329582821
1396937377
637780894
963234004
74931523
-1
360595043
-1
335134710
1213243338
-1
1290627839
-1
43460544
909544713
-1
74213465
209957214
-1
178831141
-1
381077821
44845781
-1
-1
67996176
105664463
1023180327
1357670781
-1
-1
-1
-1
1411296582
-1
1179299843
-1
-1
310342524
53343446
-1
-1
750791161
-1
81452843
197063833
63461636
-1
-1
109040913
-1
118795009
486131131
-1
418679845
1687619603
272518866
-1
637972093
20044753
1617869421
979011243
51179042
64341770
1115390831
39008533
380801623
137988839
40534252
1399212778
30333098
1172574284
687075875
1403874135
-1
-1
375071786
-1
-1
-1
70728459
87168228
-1
63981143
287943367
404892954
-1
1271429119
293677193
-1
889716551
78494123
571741163
-1
-1
183243355
-1
826340201
822010801
-1
-1
387230245
-1
71054081
99072285
620643952
1149353851
-1
1432091725
2485678
717731566
-1
-1
-1
842588017
449699135
8812897
235326133
-1
32359045
-1
297883363
428024568
98531014
817843125
-1
625358041
-1
1288296240
511093133
296895629
217721919
8370513
1369768184
-1
363799511
91820039
952864200
1812827227
-1
1049078750
-1
379724325
-1
-1
332795979
-1
-1
-1
-1
819143409
-1
1428232857
-1
67469681
47911043
-1
648841561
1449654419
-1
7032670
-1
-1
252205752
1516046579
-1
849432777
1105140179
-1
635217685
147375581
-1
886225271
123665121
-1
344725233
522179060
-1
-1
331329431
44396871
476304029
-1
280485325
1286662660
336625919
403104934
624989500
86323288
-1
-1
182225163
164334829
7103591
7373542
397936737
-1
46327337
385552666
-1
1462011058
41007359
110092924
325807169
-1
-1
220106638
867585546
729310957
-1
623738893
265364475
507472723
83499181
-1
-1
876000367
-1
-1
-1
530309866
-1
-1
842066960
-1
473759247
187397568
358818753
1732553939
-1
364923349
361321871
-1
-1
-1
-1
-1
24125769
2740645
311840927
-1
668807976
921584679
-1
92088349
-1
1412258989
580632839
88851989
980332857
575850629
-1
207846503
319358703
1494321721
115813206
-1
-1
1238197722
726376299
434216995
1360970521
658248113
32242978
864336384
222323289
341481317
628397432
-1
964094823
-1
-1
177660545
40162619
897735227
-1
-1
71619027
178375717
4919233
186875384
-1
-1
62452411
181096897
-1
1317924721
757321148
913031279
1182893141
-1
-1
380762833
502693425
239240293
229695233
631139116
-1
-1
67741306
1056164249
669787164
7950477
119110501
1295241756
1322318397
-1
-1
403134260
26385325
84403089
615685827
66055168
-1
191713604
367256323
-1
635114593
-1
-1
523878566
407878463
1310912144
-1
-1
1021586201
260306131
604813372
-1
5082461
-1
107202431
192743609
-1
12380235
-1
-1
132642188
-1
749899907
-1
-1
939776092
598039141
-1
350770115
29501237
-1
420760669
1393608821
-1
-1
396243657
-1
277222333
-1
49234169
1205274952
206807770
1466566659
1017162526
761543135
598321593
-1
-1
-1
49228924
628554051
229896296
115398103
-1
850387173
70028310
-1
-1
798758879
621145172
-1
-1
-1
54100271
-1
-1
1208363289
1061714757
92411798
964980395
602739835
-1
256991999
-1
65487547
501099113
39010285
-1
-1
-1
-1
-1
593984759
179943756
-1
-1
-1
81660263
484909190
728717513
312190449
1344013777
-1
-1
-1
-1
-1
253127339
655230843
781070560
-1
467189415
257035849
-1
449336946
-1
-1
-1
135849480
-1
-1
-1
491807923
-1
158176215
-1
362260126
446003525
391310197
162659938
1369256397
468020427
823515121
99975175
282465367
636874123
537075953
-1
488722449
361733185
191571491
1321784099
-1
-1
38055065
-1
844045669
214520017
-1
9338853
-1
326020067
707896031
1545691893
-1
1132351756
156561767
-1
296381356
1095968777
1207512809
1470049012
124123970
-1
548293979
-1
231287351
-1
-1
-1
-1
-1
-1
-1
1474089132
-1
1172128252
59970611
455868610
405524633
558503377
3863368
-1
326567399
143026657
47476415
-1
539699597
1223206242
1112482589
-1
261533487
101196171
83278131
43460725
234039018
167466584
-1
33131101
544086986
-1
439655745
1243914955
106359127
-1
1789976892
-1
-1
-1
65273104
289240885
972026982
-1
394170991
288190072
292079962
-1
248270025
1110126727
-1
-1
294647644
1523132837
-1
370294061
-1
744948663
-1
-1
-1
-1
-1
1455571007
49609347
303622705
-1
-1
-1
-1
261263475
579589708
1174129856
16183011
-1
1857729095
106866917
406230177
-1
-1
935677679
244842815
320242831
939633553
-1
290930423
522220614
188942131
44173845
-1
1881636334
-1
257704201
-1
1530788111
859094177
626361299
531137831
-1
123934898
1057919584
-1
823171567
107141970
-1
-1
118109494
-1
58322043
-1
245847617
163815729
160319534
-1
182468791
-1
-1
734589487
-1
379363251
119742615
126306423
1260992781
-1
144115827
-1
270359847
-1
1632735817
182579885
439873529
-1
368773021
1424798289
819596144
-1
-1
218353039
-1
1186407669
598322106
-1
-1
-1
160176968
56681423
-1
195101494
-1
-1
-1
-1
1223636951
-1
54482018
285697089
-1
1335217637
49271321
1512161457
378243125
301222423
31092901
470072075
-1
-1
-1
286677480
15001049
542625773
-1
-1
609588164
-1
1388726838
1197334037
1465668858
594253214
271904097
917648280
244159157
30492804
800995730
-1
-1
845564926
21924386
-1
-1
-1
-1
-1
-1
-1
-1
-1
-1
-1
-1
14794131
158472203
1468134235
115397051
-1
-1
40389639
1072986665
283263463
706415129
-1
-1
1513195793
9157631
-1
1846972558
-1
57889644
1749025883
146863053
1603941197
1057364412
749411623
1087837488
-1
250077377
369879961
525984767
-1
377532027
-1
1702101605
-1
-1
358775365
-1
436481887
-1
1516645411
113298731
-1
78449808
1492004721
365028353
-1
424203211
18180463
-1
126741855
1101437263
-1
-1
404687871
956301871
54604413
173329349
16418281
221343
47588305
922733015
-1
794658931
59815679
-1
235638101
965574942
-1
87513001
-1
-1
26036309
1529921949
1710425
648868357
-1
-1
-1
-1
-1
1372139744
219220015
-1
559834611
-1
-1
702877135
-1
-1
4149065
-1
267627074
-1
649499401
350441999
683744902
289754501
26018587
-1
875390030
-1
1150411346
147142055
-1
420944022
-1
282149143
347844299
-1
-1
857377427
77356459
-1
-1
469395103
-1
1595447323
1385383199
60388079
-1
102575725
-1
98391648
-1
485277512
25347901
779588601
832740461
-1
441155003
114655919
-1
1273982591
29582302
-1
1258248616
156743100
-1
460867183
-1
505743503
944341963
-1
15216316
-1
70778536
-1
-1
29407649
181104977
105716431
721262307
654208106
2380183
-1
162195223
169408906
-1
1377582122
453921449
-1
-1
69479734
69550076
994591
5828232
1093381033
-1
-1
184649217
84975029
952645157
-1
-1
-1
96654602
-1
197240279
411172589
266703736
8020777
913975895
-1
-1
-1
-1
-1
92294443
141482827
366894727
687630244
-1
391561166
828282963
-1
-1
466951371
30312550
189293599
-1
478710148
-1
133098116
74372578
769969326
-1
-1
274680354
-1
-1
-1
232856354
70704311
1051457053
1284378174
-1
1416516470
725264629
1119887
-1
-1
391265030
-1
301798698
66334745
-1
-1
249298820
-1
-1
111046781
404125497
607936075
144627813
-1
400650358
-1
-1
226002139
-1
-1
321100303
-1
731026170
726296928
-1
1131501173
258378645
186051796
318464437
403679860
-1
-1
1184092794
415516588
282117263
902521190
-1
556885750
-1
678040851
-1
971157309
-1
808492935
-1
1000474324
-1
65992349
-1
-1
-1
-1
623306185
757378920
41436141
381743531
277067929
280063621
-1
1119057443
368577273
144795721
61038982
-1
-1
10963363
-1
693423967
-1
120876375
-1
-1
406652642
686578007
524718873
-1
-1
-1
1101303415
-1
-1
-1
193848109
-1
179232983
371476678
31364353
-1
-1
696202431
-1
441051898
-1
-1
465525307
676523195
870509729
-1
163269415
336765341
-1
-1
47681806
207830275
-1
454292266
296918714
750878161
1672097363
773871278
1662075739
46479594
5155051
77050998
-1
1859409099
459739498
85784683
472614674
-1
-1
89319965
299019851
-1
998647989
-1
741870305
-1
-1
-1
139057294
-1
-1
255726113
-1
274681193
201414839
289126132
479523186
47830866
61903317
459329999
123580991
127679766
-1
80584405
1260491414
-1
751706615
1154455357
-1
45241729
694655712
386055753
-1
104393459
-1
723656763
14700827
1651679057
270787309
253653850
303164802
-1
402640031
231061121
1154792365
990034709
82976363
291448298
224888216
-1
1111466131
115792272
2649727
577552590
1544506967
-1
22312783
-1
41824087
451459129
-1
1371507867
-1
-1
57997397
-1
-1
-1
1500426570
395854261
136874408
526167543
211463893
-1
500344979
666481583
1045176359
1239953881
-1
345268678
799885311
-1
-1
-1
214160056
10807615
1197991565
-1
300303032
1468173079
-1
96960032
1219561929
171660997
-1
380954774
447342039
-1
-1
48360291
7026959
8615463
-1
-1
-1
335087460
123134368
103713247
-1
-1
-1
181377515
-1
-1
691189773
234134389
52765866
-1
-1
1222600813
-1
-1
-1
361818069
123729419
222216346
-1
-1
-1
217778503
-1
-1
1196045601
-1
156771290
-1
98770501
-1
1213302322
4783813
-1
-1
-1
-1
167834573
-1
-1
15490732
455984947
349407105
20074600
27030776
710800871
1090767419
132360223
-1
334767529
239971357
-1
93332935
-1
425966754
268833180
88727093
825515807
225390911
-1
-1
-1
735830340
30137264
27381563
17384828
199671559
405309461
40372015
-1
190030651
543514461
305110177
1279514
488263913
-1
788412874
-1
-1
-1
448027752
-1
759478005
552628669
-1
-1
1142912099
165040526
3018703
17518261
1209908736
-1
52009379
96352329
194941319
1110877661
-1
85819616
458741376
-1
1370681692
1035134965
-1
362220177
399068042
-1
-1
-1
280181185
133443864
381021392
-1
5886182
-1
1649261854
274292152
787932220
96993067
-1
-1
4804941
1663964845
-1
-1
192101449
135255559
242546202
1129462151
732509358
378506615
-1
-1
1346838721
-1
695164207
1299868804
54064180
-1
9960038
-1
-1
1054368051
398613939
842101113
-1
-1
915214354
986386456
-1
40262126
-1
91382075
371586430
-1
374387933
-1
131839153
1236142388
480030349
740275181
177868791
293296256
796301179
-1
-1
-1
487382279
-1
105403457
-1
-1
522264378
269946583
953213565
915509521
604937432
162924698
-1
747303934
-1
-1
70470579
729089065
1152251680
-1
69022018
-1
304851581
112850613
107049885
-1
-1
132414585
822867037
46854165
132196313
-1
315426123
-1
-1
34525325
233628557
1033480747
386613916
-1
-1
-1
-1
213842712
42920417
-1
56980696
430572611
-1
-1
123846387
866745105
1418593106
180916075
-1
90579271
476230848
114042569
593053786
-1
126487255
44866657
485574449
1051171421
167392325
-1
-1
1344612575
-1
-1
-1
-1
993876195
228205285
-1
-1
405738839
-1
-1
-1
12810769
1074133973
26593220
-1
692722369
556986734
-1
-1
582689934
396971881
38230718
-1
-1
24042139
-1
295381109
249752580
438026798
-1
-1
526777907
15682440
441477667
85507656
-1
1431634177
647698313
125926012
1547287537
655661806
-1
-1
303028778
-1
-1
60096827
278495867
440675285
398691431
205382757
442804625
435758590
-1
1778706319
-1
-1
-1
259377403
716220411
846862933
-1
396691025
-1
-1
-1
217029459
-1
469421081
166293715
117317563
-1
1686003268
381207462
-1
1160381254
243231913
336950291
-1
180429699
914515365
-1
534288905
170689527
-1
48132685
155427709
624564018
-1
-1
1252769318
-1
113098156
861953451
14197949
-1
98058098
1879714553
80076280
720981907
-1
-1
453028108
-1
1657649279
-1
-1
-1
856520300
-1
557321016
-1
175761802
1447620697
-1
-1
-1
-1
-1
-1
-1
-1
-1
204072839
35189477
1016400081
201409297
216542657
996240353
-1
45693893
-1
-1
1389290223
-1
-1
1896526419
166248461
967614452
282010217
265660501
-1
-1
342257639
-1
826416241
1545982489
-1
4973793
160795335
-1
24754233
310619791
87707088
111268670
-1
-1
19077305
388928976
-1
214267582
1353506121
291844390
-1
691183888
-1
38320904
-1
-1
364578208
12789787
77384613
783897463
-1
-1
221753423
573273909
1145399014
-1
515206459
119267031
-1
-1
207666483
-1
-1
-1
-1
-1
90253769
-1
-1
541504328
1153871262
207114490
1690616558
-1
-1
93834627
643307737
-1
-1
-1
277487971
-1
238529983
-1
-1
932660693
531801358
250676683
822825427
-1
-1
333073309
154657751
-1
-1
1251409733
-1
-1
326156283
-1
-1
50480259
87872907
188344409
-1
109789589
1898872837
500362945
91338047
319214334
-1
179879107
249970325
210143867
-1
169741692
-1
-1
-1
110195684
173810590
-1
130139743
-1
10319977
780665691
232019908
1132189041
-1
-1
-1
782398665
-1
1748487911
-1
-1
336346323
23459189
724815225
-1
502629512
665142948
151632656
331270065
-1
433193416
-1
787680830
628689109
-1
250803943
198267669
305009691
1308063193
972836157
865399601
198571730
675450161
391354007
-1
-1
-1
1458169469
591283261
-1
-1
248091889
679235359
-1
1603971825
-1
-1
-1
221578256
1335375775
346497377
814712213
-1
-1
631535862
842625428
-1
74593298
300577503
-1
149048573
782651094
740748903
192949873
756801809
-1
1098423274
1042501170
-1
-1
-1
-1
-1
470943433
121741882
-1
54608276
-1
-1
-1
-1
36210893
56950539
794660701
268390300
65043358
18907385
-1
-1
-1
269769358
517907631
547826029
754764417
-1
-1
-1
1258129385
-1
2227771
126840044
361743344
-1
-1
837356027
331507127
70716573
1758979650
1242201852
1166302667
-1
-1
-1
454351745
270228116
229515085
-1
974290150
-1
161119001
593117123
-1
777197821
205991593
501038627
1097471170
-1
188212563
495698366
474248622
97023820
-1
-1
118041915
-1
439655242
-1
527121074
-1
498846307
-1
115951906
-1
671970973
-1
216264883
-1
1216404345
-1
-1
742982738
378012657
27563843
24878093
38105547
-1
80849707
-1
412258054
-1
318848501
292264422
15432228
-1
397152421
275059174
1082885911
702463172
-1
40573391
506876100
457127590
-1
922365787
-1
30071185
-1
76910345
-1
-1
59682163
296751435
-1
349110345
717112838
-1
433131739
-1
93202685
756121362
288675059
112608491
-1
247987605
-1
10903267
1247016502
1015944214
716002587
26192551
799233574
-1
-1
365239585
-1
107983782
239758578
-1
472460387
989154178
-1
-1
1040064685
-1
-1
266325445
133026136
1336801415
-1
-1
-1
315423843
356242940
119705057
-1
1184955713
-1
-1
398352917
417933069
-1
-1
-1
-1
726904734
-1
247774555
410812765
1971574
447959496
989529493
-1
423243835
-1
-1
763260319
-1
-1
18236212
-1
-1
-1
-1
651045594
-1
1201616395
-1
-1
197096612
689331686
-1
-1
759604995
-1
110327178
-1
1459241983
1896282
-1
477044367
604929591
20019903
530168190
1028325584
409169737
1162140728
-1
140450416
-1
568662343
-1
275592297
492593003
126527149
-1
-1
13724809
658481722
-1
678633203
-1
-1
-1
68194495
377289654
201665161
-1
-1
624842805
-1
1203653267
614277128
806427167
-1
1477933023
852001390
-1
-1
1130507293
935775348
199511572
-1
-1
-1
-1
-1
266413135
293543225
330377489
1241408127
99947063
645063338
-1
116446576
853275380
52990769
618953721
8556175
-1
-1
104366474
-1
983097737
112589245
438435418
960088019
80916553
1654479581
-1
-1
1057842477
-1
28937207
1359229231
-1
-1
186297243
1084138112
-1
1175308985
-1
-1
509055231
-1
839786938
1356830407
-1
168997949
-1
296255309
138676097
-1
11768681
92822897
-1
-1
-1
29938497
612890381
-1
-1
20014937
-1
-1
283171283
254347064
264183217
-1
-1
806455843
728394936
445266841
17255447
-1
573633429
591768239
267262665
3510631
-1
-1
619719280
-1
-1
-1
-1
-1
361257776
-1
333391947
-1
377139607
361853834
1276533627
-1
-1
128449222
1231664647
-1
-1
-1
-1
-1
553235293
22040815
-1
-1
843413090
81937669
48857825
543336867
104755199
515691481
1323962659
1298416501
-1
882735897
649856731
-1
1136033170
533035225
116232851
965493537
791777740
113139296
759911917
95636327
417944915
-1
-1
686922758
-1
919595595
-1
-1
-1
527778527
678125739
-1
9486249
-1
1047925713
-1
-1
129603224
1530764201
-1
-1
181852896
200979293
-1
758610321
905577084
301120141
255354113
674766663
275554051
-1
49815554
339442156
176704810
-1
116111424
619433650
-1
847838657
372413061
584984289
-1
-1
314243084
-1
78729779
-1
527636507
1533520227
393524865
-1
117980532
18816127
299286059
-1
695813097
491521506
492667759
880142501
73746021
1118365606
775709561
-1
709387733
1371048429
397484422
543718399
265798541
955749428
-1
69238623
-1
-1
257310247
550707346
198164145
854158120
-1
103910925
223818873
-1
152564462
1181676095
-1
76917842
99643102
1511321862
680069231
1536600593
-1
-1
61438646
4723070
2167919
-1
337161592
344888887
1204355937
-1
-1
269180394
-1
211219551
-1
162973720
73162103
-1
-1
853189849
245016801
39053216
198275407
-1
1569453421
-1
-1
167075792
-1
36834728
623024207
912847909
-1
532668182
269380851
98918963
793006881
28775849
642636655
-1
943487
532533715
-1
-1
-1
-1
-1
380988498
376305123
1507211844
1163744167
-1
1393311145
-1
-1
-1
450950627
154510016
-1
-1
-1
951752065
71102256
441196464
1028305193
389421371
584509775
172015069
1047829231
877663115
145293564
636948048
267157035
-1
1418542271
81465121
293732129
41144423
462540457
-1
-1
33980392
-1
527115647
862802328
-1
-1
31351127
265724452
1144985886
572346899
-1
27243780
1036540259
46440907
-1
437998786
673052993
1241406687
-1
-1
455084937
397460526
-1
-1
-1
860450754
131436736
36653111
372124696
61630529
715431797
236774560
-1
355262631
1144388236
-1
339293912
1242702214
104447155
-1
-1
1252048793
127988303
-1
1489559084
136202335
383435189
-1
-1
474056861
658424033
124665651
-1
205834530
1109804065
524890730
466927272
-1
312036613
113063007
587857387
719674755
971934990
1305924721
252673685
-1
753080911
-1
361970083
927605257
191139923
432356329
369150001
706564205
-1
-1
329147718
39692809
-1
-1
606250044
-1
-1
21981831
656226395
23532727
-1
7259228
-1
-1
658773944
327296870
-1
37506393
292377076
-1
657423360
128341833
-1
-1
188919110
-1
-1
1160766800
511938769
1575633125
153558421
-1
1450221893
-1
327530966
-1
288094669
318246983
-1
-1
-1
435272151
442587941
595914245
1142190528
-1
150742807
656533807
-1
-1
469991359
1634085839
414603619
338854180
993266449
12408051
949843855
363268943
412392825
91486028
-1
739397843
1122059817
464266287
1373548060
191844435
742597377
-1
-1
-1
-1
39759287
-1
934464864
375218034
643931326
917924173
-1
1170867667
186699572
-1
-1
-1
192994472
254927495
266691745
514045649
183146713
27187334
209157849
231071261
246482829
-1
-1
124077547
397485481
-1
938600525
-1
400938535
138182801
25771939
175461145
1080275046
-1
226258298
-1
1257967937
559906729
-1
382405773
1398287015
-1
234028882
-1
888130467
182147541
1013690779
144677493
35486227
-1
-1
7276919
314484319
436172575
-1
4729183
127206775
-1
125321707
379680204
181608244
-1
1129751768
83012529
-1
-1
910963686
-1
692886584
113025545
652661123
-1
-1
1162097029
419581705
597408783
-1
-1
122727978
986129798
-1
-1
-1
-1
63915249
332373066
-1
30762021
31304411
-1
-1
-1
1243323722
169226735
103990354
300279751
-1
1511309
1101510679
153315873
-1
725109500
1046303567
-1
807685721
-1
189848091
84172207
-1
18974057
656731796
325373823
179759479
676177313
-1
258973705
32544961
-1
-1
647284473
472762292
-1
-1
-1
1020202584
888263329
248180800
370432459
674264671
155091581
334545683
-1
-1
-1
1130886427
-1
329724049
108788783
-1
516585305
716833138
345861123
331321851
-1
502507177
97299419
1003175038
444901922
132525827
-1
1019922265
175833463
445191587
391583104
334528602
109228632
363946171
-1
316007509
40406262
499647324
-1
483744185
146226430
706296251
495862796
838242871
154089244
972443679
-1
46163812
-1
357308237
1215300257
184733515
1021707299
255772570
845694678
1949592163
-1
18461340
161017609
-1
193030132
-1
120071486
3827551
-1
-1
866759930
-1
-1
558509735
-1
9261398
646314243
-1
-1
-1
-1
260173985
968340858
166080185
1783332251
53564258
-1
314976449
93494393
-1
442392068
1009295569
976827547
332093961
-1
-1
379456504
638336652
1886127945
-1
194540196
454549855
125561786
-1
35147195
167673690
802354682
520021306
196946959
-1
-1
-1
-1
873076483
307188176
-1
-1
-1
546463135
446402921
-1
-1
751310853
-1
277907081
162522331
-1
-1
389327977
1186256765
-1
-1
855795941
421838753
-1
48885196
-1
-1
-1
152951817
220809636
94174037
1096019527
120003984
-1
1464773765
170166565
231217963
18806065
-1
-1
-1
-1
-1
-1
-1
-1
224159312
295606587
1193973946
706340401
-1
1212479358
274504961
-1
47541423
373764583
437951800
677198102
-1
72130103
1265997332
352154430
-1
497145882
118705310
-1
121165330
1644492059
957248037
549464789
96086635
-1
25063467
891172861
-1
-1
829795694
211649083
343563022
-1
-1
51932056
142721161
-1
644087964
260923037
548438308
-1
827096439
-1
361173936
142096699
154142062
11796567
388869333
508821082
-1
1449364406
116309661
714705979
540301621
-1
127988725
161772937
41730076
52474118
-1
185233950
-1
-1
-1
330801021
398382248
30650068
27903282
174254471
-1
-1
450078977
-1
-1
-1
-1
609491563
670988033
461378239
-1
54686417
1493259687
-1
-1
-1
980633372
-1
921699017
-1
174143943
915771098
295526506
682921715
-1
-1
-1
-1
-1
-1
-1
-1
62844595
462858283
-1
944254159
-1
-1
-1
641362793
-1
455653316
53151819
590621752
859896910
441989758
940688423
542018421
1660983879
-1
942764442
-1
699882323
9472158
-1
-1
470842665
535631053
258319964
-1
351822201
173773568
1269539523
976448849
38580647
523025512
-1
-1
193404219
1605352037
26155913
1577600241
870001505
-1
112714284
698566942
120782707
-1
137744741
179382711
427429351
81294116
-1
-1
-1
-1
160037921
678389266
-1
64823116
323590813
111042433
802486933
97081651
-1
-1
34891
117083657
379315080
355594529
453894731
-1
-1
-1
84360896
10824488
-1
125116501
-1
745848729
-1
-1
265191928
957411401
-1
-1
-1
1251975860
-1
551482221
1100129357
-1
361907859
-1
-1
906738548
-1
678641495
1588977221
945367616
-1
537539213
88235029
-1
-1
-1
4970550
1140081260
-1
907521782
942857490
-1
46953127
-1
-1
23512195
340387202
-1
85294702
201915672
148019435
637972481
-1
1556259709
58635230
