-1
535155403
1193930531
-1
-1
817668397
727562203
1620029647
1488192163
1122236875
73450369
-1
301033796
1812617701
-1
125553440
782283359
-1
-1
-1
1436563101
293868806
-1
-1
646261541
717991123
912525363
694577537
25107319
-1
-1
-1
-1
1125210503
-1
-1
-1
-1
-1
220971138
45065848
472793039
-1
58145474
1106574115
-1
106777987
-1
290590027
340463558
1304619175
697383097
275997741
-1
796577278
1764924308
939674284
-1
256193989
1620522997
444552397
62268770
-1
360933566
381554399
910555366
625687637
-1
-1
930884460
4864844
612611353
523094963
-1
758669989
-1
-1
240276859
-1
9818731
275277863
-1
792742757
-1
1284438101
-1
-1
865814239
-1
1645936376
-1
-1
-1
454754084
1301333693
125429630
-1
-1
-1
-1
-1
-1
-1
377985073
-1
537593153
-1
-1
741397533
152453857
316900791
150079959
-1
1591946655
234116939
-1
807323322
1137974133
-1
-1
-1
36133135
139939931
-1
-1
-1
623968994
653775368
-1
-1
181005599
-1
37462625
7151870
-1
-1
716950283
130607474
-1
267848955
149195703
-1
820088744
-1
-1
-1
3724961
-1
-1
50856911
857221879
295081541
140000731
-1
-1
562613
-1
-1
680422957
502188201
16760597
-1
-1
10217031
-1
679918201
698494351
-1
-1
-1
-1
685145800
405071738
180548516
-1
545002051
-1
914124955
-1
-1
868949029
428044528
-1
250021467
-1
402235008
910335298
-1
855850010
140944910
1624319717
386918325
-1
852034611
356496885
-1
107427617
83708306
489734933
-1
-1
1249971674
-1
-1
-1
761122569
241767361
-1
1199900922
-1
-1
-1
839398798
351186296
5141445
179056325
1081992208
309913736
-1
137242679
192978467
-1
-1
441182081
20353514
686544709
2521993
-1
26551355
1169321533
4539669
619050073
1165778311
310796579
716258165
1090980612
289773171
-1
608397989
340191741
385085040
-1
175088995
564235669
-1
-1
-1
-1
135006122
1129619220
34607353
934966217
430041689
-1
128607769
-1
191482847
-1
-1
140751830
-1
262889495
-1
490784303
454801847
-1
677957689
-1
-1
260391959
417477319
26304096
-1
247525556
230887431
-1
999263003
-1
-1
-1
503948193
-1
336561415
1075845376
-1
-1
233140685
157168049
-1
-1
75440119
400915267
-1
284828833
190018007
766599357
17789258
621784220
-1
59499896
-1
-1
31216194
175407109
-1
63625901
-1
-1
-1
-1
-1
-1
1705907469
-1
-1
-1
-1
208360083
395220869
585860280
-1
1150327731
1123717526
-1
-1
509355037
1577425247
69610639
988106366
122411343
-1
339998713
334479
189959979
-1
4693639
6470680
244515539
826932573
-1
703557671
720575373
121288668
-1
-1
-1
40421623
-1
477914763
1037251001
-1
-1
-1
438908381
470216037
473223862
-1
262294834
1235629775
19426537
142533655
-1
511524274
349677859
179908415
-1
-1
320950436
-1
696975310
683789149
745614886
-1
813223680
39768525
178839505
-1
-1
120643892
180547291
-1
-1
22854900
-1
-1
-1
690130993
168587861
1162216571
4316685
-1
-1
51713227
1060739342
69220198
954341369
-1
-1
22888404
-1
382824447
-1
618169105
12062783
1092306370
150054839
123192616
-1
-1
462479618
1106217532
63216398
-1
-1
842354102
109496159
-1
495793433
-1
96294785
-1
935638785
1590060223
-1
1253179
-1
-1
579486185
141953409
959209575
325286616
-1
340710839
-1
-1
378953084
-1
126455587
599271986
-1
1193570986
-1
-1
624178193
-1
-1
20602000
334405157
-1
9550297
394430982
268758435
-1
-1
217031176
-1
-1
214951189
34779097
485480752
651192893
-1
-1
-1
1554375
162501557
-1
-1
615161587
-1
413912476
799598608
-1
144537303
385676112
-1
1314017794
554850340
813847335
1013351455
-1
1344197497
-1
174458773
-1
404961527
88797743
1507931751
-1
-1
1415741926
-1
462307527
248675323
390307157
213840117
361797502
-1
380128335
324114317
281007926
253950149
78603191
-1
1266307891
876962432
-1
-1
1335854018
393846365
-1
-1
-1
-1
23770215
823644618
148517457
-1
6169923
510288893
-1
126747271
-1
-1
-1
15206633
-1
1087895449
-1
-1
429384842
92199413
103560409
-1
-1
732507981
-1
330659614
-1
191907073
1280896167
1058501542
804568322
406986725
206399603
-1
-1
-1
48029221
84925802
470670827
-1
574706933
-1
1916841924
-1
527588200
384232981
-1
285449116
606471857
787284553
70708183
-1
674059087
43521792
431536507
175095725
747793126
835789919
562761077
10829490
-1
-1
700344194
280082235
-1
27400668
164803825
487661794
1126132892
20075752
500042999
-1
-1
-1
159591023
-1
282336654
607622979
35205717
53062513
-1
1213684937
1446908143
-1
390696766
-1
-1
988713737
525645363
-1
-1
-1
-1
1059153883
337174973
289845821
616631699
-1
603012331
-1
744263654
-1
1642219472
-1
-1
-1
646835485
150358755
-1
624457751
507036432
409834925
432248204
539141929
148979327
1537098231
-1
845950187
-1
127907324
-1
-1
199770512
29311226
-1
150660630
-1
-1
1203679335
-1
1212257
-1
-1
-1
-1
69254831
53363305
-1
464988185
1296561220
51516945
429644960
119061927
-1
-1
-1
-1
467265566
1223623971
9173403
1607024506
-1
440318965
140746418
14376311
814623231
-1
120161134
-1
-1
-1
1304547413
-1
138756821
7565398
4270219
143884128
299733314
1232407297
20243263
-1
1360157737
-1
-1
-1
580226234
688757607
-1
-1
1535079
251504157
1413822
-1
-1
-1
2051728
-1
24435905
1000208
426595555
41350889
-1
285699150
-1
-1
375374467
7372585
574227370
358455167
639834245
-1
142993862
-1
-1
-1
-1
733583645
-1
836261220
-1
1209631393
337852213
341659061
233010162
-1
-1
477626327
-1
-1
-1
-1
-1
14337201
1063706075
-1
179256359
-1
-1
164592931
-1
463390075
-1
303453601
22301022
141409997
147439793
633202133
71458693
-1
154673774
103802631
388576814
-1
-1
-1
400784869
240795485
33040275
-1
1070474655
3808045
30614321
-1
-1
105239429
-1
339497095
12700603
664414156
-1
-1
950268641
29694804
-1
-1
-1
886239843
1063262610
57453119
834146332
991734137
-1
-1
1024186631
399877289
-1
-1
1083177763
45284374
-1
-1
4799269
-1
-1
68804221
596517771
-1
260388100
123390837
852511236
177405481
-1
1150342886
434545
-1
-1
-1
17288033
377972721
-1
59222751
945067843
16622686
499765649
741354141
217999407
449711451
-1
-1
-1
1408310656
714364694
-1
385497863
636014741
-1
1146561271
-1
606074003
624728732
-1
1232860190
1182098800
-1
13372423
521874711
-1
449207902
-1
1433210699
-1
515717808
-1
-1
461995739
-1
399276471
-1
1231199031
1273369835
-1
357941135
102918553
-1
293130292
1037709405
1182054853
-1
-1
-1
867386873
308734451
46316513
559338087
-1
1624055713
378049449
-1
1228665065
13294251
776003562
1028581217
-1
-1
274322637
105799742
-1
714235401
-1
250234404
-1
1075720650
14058703
377407607
475032775
617916025
183301949
-1
1221291454
-1
17240450
260180681
1349100342
22832491
184187119
-1
913918187
-1
526287827
-1
-1
-1
990068297
-1
124620776
197290424
-1
254660299
-1
-1
817592359
-1
120939405
444920449
843080577
454831556
192380739
691568107
-1
236291717
929983227
-1
22922429
-1
923706625
-1
1360138262
-1
-1
73386084
-1
-1
-1
-1
88190037
-1
449555908
-1
835072637
-1
643585510
-1
17411516
-1
-1
-1
934063551
1204014989
1521216574
1034710071
1119285658
994372597
-1
-1
162745262
-1
1034662623
-1
-1
-1
-1
560587880
-1
1550238619
-1
40329127
1432365079
1061922571
-1
11782167
211580286
-1
22120750
3002161
-1
6047314
-1
719781223
743875267
334510394
-1
-1
519763982
858175168
-1
-1
963888588
548598649
-1
-1
807304517
139723871
-1
-1
-1
125031076
-1
43760606
149580641
995009877
-1
456292458
55726525
-1
1389643823
490642231
23862587
215384519
50919352
-1
1214980413
1337922141
1813964169
-1
-1
-1
441749366
397124204
-1
-1
-1
541321267
831606743
-1
-1
6638507
-1
-1
199612520
142161449
402740585
1463288069
-1
756237238
82703087
15735779
-1
499594963
427034093
640954101
395801675
619664812
-1
21351582
34696722
188913953
399528062
123652173
60301027
-1
49816433
-1
1007998539
-1
-1
610870344
-1
317076121
1380923227
-1
597388423
-1
-1
348768487
-1
-1
-1
45745993
1817702533
275254212
-1
115565165
-1
420778993
-1
217258232
-1
-1
478775116
206081397
92883197
566617368
47677294
-1
1125108326
43654829
-1
1095521021
312542017
-1
-1
141336557
349133573
854534458
482590339
-1
1175121578
205195343
-1
17496403
984928627
77665261
20247821
-1
332894685
1163851083
-1
74254666
-1
130362614
978757461
278535603
346263541
104241688
-1
776950453
10441609
-1
607944628
129317624
443274284
428802799
238621739
1219395001
-1
1525525189
259392368
-1
637574221
396076011
500918419
303959743
-1
563542267
-1
126182156
-1
122432212
187403359
550246903
-1
1151646459
714902009
1452680821
-1
-1
-1
-1
819153516
38641323
-1
99230212
15134579
-1
753942782
-1
160603185
1112761132
-1
79680917
-1
288060345
780869289
-1
-1
1130406493
1024930865
-1
-1
-1
82229914
132317963
-1
621181683
454395584
-1
305356307
390049138
1006063713
604834985
108131763
-1
-1
-1
-1
-1
1733257355
541914315
688108177
219273115
-1
1078589128
206879442
132791311
160968812
-1
441628085
-1
266650322
888266726
-1
-1
401652007
68008305
523864840
-1
-1
913165537
-1
232945670
-1
-1
-1
99747709
-1
-1
-1
-1
-1
-1
38131052
27464427
1234319342
9117514
310674141
299040301
-1
88934821
-1
759114592
193737119
270906014
741848255
-1
151712148
-1
-1
992250093
-1
359879413
1488328379
938631724
966659964
1705799302
1043003003
202806429
329970403
-1
630746916
-1
1094318753
-1
-1
1508631021
215644435
-1
462753516
484778176
470824321
-1
-1
-1
146262635
247253497
-1
-1
-1
-1
-1
-1
-1
-1
139797094
9178882
1362673744
-1
-1
652995169
-1
218732540
-1
-1
-1
19001909
-1
247838827
-1
-1
-1
560708482
1046316351
-1
86044466
198999715
1145625391
45047132
1003517561
444587329
48514094
139706395
-1
755017289
394843608
212539245
606010777
-1
-1
-1
237268441
606698014
917176669
348709171
-1
822324901
122929187
176778773
1159860
239383316
-1
199581141
-1
-1
-1
45028132
-1
99537539
-1
498779273
-1
1798867679
-1
-1
-1
603859105
-1
-1
186464985
860033600
69014987
264640608
-1
-1
524114317
1101346264
-1
-1
563514697
212653067
311060635
1450824109
1608487309
-1
745256247
1750466045
-1
113513575
-1
703924953
243911397
522867479
684763602
62314137
1367785453
-1
-1
143830058
298533794
108394574
-1
626974890
208534299
381218350
-1
296234757
-1
442946849
30769012
10527439
1121678449
-1
544313623
166815463
548814608
265350548
61637676
-1
1131811095
-1
-1
-1
40477409
-1
-1
5074870
289511749
817678223
-1
59629933
54587489
388596076
-1
19994915
-1
738409957
-1
-1
277050205
-1
-1
28459223
491375668
398822356
327644229
231394023
-1
-1
1468995657
146017281
-1
808816010
188920277
-1
691148759
72702862
251998241
73881137
-1
83714548
-1
-1
14035329
266473422
520659754
213026101
-1
-1
57409661
394508288
-1
1034733666
526282766
1316605003
241710793
275409640
-1
1063962211
-1
928164093
165318081
71144089
30244761
439677211
1203039704
-1
-1
-1
-1
416004107
227413994
704851
688677515
42364284
-1
746192151
176864085
185517760
1849965811
401235502
-1
-1
-1
2521009
1172525329
442490090
-1
8299391
673542691
3724746
-1
-1
-1
-1
782926918
1561553259
-1
392063934
1213296849
109373195
116801537
880084165
660828884
-1
-1
-1
49161230
-1
127591091
-1
454077286
522436208
-1
-1
1640731907
107257167
800875274
451513345
221743631
-1
542663015
-1
508376545
-1
-1
-1
-1
-1
502548601
-1
59671101
948319849
104288006
711212984
-1
15571354
636859717
-1
188336769
379525679
-1
-1
346082662
254397068
1941575
171296884
117741613
375489849
734722025
-1
-1
-1
21357785
-1
221492661
64227551
300455163
-1
-1
595246244
1281857251
243287078
25555847
966344709
673997113
60200793
-1
12735325
-1
279523298
1428125091
1004185308
893163684
731998927
-1
-1
111441112
351301583
686458370
425951101
112542053
-1
922755634
44273063
-1
-1
-1
853797485
262755871
549839146
788435722
299698
462919843
536398427
-1
548703617
576272319
1096736117
189416594
-1
357191049
469639187
-1
397047718
418450992
-1
-1
87457401
-1
-1
396310971
178885316
1216072288
-1
221589491
-1
273549677
185333996
-1
-1
48868756
365482139
25732861
-1
-1
320801246
-1
244294811
-1
-1
120602647
441822040
-1
1691330355
342244471
-1
700099961
95584700
-1
33383850
361789139
537333341
233699318
-1
232729942
89897267
240258459
4012209
-1
80613206
37442611
432624777
247346489
60899253
281156079
-1
-1
154248307
512960429
270543224
528012976
187701904
-1
501132786
808354331
-1
-1
-1
374625747
36702591
-1
573608974
70627472
-1
-1
507299964
-1
136160067
-1
164993791
-1
-1
-1
1099136146
867764139
-1
1336240599
258700467
-1
392725553
253203729
-1
-1
1042441601
1033973528
-1
358475666
1035391839
-1
316604497
1318440788
-1
-1
-1
341089865
81133695
-1
889624267
-1
239400185
940562065
24320619
86714871
39356556
-1
88874382
41894976
42777857
-1
53272408
-1
-1
-1
882552639
-1
253221266
-1
953656953
549851523
284964561
218019529
1461176737
1085237450
1264149595
-1
-1
125957414
108072899
-1
-1
14208717
-1
191490191
1776794071
-1
17851207
37245703
1105956097
-1
112761743
96744528
-1
77383677
522075203
-1
411320249
-1
-1
518418043
-1
-1
33942709
-1
638783936
254543453
-1
-1
-1
-1
-1
113848295
-1
-1
1383747947
343861945
89080261
-1
-1
594448925
820095358
-1
-1
-1
44040148
-1
480536496
-1
80654279
-1
519254893
-1
-1
31376654
677587660
-1
-1
22564482
632767935
589610657
-1
1028861074
394568377
309900394
-1
-1
1582950862
63743564
482125307
6126287
339223655
187412917
212676187
-1
-1
-1
-1
-1
-1
1175175824
-1
1242525937
519779219
-1
-1
381947269
-1
673588101
-1
735680891
1213862409
931526393
917838805
798597745
-1
107993889
285983053
-1
-1
-1
761373101
21467891
358515490
521337604
-1
-1
324187297
870098886
325433450
698310241
206082367
849416743
1251573360
694197339
-1
595045858
10431270
53233067
57363047
-1
107298160
508451664
-1
-1
-1
905643316
-1
-1
241208525
-1
369585005
1527061834
247506807
1007363695
112845572
124173138
769344986
330697611
-1
866339077
-1
325833082
-1
539763471
6220021
683160229
-1
-1
377395286
-1
1023899543
323067208
1033317241
-1
-1
-1
184693165
-1
188596728
-1
-1
-1
1118904895
-1
117938723
66590740
16527431
-1
896297774
408389574
-1
301643469
148226149
142140075
-1
304145283
323407125
-1
731164371
-1
-1
-1
1066983925
1270903297
1840722889
-1
131497754
-1
258306184
762773653
-1
177497341
-1
-1
710170850
383929804
13793939
67667175
-1
21086947
1009934935
-1
-1
1485177667
1123741737
357846334
-1
266760273
-1
-1
50011011
-1
-1
25577026
271092377
1070030788
193618091
1024624013
82231624
534332686
-1
-1
325353329
1444438434
416693945
1442431559
392043521
2671005
1278962071
642574433
10800473
322450241
29727596
83676589
1210326449
283359483
-1
707888110
-1
-1
126067702
673169968
13455801
767134864
1959139
-1
-1
1254619627
-1
-1
-1
-1
1568267352
-1
854990170
382780868
274507531
-1
-1
1716106000
273777987
-1
-1
-1
-1
1055950118
-1
-1
435922513
-1
333393451
357196386
110563236
1688381965
-1
-1
5125300
-1
244170266
1486204151
-1
235036007
651036233
243166359
339298580
245936991
643948842
-1
1530601566
-1
946055239
-1
41563786
430875347
828970364
1561550166
-1
-1
-1
-1
36790123
75567749
960333
121687351
1459275423
-1
645863691
-1
913279611
-1
679123181
-1
931084195
-1
52196126
681293838
-1
613841140
-1
-1
305251563
29222343
150204623
-1
336587539
812512416
376904333
23685671
-1
-1
-1
-1
-1
451134407
772670969
804631864
1371706062
33340569
-1
-1
243962764
-1
-1
-1
94336942
335020699
203782605
914360749
544771312
507688597
2311715
-1
429796119
107271807
-1
-1
188915121
13292558
333386262
9556936
260930651
-1
-1
595596914
1658448650
-1
350439567
-1
-1
-1
-1
44391769
-1
-1
73766247
485003576
200900669
1312463545
42705477
178150123
71048713
682500886
218523901
717583679
165927800
-1
1336370979
1376013571
-1
1183345732
-1
749672621
296534944
140624114
111126311
1188203003
-1
159439964
245966463
-1
395336127
-1
-1
792833301
351867283
-1
-1
485695047
-1
-1
37509347
556044672
159212499
-1
37281473
-1
351230471
-1
-1
1016558479
-1
22647403
-1
-1
11097821
716034905
-1
-1
133037588
-1
126759203
-1
76714517
-1
65567787
1143005836
410176123
234137997
8736698
-1
174255566
2724245
657153645
379160910
160566167
737021527
-1
-1
462392879
57152601
-1
-1
476721982
-1
-1
534554625
-1
708823474
1847244167
-1
-1
-1
20208451
-1
-1
42781007
295304509
-1
945464195
160602386
334247105
-1
425721600
-1
262282715
-1
-1
299499635
67897025
-1
42398231
-1
-1
149283728
-1
297850699
-1
262054559
-1
883998656
458106991
825287638
65499434
353996242
830354436
-1
-1
14635222
-1
687504913
-1
285750722
74928668
-1
340329617
61091086
548170748
792297054
-1
-1
811801673
21382936
-1
-1
-1
394349001
1159368791
505010945
477207041
102001325
-1
-1
-1
-1
119878272
-1
-1
-1
140555111
558597680
-1
1506226525
639003584
-1
94832845
1346381317
353330120
13604374
549438647
134844103
502896633
196431679
-1
224217854
-1
-1
-1
61147192
-1
952072747
-1
1559470565
-1
364899843
151651951
189918829
323896299
-1
-1
-1
-1
47770793
1060518599
-1
-1
878123969
82391290
174660571
227162749
802025010
-1
772771417
43388008
38918017
785548055
-1
235948303
8223936
217095391
-1
800089385
338276768
950461639
137625937
-1
1140287465
335013259
231685639
1422351323
1223232119
335901483
1086516142
401325747
128029990
51130453
1065443497
-1
236890805
-1
250708419
-1
-1
-1
-1
154894008
243641477
318048515
1026368415
-1
897042559
1369638161
-1
1325365302
-1
278502227
101998799
222573895
171314966
779883236
1021457521
140234793
-1
367484376
-1
-1
-1
253759807
395780781
-1
367494117
42441057
1110893225
353768291
1007852
79348291
-1
1028966314
-1
130644444
-1
150770581
-1
1551685243
-1
177890941
1703153267
-1
-1
1376696581
41794553
-1
773673118
-1
121423262
360532189
-1
-1
-1
950005293
228090905
-1
462879964
1215656037
50749283
-1
30321180
77484701
-1
322957772
595755884
1048453306
-1
796652987
15703013
-1
335432296
-1
-1
-1
536451287
697951899
-1
326536476
-1
-1
49602519
363996535
945349664
705776845
512678954
567328838
472421125
-1
1550193088
702963970
-1
248586060
460687839
630626840
507922375
461545890
-1
1391415166
617528986
125008081
-1
-1
633014663
278598113
276303026
224094959
37416994
812747942
694517711
533329135
197754162
1133995291
-1
233275678
709105362
281479291
-1
1118478791
23038983
-1
620604187
-1
675119324
584444765
22532505
875325779
-1
202026625
77837495
249546343
-1
155623641
-1
-1
1444474986
1175081716
1290678993
-1
930935047
691717107
598139493
594351495
240412076
-1
-1
41538751
299408799
186199502
389427789
-1
-1
666962944
671969869
1173337211
1017420612
-1
802110692
729255539
-1
1157045003
42574175
1103807512
34667857
-1
-1
237142357
186368859
134700137
16227201
-1
101461283
105157983
598584160
-1
-1
414073365
309989112
159978883
-1
-1
-1
-1
-1
266236031
-1
99721579
95175547
350079334
533605997
-1
586397167
-1
82909527
-1
139528084
-1
940489049
-1
-1
-1
747048599
220824973
91856979
-1
10854118
1314959531
-1
-1
-1
177331200
497469605
-1
612273362
101222133
95357146
424264598
-1
1059481627
-1
48078334
-1
1239830193
-1
-1
247929711
569340535
860917047
495332909
-1
-1
-1
-1
-1
-1
-1
-1
492134983
858124025
231203373
649299877
80219872
1058970838
-1
120484517
353368795
139676938
206953371
396887488
-1
288353373
-1
1462095
318886667
-1
-1
433221765
1009326153
271741761
511367941
284299103
-1
170458469
-1
1643900111
950475495
62090244
32985007
437930071
94661367
181988704
979629717
-1
1398945211
898057313
643314111
184746366
439678573
412961600
1248137260
164596899
-1
166154238
-1
-1
-1
757329341
928312370
1321236653
198163567
701856758
-1
300443747
69756305
751453023
-1
13798903
637685998
-1
899125730
399610971
-1
692626929
123227689
347372089
-1
-1
333519024
-1
-1
35731422
-1
-1
519152219
1077610560
82555147
143399956
-1
-1
462405345
417078163
-1
134022687
8813131
316224621
555908688
1186382041
124447982
-1
90659979
285474498
388854611
-1
-1
-1
1309169387
-1
-1
381142850
645829615
638997267
505225539
1288644927
-1
-1
17019731
256911509
687003509
3563412
738799471
-1
22157882
1071985913
420553252
93251573
688038738
221055961
148240205
-1
1387211828
-1
-1
24449924
-1
256932253
942748676
1307209090
144947753
-1
-1
-1
-1
388508854
1258136364
345448336
1073453599
186703693
-1
1042797650
-1
91582083
394732450
236665541
-1
80622389
641146911
-1
742548164
384709316
550100346
109354339
864416883
-1
-1
-1
876551561
-1
1411827075
-1
751089323
-1
1612386817
-1
47074009
114151783
-1
-1
725153479
64714809
-1
-1
-1
323333648
-1
586448266
-1
74978208
1101021774
1070367184
-1
-1
33870413
983678671
-1
-1
1910224596
-1
1350113039
1291999768
65018063
690211609
-1
121782723
394079368
1045941596
-1
-1
-1
60627845
-1
81070201
1422011649
628510831
-1
-1
3580961
-1
717592403
174194355
587611058
550402897
-1
158083121
423237055
-1
312181997
-1
-1
311054287
303474761
4556387
1291863882
447795685
-1
-1
199917969
291788509
1557534541
-1
-1
333366215
-1
500109575
659100359
689142508
-1
-1
655507206
1036594462
910088902
-1
620942351
-1
501538797
-1
139834169
-1
1681744537
1697131189
-1
287287635
292983272
1720838468
718342890
173427505
-1
327724913
-1
216362817
-1
-1
-1
-1
1380772187
467440655
-1
-1
-1
784124685
466275772
-1
-1
652926528
-1
209633059
1703646507
79921987
-1
-1
-1
-1
938597659
122564347
39415717
797903529
-1
550156666
125147477
-1
-1
-1
-1
177697379
670133895
9664401
-1
-1
347331865
729689474
60888920
158343752
-1
567453667
454654654
196255061
-1
446631777
24674337
37876434
205938368
751934529
-1
-1
1383000129
-1
1109877291
296224233
1496771255
589752053
-1
-1
190912071
730449005
222026353
-1
-1
-1
314876653
-1
140160950
-1
-1
90455619
192883362
-1
354457198
146802037
108797293
523770513
-1
1313411525
1820489893
-1
97815694
-1
277912860
1750816823
-1
-1
41147082
259753700
34755627
638134577
-1
1280143453
19503166
696842335
-1
-1
98996927
504003684
1122872041
168099784
200506708
1212146333
98973845
27488030
205576849
-1
-1
498360750
539763998
-1
-1
137558980
259400477
-1
1079686617
-1
-1
6617875
1061434569
-1
-1
1300054835
217882891
-1
-1
-1
217508581
323927237
-1
120198917
43296607
922027534
-1
-1
-1
877711567
119670013
458863533
-1
38628444
631625942
-1
305115589
1100613010
383587367
-1
-1
-1
66604881
481725371
767666035
-1
-1
-1
-1
-1
166800345
-1
-1
2556217
1427059204
-1
659205128
1672343081
198121805
154903895
-1
-1
557269993
1239171267
-1
-1
-1
521961496
-1
470436381
191682978
615656907
-1
379127845
734217617
-1
-1
-1
989056159
-1
523214740
-1
71568835
-1
-1
1350060697
643930807
1260137895
80617730
217278119
-1
-1
684814421
852163666
763144134
-1
141023486
1234821986
-1
715749017
3077835
1342349373
718683803
-1
430417029
-1
-1
-1
28083572
59424589
10161028
1313471105
-1
30746663
1119441178
-1
-1
54438650
-1
628417064
157242905
699371306
-1
891540503
-1
20683999
-1
-1
1211446282
-1
1034933235
255070658
-1
-1
-1
-1
-1
367797431
75447518
212639102
850475825
-1
-1
231050895
-1
8275205
-1
-1
79087855
1084298617
-1
315119542
-1
-1
564263137
-1
-1
155936462
97241977
183353038
-1
139090503
550752063
667312987
260133532
339719256
36319665
-1
-1
470045813
960745384
310286875
73797460
279018887
1464572715
580994539
-1
-1
96051512
-1
323184967
-1
-1
116788233
186315631
-1
1455102179
400638615
546369211
17207633
-1
-1
408624401
668744487
11921040
-1
1663433009
185127237
266025827
508987459
-1
-1
118278757
334219952
-1
672421293
51965007
374991259
506088189
39638601
1678292753
-1
-1
86401706
-1
-1
-1
630096739
-1
743684473
309755736
-1
-1
822044015
387854641
13414556
1792433989
550320246
-1
-1
87395776
-1
-1
-1
139358403
513946135
-1
-1
489704189
-1
-1
-1
513779079
664899761
1319668415
1345986509
-1
49653003
-1
307316715
264233517
608703713
672193948
-1
-1
117444179
292937106
1212666751
31161938
629640087
817493713
637289971
402159651
275117893
-1
515411595
-1
-1
119457231
400694209
604799358
-1
58199708
-1
275213078
-1
436176523
-1
10139882
514067686
-1
-1
280937719
319722779
1012918
-1
484916843
-1
-1
999834007
1114235369
252311373
1450426673
97020414
1416655223
-1
-1
-1
-1
1405681093
947743471
1417935333
-1
34261820
-1
-1
-1
-1
699376435
-1
-1
428313727
255100078
-1
-1
1222742969
-1
1318828723
1799334820
73793787
-1
-1
4023298
-1
147696572
-1
167819843
693504187
6087160
121247437
5961327
-1
245614318
639037684
159729433
111223819
421183371
-1
1101332583
67976600
110271758
-1
-1
-1
-1
-1
131924916
-1
1068304809
-1
223374443
-1
405176716
-1
-1
-1
837050930
331569750
3613142
11366701
198548712
-1
316960675
-1
319860211
486795971
61966179
-1
1497492657
-1
-1
89991541
316540127
452459977
-1
770323238
-1
563615212
-1
400929598
-1
244077705
518756013
860572487
385614308
-1
-1
-1
793842669
953872368
646524035
29261896
461547674
243542026
-1
-1
-1
122290348
-1
809067241
14385225
436145455
-1
-1
-1
-1
476822615
-1
-1
-1
-1
246901899
-1
65632823
267330260
-1
1135523339
-1
4614171
843598118
-1
-1
151765735
8372653
1005848344
555889381
996990443
576961954
806003431
-1
293541680
-1
1077551803
124177617
-1
-1
23679536
960014829
273837122
1389659120
17122716
275945949
-1
1203245887
1094635747
235750048
304500167
546095538
-1
339166342
-1
213870043
-1
-1
643913524
835362923
-1
445946195
966579053
1356548773
547931151
136124399
1502593705
150132682
133133866
934341449
-1
433223578
108034681
60726711
990372121
288133409
796371841
-1
907541291
-1
72989390
1522408764
1365777098
155142265
13484714
76280293
707342729
127359152
-1
-1
425225315
200345081
1194529622
559823198
198746837
574758686
787611201
-1
61465555
-1
-1
233213894
369990863
-1
-1
-1
-1
280318765
247805407
62397643
-1
1504537025
-1
279862334
35706399
-1
217879183
-1
-1
1004478619
1672214836
1391601205
-1
576925531
1192142652
-1
1048171370
-1
694854573
268197635
-1
28623050
529616935
200730467
-1
699813022
-1
-1
4294996
224942013
-1
-1
136951517
1275689317
-1
-1
917133083
-1
-1
-1
76607600
229756799
584530009
20120297
849481259
77939619
90086545
-1
716133748
589949945
-1
195227033
-1
122044293
288733307
-1
-1
1618250769
15224727
-1
1944397111
273127382
-1
91139458
559792286
646716268
-1
742627312
1514191347
-1
-1
-1
587507210
74309531
960537131
-1
-1
-1
-1
129843177
121853265
293613251
1763995099
8845859
-1
158283182
11446547
1189809682
61040221
-1
-1
-1
-1
-1
-1
674354184
-1
-1
795116968
-1
-1
-1
1556766967
-1
-1
-1
8574046
-1
-1
112175133
-1
1229573915
-1
-1
1175107026
835053425
-1
-1
40923087
1275843568
1088978461
182218078
1874969992
184049617
-1
371498029
491975320
272080465
373235108
8671952
-1
-1
-1
471445395
-1
-1
1732910703
1298916770
1787874128
1430747999
144614920
-1
324443874
50326817
1093600961
1702478
431543839
2274001
43389082
-1
5044066
103111841
815133886
251640761
132787616
-1
-1
-1
-1
304446607
-1
-1
61966449
-1
1489484021
791201645
834654946
-1
1058769857
-1
1219623331
1416696328
1205577139
-1
-1
-1
855339997
1468335814
149532907
-1
-1
-1
-1
-1
38238581
113072904
-1
-1
-1
-1
641025335
589840395
762603261
594672640
892980392
-1
-1
967351687
293793541
579077417
1550152109
1763457
911308943
-1
67609379
664968316
777765389
124702489
10109555
67564145
-1
-1
-1
-1
558827551
887460433
810280301
1017351947
-1
-1
-1
61597313
-1
-1
-1
-1
12307894
-1
594733250
-1
435909415
953478783
373217437
-1
292144935
354141258
1650700325
-1
1314803627
26518986
539721811
-1
1127973725
-1
111698599
-1
-1
368198963
261679319
-1
-1
61664017
371921647
44914482
205049666
-1
-1
-1
1115510317
-1
-1
-1
204324201
58544
-1
109114553
419435356
-1
-1
358050143
478820974
99866537
216028145
318386219
31283801
309803255
1215380808
990007439
-1
192939636
883907972
105409909
931655036
-1
-1
285608544
101689350
-1
-1
-1
469126697
493977127
760303631
224365031
-1
353930131
-1
345197191
356437855
864392345
-1
-1
536978101
1059147281
-1
-1
-1
1136531097
39750605
912695665
548717354
-1
3226484
389793769
824960644
-1
-1
1260281308
-1
-1
-1
188488747
523266587
-1
153957214
-1
-1
-1
-1
1199965437
1699788623
-1
332757674
-1
1618536732
1056007671
1339368345
-1
1017384216
50926603
-1
630854797
17683669
-1
-1
-1
-1
318526435
-1
-1
-1
-1
-1
-1
-1
554676125
267827057
442482132
626076407
740786763
48686835
322551693
-1
-1
495690293
10036982
231870964
-1
-1
939205659
-1
318471693
75657066
47071820
-1
1012601103
199806044
302609807
24218875
761778313
359702995
-1
180997447
451024563
46187997
-1
912776313
316816319
213686696
-1
852659403
-1
-1
-1
1471279985
745368354
-1
197847355
-1
-1
32813724
306068853
13514423
67246897
55315891
448630611
-1
310050099
1349331236
310416632
603088028
-1
613361689
519778385
-1
-1
473123589
1382156929
690243839
92587721
220332254
271003116
-1
-1
511073201
-1
-1
-1
-1
-1
-1
535393666
217994686
429667
-1
476216954
-1
386866006
-1
1343586515
455566921
-1
877067371
1251814442
-1
1514803667
-1
322388323
199421443
-1
387077960
583957550
339432542
689693588
-1
451285748
1176309829
993869285
1239517314
366487093
422652961
63925431
-1
181335901
-1
-1
186276637
-1
1928171761
-1
-1
1018069146
885173057
-1
-1
-1
1785772907
268631024
-1
-1
381143123
-1
1455659023
97090005
-1
283919123
502364915
295740155
-1
-1
-1
-1
93057215
40212989
-1
165580604
22871593
-1
947121371
117744892
-1
40296767
-1
792298204
860971158
-1
48900167
-1
425759031
524797623
278154520
152050697
537088453
49109337
191950199
572857250
-1
19818183
448144233
-1
-1
366860096
65965943
227537671
28820139
267852965
-1
-1
252195875
-1
876762844
1009755092
441221505
53542810
1098881557
-1
215164059
1529619254
-1
514425443
-1
866311603
-1
-1
288509696
645058035
-1
5082919
1698042321
302298814
-1
214581481
65415074
-1
373410797
675391966
-1
512584439
701666987
-1
-1
934214117
-1
311946963
-1
233708693
19434282
120001672
-1
-1
-1
114785815
-1
648727229
32834884
507707704
753842499
-1
211206244
-1
-1
667710341
102437971
-1
96434489
1602685545
661201103
171391629
22604927
1732859308
643643192
-1
717497256
-1
-1
-1
-1
-1
-1
352498375
200312796
-1
-1
-1
40067782
641610421
1331777427
-1
677797961
13884350
-1
790599639
634964993
-1
900497663
309633705
-1
5929780
934444746
-1
293009567
-1
-1
194714352
-1
-1
94498931
200148395
937306684
-1
131259509
379884094
906254073
390732298
-1
997514587
-1
825961441
-1
197427443
-1
154811549
94718420
314681029
-1
79010709
-1
1368274538
145315937
-1
641338439
530330095
-1
534637066
-1
-1
-1
144310724
946086327
-1
-1
85024885
318082099
-1
471330073
-1
-1
367609212
104929543
-1
185896525
-1
1145956467
1864554253
425350771
28744888
-1
-1
-1
333420610
700857830
188218738
-1
-1
1487045695
258338599
998704857
1114946626
115919259
189129841
1070043391
385496623
417627089
145005881
803806283
-1
-1
256563394
1343359649
750565952
859151105
71847069
459696201
1052613461
-1
-1
-1
177100977
21007193
-1
197037441
266862788
-1
-1
-1
936801497
564688357
-1
1370139001
-1
-1
81811747
793507694
-1
405090263
360622183
-1
238261828
-1
-1
-1
28355657
140033424
-1
1300017726
115515735
-1
-1
717167504
-1
657227947
302325828
176773611
620189986
639798165
-1
28952120
290513087
-1
160817239
-1
145901467
2545355
-1
-1
416538363
219715787
-1
-1
977640379
-1
1060029532
-1
313704983
300089716
-1
244888348
-1
-1
-1
578786698
-1
-1
-1
200837506
703481839
-1
-1
608344978
869755099
755387896
187201407
855229521
-1
81657345
-1
64565639
150371654
872044531
59057598
47802882
-1
-1
147941599
-1
-1
358118856
-1
1306456732
97604546
-1
737881665
224643539
54509741
118751482
769841708
234848098
-1
99918632
7273227
-1
439947367
9829103
44469653
-1
-1
-1
908690935
1104343051
551660714
217086887
341507640
102692481
-1
693169251
18502342
46510903
847688158
-1
-1
496479209
-1
241599940
266736464
452915574
46966879
498553995
-1
265590579
1230498040
-1
282667376
1495362145
179677436
230715899
392101686
745148413
65543941
919730737
1040186377
158812749
828684181
543428073
919953741
429462211
-1
443730079
309682949
-1
-1
213068273
284508083
416778100
1474455685
1287243959
-1
920518425
9280385
703599430
362876133
-1
52718529
-1
-1
-1
915597466
512012449
895801259
-1
-1
491063805
-1
1637833657
172844678
397132160
-1
1375264529
1626695273
542240802
-1
925296843
-1
270760069
906162432
1901415645
-1
-1
-1
-1
518596159
157572994
764868115
796383195
312728070
586156901
1525903852
-1
538825505
154152885
1100415024
-1
-1
-1
89258485
-1
-1
75621975
-1
1237442812
-1
-1
-1
120653301
-1
270359138
310332901
1649887845
-1
609234031
173779512
18773573
-1
-1
-1
699948571
-1
509676709
-1
697342146
252125709
-1
-1
357512949
91809979
534865832
213175114
-1
1300071812
131167675
-1
-1
-1
975461294
-1
1690744756
-1
129596959
233247583
37312326
-1
-1
-1
407474954
302610994
95480276
1511856553
-1
-1
602977138
-1
403895657
-1
-1
-1
664099329
-1
-1
214794278
650047347
40959739
415274891
-1
-1
21503676
-1
415702754
1141893057
-1
-1
168717961
356103604
97253608
1019717017
1043956751
-1
-1
-1
-1
72419817
736998617
861695666
90163571
-1
48466701
222791216
1187095277
203181127
-1
-1
42075635
1685574019
801353493
2417759
250296859
97669693
-1
-1
-1
-1
55763401
47232701
691302423
397287128
66092597
381042252
529111887
288736864
933437917
1251026750
380817697
181114801
769895266
1071332861
35420120
-1
48425923
299975315
215575417
145799580
1086389931
412881192
-1
65803109
1457207236
1094833245
-1
-1
302429087
744284143
203739191
106298233
-1
1228656560
913460276
-1
634908079
158480678
-1
224627902
-1
1184883946
96490409
546766619
268511297
-1
61526973
967611053
-1
20382273
-1
256972631
57098093
-1
-1
578546611
650656802
99129645
586111957
-1
122390247
1023316351
-1
-1
405243349
-1
-1
137587213
-1
856578694
-1
-1
1133019412
59897055
395136902
13500149
279162398
1108827952
-1
230113759
819991499
10304467
605503515
105657718
1130544079
-1
-1
-1
25458168
1050199073
1048854782
261075053
-1
51314733
-1
1041781
628572096
-1
440067221
106466735
128857783
1328252609
17236468
776791923
-1
405522107
569792919
359630212
261125427
-1
800472311
681186201
126800217
-1
375774019
-1
-1
-1
1304150099
328710245
-1
-1
173594285
186955267
849363433
-1
795407192
1702031329
-1
-1
676678871
485042251
-1
22810309
-1
-1
808840877
-1
815101501
-1
-1
732360771
52056767
231625754
-1
-1
-1
267642056
-1
-1
564743440
96344822
981909731
200529530
-1
459202083
1185199102
-1
410841374
1286627187
167871655
-1
-1
-1
528640688
5253399
383984162
-1
3865817
746339254
1325275
84748197
-1
1477297009
493097213
-1
-1
259064734
-1
216682946
-1
1547748045
246173936
258859927
-1
696894538
1030713573
-1
-1
-1
32698179
300553759
134007465
194527044
228016654
62038220
689770115
238717
1648357279
133924959
406059354
498685574
351558729
-1
723899332
420158785
-1
134822464
122733717
-1
1064470284
879038923
-1
429181412
342755094
369776656
197229639
1105690315
490636498
-1
1273354275
-1
678258704
-1
902796167
27476221
382930256
856474037
1893262656
723686328
-1
789401311
587122513
-1
-1
40791008
-1
443375461
475832817
280018227
326664227
218274766
-1
-1
-1
-1
58334201
137150563
-1
-1
-1
529641211
11676745
7502779
-1
-1
1075367294
-1
-1
-1
-1
340353056
-1
-1
-1
1043888968
-1
138987351
1214338526
228248171
-1
1316712194
578651608
706108068
-1
191974296
204605637
37689469
286367689
915392603
-1
138173323
-1
171863225
-1
901208317
-1
910066583
45842870
221481759
39525233
-1
-1
632145019
1138811999
-1
-1
-1
1197014138
-1
429775937
709320654
338919991
887293438
-1
552989833
-1
-1
156834441
499146183
129292891
-1
215884076
-1
-1
472356518
259310546
43241165
-1
-1
-1
136130456
298422339
-1
-1
417136037
963195901
11492761
6973029
-1
-1
252607953
14931836
31701610
87867713
-1
428226820
1450355
-1
-1
299112892
993512270
612281269
-1
173593678
-1
893891837
527316777
-1
-1
684499155
162992696
428809389
24923149
858848203
-1
-1
134980301
87958709
961682442
-1
27929821
456536974
813801438
-1
330387105
-1
-1
364761859
-1
552020771
536216253
835521807
-1
-1
1520428079
24828868
-1
-1
-1
-1
95729887
-1
-1
-1
194688191
373197628
-1
449037213
462881135
-1
-1
130055785
-1
121123226
332688277
258029802
591101416
79872277
-1
148904856
-1
-1
278372573
955088225
-1
-1
-1
685420082
349285504
1157527457
179452513
611622273
131645717
142425794
-1
79667443
752318826
1037466115
166944772
1392397856
166105446
742210651
655524239
779960345
333140351
-1
472981357
551102475
82852105
208661010
471714447
15126599
-1
-1
-1
-1
-1
-1
390815947
286766866
-1
-1
35289803
744042553
636329262
49640630
103511677
283415059
-1
-1
-1
-1
-1
970938769
-1
28209871
1208228565
-1
-1
155949698
349878880
764233127
715012006
-1
-1
-1
-1
115294863
-1
804873418
-1
461285
567019832
-1
110325362
-1
-1
491683097
1441223486
635959816
208909812
130096089
-1
-1
485347845
-1
-1
-1
59671399
506015621
-1
1627415624
1319644244
767917044
-1
1362798789
-1
613335802
384775058
-1
38788987
248453962
57719325
-1
-1
104735647
647908734
-1
1767331811
629204623
362370831
-1
-1
-1
-1
-1
142634550
-1
555393729
1630371497
1011935041
140240092
-1
-1
-1
-1
1296341873
-1
694321219
114299375
-1
84511186
222220229
-1
738029947
905262464
911942961
11060899
-1
214334419
-1
470807063
231846280
-1
760676407
16194
-1
-1
20583214
1048673338
-1
289949931
-1
-1
627043927
563494888
1114663878
112764647
-1
182483153
148054653
-1
1042257504
-1
229649596
994603838
-1
1577220096
64615215
-1
-1
523833210
-1
367019234
67116299
1406330411
-1
454867449
1032744506
25685666
317160754
-1
11483451
-1
-1
-1
238453905
818517269
56042265
799079021
-1
-1
-1
-1
-1
-1
534396698
166423015
231427745
-1
-1
18089932
-1
-1
-1
135905620
131590861
51201217
277532005
-1
-1
963282059
-1
75728615
41425208
280306239
-1
-1
712007429
403436797
-1
358499961
142661394
409789989
-1
1053407545
345345706
-1
130494012
614743920
528005253
1436323547
-1
-1
158772567
-1
398334662
40912767
522074635
322197523
-1
940741140
380512302
507031626
114891532
-1
512112377
264737
-1
-1
31960273
-1
680499306
19103451
-1
60029689
14586413
-1
1914229938
-1
-1
20897897
292238715
1467751358
4925995
35488947
575350621
102499522
8419889
-1
854363937
9589697
-1
-1
607423916
55867991
-1
27496430
-1
360867126
1585881109
-1
59467585
295383987
90335
353251515
503649176
188298029
101146927
299596791
489556052
-1
-1
-1
1337969125
202487621
1307550251
279979
397092330
-1
-1
-1
-1
-1
761533117
-1
64617641
-1
1106236631
421000601
105396143
-1
-1
-1
-1
9019544
53381205
-1
496849725
310070378
-1
696604869
330358368
384429129
67378199
-1
90985909
334449493
70933795
-1
817921913
100530859
-1
-1
1505804958
30428151
1277512399
669532567
-1
295923726
-1
1574656911
-1
623585071
5567884
904468141
190420492
138388847
857644664
-1
368104194
110597759
893315137
-1
349046787
-1
730605293
-1
-1
940879469
509933074
-1
-1
647078353
473214547
143654257
649881623
-1
521177696
-1
-1
-1
430858333
-1
-1
-1
970198819
-1
448557111
-1
47482211
149426219
40974738
-1
1133494469
28708377
-1
94312971
-1
-1
29989409
-1
56469857
-1
1167937864
-1
1333883438
-1
661070701
517625307
1090901788
-1
-1
74703249
671737796
-1
-1
-1
1635371791
-1
1039990881
353307765
90195079
652651937
895141152
-1
210364243
-1
414850885
25011996
-1
-1
207480307
388524879
754394829
-1
359202686
721543689
682403262
-1
-1
-1
135612561
-1
-1
79533271
34620181
-1
-1
482433215
-1
5855612
714913339
24070691
122711334
-1
-1
262114186
-1
551023679
285391860
1248754454
1026243749
-1
-1
-1
-1
143702786
-1
923929704
640015169
602092121
-1
167123693
207417785
-1
-1
-1
253356717
353114876
-1
1948407
326897263
7080999
27702423
485357339
802514951
-1
-1
-1
197865943
418484859
-1
-1
18185539
128360125
96359878
655537693
3784525
437056343
-1
375971315
312330334
-1
275181892
-1
128306423
357709445
-1
322570076
124831649
-1
-1
1156445
-1
-1
-1
499727661
-1
458295496
-1
1053789690
-1
-1
675734804
718824419
-1
748360049
-1
-1
-1
-1
67814321
292949989
-1
169745423
-1
206455549
195616563
-1
-1
-1
393223883
-1
-1
-1
52064987
801122711
902834113
-1
-1
1821701205
277520371
-1
-1
325364233
47885740
603615421
-1
541315368
-1
599111406
-1
765180821
528315208
216742849
916463007
-1
-1
412560777
-1
1325443061
-1
-1
-1
-1
-1
342617964
596299419
219659201
-1
-1
269423474
279052729
38207252
-1
30302304
351783097
321835544
1154340628
276232065
37952272
345335697
408232493
-1
1560684941
-1
425095437
420325012
-1
193289774
504571895
1270797265
-1
-1
-1
-1
324107123
1167052084
-1
68468104
32028723
-1
343505081
1908352100
663881451
416096829
319717272
1385893898
-1
66563516
1357442661
857585862
7857763
1358283215
-1
-1
-1
1148870616
121563315
1137333191
-1
1107868501
564598349
1055014925
1487369417
1199328833
-1
-1
390078578
1356054016
70588577
-1
165841369
177753545
-1
1433869561
-1
-1
-1
292751347
-1
179814748
278485475
72152331
-1
1821959912
746270233
-1
128457022
-1
-1
177582433
896554987
-1
-1
-1
167717188
-1
-1
-1
829914544
171130599
874555572
276645056
1738446474
656192511
84721843
-1
76574473
-1
937369233
-1
350474611
32592388
306061609
-1
888578578
78734358
-1
-1
-1
-1
-1
-1
-1
-1
-1
-1
-1
484637712
714733562
1475425774
913025992
121839988
41906877
-1
2105435
277019
482201487
-1
422746896
569381047
-1
4764730
-1
128688425
428810439
-1
401897103
514801007
645999482
68417658
923847393
251111316
658052311
737182345
949152811
-1
-1
-1
314149768
32387273
127049119
25379648
91095823
-1
-1
629046200
1118144187
-1
1730548178
142663697
812850388
1097348465
-1
229003502
921015383
6356228
205487338
-1
525870673
-1
185419818
1391894591
-1
801419151
-1
13284987
1270555988
660911128
455449110
-1
936340540
-1
-1
-1
122379607
533546148
56232391
-1
267213413
276259975
1594955440
239254946
34221971
-1
289039900
175907359
3918239
-1
-1
-1
-1
705062882
-1
1609744991
475765106
70093405
-1
-1
344575611
-1
1407356097
59887525
716997459
-1
408008488
-1
867699379
567054105
-1
-1
646787857
1269077797
-1
629743855
-1
-1
101189196
-1
901973122
1585612853
115409013
-1
179549323
3079189
-1
482934727
313089668
1319529801
-1
-1
-1
-1
-1
608325761
514184545
474455640
-1
-1
391674197
621227515
1383464693
271977968
33065434
10539678
603320035
-1
105183031
44055899
-1
29433558
-1
155917214
462516086
400304045
-1
3792808
-1
431997519
-1
30397515
363187137
-1
15192957
51438706
235380595
-1
-1
165757683
394675091
-1
935988366
59314435
-1
936988130
-1
-1
-1
878417850
319450904
-1
331836160
474441113
-1
152860677
643378069
-1
-1
-1
86703785
87643830
437738003
-1
174039811
371708417
-1
63245614
492476596
293536189
-1
-1
603720536
422675350
419387309
15319222
-1
694935431
68919719
880094259
646482778
-1
-1
920162869
440737024
1223987399
-1
14661121
334948373
149327859
-1
360896221
-1
-1
-1
111176743
-1
35053073
5188748
-1
274500406
740087101
5784985
974026581
360268634
75569314
-1
-1
-1
77446894
-1
-1
-1
-1
1295577820
-1
-1
416401745
39255269
551690949
-1
674731185
14499459
1392121457
115893071
493825354
467236735
797139857
1770393391
215817116
-1
-1
-1
171878828
115482106
237536801
-1
434347901
385724711
121730273
-1
129850940
1325585290
338848255
845269198
-1
-1
-1
322901279
1462133407
-1
-1
61268237
791510197
-1
-1
-1
-1
-1
182243353
302484311
-1
-1
171118135
-1
52576031
37591333
1308209519
611715542
-1
-1
-1
41008669
150028405
777684287
1421927991
779834435
-1
690912028
1796404797
118571237
-1
1279441789
-1
283187777
771621996
2215823
-1
-1
47381122
-1
637496049
-1
584483762
-1
-1
227038304
350155291
-1
408750808
137980747
4983994
71310163
1552428643
-1
287775947
3981134
506083305
-1
540749200
281786462
-1
129157582
103543193
-1
432829856
1118454489
132609759
-1
494136877
-1
47604977
19979171
524060403
46464923
1295399863
18518988
185822183
1381403118
-1
-1
-1
133371497
190605548
153778896
-1
-1
1641867751
-1
1227704279
1708450545
1211045869
120334559
1043842743
672292020
1376263481
1258823909
-1
-1
241536169
861682993
-1
65720439
135685491
274613149
1109493599
584148085
-1
42518416
1166894647
-1
-1
-1
262122277
92122766
124261859
-1
-1
119102010
42905519
75701344
-1
-1
-1
90812738
214221271
436619498
-1
38664248
-1
449250115
-1
1352695498
717624931
301804603
436428596
640571344
1702264719
-1
-1
-1
105758871
-1
442175940
504798131
41521007
1112312405
43749114
85408345
-1
990285851
673416775
-1
-1
-1
86333251
864290355
-1
412272414
502683813
806827890
299561126
1509572074
430884527
118454986
374947928
639436869
555991843
-1
1575614386
-1
-1
-1
92905865
-1
585231898
-1
-1
-1
499713722
-1
1402034488
286348100
417632276
-1
197992359
472351099
-1
45603758
-1
99362357
-1
-1
152541870
532290809
580280875
144266199
-1
77177423
549582941
852883386
-1
119929544
-1
23089577
335767981
192940332
117813043
297080175
-1
-1
-1
32666314
113925931
479224899
-1
275023802
-1
887422
136337347
785460163
-1
-1
-1
477958552
122515034
713937617
-1
548376272
531228104
100758157
-1
906347143
63406177
-1
155497040
503372639
315461747
340025441
131080704
532663163
8753879
-1
-1
136758567
-1
1595228278
1461923475
192628371
36186034
344268973
-1
778966321
233636204
-1
294111686
71883877
-1
410481199
-1
45680207
1223044125
439085245
191385336
239123501
-1
878217505
-1
-1
928199283
-1
23167307
353283676
835533919
813771558
-1
50610083
70582427
-1
-1
-1
1118959165
-1
4220575
-1
-1
-1
1231180914
410777525
810093301
134641473
1005594313
72259877
-1
-1
-1
145917533
1488053377
-1
-1
-1
-1
-1
18791047
-1
670671887
718447677
228345515
1111421281
146274391
-1
-1
451762607
-1
-1
1208958423
7749567
242068719
-1
-1
1348505497
825612703
396147421
-1
47111663
40125986
-1
41077192
-1
1614699598
287971834
842959362
-1
187940104
354218037
-1
-1
-1
822022316
90565193
-1
428621119
-1
812417013
1488291524
-1
545450881
458264980
-1
-1
-1
631771985
420207466
-1
729040783
-1
265129599
-1
-1
646494426
1042344307
5370731
59167727
613034023
870761929
1717378681
-1
13935740
-1
-1
-1
920356596
440304052
-1
217210346
1001250521
-1
-1
-1
-1
-1
1165427288
-1
-1
27646575
-1
-1
988723531
-1
144711557
128198914
922054507
-1
261079921
-1
880120004
-1
-1
-1
158445103
45931413
1311624509
-1
-1
92629508
-1
1626045661
76908613
818103553
-1
90652524
182911505
134460547
184356202
-1
504344989
788595132
-1
276007771
1148740819
898052893
-1
-1
-1
-1
73536093
5103743
627160743
451248785
-1
-1
404747981
-1
173693595
649852714
-1
369576809
81666836
-1
149376355
1451521584
1082898500
-1
42503491
289885561
66519948
117791144
-1
654430431
-1
-1
-1
86845862
338533858
236216300
801159499
325227831
615726253
15061147
881907741
-1
-1
-1
794951016
853310451
214801667
-1
-1
3688678
668642317
47309623
-1
286261899
328360375
59413471
-1
-1
189613061
-1
220418711
116459992
-1
13668354
838364531
-1
-1
416826189
-1
-1
608166563
420294940
-1
227550275
15148961
69323244
-1
374458921
-1
-1
-1
74757434
78284026
21606871
884809217
385961903
-1
180338269
861197687
-1
720286968
-1
146551607
-1
-1
-1
972127877
323494464
-1
11149826
-1
358652166
306720088
-1
4675023
4018451
62034737
-1
-1
-1
392658845
598345528
-1
40459849
1872777944
573049769
547520075
1263962159
668794798
42880045
-1
105095269
-1
358619
68128731
229975816
101343733
-1
-1
239229251
-1
11535947
-1
21192034
357511258
-1
178889229
-1
485168472
-1
321649353
-1
-1
846644035
69266626
613440036
575946672
317492334
72123962
27460592
-1
946500228
379069391
-1
201499678
-1
512629474
178258482
291764014
84425693
424770968
33965025
-1
445331389
829909407
353114405
-1
-1
-1
1168199765
449355711
1056142574
-1
93113353
-1
-1
1569859691
264266917
-1
-1
-1
407199983
839042922
-1
775727673
-1
-1
-1
753257548
-1
68184985
399707355
618824163
-1
122084216
23517334
116487221
-1
-1
-1
409693216
286731638
922320086
593469747
84430467
253366315
15709931
358759702
-1
524153198
333861851
458303089
1814500355
-1
-1
-1
-1
-1
-1
-1
1082302775
544062242
-1
1756694051
-1
-1
-1
1248694
737018914
-1
248444728
-1
-1
535205032
-1
195931297
74751251
-1
-1
-1
553163575
674744251
178101946
159453077
11838938
985666145
244652087
152235445
60963269
1513303175
-1
99195340
-1
297969771
1103837947
260448961
174234519
5680677
9207032
447280297
377795974
-1
966223943
-1
1189511563
519756818
306629352
21190587
-1
105715303
245900657
460072195
343268445
-1
546175015
180688913
388822978
597116252
194078193
691970988
1470845934
383414662
-1
-1
234104930
33660158
45909581
18727634
-1
9765675
-1
91503185
-1
-1
1101867341
-1
200782423
-1
9654146
-1
3241720
-1
-1
-1
-1
1085809872
1265509422
752477107
58662544
128412432
416213168
44345006
523419965
6886734
55532480
-1
-1
49815175
436929747
-1
834570274
-1
-1
416735449
1520287721
-1
441538306
674697059
-1
-1
-1
1195550693
281012981
558828619
-1
-1
1266897992
1270809228
511728093
62499662
402419203
162532881
-1
159522808
972408763
840208091
-1
1217669368
108644312
-1
-1
-1
655158773
264094190
-1
-1
301982145
-1
81695359
127445807
-1
-1
511493038
183486273
-1
-1
-1
-1
-1
-1
-1
787577763
98656489
71561546
80670774
469627697
-1
-1
411389943
1387969803
-1
-1
372829284
335486503
886525922
839832979
560953979
-1
236839769
385814009
-1
1440720191
352326247
-1
-1
-1
-1
-1
44707058
-1
547797617
802468634
118050887
719805821
-1
-1
1804818051
637106536
112660139
-1
699955198
228393598
51524075
708774007
-1
458906804
154927579
1733822398
36023643
125520515
17689360
1121533427
1111947377
106936957
1263819191
20909800
608790949
-1
149841665
1473455276
122712553
-1
155270189
54765905
158133407
447587401
-1
30348503
-1
-1
139385513
-1
-1
851676021
-1
379093631
151090219
1122090267
74450273
-1
237392211
-1
-1
41795107
-1
186692947
460683287
-1
-1
210826102
-1
-1
-1
36045739
48037934
-1
-1
1575840421
264659253
-1
-1
513564240
542275745
-1
231806088
152039003
312805124
153150308
251479387
296336350
1105682115
-1
-1
626211550
1958833730
862339015
391293485
-1
1326563776
-1
60576868
-1
1006567297
-1
727080856
254230633
-1
-1
1628378628
-1
16992355
170788927
549231837
840447319
166482754
759628468
-1
-1
388047733
703075974
8873017
-1
625993406
710598107
800751467
1117614095
-1
1447864825
1116698965
755358739
-1
-1
30310229
238186618
521325527
566534889
348438224
650362501
440002686
-1
-1
295445833
445292969
956288555
1357697201
223002631
-1
76883321
-1
-1
228358105
112833379
655258621
-1
1027496065
761495972
25216965
357645633
12013023
88086457
-1
-1
150659207
-1
552589173
822769613
867128783
22975393
1694031653
-1
10721239
1271108171
-1
-1
-1
95181834
172510594
384098118
-1
808143423
82075084
264085351
160549445
-1
-1
-1
-1
781957971
585529735
-1
1351692446
282172835
-1
331359583
-1
-1
-1
-1
38332984
-1
469199418
74308403
108634925
-1
772157287
-1
270489231
1432674766
-1
-1
-1
-1
201687289
1377397023
-1
356359129
-1
35008407
-1
-1
321348189
-1
-1
150792131
-1
-1
116132292
-1
-1
-1
427445107
88601656
785765429
-1
1320929801
943862630
39384547
334435861
81221427
91086729
-1
14533471
14970122
-1
-1
29720387
-1
266518165
820154975
1127011028
528594433
157412067
194883653
-1
156285497
465569251
276906034
-1
-1
1236977853
172241256
440619796
-1
98384969
-1
1022418713
-1
80850555
331633836
-1
-1
289935998
1483048417
355466052
1284753324
74562440
769606310
266330299
-1
-1
-1
1086538632
41019493
-1
105632519
526775429
-1
204294076
54215957
149896169
934275
335059763
1230405633
383374559
901607277
863462131
469302401
66427629
6242306
777555745
-1
-1
846007235
482028857
1887327170
857128159
64276497
-1
-1
-1
59364405
340908621
-1
280679324
-1
-1
340115465
10351161
917740869
1499221105
86820796
-1
787212703
-1
29826924
-1
