-1
-1
833782967
1805245773
390406314
189084832
806056226
1184849783
827125823
274392869
425058655
-1
338791254
-1
330206239
25712208
-1
238316297
492031355
-1
648085405
-1
-1
940432519
206655214
1563908407
1492008325
96366033
970989797
338494631
466513857
391251953
1311960892
-1
238384525
1541187171
-1
-1
-1
166638601
256833400
-1
491803676
16663564
1271313751
244254449
639735445
-1
31278383
42410504
23669273
413747125
146210621
565573178
148745645
-1
714493399
-1
6636749
-1
240531285
232797429
57998641
-1
-1
144278632
-1
-1
208191271
-1
247638401
1430317195
-1
572184718
1658366659
1245713629
-1
1410574821
-1
-1
758098729
-1
81034841
347902
191403437
-1
9575398
-1
4895835
38150389
-1
-1
-1
-1
801723747
85946521
-1
749972647
103001403
-1
-1
-1
-1
229856572
903502753
76861174
934623859
14215846
-1
25547600
1138230553
1366804415
719981017
-1
26400381
562303187
835632199
1383596477
93708322
1212153617
651365329
277815738
766076039
-1
-1
194552807
-1
374294854
410098363
-1
1048414315
-1
352935926
129798607
535191067
979713908
84183577
549107421
96977773
722021981
-1
511075543
-1
493723207
546279495
28052382
263803648
1585437213
-1
119495061
273074878
481018819
-1
744696290
-1
184881702
24771865
1038866865
68927834
635780258
458045416
39792243
267559120
5070562
-1
-1
257531278
270902187
-1
-1
404209071
893140714
1200315400
-1
-1
997074362
-1
70318805
-1
7903063
25612855
11719337
142164026
-1
115827543
-1
-1
117520517
304146027
288263607
-1
-1
-1
714485497
501475147
-1
1608675533
4651159
163419859
388022166
-1
693890645
64000194
-1
1179139795
-1
986803181
-1
374151292
-1
517276137
-1
1220327529
87839729
360265072
463517866
-1
-1
168085455
147813989
-1
701050819
41141692
54339869
14022548
-1
402896845
-1
-1
253103971
142430959
287139298
-1
775421583
235037771
784048793
163995542
-1
316404195
260985452
-1
-1
873687667
183294747
172374871
846501803
355731165
-1
-1
692971129
-1
165991304
242363395
758334397
185852648
106458360
825411829
-1
-1
4071641
355495451
350120094
-1
124796351
29224985
348036963
-1
515562929
24841574
-1
879164358
-1
3183545
-1
723453761
100998845
1529728685
688510448
-1
1099716655
336947371
549844638
-1
1661870125
314204031
-1
-1
-1
54245311
346681100
-1
1278228698
349831446
-1
398369707
60314929
1754501017
662592331
462217772
-1
1065005904
-1
-1
-1
32116211
-1
469445619
-1
32904351
1593003743
-1
940011916
1117906295
958828421
60391842
1544002531
541638914
495586529
34931680
1222618438
56938225
1271697147
-1
78185139
862940441
516725326
-1
243258723
-1
177458028
1060006724
193330869
-1
-1
156650081
-1
42529807
1104974323
684522459
-1
-1
631767419
-1
-1
772694983
373875912
494111400
-1
-1
741902025
842986721
56276159
-1
231785649
-1
276236569
-1
-1
428125136
281417985
-1
-1
-1
-1
382851351
-1
-1
132592175
1301519386
1493372002
-1
216863243
-1
100240069
39202431
-1
539728001
73839339
-1
-1
447259883
730989006
-1
1051222052
211655057
207531971
538843193
693631003
-1
-1
216734333
33884846
74695874
-1
1221508363
401150397
266352278
799886991
348765028
-1
178759187
704173117
-1
-1
-1
289296113
-1
773019250
40811766
-1
-1
-1
-1
923968591
658956763
-1
-1
-1
-1
50479791
60812014
564898105
-1
-1
542814122
-1
189287552
-1
-1
677155727
923905819
-1
-1
405487605
-1
447807125
-1
212083406
-1
1520312229
810655450
37686804
1397413
13566041
-1
-1
-1
-1
378732438
1560846403
836542919
-1
-1
889835441
79431389
46665287
839714925
-1
-1
16666523
803866951
32584131
301128469
-1
446668319
975168043
304047750
-1
-1
335526519
-1
467677833
-1
-1
-1
-1
-1
-1
-1
-1
-1
93797897
213163071
-1
1753672329
118101455
51550094
1095155233
-1
-1
182320596
-1
75974673
1247787001
280747113
-1
-1
-1
329395954
186919518
436986920
-1
22794549
1312610197
866733257
1579281171
124761317
35808457
739575889
-1
454507387
-1
121249803
352161715
12262676
1089313356
-1
288819012
61943359
-1
552897004
1193246861
-1
-1
-1
-1
1198897037
74657366
235373041
-1
397146353
828753433
934543298
-1
-1
386594732
3037791
955917539
-1
1830935062
-1
-1
141878845
278413688
763896541
-1
104267557
1665794549
-1
-1
-1
71816519
-1
299612041
-1
360900392
-1
588428939
9845059
1153112611
998634313
-1
-1
-1
1140935476
-1
279083317
1410089262
-1
143884175
-1
700418221
-1
658454211
957304552
-1
29951176
212913834
76193131
-1
-1
415385268
436618487
-1
673454567
190437863
-1
-1
-1
592725591
-1
594365466
140080502
-1
925261746
-1
1306406749
90132107
340579758
-1
604390549
-1
1909983
-1
628338009
3591386
-1
-1
177203663
437563687
-1
1195667368
-1
-1
922934739
845075311
-1
161211604
492824827
-1
-1
-1
770543015
163376289
-1
419183178
-1
-1
319686112
-1
478918843
536969763
80858462
-1
1536540904
638025731
64443039
1419442988
-1
64760261
399061022
-1
176321183
-1
-1
-1
-1
-1
-1
-1
438197575
-1
-1
241926419
776089468
1906423057
884148557
44317845
1183638501
-1
390357171
-1
116301232
-1
-1
731257096
385792262
240168081
238918039
329020032
-1
59543314
-1
-1
-1
162333546
1877399797
93376231
1008523158
-1
-1
1204921703
27220763
-1
-1
-1
1216368130
298301255
-1
-1
285991535
344422281
-1
395228383
360291772
854445305
-1
217398492
-1
146228199
1161867719
887825519
-1
-1
-1
64050067
38182065
-1
866166139
392683883
401508516
596919972
905434349
-1
-1
198410899
461894107
53969669
-1
-1
132486879
1523289049
-1
313693631
371824795
896319649
-1
414526230
10216934
510733074
1413289327
-1
-1
942020896
587331141
-1
-1
-1
-1
230951293
787742729
208642067
-1
-1
-1
-1
-1
583958702
238752221
349013539
-1
-1
-1
-1
952380263
1301891427
33941751
-1
-1
324430311
-1
-1
-1
1121299499
396969977
-1
594556935
-1
281104355
898475863
-1
1895804411
832307724
568278683
374640644
384206971
-1
182705652
937798692
-1
-1
-1
342183967
-1
584347541
1681553121
-1
367500373
819251062
1410795051
-1
-1
-1
-1
-1
411898027
-1
80238982
53270882
2359085
121119318
-1
363295349
37124359
-1
-1
452204795
637894484
378621079
-1
-1
9435499
84526561
-1
-1
301553486
655188619
410874649
140678413
1116332438
-1
548345489
233535535
-1
-1
139661863
378090059
7643384
-1
762429764
747818969
1132767119
-1
-1
1057369426
1153159118
-1
-1
507193
-1
-1
1409362482
-1
-1
-1
7756033
1685089799
413694237
-1
-1
380702133
864338515
1285554628
-1
46797559
602660484
76709222
173070693
362292962
-1
-1
-1
1363270199
33617475
1617824343
-1
1404217691
-1
23581984
-1
-1
216352720
-1
218451974
-1
-1
1000346004
551204446
112610943
513963987
50106073
937387477
863407867
-1
382162780
1364036088
836061701
-1
-1
750645909
-1
-1
926838651
1831729521
6591803
113868253
-1
10934959
223309950
518540207
-1
505389257
-1
8109197
-1
151293117
-1
-1
913794673
443753899
600218019
14923427
512793965
74929922
260174278
-1
1371609652
-1
18244651
127726485
49716194
-1
91674249
91015055
1531058088
-1
328557540
177324615
628525891
41529475
-1
327827608
-1
-1
-1
-1
277418497
279438047
201908387
-1
1302919489
531516428
-1
426158671
1406994157
397953956
-1
931968842
423409887
-1
1509406995
202869380
-1
67243456
237350947
631306705
-1
1498676823
1073082204
-1
432473876
-1
402667478
587768213
-1
750595907
45264475
693090510
799354974
849228327
-1
251541805
-1
-1
-1
7301292
-1
-1
97068028
163648669
403010696
19700134
-1
602961419
1066636784
-1
-1
-1
384085631
461972392
1677635999
659197640
-1
191435881
-1
-1
20029860
217739845
63482025
618670850
733268476
-1
484614089
344593747
-1
959401991
383569314
-1
464721737
-1
-1
318912213
100343746
-1
-1
263145391
534548811
1235872276
-1
-1
-1
-1
28427633
30176283
695407996
435850837
-1
-1
623254507
-1
678386904
117289287
529946588
-1
-1
-1
-1
586520686
-1
-1
-1
-1
90907657
50930555
-1
979021656
-1
-1
292172445
403204168
-1
1584653184
-1
44034973
162945681
942811403
1592103742
-1
-1
148224879
33436819
-1
514194088
1132925262
940842866
-1
-1
-1
-1
719032158
-1
-1
645503671
-1
132213098
-1
699605660
423845053
-1
1630266805
-1
41261165
-1
701138470
-1
-1
-1
-1
923795629
-1
1389178006
-1
-1
27603127
75880048
467517281
-1
1758745933
-1
375655972
427998431
620418677
170434855
-1
464561360
1742808502
1113531881
1103102291
115723211
68189227
808009588
-1
-1
1439264441
342660568
250820298
372218852
-1
209807533
-1
811836817
-1
1213342593
82230874
-1
356941780
-1
-1
-1
640868201
321042859
144283529
320084754
177655851
-1
809314613
-1
746224525
253579643
-1
945361507
773453143
476396143
-1
1453576079
1472366
22931045
-1
451938303
306612687
-1
465082412
615218705
597028995
-1
802175755
-1
93513703
338268498
16886377
557643583
80241685
694480281
18812240
-1
788331165
367354898
130546386
209467625
520016578
1767069022
827764781
1213773356
689223188
1524733759
1100506183
60839633
990128933
34901338
100104089
-1
-1
1487122741
222852072
-1
-1
-1
1016222591
-1
-1
363605328
766492035
-1
475469243
826115591
-1
522881109
-1
1065998890
-1
369959767
-1
82095343
-1
146807381
-1
-1
-1
191261549
283411839
1448619549
661544363
511376009
220350853
980890923
-1
916664525
1223453311
-1
484330103
-1
16806577
414988564
-1
390207068
188563230
-1
-1
230341785
-1
62569869
437616319
1397620611
1676350265
143486747
26744377
808213671
1190766416
-1
-1
563661123
-1
644112382
1053318584
1055163051
745884083
221557909
-1
798866500
-1
149185489
-1
-1
160442903
11457980
-1
1286580233
-1
99354293
-1
-1
82697524
991483721
222295277
-1
-1
-1
-1
-1
920641806
-1
-1
-1
1461150978
49662901
-1
-1
-1
-1
-1
415128497
125214920
-1
-1
-1
-1
1050724763
1027118708
-1
84407239
-1
-1
-1
-1
-1
1220474877
-1
541494526
-1
-1
-1
-1
-1
-1
487044796
-1
-1
47686637
512812302
267586159
641502569
-1
1165005943
984726701
60864826
1030660551
1454228179
787041865
-1
293235666
161576878
-1
190294171
-1
222036247
251755665
149260225
617564066
462481871
893736791
1434049369
-1
342696267
-1
-1
317541711
69005834
71816849
-1
495173618
157937287
81821033
-1
214134863
-1
-1
-1
-1
-1
414312307
-1
993468125
-1
119912759
203474579
-1
69135002
-1
-1
777519741
-1
1238184927
5173707
-1
1656292301
85291947
53835857
414010813
26055197
-1
590247997
-1
-1
1307196179
105638883
318272041
126985777
58813311
-1
-1
-1
610383280
-1
160164098
-1
-1
23569166
-1
-1
182317537
-1
331182497
122329911
-1
818322864
-1
14244673
731292406
-1
-1
38534986
-1
289473465
1005982720
-1
181859507
361808534
760796549
540496593
-1
1060677154
259091990
-1
186327035
-1
-1
-1
284721536
188608981
628639559
44918222
1151553355
-1
-1
-1
-1
388996421
-1
-1
954904354
493908472
1161733298
549831211
76725946
989733973
165104752
154986782
1688024975
1335362413
-1
883988
-1
215523879
-1
358825215
273059945
621440243
126014041
509726119
422654395
39297723
-1
-1
319837709
-1
316094617
86912618
464402309
428867705
165966541
884304837
-1
723666230
4651807
-1
350341084
-1
14686604
419973475
600256478
-1
128033735
638443817
-1
-1
-1
73661245
751025884
434783108
10740857
-1
-1
49064717
-1
338982423
-1
820831953
-1
-1
-1
978927008
29309856
-1
180094228
1831161868
1039967267
-1
841635062
971451574
271539013
387860443
-1
-1
311882797
968870632
-1
343353043
-1
-1
926316310
178656663
815159235
1249390209
556935529
-1
95806417
-1
634197680
197752555
-1
574562626
-1
-1
-1
439281889
1282396825
75881065
-1
5852662
-1
178390975
-1
34971120
18549415
349953148
-1
776555883
1035194379
25984787
852460058
-1
800090
7665670
205864778
-1
1440001556
193182093
227406142
386392241
68343733
37190981
932329499
589702999
728287464
-1
-1
-1
-1
-1
41488693
12119591
-1
-1
385217822
-1
-1
650198971
-1
324326021
-1
37704659
-1
1465642513
-1
1580656187
-1
-1
609444928
-1
76947143
-1
-1
-1
20435995
98699435
1362948101
990617087
15634753
-1
265730482
-1
-1
1809660704
-1
-1
-1
532557454
442118404
430616983
836208041
786563541
969372126
8782263
-1
-1
1292977023
-1
177139789
-1
1386022667
-1
564775165
-1
1505888449
-1
1108303000
187909873
-1
160993147
611824523
400682329
-1
-1
187510320
1064644677
10218097
286658665
-1
-1
-1
114848723
994396927
-1
86240482
522844982
-1
508893975
-1
274464685
27677997
-1
844605248
496756719
-1
75238583
1112885318
-1
-1
189242184
-1
973803393
278192220
26418251
-1
-1
132581225
-1
994663988
484533756
568409089
1119377556
315049913
272430923
131055962
237463179
648750578
-1
12048983
91452082
-1
345325918
-1
71127996
652025257
12310021
-1
450432028
289325918
334478917
-1
801733355
1350148010
-1
253602305
480201649
-1
97663729
1524459001
50464368
261034943
-1
-1
-1
-1
158767783
-1
34943853
24698418
1129270789
2620895
-1
-1
-1
2037283
63395299
-1
-1
495059963
370273755
-1
-1
-1
-1
-1
506683462
-1
298834579
1207784965
196747308
456916905
34862582
761803333
109373149
-1
-1
-1
-1
854901816
517114807
-1
286451296
-1
-1
-1
163663238
249810395
435654013
129291912
58790861
-1
70183249
19681775
1668994857
1388483554
8206809
-1
351965809
-1
475978633
1132369371
1559126
-1
490356240
2482437
874721463
-1
225084023
-1
-1
335860398
-1
-1
1439043902
822632109
876351734
723023153
195617411
21572483
-1
220515782
-1
-1
198542395
303126169
1604068573
1511763486
-1
-1
39959451
-1
-1
399459969
-1
143222803
-1
978223266
376427564
3521771
-1
263199382
-1
1266011700
1674502357
850150323
-1
-1
555631973
783399029
1266838748
-1
386443326
-1
-1
212370047
569214178
-1
549915019
-1
-1
96094016
5461038
262038193
-1
559541353
844092147
73771572
1017237209
-1
188971463
-1
-1
186992557
390244667
203694384
365542720
-1
-1
-1
1047454520
446720647
-1
580806698
814632553
21874741
836841800
13857871
1201009622
-1
-1
103385936
692546020
387374196
-1
99967129
50054676
-1
461442014
59108939
-1
-1
-1
301453477
-1
22327898
640426732
107510533
223742604
833919709
1218314213
-1
-1
187965467
-1
-1
-1
64913208
8182719
-1
775763576
166480287
-1
726044822
1693669035
-1
-1
1817661469
1299165691
519480227
2511173
586305095
1101712061
-1
-1
1009564462
501499479
261829001
-1
-1
-1
125848710
1152795165
1372850765
-1
907232119
-1
-1
206505989
-1
313409278
-1
-1
-1
94033351
-1
-1
810431989
341095813
-1
136278121
939807545
757530251
185558632
178781279
-1
680086223
191062933
-1
463016015
310094689
-1
352422017
-1
-1
27622787
-1
-1
504522781
1104665239
412910364
-1
-1
256041809
188773544
328577837
590590
-1
170318567
14418319
1428894977
405193235
74422753
2708257
455908285
113193753
-1
115866751
264733195
-1
-1
1208217273
1304614577
278769872
-1
1189121203
792202103
-1
175867924
-1
-1
-1
772113825
754642915
243847605
835387385
302762771
-1
33480393
-1
-1
848542308
532248798
-1
394827154
-1
421992923
926909741
441318143
1019228887
-1
-1
-1
1456015679
183959868
-1
321801614
-1
-1
896211527
636960946
-1
-1
-1
79405547
1321007669
453193511
1034939706
-1
285241039
-1
714367494
735873579
95833334
-1
-1
193795356
-1
-1
-1
-1
53273084
-1
-1
-1
792914087
911117038
-1
-1
981472061
400628071
20472511
442356443
354885427
278950309
222361122
-1
1418726277
-1
1605249385
103257989
22436542
65781821
-1
-1
289049470
54493555
312829245
-1
1155142201
-1
-1
301017253
231798590
-1
-1
1419792987
-1
134417287
434884915
63080140
-1
-1
1244303131
588917317
1599728902
-1
-1
-1
-1
524547419
-1
1303679742
-1
138037906
-1
418991761
-1
-1
-1
359651167
1755458847
277972017
-1
-1
737058131
165929315
-1
489460297
240481513
-1
196293177
51424509
1395711530
-1
-1
192632138
484313363
682275426
287866638
-1
721939801
1099466230
299946164
-1
632042171
373062959
-1
9978713
421615917
-1
1390838898
-1
27016260
-1
925596115
836505263
-1
-1
316559998
-1
-1
-1
1862301085
-1
-1
334045067
455836625
1029988537
34373612
160553935
1303907705
609359781
90252691
164669025
-1
918414589
-1
-1
-1
48607208
908451455
319019898
89840685
186949299
-1
273116385
141876331
1539016943
363481033
352742125
438620139
-1
-1
-1
-1
1052113547
-1
445509278
55763424
-1
107184914
-1
679504078
1021009453
-1
-1
-1
-1
-1
73431619
-1
142159753
29965315
-1
151782619
174069175
116681694
-1
-1
74134464
-1
265808048
62356627
227492361
-1
1640069839
-1
-1
-1
-1
-1
1292392607
66901493
51706607
-1
316303858
-1
-1
-1
56915257
-1
339908019
1656188759
89267549
114436376
173237529
273634637
145314175
99576797
1390275625
203319173
458204073
26834780
-1
-1
132272156
-1
-1
-1
116139922
1132286593
219070459
62771613
402222161
812703147
-1
-1
178094282
727451049
26409487
-1
-1
-1
-1
-1
380291843
499061307
309609556
501413969
-1
321498994
-1
-1
1059413091
-1
-1
132487899
46407975
1182467341
-1
-1
285450973
170795169
85288631
530969311
716120089
-1
-1
-1
-1
277655271
556907473
1231813013
-1
1083353308
-1
594415877
565417746
-1
-1
-1
-1
-1
4611086
30863024
-1
-1
95601463
642698164
-1
846661387
73219437
-1
58311035
-1
-1
48881077
-1
69960612
562176461
-1
-1
163635033
40195121
-1
967295286
7177137
-1
-1
287747195
-1
239392083
1122049173
17506307
666034255
3440148
32145892
549755723
272583289
211809164
490440477
-1
1855981291
-1
733538980
-1
155677799
195190552
640145425
379498348
650594441
1203985240
871112611
1127460343
815682729
1461735818
444385145
-1
1018537374
70698535
961027731
413948216
-1
12535857
-1
-1
373593301
1028334288
905292495
363010961
-1
111243305
55724326
172703188
86988890
758017104
208699696
-1
227991463
103446903
-1
-1
-1
256330328
1719558136
124471641
996077359
-1
-1
-1
9515176
913323675
1184922433
933415150
873453312
114095171
607999709
243052898
551615848
-1
-1
276497639
-1
256884898
-1
18590542
-1
187163308
1159875416
-1
935299059
-1
-1
1012352623
-1
36179782
439987687
178347107
-1
107081107
953322475
593604653
-1
-1
230573765
-1
-1
49865190
-1
-1
453217439
-1
145280391
440198330
71008953
293760275
-1
472450727
782079715
802712379
594611503
464748525
174809646
-1
192712609
-1
12834378
-1
292618327
283545953
564402037
-1
-1
5726209
149392514
-1
-1
-1
549198242
-1
-1
822984167
-1
-1
-1
282056967
-1
235682091
900109686
379389232
10048822
39638063
366178999
-1
82595093
108432347
178767256
897513474
48384846
-1
-1
1051785236
570117560
-1
540795051
-1
1113292541
-1
-1
386103275
483314934
-1
1403793278
-1
496510445
60512139
-1
-1
1362492857
1101515878
1118251891
-1
655302583
-1
-1
35131215
-1
-1
544295055
324810737
118335981
527190759
1550279
-1
827853057
-1
983061602
89427432
116725039
1106007809
829749263
1415975285
589825555
1563074827
14771719
-1
15265480
1656578897
34663017
838696895
-1
-1
-1
64123359
41530877
95314308
385931167
768799021
92411476
-1
318290254
954024442
28361503
1150203119
79896013
-1
196259362
-1
200877967
490259202
1412570379
1232957822
-1
548185246
98736185
18985731
-1
24791120
-1
1300274217
1170490161
-1
-1
30004516
328545409
-1
-1
-1
-1
-1
343820237
-1
847445214
1322842461
-1
-1
225791845
217802144
-1
324709727
-1
-1
763303361
-1
1127285927
-1
339028133
263949568
971632145
-1
-1
298265764
-1
-1
1003019431
150085401
574992037
326404149
1002193001
426404265
134533947
882971948
-1
145218850
747337673
1504644203
-1
1252011863
-1
479397581
1422513385
252301217
108648603
534677701
618375407
311493170
90519459
127473556
621584793
874211333
89236434
-1
310288549
36758375
-1
-1
-1
-1
-1
104653714
634431816
753408210
-1
159009743
629441686
27877022
806367291
-1
-1
-1
-1
523826648
1012204043
551828237
171789423
504920056
-1
386437434
788516819
-1
578975751
-1
101142999
-1
-1
181587797
46313587
-1
-1
962165333
248048569
-1
-1
-1
-1
754087345
254095805
-1
378584547
-1
553085440
12889007
30420911
367498378
-1
1231858314
132016637
-1
700398300
201129489
-1
-1
178811146
-1
-1
-1
-1
-1
-1
-1
523504285
824847399
770295259
174734519
33603181
87961645
527745196
-1
301080324
296355383
138111539
381712811
817827102
1108163255
226030187
-1
851416849
-1
334171080
-1
-1
-1
1474807764
-1
-1
-1
-1
-1
155381341
372077347
1033094436
1704497357
-1
-1
209927162
-1
-1
1820128111
846764138
-1
1011926248
320910304
374087980
782141053
-1
143635829
802591995
-1
-1
183361889
77150695
572044421
598440946
-1
1211105144
1113522437
1568150449
446807515
-1
1096134002
-1
524453991
1021791607
23689353
1383056457
-1
-1
1464889117
1568174077
835394237
179566381
66820006
636726077
60272497
1527990259
1466777449
68543077
-1
248337189
-1
-1
6510517
-1
-1
1675288847
-1
144039119
-1
-1
2538719
1008736948
-1
559685606
87005591
-1
244518734
-1
-1
-1
899932601
443185631
-1
409270917
212647609
-1
-1
-1
61967876
-1
375643813
610433891
-1
1664991145
141134441
956089285
-1
285884538
538250495
218232709
109748281
-1
-1
1254431592
23509979
1593636361
-1
681124051
778379846
-1
-1
-1
744023933
24159755
824777071
1034045429
17313412
-1
-1
510262322
-1
235985085
118322160
488381563
-1
465650767
-1
-1
497876575
8393767
495683865
326001441
567423503
-1
457068389
730182079
-1
-1
-1
-1
111882029
89500691
328263383
742728712
-1
-1
127056056
140583909
-1
1433350810
-1
1505739589
497886915
-1
135537446
-1
22683536
924678903
290600307
-1
469291379
1016444540
528414170
-1
-1
-1
-1
1090161082
1264862849
163446086
301153399
141018670
-1
-1
-1
194833724
27615712
-1
52235735
870196953
38006783
357741221
-1
341421165
-1
1202353078
-1
198175171
17077993
-1
69437686
13868455
562032799
213122903
93400931
-1
478402747
-1
-1
-1
536007661
-1
-1
-1
-1
-1
545881246
-1
78627069
446890315
-1
-1
396736422
-1
165124481
1333334530
-1
-1
1386059719
1342137586
-1
-1
-1
867052339
60765837
-1
-1
289717775
340721801
164123185
689758652
1031835423
1158224659
131312017
70640240
73083578
-1
915115428
203609874
488079351
234937367
-1
-1
809333491
-1
451397339
-1
-1
822619736
-1
-1
-1
379937027
-1
746796803
-1
1347220688
13150101
-1
401495754
-1
-1
-1
124425129
1419651801
1128416416
-1
1122002581
48114761
23768930
317403437
-1
580552558
-1
-1
796826932
556646323
-1
26080103
-1
-1
-1
1413896677
918770641
-1
671316974
-1
627899459
-1
64374337
-1
94812547
-1
-1
-1
-1
-1
22291419
49916780
153077997
-1
399270234
-1
478615292
-1
-1
829561207
249804464
-1
278886723
75520934
-1
641647619
1210888321
-1
-1
-1
-1
197325884
415536305
-1
-1
300261957
760513436
-1
983552199
202882333
-1
811216158
392555869
291093337
1079711587
532226635
1346375153
-1
1505063506
1066556324
493480285
403712837
-1
938210501
27874524
929767036
1106446441
32290144
435076769
53892781
-1
210464457
198661429
-1
-1
142483713
558028045
103036513
467493526
449726614
399679409
-1
61586700
79356425
-1
-1
80820428
798702251
122225981
490449074
138831581
-1
-1
97965909
19088763
587059831
1229477035
250865947
-1
-1
58862534
87399421
695100048
-1
-1
1349175215
-1
372070288
-1
66108233
768460811
814229858
1105346263
29147009
-1
535635358
-1
109880659
100137685
1619176071
-1
26606803
-1
-1
-1
1001791513
271023316
-1
49072884
23007519
-1
-1
-1
-1
1584006834
785337073
-1
-1
-1
1083942141
124831290
161655255
-1
457646927
-1
-1
-1
1063820796
510989698
-1
1056116230
32270332
402971075
116325591
-1
135259004
218471511
73097789
-1
202103875
-1
691243059
262768009
97249671
370231127
288059695
-1
-1
-1
-1
-1
356795869
21419608
283390018
-1
46486163
-1
-1
19044321
12745283
-1
1154192966
196964027
125912591
272225
17556629
-1
-1
-1
233936845
1629265
84753477
117079342
-1
1366264505
-1
487444607
347420087
412550277
351249268
991664687
68489881
435669827
-1
-1
-1
470851538
-1
965007853
833057529
423700445
67858124
-1
-1
-1
766487093
-1
-1
-1
-1
-1
-1
79345017
421721063
1344179381
15229747
-1
181140483
1023729875
1113898168
163067891
-1
274315930
-1
-1
-1
60566527
140281221
172345113
-1
8836389
-1
-1
-1
168326248
-1
1482642565
1468611717
-1
217824267
366946523
15459387
1129621082
-1
1127012326
2082117
541633711
18653871
-1
-1
168927789
170148471
141461063
-1
86079433
1210602145
51626098
146224949
1475566835
467990974
79969412
-1
-1
132955449
810035521
941375081
-1
359104656
-1
-1
874621813
963404635
129717877
416172755
222197337
1179749716
656422859
-1
975711085
-1
68174745
1056843055
-1
309671123
-1
361482995
-1
332832534
-1
328073467
-1
32736421
-1
-1
-1
366471098
185333537
269437539
-1
-1
-1
188118643
1693974272
-1
754224547
87587347
130565147
-1
406151012
1018584877
-1
-1
-1
-1
-1
-1
-1
169160483
1058845469
-1
837626789
437166835
371935594
185330976
62456476
-1
570478363
-1
-1
258153256
-1
982019325
3528219
-1
-1
-1
789989078
-1
-1
376630562
5118058
-1
997219473
53443405
360539396
-1
-1
-1
-1
130110703
1585510277
-1
575948955
-1
255888481
505447721
-1
899031085
-1
-1
1396326047
634047767
706865193
-1
-1
387234679
398523827
-1
250193381
722103816
13265275
410521381
-1
-1
-1
-1
-1
-1
-1
396579081
-1
150987961
1404413075
19112027
1581177820
775384260
946110359
80418761
1403792628
536092736
1339001437
-1
908550011
-1
1132486368
72939719
-1
503802605
-1
-1
-1
-1
-1
865848714
-1
344857727
-1
-1
-1
-1
628900875
1226770827
54253523
234503139
925030497
1011705503
-1
834694916
1087021853
63885961
-1
384486550
66840567
-1
219335521
119824039
360380685
443361919
115925333
-1
138699187
73731849
6079486
981262579
-1
6522563
349398910
60659643
-1
1327795769
-1
-1
419423974
299828115
540599107
-1
265713073
117487889
-1
106313135
-1
-1
96970373
738593871
651580161
1008173244
-1
-1
-1
69654737
516899651
-1
772671774
20925248
363850731
-1
-1
-1
138970615
-1
708948628
202649055
-1
-1
-1
-1
1104447807
53249377
-1
-1
-1
-1
-1
-1
332515302
-1
80130133
-1
463351423
75264203
53365017
-1
672605731
772488385
-1
134378185
257081923
-1
555027707
-1
78469795
-1
-1
-1
980943509
496139117
853746367
456865915
3325711
-1
-1
-1
-1
684637522
1400723018
1181288836
877144079
-1
425148131
-1
617511460
-1
-1
9954273
-1
113262900
1421442842
47814807
460235340
-1
-1
336027746
-1
71624171
67387858
-1
701247124
-1
-1
75062821
20546580
-1
-1
972406777
-1
-1
192505602
1131984113
1126880015
21298320
566245971
-1
186204401
2524723
-1
46628681
428010155
-1
569187680
384886198
117997817
-1
101727169
72670057
-1
30663599
612314621
1126316431
-1
568466627
730805790
524188963
1455095381
855091203
-1
-1
-1
-1
-1
532815873
-1
2123111
595146
489143003
377993083
-1
-1
1074476645
17357656
517241162
-1
82186509
-1
133183351
-1
201522709
-1
-1
-1
-1
2727206
134503666
10013554
261086803
289189957
892234815
303628113
215874157
43547200
-1
15099815
574816985
868799670
-1
-1
-1
1124605419
263882246
686060900
548764834
-1
1708803259
-1
-1
-1
1525567872
217452540
-1
11580203
218788841
107300531
413521919
1328486931
-1
410289968
2098334
855717289
224383618
-1
-1
1229554184
169604144
-1
709704825
327908089
423832368
304499156
81155701
127490793
1535290626
-1
-1
516600613
493078669
-1
-1
