-1
-1
55410530
32046655
-1
127478299
685547432
285248537
-1
1186065297
-1
-1
361227826
-1
171466423
744888933
-1
332585884
10836045
1350556091
823448781
-1
-1
38257709
-1
315269057
80787190
95817021
1377288799
-1
68678235
-1
-1
-1
-1
738283531
697489592
-1
175413886
-1
374969083
-1
-1
1073562911
-1
1087800220
46678279
-1
-1
161544361
278270692
100497495
113140631
12965735
1205242271
14928364
924291428
1738856
1240165321
-1
-1
-1
-1
-1
-1
-1
1341680233
-1
1371771264
1237486711
-1
-1
-1
-1
62968175
251975051
392154356
718101027
-1
1073687079
674480649
-1
-1
-1
-1
860845909
-1
28904247
523350671
-1
-1
-1
1029292205
466989871
837762116
1607593543
1245804517
49931591
-1
913541912
106244973
759856446
-1
-1
639045721
19971615
-1
269920134
1408876672
-1
29527229
1300904241
1125014606
-1
118245457
460487777
-1
457596405
-1
-1
1085367496
27006953
1130210068
236581358
276552181
-1
-1
-1
2258004
552275307
-1
230355365
1342166986
5382215
241449519
-1
-1
427908689
-1
534977002
225206479
1205789139
896785530
-1
542757277
-1
991565529
1720528705
-1
246130866
99076537
-1
84960979
61981156
494555053
1058012642
260406667
-1
9795197
233905199
784799919
-1
30802346
507550590
340501307
-1
104397781
521002321
12634295
260902961
176066518
323161751
1336644121
-1
340637566
141215824
1265376569
118244620
770211539
475811998
274288844
-1
-1
-1
-1
243638776
1550164587
-1
1140584752
-1
-1
1278489524
4868403
1069918897
1579093977
608152113
458170547
838582895
61330303
-1
51487439
515271693
329299937
1244763173
209003199
70121261
98406875
261794907
200574939
-1
57022323
6161828
742464559
1328435594
825806447
96628327
20619011
575139979
-1
30446197
-1
-1
-1
840164679
171798080
-1
-1
1083646075
530665165
152027915
293133506
-1
958882129
670133417
1429879
-1
-1
1246379389
616616771
736964002
-1
72890273
1372574477
220831767
109915132
225245971
-1
440841219
-1
-1
214305719
-1
285818227
330460799
436727251
1528163621
457499360
324604023
144050535
530820993
-1
-1
667285869
521885487
-1
381349117
957202907
598167892
52474426
-1
418353889
-1
-1
248643926
74726289
-1
-1
-1
327924851
770534905
-1
-1
15744976
743984541
-1
25949037
49794235
801580265
120161195
434445491
108052252
863048963
-1
420188641
396370323
56365631
-1
-1
438429
168348010
793686041
289842765
-1
588765822
-1
259147786
727305314
96279989
65845607
18541237
380630407
-1
-1
-1
-1
-1
-1
1729397410
-1
780028441
584901181
142373047
213395424
135024997
-1
336960689
364277298
157223147
158429097
-1
1325514501
214574143
190409194
1033017375
127209935
-1
245442846
377803969
486512479
1418958978
-1
-1
-1
1705095463
164410556
-1
775549853
-1
211353471
585669778
22802914
-1
763107287
549170423
167626271
750101313
349646842
647321349
422636541
1072581274
615000955
-1
428539634
209450258
40839594
377714497
15873203
879664221
1016443145
-1
356639560
-1
-1
-1
85014404
-1
742472299
198358819
-1
74688089
68790070
-1
160782975
304958572
103271447
845714350
559557395
494176541
388776903
105845869
429559897
172781827
-1
-1
272476289
1164132646
156668067
-1
-1
51664563
150904385
-1
1084210157
328204828
-1
735352721
2107784
214978573
382926696
419601743
885167347
119757870
238760901
-1
-1
517333611
-1
-1
609448937
322398720
-1
43821372
-1
-1
440054072
779611526
-1
378011964
124658815
567783368
853243932
200450067
638489546
759391748
-1
851941921
263979085
-1
-1
27746943
-1
-1
-1
44838932
-1
-1
483770577
976310121
279266873
-1
326102308
-1
-1
-1
-1
225514509
100386707
-1
-1
1516896672
106477531
-1
1871411
165573039
-1
339889168
-1
82001527
892054377
-1
11284126
-1
174804011
36278981
-1
-1
312264502
128200153
180545179
305087327
345847328
520930717
-1
-1
519941020
948072329
-1
683122391
-1
229156619
16138213
-1
-1
-1
832590316
734009317
222361865
362652347
1202908217
-1
768912974
-1
-1
30533191
-1
418038461
385545257
-1
-1
1195748569
1281849263
23679296
-1
1046459907
1075314159
575392989
931625371
347118077
87766867
-1
626913083
384578849
393960127
412787803
-1
53899631
1623508253
-1
-1
-1
1451776084
464689861
1646818268
-1
-1
938925691
1312487845
596772949
10149692
345156901
28997039
82833321
494019013
-1
-1
1162944860
-1
149096708
-1
-1
-1
-1
1313565088
226196296
635263442
-1
538236289
-1
403496227
17302351
813771163
-1
-1
748055203
-1
-1
219956067
-1
96216604
-1
-1
-1
81102098
-1
-1
240104396
-1
-1
654119887
433991119
-1
-1
554949167
-1
-1
67140764
-1
-1
-1
332926045
441874304
18210001
209273274
338646398
-1
1229910789
1094230383
1454566429
379315501
261949071
169030651
-1
1046493131
897609734
261161071
629494613
-1
-1
1482001
1347781610
934142847
313272857
443392016
1132391085
529593557
352914198
663695495
366645207
-1
-1
611760918
173468447
256567413
32957502
-1
678434942
109530451
312827663
114392317
1247912819
-1
-1
40167839
-1
-1
342138688
99048341
123370877
498538295
-1
644051176
-1
-1
707066083
-1
-1
723420385
-1
-1
798374341
602510633
-1
-1
1378086949
142551813
131385706
-1
529108374
-1
45115704
55161055
289025469
-1
-1
-1
-1
285131686
261334511
-1
-1
82637591
143140509
254550921
-1
-1
326231473
-1
-1
-1
480647157
4758887
1354911
-1
-1
-1
-1
32443053
-1
38339
155481424
876418679
308206127
-1
413279795
253362833
-1
1491647511
864532739
-1
175352857
620952929
18205207
-1
156812300
-1
-1
22846549
-1
309891174
-1
-1
212981187
236914311
-1
31012085
487979976
260124699
-1
-1
1167739036
142277945
810045993
249891619
1681442475
632017672
22233110
91507502
291139337
-1
155592619
177134068
-1
68856320
192443823
172771633
28583123
-1
628518453
351771103
29601237
-1
-1
949911617
-1
302831403
990156645
-1
130910788
-1
39554794
-1
-1
-1
-1
405639673
560936404
520934159
-1
198064011
-1
1036704209
564373963
-1
689366690
874450
-1
108401155
-1
-1
184211488
846363137
80636198
-1
551210185
59845748
192534273
559965897
173868637
58695665
-1
-1
139310269
191019907
133025342
355171526
-1
-1
769288227
770360045
-1
-1
114601753
979386329
86176644
561604672
233294615
738510435
-1
-1
264943271
753048325
124780161
-1
315764431
-1
52730515
262669324
688178393
1636630622
-1
513729930
78758341
252060584
310350109
-1
1157334424
822101247
492793368
308857678
-1
-1
-1
752481296
2773047
268912575
-1
31319271
-1
599533505
-1
1335029037
158659433
117869233
548871477
137413912
-1
-1
675967369
612188707
-1
172132207
-1
495803078
472649310
-1
-1
96654200
1265953291
-1
238224855
49809217
138682183
308659640
22636695
421111571
-1
250929319
44777896
343266439
-1
1496130101
569041919
1282749429
162890687
291723301
630239577
-1
459711113
-1
228873338
945967463
864237556
151560748
-1
-1
31252187
300799274
-1
1619634079
-1
310419012
366351521
-1
-1
170881956
-1
-1
-1
122023241
-1
1065630760
99582788
70059169
1955728558
-1
42111552
27501465
270634052
-1
-1
-1
453935329
-1
-1
1564192566
183847112
-1
-1
421182050
-1
104567201
80166781
865369371
-1
294684951
1177581364
274211752
-1
-1
745340191
291659943
307022628
261254990
621960905
307885118
233271184
-1
552290651
231463741
1273555795
1465916384
372669167
623251235
737763337
129592965
894266918
1432499141
-1
4064629
139574683
-1
-1
172317734
198236326
98675412
483664253
-1
14791730
399444453
-1
821288047
66001156
-1
40287619
309246075
548524897
44891643
-1
-1
1119189201
1200293815
979459655
-1
-1
931022909
341589339
704842449
156368164
433170600
-1
575844847
-1
140299523
-1
428855814
-1
-1
837561199
929388162
-1
406117055
396700711
571027885
-1
298515713
173881487
429120680
748455444
1244527575
-1
8315473
194432709
421174531
473996311
1176770981
177337218
453240444
115133023
-1
471049045
271001602
-1
-1
-1
358872115
371751929
667710278
-1
1448250229
-1
99302526
198689347
375121347
3221003
-1
-1
660652540
-1
51528907
800639949
-1
-1
231561522
14385789
-1
-1
215304047
-1
11919905
600208036
-1
594647687
416407513
64292418
-1
959588077
662125038
242842073
386578238
-1
162021878
595258066
1108303205
137257323
477213739
-1
538052303
502740282
-1
620419613
1297903787
300344104
-1
-1
-1
154213750
58102311
-1
470688484
-1
33956761
443925635
968234497
1504226461
538513085
290877472
129747813
-1
23442811
-1
804454435
-1
1205098173
969728586
480890077
864823078
14702285
1014088357
87704160
436362941
-1
-1
40995163
34354441
-1
-1
-1
137357438
-1
226727534
155949277
361118595
28197591
1096231475
-1
285600232
-1
-1
66068948
265697295
333107423
-1
148076361
-1
1330406094
914083767
107747744
863697623
10908356
397491079
-1
1788829537
-1
832440820
541562163
-1
614133956
-1
571585459
634296102
-1
-1
454948297
212371453
863859255
-1
-1
40205840
-1
765853507
-1
65090537
-1
884734052
11578109
-1
92920193
971974135
-1
-1
-1
-1
-1
205905049
-1
851061588
75451472
74736840
-1
67645781
-1
386639521
-1
191209370
77363471
489655096
413827627
-1
155852010
754323181
119824148
-1
-1
23173265
88990433
249118391
53531825
452091511
-1
68828891
-1
532869943
54012257
-1
-1
362493727
-1
549002705
163658347
195008112
25961529
-1
211615636
-1
246864911
-1
269573323
-1
39052637
435538077
-1
-1
-1
769694902
-1
1430815097
-1
-1
261404627
-1
5133541
-1
9467031
412067791
237186244
119694261
-1
68855922
-1
1739620326
126569473
957731302
-1
1612241229
-1
50269929
167215673
-1
329067504
1006983150
-1
869755399
23446353
-1
340063694
373001629
80195975
650842394
496574037
57232353
1150850862
191277322
190414316
-1
203363103
1229645843
543793273
167392782
907220961
41792212
-1
768860395
-1
99371661
230028712
-1
126357713
-1
-1
71887207
214096319
-1
-1
-1
-1
670755595
1635709430
182655404
890171575
-1
978968011
29735031
-1
130287169
2206073
579904249
-1
832451277
796024578
-1
-1
-1
27689558
-1
-1
1392521501
766093311
-1
-1
34055967
-1
-1
-1
-1
1307533212
527311655
179045254
-1
1034155621
693444961
-1
85860891
56657731
441809858
334720729
-1
-1
644894093
567482123
-1
254777986
409144902
249262873
960975405
-1
-1
1354790560
-1
-1
-1
966709047
1351706474
541235357
-1
7161256
654851361
496403699
333263379
108933876
1051109948
-1
32924704
13971697
-1
361230417
1150549135
-1
-1
377559871
47720003
443619111
427416539
-1
-1
1590031125
1135872671
1101366752
-1
-1
881133889
175997089
-1
-1
213007602
1460214783
-1
-1
751047122
-1
693118361
1073855093
132292975
328997279
877746545
-1
260658431
922717249
321360805
237924035
114886156
-1
-1
-1
413734677
411357856
113013451
648009068
622217495
-1
-1
717740268
35626462
-1
-1
-1
491207900
1383537579
682401862
44217095
-1
-1
-1
-1
-1
876138212
560856004
-1
-1
15550908
-1
29851118
267410764
212921642
734154434
-1
1384191127
459437285
-1
-1
39904526
1373397881
4042555
393868397
132514229
-1
663168739
194518825
136794754
1204337910
871145742
962550527
-1
-1
-1
183823365
-1
877383051
1793821350
-1
261579788
457757288
145241063
687389709
218431215
-1
121128563
110439111
447181476
-1
649862489
28711861
-1
253688261
310210765
-1
161600129
-1
902357124
168745342
484327069
209052893
397447226
549793289
-1
72109615
-1
-1
545283988
-1
111278625
183084781
1293178337
-1
286276211
496504367
-1
1175787978
-1
-1
279496577
-1
839166412
-1
-1
105814203
536934907
592184957
28922005
6693979
85345123
868425475
192958209
327281857
417764187
234342024
525900643
-1
-1
68862993
-1
92179788
-1
1682156407
478620139
-1
-1
-1
-1
-1
200302652
-1
37936917
129363333
615201697
-1
-1
-1
-1
-1
276220419
-1
-1
129493535
737682191
-1
600435766
1092689533
-1
106727853
240539445
1736651505
598416755
743481742
-1
62697290
408912824
298900339
-1
-1
67089959
378920945
801302839
-1
649373807
173752556
-1
-1
287502511
1998072
321695721
36259585
242796691
-1
784009670
-1
-1
238534283
-1
826857233
21804206
445903957
209837701
-1
147860731
680627488
1185219775
-1
31652333
1469710287
803397815
57101417
321410053
-1
-1
-1
41845507
136451925
35036723
-1
-1
531588185
-1
-1
-1
-1
306947771
5269078
-1
44572781
411627619
260683361
1327050055
361791491
188773789
133024051
973623872
4723094
678507579
1239397048
449803271
757158848
938766446
1484976104
428075560
-1
390719435
647085034
271229347
-1
270464529
20540339
746822002
588635456
985828021
-1
-1
60842781
166571104
-1
-1
533049491
9489929
-1
-1
473136361
168737670
1010443625
971062725
-1
-1
75361486
126705305
-1
-1
-1
785314657
-1
-1
-1
1675839680
334408669
720339879
-1
92681843
374891041
538079065
91228061
928261675
-1
310036083
997285277
-1
-1
-1
-1
-1
716474833
-1
973934299
61934968
67171557
32648485
1194386857
692568725
733596659
-1
33228118
-1
84974371
340202122
167714801
-1
299652811
-1
225467797
-1
1069350621
446949701
484882023
-1
-1
40721459
659450330
59679061
479429143
-1
921624069
239947287
593104314
194218130
-1
-1
-1
245493211
-1
-1
356819164
1079222939
-1
-1
-1
1212465244
254460546
-1
177023060
-1
413371441
-1
204086785
620308047
-1
-1
835929092
-1
132115321
-1
1190382303
1623374526
1330985243
42518814
-1
-1
-1
-1
452652317
296789238
8275270
-1
848852543
178315515
125288729
407392717
-1
-1
188856529
793389317
-1
-1
1230022285
-1
-1
246694715
-1
-1
158421208
97358950
-1
-1
-1
-1
917519772
-1
1168599865
-1
-1
-1
-1
876386208
1284944121
19063240
-1
-1
-1
820393355
874748061
537726819
872668179
44712583
320281481
-1
1398303220
264146433
90861983
380858368
231936733
1498237772
439748010
828398261
-1
-1
-1
172917886
833065449
-1
217584695
1053186179
992476637
558814389
-1
232903061
407086431
471845718
1353638866
-1
279679
-1
186173584
292648231
592522405
611328337
145125906
78041167
-1
1784802252
425017195
-1
-1
238136581
538292599
159665880
132043727
405322493
-1
-1
859701295
381641356
257312981
37157501
657961083
-1
-1
-1
-1
254103316
173260196
361569909
-1
-1
-1
-1
954968396
1091189143
156239859
222305907
-1
-1
47465637
15024986
45283199
-1
9588091
-1
-1
245313922
-1
-1
286170685
484789155
40086678
43355623
315525212
365016507
254145937
-1
437576219
-1
221694505
-1
573727859
-1
75006922
-1
18848395
134119477
-1
80461769
6105753
-1
1058607521
-1
77757049
-1
1094899033
-1
-1
-1
1086312020
157687609
-1
591855238
506931681
-1
80929601
-1
761073533
-1
-1
117151118
835858336
-1
741889532
755287181
-1
781980787
5214938
-1
276233217
68867968
755966621
344487815
-1
670708101
-1
97389868
-1
-1
188785165
429730231
102881031
23788220
-1
636707937
-1
276020781
1003766089
730539
-1
-1
-1
187071317
283134783
242667778
345108967
711382504
1568833476
121518161
315748823
-1
1692269601
248371183
-1
256246327
512458318
417382160
812218037
943179153
-1
798517546
-1
-1
695020791
109321021
132476796
35311576
-1
-1
14288968
-1
103220753
-1
50443875
873804413
446673204
161139687
515173116
522875895
205592402
-1
90441163
542230003
-1
305883995
102179051
1288735406
896581769
468892937
-1
169979744
1350207416
-1
-1
42995626
59122472
50768239
-1
199850707
727782593
-1
787628741
846353081
3640273
-1
29054433
1648704087
437226642
-1
-1
1007188830
-1
455440862
203438787
62344527
198789521
-1
-1
523367022
3185619
-1
557563811
768592189
918060042
224904382
-1
486151396
699768149
-1
212409449
-1
435199235
-1
385482215
1593252879
-1
-1
126986654
622132106
471126367
-1
1008566467
86847123
-1
1464206887
-1
-1
-1
1233684445
905912803
-1
-1
624660167
-1
-1
700718753
526673861
-1
-1
28568327
-1
523153676
1503897680
-1
514433537
455597899
-1
649262153
231764157
513330219
152727835
-1
596158372
-1
847479839
-1
-1
-1
739892623
639768503
32499638
222232587
-1
26391671
21314208
-1
286908929
-1
-1
267902650
465507881
1134519858
1318646635
416588018
-1
-1
-1
643279485
-1
1607702609
-1
111589047
-1
503083031
67862941
-1
-1
437395121
-1
39025421
-1
1119679852
54114659
1287161897
-1
893377229
-1
14872909
309763845
90571300
1138255498
305042765
1179673060
163209533
160199929
306166725
1418603517
309996917
-1
-1
348741015
-1
202806463
801146333
225242931
167307111
282050401
-1
-1
1616968319
1463476318
736366177
286769309
670164381
-1
511224881
396880279
-1
-1
201965177
449183261
523001473
630727015
-1
-1
179450402
-1
550685213
69404360
888926083
-1
-1
-1
-1
-1
699098687
-1
122221859
391807391
459298999
859754057
-1
289063054
218237593
569390314
665999443
877124150
760852585
466658727
-1
135334411
496738435
-1
131215325
1445301640
-1
-1
125074939
19967906
471752493
1371283631
276352669
940510489
-1
24503090
735765866
-1
465495002
-1
284790011
-1
104425807
1377416564
31534798
1546533635
-1
1374284179
-1
1106156582
37093951
1531586580
-1
203510615
-1
511225253
-1
389448298
695791517
-1
-1
-1
-1
325553099
1468759909
-1
-1
11309062
229827613
-1
810208328
-1
499167454
673372657
347482701
-1
1799202662
741600666
957011938
-1
761850670
348051116
1683603130
-1
-1
-1
-1
-1
1242067294
421947161
723015351
-1
-1
703557164
-1
-1
44998855
-1
159539550
20845286
626317629
66226467
-1
-1
-1
-1
45562396
70730381
-1
988391333
-1
483904703
-1
180460483
-1
1104045718
168854561
-1
391046751
803091391
1302420051
143284555
-1
754515463
-1
36367579
283023627
382900299
49801534
-1
347722101
-1
-1
-1
-1
-1
70161287
-1
1541837978
436062583
-1
914104329
-1
612062767
226874433
646508967
-1
692466561
-1
-1
414436917
-1
-1
-1
203583172
874860394
-1
-1
70185487
459547016
-1
279266855
259738412
-1
1122131346
-1
1217594228
-1
136155932
899828956
1644369076
1540536559
300446585
1098676237
-1
-1
18192793
-1
1163581321
-1
-1
-1
1206055277
1639375904
-1
-1
-1
247705793
-1
-1
-1
238938091
-1
1007553701
1097061559
471289469
-1
628921395
-1
428626353
247526168
168204712
-1
-1
-1
106328064
-1
379169786
-1
1023314630
359989003
819804374
-1
1036050656
648661653
168116762
706025158
-1
882873738
-1
164667469
255931632
619507033
408303789
-1
38675677
59367565
459328169
521787753
351223522
11900127
379255625
389958680
-1
-1
499465133
-1
-1
-1
-1
-1
1385993679
7988278
521701066
582487
810471771
1916068514
397418170
-1
310693957
1032697235
-1
141461481
-1
-1
36256847
268382384
-1
-1
483848221
-1
207172326
157618732
277614219
-1
-1
106208513
-1
-1
-1
26156488
1508637271
-1
1512413773
698157700
-1
644609176
-1
1592603071
-1
136367226
155827389
939962095
-1
-1
280338607
82035971
910410833
-1
1661537663
198295927
-1
126662589
-1
1010409014
959229374
572057861
-1
-1
1337549948
-1
116425821
1521505702
268741410
214803071
507279188
50958547
611431596
20874349
-1
-1
664790861
419765201
-1
860631471
-1
48722846
-1
6889289
-1
-1
-1
324257005
222288727
381826727
-1
883128975
1655309621
1143815743
271299257
-1
-1
161912786
906595875
232442297
729348561
1149294905
470880865
350300336
-1
406767545
165775338
-1
-1
177704593
-1
352463833
1108097596
115644019
198375530
-1
-1
-1
332064287
294853880
-1
55475111
32570006
93563598
-1
1130674237
265307541
-1
103077304
-1
52299619
1664099547
8381180
446445766
-1
103584139
893673674
-1
110019703
1410808423
153697149
180367455
-1
-1
-1
1354622201
61791973
813878551
183575053
1541704
-1
-1
-1
1031128029
1382526919
-1
243587798
-1
983386235
1187449588
455221146
1275253359
-1
1097111893
-1
736439365
-1
483729847
968032165
115437636
284309392
-1
-1
-1
-1
499912597
259608941
769944553
-1
-1
34817849
225544373
-1
-1
228870920
876390730
-1
727179656
280239077
1344285005
319936784
1027239274
-1
-1
579395797
121447410
313087464
-1
28324334
-1
-1
304768060
84436830
-1
131460737
1222532047
327834794
616379031
-1
392219951
-1
1546564136
-1
660256673
164405311
752127764
98347715
65970727
-1
425910637
-1
370202236
-1
-1
-1
686282943
-1
-1
527424323
462995479
23080172
-1
-1
-1
407657423
-1
215711716
-1
-1
1256397376
832435253
301161174
429808679
569837257
-1
27265997
884485053
349780793
-1
165277616
507242253
851044346
-1
87065319
415803306
256860001
266850708
475509963
1047349827
99951689
324226321
-1
-1
239848884
-1
360272621
-1
524905690
20789082
41422877
-1
-1
823893475
48341171
926947288
263434754
-1
695816631
-1
-1
-1
-1
333487303
750740555
-1
517073058
452323741
346920801
168353404
7465298
106715789
-1
515149473
-1
1015175017
14253469
927765881
-1
-1
-1
-1
850112981
-1
1005201373
50176392
1344982369
467205
-1
495461639
-1
-1
-1
801938714
-1
39249679
-1
994295038
292934393
189592226
10518974
-1
434389187
186129263
-1
-1
646737662
-1
-1
968301989
-1
835134839
751267246
-1
926608667
162539056
141049361
14021551
519759796
1296018266
701282694
612399051
-1
-1
-1
1471446075
1229125074
265265458
859554809
-1
20735595
1137285217
-1
36571951
1210561449
-1
95841332
1707047913
430450529
-1
1369566718
46767067
28497535
-1
1323398870
456822722
322086500
734050190
645666754
-1
18092843
-1
608788223
-1
909398003
576734195
72577301
546095478
-1
-1
14618665
-1
271034963
245425476
58226821
323790459
-1
132537368
877857657
91386865
375810661
-1
-1
224009147
970317557
-1
403508595
-1
-1
610410337
-1
-1
-1
196524407
394640501
126459328
681031502
-1
310153199
-1
519546832
875500840
231124343
1781671429
476487263
-1
-1
72228388
-1
-1
-1
1355371394
427033272
-1
858119833
-1
-1
-1
-1
416378599
-1
-1
-1
1535704491
1218813647
125723319
-1
124587012
263137
718225139
268971277
395644807
253606849
51538121
1859880072
-1
-1
255419619
636606619
157382052
1019591708
28228505
-1
474874764
550480565
-1
-1
-1
69207181
419405452
-1
-1
-1
-1
-1
-1
-1
1525834051
102726565
242050622
-1
170112236
1707628527
93448504
-1
773058649
272883429
111366906
-1
568763969
90084677
-1
-1
559038230
43004091
-1
306850748
269930305
342332630
453316732
93374997
1076505233
226476299
-1
671244554
-1
1423905209
82903139
462826766
-1
-1
399243673
-1
460206058
-1
713912155
-1
-1
69024379
-1
-1
1162850515
572613137
-1
-1
588103251
329375589
1819208853
207118525
-1
1174948231
-1
754085039
-1
-1
1125721763
56030851
160953125
-1
-1
259196869
-1
-1
-1
157745252
-1
-1
214045127
1157017799
-1
-1
68853719
276976609
693134110
-1
86039784
1464272291
28207320
432769055
-1
978276373
902534725
299739063
-1
276485911
148777352
466337915
-1
81414780
-1
23963473
-1
642343370
-1
-1
260940602
15287408
36680130
788494433
-1
899105572
744302708
162177223
137410169
-1
98355767
-1
-1
735441665
-1
111875341
-1
101153871
-1
147084706
568176099
219384089
14051195
582049071
151146920
547969983
1125555832
-1
-1
293521423
-1
216849188
-1
700755539
-1
515640485
-1
186446479
61510340
785579722
1280836357
13567460
-1
-1
-1
265561372
-1
808261941
-1
190464627
-1
-1
4992017
605551224
364090597
-1
527955525
765062507
29923391
-1
109749453
1496844056
261054368
92382166
-1
52396633
-1
-1
314566194
373795457
-1
59446113
2345297
576703190
1667675746
-1
47318307
47818096
335477573
-1
240335695
376155690
482983956
-1
-1
288029254
973774922
-1
-1
189170731
-1
285837603
-1
266184740
-1
-1
-1
-1
-1
275831455
-1
-1
224240793
421522765
1185382138
424819891
465160992
-1
983103965
-1
1114647143
1141205177
-1
-1
741511231
656028351
494015245
25779307
324253277
76221292
276439121
-1
-1
395209438
-1
-1
915551868
-1
-1
239811112
10095209
825571111
66515299
65223492
-1
-1
134993311
688218080
148309906
634719024
899555087
-1
44728725
1463663049
-1
73375817
457001784
-1
1133475446
-1
-1
570068869
309119946
1210272243
348447793
1486487936
431699851
-1
-1
133644420
-1
537851271
-1
505798766
38608371
-1
272377124
579014248
593777329
1152061371
-1
-1
-1
-1
-1
87003057
681834701
145418423
445365247
1576137812
11741941
74647210
937867411
247035697
1271380129
-1
-1
971445566
355335715
255182504
666722746
587921551
-1
314540763
-1
65318256
-1
-1
103934212
724045732
-1
408972919
-1
-1
150097802
-1
-1
1303349893
-1
234943341
869897096
386414373
-1
765395461
-1
893893323
1198089487
-1
-1
235110968
407439501
97608233
-1
-1
594687779
269500783
-1
61222727
200716531
356181841
-1
567928179
-1
109864607
-1
219224290
-1
-1
4868844
-1
-1
-1
-1
378908132
-1
-1
-1
114688878
732236411
-1
-1
-1
-1
-1
916674518
-1
1477646978
1519677818
-1
84583253
196002713
-1
-1
1428365110
-1
95689106
173241168
397002082
-1
-1
1300147763
178021465
-1
67302162
42897419
193005103
173133058
111710336
1594719449
-1
-1
85064431
14615038
-1
84993502
25696826
-1
-1
-1
575511611
513312642
159484896
375432851
658946997
350732425
-1
-1
1091392053
357503645
-1
205242603
1065043703
-1
943454537
411529678
333760389
-1
-1
-1
41670396
595896389
-1
-1
-1
359806459
-1
653263781
-1
58386507
224863945
-1
-1
215358745
1566312994
848027875
1114316317
-1
89533551
269245327
837308899
-1
-1
523091815
-1
8418507
529032410
231374124
418963875
1249668569
721394951
324271208
1492449519
57352583
-1
-1
853492586
-1
283062253
53259187
-1
-1
132243361
-1
-1
-1
30277134
-1
48399773
492666305
-1
-1
680870835
-1
-1
-1
5582815
-1
-1
-1
-1
74482533
633386641
1466258249
875556199
566890073
-1
86604238
1232195417
587062537
286045607
182461966
1099042253
138915687
13313277
94057168
-1
-1
785794957
-1
120092833
462203506
37186472
61543491
751469490
-1
-1
-1
700917442
16660541
-1
-1
175395416
304319234
42623798
295681338
-1
-1
-1
1032189723
-1
1161951863
497246617
162842814
-1
385206127
-1
-1
-1
-1
52002133
129796715
5582540
-1
-1
231821882
-1
1583413565
387257015
-1
-1
-1
190980749
433967681
491241398
-1
253015079
162760383
1228004556
-1
1268239247
-1
89249492
-1
581565080
-1
1423903724
171160753
362947566
860694165
1597803624
293015220
33742931
-1
432040193
276202246
448456869
1208836366
173574521
48567255
-1
306459342
279937186
49387509
-1
1166873583
572537151
527296813
-1
-1
134352698
1782887795
1653257539
-1
-1
725219682
-1
-1
333357858
-1
95004907
365587904
-1
-1
385277279
1346347209
263963777
12322224
310886065
-1
-1
-1
43033384
169487387
170438782
-1
-1
656102722
171410621
1107520401
632458541
591807775
862812112
692079034
-1
-1
176805189
-1
725190827
-1
71227067
188401387
48633257
-1
-1
1297979883
-1
857022605
240536812
91691263
457390377
1366843974
-1
29381960
-1
-1
491620387
-1
701500924
756031499
236633452
-1
595912583
-1
-1
29368279
604048201
1387396611
897504865
1718039743
-1
75265982
18643249
-1
-1
77018041
984100955
22960881
-1
30449774
371315071
99283259
932091055
671498302
304947048
-1
804937741
-1
120485214
1445339798
250325977
359689633
803424167
123582517
316325145
49143467
1066691252
-1
-1
516680037
376622531
103777214
691214327
-1
129446435
800323953
-1
-1
-1
16312438
-1
-1
53578044
335301535
103483535
-1
-1
757269036
-1
-1
1311553975
22275587
-1
1028210067
846619607
-1
830462145
217239148
728792615
11468714
94696972
210106182
258388744
389158044
-1
-1
332081407
-1
-1
-1
223042673
170842908
4030737
478328217
-1
-1
90128851
201934619
-1
109816666
1115328595
873683495
975894833
56214889
215109669
-1
610654829
-1
83663230
-1
175364859
-1
-1
-1
73106548
-1
-1
238721256
-1
387593483
227211579
-1
60919435
892787069
129431443
606732328
-1
-1
954184272
-1
710469755
-1
85862043
-1
-1
-1
804064646
330201398
622255528
-1
-1
-1
34457132
495907111
1451258205
251636349
106494534
313250909
1074094624
-1
722584055
-1
397213249
-1
292493264
-1
-1
28645041
-1
-1
102603483
67457978
337499713
-1
68409547
131090524
186825363
61668208
602258140
237475947
-1
1026716471
654484349
-1
363941936
-1
245357491
-1
-1
-1
383309181
22966115
-1
726778448
806130721
256232605
105680405
13768587
-1
640006381
770932963
38486677
1333171703
-1
360764981
35623862
-1
957722928
528828413
607161050
20169997
-1
-1
-1
526469510
19866752
171029441
314157432
804163131
410404641
-1
8333813
1007084133
158034778
282218165
941954435
845804090
170305643
-1
654921479
1179562953
818331973
66517
408800506
315852402
-1
743646269
-1
678758653
506755601
195335324
1344715943
11381470
536651636
116110893
509877069
230148725
175146175
-1
-1
500624282
-1
183100301
140942789
845313490
16931108
816512563
736780976
42870596
-1
-1
-1
4669639
98998029
-1
-1
9545411
116876929
-1
6889957
1865441033
893508613
-1
-1
58421428
147187329
374662317
388773625
807102745
135537712
345482300
471582173
-1
-1
-1
-1
522415431
15463607
-1
134848655
381466520
-1
-1
753662161
-1
536724161
-1
-1
307008388
-1
83227457
170820823
285165169
1843507068
7941469
60874742
291175877
510127194
600237569
-1
-1
746282381
1421449044
-1
200273670
-1
56557669
206187814
169313651
592026799
-1
915297724
698077310
263367179
129724773
-1
-1
291211805
512932439
311795941
80044093
221949353
176728060
631283503
1099909591
412813119
732778851
419318510
-1
946796089
78528761
443445179
-1
698611429
171896644
-1
1225930836
-1
152937077
48022363
-1
-1
2254306
109624408
-1
25398033
1041413627
-1
629961149
599427262
-1
-1
29497162
212460023
747144685
-1
621025552
-1
626186573
43372607
790664836
241561
-1
199368741
326486961
-1
1336763769
-1
268700627
-1
893057863
55890636
861535913
140023819
-1
755431352
424649669
-1
-1
-1
-1
-1
-1
940548915
-1
773244345
-1
1056602198
1371366904
-1
-1
51546847
-1
757005679
951367270
1187929866
142454680
8817785
408450377
441642157
-1
-1
16394580
-1
-1
-1
-1
108638419
-1
-1
-1
-1
-1
336927571
51546719
-1
-1
14961035
-1
808533881
840672980
47331378
596180813
1389593353
559430930
1270038021
-1
440497209
406326268
353463953
1849676348
-1
228122659
1648620343
268091441
-1
-1
242163319
-1
-1
1910931331
1103534011
-1
336587663
12735935
1028275827
21342651
55072188
1960813632
379465860
77492663
441489725
113543371
-1
908236706
285911703
1301114637
-1
32387563
-1
26311463
18017051
844813147
161350923
-1
606217862
399011326
-1
108297719
6439949
217246431
-1
-1
-1
-1
446392815
384918097
644808079
74353976
-1
1621353024
399766989
-1
-1
541539364
-1
417397759
-1
-1
-1
-1
-1
-1
174762035
18889869
760758092
-1
1002857199
-1
-1
-1
-1
378890000
-1
-1
323213499
68559779
325179960
33086447
831096308
-1
940673351
735049686
-1
227000891
-1
179481830
90940527
-1
-1
-1
-1
373276096
-1
-1
-1
1195981705
-1
-1
-1
281994178
-1
1262169461
165195537
-1
1473211221
230681572
-1
289390307
1682290125
762719079
-1
-1
-1
83825551
-1
208710285
-1
120799693
-1
241108618
-1
382906133
342003356
1081975271
-1
-1
-1
764813866
-1
-1
845765674
-1
-1
-1
710176286
-1
248134526
20186946
-1
910356633
-1
36984378
-1
358212197
294435281
882174610
-1
220646391
81264100
73458320
59550391
903517636
-1
940044113
-1
-1
470625508
-1
-1
137569263
75756613
13201096
13458134
137339327
190550793
40927169
-1
-1
-1
1011902637
-1
817219343
176741399
-1
204139773
438782791
355542419
1087515795
783120077
-1
-1
-1
238016701
223531648
-1
-1
222759795
-1
-1
292111755
-1
749106822
1140564783
-1
176485081
178868059
-1
-1
144534163
18460191
-1
323628636
-1
-1
-1
440995764
-1
514123189
404727187
134857510
55043763
-1
-1
962372381
1606482013
-1
301056559
201372652
667216249
-1
-1
-1
-1
99483511
-1
-1
1020394984
-1
34808096
928166191
-1
1857084714
-1
854320115
540192043
7438307
2925470
661196443
-1
-1
-1
-1
181501342
-1
-1
839339253
180328339
1137851630
708950853
-1
-1
-1
439873446
-1
630398767
-1
-1
543046479
201238142
-1
1095303357
-1
780319243
-1
1282525250
841648843
116489761
138744226
515003734
8261138
-1
3664594
23658352
-1
186758793
37150373
-1
-1
-1
-1
-1
-1
735603576
243955412
606751050
53483782
-1
1453879696
-1
-1
11145878
-1
-1
441838161
-1
1636385378
-1
-1
682005155
1941649
-1
725387305
-1
457033331
96180284
-1
1081519421
163525405
415507425
-1
402157175
-1
361344791
-1
453981547
-1
168294311
-1
10615003
-1
115538289
-1
-1
-1
981167602
1838663333
617695399
-1
-1
183239354
110864883
430450804
29694756
41011261
484668783
581674273
33418729
290160673
-1
1394997237
919083135
65532906
17646777
44612839
-1
-1
212664908
319253268
-1
608897011
112230494
-1
433998997
26382449
-1
759734357
858641276
1191817493
337329103
1144322191
4190003
32869761
162534093
315011692
-1
885334015
-1
-1
-1
125391614
16666893
825036289
180707552
-1
215840617
-1
212397826
526133903
108426403
-1
-1
586509293
556008357
413796679
1108248347
-1
164245002
-1
765950337
302438321
609770105
-1
242968697
-1
-1
-1
-1
-1
362391858
-1
108262318
886881011
174121061
165707824
-1
-1
-1
1111166078
-1
1429665743
-1
-1
1663355743
-1
-1
-1
698825037
357919126
844722251
-1
483646272
254030478
1152192559
-1
-1
746588241
482821044
1626825
1073447031
877199163
28700517
-1
513635252
1219951476
-1
73437751
1613456815
-1
565584446
1175477567
-1
5482252
-1
518619755
184137059
1220108269
140975999
-1
-1
-1
379200811
-1
-1
-1
114343702
766832928
-1
-1
240175493
-1
-1
151590237
325800921
-1
-1
828240965
215172513
69326783
-1
-1
148495682
-1
1301981746
-1
126111985
589748551
355655152
62157681
-1
896789329
-1
750241165
-1
-1
422235427
-1
-1
-1
494639000
-1
216097782
170620775
753809118
-1
577582171
701240269
-1
-1
731285599
1542452424
-1
-1
883427002
1354664195
57151957
957283222
-1
-1
222685090
-1
985740061
1370806507
873495168
26001520
456915698
-1
-1
1145640952
770829463
1591547945
-1
1534223194
-1
438339965
255307991
-1
907526994
-1
55324635
69148077
-1
165700213
1105305022
653128226
5552848
416084347
-1
-1
689978795
1678744037
281236616
-1
990537179
-1
-1
174692885
88539198
-1
1247788210
335449031
312508534
261304924
955883321
380189113
-1
84796124
-1
-1
216821040
-1
-1
611773063
27777653
678454766
-1
933220113
-1
544361381
-1
-1
427226411
-1
11624006
42796046
744981635
547121725
780159173
1557340719
-1
-1
-1
34356963
-1
167217723
110158192
-1
155831725
-1
654354311
215793601
1120087982
21063599
-1
59449747
-1
628464645
52983144
246467995
-1
-1
-1
-1
139373886
86400469
22462585
-1
606004074
-1
401369515
-1
264030007
-1
1241833221
703503425
-1
-1
668808599
1669634620
-1
162081433
-1
30630385
1294183736
504494273
-1
-1
849550745
-1
37834886
1804797543
353816007
1004520936
889551516
299854196
-1
845768861
68603193
248415409
-1
-1
550153457
576459274
-1
-1
-1
1006812038
-1
150896600
-1
829972049
1416465177
206161842
86428114
-1
131477023
90805464
934514156
-1
-1
480411383
-1
655935292
118290799
985409809
880137883
31848021
296057669
89220933
-1
1097444557
-1
-1
604050828
238476252
-1
136662941
-1
-1
-1
770519547
-1
169542197
-1
452259160
1308495935
342930833
307257346
355648792
-1
-1
543689879
1245731936
-1
407715072
5099498
668205346
1607648462
-1
-1
-1
79437106
283475193
153825239
1972937
-1
509576849
-1
138326877
326051095
-1
633450499
-1
-1
-1
442111607
14810027
-1
-1
-1
-1
-1
-1
1686262553
1843022771
-1
30328100
1183945837
614093063
105284713
552628681
148889921
-1
684110543
-1
1358597674
-1
-1
16299367
-1
1149253759
914671198
-1
-1
-1
-1
1025092882
-1
592680949
1533588244
536410733
47046335
15695206
1360151264
-1
226556013
253722400
-1
-1
449612887
242974120
1271368979
63395309
-1
973984877
-1
-1
477296129
-1
-1
439313079
1170636119
94524261
-1
839624456
713657681
24169952
1398518759
1053293657
-1
-1
536471831
364135268
-1
434801714
-1
-1
293841627
592266265
447867859
67787887
480969867
17185061
-1
-1
299560736
266131699
-1
-1
-1
107311043
-1
-1
24449767
-1
377052676
340208760
1563230143
-1
260241710
-1
-1
-1
403045063
82992875
262101013
79218954
-1
327593563
-1
-1
242055973
716843991
607889135
442107172
1237178617
14556166
273884015
-1
49675351
734764179
-1
391611141
-1
361592536
923925649
607786779
390407627
450361066
-1
191706779
5269858
327920175
-1
-1
68470465
50878817
194484564
-1
56238424
7771565
1623336
265459207
269143591
-1
-1
-1
91771177
580237734
661006759
78116245
692081203
266030575
-1
174767896
-1
-1
58792414
-1
-1
-1
1483816697
411976819
65033851
4348124
657052735
1064472812
-1
-1
62459913
-1
39629441
-1
-1
36730360
401327891
-1
912134528
1341328905
-1
-1
-1
73647188
-1
-1
128554702
258115681
140583930
267123803
19203019
37372879
-1
450894443
96856255
57351317
905411794
749109541
241232012
1321525139
329884183
585871514
1388763679
-1
858959782
276414715
-1
-1
-1
1252901773
-1
475367785
-1
-1
11987683
-1
1203780256
-1
790362219
1593133861
4652015
-1
-1
-1
-1
-1
417765865
155008617
-1
256513966
977769007
1015601176
-1
1278272972
428991647
-1
406833453
1196871651
313229719
-1
-1
752443498
-1
-1
475769807
-1
-1
51693083
189874249
-1
1212727227
66884211
1118548775
-1
1546751871
211487694
482661429
1520017999
-1
639704906
2480458
185176828
-1
990636017
114130034
53237879
28616065
-1
404394034
337917995
1804534181
61305916
132028165
258562129
-1
73359779
180256828
159009184
186419463
913500796
1319232921
858783835
14656595
-1
34484864
664284141
982116085
-1
-1
-1
863094437
-1
457101211
568242114
222071773
466190273
682273827
-1
441591843
5021905
-1
85795481
-1
231002287
907615015
93104488
1075866913
-1
-1
306553627
1210811155
-1
609050044
218648597
-1
-1
310460145
42609535
231320334
293411429
-1
203654135
160956023
425405
-1
908823375
-1
10685320
-1
-1
9514213
-1
-1
413396930
6592055
-1
-1
716488037
-1
-1
-1
-1
-1
-1
-1
74334043
437533196
239998793
-1
51735573
43903127
649878843
607337597
1214845556
-1
285534393
216358208
1089290483
125297394
305256525
465411386
-1
-1
-1
1149496150
485983181
-1
-1
270980212
65284651
57438863
-1
785238975
-1
-1
509956617
38095004
-1
155507433
-1
572735683
1095159590
171303830
986117917
-1
-1
81801257
-1
-1
201937226
-1
-1
111931477
-1
89954762
947001053
-1
122364342
-1
504728955
161845363
328714881
944429117
64342976
-1
43104078
152885982
-1
56573933
90737827
411182951
-1
-1
292868610
-1
-1
-1
8795093
116479736
636007583
-1
290185698
175798506
-1
841570173
55877301
431032124
1378179509
-1
669079597
16925544
710845351
476192862
260845459
-1
919388639
-1
-1
102927337
1523435211
38876221
1154612583
1201952
941066893
30974087
-1
498257995
-1
308848571
-1
-1
8554883
468424090
72920687
130939303
-1
528021770
72291361
1152350284
1111468091
1073131257
86673248
418048799
73789803
581100817
312122920
728535730
568067582
-1
463788143
-1
-1
626393633
52502516
96751441
-1
638611475
-1
1180589247
-1
548132969
-1
-1
-1
1147812946
-1
1562416827
-1
-1
472660109
-1
1123248113
-1
44055811
525685521
90733759
1354147191
141898275
470525709
-1
63063899
-1
1345850206
232275692
126141988
1816988268
326696205
-1
-1
1671817492
2737991
83893697
1208842546
761207184
60979909
-1
-1
26322544
784084293
-1
-1
-1
690810958
731306717
-1
54272846
117636125
-1
732999469
472906151
136651974
54465452
-1
-1
1769237339
325524482
51723269
-1
-1
355295935
553996914
356482860
189313982
302086309
206022787
-1
306318717
523372348
1008517669
1069288153
-1
-1
-1
78066340
996182501
218462205
425375454
86917391
336153079
390162878
520976368
39032443
-1
-1
1164115207
-1
-1
-1
-1
1010504810
394278012
41779136
-1
879225445
368355899
3034834
-1
436240793
-1
277903043
-1
-1
555132221
10959143
718230802
479619727
-1
-1
-1
361424549
-1
-1
39308905
-1
473032708
210976766
270511799
265156518
-1
519235357
-1
1782511023
-1
772643347
139061571
-1
239765243
733366123
-1
-1
-1
1167091918
125363563
-1
-1
208512919
1432894288
547849180
816088015
123722407
-1
1157033666
-1
-1
483149896
69957838
9317582
-1
-1
1455319251
799527431
-1
-1
-1
-1
1457527567
1017145379
-1
-1
407862973
1843239948
1213331649
1215121609
-1
1299470313
333604886
-1
305139128
138995923
-1
-1
-1
950155673
-1
156222542
1289180871
454409541
207795012
749750669
-1
-1
259463972
-1
765572693
367526392
-1
-1
-1
235391688
-1
658443011
22069179
235080751
278667134
-1
-1
-1
-1
252556442
127700930
1351714259
389536557
-1
-1
1482082048
160810486
23486527
825228555
-1
568179361
24474293
878843810
-1
995341564
-1
104418019
801987064
-1
259697089
140158403
-1
-1
-1
435902525
246768737
-1
481288706
151652327
-1
-1
-1
-1
-1
152650150
1513052877
271709842
-1
158379418
300135854
1365327487
142344778
945654128
721736637
1537508637
614876323
-1
-1
368020496
-1
490940865
-1
-1
-1
1062753130
-1
402354647
977782
251519278
290052671
-1
-1
-1
-1
8983039
-1
97200098
-1
-1
-1
508374382
77691897
308002841
-1
1664458672
-1
-1
107092838
7289930
91946526
681018990
-1
109350541
760540321
72440307
172232811
479778029
819224615
1217848205
-1
-1
320348483
35627687
-1
-1
55789787
164193367
1076264429
-1
-1
1227166803
104528144
1691237167
-1
213518209
521905976
-1
289416693
-1
-1
288785363
911309119
628342361
137659406
418328519
5439789
-1
64098516
190231957
403997633
-1
98863004
39256309
-1
-1
-1
-1
573661191
1227878237
135510947
468771583
204653227
15359014
-1
7643607
-1
44407649
-1
1178946671
-1
481523757
85270979
-1
-1
-1
74006220
-1
547140651
-1
-1
-1
680597815
417750956
-1
-1
14964126
257075817
-1
-1
29291507
279308389
358999179
629457485
794460259
-1
532266483
814087269
371850953
-1
-1
1446603525
-1
182523223
522409163
-1
446190027
1002026906
-1
71056449
1117129337
76948768
-1
664735103
28299068
67246122
-1
-1
851572094
999446889
386116841
1226161905
-1
-1
-1
558189057
-1
1624021060
-1
1538772664
95736382
-1
562115324
-1
135477344
392603039
23884713
401010451
-1
91694948
54497377
-1
576147558
-1
1268977743
172093445
1016313694
-1
737934863
366659163
792849233
-1
-1
92164102
1807865219
356429032
-1
-1
-1
-1
-1
1299692171
68010123
-1
111255420
-1
244803989
-1
788605003
54948259
1297294567
-1
-1
416116415
-1
-1
-1
219279476
65700299
-1
-1
320914547
-1
-1
1179909911
-1
333305666
-1
1037219273
-1
278993017
-1
45315444
347838142
383671756
244046347
-1
-1
64670009
869275026
-1
-1
92827588
214952928
1434015836
26597428
-1
399169118
319539989
259687597
217693813
452479119
661877536
51063869
-1
705813534
522764555
-1
102684866
170113509
-1
-1
-1
82489331
-1
14104567
-1
1084386599
-1
169204161
141218252
415729429
993688958
-1
755539359
715511873
558552881
-1
47177655
13378058
28254025
1281080199
-1
735859905
150707983
-1
-1
86137341
303354004
23202651
-1
-1
256803223
217054803
941586761
-1
-1
205877423
1329037979
1185070011
374353290
29224999
559728411
-1
-1
-1
1304594996
2886399
-1
-1
37677729
321648360
457673954
187785997
-1
1175914514
-1
-1
201078071
815627283
605478701
740731
863672887
887828689
155054525
370886707
-1
-1
-1
62468958
-1
-1
5254215
239592537
829101259
1190649239
-1
1763845477
134848409
1848706943
875417739
935636787
285270917
401309113
-1
584620714
5228781
-1
1868056485
487338116
-1
389193999
-1
18355163
254942447
9035611
-1
-1
13281693
83836003
-1
1047986335
180800717
1789135855
-1
143980849
-1
-1
-1
-1
126257558
120292905
-1
970080541
-1
-1
-1
405574688
930640879
575466502
244785275
199464316
-1
-1
503084433
-1
-1
-1
626138322
-1
-1
423478223
128267581
834104081
134266069
1625650381
86863166
185819592
459475065
760989491
350638273
630574344
-1
476683523
47157672
333685569
-1
1297977459
289174749
349620560
298005327
364806175
-1
59993375
768204423
119403623
104645631
-1
794576785
66165251
420769765
1540728427
766209851
112119221
-1
1592749993
182702405
831188565
936022469
1149337091
465665231
1028075809
476500439
52498304
834233371
540324358
401374774
663693936
-1
1525956957
845033375
1046519718
58468869
7424147
-1
140785068
151626633
-1
-1
-1
837630950
405503099
436093731
-1
-1
9389333
-1
-1
-1
217357133
946611125
1105417411
104210059
1252480787
-1
-1
905310680
248105551
1029341870
138525979
68898071
416020569
228378733
-1
-1
329723671
604434080
1093931862
89498569
114208714
-1
-1
6734819
505694792
849254101
55598209
-1
242928569
-1
-1
1018872088
-1
15030521
-1
-1
-1
-1
309016858
646923850
-1
1225394634
188409248
-1
205700254
104818887
52267673
-1
1591335133
1296951197
1351469105
1672284755
344426220
491742057
993679018
-1
1354085473
83906986
-1
325471096
184515128
-1
-1
260729479
1194686155
1106772466
796522167
-1
-1
488383569
1045309553
953547758
-1
564224176
79291605
-1
-1
483022724
685301654
866174659
-1
858728220
45529859
-1
-1
1440913633
187041445
454461880
1147840257
3169409
90823841
586761598
275631903
85648627
-1
1080325436
96344086
-1
-1
5380790
789617994
131087947
868018529
404240757
169375358
-1
16907853
132283454
-1
188185920
117919773
674699906
-1
7407527
27850532
-1
-1
496687866
-1
733559974
1125010381
13333879
3925781
1791870625
-1
-1
-1
-1
566771795
450158885
422936077
-1
36574443
1343223
-1
-1
-1
-1
589585643
706015017
-1
868879007
1049456017
-1
60803761
149230484
-1
-1
419971382
-1
241764825
1141683772
389996999
2388095
-1
57385399
17685079
-1
-1
859301291
519440099
-1
481437201
1648280843
318751175
799840742
285670640
1685362559
783759083
662227785
-1
-1
-1
192065605
-1
54951807
-1
-1
-1
54488509
14947595
-1
-1
-1
1638279018
1267918401
-1
747750396
2996495
-1
881483813
230292135
230550463
191593018
761252768
-1
-1
118963563
-1
292721595
357725747
93226213
110588837
-1
185521436
-1
555544471
-1
-1
793855155
636468523
-1
1951931
-1
353247583
430324802
-1
1203896523
413984663
-1
955271206
-1
126382936
371253419
190225019
125737991
381152567
704459235
-1
-1
-1
-1
-1
1604368286
18390081
371383262
-1
-1
274849286
108906881
-1
-1
241213121
-1
1447183451
1085356883
139299002
-1
-1
877925686
-1
81786749
871528617
-1
-1
143380142
731723773
430379961
-1
408187847
-1
1885133801
97077695
-1
1161278623
829770503
1052533618
62897283
429898783
11837240
1074559627
-1
-1
-1
1346486
158536095
-1
36526913
-1
-1
-1
379874030
209384237
931367384
-1
825982973
85675411
-1
664027395
1076873336
-1
-1
1082901401
481027644
-1
-1
-1
-1
387778318
550822127
-1
1024887816
-1
1084223249
460245202
-1
709016238
455118779
1252489474
-1
342699045
1253248481
1154977954
-1
404487329
124229987
-1
935451087
374740963
363384099
1435129
470024113
-1
940880531
-1
543668829
-1
215678802
686746406
288541576
-1
-1
766213024
710710705
1697476519
1198390003
33849020
24667623
263426069
-1
118688467
-1
278320210
481712527
197975937
-1
-1
-1
460606621
347411594
328011835
231676939
-1
-1
-1
-1
-1
766760154
140401940
-1
36702381
686173048
3590127
-1
128170669
364878275
-1
97692711
-1
167827880
26064583
1007474943
-1
29951237
-1
289910448
753310923
466088177
514542727
226853796
-1
130111068
-1
-1
460213462
315041039
651102933
576436893
-1
-1
-1
-1
-1
16650231
182288541
322441065
422600594
-1
337048333
780870727
-1
644520265
676578917
292617335
1140491898
-1
300842581
896867726
-1
273412814
-1
-1
34365769
1638458863
-1
227955841
-1
-1
-1
185454130
230605761
-1
-1
-1
215501935
-1
-1
639429433
393202033
1515261431
444046598
472524431
60017300
157540397
-1
100544459
-1
150317124
501992501
193915136
-1
-1
739794343
606538136
346107704
591666987
1053472571
-1
1123550859
400588913
41534993
155259727
-1
847706546
-1
-1
87925130
20074657
770096215
49196202
-1
405077728
169935539
-1
-1
475747114
-1
397201519
747187906
257986317
641182931
684215647
-1
128351054
184402855
30244021
-1
-1
-1
-1
-1
1335368321
109115189
315709657
1174912313
319365717
386946332
-1
-1
233954288
1080807755
-1
-1
-1
329906757
525169295
-1
-1
9581021
876643526
260638664
534911354
808303140
391435333
837209752
272154637
-1
-1
1232487611
794930618
804340240
-1
-1
86708841
84869438
935028697
-1
179964735
-1
379802167
-1
-1
-1
1835747313
-1
1598472843
720592313
-1
-1
206927
-1
1376969885
-1
131944415
-1
-1
-1
-1
-1
-1
-1
-1
1217374433
584377843
-1
92275287
23582313
1142596040
-1
671127905
629138705
-1
240770401
299879393
-1
717742999
884800994
112574241
-1
170824391
-1
156439973
209612279
1526617205
241828318
-1
-1
-1
26141884
332567134
896520452
-1
496391408
-1
-1
-1
-1
8648561
182050299
146200631
-1
-1
640430912
1566439288
250007727
1233191395
884059593
-1
121273309
-1
1276705723
1300750022
119958391
1058725431
388651478
69444238
-1
-1
-1
-1
-1
229505157
1099009264
61211379
-1
-1
361937114
58033087
38660521
178324765
-1
-1
-1
582042164
-1
-1
224380074
-1
-1
126738091
333897142
529253587
1795519211
247894105
-1
262634549
279153702
1144969481
205572576
86584428
-1
296461547
-1
508834372
250830357
425726247
706583861
1072323377
-1
1346409659
26138981
-1
27787021
-1
1449311825
-1
-1
3830689
-1
182249325
-1
-1
-1
-1
-1
-1
-1
-1
287215861
76509282
-1
-1
258663531
928281119
-1
967000625
93762224
1563681566
128208426
-1
-1
753086440
-1
2732057
332879901
-1
-1
-1
199672817
747151257
340185769
1111061052
-1
32507386
117199441
-1
-1
-1
61632964
-1
1450742504
736630511
-1
20770909
31033130
79348571
168767679
40555865
-1
-1
-1
-1
710554211
185532434
-1
420249939
72255971
236181511
57875589
-1
39162255
1181450181
-1
96713845
-1
-1
-1
-1
302256499
996180578
-1
-1
-1
-1
805605753
50112952
-1
55593047
267822823
453721648
39149821
-1
7691105
-1
-1
939059727
1449250303
-1
944143793
315550899
721514564
12941729
112914831
-1
-1
141294621
1456619691
159288863
-1
735315964
-1
112108481
10791186
558814321
-1
427413406
937764796
-1
198975481
163905681
183247858
221857609
-1
218718863
113735703
65952440
478016681
-1
938063057
1080256633
128799236
99026809
-1
1529649478
-1
334282754
1556562142
-1
392557319
356795149
-1
-1
195489625
-1
1420292851
-1
181620617
-1
166565123
348865825
47599641
1326120575
303380275
84431988
826398445
-1
24476275
966032440
102605583
-1
700571983
-1
1176925409
-1
-1
339321735
641860033
-1
264104091
219596381
536659829
-1
184203821
26077849
-1
469536415
1397445113
365382716
871354486
160635827
-1
64405771
692728654
390378927
21948013
-1
9266918
-1
247824423
-1
-1
800098511
-1
211690516
-1
-1
-1
156239591
-1
72708905
-1
91035863
1425754997
348803977
-1
-1
-1
-1
-1
12312943
524655893
1738369535
771950852
-1
-1
-1
181405193
88272287
883208354
-1
1486515862
593131830
572147371
524030736
208300229
-1
553660525
-1
272552949
199961819
-1
15312133
904517659
-1
-1
266276073
131098982
175860089
-1
-1
139190365
945444247
715182005
-1
-1
175142269
868548726
378903463
827977232
-1
183284287
-1
224478101
-1
776252555
-1
722686142
212409245
59122703
1215928588
84748061
782280333
-1
117116853
633191487
76644104
-1
336010319
8365723
149645461
68231282
-1
-1
-1
308534512
860258656
587084537
112376231
-1
179063209
-1
390125657
-1
79462479
119663658
65537052
-1
-1
1170708053
-1
1417316269
-1
-1
179380385
34798381
-1
-1
1270774583
47782263
218273749
868198941
808200503
299699152
-1
1260630013
15106713
426969849
401258665
-1
317347772
112686296
-1
370066852
356176373
54041581
532979597
-1
-1
-1
-1
-1
891593123
9374377
254653439
558457060
454144693
9815596
759081001
118490869
-1
-1
-1
925312585
-1
605862551
-1
538794268
-1
811656779
-1
1372967580
1106946691
-1
1561928993
1184866147
534507193
-1
275014657
119484043
834945504
-1
-1
-1
4690489
385694156
51222824
96684663
-1
1789666964
1310788643
302029581
22488143
8954865
-1
-1
293347145
268118719
343615553
-1
-1
1366289046
302268631
40919107
959082776
610590632
-1
295100329
-1
-1
95586743
264503497
53932592
1329711271
387866372
398258964
300154678
71633696
-1
387459002
319353966
738637521
1399924797
-1
1008695852
220136051
275384853
1324129382
238617293
536571286
-1
11939042
34377737
-1
277533294
-1
790948156
14376604
-1
-1
1202716978
-1
-1
-1
-1
-1
-1
-1
767398292
864888293
-1
-1
828204315
-1
1535068604
240021911
-1
87679680
186548057
-1
-1
830562701
-1
143466581
133917807
1248782586
1478116647
-1
589382525
379799207
-1
-1
999509052
1365442769
-1
228373227
-1
-1
-1
255076275
1344281371
949102753
-1
-1
215144605
-1
356268837
125421697
442647716
315464960
603187474
1150378655
-1
942861121
-1
759102545
-1
-1
-1
617524991
589012159
-1
-1
411599339
-1
867491543
375314196
105560897
1140031675
541091873
477558650
31535743
49666352
934773651
211762353
135719664
-1
734752985
4962901
259779501
51496036
1058829049
759500663
1419679987
17086759
72494749
101103715
1633827911
311844469
724103233
641030874
494523103
-1
313100526
224602849
40152428
-1
96898857
-1
295322932
-1
30184089
605568325
366719483
1160569107
-1
-1
355805737
-1
1161353083
95966687
545037862
933192449
170915863
196190011
51683173
-1
-1
-1
75709703
-1
-1
32012609
1342551809
-1
132356857
618246097
346333414
-1
3068719
699497287
-1
82128307
443170124
-1
205988425
208805085
804405149
-1
56923819
65976607
-1
122572506
-1
181362540
531408603
71183335
299060479
-1
1137230012
958040417
-1
1691319493
295751182
531173334
66718551
640846292
734453807
-1
-1
-1
183342597
642966139
409127431
165614523
226873112
-1
-1
-1
1368683517
1576143255
823721219
611752231
944985967
-1
918022837
45308552
596924558
795680679
10660745
1086599421
78678909
135884532
25321762
130060968
176003939
-1
219653725
204330149
291762005
12852425
52135644
20837277
852089459
-1
-1
-1
1727445808
1299354531
14952271
717364790
476776590
339724832
-1
183269593
-1
-1
77059018
1073026523
-1
693328280
-1
317366579
205756932
-1
-1
-1
-1
500044127
199428657
-1
-1
523484863
382251277
536210915
-1
59108345
-1
-1
-1
327239606
-1
1292819744
406200865
-1
79567323
357905657
-1
29176229
649024953
-1
402019005
-1
-1
496157125
-1
360897433
-1
-1
1284158205
707950112
1451744246
468982209
-1
365844137
957508711
-1
-1
152941196
278283458
79527917
432940486
-1
-1
-1
96423217
-1
-1
1241160093
702651565
48810557
-1
479851954
-1
94593771
121741027
1138674982
287647821
288745553
218972734
31960845
1552739918
1433769691
612212605
637822263
101943367
476763815
20417165
288280557
1281274083
618761923
878261579
-1
438039146
-1
13206496
716798887
662424306
61495063
1335661190
94630844
453151379
-1
-1
1194254673
-1
16705577
668401385
58524653
-1
-1
-1
-1
449480515
223990203
-1
-1
381741175
-1
150019532
-1
5099005
195770482
-1
50346933
-1
-1
488168047
511430579
386973352
-1
-1
94752510
176866663
-1
899747374
-1
-1
873488055
-1
-1
895863780
-1
-1
787135132
81925546
445872829
20869504
-1
-1
-1
-1
1166743193
-1
66457879
771986493
-1
1234414833
1309049484
-1
167533937
267221264
-1
-1
-1
718313791
694012039
-1
53767215
-1
1219840464
93716169
351555481
266867046
-1
16403241
-1
115143582
11522403
-1
823247667
333709848
16481055
362178725
187540433
179004454
-1
876969583
-1
-1
1546731757
1361593305
744148869
475203177
1612184011
-1
806692219
-1
-1
1282651487
-1
1020060927
561249796
-1
195657214
1193042009
864520283
-1
23346365
431534219
521820167
-1
1000816032
-1
-1
240899579
-1
1141933958
203827359
-1
-1
-1
205723070
4621799
-1
343992746
1372789979
-1
-1
413242467
1436438827
84905554
14748440
-1
-1
1494805667
-1
47529948
83164041
-1
56139463
-1
1355234202
320794826
398169521
1061451377
-1
-1
2295962
-1
846422989
203029951
-1
-1
875682310
18805876
-1
-1
203531025
419894843
-1
770046966
-1
264338774
-1
1615053813
-1
340193981
389047966
-1
-1
847281490
-1
-1
921895611
-1
578247627
804161184
1336408192
246627642
426115604
434612455
93107458
96167678
3264083
7269388
64892825
-1
-1
-1
841097865
-1
40561687
464300684
-1
-1
230441603
65511269
-1
146058587
211303329
-1
1303762133
544055989
6690674
-1
334887573
-1
-1
-1
294707177
-1
154552757
946721623
346660118
-1
126568681
509485554
-1
253857983
386726248
-1
-1
-1
568475729
92818506
235192982
387809157
-1
169556365
-1
-1
205389118
25227916
208636993
817649167
-1
-1
1131803131
-1
1759467435
147930281
425720729
-1
165701993
-1
-1
1268277205
344548936
131934343
3095374
82923714
-1
-1
397263283
733174606
239659969
788289541
-1
105064807
-1
1080241801
902439851
315710687
750668165
1015734131
32096418
-1
-1
31018065
-1
-1
863978487
-1
-1
-1
153189631
475984687
180955244
-1
-1
908176389
215376214
269905757
824008875
-1
580242002
-1
-1
-1
-1
-1
839455767
-1
611019015
79741006
-1
-1
586332815
463584991
439820916
-1
7475713
147126401
311593553
-1
-1
-1
-1
-1
950877692
265503327
1171756194
-1
-1
1282890873
99716465
1672161407
-1
159326089
6943840
94692894
337146414
878671635
369338825
164887567
26082535
1077084217
94335244
124290868
94047669
354392193
-1
82702217
275294249
1601955539
-1
-1
1491322906
49926315
-1
238303423
-1
1035032530
325044469
-1
122174162
159415185
-1
779546384
163497101
-1
-1
131989552
10514203
4500211
74233471
880139917
617814146
35518863
277573662
-1
1165387829
106629687
391673934
385291135
-1
363523256
140628406
237656677
-1
49618261
680589488
-1
-1
-1
-1
694805876
-1
421742806
391748731
230692699
1000040284
119064764
442209247
1730020256
-1
1033694195
549743685
179813822
-1
-1
393609477
25391313
-1
-1
-1
458569451
-1
-1
896351542
558020819
512889341
-1
-1
381855201
338986274
940108879
159681312
300209870
1102398813
335005753
1370379437
-1
24196112
262298156
744189534
-1
353343075
696394521
-1
358047523
-1
92707519
-1
-1
-1
-1
670967125
-1
-1
-1
-1
332613077
233051881
1005931158
-1
371203526
874099007
-1
72039673
201258752
609480253
-1
-1
44350619
14195233
124424894
592768822
1083667369
804130683
231367212
-1
459596024
397885736
262328981
283541987
1304554513
13170127
64195684
-1
-1
-1
-1
-1
35094503
306557333
-1
-1
-1
114294603
-1
579188850
89705279
198181129
-1
481787869
-1
-1
60269585
314280820
382834648
1299266336
-1
-1
956261
8665011
29433633
601571137
-1
-1
-1
154849337
536763147
-1
1094859100
-1
-1
-1
-1
495655639
1019609
1688028446
441293345
-1
1262591
-1
368766189
636699499
304368577
272981712
-1
-1
-1
-1
297021476
198474021
-1
19093381
1278941297
-1
362627320
1024090419
29719
257575944
484358115
616793659
66837158
-1
-1
202741353
87411678
993829391
-1
91560659
143064856
-1
640765955
398057867
662697955
-1
57818987
484385133
29380540
-1
-1
522066396
837240400
1020478483
49519313
4930371
188070866
-1
1483575039
-1
-1
124589701
-1
936363665
801817596
1027677683
1108131804
-1
29061759
12691293
-1
305736961
1367714219
-1
-1
-1
-1
1616022675
45341531
259230292
-1
108824981
394223725
20711669
367048276
74689739
56071309
-1
333430141
989850833
1540097288
117359585
771790759
-1
-1
40584908
-1
529998259
-1
-1
-1
122305951
162588697
681221217
-1
257623778
1016150073
-1
248920496
779778754
-1
183202055
130696399
372467825
63212661
-1
520302306
314518273
625899226
-1
470764481
-1
308148458
40319780
624802487
429000625
-1
-1
-1
-1
-1
1302669105
-1
-1
68093405
50161156
-1
221863186
-1
-1
-1
471054650
74297767
445971965
884998988
-1
-1
-1
571247937
7695351
68062007
-1
-1
117416908
-1
644008721
701809592
105898536
177584609
-1
365272959
54307401
600404072
-1
333425977
921268628
95372022
-1
812080423
-1
-1
-1
-1
377808283
1231694172
-1
-1
595660322
3617351
-1
-1
152143795
979570316
1305962429
192120854
420569469
79561385
-1
967678010
325643312
69517678
662144755
95699171
-1
866953811
-1
99291777
423469825
810601814
284387720
887941291
-1
1192213273
-1
355877880
-1
-1
846088061
267651085
467056815
645887617
28897744
-1
-1
-1
8721395
41050749
-1
-1
-1
167445367
-1
849904597
-1
1113078519
168759663
-1
6106519
173854706
601366606
419003198
45659220
-1
-1
843154959
273959134
475032427
-1
1688531881
543222093
-1
758708128
-1
23010128
-1
427318047
-1
-1
357403089
-1
-1
-1
426260402
35142600
62351950
814905727
1378476420
1334138392
168911168
1273879379
-1
-1
201431919
838620122
382675294
-1
858642969
-1
-1
1204302594
45667011
61335868
-1
-1
-1
-1
-1
-1
-1
-1
-1
-1
1071326449
458359581
-1
65439753
-1
1338218394
-1
-1
310555537
-1
567550439
1961902265
-1
40412678
-1
-1
-1
-1
24136705
135510931
-1
-1
255535361
245634937
265882763
-1
1882511164
-1
174221476
688113538
-1
-1
-1
989294536
-1
108330498
117796397
332826009
156107263
490412385
-1
555471201
-1
-1
561470231
167878289
11065977
85503906
460298335
-1
58256510
1068984562
422825023
273306496
326458785
92743625
-1
1709035519
538633937
574262931
-1
-1
390777059
877092568
629182673
-1
196031565
269548952
-1
-1
-1
157717817
123812184
403186373
-1
-1
270572606
464052247
84867623
970212733
886248724
386061317
554673109
-1
1762044631
-1
422338693
-1
38891211
-1
123588387
871285755
955580167
-1
-1
457891261
-1
-1
3644334
-1
1718141215
60339613
194673139
-1
15184359
-1
675169434
398221187
546722369
-1
-1
-1
-1
408851763
-1
207669895
33790139
570610969
191662439
867993102
82853951
-1
-1
6995857
71737829
101657496
-1
174237118
248641684
370906502
624120197
448133822
1654878020
43643919
496395659
26870519
185795041
839229185
1113103725
129496779
169195230
-1
-1
418253833
