1337983345
43928211
643146960
501532781
678425555
-1
588892625
1726610485
-1
-1
54296472
283612518
-1
368464141
-1
732779
36940480
809717609
505093919
-1
49019679
234066469
800489087
-1
-1
147168485
508563319
595012386
796989
-1
-1
946832341
296119579
151238347
316555780
-1
-1
1015389329
-1
479019025
-1
258645919
380323684
1249943475
341628844
179914799
-1
247363921
-1
574154496
1052346936
20736125
528509214
-1
-1
313672487
64771391
-1
-1
777640061
-1
-1
631406367
486583639
398882156
-1
197719309
381772585
-1
381556765
40001582
460894176
-1
-1
252536523
747631997
-1
-1
-1
456833855
27092397
-1
-1
-1
342816629
881430988
-1
475366967
461890899
-1
339135233
-1
186761629
618020689
208748673
300907313
-1
-1
-1
297249371
300185781
266551150
-1
-1
9854814
-1
-1
487711098
188038687
185096522
358444567
7292109
-1
37035833
-1
567686423
36197639
49116905
348740753
-1
-1
860833874
-1
323595935
335901653
-1
-1
-1
-1
-1
805930211
-1
278192085
-1
534548359
1262573221
-1
531932503
153401198
-1
-1
407349159
226095735
784019063
188356061
233454461
319857859
-1
-1
50804676
102427678
1315346962
40905346
981102245
-1
694558057
661633106
-1
-1
160244276
1699277416
455772117
957054383
-1
59555879
226160471
1285510461
-1
1225671995
123027687
-1
-1
789848331
-1
46778273
-1
220095032
-1
-1
15607644
140250744
800706581
-1
-1
1612263935
82134993
110349129
-1
-1
114147322
1634602675
27023194
349627071
851925817
1042320637
320014727
753803451
519178091
122515621
466488113
-1
252202529
676128251
-1
1031140880
-1
-1
-1
-1
-1
682571215
101561353
43853215
-1
-1
1353835922
566519708
827513225
3789913
251301874
862283043
-1
589691672
1001769135
-1
-1
444457537
-1
3280926
66169255
900449512
-1
811759531
87418691
258030366
-1
4739485
14250125
75611762
-1
1055247961
49474675
-1
-1
-1
930984805
-1
417654133
201916467
1059132517
-1
91611629
226466787
-1
-1
407003281
20985011
32234579
121343793
-1
133843574
729068383
448791533
666193790
143389013
598169269
20416679
-1
883371358
-1
-1
-1
69495818
-1
46319151
-1
1279566509
756510100
360743082
867411865
640888204
518416211
1397033927
592328702
86377292
467575663
438881965
449056405
727867077
-1
-1
-1
-1
-1
86670851
41390137
-1
84605630
566410709
78660511
-1
114457181
1448111662
1221601413
-1
25049385
-1
-1
-1
12367577
543740999
1066056141
6346136
29801209
-1
799497331
1042959919
-1
-1
-1
-1
555066226
963176378
-1
-1
-1
-1
-1
-1
230188897
-1
170323339
194184235
64096814
-1
-1
-1
145414979
-1
728294807
-1
93310889
85143005
744756296
-1
-1
-1
961364163
508340908
147263646
425301971
-1
-1
1236112463
-1
359147525
391082231
424625458
-1
-1
-1
437846168
-1
-1
741877361
-1
-1
1093469975
466873663
-1
658076662
94432139
-1
267412407
1384213781
-1
16762746
-1
1245732370
-1
403703379
150732920
96965485
61822192
27285363
57131323
107948153
-1
81360760
-1
113799928
-1
1821862018
1301319863
-1
340642921
1412662350
-1
245465498
-1
958623344
332025718
-1
-1
55694302
-1
38939158
800590819
-1
495894977
1144949432
542881475
45397581
-1
44874833
463684769
121751324
302264053
489954196
-1
574780941
-1
106577129
136846971
20051305
-1
-1
62387461
-1
-1
80105085
545099446
-1
-1
-1
446562559
411442084
335939701
737736932
22305622
154118125
55454871
185026531
1077751056
1606840517
970782498
299587791
-1
1097902424
-1
55426957
142988891
22786153
262333491
188996355
-1
-1
312221012
-1
438806032
-1
583728835
300764574
-1
363364279
266099378
-1
-1
435527950
301477588
307027493
-1
-1
-1
82047081
220430692
36996452
463319117
862606100
1658830933
-1
-1
1329615481
1320545124
167133121
26781251
-1
852280670
567940141
324050108
-1
412122321
-1
173015429
549839338
585163895
-1
-1
7337142
618854385
65613857
-1
-1
-1
447734489
352076423
190550790
-1
-1
490125835
433072697
1235104474
1120424528
-1
-1
-1
991488970
356294724
-1
-1
21269767
401397367
-1
179499217
315704207
1213425299
-1
2949801
79932503
596814836
231990214
932715326
855713408
431381077
390305519
-1
-1
-1
-1
686543593
107889190
-1
461813746
1199697354
188634541
60623189
123709703
333266447
-1
-1
122064609
1601009174
954099192
-1
789133117
142482992
-1
1871382079
612745598
853680093
-1
-1
515519049
-1
82374417
313516230
252283099
372320885
-1
-1
482551763
208327927
1522482719
-1
-1
373103533
448865778
106736351
56549835
7908864
-1
633160377
1409735613
-1
334587148
196042621
480092513
32001650
1150040
475381857
1285321901
-1
1276700845
41670152
1551394418
1757477341
-1
859280625
254563016
40495573
1480119255
-1
-1
103544291
-1
42141163
-1
247552177
789834614
628968021
281913987
423150570
-1
-1
284654267
2089574
30036298
-1
-1
-1
-1
141876223
-1
-1
-1
-1
1648880972
-1
-1
77361457
190078366
-1
206413498
12093496
-1
-1
-1
-1
737459647
-1
-1
-1
-1
93134887
-1
-1
-1
57513767
1062177095
-1
378577975
-1
-1
-1
165863421
1392422513
1049723924
-1
-1
94467257
-1
364379095
214973845
-1
-1
1132655322
-1
-1
78611889
-1
349960208
120150693
-1
245738548
-1
-1
1652561041
711010847
29740626
-1
263160202
-1
-1
-1
379167508
542300447
282153981
1404540411
377837379
-1
1881136623
-1
1329583262
53002445
625957763
10495157
-1
-1
9355427
327996868
-1
788643020
427870083
-1
-1
-1
584910603
-1
891738133
3040978
-1
1874420724
34080599
15389882
334562809
65472657
541918661
-1
1200090862
139358978
25687211
-1
646679781
-1
-1
-1
-1
606047599
84063503
115683923
-1
470410239
-1
426069189
1082746509
373453037
-1
-1
460850243
-1
132797894
-1
14040067
833139267
-1
67010703
-1
-1
-1
257907120
-1
-1
-1
120170174
1018579595
504202138
-1
1178124857
905457221
207515033
-1
1532796
-1
-1
46504669
-1
554015973
1536560019
-1
-1
1223548612
54574515
-1
397872640
-1
74745053
-1
127394717
252450563
263376673
516619950
-1
482332447
77357794
7505151
-1
-1
388216246
-1
-1
-1
-1
-1
122527007
831760384
883778642
625833682
852465553
351818165
671020973
136316860
576336533
1116033569
782626059
177601703
1111933197
32785541
212496253
243444419
445453033
-1
1446318769
-1
-1
-1
-1
721743289
-1
869101663
-1
-1
-1
722352705
1552516159
-1
157926216
250763087
133263379
1869757698
248458978
225106893
1171963563
-1
-1
471295726
-1
1818323429
362030014
84726736
844224038
1464274819
-1
-1
141422874
-1
-1
266212765
152562716
422351647
-1
1025179795
-1
852720243
11651863
523567452
257310947
148816056
97543737
-1
448492799
21776645
1213516127
-1
-1
-1
578213404
468459509
-1
70623759
706716144
831175645
235864321
177561545
63477613
982896790
-1
359899733
-1
443845065
879418119
967815798
1156129303
-1
846357213
569090200
-1
485264954
176768301
57778771
-1
988124692
1552271903
382328311
142967120
404157265
1456705259
-1
962793608
232243593
571885068
201235523
470581847
1479771187
652852436
192080949
108235686
-1
1553857460
-1
521851975
-1
1360942457
1183557589
-1
-1
-1
-1
204617783
743731449
582776451
-1
425001078
281587121
-1
408408317
412109616
594160521
1280565258
315876281
558979628
-1
1114750797
35406573
-1
317533441
246602737
559436398
-1
114678807
-1
-1
660154543
-1
868018181
246413333
286115258
462419865
-1
438260719
-1
-1
139810033
452272903
187744432
-1
-1
275774711
787134211
507593517
-1
745385369
-1
3933437
84279821
844142931
387552805
359417569
174307689
-1
-1
337489694
1161053155
-1
-1
111450055
1271098207
888840697
76403221
46990522
-1
-1
-1
-1
849691934
522669439
604892566
204079400
217194843
1245566445
-1
64822179
295194869
425551584
219270928
422308752
-1
153959813
506341972
-1
21744768
197958021
-1
412037863
373158812
-1
285383408
913289227
286387941
-1
-1
796845397
-1
368789321
313534237
1457428199
532099879
142479360
1959613035
359665581
1686908687
277168747
121107492
142013945
-1
714734927
195943135
264445135
-1
-1
31199806
-1
104112761
507744252
-1
297478995
-1
-1
-1
27900675
1529043746
-1
989576158
-1
-1
563104417
1188295154
-1
1174591921
1219779381
-1
591605896
-1
611225448
-1
226426213
-1
921896091
-1
-1
1323541509
453991375
-1
393723321
6173126
996839
-1
-1
545021470
1314243901
716506030
183816945
900925231
601699225
937873920
-1
1077379593
638575801
25052849
120110515
89930837
964036780
103427149
11838995
309597787
-1
-1
-1
-1
-1
-1
-1
377918999
33054452
77699713
-1
1672949549
-1
1325236451
-1
-1
152679452
1359221301
181502389
277389355
-1
447452593
-1
86182837
263138143
153525344
-1
-1
-1
-1
297497845
83091773
649210701
675118581
55569773
496697412
511093423
321474696
-1
432253009
-1
-1
1097215560
-1
308481043
1542476273
1429460968
296356835
1559149882
31540004
162438801
772520477
373210700
401227751
1004915790
-1
1299924995
879444763
67995952
-1
-1
-1
-1
-1
128716977
-1
-1
-1
2200383
1057640711
1182217102
-1
-1
-1
5289456
545129807
-1
-1
-1
67619236
14030742
256285451
66333747
901256818
1789197153
-1
229213721
-1
515700658
480358249
1021804046
-1
707301434
546444002
152643779
-1
-1
971621093
-1
258280409
66549009
1144611410
-1
-1
225099554
-1
563181985
-1
32062605
-1
220908824
211840771
-1
983163179
522169578
436407895
779116969
52005179
201778332
18335221
181109312
931590710
298000577
-1
-1
214030217
3223711
-1
-1
-1
-1
-1
-1
615482598
-1
149067881
86620952
1298403143
1248617940
-1
-1
-1
119409611
532875773
739851638
155967467
930918500
-1
356384327
144183189
192802764
-1
-1
98938650
-1
193557406
-1
-1
1175843636
399705607
-1
464566574
202134437
-1
-1
840824192
-1
50776967
83749223
1378562347
110661852
177175061
444029756
-1
-1
-1
1055972019
114644779
169429506
-1
397036804
13485583
183438974
391035770
642230551
218377987
-1
1041079101
-1
62140071
539722462
563672101
285909713
485573680
235994397
-1
-1
139471069
207374327
-1
257218561
847327209
174604751
653769239
-1
953353693
-1
247958743
378396559
35931655
-1
-1
377824595
1225858141
71187799
-1
377630594
1355914324
-1
-1
473521777
-1
-1
-1
472387471
-1
-1
-1
-1
-1
919697029
-1
1416422387
139422477
699468891
-1
-1
-1
355892771
-1
1055386031
23714660
190277588
657465382
-1
-1
309368339
145167927
-1
632298097
-1
598285417
331855234
-1
-1
-1
1307649410
801569633
362890936
472242484
403639583
629778297
-1
-1
515302333
420461659
223189735
-1
-1
406944561
-1
568082949
833199974
-1
148610028
36176142
1215347452
769425561
-1
-1
1659851095
882922
361891442
219579811
-1
505203487
172053454
-1
-1
-1
11132324
-1
-1
101559954
624567898
1259346757
331106443
767055057
-1
-1
660687360
41972331
-1
-1
66219866
-1
729984713
856423064
-1
1840541359
-1
-1
-1
-1
723607826
-1
1528508615
-1
97809422
-1
-1
-1
-1
-1
-1
20056702
286693630
110824862
465997960
-1
539569153
-1
-1
207308034
406645549
1166398427
-1
1358252933
-1
-1
14929565
306153827
408913301
-1
199744041
39139548
-1
-1
114529955
337072214
95209270
538615403
220982057
-1
-1
162042667
-1
-1
-1
114529213
-1
341513957
-1
608490999
91288412
472732993
184257635
-1
117054323
13465996
56972271
356121395
1040518913
210344993
20883095
602877561
1143924378
-1
-1
-1
105206636
-1
-1
-1
198710557
1435762991
222050357
-1
526655102
773858975
187060726
727558436
-1
-1
-1
1446276921
-1
-1
10505329
-1
26110984
575630134
-1
-1
-1
-1
-1
332870749
38409238
-1
-1
123027608
497767879
180010984
1562209083
47181737
1152700969
11310870
160729160
510284164
138915172
701711695
193265427
-1
-1
74988124
-1
561767866
619893197
609585911
433600987
-1
-1
-1
-1
1079094371
215202490
-1
-1
-1
902980041
118979763
-1
609590014
-1
631226712
109483056
-1
546218624
84484842
107423549
307812618
259062979
55494449
1334445169
-1
33904642
-1
-1
-1
-1
261934283
-1
-1
379386630
-1
1116418916
5466893
60763712
1555003459
3842849
-1
-1
98814060
929705791
-1
21737723
357802817
294273640
404239357
141236617
693889763
372476360
-1
64714184
42868597
316459991
-1
-1
-1
-1
146336716
362619808
-1
41371188
371291827
100162654
225452200
148050632
126185
-1
581435515
1664254913
-1
1088197375
223591343
738207197
-1
990020604
-1
984797137
530461417
-1
458142632
-1
-1
175256251
-1
-1
800751997
379158260
543229671
37827965
280742866
-1
161614519
575424603
-1
518489899
240461717
116662951
779231363
-1
613231399
28223065
-1
-1
194336681
-1
-1
387237525
828202253
641335749
-1
398357284
97505938
17202865
600046040
104026150
-1
-1
39391309
1519625960
252262721
-1
-1
1018412473
327308213
96686074
1354563535
896650225
-1
11530561
-1
1263547261
687859510
13830707
1053835151
99224395
188602947
-1
1243995748
61727951
-1
201673845
206441177
288267847
248210762
-1
41479167
876184150
393110912
1168106882
32892521
-1
158251537
666074285
1314053215
1446866394
1067759091
-1
563552949
-1
27562559
-1
16168731
527770801
888813861
30825169
62490229
298783819
-1
-1
42131003
348300451
-1
-1
762123047
731944436
232824591
-1
-1
1036442739
179550023
-1
550254164
21864329
23614723
90558971
-1
-1
865374655
327085744
-1
-1
-1
157988812
-1
-1
-1
1148790087
-1
416175666
366370563
363492213
524871907
548502047
-1
-1
654250988
-1
223235837
-1
-1
-1
-1
-1
600561498
1410984027
-1
203353034
68169529
-1
155444344
615790681
-1
-1
-1
664786973
107456563
533229145
-1
1470729358
134541434
1169080277
657276479
1172517976
-1
188132070
-1
-1
-1
425706950
-1
378857854
-1
164399432
414908368
-1
710949015
327407146
161206519
430186576
-1
-1
211908589
-1
237413633
-1
394965641
151908977
-1
150079569
174265564
383413593
1587345849
581585735
136134475
-1
1580754
-1
-1
1204114948
942372931
555731140
502051
-1
-1
-1
767352265
575521843
42178114
433133621
91721366
40872568
903514097
-1
1042729631
1327978908
-1
-1
434812147
-1
-1
565894135
-1
-1
1769647472
307607191
-1
29949844
55155013
772649785
-1
13610439
737767219
-1
1020825626
10774702
-1
176599273
-1
59888137
739117959
687382398
134203171
-1
-1
-1
547191664
1320314423
199676269
308278209
-1
-1
95720740
126264968
394877761
-1
15511343
-1
36914643
137655931
30819068
66990547
196292944
-1
240676307
705835057
-1
1481047457
631255645
-1
56651378
329732544
-1
28870589
1372549524
-1
355602115
-1
160594748
-1
83909446
50632973
845355809
-1
-1
1113666295
578549340
-1
735857374
-1
479312759
7294445
-1
11683256
-1
-1
45181147
-1
901344451
104439695
723724117
683842417
-1
7000135
699074913
-1
-1
696570959
-1
17807624
-1
-1
155569201
-1
55454347
97672779
54428709
973504723
472235983
-1
385834121
62530789
8218707
1412780715
-1
-1
30937360
124414497
-1
1209485781
400617953
-1
1085819854
-1
167111023
651518695
824702803
782399642
109766261
309142415
1078445461
1279717667
-1
429258163
1105043059
214340038
423236785
-1
85915930
-1
192088657
-1
471881401
1270715075
-1
-1
421574783
-1
-1
361660849
-1
-1
762178411
124596019
-1
-1
592882861
-1
5402551
-1
188921983
40330082
116466703
640158812
-1
-1
-1
-1
95324068
1113287869
1138003177
42589922
6470557
40494605
675068417
338218651
8131905
775530492
75436457
-1
1250074897
404816791
1157893497
245613046
68348021
1280898451
189119993
535565243
-1
-1
1232357306
1376782297
120002443
1305841489
-1
883449123
414270996
-1
1605219951
345934552
345415856
129430158
317469900
-1
73028710
-1
-1
461430041
375071570
196022009
-1
110838126
-1
299829813
-1
417918575
-1
122984100
-1
1072372777
-1
251503778
246923976
863251193
-1
28113197
763180764
-1
-1
-1
484157323
81248868
568606946
-1
1407190307
-1
25340327
670515883
-1
-1
529448219
804126965
-1
994730381
-1
-1
-1
157712030
1051293199
1481015399
992373069
860951351
250158811
-1
-1
-1
-1
334776011
182655851
44659483
384852367
-1
62761813
-1
-1
-1
892700815
-1
-1
-1
-1
116473107
243076289
516612063
-1
1007606331
1194330467
611564781
26407793
-1
447511635
758450981
1247094147
561638934
-1
336680647
19050452
613105868
192594193
293254343
130418765
1189768568
670202889
-1
-1
-1
1155300250
95560472
315665019
641371416
170919279
-1
25392611
418905379
61359070
34249646
763035223
-1
163923143
-1
18505386
947303047
516724631
81812504
-1
210861391
6661805
-1
1249492366
1088654102
805877551
1102778138
887604221
-1
836489669
1031981228
255965776
-1
976681616
-1
213695422
434189221
1377504449
-1
622836977
125248558
133897937
-1
-1
578025859
267439851
-1
-1
304756949
1079482857
544845177
185940537
-1
-1
348168643
-1
400693075
107144976
181271289
394757607
739389055
35681459
1518849764
-1
122799437
1159623349
-1
-1
-1
510903109
532742949
-1
-1
-1
15433403
-1
-1
1020896225
1011570357
135108758
-1
78708831
1050218069
390986321
1233708947
465119971
1230968139
-1
1195933892
-1
-1
72093550
399126901
111307688
-1
1050365723
-1
1297006505
152280542
340322492
-1
366974431
1642393323
104620445
461649239
157653581
-1
-1
-1
768103149
953124473
-1
414221893
525623754
150045014
-1
331050948
-1
-1
-1
-1
-1
188819823
1197609200
-1
-1
-1
883931340
98504455
-1
-1
153848047
691610531
-1
176652940
926304558
1306461017
267297577
95986849
-1
247046206
-1
371035527
-1
-1
551924845
-1
1074419363
-1
406293018
1759366165
119581283
1050030371
-1
1083966475
-1
-1
-1
34706267
375092563
-1
-1
382540499
22403987
243144402
143447365
732548077
42270839
-1
-1
1273501967
-1
-1
636062452
728416345
356114519
1007052082
175391417
-1
213441659
-1
781479463
392231651
-1
-1
119806823
1025790647
800822544
-1
504575233
-1
152377573
-1
533712685
198249197
282312479
610907119
583583648
1270931771
1877163364
70413157
-1
354373733
107253477
3341659
-1
77281620
-1
-1
-1
17482447
114143329
-1
308804980
-1
804078689
634201740
579635321
385409291
1259592073
-1
752106359
93607346
-1
485976786
-1
1785769451
-1
-1
591715259
-1
-1
-1
-1
268614241
-1
-1
461341526
-1
-1
-1
115314869
71237176
-1
40231966
262276493
640524455
498502859
-1
1194191202
5710375
630981917
-1
1549510423
-1
358751246
593566433
-1
178702843
960432861
1014821156
799067941
175647579
378423671
-1
832219225
-1
930281351
1172640331
1123067920
408316757
-1
326036859
-1
1118919905
888374135
-1
49329021
1500521261
171193950
47753822
-1
-1
34159283
100411502
1780001369
-1
166471062
74273566
97969980
624496044
-1
765033267
-1
48901110
-1
-1
1271103763
-1
-1
609251957
-1
42285173
319065353
49607149
594980173
-1
1246911420
-1
651577215
-1
474574081
-1
-1
463614703
100131783
-1
-1
1197127
467658096
605157011
427453201
963523375
486531107
460589781
67094133
54454907
1482567232
-1
-1
950980134
103330699
315421697
57127210
1575339957
-1
-1
1714186894
25097795
-1
1027596003
280217787
-1
916598
1080217629
1072215178
1278818305
1342786177
225371264
-1
-1
121515563
-1
302621946
-1
-1
10434130
455248103
1157910425
-1
645847731
10209209
202923865
517495056
-1
133697165
1302105093
183404426
317686644
484446769
-1
-1
-1
475183647
1231140551
9899065
-1
112193689
-1
295289179
-1
-1
-1
396869591
-1
1630749161
1000104934
-1
1548492296
-1
182749427
-1
-1
-1
-1
102025309
337990484
481899343
-1
-1
354910969
28449703
474007828
369204479
90036556
-1
-1
638006794
-1
1032763967
150811289
221645837
63971565
774379155
105742394
-1
567179890
754407701
-1
743058325
557461297
640727863
-1
-1
721453970
41472386
-1
216417521
-1
182158853
954575912
-1
1716111753
-1
-1
261690792
-1
-1
-1
-1
-1
142370104
951365684
497097890
30448208
-1
-1
1016454379
-1
-1
285832819
-1
-1
-1
-1
-1
-1
453522503
-1
-1
786642469
-1
-1
975178513
-1
146454251
-1
641472853
-1
-1
24283762
-1
289750867
11788343
539177352
-1
-1
-1
924419108
534228761
719122045
-1
556100767
372313849
53114998
-1
-1
-1
1090186590
78760135
157779655
99740086
-1
1221058792
353640364
-1
868355581
643187510
479791663
178242499
-1
1014462483
-1
4841522
-1
404144880
-1
-1
-1
-1
1080721913
-1
-1
592009963
-1
-1
183151682
1758688813
-1
508755044
659986671
1667222602
-1
386181042
-1
-1
579629529
178219065
3838669
1231277863
-1
51230501
-1
1467375439
767345203
432964789
-1
833191503
97468969
251918549
486437793
1110407172
-1
152558025
-1
10094628
1211108257
-1
67374900
11762283
182453716
281882211
619228553
787337183
1816848
450582647
1142863208
-1
-1
79400062
89593929
441597057
-1
106935966
333279053
-1
-1
46964041
254053242
-1
897998461
-1
373860385
431129987
124934509
1485203927
-1
109677967
642338201
118038820
876299870
763446335
285652889
-1
612635963
668050381
118943188
-1
630352050
324293996
163840053
305808444
-1
22535557
-1
-1
-1
-1
-1
5343895
-1
-1
200423245
518210484
-1
-1
-1
244352113
-1
3168534
418722108
-1
6310503
-1
847586851
92293819
1773936977
1942464285
-1
-1
9162058
-1
65287477
674346876
228148927
-1
282149447
535645644
220557010
-1
98634467
76799827
109121963
1102520431
-1
-1
-1
-1
-1
1497611890
899934149
-1
-1
14209237
312634405
373584491
979229035
-1
80857060
-1
253637366
-1
439428299
1030700773
139775698
651738193
-1
-1
-1
145305512
960420019
863010556
-1
22845092
207348485
818510733
716656424
-1
-1
647569516
-1
443736369
-1
1154349175
-1
126075414
159810672
502483798
-1
796771391
-1
-1
1061547622
-1
847780087
934170575
369610807
-1
557926397
-1
-1
186893933
253881343
724267653
-1
80494141
420067069
74892875
57287905
1352971969
-1
225614733
-1
79392763
43862849
-1
308692207
-1
-1
-1
762551902
881063699
-1
-1
23711061
614848402
774082183
-1
-1
1256993124
702123803
813588061
-1
-1
-1
-1
-1
1964732251
1572014758
-1
130873321
-1
-1
-1
-1
923373788
-1
39654401
1436462332
533599017
1007401590
-1
429217477
-1
-1
639586603
1008908280
708497990
352368880
598164711
1300313275
1646397376
947951311
700239469
-1
-1
-1
-1
59990189
121270119
1495857291
274598411
262006796
445666727
832916137
553529254
-1
20198974
600680781
-1
19820754
217482689
1471599370
-1
-1
-1
20682973
305610727
-1
101465437
241253079
-1
255985397
192786137
149046177
165613733
-1
115189481
50666957
-1
-1
-1
361887881
-1
858980443
-1
-1
1668408427
529664749
192910083
222503428
1086902401
1046346203
917413601
528684673
69200903
938769119
417253486
278458962
-1
-1
236496906
-1
19719179
275809717
-1
-1
-1
222541568
-1
-1
-1
109310131
89163450
-1
162355363
10453672
-1
149730297
-1
-1
294188461
818790512
388151189
-1
-1
-1
-1
239251663
1610157679
61085758
8645494
1294065070
-1
46051218
-1
-1
383946616
940901555
690255581
-1
741613042
-1
94091597
-1
1271619568
313435417
345000007
-1
-1
-1
-1
729958937
594508479
35396691
235363105
-1
-1
-1
135567524
920670923
872875304
1068291661
-1
15301401
-1
-1
83567808
510890284
-1
-1
5615117
-1
-1
283306696
713623625
-1
708472366
-1
1308485247
-1
-1
-1
-1
215198459
-1
317427711
41674217
26409584
28350917
679601639
22485635
1164643787
932865806
-1
246451471
56455177
-1
-1
616419161
976837639
48616606
102953503
-1
-1
-1
424723824
-1
-1
-1
206687466
1128066643
-1
468352731
-1
234155622
-1
-1
1267434506
-1
-1
-1
549749751
1361139217
341144587
14264205
-1
1271787739
-1
682683341
36141212
-1
-1
26953812
853145778
635820287
-1
206970152
774552720
-1
735754393
-1
258621083
-1
568692896
133949017
49006157
1001957588
-1
841823329
-1
-1
469042153
-1
-1
65861581
-1
37801347
-1
1511146968
-1
89136088
-1
-1
798408697
1370897687
176364679
-1
225329012
103853941
-1
64887015
600017669
-1
748407273
-1
-1
-1
-1
295054612
-1
673557559
-1
-1
-1
-1
-1
394303196
-1
-1
336524121
571557591
-1
846674860
77382501
76656171
312043055
33093275
1170427629
-1
-1
1314768509
52881924
496259157
311490682
-1
-1
73465339
-1
1977588542
-1
1257302737
78787771
110319206
81353611
356283661
70490906
806467489
695660802
520111569
601832081
133040165
-1
-1
101429979
418552908
-1
-1
380369987
342156235
183186537
1301302483
-1
-1
53831029
241989139
432887974
-1
-1
-1
1037192113
-1
-1
327890253
167982145
570487867
-1
-1
-1
-1
185652763
-1
342002042
75879321
173504129
581989117
297121595
29845413
1295851939
-1
392408573
129357989
906546211
700596515
91232197
998021722
1830403895
244187125
151084501
230675212
119877968
50044655
-1
682928087
138770758
-1
603882817
-1
1033768846
115887781
381918065
1094592433
-1
-1
726279519
-1
50149821
493464756
-1
329816369
-1
135317785
231067530
-1
192652023
697027266
5411893
-1
-1
1432172351
-1
152648055
-1
-1
-1
-1
563191716
-1
1033792666
-1
-1
416698086
753442213
489654520
-1
-1
-1
427166072
-1
50989525
-1
342959803
864574401
-1
84083829
-1
105030564
-1
643635915
-1
298427465
939864703
289876185
-1
1122486755
229171727
87652576
314130577
1366058423
176051287
553226697
-1
20096703
32222209
-1
-1
348745682
540265183
161225872
-1
138042653
4266485
1271526457
341786526
-1
-1
-1
-1
-1
694677855
-1
819079052
53482837
-1
792502803
-1
241690049
-1
952715555
-1
1004651897
13990258
-1
93937168
1505720801
-1
-1
-1
114311611
1136301739
756149679
-1
-1
209583692
-1
96202645
535203478
437837063
114453283
-1
1625490561
508736415
-1
-1
26389047
1525502442
-1
786717872
-1
-1
105885421
606858747
-1
-1
924225587
-1
167461986
284068579
530858783
-1
-1
-1
253840997
1102103075
1030985525
615146213
76403906
207654754
-1
331276549
983864241
410958683
72582320
-1
61290641
42612897
342410739
1197801787
-1
1081823171
607834241
-1
200425739
1543032227
13348743
19404207
134516036
688028821
100313079
41761659
-1
62553605
126960909
10614614
-1
1399616629
-1
-1
-1
-1
597102775
948874533
124848161
143917993
13617168
498327217
175515211
704522550
57469088
-1
405462934
136183129
346452579
269207005
205484870
1837522571
-1
840732299
28339893
-1
-1
-1
53222442
615521363
844771907
193120787
-1
474965800
344967110
202268993
395274881
1084456887
787192073
181929655
145882775
516713541
-1
288945929
-1
1590985099
-1
-1
576850799
1365829559
864152616
187709125
770471955
-1
-1
534772879
221085127
88676053
-1
1205497084
-1
-1
-1
427727722
-1
-1
238466857
596434655
376434015
1070910029
13362697
-1
-1
-1
-1
108617170
-1
419173072
342715533
1492039633
-1
202680022
-1
9410861
579724657
-1
171496126
316406884
-1
-1
457225446
720484697
5920804
264946033
1041151018
323828044
477932171
188947336
1699712583
1044329969
374514337
94348423
-1
-1
1121278229
-1
204208202
346741012
934612889
-1
190583129
475443949
302993879
-1
-1
-1
-1
-1
34796346
757972891
759437065
50012509
-1
-1
1367901190
-1
1022365497
51881144
-1
-1
253938150
123914865
-1
116050211
1840914497
1560066675
16330642
1708224511
341283586
1424375267
262987662
869597999
-1
-1
776916395
731519425
1282275532
1192397934
-1
-1
-1
1264811653
747143107
1087803688
49634
-1
155826811
-1
-1
-1
-1
862206856
1019336981
-1
-1
13645887
400802200
28415061
86667191
-1
23614918
397338273
-1
-1
262481146
1037539069
57006170
-1
256744781
603303
74238925
-1
107970871
89959919
58647285
523776927
-1
456986669
1234396829
-1
864848321
-1
-1
343626651
1102789601
-1
-1
54287351
504950982
-1
613178531
762019216
4713805
-1
-1
1013914939
614502474
719219459
908286602
381103644
-1
1261303847
191007914
244239817
-1
-1
123194817
154819109
630954644
1404333679
8097007
10706939
-1
-1
-1
1428391912
529858291
596801422
551431738
-1
1041032394
413593486
531152367
-1
1838510705
913089074
122402494
-1
-1
527166831
3833619
519621527
-1
-1
471760163
167593263
427744399
-1
214631821
89522866
-1
228861289
-1
-1
-1
1139906139
139541137
133847909
1109162917
219465390
1027923358
117090335
795574618
362624660
64137459
-1
1076003355
-1
1016886191
-1
87562856
191028966
113758006
-1
751152781
408384005
-1
-1
-1
133936867
1183713349
1113457360
-1
-1
-1
1070683599
-1
519427728
-1
-1
506666743
1485594214
-1
-1
-1
-1
-1
1345124254
655650121
634143455
201314383
619655459
714045464
-1
-1
117855207
653494777
-1
-1
524046451
736455714
-1
253644918
-1
997733471
878610304
200858422
77239253
-1
996165177
-1
284275531
-1
-1
-1
-1
674240534
-1
590787495
543294779
-1
296729839
-1
-1
-1
3055867
-1
431791831
126404179
34930755
38390324
759009259
-1
227627052
11293069
529469702
503889811
-1
168918731
249992435
-1
-1
420447585
-1
284459427
-1
441363381
-1
32781541
465576647
155501923
211155163
-1
-1
-1
-1
-1
87908518
-1
-1
341340677
661642717
-1
-1
9977386
-1
312792863
58301081
-1
-1
811706615
-1
443001317
52122221
1432693977
-1
-1
21551051
-1
225193133
1741251243
748516600
-1
-1
619864220
-1
-1
299225375
28143653
-1
867078271
416433271
-1
-1
-1
837522185
78584937
-1
59748892
52121870
6619325
-1
57715451
-1
-1
-1
1871910436
161449821
592482006
486234818
598368233
1545726199
-1
-1
-1
-1
211218260
274723355
297388782
-1
-1
-1
259111313
8376261
535176860
33273719
-1
279668215
1585866173
75747132
137849867
112933708
777064478
-1
109391142
1067216999
-1
-1
386536009
351793
989302682
190872562
-1
392844515
-1
499400189
622910857
-1
-1
1343436503
581847235
-1
388073793
575869224
-1
403083459
59100388
-1
-1
-1
298733219
138369717
-1
-1
1104880159
50974225
-1
-1
500359563
-1
455161534
-1
-1
-1
245695857
415226250
-1
431612817
-1
460843348
-1
1415804855
-1
104487169
120874255
220647208
-1
-1
29990752
50057289
996685607
597483692
-1
7950271
99895617
439683835
-1
787616911
-1
426426707
27145855
86378941
746489579
87264200
385685
-1
-1
-1
268939166
-1
338170756
473147200
1225619486
-1
723581280
-1
79174333
1228820344
480171286
303516489
-1
-1
1092587074
-1
114899851
1182151067
-1
1665651748
-1
65657945
-1
209523817
685147523
-1
482597505
168705692
-1
323413082
17342728
53127993
-1
-1
-1
12283199
244068074
-1
-1
162211075
-1
-1
424669078
7269585
1422322019
-1
-1
558165258
1082145451
899661842
78891829
-1
-1
-1
216052001
-1
657430818
464337497
-1
-1
959261174
-1
18017865
-1
81862889
221007188
563846023
-1
32022379
-1
454722968
766725804
552759992
740142645
108347913
-1
-1
657647272
151586199
976990400
36005055
230832283
765813541
96876193
-1
-1
-1
1155482909
-1
889634102
-1
136045653
121718593
740616181
1098416123
49028591
889280383
995348338
460287643
-1
1587005719
-1
-1
27449274
117895119
263523591
77641219
515982256
18472647
149033861
-1
-1
463578149
1616814039
-1
210930439
193758549
27980983
184197099
325291835
-1
5628562
88800867
-1
488115245
78718657
-1
114680838
-1
137794946
366367861
-1
426254783
-1
247920511
-1
138119079
-1
1234096483
-1
-1
-1
19326961
680376287
195803491
843926842
653467686
782848987
1381605203
987892999
67550838
-1
722448508
191386721
1689174613
475827769
-1
-1
335979873
36120823
-1
-1
811240337
179723801
-1
150565454
618959499
-1
1746633877
-1
903257799
12448257
293190458
-1
-1
-1
1269266639
300909457
856147828
-1
91833961
1391145
553264066
-1
165720880
172492333
70398743
106868675
9316694
-1
-1
294171617
-1
-1
1008561241
733611243
-1
1310029418
69130978
81038539
85422245
-1
-1
-1
60133835
-1
-1
889558803
-1
204046770
1057046575
-1
-1
3253199
-1
55882292
876887986
337829179
1278888529
19760639
-1
1043974066
337419576
165834977
180769461
346987135
381617687
1302733543
-1
-1
1328110060
832052172
98738669
-1
413899734
-1
329786687
-1
1601436468
-1
-1
-1
686658344
669676825
-1
217423487
433118865
345458101
-1
384630163
43664297
-1
-1
-1
148421288
-1
38761628
-1
-1
36036863
-1
-1
-1
-1
539028925
-1
152859607
-1
163686941
-1
1356205824
557956583
-1
396900059
631079023
1216223243
-1
8437223
486472713
459986893
666063480
-1
-1
586695181
199005201
731080370
863784316
97213477
-1
171960956
416951916
403868427
172022512
6426005
-1
1229164164
-1
-1
934688187
-1
1653021865
759752049
-1
-1
-1
-1
69019259
262250168
265466254
-1
-1
-1
-1
982486177
467117073
1632057802
544855212
-1
789971015
32282483
1529860683
-1
-1
-1
-1
983313726
-1
91763
611690098
388700356
171090321
-1
742093826
-1
887698313
-1
-1
-1
1621857355
-1
12956437
-1
136809102
306043190
19972717
1622783365
336221530
-1
-1
-1
-1
-1
609409803
109419193
134075761
78994281
-1
1007805955
276789156
36930835
12565879
-1
-1
795676982
866910515
-1
372894150
93719983
-1
-1
530386783
72794306
-1
-1
38365858
-1
-1
-1
-1
407829
-1
106178082
608044335
95951599
-1
189339655
81352711
259468035
314768069
143369311
-1
45437902
1321488833
-1
99969972
-1
100678583
688759501
254733321
-1
-1
-1
-1
-1
895904117
149343326
231443519
-1
-1
3518185
278375370
218999439
21270491
90853138
-1
786908663
-1
-1
1125575214
445927351
478983608
758483811
126052955
640371353
1731947115
29150231
568650496
243514211
556213329
950880084
-1
77328294
-1
245144111
534356509
-1
576418432
-1
1479752054
147808311
808261853
1504447785
743124373
662030678
555166193
-1
-1
655045423
-1
-1
235768604
585598719
-1
651534613
274384909
1127978561
1639230712
-1
-1
99314587
-1
894741830
540208783
98636991
-1
233775142
-1
-1
3820814
813637483
15431127
-1
-1
-1
234748666
-1
1158575363
748309439
519737587
465628930
1307669885
-1
101838135
-1
18232202
-1
49396839
241651612
1566418768
144402196
-1
654425308
-1
-1
-1
717735539
708465027
222837383
-1
-1
-1
99089035
1158998321
681694110
-1
98465433
409082807
1522665128
-1
862935803
571532689
176798409
507239677
41680239
620175708
-1
19141103
138243301
206534403
-1
4513126
357806939
608200237
198045422
-1
814550536
232413631
-1
-1
793941603
381298954
1200256015
13143293
1077396207
1040104937
-1
376669226
-1
487582637
236335473
69393391
135740189
-1
-1
263663812
107740264
210138056
123579724
1235339331
99601246
68518641
874424895
331835438
1677365891
42857465
254349211
-1
616060448
442041786
685979470
107646701
45741983
390297720
509488987
-1
-1
1040224783
21828249
-1
-1
-1
-1
556791041
-1
-1
107954888
130225951
901569703
-1
-1
-1
601190279
889514995
201573484
-1
1934709999
-1
331271147
1006167232
963090724
649939283
34410824
382664069
-1
1533407996
87310881
151950361
-1
261711677
551667777
1224080992
1454457023
236056571
451925064
53769007
-1
-1
321974525
302222597
758504394
9540337
-1
469725369
124009871
109410271
1561450820
194769431
97497289
-1
-1
-1
-1
-1
1113671053
342953705
-1
1628384857
-1
-1
75131786
1072236709
-1
67803168
14026982
-1
240956724
448019582
-1
1364030171
65647592
-1
57048395
566275983
-1
-1
396938572
1586566313
547541776
-1
1031399669
978586855
31119776
478569915
367237643
-1
1032263207
605554976
-1
-1
-1
95375615
74094148
247258415
-1
-1
-1
156163505
-1
-1
56247468
-1
355858251
-1
825856582
194360686
610453701
-1
586111304
1608712403
862218885
360933428
-1
-1
270189109
217763621
798811464
10739501
-1
152717699
3609433
-1
127869361
718439854
532999790
950107664
-1
138520188
544670327
-1
1272056525
3323382
-1
-1
-1
-1
442561681
807808683
-1
-1
73408516
394286021
482612538
166586192
7634
-1
273929351
589392509
-1
-1
221242001
502386403
539249861
340233032
623988829
-1
95268006
542679403
297151700
-1
381751178
307220602
-1
482044052
-1
-1
19070367
710976363
-1
153650441
985599572
-1
-1
-1
1381979
-1
-1
7694713
-1
331045634
-1
1069549514
107347595
302519614
582890562
25637391
184846448
64763675
-1
224381986
320499109
151788926
-1
-1
698409449
1107810505
-1
-1
3229685
-1
-1
559767404
216325512
159765387
642882225
125853691
-1
88694460
-1
-1
-1
-1
387409173
-1
-1
-1
-1
1457852628
1131610969
183812120
-1
1176765582
-1
-1
129257403
1113258351
-1
141824702
115670404
495341357
173128947
-1
274725702
157353
179682898
460391179
-1
189686716
-1
508463513
226038597
1209431503
-1
-1
-1
-1
-1
1065142389
-1
523888399
770957441
714704121
190818044
419206577
-1
591468974
529146921
1046244479
10412203
65431464
-1
511361680
-1
418019269
261816085
-1
-1
1718418413
97881719
-1
638127183
1341518657
1743105909
1019854305
-1
878984326
102761239
70749607
280006758
-1
212152087
-1
525103393
237246007
288700770
-1
-1
852260206
21534299
1017540825
-1
-1
-1
56932636
122548277
-1
-1
392549616
-1
153237583
-1
-1
-1
-1
-1
16221970
-1
-1
524565376
-1
83161957
1090324414
137384618
-1
696142107
-1
294357627
-1
-1
744904819
934741479
456322559
31442788
1017151976
1029254789
861162187
530549939
1224548947
1019230239
190024
48416818
349649818
-1
71631775
-1
1008665544
-1
104808169
-1
235719621
1096189947
-1
-1
-1
1817651834
1678764764
-1
-1
33374633
58039281
-1
-1
1167137396
-1
-1
267341623
431843144
-1
-1
704632291
-1
60974876
-1
506974339
952049348
