423118152
-1
-1
454300279
-1
-1
-1
1154932248
-1
-1
-1
389256514
1175225709
865012207
-1
-1
82987121
564253585
-1
267752573
-1
84490123
-1
-1
618246067
-1
-1
1052040035
-1
40440131
-1
356857156
899424411
-1
1041382074
350432441
680500797
-1
-1
-1
151461118
212672525
878529463
-1
-1
-1
909083105
-1
277416141
-1
595082439
685533225
1306198589
921586880
-1
1027109521
-1
350700802
286812123
-1
409344905
-1
124426838
-1
131154893
-1
-1
256386828
1193741991
-1
-1
5642556
80852467
-1
1052160549
-1
305189896
1006891273
-1
306661591
926085567
125820756
-1
203047766
1386398451
-1
-1
157962209
-1
-1
-1
-1
196520086
-1
83151631
191971815
159682906
128854631
1070493160
-1
959726850
-1
534923973
1274650663
-1
16052425
71771498
440629159
837538207
897649319
53756695
196100457
-1
36183664
-1
82490678
466127945
-1
661653485
58020449
-1
355722221
-1
36838111
277156507
-1
510869759
511195523
433738921
419996
-1
160207280
73352392
625931707
-1
-1
151599835
-1
56926038
328327255
-1
134746507
379893945
-1
-1
625762697
446449951
25459376
-1
1082831403
-1
-1
-1
-1
-1
-1
995109747
-1
-1
8968465
-1
885455805
15749193
-1
1390751724
-1
709664079
135773061
152906815
-1
-1
-1
-1
210457021
-1
427282158
-1
863411705
189083641
-1
1210150669
582270095
1195802959
136345506
79792869
167024475
-1
786365082
-1
250130231
-1
820443229
102412249
-1
-1
78377509
1010968524
206714149
240161103
-1
-1
259617112
277640287
130987789
-1
135027752
300765137
1186954267
-1
278118179
4341493
776370338
58368841
427159084
-1
9712172
-1
717075431
-1
878524375
-1
75038239
1007110594
-1
-1
353479265
-1
234991462
1195687897
459617677
-1
-1
372528301
405371599
1019979181
-1
-1
-1
-1
-1
-1
-1
1031850604
-1
316258198
-1
254387231
232794832
504802658
506011777
-1
73889377
14902591
-1
-1
-1
-1
-1
6557869
-1
-1
-1
-1
365838115
-1
-1
-1
210238631
33701413
-1
9718415
796041604
315996267
-1
1061044123
151099903
1176150217
-1
1262014007
-1
-1
353707439
23775209
298403493
-1
-1
390596908
988750041
-1
-1
253648850
149002126
145858600
412187343
649906132
-1
768458406
-1
472925401
-1
988780093
291238483
-1
1101775231
238560283
370230209
53612115
917202911
633503273
-1
51561801
931575369
-1
987714171
750213782
1205853344
-1
-1
-1
-1
968800025
999054049
555597020
19324653
71039696
-1
-1
189890069
1281302014
-1
275668699
-1
269780303
231439387
-1
-1
842876019
801058231
396815867
483278529
67009319
910712036
1186646938
165089483
905123009
925181697
201728422
105748433
41302207
794993329
452647922
-1
1620583211
-1
378629084
538583751
116109463
-1
718428319
597997738
-1
-1
-1
108757204
1012204620
-1
-1
-1
83626375
765617463
116607969
944610774
32248524
-1
-1
-1
-1
231609334
881878124
-1
14679815
-1
988978836
184264630
-1
1734084629
-1
300272537
-1
-1
24776311
-1
-1
-1
498718113
-1
56993637
730489271
-1
50372215
1211180647
-1
459219871
455047833
-1
-1
-1
-1
-1
-1
58590641
1613527735
411331720
-1
401817417
-1
190362375
197421608
-1
1456658691
-1
342343985
313906514
1227464707
-1
947059023
-1
985897700
125804484
1122267508
-1
471810343
-1
1109462497
-1
503593271
6902579
960459013
151196913
649589759
-1
75077661
-1
560319981
37658201
132216122
-1
-1
-1
380165896
1211797585
304683782
85537717
287214692
73784941
296673238
1810192840
392513806
-1
63095557
-1
1174784083
-1
176160479
-1
188000669
1025989738
-1
353388335
-1
272435063
-1
651662513
-1
-1
75355570
31403881
-1
127242285
319390053
797442139
8258971
-1
-1
-1
-1
-1
-1
1485800243
-1
-1
447911533
533241643
1176418685
853594295
-1
285299449
-1
-1
-1
684755789
415439267
-1
710543805
557361881
474279482
768922701
-1
66346314
-1
312817604
143898825
89486347
701884214
583683667
134172443
-1
545876075
1278877203
121502158
-1
636244755
172177382
935714870
-1
1459750051
913946374
656813319
1273586257
504370007
-1
354318011
308224518
-1
-1
-1
-1
406111815
-1
-1
-1
465754633
245425375
22842162
1143573365
-1
696126354
-1
476348648
621526609
-1
143127443
181619199
30653255
844185823
-1
-1
391775069
-1
1636444489
193534727
-1
-1
203585909
126072043
837088733
290743451
-1
38165899
103837415
-1
205061179
590586976
81947093
309117407
-1
-1
1038162138
-1
413590051
162654053
-1
344825291
-1
722750981
312707555
-1
-1
75116099
322188343
199892059
-1
320453886
-1
240550543
130199276
653384210
797863238
-1
-1
167108107
610106888
742730777
158852339
-1
1020771431
4669184
-1
-1
296426495
1214798491
728303965
174732514
316378123
40181986
381615527
786982747
-1
810169745
409332233
1159344455
21327347
799036115
-1
1670963936
752876546
156268015
206699813
127169209
558518257
9717781
-1
-1
120709151
1470236352
-1
-1
3643748
156140099
42123101
-1
-1
15223385
-1
-1
-1
216797421
-1
51482120
219581697
545046364
299209456
101931301
-1
399334465
-1
179187957
155544021
1128092865
25401437
-1
150934802
1085824781
-1
-1
490390210
-1
118918396
1165012364
51857993
-1
-1
890937856
354788189
-1
396982941
246491475
261143865
915148945
639593252
-1
-1
273652586
475811126
17475076
626632501
-1
-1
61359405
19909798
-1
277895707
-1
474617400
159038604
676038185
150914427
-1
-1
624848859
-1
333630695
97711527
524932621
-1
81502273
52828602
765004013
-1
14593616
275121275
651868121
187372547
812455033
-1
-1
-1
-1
627879607
237870507
768531286
-1
-1
21507811
-1
946219045
-1
1105558578
-1
410024588
247502951
208236648
-1
1326930674
262969717
926370571
-1
347217857
87218656
422533494
-1
-1
7117971
698997481
-1
-1
28075727
1167514473
96723454
1706302265
149385938
-1
-1
393918895
-1
-1
1120292921
-1
-1
424144196
430576465
586559097
1315408429
136596277
-1
-1
701239775
104466076
168469697
-1
-1
560009711
183111073
-1
-1
1099015499
-1
269947937
81078245
-1
857584265
18872107
366717257
544986719
-1
339601070
67317759
98421408
375976859
1628637329
-1
104640493
419090804
-1
452749815
1425927043
1495319503
250700693
-1
337212840
383900921
1009745013
276905667
680418651
-1
1327575584
-1
1272283628
175142293
-1
-1
152007851
1104629110
-1
-1
-1
226533159
-1
29724158
207076579
1403571599
-1
413031071
738133164
-1
116542162
-1
61136648
854025318
-1
174410518
-1
46427128
180484379
970321
-1
1765119854
-1
1403418700
-1
30292939
1629623526
744372527
1251811919
-1
47605335
898325861
1060469953
1073237251
60493757
-1
-1
449896217
110566408
1711274235
145843285
-1
141541109
287309485
968218973
-1
-1
-1
-1
630501118
961636797
-1
-1
509167493
553117655
3491875
380525711
1411180720
-1
286025807
-1
892439189
1490224037
-1
86216299
352538875
-1
-1
-1
1292988025
27212132
-1
-1
-1
730723029
-1
-1
643342830
1246991577
61387250
-1
8795053
-1
-1
288105607
-1
-1
7788472
-1
4150861
53213654
431869047
62668285
391400156
310249666
-1
-1
71785149
15914224
2833001
619488408
1263401931
-1
-1
204532294
670286018
729762571
-1
40113784
-1
-1
-1
-1
-1
-1
-1
34901077
278316531
15522919
835917217
578386459
838839988
50549106
-1
-1
216560039
-1
382916327
-1
1076749441
-1
-1
1083641915
-1
241352764
581741643
1358906005
469732527
-1
310837815
-1
-1
1061489016
23025283
453922995
1447954067
1829573611
-1
-1
1080991493
1148760039
-1
590761757
-1
33372601
-1
105272431
-1
153140017
410839195
-1
961259117
330171134
44670097
-1
1068504455
218026537
615051418
235678775
-1
1294787603
418700408
146551731
-1
198728415
4094219
148694573
1369098322
-1
-1
-1
-1
-1
-1
-1
-1
264689200
286660021
-1
99824957
-1
922167847
-1
698251331
-1
194635463
969678950
1458018756
555960309
518669915
-1
259655856
-1
313381394
700350037
49129867
989943209
536138884
1349523945
967991725
30983967
696198445
269561555
-1
1144369803
-1
374334950
466505803
-1
-1
786500779
1045736300
13537875
-1
-1
277541131
796495745
688740628
-1
664169795
145096639
478776477
813653164
-1
1099815339
1043732091
-1
245789085
-1
-1
232343336
-1
-1
-1
-1
-1
-1
670806817
121664266
147129125
14544301
16211627
416732861
-1
27536544
-1
-1
-1
-1
83713409
286836554
1171308568
778551688
133773517
-1
-1
61915876
-1
429362531
886563500
95340820
-1
-1
-1
331270224
-1
1201348774
366823367
-1
56265517
197614418
219895569
363657958
-1
-1
51786485
126445150
-1
20818414
-1
-1
-1
-1
99027455
96390600
-1
812861673
87833671
-1
291649337
-1
45617218
48667705
-1
-1
741414665
-1
-1
780031779
1287031948
-1
-1
-1
399788447
217228703
650885745
70063386
85942854
129210916
156425477
90631506
-1
-1
92937446
-1
57783509
577825068
-1
-1
763965442
665991058
1165269404
938424131
364713461
-1
294607592
101861843
1774041058
172345139
919246016
-1
-1
193329626
27291071
-1
-1
-1
1107373073
685406559
17705760
739171711
494850248
325828856
432856738
-1
-1
-1
107567554
-1
-1
-1
-1
230264068
45328481
-1
350559878
-1
530974107
-1
591399718
-1
-1
1136168785
194115616
676014101
1467455219
-1
45868756
-1
-1
-1
341515016
51530767
106257229
128518711
-1
1585485609
-1
525873901
-1
37297718
-1
1246095019
153706208
-1
541327253
-1
1100526428
-1
-1
-1
915955207
385494337
-1
-1
-1
-1
66977326
-1
36033248
478137886
98201557
25023062
1443792679
1570987449
-1
-1
36180479
341457325
568956072
216856781
105161477
74401885
226193656
305395407
-1
39331264
222524164
957074423
11116641
-1
31336089
205185078
-1
403146981
1315964532
122663739
8168637
359147167
719961071
-1
-1
-1
-1
21290913
96209990
1356617616
1616533977
388518419
-1
873562993
-1
-1
375044401
121014391
-1
-1
1507184521
101152012
-1
1051475756
148585797
1349280063
-1
482894863
-1
1072014060
472577747
506936125
1194548139
225851029
-1
-1
558947733
840331516
1285416293
290349549
367312205
-1
-1
597069773
870954019
1383399894
193929477
95096935
-1
-1
-1
-1
254630989
-1
1048999673
596463494
313167337
639538989
68555499
-1
252227720
783991930
-1
1180873691
-1
160304942
114385183
486232627
722165269
354691153
-1
-1
187724729
809015808
-1
-1
670900721
-1
-1
-1
52082804
1022509169
293851960
966554815
-1
68510371
655905035
1225941797
-1
437943563
431351519
-1
442050309
-1
-1
853073602
861642559
-1
73483337
-1
-1
1227679273
-1
-1
1253224441
1344843315
-1
-1
-1
-1
452400991
369644641
36318580
1442194748
-1
-1
792464366
345476403
293075015
1735826765
274079475
-1
912273221
254837947
1050884473
263162159
774931702
-1
-1
563544809
691452901
7107299
-1
695020327
50965792
-1
35695881
487042088
-1
1209753647
305718818
-1
-1
181509769
-1
-1
82238861
45346131
-1
932606053
-1
-1
-1
-1
932959723
65481856
162845955
-1
-1
283464760
-1
-1
-1
192723845
180993616
-1
-1
-1
259816604
175711883
-1
-1
384188864
313044334
845861
788620555
-1
-1
-1
22096673
195812824
1283939827
343942841
438580999
155529219
-1
-1
1320513796
64663633
131203669
-1
321685079
-1
47306486
-1
-1
-1
277253689
1770642239
53277986
-1
30892889
36877017
184090199
268714676
-1
95270894
-1
945907423
-1
33317793
656213915
101913477
147252146
236231924
-1
2398114
1455436069
171296419
306052364
664690518
52068481
-1
-1
-1
409158185
39556308
1158730598
-1
760520195
31380835
99344377
-1
131662282
-1
-1
-1
-1
52561759
-1
798587173
-1
-1
429805655
42869167
493393753
252165143
-1
-1
-1
436691753
68822913
-1
-1
49037739
100871017
490408327
1486231150
406446777
309786871
-1
270610577
-1
24101099
-1
209914277
32625115
756195681
584818171
-1
-1
-1
2804315
193507126
66845159
-1
1125834733
598879088
-1
-1
130334974
-1
-1
-1
864367427
621630634
441205359
42474319
65699778
237179008
1115529431
410117201
9461333
-1
-1
-1
-1
-1
554426921
704273512
1242296620
255171545
71909776
-1
-1
124392243
-1
357405253
-1
-1
1176666333
-1
-1
1049850486
-1
101610603
-1
-1
-1
-1
-1
81904215
116188741
105693183
-1
-1
48098990
236262065
365312861
76991527
1165995
409483061
718091747
254605713
-1
-1
110370203
139914638
290237142
-1
130977041
-1
-1
19103043
-1
48127358
161927491
240635923
350218619
772898625
106785613
31980619
47173291
162097960
93580957
1112538655
-1
799830237
-1
1293965059
-1
-1
728021109
-1
361077032
-1
1556032291
408478880
-1
-1
-1
1523441336
593350331
-1
10651905
-1
-1
1045548128
-1
1747158046
65695479
289709843
1437317680
383553343
1379651883
266070645
10419777
-1
1243557977
-1
395476909
705079832
1180059307
304251113
762399273
873766170
1182329559
-1
164235843
12561791
-1
24883560
1669566863
-1
144954381
80494809
-1
51356748
1615630349
-1
-1
-1
1503415420
795897279
16138403
843139705
1056949227
-1
-1
941489993
413775572
265305817
-1
79506064
327175574
468092577
-1
1760626849
-1
234817580
211419813
182756227
271711497
-1
-1
56437333
-1
-1
787929355
538005113
-1
1148600477
342885055
1037617024
-1
140870917
-1
886303074
-1
837119905
669892596
103251971
641004867
-1
-1
70346972
-1
-1
-1
116235128
932777250
161312492
-1
-1
20883929
293296193
-1
1327683456
1913697
-1
350775937
432651949
-1
-1
185360091
1945577567
-1
-1
-1
92681323
627223950
604237145
-1
-1
-1
-1
-1
1199145647
-1
-1
49714346
-1
332468557
50375569
336551459
578461179
-1
320111500
-1
685608434
258696366
1473636749
57545534
81573602
300654458
-1
-1
-1
-1
-1
125360321
1618263662
-1
-1
-1
113901623
68005706
24104983
-1
303751813
455416142
-1
-1
-1
830336113
185680705
-1
39436725
-1
779619304
-1
352513696
355106301
-1
989652939
-1
916665983
192393463
1229632109
48316517
-1
-1
666600605
-1
203556769
777447870
-1
-1
239369447
244771309
-1
185286205
-1
448103954
-1
99502007
553080677
261464713
521882893
40113109
-1
-1
-1
-1
1149398479
241437833
-1
-1
780266281
542451316
122787811
332651
290145187
80180003
-1
484638749
193607722
1282304395
623818232
228746509
-1
-1
-1
339099654
1725212451
-1
96240701
-1
75567734
-1
-1
207034337
-1
-1
905111182
1046924387
-1
613962686
-1
-1
-1
-1
173878132
-1
-1
620875103
-1
1369521287
-1
-1
817059643
36171955
-1
49927044
-1
489936105
193770487
178490239
106884988
2082257
955363151
-1
5005534
-1
-1
274322992
1162533959
840782619
1805875360
1327979711
1228297
586598981
913531265
2695291
16673675
-1
536298924
43657676
-1
954458267
127487126
1067555167
-1
354936303
294276587
-1
-1
-1
752237126
-1
477456781
-1
-1
-1
-1
-1
-1
-1
-1
-1
171901921
461252171
-1
5204629
-1
-1
-1
222597385
287721179
-1
-1
-1
260072022
412703206
155988361
-1
783373385
-1
-1
-1
1150998525
87976371
-1
595089977
1044739849
-1
185074310
-1
326170360
-1
-1
-1
-1
-1
269506574
166175563
370645313
-1
-1
214355409
-1
646411097
112142815
274043833
-1
10912201
-1
322700515
-1
251981302
90760766
432372400
396178184
-1
-1
67367056
-1
-1
841493146
-1
-1
207054937
349558829
260830069
87570841
100661184
-1
-1
9663779
-1
-1
457066181
-1
315040462
-1
73997346
615265139
-1
-1
-1
44801857
31250599
233678113
729133543
-1
172944758
-1
1050509090
-1
-1
-1
41991517
272071094
1214320662
332151136
-1
-1
1042516098
1212517407
831100595
516636887
109699915
-1
-1
41532567
160588688
-1
1705319855
127008946
189401587
421180616
-1
-1
289418263
132748135
409174655
-1
838712389
708921614
1717615051
-1
628014391
104575893
-1
129952274
1252073051
-1
-1
-1
-1
-1
468484252
282521177
-1
-1
84147643
1392337347
-1
114213389
-1
144809447
-1
-1
45402173
406808649
-1
-1
-1
467777875
71174675
175506479
251957021
261772457
-1
-1
148732881
-1
37968680
944984215
1082388189
512911681
755273537
34392477
1815356569
1016358003
-1
319445414
99474223
-1
1116337511
-1
265343639
599311615
-1
-1
249399191
1554912090
678322985
-1
772492789
-1
721780412
-1
-1
12502273
-1
-1
802263199
181640361
-1
-1
621158057
-1
-1
-1
-1
-1
-1
-1
-1
1184905459
698435891
106941682
86378595
-1
-1
185467547
-1
-1
256072777
-1
697978681
-1
320796412
1091787467
686258421
28046321
143967717
371738990
-1
208628421
519181071
30047139
1036470734
-1
219902930
-1
366128945
276586249
-1
-1
-1
280087051
1072152867
59358673
28266485
-1
919540919
-1
-1
408618315
966923272
615361316
1365547337
85341775
1015932497
554481130
-1
114508373
1201909843
1494225644
170111135
857135987
313832649
-1
-1
-1
470917815
354199853
541931781
-1
-1
-1
1586034163
41732443
709733798
996730265
-1
987541511
392819739
1096995487
1414749727
272812005
-1
-1
-1
11785927
156434436
364205223
274959121
-1
539510308
668158897
-1
-1
89921487
336892575
1153269175
-1
-1
7689204
203336521
-1
-1
-1
383829921
120590303
1208780191
90927471
-1
540762251
-1
754692901
-1
-1
297105141
91336730
-1
-1
906951172
-1
644511307
-1
1589826357
633435288
162393045
-1
458001370
185632654
238424220
-1
-1
255926347
-1
-1
1417768987
1052557079
437332122
1108983467
690985387
-1
628918822
-1
568768690
233193237
111331211
-1
1606800918
-1
369414074
-1
1393953542
46090843
267294253
30224439
-1
-1
548648587
-1
67287310
1377169006
-1
-1
356171829
387347089
963273541
-1
313233391
886029643
-1
-1
-1
-1
140947130
251735513
442361999
-1
682997284
175293616
-1
365582179
-1
77564724
384312641
-1
649518042
348649919
292865433
-1
4130613
727070539
312310846
-1
358385671
171277280
1162289785
253470245
486974329
410593570
988200989
-1
85462863
49881442
400444440
-1
6790762
-1
-1
-1
-1
-1
-1
33943669
520417309
-1
682031016
614177813
-1
-1
606368411
1355176839
-1
40719859
244518461
-1
377470003
-1
13477573
665751541
275832273
735228157
58018338
149696253
804463549
347730618
257115566
94768478
70043724
76543675
1278305
1008329505
426238939
-1
1376932084
-1
109866934
1344231233
28956973
365353330
15596419
656565087
-1
414799288
-1
34794243
360594021
538796469
207983035
-1
-1
-1
228253455
461835855
282532278
-1
1475085255
-1
211686280
531582809
834493443
232307341
297156207
763409097
-1
1500460358
-1
160266439
353274008
527437781
403342744
333767927
-1
-1
104567581
-1
1180844833
145221283
1119642120
499400266
-1
-1
-1
385392277
725183206
542198169
300273589
1086896774
169489002
554336923
282639237
89924755
-1
-1
434984115
240398953
503730750
215361091
257542072
417340459
621198843
18792263
-1
256646677
-1
-1
-1
-1
15401173
-1
1763799379
-1
55250482
275226973
113618885
162995078
820504982
-1
-1
-1
330975496
1432320361
-1
131967237
929255919
206636723
140539703
1429017197
-1
97970788
209716324
-1
82034084
452423893
1421438098
-1
-1
221226576
68567195
589780595
359701909
-1
307575500
580189765
48218915
70003960
-1
-1
3555810
66800191
1729797711
50655681
-1
776566307
881457261
-1
-1
-1
707969929
484425481
883650544
-1
-1
14949037
-1
-1
1138108236
656422448
677848388
360285282
168311824
1086546631
415286004
108248201
-1
-1
-1
339563939
-1
554375192
-1
12604023
-1
342593561
205897375
-1
-1
-1
32855789
17924048
499821613
-1
320789184
514745339
15779798
1010063459
-1
48449331
864995427
-1
785204697
43257729
-1
1054813732
-1
114332359
-1
696703613
-1
-1
-1
-1
81131291
-1
152774212
818782710
13765855
-1
395394127
-1
-1
725154747
948621259
59870503
-1
39359467
153587545
1115120679
676929311
1397293777
-1
-1
887960085
-1
235108747
314576684
-1
1316590213
-1
-1
-1
-1
-1
-1
-1
137977672
122311229
295850438
307243267
-1
957380920
-1
-1
313179760
37442762
-1
381091546
334419664
90050888
-1
289316311
101802092
71551736
810996483
243191893
-1
719605672
466455058
64889566
-1
1143864416
-1
257521585
150591139
332597009
892917799
-1
124899539
380361559
-1
-1
-1
406224907
-1
-1
-1
-1
-1
411767704
779105840
-1
981958593
-1
630768049
473892139
949798572
-1
338580015
-1
698767704
-1
21929104
-1
662729479
398875253
53573377
-1
724476635
41941440
64754198
-1
81742813
-1
20389962
219558743
135368247
1039460096
128296979
173647399
875489114
-1
12543508
36918614
379562008
91573187
-1
-1
-1
6244305
281112153
434982315
-1
-1
955557739
-1
82588621
-1
752453117
786361337
1031809261
-1
-1
391975589
1514650786
-1
-1
-1
337203422
-1
-1
-1
-1
228080559
-1
-1
-1
513933681
-1
512423334
-1
534108309
227949891
141374692
67324915
-1
-1
1054613970
128657162
1067066339
886465
-1
618234360
946910263
560144578
104741383
-1
1011110559
442250801
-1
995185935
171324593
-1
53930336
-1
-1
-1
-1
-1
216539680
-1
359600184
-1
829931910
214587977
-1
195145435
33300415
1470353352
163126231
346356735
241302301
29720987
1017398269
160401325
137890776
-1
592390237
-1
113699038
5352238
84600307
-1
107979917
-1
1131405211
580642521
-1
471643930
-1
-1
129353087
881026897
125426304
21741977
1652178501
61035029
-1
-1
20248075
385309033
49380302
-1
99513659
-1
-1
-1
-1
723041924
-1
101794861
11845213
-1
592072496
-1
14115505
-1
97692427
100189593
1418496482
296243731
-1
3286279
857236835
-1
-1
44827282
1031323974
261258191
131270269
342995167
1520046297
372241842
253191713
1426837491
-1
562893759
226820028
214066526
850143065
164631279
-1
886671115
-1
-1
301569079
415901931
644069159
401221187
-1
978617097
-1
-1
-1
149786095
344416245
47586383
231067432
165352228
130291282
61195757
-1
578451677
-1
-1
228902405
-1
39803640
627992569
190242189
236349977
-1
268759239
267058477
131296961
718433148
399063432
600803024
22374230
-1
-1
-1
748767508
-1
-1
16296334
108962616
1813274603
-1
569317909
102388937
-1
691911526
74842283
-1
454594673
190996027
190299169
252567357
-1
-1
-1
-1
24857748
1663090654
-1
-1
-1
498528043
1376044048
478695456
1121166851
-1
195290993
132520149
497712543
5607079
796802426
-1
9097985
286163383
1954644911
401628880
-1
88846781
-1
503933964
-1
193310729
264922951
-1
639246973
-1
1706631991
-1
194013370
-1
205297851
-1
462182539
1898983497
-1
-1
-1
97876727
-1
1625973753
89316503
-1
7485707
310094159
-1
-1
787007640
-1
-1
430226165
-1
730738105
-1
-1
14091640
-1
186418863
233814348
1100389825
833808721
-1
-1
-1
-1
1442228559
318643108
-1
-1
1484174023
113956252
206724460
-1
-1
-1
170449483
-1
60408414
582989538
26847077
1319330685
-1
987353919
-1
1336243658
-1
-1
-1
961813963
404327679
157015981
-1
300480580
-1
-1
744158199
78810282
845983300
837907358
191649599
10351490
206409161
-1
97066571
607028061
-1
190779022
-1
-1
-1
-1
450174993
611330913
76454569
555641917
-1
-1
581483149
1267087450
-1
1088104810
19689477
432600541
439631985
-1
-1
-1
-1
1011609836
193055279
601670360
423995436
580604147
-1
-1
323629248
214109269
1162522011
702820935
-1
-1
-1
902409417
368241438
1014302256
15626183
-1
206563651
833332407
-1
80855008
97697611
588976217
726857262
1167303234
-1
-1
-1
69198430
-1
-1
61403657
-1
931246627
798704
-1
-1
-1
359532557
-1
3922137
-1
-1
-1
-1
428591429
-1
557679512
-1
295721936
1333058261
-1
-1
542354107
-1
795235291
601345198
-1
550568867
142738741
208972121
50596612
-1
-1
1185846091
745590183
-1
-1
1254160216
-1
542454681
-1
79033879
431664361
-1
1614934352
724290042
336590330
479300771
-1
-1
-1
239470256
772708175
295685932
391905651
138533867
827927527
-1
-1
-1
-1
873679550
80675927
173706098
-1
118218874
2514857
708834035
387395719
123508778
-1
481076827
741700366
-1
113344561
-1
392894423
-1
-1
1370380689
55567330
475999402
-1
573842443
-1
874701287
493028949
239662916
-1
41245003
-1
190171675
979952449
-1
-1
-1
851162469
527944876
906561121
-1
473071204
68048011
-1
312094748
452790449
497533659
234845545
334389917
316969211
441926677
1437270331
683576791
17015012
268469557
959648427
-1
-1
-1
542033161
-1
561637287
811423430
84214039
-1
43128789
369999064
-1
470872043
401888633
1012168673
1170540151
317758609
-1
129942575
193987595
386463678
952586599
-1
-1
1127448096
261536752
-1
346577902
865134316
-1
427236827
-1
130484586
9781462
1474147339
953030987
15030145
-1
-1
166237906
-1
1204545365
-1
656903494
18399235
-1
-1
85932643
708152038
-1
-1
-1
631221073
1032979893
-1
-1
-1
-1
364588137
-1
708142353
-1
-1
9642467
439689984
-1
-1
40542167
359225283
1524863
1719919337
5958043
-1
722889053
-1
-1
-1
-1
48701414
201632227
636169316
-1
431271138
-1
-1
142784867
47038434
-1
-1
-1
624108655
46947925
1450997989
426019404
994844394
20123532
827242851
93483618
58861109
9003079
-1
106145637
553983285
-1
-1
-1
-1
358308899
-1
-1
-1
639424757
925030315
63815183
14889407
-1
-1
196005341
770622513
1571833513
483750563
31516545
-1
-1
-1
972451703
1135076737
1562076975
-1
1029605843
-1
-1
1393556776
805378842
124387721
-1
111722483
692962961
195243591
-1
-1
62832133
-1
1974051
234789598
741839259
1183571667
1501851671
734005765
174907423
-1
1010451325
11011579
1201414958
-1
882252013
-1
-1
420855762
657461425
179427022
79157899
-1
1089159370
-1
-1
1088485003
-1
621681997
1261817809
1441482787
56301784
755345403
108235275
1084770157
12349500
-1
323842745
95297857
825302689
1421311511
-1
-1
-1
1449270068
68001017
368569907
21291386
816455745
22941879
-1
-1
239559618
-1
-1
356068894
969004261
155581225
735234694
-1
-1
-1
24295383
76554333
466240985
134639457
53559139
620137880
223168700
589020648
14452831
138536813
38581401
906564609
-1
-1
1198063359
38918860
-1
-1
92163955
645228004
580157753
-1
105712277
-1
253952801
763786227
1135546541
2063683
553759009
410327475
923846005
80771765
180897752
-1
423490902
517306251
1491895862
-1
-1
917215992
107770029
84400269
-1
215456981
941899244
275630557
-1
-1
70246854
-1
1286645732
-1
128863072
-1
-1
113020563
77750606
-1
1143122989
-1
-1
-1
5126196
-1
-1
-1
-1
-1
378462101
-1
-1
204860333
515659134
-1
1170882250
54182390
144588155
279764892
-1
595825709
81380940
294084793
17808557
4983893
816558217
-1
77335418
-1
1368727883
291160265
-1
-1
216022923
-1
-1
231195907
-1
374080691
-1
776711968
317366477
567575603
397107823
-1
973544101
1703501388
-1
-1
682522693
779376358
92036313
683062798
384032135
-1
724969810
104819509
-1
215902657
184719570
-1
-1
146898113
156138116
1297927597
445028923
-1
-1
-1
-1
-1
-1
1238030694
-1
297258085
125488049
-1
923448357
-1
-1
-1
73137623
-1
-1
69377899
467772735
63849184
91068548
137087243
-1
543070189
1188588612
1003131158
504353164
196103948
242863525
206781659
217649241
61831271
818009172
79368043
-1
412165715
833585088
128652559
62941444
1672189337
92005695
460069109
1075899707
295595752
-1
7863650
-1
72142414
361845225
-1
110054155
-1
-1
-1
34026082
-1
22339762
1004840681
-1
-1
39774218
987725
251053427
-1
112766235
-1
99528592
709159225
212346065
-1
109105861
365250454
-1
130456577
863813873
48711842
-1
-1
-1
669238113
643749957
774459175
194163106
326592397
-1
-1
395665223
-1
249492406
132352663
-1
104362076
11689583
-1
-1
47557990
549612778
1335561653
1408372829
-1
-1
48679160
-1
1026215362
790847438
-1
-1
-1
1150667675
-1
317021017
59209737
-1
-1
-1
-1
278724168
-1
504265467
720042531
-1
-1
377903848
-1
175043893
-1
583068970
607471858
222588737
-1
710507763
-1
916170365
456778768
896650063
584990837
-1
344728437
210418244
-1
1003566487
1787790477
23412616
509754354
162049341
620183423
543563870
-1
664320833
58770291
374855834
1115115247
452672900
13995601
610354990
197878809
1313462954
-1
1271939133
60114849
-1
-1
360681542
-1
-1
342637726
885364771
-1
985481789
-1
-1
1001950015
476905261
1160558218
163920604
1121498689
1288358701
126411998
-1
7057465
957152219
475621923
931911889
-1
570668911
575146621
718584878
320985256
406335913
-1
-1
-1
536147803
-1
-1
916015003
-1
1452595033
211058717
1036101945
-1
1759259623
-1
311247737
24415403
375326520
-1
-1
780479588
-1
56771413
613030333
-1
1278922863
-1
-1
-1
-1
34890004
79335266
1167376498
603687191
713198269
799873270
-1
306381494
-1
466408275
-1
-1
130101551
-1
-1
-1
1321002911
137920820
-1
288269559
118370989
400144627
-1
871467249
-1
-1
836410000
1028480008
-1
378131371
443664202
675992166
-1
-1
1407145067
191593220
198746852
-1
191116713
-1
427204045
555735941
265914958
214151651
141656711
1439085539
354515737
-1
1147602419
147690325
-1
-1
-1
-1
-1
-1
37754699
-1
-1
-1
-1
-1
22332193
-1
-1
21573507
-1
312126633
444922943
634516859
-1
361420025
535024901
101229731
-1
101937376
962980921
-1
-1
-1
-1
1297770872
-1
477950132
64687673
922682809
906182776
341114489
1197949779
-1
17746221
190787422
797578640
-1
166358287
-1
748282037
185907859
260095195
1067518601
-1
75456858
-1
1114132454
-1
1381039824
526225031
561642962
142400540
-1
-1
-1
404140698
344277927
6437539
1287717477
-1
74373566
184361823
57343207
532849441
-1
309501056
-1
151278443
499327293
-1
9793793
519975569
-1
-1
754890789
230763854
-1
-1
1144327275
948821915
446047345
-1
-1
-1
-1
607370578
-1
-1
453593463
102057901
-1
920521129
179411637
65387664
478997911
-1
1303089540
956530607
1850069779
161244863
-1
916838005
189436907
23339983
497438418
-1
-1
1680892888
-1
212015215
-1
1605155263
-1
91165221
525512125
1426915315
-1
365335826
553485365
211726828
18397432
-1
277867793
188524301
-1
-1
-1
812217752
555305948
621631892
-1
545267933
114453087
951988846
608318935
396163009
-1
163264273
-1
280963475
-1
-1
1480849779
-1
610235368
71077511
17203414
605277598
185217899
1073364379
675994134
599262469
-1
406382733
89202532
-1
-1
157496041
357610659
1399077725
73153442
-1
-1
369670645
-1
829659763
16792187
74725015
-1
319311293
-1
-1
-1
1429875184
-1
27779788
-1
-1
759386978
496124594
1601946867
-1
97081013
4147867
93293713
111098293
-1
880814196
9516414
-1
-1
-1
41711006
320033099
-1
846357701
-1
62971561
115320235
1392255574
700026014
1616171623
2086431
222792245
70056527
4037926
97068792
432536452
-1
-1
189655579
-1
785822933
140601393
412638511
250909739
272809812
239022222
1112836468
844683534
-1
-1
274206889
-1
1474436371
-1
-1
1192777229
1059866434
44588799
-1
-1
184570171
539839585
-1
453152816
454942973
-1
-1
619663556
240241334
356147148
87627687
219567191
878863853
-1
-1
-1
1026363796
1338089714
1650387
-1
473070727
-1
-1
124778645
-1
482430134
-1
-1
604453195
176835908
-1
399185989
204277355
55057171
-1
120166439
353490411
-1
224839525
1178938591
347513071
-1
-1
58380414
44045970
39010983
273642553
146198141
912894175
207648509
246298949
1828454069
141738406
179581151
559859011
687814559
479591231
416745148
44571027
188012425
127868395
402663938
-1
84308263
1161118345
1362928123
202516329
-1
157938519
1046518469
160416833
-1
227167196
-1
294853561
603517399
-1
185319117
165512331
782467904
-1
1623075211
-1
-1
724108850
-1
552368582
1086980211
616073615
1040904364
-1
474573213
-1
1169995323
-1
688503584
167681797
493443035
140500089
13777833
757398351
-1
-1
7940474
287767501
286678405
1729229628
926714141
1508349515
-1
918996925
1199767349
-1
172959421
-1
550166439
810128927
91024431
59739175
-1
-1
-1
1038785267
628749305
1882622691
955992157
-1
-1
303850946
-1
854461565
133277583
715843955
-1
252315875
761649769
47608535
882884505
-1
629484605
955588931
370716817
-1
695423141
-1
290517373
-1
187130271
1359536984
-1
-1
984682242
119731061
677037659
-1
-1
107744821
349403309
328699579
85442168
528430765
112847498
-1
607889591
17362797
854696240
556898347
-1
-1
37695096
-1
326001365
538501313
1555699249
930251755
-1
551702561
830513205
569174867
-1
-1
188355297
-1
592129171
-1
486502024
51457407
-1
547234931
-1
482444154
324550203
-1
750232563
737552845
61180033
930392863
233229609
71804918
34264644
-1
516927439
-1
-1
938250394
-1
-1
48525504
244902670
296712535
56570521
210334182
562430667
978705749
467922559
-1
421177369
-1
-1
502457026
-1
84670339
948164761
-1
214210149
587076507
997446868
365547833
-1
456492763
488122509
-1
-1
-1
418114483
862372677
65037362
1048459867
200043931
321134456
41465767
107635695
-1
-1
447760842
-1
-1
231506549
637338503
649325344
-1
724465757
44088473
870292577
-1
417916571
-1
784703532
-1
72292360
1053999491
174761005
-1
-1
-1
984882367
-1
-1
-1
10242662
675788465
920436673
-1
1314086341
89888293
-1
-1
-1
26386375
59557670
238293066
316059803
134130728
-1
1297850864
-1
-1
-1
13234231
612714077
389267606
-1
438809318
-1
636420253
-1
-1
1482875116
373148230
-1
-1
-1
3293346
686885565
946444269
-1
309238861
-1
-1
-1
463718734
1311400351
19757717
495270129
-1
-1
1361912537
-1
-1
238369363
-1
1715164853
1128047643
665049991
22873529
535456937
633790845
-1
1113606469
666359344
-1
4305139
-1
314714339
-1
1300700065
-1
176642026
445532083
-1
534211233
-1
-1
-1
93898794
483870766
-1
-1
-1
79352765
-1
309439009
113642967
-1
-1
511664559
487023420
-1
1245106919
137579779
-1
-1
195165512
442981013
263670322
262346314
-1
88510849
597163803
-1
666802473
-1
786689854
758675653
-1
1121888429
351498941
1058199017
628164677
-1
1514166519
-1
444858292
-1
-1
798499011
-1
558209
-1
967146195
792585
738500472
685688089
-1
373776820
741702429
1051512973
904783531
968124235
-1
-1
-1
-1
168611873
1030963102
-1
407525729
890087212
-1
40044155
480818859
-1
-1
50373413
589332241
-1
-1
552138368
-1
-1
-1
528828031
-1
103080509
225485629
-1
1813961728
1269211160
89024108
500467620
-1
898938275
325398127
787205482
992506139
1280854053
30806511
-1
-1
-1
1078036517
101061983
817670515
-1
593683699
-1
21450293
-1
574359008
599012513
503335622
-1
61886392
-1
474027002
-1
46314279
-1
16078857
159110186
589098058
169908901
141781694
-1
-1
355530379
893927859
97813549
1100814452
224530129
346578377
270003184
504730147
472738564
515314579
699491192
-1
-1
299416415
-1
-1
-1
-1
402194958
131383849
1111435169
-1
87836601
202529569
219644690
55845935
-1
559376200
198277475
636576811
56543015
1089206383
-1
641840209
286551132
147554570
219607919
-1
-1
281550872
-1
-1
544104609
244339255
874192811
794581650
-1
1815303534
-1
638557343
-1
421036016
260877188
324843637
1654590963
-1
541261911
94097762
900887023
-1
54073737
-1
-1
313200164
711272691
-1
-1
-1
84813401
1478340041
1894367200
-1
-1
-1
650876901
213919599
-1
628710231
1373287308
894667206
1020893113
1104325568
1041396539
1315334565
804651683
140341718
1728025306
-1
1283868078
1060742394
-1
27524922
-1
756367593
1287993431
804698203
292663319
-1
-1
109200679
-1
523694285
131785647
833658841
1518682702
-1
-1
130007461
-1
59314697
139281713
-1
1127628262
-1
6779399
-1
82040101
-1
-1
357266632
399664236
-1
-1
-1
-1
732682517
-1
52977692
827198963
-1
-1
804093870
-1
97761539
77308784
855732619
499699163
12235409
-1
22313163
402740853
655823969
382292669
-1
330651532
-1
113462571
103656483
12218425
267887887
-1
1189935955
-1
602742633
-1
1607587681
101921594
171650867
56515640
-1
81709655
768939617
-1
522863805
-1
752139665
-1
9431017
559347979
670256194
50952840
714623723
-1
-1
-1
1598822534
857827019
-1
66682653
-1
-1
-1
359609139
-1
545271719
606651677
317546796
-1
-1
589420593
765413022
1661932273
368520565
-1
-1
13893133
218029655
-1
234328194
129330199
-1
878422021
-1
-1
72946696
188968097
178495869
-1
-1
-1
-1
276799909
675023493
9917743
-1
198237603
92673376
1256726219
-1
-1
-1
76562550
-1
-1
231166691
1544105338
-1
567283281
303250968
281815
276004336
492289337
-1
-1
-1
-1
-1
-1
199053037
450168231
-1
148257837
129482752
109661089
729154094
845023231
1088154493
-1
1044477887
-1
776965954
-1
684476451
-1
781489584
-1
5610924
-1
496789990
-1
341418073
-1
137888597
-1
13921303
-1
60096339
467071109
140627484
236058659
-1
1307509579
-1
129107011
1151046890
-1
-1
1182713795
-1
748678411
-1
190464613
1487848903
851370992
330004699
-1
173235653
-1
1171322989
1401559639
-1
869903374
1512771053
182804222
-1
183063639
819086867
-1
14907731
400829777
-1
402704827
-1
740518330
697162075
-1
1178023607
-1
385086923
-1
77941004
598141897
344544539
-1
8252628
-1
-1
30969783
-1
-1
-1
-1
-1
1344180935
36538060
-1
208456675
-1
379579813
73481339
-1
940397180
994043993
416389835
-1
-1
416468254
-1
452785883
136252874
6868456
-1
116776763
58847853
-1
-1
514905691
316769618
298476315
18162547
92369447
19902884
930549357
960902120
1161487624
262382519
-1
31471934
-1
956568959
344522611
1330978772
278205313
-1
87421376
854568247
85014884
81987030
-1
844457907
175763665
1393151375
510360823
7622575
244381431
179165879
12576406
-1
297747769
-1
-1
345497058
-1
273715207
542865602
1546930159
-1
40932344
117346301
-1
450807034
-1
1013404499
365160827
-1
-1
54222131
127893281
-1
551998517
304203904
-1
1335720982
821977616
17261403
98010388
-1
3726491
1119185026
-1
1546076604
-1
299637423
189631741
1253743601
51806031
-1
214866462
1286550263
-1
-1
1562516143
1493764843
-1
320816183
394165014
642475048
-1
387120577
-1
-1
531962813
11948346
702554481
147470140
-1
-1
-1
-1
-1
-1
-1
709171589
-1
442253224
-1
652433142
220355167
203875437
-1
288476046
-1
312453340
1387161071
-1
448627889
-1
362788637
53890645
-1
-1
18186717
-1
106230539
-1
489080959
683030321
695615709
346748297
-1
-1
715243883
1091151327
1677429170
144097985
442879483
335295919
431880437
-1
301198732
-1
808810848
-1
1194166478
-1
-1
13605825
1137587419
-1
-1
395858778
-1
19945481
342838585
106210393
-1
114529635
283995409
909034891
41129483
-1
-1
341434743
395187039
8524543
-1
-1
962329592
-1
329279639
729967193
179426808
1009610032
-1
373255625
956900297
873450786
-1
1321724129
240864
12878575
102359620
-1
475839486
1547100197
155142772
-1
653713956
-1
581608799
-1
-1
184488881
-1
-1
834894281
489256456
476319675
620748134
721449817
560302497
10079679
-1
996014306
7954151
15713994
331628654
61425875
-1
-1
328926602
328396005
-1
238762967
610257821
218382483
153490132
-1
560395331
-1
1024412839
1065072879
343349773
-1
12483059
77796688
-1
38055869
-1
789548846
1063116359
7873509
53649185
185428832
-1
284371053
-1
479571829
10971691
-1
1406450243
-1
-1
-1
-1
1325552263
-1
70067807
-1
568234456
638764603
383215331
-1
-1
476771781
-1
351073171
-1
-1
-1
567343361
886523309
1137026171
-1
228055880
1111898761
666964579
868918804
-1
-1
25981972
-1
-1
197868814
-1
1433589167
-1
467271691
1393939589
408685752
12907979
-1
958938550
70454913
-1
7361705
1051039423
338598872
28405847
-1
375849443
1004921377
-1
882807839
-1
-1
418614324
1826899923
-1
-1
100796683
263602445
307613671
190138423
-1
-1
1312966973
-1
-1
737606067
205394558
762529819
192380561
-1
166926791
1003264666
-1
-1
-1
305733936
1176937709
565444932
334541884
569829528
-1
90283475
200249290
-1
1416696994
-1
252274633
-1
-1
1035710045
1314398783
379979755
-1
449597690
958794019
1170011555
30174629
-1
505372378
42668584
264329729
-1
-1
956023044
101037829
2096649
220016617
1271473483
-1
-1
889656908
-1
451490693
-1
780021111
734162749
-1
152122413
55660079
-1
-1
-1
-1
-1
-1
411915776
292194844
47082731
598681471
88524967
1084707550
81025756
-1
1242067229
148560636
-1
-1
-1
655652467
-1
-1
-1
95359622
140634439
109465461
-1
-1
-1
1370874087
104335527
21983465
-1
359093814
-1
-1
36283135
16191629
554675962
543643930
-1
-1
-1
1886951797
-1
1114318277
-1
521277931
160574033
740291
-1
251164954
845889115
58185647
407079797
-1
-1
-1
1572491415
-1
943979853
570978477
155969307
182696138
-1
-1
-1
-1
325924738
-1
-1
1141071097
-1
214338351
606177806
-1
-1
1274444745
21040243
832757023
290393735
341758580
-1
-1
-1
-1
-1
646505721
-1
-1
467291379
-1
149392091
1234435589
-1
1026041487
1688229713
904079539
634429777
898055350
-1
-1
1493532584
95119931
295718098
104201833
601698835
-1
463887285
-1
-1
9363343
-1
-1
336519299
1672019704
148392068
29319503
808435939
-1
93859523
40558387
159124780
113275796
650742303
237108699
-1
-1
59596925
231892103
1102332016
322780543
-1
19295033
214878687
-1
313258945
1108439599
-1
114034689
63274228
61270801
801034801
215127896
1102937510
270432059
-1
653711109
57542342
808442947
249943901
-1
616335923
-1
-1
458137931
527315051
-1
1223933858
212092103
162211648
21271469
557497010
56826027
-1
-1
1094722571
238335975
193352011
297330026
1265825516
-1
-1
224698235
-1
120872151
335337697
147611548
-1
27924459
1307639018
-1
1238046763
492779775
439036232
6072911
68415727
391003665
426538848
244266210
1227036609
-1
1271271700
-1
239347907
-1
165094249
1094702285
824193181
-1
-1
-1
-1
-1
1078696895
-1
-1
87778461
-1
354407965
-1
401101232
219111610
415212845
-1
9237369
-1
13931035
-1
-1
1534705579
150658829
-1
491652864
18459011
504303131
114379020
198795835
-1
1666634122
22679929
1293917215
209537983
-1
154420775
310393463
769123027
-1
1447286529
-1
113188543
-1
257185383
-1
-1
-1
244135920
-1
-1
527663553
-1
673638102
83455191
-1
313197395
-1
-1
45096129
33053069
-1
-1
912179052
146882305
7404647
-1
355389855
-1
527341327
4063061
457250852
1341579791
121741924
589721231
56201395
7617329
750297171
-1
-1
-1
132650985
-1
1207467022
208769278
364744523
-1
-1
728776031
-1
-1
-1
-1
121359751
768489829
756731135
-1
748182017
-1
779680065
713822281
312074858
-1
937717411
-1
243302719
831824625
-1
249537485
652352490
-1
758883223
-1
1098089554
-1
-1
-1
-1
-1
842680125
232373934
474890135
1232731489
-1
-1
132048278
3477904
3522307
854449467
7652805
-1
733803921
-1
-1
104238111
-1
813970249
755123786
-1
-1
340854649
270960579
178665753
-1
-1
1297802845
113546890
246567103
-1
646586698
-1
770642653
726441607
-1
199616384
-1
613877361
26946422
-1
274648458
293645236
311418446
29824619
61616659
660839241
376928393
64885714
-1
729229462
97822234
931575387
777064792
101628169
-1
-1
-1
564924878
-1
841383274
858241936
-1
870889361
656739119
545160973
-1
31366982
360222046
75554572
-1
254730143
-1
-1
-1
-1
1060513569
-1
-1
1013274481
743254699
-1
316170287
826434181
345857416
7990557
84481747
-1
-1
543459483
342921492
330075361
100271108
397635379
-1
410715547
860436961
73295533
195862925
4704544
-1
582810204
-1
-1
1426644039
-1
88093387
-1
-1
-1
338136785
1052204977
7778629
-1
-1
-1
1369856299
-1
-1
-1
1227523766
-1
-1
-1
307566222
2952166
228948795
293211872
193815771
243819127
12883589
442996258
905853761
196267271
-1
-1
-1
778442480
-1
-1
740646380
-1
127607425
476116427
-1
308798055
431239505
57977797
-1
72094888
160268597
-1
586042091
-1
-1
-1
7096255
-1
-1
-1
113074924
47614537
166431167
-1
-1
1186922895
-1
-1
-1
103951182
109729294
-1
852993541
121170118
-1
390342262
9845434
1349178667
926607369
88949376
1057181635
695195212
657851300
51192376
12087833
-1
587453496
1429379161
-1
887642491
-1
-1
904291003
75878601
493731365
63003039
520336544
-1
-1
-1
132508307
228523957
507899209
206550481
21407747
-1
92536702
96592903
814648554
-1
181033759
-1
-1
1612287756
-1
-1
1294315599
33807526
1304901288
-1
-1
882697834
997121869
231189429
1334203803
778482498
201539948
-1
531911030
-1
405296704
555890440
-1
33228651
966229253
-1
-1
655001109
-1
1543383425
-1
-1
50804264
-1
-1
-1
46785632
25007215
250726263
588689017
905011432
778564183
-1
314746147
-1
-1
31725629
-1
262413128
-1
371019307
243885515
1359169541
1043067534
-1
226440122
188199197
-1
109129880
890705065
-1
-1
-1
-1
1045805077
-1
-1
-1
445385674
415363351
673849676
1147475857
-1
188547395
-1
-1
-1
-1
600260229
-1
884407977
775620785
-1
-1
338371401
-1
-1
901924357
-1
131591485
240225666
-1
-1
398015176
-1
-1
-1
-1
869003879
491948569
369873427
-1
-1
-1
911332755
85817311
374710033
-1
487187483
-1
4068556
719561275
778438333
205167421
114954808
120737734
-1
100331583
802433181
44996249
-1
-1
804521053
346263830
187230694
613712915
541614359
960779697
146797932
-1
6856300
474021481
167978581
941168657
-1
121125050
375343550
-1
-1
1683571101
143640951
293702891
-1
-1
-1
305559997
-1
334260421
724443286
301894679
621901250
105403
-1
454943611
1715339561
52369756
-1
257487193
-1
-1
-1
-1
489318658
-1
579825839
373070433
-1
471226673
833217047
-1
-1
490984001
55819546
1384255021
-1
-1
1213133899
498810195
-1
27189253
-1
436011203
-1
-1
1080068029
34216275
-1
1479138479
26849405
1321563081
1041252682
672384561
-1
-1
597394971
-1
-1
364633739
443370217
-1
212320493
127387769
-1
-1
736130893
203720512
-1
1258811396
1243260384
-1
9747307
-1
43324239
105980626
355808932
323471615
22914254
238318174
47885275
603077288
-1
-1
374260616
-1
-1
148993640
-1
150699338
458185208
251280172
-1
23451593
420800815
-1
113854757
881611069
-1
174813334
636505135
-1
411798084
628089560
101927087
283523191
57089687
26247740
51049721
19310204
-1
-1
21042247
248949094
-1
715317656
-1
-1
1587195572
75705904
-1
-1
-1
1254996245
528520751
-1
111102827
570937984
-1
-1
-1
81188379
905620899
113608723
94729319
442572305
-1
366330417
-1
624162567
606475253
-1
1511597358
-1
943518297
-1
65740840
485214585
24801067
-1
-1
33780866
-1
-1
522372766
131703533
1443751923
238359524
114754967
1433863535
-1
-1
-1
25164981
978022880
700814879
1203938891
79116868
144604504
-1
40678837
158356127
56350216
140980196
215251285
-1
-1
288031758
146987908
1118261902
-1
-1
36888439
104054240
616787895
192568599
-1
724319669
650003569
-1
224323292
-1
-1
-1
18847681
-1
134026487
119612143
1780742128
48892399
-1
-1
-1
28747037
47237457
-1
-1
-1
-1
1657183187
4674442
703026613
170114501
-1
36356249
677435514
-1
23831674
569090317
-1
10253174
-1
1487687499
-1
447330734
352982231
302771454
-1
-1
77745588
537097648
459716249
1056765469
-1
-1
394157585
-1
287226824
703054351
-1
458038305
-1
252312087
510311794
66017767
1034143715
-1
-1
929338000
373164329
742560239
1935447339
-1
1134883919
851878289
-1
25863128
171272819
1014458538
1858333990
398987959
-1
-1
123546678
425180887
-1
472173023
18913394
1087368500
-1
-1
-1
-1
11261678
-1
1261104195
124679083
-1
316837167
-1
-1
1005995958
857970591
-1
-1
-1
-1
265925141
16819895
-1
-1
-1
111376829
-1
-1
167550033
43330781
35376399
237167123
-1
-1
-1
-1
-1
-1
-1
16300540
907652807
-1
-1
123030161
-1
-1
-1
868289119
-1
389934108
-1
-1
146742490
854583646
-1
241945850
26605646
-1
707617735
-1
-1
77045514
-1
42106938
-1
-1
593159
245591645
6139793
806657857
-1
315780543
-1
1588129903
-1
521599938
-1
442450962
14270557
-1
-1
146729355
-1
1553784653
6346745
-1
-1
177113180
982439389
97684922
387902221
45004259
106540329
834672617
-1
-1
-1
-1
103935018
148784211
170359192
234118585
-1
369072264
99472165
61958397
280488017
15137691
-1
-1
-1
1084848248
-1
1684752961
782392013
-1
-1
221520156
32269165
210965779
1708830965
-1
-1
329751661
817683433
883044101
713041878
58442291
191286281
-1
66827483
-1
190601624
56822007
-1
-1
-1
283931089
420084368
847339467
-1
573507196
-1
-1
1161354221
-1
-1
-1
839640811
58430613
939759531
-1
61132608
-1
39302212
41916566
1251070369
-1
-1
-1
-1
528835975
-1
46442731
260850949
279142483
330434731
255007034
741476951
1807431829
-1
102301571
130744717
1092599639
439303171
-1
-1
254822892
616369998
-1
1100977675
-1
548422411
-1
-1
67144301
88164089
-1
74441285
582683337
1081908945
-1
851729077
439438121
32356075
282742251
-1
-1
-1
606730897
-1
1329766783
2571032
-1
257064387
-1
717997045
1201863938
83289817
265913704
-1
366627257
-1
788502875
-1
-1
-1
-1
182722559
-1
1542009521
99682109
-1
45075735
1612940219
24882604
-1
444178130
-1
-1
186781227
142400987
89611588
161344091
157969291
250674851
-1
21698246
-1
-1
50897771
183460127
1014999622
-1
989202959
1558117209
498077764
124364725
235769771
82150527
253963664
1128565
-1
266613247
-1
-1
446133193
266930965
159645791
-1
341675127
205248194
226389030
679586996
-1
1604524183
8207154
338657814
-1
345902509
-1
343697984
-1
1337984341
698837960
-1
352955771
-1
168966367
-1
979586593
209347298
-1
116993064
464149469
-1
188885450
153916453
286313082
-1
-1
328899021
-1
1002077481
590837154
458176459
1097011336
-1
1372174963
-1
234179662
307938470
-1
836453476
17309999
-1
1472715607
-1
-1
67652329
622175271
-1
1041127943
-1
665798261
427443907
803812611
-1
28163161
446806889
363940721
379632911
16449748
-1
-1
-1
1339403324
258033262
204017209
-1
1092214319
420355099
429092041
31582997
393857735
142065369
-1
-1
-1
28671723
-1
117034553
1415851994
471308570
267316239
294065137
-1
-1
585246817
-1
-1
-1
-1
395952049
526619415
-1
32767507
-1
-1
745590933
1085486687
19703183
45614867
-1
993405129
-1
-1
-1
930554098
-1
-1
130237582
393900481
-1
21858058
-1
435106783
1871834501
-1
-1
560802925
-1
248419534
1763704719
-1
839408668
-1
364309547
63292853
287402327
484543210
905534366
-1
764226348
-1
32017927
567689695
-1
153505351
-1
736306771
559830554
185162763
-1
-1
-1
713435467
-1
-1
635523446
-1
467950667
-1
300349250
155678573
-1
310404237
-1
-1
-1
-1
-1
-1
536854845
801372625
1549091315
-1
-1
1274041371
122357232
-1
-1
1006427749
-1
125110860
-1
-1
322013259
-1
150852461
286648145
7916289
-1
-1
74887031
262967437
-1
-1
689268641
-1
-1
-1
538450582
-1
-1
169010757
978206517
1023076195
484850302
1596317
895922446
52930169
1633426877
232526400
1820945679
582952563
1122720716
121779089
-1
501272188
-1
-1
-1
1697410877
793874387
667415328
-1
-1
-1
57235052
331010848
320856458
162934163
188389757
695016412
523247633
835150720
299175161
-1
-1
311007956
274866401
-1
-1
-1
-1
-1
-1
-1
323432983
314798131
488954050
110405151
1011038207
365060453
2216271
-1
1304360983
-1
427805272
240053608
832177381
27407963
-1
388561396
501108125
594325
-1
81647216
281796586
-1
-1
-1
383582784
83393557
13220930
139452140
31220790
-1
-1
231522049
322471265
70899497
84965366
561980333
-1
-1
-1
818502053
421147659
79354755
246291821
360660873
-1
-1
-1
643218369
680777627
212801464
-1
84310340
-1
78657764
787556519
769787513
275471526
1501948254
920251701
418876975
918786900
-1
37150257
176036225
631209333
284885500
64745193
322984507
-1
534817819
-1
-1
578065424
849806746
-1
1039147181
93611
1403061158
-1
714964045
56233165
15085633
616880107
113535195
-1
1149228565
-1
-1
1010986601
-1
-1
-1
62199112
-1
-1
-1
77662973
54301249
486392014
512837577
-1
922006702
-1
1754472307
-1
-1
133200597
59646559
-1
1543431649
-1
177458654
-1
160390883
585866049
1167725147
125903143
1580318887
50631923
417151883
-1
541138118
1175865284
778446269
432990158
858062798
-1
-1
-1
-1
861129387
-1
-1
-1
1169476061
135279364
70314261
-1
-1
-1
1028912923
1794149187
1152771128
254037506
842783599
334605059
894774261
-1
1147088635
1332459494
465858301
-1
-1
-1
1068612094
-1
-1
42132697
71364525
-1
21494791
80113135
433016998
-1
-1
730707846
-1
-1
-1
-1
-1
189942661
-1
-1
975274993
-1
18445521
-1
-1
488603534
330583259
-1
-1
153450745
-1
306542224
606403352
297522811
-1
155290838
227681905
481235299
191996164
556221085
-1
-1
-1
-1
426099634
1083314374
-1
1116201177
1405538390
-1
-1
-1
-1
-1
478681559
488530599
376893368
583724961
530785256
175028999
656695757
686374825
222410254
17037779
50932166
-1
4615694
808944645
-1
1000062697
-1
-1
4136820
699706343
170759197
-1
-1
-1
74701649
-1
183648699
-1
275114414
-1
566242995
-1
623407403
436949895
-1
-1
237993365
940034861
946515377
-1
66681873
1274847164
-1
-1
592147037
509797728
661181765
-1
-1
761734603
-1
121826003
521501149
36615855
-1
60930035
1112987277
13041271
299705226
-1
196366031
-1
-1
292352693
1228509580
1061991733
689584895
164490302
795251146
480032801
-1
-1
-1
158711577
735039703
1290883
-1
162724752
-1
153790677
242263598
38624011
-1
1044746561
204703648
171892174
852008017
355261295
567353550
247501431
674300208
-1
12123106
252766633
1287099947
-1
23514397
-1
-1
31412719
1066077722
865975117
614994299
312693428
-1
291351919
10045983
1557158974
1074049383
652609482
-1
191784751
-1
153154739
-1
983611625
-1
922738857
945069359
59026798
409835735
25017732
-1
-1
-1
-1
6387424
199841355
-1
23681743
-1
-1
-1
198124439
10092125
223916880
631081491
-1
-1
-1
-1
1637955703
48945259
12458952
-1
-1
-1
-1
283315237
235394412
-1
1017743117
-1
-1
672882667
1501156166
1855345441
35412936
-1
-1
1131353076
633692902
665210994
182950461
-1
-1
-1
377823611
-1
205399504
802407972
432460625
158522699
139775539
3224495
97004269
-1
-1
244143616
-1
5222403
56243637
-1
-1
1896346931
20485108
-1
39988410
450813141
24902777
648902295
-1
-1
1124069161
729837449
-1
488442506
598144243
132343088
1088903677
16353299
939788499
-1
-1
-1
-1
934039829
-1
838804387
489003728
-1
32241091
-1
425982859
801133472
10806793
68901774
-1
26130568
587088565
-1
805079390
-1
396554923
-1
614189519
102133103
740671337
-1
139033087
-1
-1
555577410
-1
58563098
47148429
679482293
532377709
236122689
-1
5483313
307031005
253738579
-1
-1
-1
252307101
-1
880890409
392472635
331714025
-1
37700959
30198626
679245176
-1
-1
884601631
-1
-1
763867579
-1
-1
-1
-1
-1
282346321
763695603
-1
64935812
-1
567308351
222201881
324952053
-1
1456644412
73592699
586313511
598137881
13035511
1163892901
579465817
-1
327669384
1091459533
-1
918136668
-1
178918922
-1
-1
-1
101838975
-1
260188008
-1
-1
-1
1082659466
1016188939
2971848
4585789
100590959
1321758323
-1
-1
1221677275
-1
1347151228
-1
202110787
352539524
1738895612
145250420
5592407
-1
-1
-1
217369899
212316431
-1
-1
-1
-1
1273924603
1447745119
491387402
88456613
-1
-1
183172608
144660487
1157724503
1354998958
427048985
-1
1011796255
1258407089
21392894
-1
-1
840273766
241168057
122762108
1017921774
352607218
-1
-1
343192111
-1
-1
-1
331876822
12357332
4200975
-1
-1
-1
1384772589
95571296
1917435
75623235
-1
458888768
259036556
-1
-1
1602717384
749158931
622321956
-1
-1
-1
1558858403
96767398
-1
378412977
-1
1330783819
-1
336239803
-1
800968306
713665047
-1
-1
787112639
168886209
812182418
29836685
-1
780407545
239775573
169339892
-1
-1
-1
1196072756
-1
-1
-1
1368583776
-1
1572664132
416867750
-1
-1
-1
1325655193
62421363
445329323
1159293513
1410826606
-1
63067851
1506941812
1418913277
-1
1639469467
1396412647
-1
287063809
-1
776746952
113318327
-1
509306623
420590455
149303226
433568276
45675738
1607449066
635222075
673685135
1444853977
-1
-1
-1
563912113
186972633
135573458
37573493
514329495
593618768
-1
-1
338941249
2754635
-1
82601574
205616818
-1
320404778
636512507
-1
-1
-1
1390431431
554481743
133959145
690359123
975422333
451567223
268227145
140615612
-1
206676630
-1
-1
11501385
897462287
103196798
-1
1575723875
-1
899422541
-1
36848467
290100017
-1
-1
705103651
116935495
1005609136
106445960
624565221
1189965521
-1
-1
-1
-1
-1
258709052
-1
-1
498072621
93572412
9720752
1087374601
927173659
2126892
530362093
26663390
922256453
1029024439
319388825
569327053
-1
787463815
-1
-1
157904450
-1
-1
32189473
-1
-1
5247409
-1
914094639
756298081
-1
-1
35102551
-1
-1
190527548
33418583
860776155
-1
38340881
42965177
584606697
-1
90976141
-1
1302200729
226908200
1195323317
-1
-1
16259745
-1
-1
-1
287946838
-1
-1
-1
6708029
-1
573943138
393576157
-1
64925725
314064354
-1
-1
-1
72833462
177982076
-1
-1
512905191
911849818
-1
920256177
32568749
-1
268126886
-1
-1
5062249
42608911
533720069
1682241376
-1
-1
813728826
-1
-1
739611223
-1
27708376
919157634
104641505
-1
29289572
-1
-1
-1
76887797
425611023
-1
-1
661386999
194360848
-1
119666781
770380033
344193055
-1
394420915
1321621712
735165134
321224824
-1
171315574
742919471
21563535
196652020
552973
1011614812
-1
926213060
226919138
45584471
329042884
363950707
930272651
1772051924
72573607
-1
21467389
1189554277
-1
574727617
321828557
1389001426
-1
1064124910
-1
451212945
441975037
-1
414010804
-1
78177191
1769609279
-1
78934477
-1
-1
926590292
-1
-1
-1
218097032
279608917
1074202731
529768119
-1
1218185953
-1
1636688268
-1
22484898
59773403
-1
-1
7612375
-1
950102294
360153185
1082275967
1616437043
10460653
1408928399
-1
284282870
-1
215791963
-1
-1
-1
-1
292937973
643473008
513027791
1093330517
1366893305
-1
-1
1680033609
71478655
530867789
1234464
-1
410381330
-1
-1
505361177
211998919
-1
1629562256
-1
1199838007
147996833
377057751
885053599
-1
174610849
-1
206233011
783773372
-1
-1
933365612
-1
-1
1087873449
450848743
-1
275511181
1367708385
-1
605051777
1067079136
-1
602154332
-1
-1
-1
-1
247432507
-1
-1
1051455333
-1
1089361793
433347544
-1
72011615
162879321
-1
294730391
157535815
370227093
-1
140977803
-1
691805792
-1
1561119730
973857775
485807141
250422669
51990342
-1
2929947
554994720
668581744
160899287
-1
482053439
1681180617
219609968
404612162
281828466
1254197347
576927213
-1
-1
213177568
-1
901211906
-1
904739034
-1
972061166
337323321
391037383
886315817
702910
-1
-1
-1
-1
5783100
873056581
1353783
546766794
390629387
626619369
333865603
2578991
-1
50487452
96762341
-1
9029503
-1
275465094
-1
-1
1108302515
218895262
-1
1108277917
1213278301
-1
10784297
159742605
678560257
972846794
87030304
-1
212614571
-1
316193433
-1
57329841
249737317
444032781
-1
-1
22479152
94516228
-1
231235496
-1
-1
16282499
669024287
-1
88135809
-1
1722771
-1
145611775
140894159
-1
-1
677318329
427657705
999047129
-1
760420499
707378683
-1
96204745
-1
108312127
87334544
700389481
1147252731
782806929
486531158
581004668
-1
-1
-1
133528277
-1
-1
618007608
138012462
-1
702138121
1000066681
211553500
915947291
451164327
-1
-1
-1
374484239
102257834
-1
1351208343
22650784
-1
458567439
469213332
-1
-1
560521568
307690236
441530804
-1
-1
-1
946966836
-1
254649533
28804075
156029284
1398425432
-1
60233668
354591341
-1
535235702
455493826
-1
1299771296
19937012
81203905
1067522848
71492353
-1
-1
353542279
-1
558648404
290901746
204352656
-1
365715861
139507442
490812491
651816171
81255944
27761856
716848015
-1
934386409
115482014
2206363
658186241
1384296636
1121296538
3593461
970312802
-1
924657571
-1
-1
536047550
368817571
9514426
-1
-1
-1
395782057
-1
-1
749299222
-1
-1
-1
121195094
-1
-1
426556087
1172092571
268306685
-1
40007413
1335708637
-1
20935111
-1
141513501
382461041
39619466
511017431
848994997
351239626
106883714
-1
43457390
789612121
-1
108501922
1088201199
47568919
-1
427367925
275746541
-1
469486616
-1
580931015
369371562
55479986
-1
160228439
391006943
517020841
-1
244699961
61851121
182058467
-1
-1
-1
20660233
1009554399
891637552
-1
1204158639
-1
-1
684575508
-1
265271989
1064323819
864338350
-1
100967528
-1
56892191
-1
40884978
-1
452951991
624881428
-1
-1
-1
-1
455819419
74627080
-1
717194977
234253279
15810103
310648883
-1
37345435
361815412
-1
320695136
-1
-1
743939429
1373334
607034977
365892433
-1
-1
407133660
-1
938459999
19152853
-1
539803091
-1
10630417
25048259
1499531871
31090471
-1
57217840
-1
52655285
-1
51129469
846607965
993955693
-1
-1
-1
-1
92635587
405610377
766418399
973765001
562401538
182037613
-1
48106279
366378779
5269781
365519363
185545218
63631281
351592057
244220183
-1
602643059
115163639
-1
141083283
-1
-1
150994627
697324987
6188558
663934866
-1
241733199
223399207
-1
935215459
-1
-1
346686511
-1
-1
603114591
128465959
-1
-1
-1
344578814
407586088
92234543
-1
12209809
-1
468693310
561967549
-1
10857227
226533323
-1
-1
29480309
-1
-1
241973016
-1
223951192
-1
-1
769291328
1056836798
238168561
-1
-1
77243443
-1
213057855
184993340
-1
-1
747559997
-1
-1
422321035
-1
31546947
1234312926
-1
390933071
876429080
235063422
-1
221722597
-1
1542344711
335344193
174839288
339162183
-1
12536489
-1
1157286903
1083137803
-1
996737374
835503703
-1
-1
177892020
18464459
479033137
-1
-1
-1
202131997
249013589
-1
-1
-1
-1
116858435
-1
333350598
40594250
-1
1149313017
136900790
-1
1419996812
323433103
296442149
276411727
1643282468
-1
39358718
991960731
14733983
168915423
548993293
478353743
258386961
31204607
-1
627178067
86494433
-1
-1
1369641447
670127733
410354589
51216823
-1
519017911
-1
186504471
-1
-1
-1
-1
1229385189
90256886
1035637511
54071687
-1
183373893
367456903
75030587
616434321
126798108
-1
1031198205
72636236
-1
1846147809
744265294
-1
15439336
85733918
1288114821
-1
740201501
474663774
216340348
337928303
220923283
-1
-1
12651343
839706327
55366964
-1
46069261
134303737
942404037
160133045
-1
143323423
1405851029
414017997
196265362
-1
201828059
-1
248545561
16743576
226099225
1536916165
581164325
-1
-1
1112294732
-1
-1
119544525
-1
439011448
-1
-1
508928790
146126
56830717
-1
-1
240557126
-1
448840465
755074913
-1
-1
261258607
-1
-1
-1
-1
-1
-1
-1
-1
209605091
-1
-1
-1
8002873
-1
-1
-1
226183113
-1
920213665
906814351
-1
428296537
208265691
-1
-1
1665194446
813998506
-1
1319227529
1241755871
262932382
1336166428
-1
149966742
1597662479
112202700
693095098
562888507
-1
171145202
434758389
-1
365039237
97409639
1047858322
156027452
-1
-1
-1
515538294
-1
163702824
919912112
217482485
168253129
177970287
912758725
78740661
-1
-1
-1
420106863
482054677
100533877
-1
89490812
374861
1087791989
-1
-1
-1
-1
683136786
578111609
448454677
104938696
165815222
12921008
251329511
-1
-1
757703151
184522808
292295103
782408093
1288740097
-1
419664112
384474608
263488400
633544773
-1
1156717910
346106895
624972355
559428813
-1
320661763
1176356504
-1
-1
6243014
-1
-1
-1
91722557
204980725
-1
-1
-1
-1
-1
196138990
619612783
41040647
439416287
195181397
57530691
-1
-1
906391099
156414238
1605482880
761645365
1018665749
155663111
152640961
175275725
1014800135
100357813
-1
160234089
1201426109
237589903
147993463
-1
791579054
229459479
16582785
653200031
-1
-1
-1
-1
-1
-1
232598089
-1
-1
-1
719997805
-1
-1
909544832
54250767
436036274
1146728177
-1
-1
-1
-1
-1
-1
-1
528376699
174480437
107785652
-1
439688838
-1
-1
544648925
-1
191089441
-1
-1
-1
352664205
84327834
-1
199288429
1718582041
825167221
-1
857794807
933040236
209001446
424277668
456927361
1512207242
-1
-1
-1
-1
-1
-1
-1
440563527
-1
-1
267264517
-1
142148609
8652789
461575899
436330171
-1
-1
469558461
60186543
520140360
253262072
-1
393221697
311818870
-1
-1
-1
120662011
-1
-1
52232925
96218838
-1
716902525
-1
200549214
177565972
677565661
83748536
-1
107629535
782929687
346344352
-1
-1
-1
170819451
-1
-1
1404718264
-1
380469155
3939134
-1
-1
42632327
266866588
1127436347
291222374
-1
-1
28388187
-1
639808437
1137640081
292105909
472895321
-1
229735886
872570198
1509891434
1153723571
166797641
121847055
-1
-1
571732941
821401897
1358405224
525508546
672467653
-1
56691243
664314185
-1
306151984
784371467
-1
936683071
235346792
347439422
-1
-1
1554262937
-1
-1
-1
444199543
46306277
-1
455916708
335097964
436912436
-1
-1
205363387
307848327
1176230455
1028272553
-1
-1
-1
401178698
481425245
-1
727975245
105589515
36821392
1063162027
101767080
395282140
824627422
446086977
169780903
-1
607938577
-1
117706192
711168339
-1
-1
107554689
1201394951
-1
1057385389
1537689166
613636380
119845985
17507267
1098081821
211374094
189277781
216753019
689363666
106106554
-1
406744727
4919027
357398359
304294822
511486414
969600537
-1
-1
231039511
-1
859560327
-1
1139438861
-1
-1
138635981
-1
-1
-1
-1
-1
-1
330169693
518177177
20976543
150622782
-1
973755557
781868043
-1
-1
-1
-1
1194199203
1047050935
-1
-1
-1
33948415
-1
433871421
823322024
1622030331
503880093
-1
1580071085
-1
520308292
420393920
739981501
-1
191555400
-1
-1
529281624
-1
413132583
-1
9695039
637571088
525378212
1421438527
25605683
298091438
-1
659439574
394235335
519724239
1710694223
1221789739
1784284128
456457857
806046469
-1
-1
48105377
-1
388775388
288855494
933271497
-1
-1
-1
-1
1530322463
273601872
-1
394012880
1532695145
359404521
-1
-1
-1
-1
493122067
400295099
10835882
23100152
70013811
395341629
-1
-1
-1
-1
1622295243
81445301
-1
-1
-1
-1
576605739
424483968
535852433
389406279
494664927
-1
-1
201097209
485368477
-1
-1
794064074
337488427
-1
973061383
-1
269629355
843253480
646829682
-1
981283389
413298995
276978061
133633870
1081612331
-1
164796109
185693290
-1
944112340
23298725
257373527
724450790
945963337
-1
-1
509744292
700702029
1153845029
-1
241180741
114624482
481922515
-1
378404577
-1
177914888
1273556753
1010777036
-1
-1
436335147
140412959
-1
992686927
561391927
612800858
-1
-1
-1
481857966
-1
747928886
-1
139831953
-1
-1
959663362
-1
1146575908
168664515
-1
98304540
-1
1231211019
1989175389
-1
789811694
883868707
161977289
-1
-1
-1
924823561
-1
-1
-1
111742685
906048275
317910481
-1
-1
-1
-1
-1
-1
507911521
20634143
11782359
382803500
-1
984250887
28567110
434874305
6732987
-1
352483481
1465534421
-1
255109930
712936083
-1
569034337
-1
1683324075
91486921
845762467
-1
-1
-1
395308681
84291481
52782777
-1
-1
-1
248845690
-1
-1
39352873
816213667
1696184787
-1
-1
277915
-1
32283852
-1
-1
307272711
33991638
881261363
337893306
241939431
-1
255085876
1676758829
217219046
212408099
1352293136
-1
152631309
112198199
268212293
487805040
561975615
-1
451341851
-1
-1
420263551
-1
-1
49157833
27964700
484439959
-1
-1
7655664
-1
1177272823
300321107
430949563
-1
1208327961
-1
-1
980870861
35219843
171577375
428626687
-1
-1
-1
-1
17040719
24190461
-1
-1
21108043
-1
518625093
580563351
1373551745
-1
446592935
209296375
-1
368526303
937114783
863669
392843257
-1
1278804573
1658319509
-1
805161603
428880104
228666343
23507407
-1
1767782798
-1
301118114
-1
-1
874461735
-1
448561226
1228650092
-1
420059039
531985455
-1
-1
739588780
-1
316656763
324240912
537020086
16892996
-1
-1
-1
182497781
332651899
-1
113305055
-1
391842971
681206526
10954197
758903738
-1
-1
797379283
625247579
-1
11293739
381260708
1030131359
-1
-1
-1
492071083
101013991
-1
1040378785
-1
504955141
257351937
820801948
-1
386400292
283976183
-1
-1
992779602
239482438
786949337
113671474
524833439
