169996
186023
145380
159219
194364
196923
208914
199435
145804
226825
132681
207567
180180
152125
140140
233315
149275
197174
171914
207001
140090
246394
206445
128634
157849
173955
194793
177879
164410
251823
149091
235513
141816
166348
137901
221958
180958
195953
169711
189749
212407
125680
220185
157914
207328
181994
201905
245251
128324
253897
220746
219597
211286
144779
238822
148057
234904
217605
133364
230105
240982
142144
149626
179417
190755
197047
205081
204389
148713
208229
200730
134240
142625
221417
155036
161729
216499
225672
175320
207073
130250
203875
238167
122201
153649
245965
202251
144662
168550
232050
138670
231285
170182
224828
210274
194123
222579
202136
188396
189070
138052
205249
125353
170333
165801
165662
222767
168087
226319
165803
210721
129936
157207
190092
188318
181037
130461
164358
174934
131635
233796
157506
143528
243273
233505
188384
252001
139123
245004
228278
233821
118220
143330
174970
232761
178900
177897
161107
189671
229325
225194
175134
167954
241865
160558
178239
199345
212260
197166
145207
218517
240015
206059
176989
165580
222115
251247
183866
215646
160028
248038
242128
181966
132436
190703
175185
173568
220826
142627
196081
185032
200892
184935
156273
196348
200640
188524
173996
208192
238379
184951
139617
240866
193388
200917
148175
239038
190122
217692
213364
129950
240949
197362
210329
145959
200569
236960
238237
231572
223870
208690
184314
193321
220165
220942
207971
228611
221360
242137
231779
236128
149109
220426
170951
236206
183311
131904
187885
132127
144015
125720
135862
164033
133388
190524
222221
121164
134358
180324
201645
217219
187737
167970
229441
177456
160093
196936
167585
204976
219083
224860
207409
184812
144223
132150
134668
212546
188956
136720
207007
195202
133180
205321
140042
209561
175796
120654
161767
214129
168343
223919
186628
210753
210492
199485
167418
156411
239510
153402
198912
197725
251942
230663
142199
160684
235517
191987
232036
241427
190047
230606
211159
134644
164087
226506
133770
134227
129405
207977
189361
187788
194991
193316
184337
201397
132271
139163
246050
220728
123226
124150
178989
170856
227601
195759
186412
239274
199309
244309
167783
177489
173300
182973
171324
239081
146705
153311
185521
193895
160072
244878
145495
235675
241070
232280
178553
157945
145506
178175
155663
133745
254784
180076
194329
239877
132010
171117
188625
251971
188724
128145
167514
147889
202445
130552
220314
156481
261827
242462
170920
186522
218497
228589
156424
195749
169540
156672
244407
179722
228895
240073
131166
192854
161835
218102
215534
202895
162007
171846
234512
210675
232568
177600
164309
232512
121401
223781
218147
129227
168912
168643
239737
184173
154053
212698
198429
143664
160807
207832
142688
261025
249855
183474
246478
140659
237158
176377
201786
223576
245998
178779
227933
157373
178343
187142
140406
148686
253859
189305
241519
176293
237376
182164
240412
213106
229149
149269
215094
159631
219391
197518
212252
189622
183029
179112
152282
200315
144985
129151
136786
214712
131817
171984
162215
236669
125464
131047
134129
226362
148847
235586
125140
174093
185766
148841
159386
160134
183751
149196
232354
135267
248682
232807
133925
171987
158868
247211
126773
160384
124886
191656
121819
253608
177911
227820
232603
126019
227065
193259
177421
215123
200937
217958
255279
234186
176108
174699
171540
187951
224927
221719
232922
238588
221351
199565
119178
247570
214159
184402
162737
145115
232081
176328
210231
168014
157791
159321
221534
145821
150680
164035
207498
233812
157475
231331
192773
182445
202219
243054
131707
224143
154280
233987
197741
