129278
162677
261908
203458
140592
235374
187284
154960
180834
204134
177482
227520
143975
192460
237404
151689
229542
245021
247066
166947
201605
136569
159329
159178
165003
229916
215909
124648
174577
174656
142586
190871
208537
241938
217188
233045
148389
155884
167195
196100
211655
170540
189700
189406
131076
169162
228888
168113
192872
238529
150574
189646
168055
160545
214249
199100
201801
255832
238774
220872
169329
123931
248841
224146
264458
237411
244521
245915
225627
225748
216230
123732
243392
176469
222470
192157
228295
219551
215401
208335
206473
138347
163376
121789
200481
179434
158858
206428
138420
148742
245964
176822
141574
160741
208499
220448
204667
255507
211914
226927
241382
238084
202522
142947
150752
222538
208507
214853
121394
123570
236934
118860
202834
128220
145295
177974
152897
216605
193500
212379
192483
169454
136941
160671
230229
207334
143894
223300
140358
156064
243647
240071
157711
208907
232237
168517
207820
186169
146940
232028
202669
219095
165525
159812
172994
140469
238822
193438
130570
205027
135757
206930
180868
175665
134249
216806
167790
151137
204321
178674
123842
175995
214178
221215
238371
140125
208089
142056
247892
218263
124956
235392
250328
161583
198483
221930
144037
172823
168710
241930
130782
199892
128301
221691
241916
212390
175827
230722
149092
202314
186000
193807
121623
220643
238739
250674
195229
254139
241367
187001
227758
139302
157247
211977
190692
187868
151238
144538
133242
150616
213681
240166
223392
163810
141532
149664
203259
143601
133577
165433
221411
235013
192575
143579
223744
227115
161977
150744
188395
158245
205503
206230
226562
170577
193534
194476
130926
179161
214625
184139
225925
165168
205600
123215
130228
236248
239356
224771
197124
144817
184453
151567
235947
261979
124241
143605
215856
244813
175341
204096
127984
199637
170375
197005
188053
169496
204853
233647
166047
195398
247927
116565
173147
214799
137660
159762
212545
166082
223422
188289
203279
136210
189801
161717
145236
142776
177371
143024
183520
208320
222039
239386
203103
161741
225342
141871
243081
193622
209524
132734
140214
167841
225013
190474
214703
136509
190800
134251
173908
182754
161458
209410
224826
192994
147601
238379
188071
156641
235563
172026
235267
158313
240016
200528
232168
192460
268548
214947
178129
155930
181927
236575
227702
202649
161655
157623
155162
251352
194932
200075
166384
255607
182268
146662
166828
257595
243204
222677
175431
250544
146829
204067
187833
201126
175148
153968
136342
196718
223064
232639
204495
199032
199949
216329
196582
203394
227173
139256
186840
127276
126808
187054
187795
230351
198420
150312
176748
132476
135337
233162
158550
126606
227311
145103
212247
175817
242297
207061
190927
223656
186029
178354
139006
193988
162518
150586
244797
245769
176647
250706
137713
221341
189330
164494
167295
195672
149065
194849
228889
234022
137371
160601
183139
207941
127434
216380
141583
192579
240654
204393
155318
149876
224299
185230
243482
173401
173751
196654
196754
225569
219804
233575
202184
150757
134971
240648
121180
150919
144588
249157
225453
140481
192237
182126
148118
133001
153013
200604
189301
225065
239497
168721
220030
206978
229602
181953
197902
145893
190678
185910
187410
170800
238220
234190
215287
217180
228569
154617
150889
159938
123508
147856
155407
190541
247510
244115
196349
151709
129992
137382
259112
191373
157091
208994
181977
133792
116880
173037
129804
218704
207648
223478
212605
218277
136226
140557
160719
141847
244393
179025
198764
241306
142838
201234
165971
213578
242017
246555
189940
194336
187755
168961
221077
205974
203651
175201
223827
122178
162548
179525
211342
203172
229813
230160
204851
191125
246558
129941
238538
120046
207528
174937
205771
221744
255154
140775
223589
167149
172494
249840
213247
164414
195835
168366
222135
211335
217942
165138
173974
226949
168057
224698
202811
153315
203385
152153
169425
189994
250678
173734
149070
154508
148758
242179
134285
239396
238552
245846
209427
228644
151995
244578
122210
145390
134252
260134
186872
178988
159774
127710
152870
238390
230154
240948
237165
162873
244557
208401
177095
241138
169577
206979
124652
237162
185983
150127
197430
172752
155547
237597
176329
242798
239094
192778
151192
139139
163017
180687
191422
239429
223942
180651
198735
180668
179737
185888
203290
202360
128331
230239
166222
167514
191084
178616
131111
171015
156188
236189
242108
119131
247456
167856
150926
204874
179287
179550
125035
199033
149940
161107
216524
132634
220497
147752
121841
185949
223705
230664
173075
239381
213619
233024
209991
197086
206965
169837
150479
163219
211924
202825
145972
227691
149413
150788
255596
223378
234088
150717
140553
197761
166415
188642
135234
236755
224213
191411
200130
242283
217374
140570
166256
164173
222027
217217
192294
188082
183213
