186897
202117
127625
177259
118290
141483
192407
182813
211918
148706
221209
145606
183889
159711
147925
171525
211453
216674
223337
171111
176331
210077
136027
211758
142213
200135
182907
157146
232421
203312
163053
126993
201200
199589
182907
167608
200082
131446
126507
156671
196533
175111
145629
162150
167970
230666
147997
183119
140459
143263
204140
173897
201177
194930
155123
222725
150482
205618
165723
132278
221650
181323
197305
199313
231029
194314
139252
174667
242746
192351
230682
129049
206763
197302
175664
234329
144192
151025
219403
241237
152756
205371
131160
152887
159750
141454
163632
216114
225215
165951
164092
207800
139230
131161
163288
167317
234517
129698
175897
182099
236797
214381
174145
183532
182980
243560
193044
235902
166486
127888
223039
134940
135627
129538
194669
174696
248891
169860
232535
215288
119363
131195
220072
169847
145419
139781
244878
241552
146469
127605
255371
121822
184356
243881
199141
149354
159392
152341
222766
177097
169919
190708
142405
114174
244323
192392
226681
129622
147880
221338
252390
232074
144995
241071
255042
182318
220681
166418
250465
169365
159318
150508
246151
175397
155682
211758
193109
230573
186150
134140
192610
234021
194500
154358
186118
182039
197171
176945
137657
154936
158334
204780
235076
180315
162072
194444
215854
208329
198755
194260
237254
252707
156281
191129
234576
222398
199473
153842
178291
184364
232739
210906
140322
181283
152881
231837
127254
222549
125004
198255
214246
204509
129705
167751
151807
154365
191900
201795
236613
130387
208614
190465
216762
233330
142861
204097
190980
127594
169461
195504
192209
247740
249753
171082
237795
198330
181191
209402
229530
267542
230086
196844
235989
126265
180745
164684
253210
206926
174579
131308
175145
245105
165303
178128
150271
245587
167807
233442
136243
206847
141427
119219
221742
145687
139229
191073
198283
171061
190302
208392
183731
194323
149865
149101
166544
146831
127981
149407
176454
162342
240849
223890
199368
117236
121358
135376
199225
131306
170084
225691
202097
151697
211674
247907
173262
186435
163204
147822
185312
213423
236763
133299
144957
235381
228418
173493
165797
198229
133829
130522
258599
175228
133616
183147
151994
218451
224579
151934
210094
224885
233462
220541
239726
225899
188060
238245
157876
164006
132198
144021
219780
220372
130831
251530
219565
201092
169987
252723
199034
211496
224771
248966
134792
161385
130068
242419
160649
201920
125273
225131
239823
215773
232932
136550
192142
231637
207219
224953
179394
219082
223024
131898
187600
233718
132591
154813
208694
137180
222238
234216
213551
174001
193248
141671
237658
219426
128260
191404
178814
140146
135936
160974
182633
220076
180690
196260
153157
241731
140489
229287
220127
209957
180712
237074
226309
224623
160869
208815
166501
237323
246566
150979
143363
160914
219352
181545
175314
203083
261800
229474
140949
193690
232981
182359
250627
151709
167072
154281
139094
213237
215113
218902
132763
181211
181563
141065
138418
180864
155117
201839
154996
206933
168529
214324
155770
192819
171658
193090
141246
169433
176168
180829
208622
232725
233146
228116
199832
182209
130843
248239
152073
177462
223179
210664
218560
145368
245229
135205
211149
139265
177910
223428
247763
201457
242877
195039
192482
242474
231341
155752
185013
197258
146786
222207
154481
158166
173273
173850
