162486
141610
179210
169645
155561
217000
224289
227411
147829
207583
222469
195458
196218
225661
124236
173712
227827
202020
204540
170290
233940
234525
146381
243463
234289
195752
130866
246465
193921
138876
153242
183540
247211
256312
145167
127514
171443
149892
227646
162686
227591
146941
220472
221125
177343
117531
207233
131795
235560
176630
166006
230004
214339
234697
129586
207008
132205
180856
126703
259257
185857
182412
165531
191192
203252
128090
231732
140561
141186
199540
129334
210369
146744
154918
243720
223955
213583
240223
140147
215645
248844
146673
208614
160508
211305
169650
196060
164961
140428
220907
221822
198030
242054
159048
156711
155701
188233
182258
212755
182293
160724
139722
140436
165918
174205
148415
164875
145581
158616
144356
257752
157469
147943
241439
214175
234321
148312
128959
243157
196864
207576
178903
242488
231191
173190
129413
173664
148456
225299
217079
132033
180031
261294
203595
114559
209005
252947
237655
173414
172044
211879
190657
216627
183266
174397
174620
178090
121598
174394
218549
163806
173194
245953
234905
178464
144976
132576
168916
119908
174505
212980
220131
188891
165240
224185
197173
266470
227743
186292
165389
213437
189061
205301
228329
128200
168402
211543
139313
245919
163682
155738
148225
252426
181178
190191
162156
179406
243780
132992
164237
211124
202216
224612
212034
147525
186659
176776
161088
157583
214303
220647
188576
221548
204290
192148
176916
143119
161938
199165
225295
206719
226719
170793
166964
216947
215314
187201
130972
210993
199741
156712
233247
157152
199619
212656
232939
162848
215195
232576
181503
154369
189139
129787
192862
232654
232909
233419
226334
220459
193824
147927
230216
224074
210827
199846
253057
243795
180987
256090
237829
205776
195610
176123
219455
185925
198218
214406
236486
209324
192221
123311
242635
193968
215969
221493
241825
150415
223291
233223
161342
172970
177408
157117
159654
149669
142296
150259
150789
223774
149678
219884
216126
177305
132130
121987
131882
126197
186197
123626
136526
132757
249178
171485
205654
184951
129940
190145
231896
200929
199791
205435
188725
149614
193349
223913
231209
209642
257105
136982
131545
137916
180317
150764
196637
255121
199956
182706
139031
128945
153528
176580
167301
178002
167995
146848
142001
220560
186478
169949
207069
234186
142339
151586
246723
174379
141661
144230
239390
265570
136853
150105
148633
119981
140936
246343
220131
202475
149794
227344
136523
236168
142842
233967
153657
163699
130142
207434
211440
139400
192804
234590
138083
174183
181826
160595
208098
197844
163086
181033
223004
152891
121095
232615
162298
203563
157918
137472
155910
219650
260467
240392
127096
124429
137903
155928
189126
217488
222653
249441
228314
132352
135156
198116
129094
142972
199314
237873
190875
206889
145650
214438
231326
226301
151492
165052
222513
208682
213263
198408
147524
212197
172096
228043
198395
117826
188226
186683
251033
201864
140383
203614
196681
226196
233940
144457
187447
134679
129979
238086
183150
126924
163553
203321
201747
231131
212355
233245
154053
207542
210296
183255
174131
229845
130916
224189
204323
192916
167481
234679
191601
130210
171733
203600
216360
233768
201670
239849
136836
141457
199403
198477
159649
246408
160941
196448
207608
169680
234982
231074
133986
223939
224105
214207
146549
133243
199535
134861
127035
230421
176106
237760
222695
151097
184187
194434
141841
187717
229458
147596
142582
214610
232481
151184
241388
187728
129902
215714
148756
141317
232492
183772
129268
118912
169969
198152
247846
206567
146971
159989
192537
235339
210975
175401
212988
194824
172492
158752
136978
239714
264421
123768
206479
227927
184137
186014
143861
181042
227072
225850
247879
189472
151735
245364
163496
246654
117054
143486
236190
165296
236324
212300
163527
185159
182500
191167
255562
130114
178582
189644
140358
226571
232483
128955
235193
205439
176401
206817
161966
128143
140107
191218
192017
116063
204198
152878
118217
122179
241247
173946
184887
221696
183809
224201
184485
242435
228848
160822
226298
162410
159825
192502
140695
128327
193833
177131
161673
180368
143922
237925
183277
166845
248973
150245
229423
144540
248327
179903
207757
196664
149187
133858
247017
189450
256819
137253
117894
147599
138368
215670
261882
145500
224087
190912
162255
211864
192116
131128
225440
193489
175825
131982
146532
128720
214171
184548
253907
147809
254836
238606
246758
199040
165749
183984
180173
163702
234093
187474
247859
229740
162363
236016
167638
227336
237350
149904
173451
199472
252840
178881
121945
192304
178753
247476
215184
180502
196852
243919
238033
232571
175518
219208
193032
178528
182220
249156
181466
174353
236173
192122
155107
190814
252781
138135
200096
254608
198444
218724
200381
190281
125295
202370
234463
224642
171995
182845
202472
172777
166907
241241
222523
202491
205351
217061
236834
234822
191842
168766
160306
211524
227238
199564
248680
240171
202082
241418
241221
129869
249038
152933
157426
185857
209236
213577
150711
166825
168569
221852
256028
150299
186215
141306
145938
125475
151665
239479
142402
197176
243634
220217
230475
184189
151855
