172414
200769
257488
141334
226130
216429
192858
173009
193376
227496
142735
184547
148448
205068
243601
238977
177923
157238
134755
221514
181901
149878
170567
156008
152531
244461
131567
135314
136945
145895
208791
179017
190035
209321
133776
228981
115096
131044
222223
246227
125674
187856
149047
246479
220813
237723
154028
244874
227916
155063
257618
131179
187198
235709
234355
155577
225774
181561
135138
196058
242061
178758
164783
199709
163669
163071
143910
187311
136472
150453
174160
269008
255380
138535
142152
125148
167981
151670
232575
207448
230198
207725
238839
120456
203713
158668
191148
199757
230443
164265
135373
198847
144971
164037
198890
233122
116178
169923
119005
241327
119247
183364
135560
225511
140651
191881
248198
181706
202602
135554
242670
210040
191458
203245
156792
164407
229643
135825
198680
170052
215392
229100
228827
170062
206811
242681
212316
176588
238342
142337
189230
189718
221648
177426
155417
140019
171673
203005
202564
168011
219129
225518
152860
139226
183630
217864
236795
230856
200612
135708
245936
230564
242067
239376
140147
175992
153963
175990
206942
141207
246516
193751
220409
222043
160640
190300
169642
169090
176068
167274
211541
110161
220477
218246
151815
139442
212615
244935
150925
132502
159794
180511
213746
167280
174141
165950
154791
157586
122551
231757
178735
219365
245358
222297
217650
239861
241635
215539
178057
230085
174261
174903
224503
240339
201971
233806
150993
166726
209899
198359
185119
238865
216821
232249
152067
187005
204228
245188
233484
162019
191714
169937
179852
129858
190657
177771
229299
162278
149649
194583
236510
170224
184603
246431
171813
199458
207155
224885
176833
149337
197779
162224
211333
179921
175544
150042
223793
155626
159494
178158
133668
229273
137849
167910
215036
258614
224964
132035
192960
213693
224012
178184
205038
134584
142093
206611
231104
157339
216907
197729
237921
215589
241897
175636
219393
128378
143325
249554
149881
249164
232461
154070
230037
137024
198581
136451
121948
206191
162757
203004
155825
222180
175049
189103
