1 :from a-->b
2 :from a-->c
3 :from b-->c
4 :from a-->b
5 :from c-->a
6 :from c-->b
7 :from a-->b
8 :from a-->c
9 :from b-->c
10 :from b-->a
11 :from c-->a
12 :from b-->c
13 :from a-->b
14 :from a-->c
15 :from b-->c
16 :from a-->b
17 :from c-->a
18 :from c-->b
19 :from a-->b
20 :from c-->a
21 :from b-->c
22 :from b-->a
23 :from c-->a
24 :from c-->b
25 :from a-->b
26 :from a-->c
27 :from b-->c
28 :from a-->b
29 :from c-->a
30 :from c-->b
31 :from a-->b
32 :from a-->c
33 :from b-->c
34 :from b-->a
35 :from c-->a
36 :from b-->c
37 :from a-->b
38 :from a-->c
39 :from b-->c
40 :from b-->a
41 :from c-->a
42 :from c-->b
43 :from a-->b
44 :from c-->a
45 :from b-->c
46 :from b-->a
47 :from c-->a
48 :from b-->c
49 :from a-->b
50 :from a-->c
51 :from b-->c
52 :from a-->b
53 :from c-->a
54 :from c-->b
55 :from a-->b
56 :from a-->c
57 :from b-->c
58 :from b-->a
59 :from c-->a
60 :from b-->c
61 :from a-->b
62 :from a-->c
63 :from b-->c
64 :from a-->b
65 :from c-->a
66 :from c-->b
67 :from a-->b
68 :from c-->a
69 :from b-->c
70 :from b-->a
71 :from c-->a
72 :from c-->b
73 :from a-->b
74 :from a-->c
75 :from b-->c
76 :from a-->b
77 :from c-->a
78 :from c-->b
79 :from a-->b
80 :from c-->a
81 :from b-->c
82 :from b-->a
83 :from c-->a
84 :from b-->c
85 :from a-->b
86 :from a-->c
87 :from b-->c
88 :from b-->a
89 :from c-->a
90 :from c-->b
91 :from a-->b
92 :from c-->a
93 :from b-->c
94 :from b-->a
95 :from c-->a
96 :from c-->b
97 :from a-->b
98 :from a-->c
99 :from b-->c
100 :from a-->b
101 :from c-->a
102 :from c-->b
103 :from a-->b
104 :from a-->c
105 :from b-->c
106 :from b-->a
107 :from c-->a
108 :from b-->c
109 :from a-->b
110 :from a-->c
111 :from b-->c
112 :from a-->b
113 :from c-->a
114 :from c-->b
115 :from a-->b
116 :from c-->a
117 :from b-->c
118 :from b-->a
119 :from c-->a
120 :from c-->b
121 :from a-->b
122 :from a-->c
123 :from b-->c
124 :from a-->b
125 :from c-->a
126 :from c-->b
127 :from a-->b
128 :from a-->c
129 :from b-->c
130 :from b-->a
131 :from c-->a
132 :from b-->c
133 :from a-->b
134 :from a-->c
135 :from b-->c
136 :from b-->a
137 :from c-->a
138 :from c-->b
139 :from a-->b
140 :from c-->a
141 :from b-->c
142 :from b-->a
143 :from c-->a
144 :from b-->c
145 :from a-->b
146 :from a-->c
147 :from b-->c
148 :from a-->b
149 :from c-->a
150 :from c-->b
151 :from a-->b
152 :from a-->c
153 :from b-->c
154 :from b-->a
155 :from c-->a
156 :from b-->c
157 :from a-->b
158 :from a-->c
159 :from b-->c
160 :from b-->a
161 :from c-->a
162 :from c-->b
163 :from a-->b
164 :from c-->a
165 :from b-->c
166 :from b-->a
167 :from c-->a
168 :from c-->b
169 :from a-->b
170 :from a-->c
171 :from b-->c
172 :from a-->b
173 :from c-->a
174 :from c-->b
175 :from a-->b
176 :from c-->a
177 :from b-->c
178 :from b-->a
179 :from c-->a
180 :from b-->c
181 :from a-->b
182 :from a-->c
183 :from b-->c
184 :from b-->a
185 :from c-->a
186 :from c-->b
187 :from a-->b
188 :from c-->a
189 :from b-->c
190 :from b-->a
191 :from c-->a
192 :from b-->c
193 :from a-->b
194 :from a-->c
195 :from b-->c
196 :from a-->b
197 :from c-->a
198 :from c-->b
199 :from a-->b
200 :from a-->c
201 :from b-->c
202 :from b-->a
203 :from c-->a
204 :from b-->c
205 :from a-->b
206 :from a-->c
207 :from b-->c
208 :from a-->b
209 :from c-->a
210 :from c-->b
211 :from a-->b
212 :from c-->a
213 :from b-->c
214 :from b-->a
215 :from c-->a
216 :from c-->b
217 :from a-->b
218 :from a-->c
219 :from b-->c
220 :from a-->b
221 :from c-->a
222 :from c-->b
223 :from a-->b
224 :from a-->c
225 :from b-->c
226 :from b-->a
227 :from c-->a
228 :from b-->c
229 :from a-->b
230 :from a-->c
231 :from b-->c
232 :from b-->a
233 :from c-->a
234 :from c-->b
235 :from a-->b
236 :from c-->a
237 :from b-->c
238 :from b-->a
239 :from c-->a
240 :from b-->c
241 :from a-->b
242 :from a-->c
243 :from b-->c
244 :from a-->b
245 :from c-->a
246 :from c-->b
247 :from a-->b
248 :from a-->c
249 :from b-->c
250 :from b-->a
251 :from c-->a
252 :from b-->c
253 :from a-->b
254 :from a-->c
255 :from b-->c
