1 :from a-->c
2 :from a-->b
3 :from c-->b
4 :from a-->c
5 :from b-->a
6 :from b-->c
7 :from a-->c
8 :from a-->b
9 :from c-->b
10 :from c-->a
11 :from b-->a
12 :from c-->b
13 :from a-->c
14 :from a-->b
15 :from c-->b
16 :from a-->c
17 :from b-->a
18 :from b-->c
19 :from a-->c
20 :from b-->a
21 :from c-->b
22 :from c-->a
23 :from b-->a
24 :from b-->c
25 :from a-->c
26 :from a-->b
27 :from c-->b
28 :from a-->c
29 :from b-->a
30 :from b-->c
31 :from a-->c
32 :from a-->b
33 :from c-->b
34 :from c-->a
35 :from b-->a
36 :from c-->b
37 :from a-->c
38 :from a-->b
39 :from c-->b
40 :from c-->a
41 :from b-->a
42 :from b-->c
43 :from a-->c
44 :from b-->a
45 :from c-->b
46 :from c-->a
47 :from b-->a
48 :from c-->b
49 :from a-->c
50 :from a-->b
51 :from c-->b
52 :from a-->c
53 :from b-->a
54 :from b-->c
55 :from a-->c
56 :from a-->b
57 :from c-->b
58 :from c-->a
59 :from b-->a
60 :from c-->b
61 :from a-->c
62 :from a-->b
63 :from c-->b
64 :from a-->c
65 :from b-->a
66 :from b-->c
67 :from a-->c
68 :from b-->a
69 :from c-->b
70 :from c-->a
71 :from b-->a
72 :from b-->c
73 :from a-->c
74 :from a-->b
75 :from c-->b
76 :from a-->c
77 :from b-->a
78 :from b-->c
79 :from a-->c
80 :from b-->a
81 :from c-->b
82 :from c-->a
83 :from b-->a
84 :from c-->b
85 :from a-->c
86 :from a-->b
87 :from c-->b
88 :from c-->a
89 :from b-->a
90 :from b-->c
91 :from a-->c
92 :from b-->a
93 :from c-->b
94 :from c-->a
95 :from b-->a
96 :from b-->c
97 :from a-->c
98 :from a-->b
99 :from c-->b
100 :from a-->c
101 :from b-->a
102 :from b-->c
103 :from a-->c
104 :from a-->b
105 :from c-->b
106 :from c-->a
107 :from b-->a
108 :from c-->b
109 :from a-->c
110 :from a-->b
111 :from c-->b
112 :from a-->c
113 :from b-->a
114 :from b-->c
115 :from a-->c
116 :from b-->a
117 :from c-->b
118 :from c-->a
119 :from b-->a
120 :from b-->c
121 :from a-->c
122 :from a-->b
123 :from c-->b
124 :from a-->c
125 :from b-->a
126 :from b-->c
127 :from a-->c
128 :from a-->b
129 :from c-->b
130 :from c-->a
131 :from b-->a
132 :from c-->b
133 :from a-->c
134 :from a-->b
135 :from c-->b
136 :from c-->a
137 :from b-->a
138 :from b-->c
139 :from a-->c
140 :from b-->a
141 :from c-->b
142 :from c-->a
143 :from b-->a
144 :from c-->b
145 :from a-->c
146 :from a-->b
147 :from c-->b
148 :from a-->c
149 :from b-->a
150 :from b-->c
151 :from a-->c
152 :from a-->b
153 :from c-->b
154 :from c-->a
155 :from b-->a
156 :from c-->b
157 :from a-->c
158 :from a-->b
159 :from c-->b
160 :from c-->a
161 :from b-->a
162 :from b-->c
163 :from a-->c
164 :from b-->a
165 :from c-->b
166 :from c-->a
167 :from b-->a
168 :from b-->c
169 :from a-->c
170 :from a-->b
171 :from c-->b
172 :from a-->c
173 :from b-->a
174 :from b-->c
175 :from a-->c
176 :from b-->a
177 :from c-->b
178 :from c-->a
179 :from b-->a
180 :from c-->b
181 :from a-->c
182 :from a-->b
183 :from c-->b
184 :from c-->a
185 :from b-->a
186 :from b-->c
187 :from a-->c
188 :from b-->a
189 :from c-->b
190 :from c-->a
191 :from b-->a
192 :from c-->b
193 :from a-->c
194 :from a-->b
195 :from c-->b
196 :from a-->c
197 :from b-->a
198 :from b-->c
199 :from a-->c
200 :from a-->b
201 :from c-->b
202 :from c-->a
203 :from b-->a
204 :from c-->b
205 :from a-->c
206 :from a-->b
207 :from c-->b
208 :from a-->c
209 :from b-->a
210 :from b-->c
211 :from a-->c
212 :from b-->a
213 :from c-->b
214 :from c-->a
215 :from b-->a
216 :from b-->c
217 :from a-->c
218 :from a-->b
219 :from c-->b
220 :from a-->c
221 :from b-->a
222 :from b-->c
223 :from a-->c
224 :from a-->b
225 :from c-->b
226 :from c-->a
227 :from b-->a
228 :from c-->b
229 :from a-->c
230 :from a-->b
231 :from c-->b
232 :from c-->a
233 :from b-->a
234 :from b-->c
235 :from a-->c
236 :from b-->a
237 :from c-->b
238 :from c-->a
239 :from b-->a
240 :from c-->b
241 :from a-->c
242 :from a-->b
243 :from c-->b
244 :from a-->c
245 :from b-->a
246 :from b-->c
247 :from a-->c
248 :from a-->b
249 :from c-->b
250 :from c-->a
251 :from b-->a
252 :from c-->b
253 :from a-->c
254 :from a-->b
255 :from c-->b
256 :from a-->c
257 :from b-->a
258 :from b-->c
259 :from a-->c
260 :from b-->a
261 :from c-->b
262 :from c-->a
263 :from b-->a
264 :from b-->c
265 :from a-->c
266 :from a-->b
267 :from c-->b
268 :from a-->c
269 :from b-->a
270 :from b-->c
271 :from a-->c
272 :from b-->a
273 :from c-->b
274 :from c-->a
275 :from b-->a
276 :from c-->b
277 :from a-->c
278 :from a-->b
279 :from c-->b
280 :from c-->a
281 :from b-->a
282 :from b-->c
283 :from a-->c
284 :from b-->a
285 :from c-->b
286 :from c-->a
287 :from b-->a
288 :from b-->c
289 :from a-->c
290 :from a-->b
291 :from c-->b
292 :from a-->c
293 :from b-->a
294 :from b-->c
295 :from a-->c
296 :from a-->b
297 :from c-->b
298 :from c-->a
299 :from b-->a
300 :from c-->b
301 :from a-->c
302 :from a-->b
303 :from c-->b
304 :from a-->c
305 :from b-->a
306 :from b-->c
307 :from a-->c
308 :from b-->a
309 :from c-->b
310 :from c-->a
311 :from b-->a
312 :from b-->c
313 :from a-->c
314 :from a-->b
315 :from c-->b
316 :from a-->c
317 :from b-->a
318 :from b-->c
319 :from a-->c
320 :from b-->a
321 :from c-->b
322 :from c-->a
323 :from b-->a
324 :from c-->b
325 :from a-->c
326 :from a-->b
327 :from c-->b
328 :from c-->a
329 :from b-->a
330 :from b-->c
331 :from a-->c
332 :from b-->a
333 :from c-->b
334 :from c-->a
335 :from b-->a
336 :from c-->b
337 :from a-->c
338 :from a-->b
339 :from c-->b
340 :from a-->c
341 :from b-->a
342 :from b-->c
343 :from a-->c
344 :from a-->b
345 :from c-->b
346 :from c-->a
347 :from b-->a
348 :from c-->b
349 :from a-->c
350 :from a-->b
351 :from c-->b
352 :from c-->a
353 :from b-->a
354 :from b-->c
355 :from a-->c
356 :from b-->a
357 :from c-->b
358 :from c-->a
359 :from b-->a
360 :from b-->c
361 :from a-->c
362 :from a-->b
363 :from c-->b
364 :from a-->c
365 :from b-->a
366 :from b-->c
367 :from a-->c
368 :from b-->a
369 :from c-->b
370 :from c-->a
371 :from b-->a
372 :from c-->b
373 :from a-->c
374 :from a-->b
375 :from c-->b
376 :from c-->a
377 :from b-->a
378 :from b-->c
379 :from a-->c
380 :from b-->a
381 :from c-->b
382 :from c-->a
383 :from b-->a
384 :from b-->c
385 :from a-->c
386 :from a-->b
387 :from c-->b
388 :from a-->c
389 :from b-->a
390 :from b-->c
391 :from a-->c
392 :from a-->b
393 :from c-->b
394 :from c-->a
395 :from b-->a
396 :from c-->b
397 :from a-->c
398 :from a-->b
399 :from c-->b
400 :from a-->c
401 :from b-->a
402 :from b-->c
403 :from a-->c
404 :from b-->a
405 :from c-->b
406 :from c-->a
407 :from b-->a
408 :from b-->c
409 :from a-->c
410 :from a-->b
411 :from c-->b
412 :from a-->c
413 :from b-->a
414 :from b-->c
415 :from a-->c
416 :from a-->b
417 :from c-->b
418 :from c-->a
419 :from b-->a
420 :from c-->b
421 :from a-->c
422 :from a-->b
423 :from c-->b
424 :from c-->a
425 :from b-->a
426 :from b-->c
427 :from a-->c
428 :from b-->a
429 :from c-->b
430 :from c-->a
431 :from b-->a
432 :from c-->b
433 :from a-->c
434 :from a-->b
435 :from c-->b
436 :from a-->c
437 :from b-->a
438 :from b-->c
439 :from a-->c
440 :from a-->b
441 :from c-->b
442 :from c-->a
443 :from b-->a
444 :from c-->b
445 :from a-->c
446 :from a-->b
447 :from c-->b
448 :from a-->c
449 :from b-->a
450 :from b-->c
451 :from a-->c
452 :from b-->a
453 :from c-->b
454 :from c-->a
455 :from b-->a
456 :from b-->c
457 :from a-->c
458 :from a-->b
459 :from c-->b
460 :from a-->c
461 :from b-->a
462 :from b-->c
463 :from a-->c
464 :from b-->a
465 :from c-->b
466 :from c-->a
467 :from b-->a
468 :from c-->b
469 :from a-->c
470 :from a-->b
471 :from c-->b
472 :from c-->a
473 :from b-->a
474 :from b-->c
475 :from a-->c
476 :from b-->a
477 :from c-->b
478 :from c-->a
479 :from b-->a
480 :from b-->c
481 :from a-->c
482 :from a-->b
483 :from c-->b
484 :from a-->c
485 :from b-->a
486 :from b-->c
487 :from a-->c
488 :from a-->b
489 :from c-->b
490 :from c-->a
491 :from b-->a
492 :from c-->b
493 :from a-->c
494 :from a-->b
495 :from c-->b
496 :from a-->c
497 :from b-->a
498 :from b-->c
499 :from a-->c
500 :from b-->a
501 :from c-->b
502 :from c-->a
503 :from b-->a
504 :from b-->c
505 :from a-->c
506 :from a-->b
507 :from c-->b
508 :from a-->c
509 :from b-->a
510 :from b-->c
511 :from a-->c
