1 :from a-->b
2 :from a-->c
3 :from b-->c
4 :from a-->b
5 :from c-->a
6 :from c-->b
7 :from a-->b
8 :from a-->c
9 :from b-->c
10 :from b-->a
11 :from c-->a
12 :from b-->c
13 :from a-->b
14 :from a-->c
15 :from b-->c
16 :from a-->b
17 :from c-->a
18 :from c-->b
19 :from a-->b
20 :from c-->a
21 :from b-->c
22 :from b-->a
23 :from c-->a
24 :from c-->b
25 :from a-->b
26 :from a-->c
27 :from b-->c
28 :from a-->b
29 :from c-->a
30 :from c-->b
31 :from a-->b
32 :from a-->c
33 :from b-->c
34 :from b-->a
35 :from c-->a
36 :from b-->c
37 :from a-->b
38 :from a-->c
39 :from b-->c
40 :from b-->a
41 :from c-->a
42 :from c-->b
43 :from a-->b
44 :from c-->a
45 :from b-->c
46 :from b-->a
47 :from c-->a
48 :from b-->c
49 :from a-->b
50 :from a-->c
51 :from b-->c
52 :from a-->b
53 :from c-->a
54 :from c-->b
55 :from a-->b
56 :from a-->c
57 :from b-->c
58 :from b-->a
59 :from c-->a
60 :from b-->c
61 :from a-->b
62 :from a-->c
63 :from b-->c
64 :from a-->b
65 :from c-->a
66 :from c-->b
67 :from a-->b
68 :from c-->a
69 :from b-->c
70 :from b-->a
71 :from c-->a
72 :from c-->b
73 :from a-->b
74 :from a-->c
75 :from b-->c
76 :from a-->b
77 :from c-->a
78 :from c-->b
79 :from a-->b
80 :from c-->a
81 :from b-->c
82 :from b-->a
83 :from c-->a
84 :from b-->c
85 :from a-->b
86 :from a-->c
87 :from b-->c
88 :from b-->a
89 :from c-->a
90 :from c-->b
91 :from a-->b
92 :from c-->a
93 :from b-->c
94 :from b-->a
95 :from c-->a
96 :from c-->b
97 :from a-->b
98 :from a-->c
99 :from b-->c
100 :from a-->b
101 :from c-->a
102 :from c-->b
103 :from a-->b
104 :from a-->c
105 :from b-->c
106 :from b-->a
107 :from c-->a
108 :from b-->c
109 :from a-->b
110 :from a-->c
111 :from b-->c
112 :from a-->b
113 :from c-->a
114 :from c-->b
115 :from a-->b
116 :from c-->a
117 :from b-->c
118 :from b-->a
119 :from c-->a
120 :from c-->b
121 :from a-->b
122 :from a-->c
123 :from b-->c
124 :from a-->b
125 :from c-->a
126 :from c-->b
127 :from a-->b
128 :from a-->c
129 :from b-->c
130 :from b-->a
131 :from c-->a
132 :from b-->c
133 :from a-->b
134 :from a-->c
135 :from b-->c
136 :from b-->a
137 :from c-->a
138 :from c-->b
139 :from a-->b
140 :from c-->a
141 :from b-->c
142 :from b-->a
143 :from c-->a
144 :from b-->c
145 :from a-->b
146 :from a-->c
147 :from b-->c
148 :from a-->b
149 :from c-->a
150 :from c-->b
151 :from a-->b
152 :from a-->c
153 :from b-->c
154 :from b-->a
155 :from c-->a
156 :from b-->c
157 :from a-->b
158 :from a-->c
159 :from b-->c
160 :from b-->a
161 :from c-->a
162 :from c-->b
163 :from a-->b
164 :from c-->a
165 :from b-->c
166 :from b-->a
167 :from c-->a
168 :from c-->b
169 :from a-->b
170 :from a-->c
171 :from b-->c
172 :from a-->b
173 :from c-->a
174 :from c-->b
175 :from a-->b
176 :from c-->a
177 :from b-->c
178 :from b-->a
179 :from c-->a
180 :from b-->c
181 :from a-->b
182 :from a-->c
183 :from b-->c
184 :from b-->a
185 :from c-->a
186 :from c-->b
187 :from a-->b
188 :from c-->a
189 :from b-->c
190 :from b-->a
191 :from c-->a
192 :from b-->c
193 :from a-->b
194 :from a-->c
195 :from b-->c
196 :from a-->b
197 :from c-->a
198 :from c-->b
199 :from a-->b
200 :from a-->c
201 :from b-->c
202 :from b-->a
203 :from c-->a
204 :from b-->c
205 :from a-->b
206 :from a-->c
207 :from b-->c
208 :from a-->b
209 :from c-->a
210 :from c-->b
211 :from a-->b
212 :from c-->a
213 :from b-->c
214 :from b-->a
215 :from c-->a
216 :from c-->b
217 :from a-->b
218 :from a-->c
219 :from b-->c
220 :from a-->b
221 :from c-->a
222 :from c-->b
223 :from a-->b
224 :from a-->c
225 :from b-->c
226 :from b-->a
227 :from c-->a
228 :from b-->c
229 :from a-->b
230 :from a-->c
231 :from b-->c
232 :from b-->a
233 :from c-->a
234 :from c-->b
235 :from a-->b
236 :from c-->a
237 :from b-->c
238 :from b-->a
239 :from c-->a
240 :from b-->c
241 :from a-->b
242 :from a-->c
243 :from b-->c
244 :from a-->b
245 :from c-->a
246 :from c-->b
247 :from a-->b
248 :from a-->c
249 :from b-->c
250 :from b-->a
251 :from c-->a
252 :from b-->c
253 :from a-->b
254 :from a-->c
255 :from b-->c
256 :from a-->b
257 :from c-->a
258 :from c-->b
259 :from a-->b
260 :from c-->a
261 :from b-->c
262 :from b-->a
263 :from c-->a
264 :from c-->b
265 :from a-->b
266 :from a-->c
267 :from b-->c
268 :from a-->b
269 :from c-->a
270 :from c-->b
271 :from a-->b
272 :from c-->a
273 :from b-->c
274 :from b-->a
275 :from c-->a
276 :from b-->c
277 :from a-->b
278 :from a-->c
279 :from b-->c
280 :from b-->a
281 :from c-->a
282 :from c-->b
283 :from a-->b
284 :from c-->a
285 :from b-->c
286 :from b-->a
287 :from c-->a
288 :from c-->b
289 :from a-->b
290 :from a-->c
291 :from b-->c
292 :from a-->b
293 :from c-->a
294 :from c-->b
295 :from a-->b
296 :from a-->c
297 :from b-->c
298 :from b-->a
299 :from c-->a
300 :from b-->c
301 :from a-->b
302 :from a-->c
303 :from b-->c
304 :from a-->b
305 :from c-->a
306 :from c-->b
307 :from a-->b
308 :from c-->a
309 :from b-->c
310 :from b-->a
311 :from c-->a
312 :from c-->b
313 :from a-->b
314 :from a-->c
315 :from b-->c
316 :from a-->b
317 :from c-->a
318 :from c-->b
319 :from a-->b
320 :from c-->a
321 :from b-->c
322 :from b-->a
323 :from c-->a
324 :from b-->c
325 :from a-->b
326 :from a-->c
327 :from b-->c
328 :from b-->a
329 :from c-->a
330 :from c-->b
331 :from a-->b
332 :from c-->a
333 :from b-->c
334 :from b-->a
335 :from c-->a
336 :from b-->c
337 :from a-->b
338 :from a-->c
339 :from b-->c
340 :from a-->b
341 :from c-->a
342 :from c-->b
343 :from a-->b
344 :from a-->c
345 :from b-->c
346 :from b-->a
347 :from c-->a
348 :from b-->c
349 :from a-->b
350 :from a-->c
351 :from b-->c
352 :from b-->a
353 :from c-->a
354 :from c-->b
355 :from a-->b
356 :from c-->a
357 :from b-->c
358 :from b-->a
359 :from c-->a
360 :from c-->b
361 :from a-->b
362 :from a-->c
363 :from b-->c
364 :from a-->b
365 :from c-->a
366 :from c-->b
367 :from a-->b
368 :from c-->a
369 :from b-->c
370 :from b-->a
371 :from c-->a
372 :from b-->c
373 :from a-->b
374 :from a-->c
375 :from b-->c
376 :from b-->a
377 :from c-->a
378 :from c-->b
379 :from a-->b
380 :from c-->a
381 :from b-->c
382 :from b-->a
383 :from c-->a
384 :from c-->b
385 :from a-->b
386 :from a-->c
387 :from b-->c
388 :from a-->b
389 :from c-->a
390 :from c-->b
391 :from a-->b
392 :from a-->c
393 :from b-->c
394 :from b-->a
395 :from c-->a
396 :from b-->c
397 :from a-->b
398 :from a-->c
399 :from b-->c
400 :from a-->b
401 :from c-->a
402 :from c-->b
403 :from a-->b
404 :from c-->a
405 :from b-->c
406 :from b-->a
407 :from c-->a
408 :from c-->b
409 :from a-->b
410 :from a-->c
411 :from b-->c
412 :from a-->b
413 :from c-->a
414 :from c-->b
415 :from a-->b
416 :from a-->c
417 :from b-->c
418 :from b-->a
419 :from c-->a
420 :from b-->c
421 :from a-->b
422 :from a-->c
423 :from b-->c
424 :from b-->a
425 :from c-->a
426 :from c-->b
427 :from a-->b
428 :from c-->a
429 :from b-->c
430 :from b-->a
431 :from c-->a
432 :from b-->c
433 :from a-->b
434 :from a-->c
435 :from b-->c
436 :from a-->b
437 :from c-->a
438 :from c-->b
439 :from a-->b
440 :from a-->c
441 :from b-->c
442 :from b-->a
443 :from c-->a
444 :from b-->c
445 :from a-->b
446 :from a-->c
447 :from b-->c
448 :from a-->b
449 :from c-->a
450 :from c-->b
451 :from a-->b
452 :from c-->a
453 :from b-->c
454 :from b-->a
455 :from c-->a
456 :from c-->b
457 :from a-->b
458 :from a-->c
459 :from b-->c
460 :from a-->b
461 :from c-->a
462 :from c-->b
463 :from a-->b
464 :from c-->a
465 :from b-->c
466 :from b-->a
467 :from c-->a
468 :from b-->c
469 :from a-->b
470 :from a-->c
471 :from b-->c
472 :from b-->a
473 :from c-->a
474 :from c-->b
475 :from a-->b
476 :from c-->a
477 :from b-->c
478 :from b-->a
479 :from c-->a
480 :from c-->b
481 :from a-->b
482 :from a-->c
483 :from b-->c
484 :from a-->b
485 :from c-->a
486 :from c-->b
487 :from a-->b
488 :from a-->c
489 :from b-->c
490 :from b-->a
491 :from c-->a
492 :from b-->c
493 :from a-->b
494 :from a-->c
495 :from b-->c
496 :from a-->b
497 :from c-->a
498 :from c-->b
499 :from a-->b
500 :from c-->a
501 :from b-->c
502 :from b-->a
503 :from c-->a
504 :from c-->b
505 :from a-->b
506 :from a-->c
507 :from b-->c
508 :from a-->b
509 :from c-->a
510 :from c-->b
511 :from a-->b
512 :from a-->c
513 :from b-->c
514 :from b-->a
515 :from c-->a
516 :from b-->c
517 :from a-->b
518 :from a-->c
519 :from b-->c
520 :from b-->a
521 :from c-->a
522 :from c-->b
523 :from a-->b
524 :from c-->a
525 :from b-->c
526 :from b-->a
527 :from c-->a
528 :from b-->c
529 :from a-->b
530 :from a-->c
531 :from b-->c
532 :from a-->b
533 :from c-->a
534 :from c-->b
535 :from a-->b
536 :from a-->c
537 :from b-->c
538 :from b-->a
539 :from c-->a
540 :from b-->c
541 :from a-->b
542 :from a-->c
543 :from b-->c
544 :from b-->a
545 :from c-->a
546 :from c-->b
547 :from a-->b
548 :from c-->a
549 :from b-->c
550 :from b-->a
551 :from c-->a
552 :from c-->b
553 :from a-->b
554 :from a-->c
555 :from b-->c
556 :from a-->b
557 :from c-->a
558 :from c-->b
559 :from a-->b
560 :from c-->a
561 :from b-->c
562 :from b-->a
563 :from c-->a
564 :from b-->c
565 :from a-->b
566 :from a-->c
567 :from b-->c
568 :from b-->a
569 :from c-->a
570 :from c-->b
571 :from a-->b
572 :from c-->a
573 :from b-->c
574 :from b-->a
575 :from c-->a
576 :from b-->c
577 :from a-->b
578 :from a-->c
579 :from b-->c
580 :from a-->b
581 :from c-->a
582 :from c-->b
583 :from a-->b
584 :from a-->c
585 :from b-->c
586 :from b-->a
587 :from c-->a
588 :from b-->c
589 :from a-->b
590 :from a-->c
591 :from b-->c
592 :from a-->b
593 :from c-->a
594 :from c-->b
595 :from a-->b
596 :from c-->a
597 :from b-->c
598 :from b-->a
599 :from c-->a
600 :from c-->b
601 :from a-->b
602 :from a-->c
603 :from b-->c
604 :from a-->b
605 :from c-->a
606 :from c-->b
607 :from a-->b
608 :from a-->c
609 :from b-->c
610 :from b-->a
611 :from c-->a
612 :from b-->c
613 :from a-->b
614 :from a-->c
615 :from b-->c
616 :from b-->a
617 :from c-->a
618 :from c-->b
619 :from a-->b
620 :from c-->a
621 :from b-->c
622 :from b-->a
623 :from c-->a
624 :from b-->c
625 :from a-->b
626 :from a-->c
627 :from b-->c
628 :from a-->b
629 :from c-->a
630 :from c-->b
631 :from a-->b
632 :from a-->c
633 :from b-->c
634 :from b-->a
635 :from c-->a
636 :from b-->c
637 :from a-->b
638 :from a-->c
639 :from b-->c
640 :from b-->a
641 :from c-->a
642 :from c-->b
643 :from a-->b
644 :from c-->a
645 :from b-->c
646 :from b-->a
647 :from c-->a
648 :from c-->b
649 :from a-->b
650 :from a-->c
651 :from b-->c
652 :from a-->b
653 :from c-->a
654 :from c-->b
655 :from a-->b
656 :from c-->a
657 :from b-->c
658 :from b-->a
659 :from c-->a
660 :from b-->c
661 :from a-->b
662 :from a-->c
663 :from b-->c
664 :from b-->a
665 :from c-->a
666 :from c-->b
667 :from a-->b
668 :from c-->a
669 :from b-->c
670 :from b-->a
671 :from c-->a
672 :from c-->b
673 :from a-->b
674 :from a-->c
675 :from b-->c
676 :from a-->b
677 :from c-->a
678 :from c-->b
679 :from a-->b
680 :from a-->c
681 :from b-->c
682 :from b-->a
683 :from c-->a
684 :from b-->c
685 :from a-->b
686 :from a-->c
687 :from b-->c
688 :from a-->b
689 :from c-->a
690 :from c-->b
691 :from a-->b
692 :from c-->a
693 :from b-->c
694 :from b-->a
695 :from c-->a
696 :from c-->b
697 :from a-->b
698 :from a-->c
699 :from b-->c
700 :from a-->b
701 :from c-->a
702 :from c-->b
703 :from a-->b
704 :from c-->a
705 :from b-->c
706 :from b-->a
707 :from c-->a
708 :from b-->c
709 :from a-->b
710 :from a-->c
711 :from b-->c
712 :from b-->a
713 :from c-->a
714 :from c-->b
715 :from a-->b
716 :from c-->a
717 :from b-->c
718 :from b-->a
719 :from c-->a
720 :from b-->c
721 :from a-->b
722 :from a-->c
723 :from b-->c
724 :from a-->b
725 :from c-->a
726 :from c-->b
727 :from a-->b
728 :from a-->c
729 :from b-->c
730 :from b-->a
731 :from c-->a
732 :from b-->c
733 :from a-->b
734 :from a-->c
735 :from b-->c
736 :from b-->a
737 :from c-->a
738 :from c-->b
739 :from a-->b
740 :from c-->a
741 :from b-->c
742 :from b-->a
743 :from c-->a
744 :from c-->b
745 :from a-->b
746 :from a-->c
747 :from b-->c
748 :from a-->b
749 :from c-->a
750 :from c-->b
751 :from a-->b
752 :from c-->a
753 :from b-->c
754 :from b-->a
755 :from c-->a
756 :from b-->c
757 :from a-->b
758 :from a-->c
759 :from b-->c
760 :from b-->a
761 :from c-->a
762 :from c-->b
763 :from a-->b
764 :from c-->a
765 :from b-->c
766 :from b-->a
767 :from c-->a
768 :from b-->c
769 :from a-->b
770 :from a-->c
771 :from b-->c
772 :from a-->b
773 :from c-->a
774 :from c-->b
775 :from a-->b
776 :from a-->c
777 :from b-->c
778 :from b-->a
779 :from c-->a
780 :from b-->c
781 :from a-->b
782 :from a-->c
783 :from b-->c
784 :from a-->b
785 :from c-->a
786 :from c-->b
787 :from a-->b
788 :from c-->a
789 :from b-->c
790 :from b-->a
791 :from c-->a
792 :from c-->b
793 :from a-->b
794 :from a-->c
795 :from b-->c
796 :from a-->b
797 :from c-->a
798 :from c-->b
799 :from a-->b
800 :from a-->c
801 :from b-->c
802 :from b-->a
803 :from c-->a
804 :from b-->c
805 :from a-->b
806 :from a-->c
807 :from b-->c
808 :from b-->a
809 :from c-->a
810 :from c-->b
811 :from a-->b
812 :from c-->a
813 :from b-->c
814 :from b-->a
815 :from c-->a
816 :from b-->c
817 :from a-->b
818 :from a-->c
819 :from b-->c
820 :from a-->b
821 :from c-->a
822 :from c-->b
823 :from a-->b
824 :from a-->c
825 :from b-->c
826 :from b-->a
827 :from c-->a
828 :from b-->c
829 :from a-->b
830 :from a-->c
831 :from b-->c
832 :from a-->b
833 :from c-->a
834 :from c-->b
835 :from a-->b
836 :from c-->a
837 :from b-->c
838 :from b-->a
839 :from c-->a
840 :from c-->b
841 :from a-->b
842 :from a-->c
843 :from b-->c
844 :from a-->b
845 :from c-->a
846 :from c-->b
847 :from a-->b
848 :from c-->a
849 :from b-->c
850 :from b-->a
851 :from c-->a
852 :from b-->c
853 :from a-->b
854 :from a-->c
855 :from b-->c
856 :from b-->a
857 :from c-->a
858 :from c-->b
859 :from a-->b
860 :from c-->a
861 :from b-->c
862 :from b-->a
863 :from c-->a
864 :from c-->b
865 :from a-->b
866 :from a-->c
867 :from b-->c
868 :from a-->b
869 :from c-->a
870 :from c-->b
871 :from a-->b
872 :from a-->c
873 :from b-->c
874 :from b-->a
875 :from c-->a
876 :from b-->c
877 :from a-->b
878 :from a-->c
879 :from b-->c
880 :from a-->b
881 :from c-->a
882 :from c-->b
883 :from a-->b
884 :from c-->a
885 :from b-->c
886 :from b-->a
887 :from c-->a
888 :from c-->b
889 :from a-->b
890 :from a-->c
891 :from b-->c
892 :from a-->b
893 :from c-->a
894 :from c-->b
895 :from a-->b
896 :from a-->c
897 :from b-->c
898 :from b-->a
899 :from c-->a
900 :from b-->c
901 :from a-->b
902 :from a-->c
903 :from b-->c
904 :from b-->a
905 :from c-->a
906 :from c-->b
907 :from a-->b
908 :from c-->a
909 :from b-->c
910 :from b-->a
911 :from c-->a
912 :from b-->c
913 :from a-->b
914 :from a-->c
915 :from b-->c
916 :from a-->b
917 :from c-->a
918 :from c-->b
919 :from a-->b
920 :from a-->c
921 :from b-->c
922 :from b-->a
923 :from c-->a
924 :from b-->c
925 :from a-->b
926 :from a-->c
927 :from b-->c
928 :from b-->a
929 :from c-->a
930 :from c-->b
931 :from a-->b
932 :from c-->a
933 :from b-->c
934 :from b-->a
935 :from c-->a
936 :from c-->b
937 :from a-->b
938 :from a-->c
939 :from b-->c
940 :from a-->b
941 :from c-->a
942 :from c-->b
943 :from a-->b
944 :from c-->a
945 :from b-->c
946 :from b-->a
947 :from c-->a
948 :from b-->c
949 :from a-->b
950 :from a-->c
951 :from b-->c
952 :from b-->a
953 :from c-->a
954 :from c-->b
955 :from a-->b
956 :from c-->a
957 :from b-->c
958 :from b-->a
959 :from c-->a
960 :from b-->c
961 :from a-->b
962 :from a-->c
963 :from b-->c
964 :from a-->b
965 :from c-->a
966 :from c-->b
967 :from a-->b
968 :from a-->c
969 :from b-->c
970 :from b-->a
971 :from c-->a
972 :from b-->c
973 :from a-->b
974 :from a-->c
975 :from b-->c
976 :from a-->b
977 :from c-->a
978 :from c-->b
979 :from a-->b
980 :from c-->a
981 :from b-->c
982 :from b-->a
983 :from c-->a
984 :from c-->b
985 :from a-->b
986 :from a-->c
987 :from b-->c
988 :from a-->b
989 :from c-->a
990 :from c-->b
991 :from a-->b
992 :from a-->c
993 :from b-->c
994 :from b-->a
995 :from c-->a
996 :from b-->c
997 :from a-->b
998 :from a-->c
999 :from b-->c
1000 :from b-->a
1001 :from c-->a
1002 :from c-->b
1003 :from a-->b
1004 :from c-->a
1005 :from b-->c
1006 :from b-->a
1007 :from c-->a
1008 :from b-->c
1009 :from a-->b
1010 :from a-->c
1011 :from b-->c
1012 :from a-->b
1013 :from c-->a
1014 :from c-->b
1015 :from a-->b
1016 :from a-->c
1017 :from b-->c
1018 :from b-->a
1019 :from c-->a
1020 :from b-->c
1021 :from a-->b
1022 :from a-->c
1023 :from b-->c
