1 :from a-->b
2 :from a-->c
3 :from b-->c
4 :from a-->b
5 :from c-->a
6 :from c-->b
7 :from a-->b
8 :from a-->c
9 :from b-->c
10 :from b-->a
11 :from c-->a
12 :from b-->c
13 :from a-->b
14 :from a-->c
15 :from b-->c
16 :from a-->b
17 :from c-->a
18 :from c-->b
19 :from a-->b
20 :from c-->a
21 :from b-->c
22 :from b-->a
23 :from c-->a
24 :from c-->b
25 :from a-->b
26 :from a-->c
27 :from b-->c
28 :from a-->b
29 :from c-->a
30 :from c-->b
31 :from a-->b
32 :from a-->c
33 :from b-->c
34 :from b-->a
35 :from c-->a
36 :from b-->c
37 :from a-->b
38 :from a-->c
39 :from b-->c
40 :from b-->a
41 :from c-->a
42 :from c-->b
43 :from a-->b
44 :from c-->a
45 :from b-->c
46 :from b-->a
47 :from c-->a
48 :from b-->c
49 :from a-->b
50 :from a-->c
51 :from b-->c
52 :from a-->b
53 :from c-->a
54 :from c-->b
55 :from a-->b
56 :from a-->c
57 :from b-->c
58 :from b-->a
59 :from c-->a
60 :from b-->c
61 :from a-->b
62 :from a-->c
63 :from b-->c
64 :from a-->b
65 :from c-->a
66 :from c-->b
67 :from a-->b
68 :from c-->a
69 :from b-->c
70 :from b-->a
71 :from c-->a
72 :from c-->b
73 :from a-->b
74 :from a-->c
75 :from b-->c
76 :from a-->b
77 :from c-->a
78 :from c-->b
79 :from a-->b
80 :from c-->a
81 :from b-->c
82 :from b-->a
83 :from c-->a
84 :from b-->c
85 :from a-->b
86 :from a-->c
87 :from b-->c
88 :from b-->a
89 :from c-->a
90 :from c-->b
91 :from a-->b
92 :from c-->a
93 :from b-->c
94 :from b-->a
95 :from c-->a
96 :from c-->b
97 :from a-->b
98 :from a-->c
99 :from b-->c
100 :from a-->b
101 :from c-->a
102 :from c-->b
103 :from a-->b
104 :from a-->c
105 :from b-->c
106 :from b-->a
107 :from c-->a
108 :from b-->c
109 :from a-->b
110 :from a-->c
111 :from b-->c
112 :from a-->b
113 :from c-->a
114 :from c-->b
115 :from a-->b
116 :from c-->a
117 :from b-->c
118 :from b-->a
119 :from c-->a
120 :from c-->b
121 :from a-->b
122 :from a-->c
123 :from b-->c
124 :from a-->b
125 :from c-->a
126 :from c-->b
127 :from a-->b
128 :from a-->c
129 :from b-->c
130 :from b-->a
131 :from c-->a
132 :from b-->c
133 :from a-->b
134 :from a-->c
135 :from b-->c
136 :from b-->a
137 :from c-->a
138 :from c-->b
139 :from a-->b
140 :from c-->a
141 :from b-->c
142 :from b-->a
143 :from c-->a
144 :from b-->c
145 :from a-->b
146 :from a-->c
147 :from b-->c
148 :from a-->b
149 :from c-->a
150 :from c-->b
151 :from a-->b
152 :from a-->c
153 :from b-->c
154 :from b-->a
155 :from c-->a
156 :from b-->c
157 :from a-->b
158 :from a-->c
159 :from b-->c
160 :from b-->a
161 :from c-->a
162 :from c-->b
163 :from a-->b
164 :from c-->a
165 :from b-->c
166 :from b-->a
167 :from c-->a
168 :from c-->b
169 :from a-->b
170 :from a-->c
171 :from b-->c
172 :from a-->b
173 :from c-->a
174 :from c-->b
175 :from a-->b
176 :from c-->a
177 :from b-->c
178 :from b-->a
179 :from c-->a
180 :from b-->c
181 :from a-->b
182 :from a-->c
183 :from b-->c
184 :from b-->a
185 :from c-->a
186 :from c-->b
187 :from a-->b
188 :from c-->a
189 :from b-->c
190 :from b-->a
191 :from c-->a
192 :from b-->c
193 :from a-->b
194 :from a-->c
195 :from b-->c
196 :from a-->b
197 :from c-->a
198 :from c-->b
199 :from a-->b
200 :from a-->c
201 :from b-->c
202 :from b-->a
203 :from c-->a
204 :from b-->c
205 :from a-->b
206 :from a-->c
207 :from b-->c
208 :from a-->b
209 :from c-->a
210 :from c-->b
211 :from a-->b
212 :from c-->a
213 :from b-->c
214 :from b-->a
215 :from c-->a
216 :from c-->b
217 :from a-->b
218 :from a-->c
219 :from b-->c
220 :from a-->b
221 :from c-->a
222 :from c-->b
223 :from a-->b
224 :from a-->c
225 :from b-->c
226 :from b-->a
227 :from c-->a
228 :from b-->c
229 :from a-->b
230 :from a-->c
231 :from b-->c
232 :from b-->a
233 :from c-->a
234 :from c-->b
235 :from a-->b
236 :from c-->a
237 :from b-->c
238 :from b-->a
239 :from c-->a
240 :from b-->c
241 :from a-->b
242 :from a-->c
243 :from b-->c
244 :from a-->b
245 :from c-->a
246 :from c-->b
247 :from a-->b
248 :from a-->c
249 :from b-->c
250 :from b-->a
251 :from c-->a
252 :from b-->c
253 :from a-->b
254 :from a-->c
255 :from b-->c
256 :from a-->b
257 :from c-->a
258 :from c-->b
259 :from a-->b
260 :from c-->a
261 :from b-->c
262 :from b-->a
263 :from c-->a
264 :from c-->b
265 :from a-->b
266 :from a-->c
267 :from b-->c
268 :from a-->b
269 :from c-->a
270 :from c-->b
271 :from a-->b
272 :from c-->a
273 :from b-->c
274 :from b-->a
275 :from c-->a
276 :from b-->c
277 :from a-->b
278 :from a-->c
279 :from b-->c
280 :from b-->a
281 :from c-->a
282 :from c-->b
283 :from a-->b
284 :from c-->a
285 :from b-->c
286 :from b-->a
287 :from c-->a
288 :from c-->b
289 :from a-->b
290 :from a-->c
291 :from b-->c
292 :from a-->b
293 :from c-->a
294 :from c-->b
295 :from a-->b
296 :from a-->c
297 :from b-->c
298 :from b-->a
299 :from c-->a
300 :from b-->c
301 :from a-->b
302 :from a-->c
303 :from b-->c
304 :from a-->b
305 :from c-->a
306 :from c-->b
307 :from a-->b
308 :from c-->a
309 :from b-->c
310 :from b-->a
311 :from c-->a
312 :from c-->b
313 :from a-->b
314 :from a-->c
315 :from b-->c
316 :from a-->b
317 :from c-->a
318 :from c-->b
319 :from a-->b
320 :from c-->a
321 :from b-->c
322 :from b-->a
323 :from c-->a
324 :from b-->c
325 :from a-->b
326 :from a-->c
327 :from b-->c
328 :from b-->a
329 :from c-->a
330 :from c-->b
331 :from a-->b
332 :from c-->a
333 :from b-->c
334 :from b-->a
335 :from c-->a
336 :from b-->c
337 :from a-->b
338 :from a-->c
339 :from b-->c
340 :from a-->b
341 :from c-->a
342 :from c-->b
343 :from a-->b
344 :from a-->c
345 :from b-->c
346 :from b-->a
347 :from c-->a
348 :from b-->c
349 :from a-->b
350 :from a-->c
351 :from b-->c
352 :from b-->a
353 :from c-->a
354 :from c-->b
355 :from a-->b
356 :from c-->a
357 :from b-->c
358 :from b-->a
359 :from c-->a
360 :from c-->b
361 :from a-->b
362 :from a-->c
363 :from b-->c
364 :from a-->b
365 :from c-->a
366 :from c-->b
367 :from a-->b
368 :from c-->a
369 :from b-->c
370 :from b-->a
371 :from c-->a
372 :from b-->c
373 :from a-->b
374 :from a-->c
375 :from b-->c
376 :from b-->a
377 :from c-->a
378 :from c-->b
379 :from a-->b
380 :from c-->a
381 :from b-->c
382 :from b-->a
383 :from c-->a
384 :from c-->b
385 :from a-->b
386 :from a-->c
387 :from b-->c
388 :from a-->b
389 :from c-->a
390 :from c-->b
391 :from a-->b
392 :from a-->c
393 :from b-->c
394 :from b-->a
395 :from c-->a
396 :from b-->c
397 :from a-->b
398 :from a-->c
399 :from b-->c
400 :from a-->b
401 :from c-->a
402 :from c-->b
403 :from a-->b
404 :from c-->a
405 :from b-->c
406 :from b-->a
407 :from c-->a
408 :from c-->b
409 :from a-->b
410 :from a-->c
411 :from b-->c
412 :from a-->b
413 :from c-->a
414 :from c-->b
415 :from a-->b
416 :from a-->c
417 :from b-->c
418 :from b-->a
419 :from c-->a
420 :from b-->c
421 :from a-->b
422 :from a-->c
423 :from b-->c
424 :from b-->a
425 :from c-->a
426 :from c-->b
427 :from a-->b
428 :from c-->a
429 :from b-->c
430 :from b-->a
431 :from c-->a
432 :from b-->c
433 :from a-->b
434 :from a-->c
435 :from b-->c
436 :from a-->b
437 :from c-->a
438 :from c-->b
439 :from a-->b
440 :from a-->c
441 :from b-->c
442 :from b-->a
443 :from c-->a
444 :from b-->c
445 :from a-->b
446 :from a-->c
447 :from b-->c
448 :from a-->b
449 :from c-->a
450 :from c-->b
451 :from a-->b
452 :from c-->a
453 :from b-->c
454 :from b-->a
455 :from c-->a
456 :from c-->b
457 :from a-->b
458 :from a-->c
459 :from b-->c
460 :from a-->b
461 :from c-->a
462 :from c-->b
463 :from a-->b
464 :from c-->a
465 :from b-->c
466 :from b-->a
467 :from c-->a
468 :from b-->c
469 :from a-->b
470 :from a-->c
471 :from b-->c
472 :from b-->a
473 :from c-->a
474 :from c-->b
475 :from a-->b
476 :from c-->a
477 :from b-->c
478 :from b-->a
479 :from c-->a
480 :from c-->b
481 :from a-->b
482 :from a-->c
483 :from b-->c
484 :from a-->b
485 :from c-->a
486 :from c-->b
487 :from a-->b
488 :from a-->c
489 :from b-->c
490 :from b-->a
491 :from c-->a
492 :from b-->c
493 :from a-->b
494 :from a-->c
495 :from b-->c
496 :from a-->b
497 :from c-->a
498 :from c-->b
499 :from a-->b
500 :from c-->a
501 :from b-->c
502 :from b-->a
503 :from c-->a
504 :from c-->b
505 :from a-->b
506 :from a-->c
507 :from b-->c
508 :from a-->b
509 :from c-->a
510 :from c-->b
511 :from a-->b
512 :from a-->c
513 :from b-->c
514 :from b-->a
515 :from c-->a
516 :from b-->c
517 :from a-->b
518 :from a-->c
519 :from b-->c
520 :from b-->a
521 :from c-->a
522 :from c-->b
523 :from a-->b
524 :from c-->a
525 :from b-->c
526 :from b-->a
527 :from c-->a
528 :from b-->c
529 :from a-->b
530 :from a-->c
531 :from b-->c
532 :from a-->b
533 :from c-->a
534 :from c-->b
535 :from a-->b
536 :from a-->c
537 :from b-->c
538 :from b-->a
539 :from c-->a
540 :from b-->c
541 :from a-->b
542 :from a-->c
543 :from b-->c
544 :from b-->a
545 :from c-->a
546 :from c-->b
547 :from a-->b
548 :from c-->a
549 :from b-->c
550 :from b-->a
551 :from c-->a
552 :from c-->b
553 :from a-->b
554 :from a-->c
555 :from b-->c
556 :from a-->b
557 :from c-->a
558 :from c-->b
559 :from a-->b
560 :from c-->a
561 :from b-->c
562 :from b-->a
563 :from c-->a
564 :from b-->c
565 :from a-->b
566 :from a-->c
567 :from b-->c
568 :from b-->a
569 :from c-->a
570 :from c-->b
571 :from a-->b
572 :from c-->a
573 :from b-->c
574 :from b-->a
575 :from c-->a
576 :from b-->c
577 :from a-->b
578 :from a-->c
579 :from b-->c
580 :from a-->b
581 :from c-->a
582 :from c-->b
583 :from a-->b
584 :from a-->c
585 :from b-->c
586 :from b-->a
587 :from c-->a
588 :from b-->c
589 :from a-->b
590 :from a-->c
591 :from b-->c
592 :from a-->b
593 :from c-->a
594 :from c-->b
595 :from a-->b
596 :from c-->a
597 :from b-->c
598 :from b-->a
599 :from c-->a
600 :from c-->b
601 :from a-->b
602 :from a-->c
603 :from b-->c
604 :from a-->b
605 :from c-->a
606 :from c-->b
607 :from a-->b
608 :from a-->c
609 :from b-->c
610 :from b-->a
611 :from c-->a
612 :from b-->c
613 :from a-->b
614 :from a-->c
615 :from b-->c
616 :from b-->a
617 :from c-->a
618 :from c-->b
619 :from a-->b
620 :from c-->a
621 :from b-->c
622 :from b-->a
623 :from c-->a
624 :from b-->c
625 :from a-->b
626 :from a-->c
627 :from b-->c
628 :from a-->b
629 :from c-->a
630 :from c-->b
631 :from a-->b
632 :from a-->c
633 :from b-->c
634 :from b-->a
635 :from c-->a
636 :from b-->c
637 :from a-->b
638 :from a-->c
639 :from b-->c
640 :from b-->a
641 :from c-->a
642 :from c-->b
643 :from a-->b
644 :from c-->a
645 :from b-->c
646 :from b-->a
647 :from c-->a
648 :from c-->b
649 :from a-->b
650 :from a-->c
651 :from b-->c
652 :from a-->b
653 :from c-->a
654 :from c-->b
655 :from a-->b
656 :from c-->a
657 :from b-->c
658 :from b-->a
659 :from c-->a
660 :from b-->c
661 :from a-->b
662 :from a-->c
663 :from b-->c
664 :from b-->a
665 :from c-->a
666 :from c-->b
667 :from a-->b
668 :from c-->a
669 :from b-->c
670 :from b-->a
671 :from c-->a
672 :from c-->b
673 :from a-->b
674 :from a-->c
675 :from b-->c
676 :from a-->b
677 :from c-->a
678 :from c-->b
679 :from a-->b
680 :from a-->c
681 :from b-->c
682 :from b-->a
683 :from c-->a
684 :from b-->c
685 :from a-->b
686 :from a-->c
687 :from b-->c
688 :from a-->b
689 :from c-->a
690 :from c-->b
691 :from a-->b
692 :from c-->a
693 :from b-->c
694 :from b-->a
695 :from c-->a
696 :from c-->b
697 :from a-->b
698 :from a-->c
699 :from b-->c
700 :from a-->b
701 :from c-->a
702 :from c-->b
703 :from a-->b
704 :from c-->a
705 :from b-->c
706 :from b-->a
707 :from c-->a
708 :from b-->c
709 :from a-->b
710 :from a-->c
711 :from b-->c
712 :from b-->a
713 :from c-->a
714 :from c-->b
715 :from a-->b
716 :from c-->a
717 :from b-->c
718 :from b-->a
719 :from c-->a
720 :from b-->c
721 :from a-->b
722 :from a-->c
723 :from b-->c
724 :from a-->b
725 :from c-->a
726 :from c-->b
727 :from a-->b
728 :from a-->c
729 :from b-->c
730 :from b-->a
731 :from c-->a
732 :from b-->c
733 :from a-->b
734 :from a-->c
735 :from b-->c
736 :from b-->a
737 :from c-->a
738 :from c-->b
739 :from a-->b
740 :from c-->a
741 :from b-->c
742 :from b-->a
743 :from c-->a
744 :from c-->b
745 :from a-->b
746 :from a-->c
747 :from b-->c
748 :from a-->b
749 :from c-->a
750 :from c-->b
751 :from a-->b
752 :from c-->a
753 :from b-->c
754 :from b-->a
755 :from c-->a
756 :from b-->c
757 :from a-->b
758 :from a-->c
759 :from b-->c
760 :from b-->a
761 :from c-->a
762 :from c-->b
763 :from a-->b
764 :from c-->a
765 :from b-->c
766 :from b-->a
767 :from c-->a
768 :from b-->c
769 :from a-->b
770 :from a-->c
771 :from b-->c
772 :from a-->b
773 :from c-->a
774 :from c-->b
775 :from a-->b
776 :from a-->c
777 :from b-->c
778 :from b-->a
779 :from c-->a
780 :from b-->c
781 :from a-->b
782 :from a-->c
783 :from b-->c
784 :from a-->b
785 :from c-->a
786 :from c-->b
787 :from a-->b
788 :from c-->a
789 :from b-->c
790 :from b-->a
791 :from c-->a
792 :from c-->b
793 :from a-->b
794 :from a-->c
795 :from b-->c
796 :from a-->b
797 :from c-->a
798 :from c-->b
799 :from a-->b
800 :from a-->c
801 :from b-->c
802 :from b-->a
803 :from c-->a
804 :from b-->c
805 :from a-->b
806 :from a-->c
807 :from b-->c
808 :from b-->a
809 :from c-->a
810 :from c-->b
811 :from a-->b
812 :from c-->a
813 :from b-->c
814 :from b-->a
815 :from c-->a
816 :from b-->c
817 :from a-->b
818 :from a-->c
819 :from b-->c
820 :from a-->b
821 :from c-->a
822 :from c-->b
823 :from a-->b
824 :from a-->c
825 :from b-->c
826 :from b-->a
827 :from c-->a
828 :from b-->c
829 :from a-->b
830 :from a-->c
831 :from b-->c
832 :from a-->b
833 :from c-->a
834 :from c-->b
835 :from a-->b
836 :from c-->a
837 :from b-->c
838 :from b-->a
839 :from c-->a
840 :from c-->b
841 :from a-->b
842 :from a-->c
843 :from b-->c
844 :from a-->b
845 :from c-->a
846 :from c-->b
847 :from a-->b
848 :from c-->a
849 :from b-->c
850 :from b-->a
851 :from c-->a
852 :from b-->c
853 :from a-->b
854 :from a-->c
855 :from b-->c
856 :from b-->a
857 :from c-->a
858 :from c-->b
859 :from a-->b
860 :from c-->a
861 :from b-->c
862 :from b-->a
863 :from c-->a
864 :from c-->b
865 :from a-->b
866 :from a-->c
867 :from b-->c
868 :from a-->b
869 :from c-->a
870 :from c-->b
871 :from a-->b
872 :from a-->c
873 :from b-->c
874 :from b-->a
875 :from c-->a
876 :from b-->c
877 :from a-->b
878 :from a-->c
879 :from b-->c
880 :from a-->b
881 :from c-->a
882 :from c-->b
883 :from a-->b
884 :from c-->a
885 :from b-->c
886 :from b-->a
887 :from c-->a
888 :from c-->b
889 :from a-->b
890 :from a-->c
891 :from b-->c
892 :from a-->b
893 :from c-->a
894 :from c-->b
895 :from a-->b
896 :from a-->c
897 :from b-->c
898 :from b-->a
899 :from c-->a
900 :from b-->c
901 :from a-->b
902 :from a-->c
903 :from b-->c
904 :from b-->a
905 :from c-->a
906 :from c-->b
907 :from a-->b
908 :from c-->a
909 :from b-->c
910 :from b-->a
911 :from c-->a
912 :from b-->c
913 :from a-->b
914 :from a-->c
915 :from b-->c
916 :from a-->b
917 :from c-->a
918 :from c-->b
919 :from a-->b
920 :from a-->c
921 :from b-->c
922 :from b-->a
923 :from c-->a
924 :from b-->c
925 :from a-->b
926 :from a-->c
927 :from b-->c
928 :from b-->a
929 :from c-->a
930 :from c-->b
931 :from a-->b
932 :from c-->a
933 :from b-->c
934 :from b-->a
935 :from c-->a
936 :from c-->b
937 :from a-->b
938 :from a-->c
939 :from b-->c
940 :from a-->b
941 :from c-->a
942 :from c-->b
943 :from a-->b
944 :from c-->a
945 :from b-->c
946 :from b-->a
947 :from c-->a
948 :from b-->c
949 :from a-->b
950 :from a-->c
951 :from b-->c
952 :from b-->a
953 :from c-->a
954 :from c-->b
955 :from a-->b
956 :from c-->a
957 :from b-->c
958 :from b-->a
959 :from c-->a
960 :from b-->c
961 :from a-->b
962 :from a-->c
963 :from b-->c
964 :from a-->b
965 :from c-->a
966 :from c-->b
967 :from a-->b
968 :from a-->c
969 :from b-->c
970 :from b-->a
971 :from c-->a
972 :from b-->c
973 :from a-->b
974 :from a-->c
975 :from b-->c
976 :from a-->b
977 :from c-->a
978 :from c-->b
979 :from a-->b
980 :from c-->a
981 :from b-->c
982 :from b-->a
983 :from c-->a
984 :from c-->b
985 :from a-->b
986 :from a-->c
987 :from b-->c
988 :from a-->b
989 :from c-->a
990 :from c-->b
991 :from a-->b
992 :from a-->c
993 :from b-->c
994 :from b-->a
995 :from c-->a
996 :from b-->c
997 :from a-->b
998 :from a-->c
999 :from b-->c
1000 :from b-->a
1001 :from c-->a
1002 :from c-->b
1003 :from a-->b
1004 :from c-->a
1005 :from b-->c
1006 :from b-->a
1007 :from c-->a
1008 :from b-->c
1009 :from a-->b
1010 :from a-->c
1011 :from b-->c
1012 :from a-->b
1013 :from c-->a
1014 :from c-->b
1015 :from a-->b
1016 :from a-->c
1017 :from b-->c
1018 :from b-->a
1019 :from c-->a
1020 :from b-->c
1021 :from a-->b
1022 :from a-->c
1023 :from b-->c
1024 :from a-->b
1025 :from c-->a
1026 :from c-->b
1027 :from a-->b
1028 :from c-->a
1029 :from b-->c
1030 :from b-->a
1031 :from c-->a
1032 :from c-->b
1033 :from a-->b
1034 :from a-->c
1035 :from b-->c
1036 :from a-->b
1037 :from c-->a
1038 :from c-->b
1039 :from a-->b
1040 :from c-->a
1041 :from b-->c
1042 :from b-->a
1043 :from c-->a
1044 :from b-->c
1045 :from a-->b
1046 :from a-->c
1047 :from b-->c
1048 :from b-->a
1049 :from c-->a
1050 :from c-->b
1051 :from a-->b
1052 :from c-->a
1053 :from b-->c
1054 :from b-->a
1055 :from c-->a
1056 :from c-->b
1057 :from a-->b
1058 :from a-->c
1059 :from b-->c
1060 :from a-->b
1061 :from c-->a
1062 :from c-->b
1063 :from a-->b
1064 :from a-->c
1065 :from b-->c
1066 :from b-->a
1067 :from c-->a
1068 :from b-->c
1069 :from a-->b
1070 :from a-->c
1071 :from b-->c
1072 :from a-->b
1073 :from c-->a
1074 :from c-->b
1075 :from a-->b
1076 :from c-->a
1077 :from b-->c
1078 :from b-->a
1079 :from c-->a
1080 :from c-->b
1081 :from a-->b
1082 :from a-->c
1083 :from b-->c
1084 :from a-->b
1085 :from c-->a
1086 :from c-->b
1087 :from a-->b
1088 :from c-->a
1089 :from b-->c
1090 :from b-->a
1091 :from c-->a
1092 :from b-->c
1093 :from a-->b
1094 :from a-->c
1095 :from b-->c
1096 :from b-->a
1097 :from c-->a
1098 :from c-->b
1099 :from a-->b
1100 :from c-->a
1101 :from b-->c
1102 :from b-->a
1103 :from c-->a
1104 :from b-->c
1105 :from a-->b
1106 :from a-->c
1107 :from b-->c
1108 :from a-->b
1109 :from c-->a
1110 :from c-->b
1111 :from a-->b
1112 :from a-->c
1113 :from b-->c
1114 :from b-->a
1115 :from c-->a
1116 :from b-->c
1117 :from a-->b
1118 :from a-->c
1119 :from b-->c
1120 :from b-->a
1121 :from c-->a
1122 :from c-->b
1123 :from a-->b
1124 :from c-->a
1125 :from b-->c
1126 :from b-->a
1127 :from c-->a
1128 :from c-->b
1129 :from a-->b
1130 :from a-->c
1131 :from b-->c
1132 :from a-->b
1133 :from c-->a
1134 :from c-->b
1135 :from a-->b
1136 :from c-->a
1137 :from b-->c
1138 :from b-->a
1139 :from c-->a
1140 :from b-->c
1141 :from a-->b
1142 :from a-->c
1143 :from b-->c
1144 :from b-->a
1145 :from c-->a
1146 :from c-->b
1147 :from a-->b
1148 :from c-->a
1149 :from b-->c
1150 :from b-->a
1151 :from c-->a
1152 :from c-->b
1153 :from a-->b
1154 :from a-->c
1155 :from b-->c
1156 :from a-->b
1157 :from c-->a
1158 :from c-->b
1159 :from a-->b
1160 :from a-->c
1161 :from b-->c
1162 :from b-->a
1163 :from c-->a
1164 :from b-->c
1165 :from a-->b
1166 :from a-->c
1167 :from b-->c
1168 :from a-->b
1169 :from c-->a
1170 :from c-->b
1171 :from a-->b
1172 :from c-->a
1173 :from b-->c
1174 :from b-->a
1175 :from c-->a
1176 :from c-->b
1177 :from a-->b
1178 :from a-->c
1179 :from b-->c
1180 :from a-->b
1181 :from c-->a
1182 :from c-->b
1183 :from a-->b
1184 :from a-->c
1185 :from b-->c
1186 :from b-->a
1187 :from c-->a
1188 :from b-->c
1189 :from a-->b
1190 :from a-->c
1191 :from b-->c
1192 :from b-->a
1193 :from c-->a
1194 :from c-->b
1195 :from a-->b
1196 :from c-->a
1197 :from b-->c
1198 :from b-->a
1199 :from c-->a
1200 :from b-->c
1201 :from a-->b
1202 :from a-->c
1203 :from b-->c
1204 :from a-->b
1205 :from c-->a
1206 :from c-->b
1207 :from a-->b
1208 :from a-->c
1209 :from b-->c
1210 :from b-->a
1211 :from c-->a
1212 :from b-->c
1213 :from a-->b
1214 :from a-->c
1215 :from b-->c
1216 :from a-->b
1217 :from c-->a
1218 :from c-->b
1219 :from a-->b
1220 :from c-->a
1221 :from b-->c
1222 :from b-->a
1223 :from c-->a
1224 :from c-->b
1225 :from a-->b
1226 :from a-->c
1227 :from b-->c
1228 :from a-->b
1229 :from c-->a
1230 :from c-->b
1231 :from a-->b
1232 :from c-->a
1233 :from b-->c
1234 :from b-->a
1235 :from c-->a
1236 :from b-->c
1237 :from a-->b
1238 :from a-->c
1239 :from b-->c
1240 :from b-->a
1241 :from c-->a
1242 :from c-->b
1243 :from a-->b
1244 :from c-->a
1245 :from b-->c
1246 :from b-->a
1247 :from c-->a
1248 :from c-->b
1249 :from a-->b
1250 :from a-->c
1251 :from b-->c
1252 :from a-->b
1253 :from c-->a
1254 :from c-->b
1255 :from a-->b
1256 :from a-->c
1257 :from b-->c
1258 :from b-->a
1259 :from c-->a
1260 :from b-->c
1261 :from a-->b
1262 :from a-->c
1263 :from b-->c
1264 :from a-->b
1265 :from c-->a
1266 :from c-->b
1267 :from a-->b
1268 :from c-->a
1269 :from b-->c
1270 :from b-->a
1271 :from c-->a
1272 :from c-->b
1273 :from a-->b
1274 :from a-->c
1275 :from b-->c
1276 :from a-->b
1277 :from c-->a
1278 :from c-->b
1279 :from a-->b
1280 :from c-->a
1281 :from b-->c
1282 :from b-->a
1283 :from c-->a
1284 :from b-->c
1285 :from a-->b
1286 :from a-->c
1287 :from b-->c
1288 :from b-->a
1289 :from c-->a
1290 :from c-->b
1291 :from a-->b
1292 :from c-->a
1293 :from b-->c
1294 :from b-->a
1295 :from c-->a
1296 :from b-->c
1297 :from a-->b
1298 :from a-->c
1299 :from b-->c
1300 :from a-->b
1301 :from c-->a
1302 :from c-->b
1303 :from a-->b
1304 :from a-->c
1305 :from b-->c
1306 :from b-->a
1307 :from c-->a
1308 :from b-->c
1309 :from a-->b
1310 :from a-->c
1311 :from b-->c
1312 :from b-->a
1313 :from c-->a
1314 :from c-->b
1315 :from a-->b
1316 :from c-->a
1317 :from b-->c
1318 :from b-->a
1319 :from c-->a
1320 :from c-->b
1321 :from a-->b
1322 :from a-->c
1323 :from b-->c
1324 :from a-->b
1325 :from c-->a
1326 :from c-->b
1327 :from a-->b
1328 :from c-->a
1329 :from b-->c
1330 :from b-->a
1331 :from c-->a
1332 :from b-->c
1333 :from a-->b
1334 :from a-->c
1335 :from b-->c
1336 :from b-->a
1337 :from c-->a
1338 :from c-->b
1339 :from a-->b
1340 :from c-->a
1341 :from b-->c
1342 :from b-->a
1343 :from c-->a
1344 :from b-->c
1345 :from a-->b
1346 :from a-->c
1347 :from b-->c
1348 :from a-->b
1349 :from c-->a
1350 :from c-->b
1351 :from a-->b
1352 :from a-->c
1353 :from b-->c
1354 :from b-->a
1355 :from c-->a
1356 :from b-->c
1357 :from a-->b
1358 :from a-->c
1359 :from b-->c
1360 :from a-->b
1361 :from c-->a
1362 :from c-->b
1363 :from a-->b
1364 :from c-->a
1365 :from b-->c
1366 :from b-->a
1367 :from c-->a
1368 :from c-->b
1369 :from a-->b
1370 :from a-->c
1371 :from b-->c
1372 :from a-->b
1373 :from c-->a
1374 :from c-->b
1375 :from a-->b
1376 :from a-->c
1377 :from b-->c
1378 :from b-->a
1379 :from c-->a
1380 :from b-->c
1381 :from a-->b
1382 :from a-->c
1383 :from b-->c
1384 :from b-->a
1385 :from c-->a
1386 :from c-->b
1387 :from a-->b
1388 :from c-->a
1389 :from b-->c
1390 :from b-->a
1391 :from c-->a
1392 :from b-->c
1393 :from a-->b
1394 :from a-->c
1395 :from b-->c
1396 :from a-->b
1397 :from c-->a
1398 :from c-->b
1399 :from a-->b
1400 :from a-->c
1401 :from b-->c
1402 :from b-->a
1403 :from c-->a
1404 :from b-->c
1405 :from a-->b
1406 :from a-->c
1407 :from b-->c
1408 :from b-->a
1409 :from c-->a
1410 :from c-->b
1411 :from a-->b
1412 :from c-->a
1413 :from b-->c
1414 :from b-->a
1415 :from c-->a
1416 :from c-->b
1417 :from a-->b
1418 :from a-->c
1419 :from b-->c
1420 :from a-->b
1421 :from c-->a
1422 :from c-->b
1423 :from a-->b
1424 :from c-->a
1425 :from b-->c
1426 :from b-->a
1427 :from c-->a
1428 :from b-->c
1429 :from a-->b
1430 :from a-->c
1431 :from b-->c
1432 :from b-->a
1433 :from c-->a
1434 :from c-->b
1435 :from a-->b
1436 :from c-->a
1437 :from b-->c
1438 :from b-->a
1439 :from c-->a
1440 :from c-->b
1441 :from a-->b
1442 :from a-->c
1443 :from b-->c
1444 :from a-->b
1445 :from c-->a
1446 :from c-->b
1447 :from a-->b
1448 :from a-->c
1449 :from b-->c
1450 :from b-->a
1451 :from c-->a
1452 :from b-->c
1453 :from a-->b
1454 :from a-->c
1455 :from b-->c
1456 :from a-->b
1457 :from c-->a
1458 :from c-->b
1459 :from a-->b
1460 :from c-->a
1461 :from b-->c
1462 :from b-->a
1463 :from c-->a
1464 :from c-->b
1465 :from a-->b
1466 :from a-->c
1467 :from b-->c
1468 :from a-->b
1469 :from c-->a
1470 :from c-->b
1471 :from a-->b
1472 :from c-->a
1473 :from b-->c
1474 :from b-->a
1475 :from c-->a
1476 :from b-->c
1477 :from a-->b
1478 :from a-->c
1479 :from b-->c
1480 :from b-->a
1481 :from c-->a
1482 :from c-->b
1483 :from a-->b
1484 :from c-->a
1485 :from b-->c
1486 :from b-->a
1487 :from c-->a
1488 :from b-->c
1489 :from a-->b
1490 :from a-->c
1491 :from b-->c
1492 :from a-->b
1493 :from c-->a
1494 :from c-->b
1495 :from a-->b
1496 :from a-->c
1497 :from b-->c
1498 :from b-->a
1499 :from c-->a
1500 :from b-->c
1501 :from a-->b
1502 :from a-->c
1503 :from b-->c
1504 :from b-->a
1505 :from c-->a
1506 :from c-->b
1507 :from a-->b
1508 :from c-->a
1509 :from b-->c
1510 :from b-->a
1511 :from c-->a
1512 :from c-->b
1513 :from a-->b
1514 :from a-->c
1515 :from b-->c
1516 :from a-->b
1517 :from c-->a
1518 :from c-->b
1519 :from a-->b
1520 :from c-->a
1521 :from b-->c
1522 :from b-->a
1523 :from c-->a
1524 :from b-->c
1525 :from a-->b
1526 :from a-->c
1527 :from b-->c
1528 :from b-->a
1529 :from c-->a
1530 :from c-->b
1531 :from a-->b
1532 :from c-->a
1533 :from b-->c
1534 :from b-->a
1535 :from c-->a
1536 :from c-->b
1537 :from a-->b
1538 :from a-->c
1539 :from b-->c
1540 :from a-->b
1541 :from c-->a
1542 :from c-->b
1543 :from a-->b
1544 :from a-->c
1545 :from b-->c
1546 :from b-->a
1547 :from c-->a
1548 :from b-->c
1549 :from a-->b
1550 :from a-->c
1551 :from b-->c
1552 :from a-->b
1553 :from c-->a
1554 :from c-->b
1555 :from a-->b
1556 :from c-->a
1557 :from b-->c
1558 :from b-->a
1559 :from c-->a
1560 :from c-->b
1561 :from a-->b
1562 :from a-->c
1563 :from b-->c
1564 :from a-->b
1565 :from c-->a
1566 :from c-->b
1567 :from a-->b
1568 :from a-->c
1569 :from b-->c
1570 :from b-->a
1571 :from c-->a
1572 :from b-->c
1573 :from a-->b
1574 :from a-->c
1575 :from b-->c
1576 :from b-->a
1577 :from c-->a
1578 :from c-->b
1579 :from a-->b
1580 :from c-->a
1581 :from b-->c
1582 :from b-->a
1583 :from c-->a
1584 :from b-->c
1585 :from a-->b
1586 :from a-->c
1587 :from b-->c
1588 :from a-->b
1589 :from c-->a
1590 :from c-->b
1591 :from a-->b
1592 :from a-->c
1593 :from b-->c
1594 :from b-->a
1595 :from c-->a
1596 :from b-->c
1597 :from a-->b
1598 :from a-->c
1599 :from b-->c
1600 :from a-->b
1601 :from c-->a
1602 :from c-->b
1603 :from a-->b
1604 :from c-->a
1605 :from b-->c
1606 :from b-->a
1607 :from c-->a
1608 :from c-->b
1609 :from a-->b
1610 :from a-->c
1611 :from b-->c
1612 :from a-->b
1613 :from c-->a
1614 :from c-->b
1615 :from a-->b
1616 :from c-->a
1617 :from b-->c
1618 :from b-->a
1619 :from c-->a
1620 :from b-->c
1621 :from a-->b
1622 :from a-->c
1623 :from b-->c
1624 :from b-->a
1625 :from c-->a
1626 :from c-->b
1627 :from a-->b
1628 :from c-->a
1629 :from b-->c
1630 :from b-->a
1631 :from c-->a
1632 :from c-->b
1633 :from a-->b
1634 :from a-->c
1635 :from b-->c
1636 :from a-->b
1637 :from c-->a
1638 :from c-->b
1639 :from a-->b
1640 :from a-->c
1641 :from b-->c
1642 :from b-->a
1643 :from c-->a
1644 :from b-->c
1645 :from a-->b
1646 :from a-->c
1647 :from b-->c
1648 :from a-->b
1649 :from c-->a
1650 :from c-->b
1651 :from a-->b
1652 :from c-->a
1653 :from b-->c
1654 :from b-->a
1655 :from c-->a
1656 :from c-->b
1657 :from a-->b
1658 :from a-->c
1659 :from b-->c
1660 :from a-->b
1661 :from c-->a
1662 :from c-->b
1663 :from a-->b
1664 :from a-->c
1665 :from b-->c
1666 :from b-->a
1667 :from c-->a
1668 :from b-->c
1669 :from a-->b
1670 :from a-->c
1671 :from b-->c
1672 :from b-->a
1673 :from c-->a
1674 :from c-->b
1675 :from a-->b
1676 :from c-->a
1677 :from b-->c
1678 :from b-->a
1679 :from c-->a
1680 :from b-->c
1681 :from a-->b
1682 :from a-->c
1683 :from b-->c
1684 :from a-->b
1685 :from c-->a
1686 :from c-->b
1687 :from a-->b
1688 :from a-->c
1689 :from b-->c
1690 :from b-->a
1691 :from c-->a
1692 :from b-->c
1693 :from a-->b
1694 :from a-->c
1695 :from b-->c
1696 :from b-->a
1697 :from c-->a
1698 :from c-->b
1699 :from a-->b
1700 :from c-->a
1701 :from b-->c
1702 :from b-->a
1703 :from c-->a
1704 :from c-->b
1705 :from a-->b
1706 :from a-->c
1707 :from b-->c
1708 :from a-->b
1709 :from c-->a
1710 :from c-->b
1711 :from a-->b
1712 :from c-->a
1713 :from b-->c
1714 :from b-->a
1715 :from c-->a
1716 :from b-->c
1717 :from a-->b
1718 :from a-->c
1719 :from b-->c
1720 :from b-->a
1721 :from c-->a
1722 :from c-->b
1723 :from a-->b
1724 :from c-->a
1725 :from b-->c
1726 :from b-->a
1727 :from c-->a
1728 :from b-->c
1729 :from a-->b
1730 :from a-->c
1731 :from b-->c
1732 :from a-->b
1733 :from c-->a
1734 :from c-->b
1735 :from a-->b
1736 :from a-->c
1737 :from b-->c
1738 :from b-->a
1739 :from c-->a
1740 :from b-->c
1741 :from a-->b
1742 :from a-->c
1743 :from b-->c
1744 :from a-->b
1745 :from c-->a
1746 :from c-->b
1747 :from a-->b
1748 :from c-->a
1749 :from b-->c
1750 :from b-->a
1751 :from c-->a
1752 :from c-->b
1753 :from a-->b
1754 :from a-->c
1755 :from b-->c
1756 :from a-->b
1757 :from c-->a
1758 :from c-->b
1759 :from a-->b
1760 :from a-->c
1761 :from b-->c
1762 :from b-->a
1763 :from c-->a
1764 :from b-->c
1765 :from a-->b
1766 :from a-->c
1767 :from b-->c
1768 :from b-->a
1769 :from c-->a
1770 :from c-->b
1771 :from a-->b
1772 :from c-->a
1773 :from b-->c
1774 :from b-->a
1775 :from c-->a
1776 :from b-->c
1777 :from a-->b
1778 :from a-->c
1779 :from b-->c
1780 :from a-->b
1781 :from c-->a
1782 :from c-->b
1783 :from a-->b
1784 :from a-->c
1785 :from b-->c
1786 :from b-->a
1787 :from c-->a
1788 :from b-->c
1789 :from a-->b
1790 :from a-->c
1791 :from b-->c
1792 :from a-->b
1793 :from c-->a
1794 :from c-->b
1795 :from a-->b
1796 :from c-->a
1797 :from b-->c
1798 :from b-->a
1799 :from c-->a
1800 :from c-->b
1801 :from a-->b
1802 :from a-->c
1803 :from b-->c
1804 :from a-->b
1805 :from c-->a
1806 :from c-->b
1807 :from a-->b
1808 :from c-->a
1809 :from b-->c
1810 :from b-->a
1811 :from c-->a
1812 :from b-->c
1813 :from a-->b
1814 :from a-->c
1815 :from b-->c
1816 :from b-->a
1817 :from c-->a
1818 :from c-->b
1819 :from a-->b
1820 :from c-->a
1821 :from b-->c
1822 :from b-->a
1823 :from c-->a
1824 :from c-->b
1825 :from a-->b
1826 :from a-->c
1827 :from b-->c
1828 :from a-->b
1829 :from c-->a
1830 :from c-->b
1831 :from a-->b
1832 :from a-->c
1833 :from b-->c
1834 :from b-->a
1835 :from c-->a
1836 :from b-->c
1837 :from a-->b
1838 :from a-->c
1839 :from b-->c
1840 :from a-->b
1841 :from c-->a
1842 :from c-->b
1843 :from a-->b
1844 :from c-->a
1845 :from b-->c
1846 :from b-->a
1847 :from c-->a
1848 :from c-->b
1849 :from a-->b
1850 :from a-->c
1851 :from b-->c
1852 :from a-->b
1853 :from c-->a
1854 :from c-->b
1855 :from a-->b
1856 :from c-->a
1857 :from b-->c
1858 :from b-->a
1859 :from c-->a
1860 :from b-->c
1861 :from a-->b
1862 :from a-->c
1863 :from b-->c
1864 :from b-->a
1865 :from c-->a
1866 :from c-->b
1867 :from a-->b
1868 :from c-->a
1869 :from b-->c
1870 :from b-->a
1871 :from c-->a
1872 :from b-->c
1873 :from a-->b
1874 :from a-->c
1875 :from b-->c
1876 :from a-->b
1877 :from c-->a
1878 :from c-->b
1879 :from a-->b
1880 :from a-->c
1881 :from b-->c
1882 :from b-->a
1883 :from c-->a
1884 :from b-->c
1885 :from a-->b
1886 :from a-->c
1887 :from b-->c
1888 :from b-->a
1889 :from c-->a
1890 :from c-->b
1891 :from a-->b
1892 :from c-->a
1893 :from b-->c
1894 :from b-->a
1895 :from c-->a
1896 :from c-->b
1897 :from a-->b
1898 :from a-->c
1899 :from b-->c
1900 :from a-->b
1901 :from c-->a
1902 :from c-->b
1903 :from a-->b
1904 :from c-->a
1905 :from b-->c
1906 :from b-->a
1907 :from c-->a
1908 :from b-->c
1909 :from a-->b
1910 :from a-->c
1911 :from b-->c
1912 :from b-->a
1913 :from c-->a
1914 :from c-->b
1915 :from a-->b
1916 :from c-->a
1917 :from b-->c
1918 :from b-->a
1919 :from c-->a
1920 :from c-->b
1921 :from a-->b
1922 :from a-->c
1923 :from b-->c
1924 :from a-->b
1925 :from c-->a
1926 :from c-->b
1927 :from a-->b
1928 :from a-->c
1929 :from b-->c
1930 :from b-->a
1931 :from c-->a
1932 :from b-->c
1933 :from a-->b
1934 :from a-->c
1935 :from b-->c
1936 :from a-->b
1937 :from c-->a
1938 :from c-->b
1939 :from a-->b
1940 :from c-->a
1941 :from b-->c
1942 :from b-->a
1943 :from c-->a
1944 :from c-->b
1945 :from a-->b
1946 :from a-->c
1947 :from b-->c
1948 :from a-->b
1949 :from c-->a
1950 :from c-->b
1951 :from a-->b
1952 :from a-->c
1953 :from b-->c
1954 :from b-->a
1955 :from c-->a
1956 :from b-->c
1957 :from a-->b
1958 :from a-->c
1959 :from b-->c
1960 :from b-->a
1961 :from c-->a
1962 :from c-->b
1963 :from a-->b
1964 :from c-->a
1965 :from b-->c
1966 :from b-->a
1967 :from c-->a
1968 :from b-->c
1969 :from a-->b
1970 :from a-->c
1971 :from b-->c
1972 :from a-->b
1973 :from c-->a
1974 :from c-->b
1975 :from a-->b
1976 :from a-->c
1977 :from b-->c
1978 :from b-->a
1979 :from c-->a
1980 :from b-->c
1981 :from a-->b
1982 :from a-->c
1983 :from b-->c
1984 :from a-->b
1985 :from c-->a
1986 :from c-->b
1987 :from a-->b
1988 :from c-->a
1989 :from b-->c
1990 :from b-->a
1991 :from c-->a
1992 :from c-->b
1993 :from a-->b
1994 :from a-->c
1995 :from b-->c
1996 :from a-->b
1997 :from c-->a
1998 :from c-->b
1999 :from a-->b
2000 :from c-->a
2001 :from b-->c
2002 :from b-->a
2003 :from c-->a
2004 :from b-->c
2005 :from a-->b
2006 :from a-->c
2007 :from b-->c
2008 :from b-->a
2009 :from c-->a
2010 :from c-->b
2011 :from a-->b
2012 :from c-->a
2013 :from b-->c
2014 :from b-->a
2015 :from c-->a
2016 :from c-->b
2017 :from a-->b
2018 :from a-->c
2019 :from b-->c
2020 :from a-->b
2021 :from c-->a
2022 :from c-->b
2023 :from a-->b
2024 :from a-->c
2025 :from b-->c
2026 :from b-->a
2027 :from c-->a
2028 :from b-->c
2029 :from a-->b
2030 :from a-->c
2031 :from b-->c
2032 :from a-->b
2033 :from c-->a
2034 :from c-->b
2035 :from a-->b
2036 :from c-->a
2037 :from b-->c
2038 :from b-->a
2039 :from c-->a
2040 :from c-->b
2041 :from a-->b
2042 :from a-->c
2043 :from b-->c
2044 :from a-->b
2045 :from c-->a
2046 :from c-->b
2047 :from a-->b
2048 :from a-->c
2049 :from b-->c
2050 :from b-->a
2051 :from c-->a
2052 :from b-->c
2053 :from a-->b
2054 :from a-->c
2055 :from b-->c
2056 :from b-->a
2057 :from c-->a
2058 :from c-->b
2059 :from a-->b
2060 :from c-->a
2061 :from b-->c
2062 :from b-->a
2063 :from c-->a
2064 :from b-->c
2065 :from a-->b
2066 :from a-->c
2067 :from b-->c
2068 :from a-->b
2069 :from c-->a
2070 :from c-->b
2071 :from a-->b
2072 :from a-->c
2073 :from b-->c
2074 :from b-->a
2075 :from c-->a
2076 :from b-->c
2077 :from a-->b
2078 :from a-->c
2079 :from b-->c
2080 :from b-->a
2081 :from c-->a
2082 :from c-->b
2083 :from a-->b
2084 :from c-->a
2085 :from b-->c
2086 :from b-->a
2087 :from c-->a
2088 :from c-->b
2089 :from a-->b
2090 :from a-->c
2091 :from b-->c
2092 :from a-->b
2093 :from c-->a
2094 :from c-->b
2095 :from a-->b
2096 :from c-->a
2097 :from b-->c
2098 :from b-->a
2099 :from c-->a
2100 :from b-->c
2101 :from a-->b
2102 :from a-->c
2103 :from b-->c
2104 :from b-->a
2105 :from c-->a
2106 :from c-->b
2107 :from a-->b
2108 :from c-->a
2109 :from b-->c
2110 :from b-->a
2111 :from c-->a
2112 :from b-->c
2113 :from a-->b
2114 :from a-->c
2115 :from b-->c
2116 :from a-->b
2117 :from c-->a
2118 :from c-->b
2119 :from a-->b
2120 :from a-->c
2121 :from b-->c
2122 :from b-->a
2123 :from c-->a
2124 :from b-->c
2125 :from a-->b
2126 :from a-->c
2127 :from b-->c
2128 :from a-->b
2129 :from c-->a
2130 :from c-->b
2131 :from a-->b
2132 :from c-->a
2133 :from b-->c
2134 :from b-->a
2135 :from c-->a
2136 :from c-->b
2137 :from a-->b
2138 :from a-->c
2139 :from b-->c
2140 :from a-->b
2141 :from c-->a
2142 :from c-->b
2143 :from a-->b
2144 :from a-->c
2145 :from b-->c
2146 :from b-->a
2147 :from c-->a
2148 :from b-->c
2149 :from a-->b
2150 :from a-->c
2151 :from b-->c
2152 :from b-->a
2153 :from c-->a
2154 :from c-->b
2155 :from a-->b
2156 :from c-->a
2157 :from b-->c
2158 :from b-->a
2159 :from c-->a
2160 :from b-->c
2161 :from a-->b
2162 :from a-->c
2163 :from b-->c
2164 :from a-->b
2165 :from c-->a
2166 :from c-->b
2167 :from a-->b
2168 :from a-->c
2169 :from b-->c
2170 :from b-->a
2171 :from c-->a
2172 :from b-->c
2173 :from a-->b
2174 :from a-->c
2175 :from b-->c
2176 :from b-->a
2177 :from c-->a
2178 :from c-->b
2179 :from a-->b
2180 :from c-->a
2181 :from b-->c
2182 :from b-->a
2183 :from c-->a
2184 :from c-->b
2185 :from a-->b
2186 :from a-->c
2187 :from b-->c
2188 :from a-->b
2189 :from c-->a
2190 :from c-->b
2191 :from a-->b
2192 :from c-->a
2193 :from b-->c
2194 :from b-->a
2195 :from c-->a
2196 :from b-->c
2197 :from a-->b
2198 :from a-->c
2199 :from b-->c
2200 :from b-->a
2201 :from c-->a
2202 :from c-->b
2203 :from a-->b
2204 :from c-->a
2205 :from b-->c
2206 :from b-->a
2207 :from c-->a
2208 :from c-->b
2209 :from a-->b
2210 :from a-->c
2211 :from b-->c
2212 :from a-->b
2213 :from c-->a
2214 :from c-->b
2215 :from a-->b
2216 :from a-->c
2217 :from b-->c
2218 :from b-->a
2219 :from c-->a
2220 :from b-->c
2221 :from a-->b
2222 :from a-->c
2223 :from b-->c
2224 :from a-->b
2225 :from c-->a
2226 :from c-->b
2227 :from a-->b
2228 :from c-->a
2229 :from b-->c
2230 :from b-->a
2231 :from c-->a
2232 :from c-->b
2233 :from a-->b
2234 :from a-->c
2235 :from b-->c
2236 :from a-->b
2237 :from c-->a
2238 :from c-->b
2239 :from a-->b
2240 :from c-->a
2241 :from b-->c
2242 :from b-->a
2243 :from c-->a
2244 :from b-->c
2245 :from a-->b
2246 :from a-->c
2247 :from b-->c
2248 :from b-->a
2249 :from c-->a
2250 :from c-->b
2251 :from a-->b
2252 :from c-->a
2253 :from b-->c
2254 :from b-->a
2255 :from c-->a
2256 :from b-->c
2257 :from a-->b
2258 :from a-->c
2259 :from b-->c
2260 :from a-->b
2261 :from c-->a
2262 :from c-->b
2263 :from a-->b
2264 :from a-->c
2265 :from b-->c
2266 :from b-->a
2267 :from c-->a
2268 :from b-->c
2269 :from a-->b
2270 :from a-->c
2271 :from b-->c
2272 :from b-->a
2273 :from c-->a
2274 :from c-->b
2275 :from a-->b
2276 :from c-->a
2277 :from b-->c
2278 :from b-->a
2279 :from c-->a
2280 :from c-->b
2281 :from a-->b
2282 :from a-->c
2283 :from b-->c
2284 :from a-->b
2285 :from c-->a
2286 :from c-->b
2287 :from a-->b
2288 :from c-->a
2289 :from b-->c
2290 :from b-->a
2291 :from c-->a
2292 :from b-->c
2293 :from a-->b
2294 :from a-->c
2295 :from b-->c
2296 :from b-->a
2297 :from c-->a
2298 :from c-->b
2299 :from a-->b
2300 :from c-->a
2301 :from b-->c
2302 :from b-->a
2303 :from c-->a
2304 :from b-->c
2305 :from a-->b
2306 :from a-->c
2307 :from b-->c
2308 :from a-->b
2309 :from c-->a
2310 :from c-->b
2311 :from a-->b
2312 :from a-->c
2313 :from b-->c
2314 :from b-->a
2315 :from c-->a
2316 :from b-->c
2317 :from a-->b
2318 :from a-->c
2319 :from b-->c
2320 :from a-->b
2321 :from c-->a
2322 :from c-->b
2323 :from a-->b
2324 :from c-->a
2325 :from b-->c
2326 :from b-->a
2327 :from c-->a
2328 :from c-->b
2329 :from a-->b
2330 :from a-->c
2331 :from b-->c
2332 :from a-->b
2333 :from c-->a
2334 :from c-->b
2335 :from a-->b
2336 :from a-->c
2337 :from b-->c
2338 :from b-->a
2339 :from c-->a
2340 :from b-->c
2341 :from a-->b
2342 :from a-->c
2343 :from b-->c
2344 :from b-->a
2345 :from c-->a
2346 :from c-->b
2347 :from a-->b
2348 :from c-->a
2349 :from b-->c
2350 :from b-->a
2351 :from c-->a
2352 :from b-->c
2353 :from a-->b
2354 :from a-->c
2355 :from b-->c
2356 :from a-->b
2357 :from c-->a
2358 :from c-->b
2359 :from a-->b
2360 :from a-->c
2361 :from b-->c
2362 :from b-->a
2363 :from c-->a
2364 :from b-->c
2365 :from a-->b
2366 :from a-->c
2367 :from b-->c
2368 :from a-->b
2369 :from c-->a
2370 :from c-->b
2371 :from a-->b
2372 :from c-->a
2373 :from b-->c
2374 :from b-->a
2375 :from c-->a
2376 :from c-->b
2377 :from a-->b
2378 :from a-->c
2379 :from b-->c
2380 :from a-->b
2381 :from c-->a
2382 :from c-->b
2383 :from a-->b
2384 :from c-->a
2385 :from b-->c
2386 :from b-->a
2387 :from c-->a
2388 :from b-->c
2389 :from a-->b
2390 :from a-->c
2391 :from b-->c
2392 :from b-->a
2393 :from c-->a
2394 :from c-->b
2395 :from a-->b
2396 :from c-->a
2397 :from b-->c
2398 :from b-->a
2399 :from c-->a
2400 :from c-->b
2401 :from a-->b
2402 :from a-->c
2403 :from b-->c
2404 :from a-->b
2405 :from c-->a
2406 :from c-->b
2407 :from a-->b
2408 :from a-->c
2409 :from b-->c
2410 :from b-->a
2411 :from c-->a
2412 :from b-->c
2413 :from a-->b
2414 :from a-->c
2415 :from b-->c
2416 :from a-->b
2417 :from c-->a
2418 :from c-->b
2419 :from a-->b
2420 :from c-->a
2421 :from b-->c
2422 :from b-->a
2423 :from c-->a
2424 :from c-->b
2425 :from a-->b
2426 :from a-->c
2427 :from b-->c
2428 :from a-->b
2429 :from c-->a
2430 :from c-->b
2431 :from a-->b
2432 :from a-->c
2433 :from b-->c
2434 :from b-->a
2435 :from c-->a
2436 :from b-->c
2437 :from a-->b
2438 :from a-->c
2439 :from b-->c
2440 :from b-->a
2441 :from c-->a
2442 :from c-->b
2443 :from a-->b
2444 :from c-->a
2445 :from b-->c
2446 :from b-->a
2447 :from c-->a
2448 :from b-->c
2449 :from a-->b
2450 :from a-->c
2451 :from b-->c
2452 :from a-->b
2453 :from c-->a
2454 :from c-->b
2455 :from a-->b
2456 :from a-->c
2457 :from b-->c
2458 :from b-->a
2459 :from c-->a
2460 :from b-->c
2461 :from a-->b
2462 :from a-->c
2463 :from b-->c
2464 :from b-->a
2465 :from c-->a
2466 :from c-->b
2467 :from a-->b
2468 :from c-->a
2469 :from b-->c
2470 :from b-->a
2471 :from c-->a
2472 :from c-->b
2473 :from a-->b
2474 :from a-->c
2475 :from b-->c
2476 :from a-->b
2477 :from c-->a
2478 :from c-->b
2479 :from a-->b
2480 :from c-->a
2481 :from b-->c
2482 :from b-->a
2483 :from c-->a
2484 :from b-->c
2485 :from a-->b
2486 :from a-->c
2487 :from b-->c
2488 :from b-->a
2489 :from c-->a
2490 :from c-->b
2491 :from a-->b
2492 :from c-->a
2493 :from b-->c
2494 :from b-->a
2495 :from c-->a
2496 :from b-->c
2497 :from a-->b
2498 :from a-->c
2499 :from b-->c
2500 :from a-->b
2501 :from c-->a
2502 :from c-->b
2503 :from a-->b
2504 :from a-->c
2505 :from b-->c
2506 :from b-->a
2507 :from c-->a
2508 :from b-->c
2509 :from a-->b
2510 :from a-->c
2511 :from b-->c
2512 :from a-->b
2513 :from c-->a
2514 :from c-->b
2515 :from a-->b
2516 :from c-->a
2517 :from b-->c
2518 :from b-->a
2519 :from c-->a
2520 :from c-->b
2521 :from a-->b
2522 :from a-->c
2523 :from b-->c
2524 :from a-->b
2525 :from c-->a
2526 :from c-->b
2527 :from a-->b
2528 :from a-->c
2529 :from b-->c
2530 :from b-->a
2531 :from c-->a
2532 :from b-->c
2533 :from a-->b
2534 :from a-->c
2535 :from b-->c
2536 :from b-->a
2537 :from c-->a
2538 :from c-->b
2539 :from a-->b
2540 :from c-->a
2541 :from b-->c
2542 :from b-->a
2543 :from c-->a
2544 :from b-->c
2545 :from a-->b
2546 :from a-->c
2547 :from b-->c
2548 :from a-->b
2549 :from c-->a
2550 :from c-->b
2551 :from a-->b
2552 :from a-->c
2553 :from b-->c
2554 :from b-->a
2555 :from c-->a
2556 :from b-->c
2557 :from a-->b
2558 :from a-->c
2559 :from b-->c
2560 :from b-->a
2561 :from c-->a
2562 :from c-->b
2563 :from a-->b
2564 :from c-->a
2565 :from b-->c
2566 :from b-->a
2567 :from c-->a
2568 :from c-->b
2569 :from a-->b
2570 :from a-->c
2571 :from b-->c
2572 :from a-->b
2573 :from c-->a
2574 :from c-->b
2575 :from a-->b
2576 :from c-->a
2577 :from b-->c
2578 :from b-->a
2579 :from c-->a
2580 :from b-->c
2581 :from a-->b
2582 :from a-->c
2583 :from b-->c
2584 :from b-->a
2585 :from c-->a
2586 :from c-->b
2587 :from a-->b
2588 :from c-->a
2589 :from b-->c
2590 :from b-->a
2591 :from c-->a
2592 :from c-->b
2593 :from a-->b
2594 :from a-->c
2595 :from b-->c
2596 :from a-->b
2597 :from c-->a
2598 :from c-->b
2599 :from a-->b
2600 :from a-->c
2601 :from b-->c
2602 :from b-->a
2603 :from c-->a
2604 :from b-->c
2605 :from a-->b
2606 :from a-->c
2607 :from b-->c
2608 :from a-->b
2609 :from c-->a
2610 :from c-->b
2611 :from a-->b
2612 :from c-->a
2613 :from b-->c
2614 :from b-->a
2615 :from c-->a
2616 :from c-->b
2617 :from a-->b
2618 :from a-->c
2619 :from b-->c
2620 :from a-->b
2621 :from c-->a
2622 :from c-->b
2623 :from a-->b
2624 :from c-->a
2625 :from b-->c
2626 :from b-->a
2627 :from c-->a
2628 :from b-->c
2629 :from a-->b
2630 :from a-->c
2631 :from b-->c
2632 :from b-->a
2633 :from c-->a
2634 :from c-->b
2635 :from a-->b
2636 :from c-->a
2637 :from b-->c
2638 :from b-->a
2639 :from c-->a
2640 :from b-->c
2641 :from a-->b
2642 :from a-->c
2643 :from b-->c
2644 :from a-->b
2645 :from c-->a
2646 :from c-->b
2647 :from a-->b
2648 :from a-->c
2649 :from b-->c
2650 :from b-->a
2651 :from c-->a
2652 :from b-->c
2653 :from a-->b
2654 :from a-->c
2655 :from b-->c
2656 :from b-->a
2657 :from c-->a
2658 :from c-->b
2659 :from a-->b
2660 :from c-->a
2661 :from b-->c
2662 :from b-->a
2663 :from c-->a
2664 :from c-->b
2665 :from a-->b
2666 :from a-->c
2667 :from b-->c
2668 :from a-->b
2669 :from c-->a
2670 :from c-->b
2671 :from a-->b
2672 :from c-->a
2673 :from b-->c
2674 :from b-->a
2675 :from c-->a
2676 :from b-->c
2677 :from a-->b
2678 :from a-->c
2679 :from b-->c
2680 :from b-->a
2681 :from c-->a
2682 :from c-->b
2683 :from a-->b
2684 :from c-->a
2685 :from b-->c
2686 :from b-->a
2687 :from c-->a
2688 :from c-->b
2689 :from a-->b
2690 :from a-->c
2691 :from b-->c
2692 :from a-->b
2693 :from c-->a
2694 :from c-->b
2695 :from a-->b
2696 :from a-->c
2697 :from b-->c
2698 :from b-->a
2699 :from c-->a
2700 :from b-->c
2701 :from a-->b
2702 :from a-->c
2703 :from b-->c
2704 :from a-->b
2705 :from c-->a
2706 :from c-->b
2707 :from a-->b
2708 :from c-->a
2709 :from b-->c
2710 :from b-->a
2711 :from c-->a
2712 :from c-->b
2713 :from a-->b
2714 :from a-->c
2715 :from b-->c
2716 :from a-->b
2717 :from c-->a
2718 :from c-->b
2719 :from a-->b
2720 :from a-->c
2721 :from b-->c
2722 :from b-->a
2723 :from c-->a
2724 :from b-->c
2725 :from a-->b
2726 :from a-->c
2727 :from b-->c
2728 :from b-->a
2729 :from c-->a
2730 :from c-->b
2731 :from a-->b
2732 :from c-->a
2733 :from b-->c
2734 :from b-->a
2735 :from c-->a
2736 :from b-->c
2737 :from a-->b
2738 :from a-->c
2739 :from b-->c
2740 :from a-->b
2741 :from c-->a
2742 :from c-->b
2743 :from a-->b
2744 :from a-->c
2745 :from b-->c
2746 :from b-->a
2747 :from c-->a
2748 :from b-->c
2749 :from a-->b
2750 :from a-->c
2751 :from b-->c
2752 :from a-->b
2753 :from c-->a
2754 :from c-->b
2755 :from a-->b
2756 :from c-->a
2757 :from b-->c
2758 :from b-->a
2759 :from c-->a
2760 :from c-->b
2761 :from a-->b
2762 :from a-->c
2763 :from b-->c
2764 :from a-->b
2765 :from c-->a
2766 :from c-->b
2767 :from a-->b
2768 :from c-->a
2769 :from b-->c
2770 :from b-->a
2771 :from c-->a
2772 :from b-->c
2773 :from a-->b
2774 :from a-->c
2775 :from b-->c
2776 :from b-->a
2777 :from c-->a
2778 :from c-->b
2779 :from a-->b
2780 :from c-->a
2781 :from b-->c
2782 :from b-->a
2783 :from c-->a
2784 :from c-->b
2785 :from a-->b
2786 :from a-->c
2787 :from b-->c
2788 :from a-->b
2789 :from c-->a
2790 :from c-->b
2791 :from a-->b
2792 :from a-->c
2793 :from b-->c
2794 :from b-->a
2795 :from c-->a
2796 :from b-->c
2797 :from a-->b
2798 :from a-->c
2799 :from b-->c
2800 :from a-->b
2801 :from c-->a
2802 :from c-->b
2803 :from a-->b
2804 :from c-->a
2805 :from b-->c
2806 :from b-->a
2807 :from c-->a
2808 :from c-->b
2809 :from a-->b
2810 :from a-->c
2811 :from b-->c
2812 :from a-->b
2813 :from c-->a
2814 :from c-->b
2815 :from a-->b
2816 :from c-->a
2817 :from b-->c
2818 :from b-->a
2819 :from c-->a
2820 :from b-->c
2821 :from a-->b
2822 :from a-->c
2823 :from b-->c
2824 :from b-->a
2825 :from c-->a
2826 :from c-->b
2827 :from a-->b
2828 :from c-->a
2829 :from b-->c
2830 :from b-->a
2831 :from c-->a
2832 :from b-->c
2833 :from a-->b
2834 :from a-->c
2835 :from b-->c
2836 :from a-->b
2837 :from c-->a
2838 :from c-->b
2839 :from a-->b
2840 :from a-->c
2841 :from b-->c
2842 :from b-->a
2843 :from c-->a
2844 :from b-->c
2845 :from a-->b
2846 :from a-->c
2847 :from b-->c
2848 :from b-->a
2849 :from c-->a
2850 :from c-->b
2851 :from a-->b
2852 :from c-->a
2853 :from b-->c
2854 :from b-->a
2855 :from c-->a
2856 :from c-->b
2857 :from a-->b
2858 :from a-->c
2859 :from b-->c
2860 :from a-->b
2861 :from c-->a
2862 :from c-->b
2863 :from a-->b
2864 :from c-->a
2865 :from b-->c
2866 :from b-->a
2867 :from c-->a
2868 :from b-->c
2869 :from a-->b
2870 :from a-->c
2871 :from b-->c
2872 :from b-->a
2873 :from c-->a
2874 :from c-->b
2875 :from a-->b
2876 :from c-->a
2877 :from b-->c
2878 :from b-->a
2879 :from c-->a
2880 :from b-->c
2881 :from a-->b
2882 :from a-->c
2883 :from b-->c
2884 :from a-->b
2885 :from c-->a
2886 :from c-->b
2887 :from a-->b
2888 :from a-->c
2889 :from b-->c
2890 :from b-->a
2891 :from c-->a
2892 :from b-->c
2893 :from a-->b
2894 :from a-->c
2895 :from b-->c
2896 :from a-->b
2897 :from c-->a
2898 :from c-->b
2899 :from a-->b
2900 :from c-->a
2901 :from b-->c
2902 :from b-->a
2903 :from c-->a
2904 :from c-->b
2905 :from a-->b
2906 :from a-->c
2907 :from b-->c
2908 :from a-->b
2909 :from c-->a
2910 :from c-->b
2911 :from a-->b
2912 :from a-->c
2913 :from b-->c
2914 :from b-->a
2915 :from c-->a
2916 :from b-->c
2917 :from a-->b
2918 :from a-->c
2919 :from b-->c
2920 :from b-->a
2921 :from c-->a
2922 :from c-->b
2923 :from a-->b
2924 :from c-->a
2925 :from b-->c
2926 :from b-->a
2927 :from c-->a
2928 :from b-->c
2929 :from a-->b
2930 :from a-->c
2931 :from b-->c
2932 :from a-->b
2933 :from c-->a
2934 :from c-->b
2935 :from a-->b
2936 :from a-->c
2937 :from b-->c
2938 :from b-->a
2939 :from c-->a
2940 :from b-->c
2941 :from a-->b
2942 :from a-->c
2943 :from b-->c
2944 :from b-->a
2945 :from c-->a
2946 :from c-->b
2947 :from a-->b
2948 :from c-->a
2949 :from b-->c
2950 :from b-->a
2951 :from c-->a
2952 :from c-->b
2953 :from a-->b
2954 :from a-->c
2955 :from b-->c
2956 :from a-->b
2957 :from c-->a
2958 :from c-->b
2959 :from a-->b
2960 :from c-->a
2961 :from b-->c
2962 :from b-->a
2963 :from c-->a
2964 :from b-->c
2965 :from a-->b
2966 :from a-->c
2967 :from b-->c
2968 :from b-->a
2969 :from c-->a
2970 :from c-->b
2971 :from a-->b
2972 :from c-->a
2973 :from b-->c
2974 :from b-->a
2975 :from c-->a
2976 :from c-->b
2977 :from a-->b
2978 :from a-->c
2979 :from b-->c
2980 :from a-->b
2981 :from c-->a
2982 :from c-->b
2983 :from a-->b
2984 :from a-->c
2985 :from b-->c
2986 :from b-->a
2987 :from c-->a
2988 :from b-->c
2989 :from a-->b
2990 :from a-->c
2991 :from b-->c
2992 :from a-->b
2993 :from c-->a
2994 :from c-->b
2995 :from a-->b
2996 :from c-->a
2997 :from b-->c
2998 :from b-->a
2999 :from c-->a
3000 :from c-->b
3001 :from a-->b
3002 :from a-->c
3003 :from b-->c
3004 :from a-->b
3005 :from c-->a
3006 :from c-->b
3007 :from a-->b
3008 :from c-->a
3009 :from b-->c
3010 :from b-->a
3011 :from c-->a
3012 :from b-->c
3013 :from a-->b
3014 :from a-->c
3015 :from b-->c
3016 :from b-->a
3017 :from c-->a
3018 :from c-->b
3019 :from a-->b
3020 :from c-->a
3021 :from b-->c
3022 :from b-->a
3023 :from c-->a
3024 :from b-->c
3025 :from a-->b
3026 :from a-->c
3027 :from b-->c
3028 :from a-->b
3029 :from c-->a
3030 :from c-->b
3031 :from a-->b
3032 :from a-->c
3033 :from b-->c
3034 :from b-->a
3035 :from c-->a
3036 :from b-->c
3037 :from a-->b
3038 :from a-->c
3039 :from b-->c
3040 :from b-->a
3041 :from c-->a
3042 :from c-->b
3043 :from a-->b
3044 :from c-->a
3045 :from b-->c
3046 :from b-->a
3047 :from c-->a
3048 :from c-->b
3049 :from a-->b
3050 :from a-->c
3051 :from b-->c
3052 :from a-->b
3053 :from c-->a
3054 :from c-->b
3055 :from a-->b
3056 :from c-->a
3057 :from b-->c
3058 :from b-->a
3059 :from c-->a
3060 :from b-->c
3061 :from a-->b
3062 :from a-->c
3063 :from b-->c
3064 :from b-->a
3065 :from c-->a
3066 :from c-->b
3067 :from a-->b
3068 :from c-->a
3069 :from b-->c
3070 :from b-->a
3071 :from c-->a
3072 :from b-->c
3073 :from a-->b
3074 :from a-->c
3075 :from b-->c
3076 :from a-->b
3077 :from c-->a
3078 :from c-->b
3079 :from a-->b
3080 :from a-->c
3081 :from b-->c
3082 :from b-->a
3083 :from c-->a
3084 :from b-->c
3085 :from a-->b
3086 :from a-->c
3087 :from b-->c
3088 :from a-->b
3089 :from c-->a
3090 :from c-->b
3091 :from a-->b
3092 :from c-->a
3093 :from b-->c
3094 :from b-->a
3095 :from c-->a
3096 :from c-->b
3097 :from a-->b
3098 :from a-->c
3099 :from b-->c
3100 :from a-->b
3101 :from c-->a
3102 :from c-->b
3103 :from a-->b
3104 :from a-->c
3105 :from b-->c
3106 :from b-->a
3107 :from c-->a
3108 :from b-->c
3109 :from a-->b
3110 :from a-->c
3111 :from b-->c
3112 :from b-->a
3113 :from c-->a
3114 :from c-->b
3115 :from a-->b
3116 :from c-->a
3117 :from b-->c
3118 :from b-->a
3119 :from c-->a
3120 :from b-->c
3121 :from a-->b
3122 :from a-->c
3123 :from b-->c
3124 :from a-->b
3125 :from c-->a
3126 :from c-->b
3127 :from a-->b
3128 :from a-->c
3129 :from b-->c
3130 :from b-->a
3131 :from c-->a
3132 :from b-->c
3133 :from a-->b
3134 :from a-->c
3135 :from b-->c
3136 :from a-->b
3137 :from c-->a
3138 :from c-->b
3139 :from a-->b
3140 :from c-->a
3141 :from b-->c
3142 :from b-->a
3143 :from c-->a
3144 :from c-->b
3145 :from a-->b
3146 :from a-->c
3147 :from b-->c
3148 :from a-->b
3149 :from c-->a
3150 :from c-->b
3151 :from a-->b
3152 :from c-->a
3153 :from b-->c
3154 :from b-->a
3155 :from c-->a
3156 :from b-->c
3157 :from a-->b
3158 :from a-->c
3159 :from b-->c
3160 :from b-->a
3161 :from c-->a
3162 :from c-->b
3163 :from a-->b
3164 :from c-->a
3165 :from b-->c
3166 :from b-->a
3167 :from c-->a
3168 :from c-->b
3169 :from a-->b
3170 :from a-->c
3171 :from b-->c
3172 :from a-->b
3173 :from c-->a
3174 :from c-->b
3175 :from a-->b
3176 :from a-->c
3177 :from b-->c
3178 :from b-->a
3179 :from c-->a
3180 :from b-->c
3181 :from a-->b
3182 :from a-->c
3183 :from b-->c
3184 :from a-->b
3185 :from c-->a
3186 :from c-->b
3187 :from a-->b
3188 :from c-->a
3189 :from b-->c
3190 :from b-->a
3191 :from c-->a
3192 :from c-->b
3193 :from a-->b
3194 :from a-->c
3195 :from b-->c
3196 :from a-->b
3197 :from c-->a
3198 :from c-->b
3199 :from a-->b
3200 :from a-->c
3201 :from b-->c
3202 :from b-->a
3203 :from c-->a
3204 :from b-->c
3205 :from a-->b
3206 :from a-->c
3207 :from b-->c
3208 :from b-->a
3209 :from c-->a
3210 :from c-->b
3211 :from a-->b
3212 :from c-->a
3213 :from b-->c
3214 :from b-->a
3215 :from c-->a
3216 :from b-->c
3217 :from a-->b
3218 :from a-->c
3219 :from b-->c
3220 :from a-->b
3221 :from c-->a
3222 :from c-->b
3223 :from a-->b
3224 :from a-->c
3225 :from b-->c
3226 :from b-->a
3227 :from c-->a
3228 :from b-->c
3229 :from a-->b
3230 :from a-->c
3231 :from b-->c
3232 :from b-->a
3233 :from c-->a
3234 :from c-->b
3235 :from a-->b
3236 :from c-->a
3237 :from b-->c
3238 :from b-->a
3239 :from c-->a
3240 :from c-->b
3241 :from a-->b
3242 :from a-->c
3243 :from b-->c
3244 :from a-->b
3245 :from c-->a
3246 :from c-->b
3247 :from a-->b
3248 :from c-->a
3249 :from b-->c
3250 :from b-->a
3251 :from c-->a
3252 :from b-->c
3253 :from a-->b
3254 :from a-->c
3255 :from b-->c
3256 :from b-->a
3257 :from c-->a
3258 :from c-->b
3259 :from a-->b
3260 :from c-->a
3261 :from b-->c
3262 :from b-->a
3263 :from c-->a
3264 :from b-->c
3265 :from a-->b
3266 :from a-->c
3267 :from b-->c
3268 :from a-->b
3269 :from c-->a
3270 :from c-->b
3271 :from a-->b
3272 :from a-->c
3273 :from b-->c
3274 :from b-->a
3275 :from c-->a
3276 :from b-->c
3277 :from a-->b
3278 :from a-->c
3279 :from b-->c
3280 :from a-->b
3281 :from c-->a
3282 :from c-->b
3283 :from a-->b
3284 :from c-->a
3285 :from b-->c
3286 :from b-->a
3287 :from c-->a
3288 :from c-->b
3289 :from a-->b
3290 :from a-->c
3291 :from b-->c
3292 :from a-->b
3293 :from c-->a
3294 :from c-->b
3295 :from a-->b
3296 :from a-->c
3297 :from b-->c
3298 :from b-->a
3299 :from c-->a
3300 :from b-->c
3301 :from a-->b
3302 :from a-->c
3303 :from b-->c
3304 :from b-->a
3305 :from c-->a
3306 :from c-->b
3307 :from a-->b
3308 :from c-->a
3309 :from b-->c
3310 :from b-->a
3311 :from c-->a
3312 :from b-->c
3313 :from a-->b
3314 :from a-->c
3315 :from b-->c
3316 :from a-->b
3317 :from c-->a
3318 :from c-->b
3319 :from a-->b
3320 :from a-->c
3321 :from b-->c
3322 :from b-->a
3323 :from c-->a
3324 :from b-->c
3325 :from a-->b
3326 :from a-->c
3327 :from b-->c
3328 :from a-->b
3329 :from c-->a
3330 :from c-->b
3331 :from a-->b
3332 :from c-->a
3333 :from b-->c
3334 :from b-->a
3335 :from c-->a
3336 :from c-->b
3337 :from a-->b
3338 :from a-->c
3339 :from b-->c
3340 :from a-->b
3341 :from c-->a
3342 :from c-->b
3343 :from a-->b
3344 :from c-->a
3345 :from b-->c
3346 :from b-->a
3347 :from c-->a
3348 :from b-->c
3349 :from a-->b
3350 :from a-->c
3351 :from b-->c
3352 :from b-->a
3353 :from c-->a
3354 :from c-->b
3355 :from a-->b
3356 :from c-->a
3357 :from b-->c
3358 :from b-->a
3359 :from c-->a
3360 :from c-->b
3361 :from a-->b
3362 :from a-->c
3363 :from b-->c
3364 :from a-->b
3365 :from c-->a
3366 :from c-->b
3367 :from a-->b
3368 :from a-->c
3369 :from b-->c
3370 :from b-->a
3371 :from c-->a
3372 :from b-->c
3373 :from a-->b
3374 :from a-->c
3375 :from b-->c
3376 :from a-->b
3377 :from c-->a
3378 :from c-->b
3379 :from a-->b
3380 :from c-->a
3381 :from b-->c
3382 :from b-->a
3383 :from c-->a
3384 :from c-->b
3385 :from a-->b
3386 :from a-->c
3387 :from b-->c
3388 :from a-->b
3389 :from c-->a
3390 :from c-->b
3391 :from a-->b
3392 :from c-->a
3393 :from b-->c
3394 :from b-->a
3395 :from c-->a
3396 :from b-->c
3397 :from a-->b
3398 :from a-->c
3399 :from b-->c
3400 :from b-->a
3401 :from c-->a
3402 :from c-->b
3403 :from a-->b
3404 :from c-->a
3405 :from b-->c
3406 :from b-->a
3407 :from c-->a
3408 :from b-->c
3409 :from a-->b
3410 :from a-->c
3411 :from b-->c
3412 :from a-->b
3413 :from c-->a
3414 :from c-->b
3415 :from a-->b
3416 :from a-->c
3417 :from b-->c
3418 :from b-->a
3419 :from c-->a
3420 :from b-->c
3421 :from a-->b
3422 :from a-->c
3423 :from b-->c
3424 :from b-->a
3425 :from c-->a
3426 :from c-->b
3427 :from a-->b
3428 :from c-->a
3429 :from b-->c
3430 :from b-->a
3431 :from c-->a
3432 :from c-->b
3433 :from a-->b
3434 :from a-->c
3435 :from b-->c
3436 :from a-->b
3437 :from c-->a
3438 :from c-->b
3439 :from a-->b
3440 :from c-->a
3441 :from b-->c
3442 :from b-->a
3443 :from c-->a
3444 :from b-->c
3445 :from a-->b
3446 :from a-->c
3447 :from b-->c
3448 :from b-->a
3449 :from c-->a
3450 :from c-->b
3451 :from a-->b
3452 :from c-->a
3453 :from b-->c
3454 :from b-->a
3455 :from c-->a
3456 :from c-->b
3457 :from a-->b
3458 :from a-->c
3459 :from b-->c
3460 :from a-->b
3461 :from c-->a
3462 :from c-->b
3463 :from a-->b
3464 :from a-->c
3465 :from b-->c
3466 :from b-->a
3467 :from c-->a
3468 :from b-->c
3469 :from a-->b
3470 :from a-->c
3471 :from b-->c
3472 :from a-->b
3473 :from c-->a
3474 :from c-->b
3475 :from a-->b
3476 :from c-->a
3477 :from b-->c
3478 :from b-->a
3479 :from c-->a
3480 :from c-->b
3481 :from a-->b
3482 :from a-->c
3483 :from b-->c
3484 :from a-->b
3485 :from c-->a
3486 :from c-->b
3487 :from a-->b
3488 :from a-->c
3489 :from b-->c
3490 :from b-->a
3491 :from c-->a
3492 :from b-->c
3493 :from a-->b
3494 :from a-->c
3495 :from b-->c
3496 :from b-->a
3497 :from c-->a
3498 :from c-->b
3499 :from a-->b
3500 :from c-->a
3501 :from b-->c
3502 :from b-->a
3503 :from c-->a
3504 :from b-->c
3505 :from a-->b
3506 :from a-->c
3507 :from b-->c
3508 :from a-->b
3509 :from c-->a
3510 :from c-->b
3511 :from a-->b
3512 :from a-->c
3513 :from b-->c
3514 :from b-->a
3515 :from c-->a
3516 :from b-->c
3517 :from a-->b
3518 :from a-->c
3519 :from b-->c
3520 :from a-->b
3521 :from c-->a
3522 :from c-->b
3523 :from a-->b
3524 :from c-->a
3525 :from b-->c
3526 :from b-->a
3527 :from c-->a
3528 :from c-->b
3529 :from a-->b
3530 :from a-->c
3531 :from b-->c
3532 :from a-->b
3533 :from c-->a
3534 :from c-->b
3535 :from a-->b
3536 :from c-->a
3537 :from b-->c
3538 :from b-->a
3539 :from c-->a
3540 :from b-->c
3541 :from a-->b
3542 :from a-->c
3543 :from b-->c
3544 :from b-->a
3545 :from c-->a
3546 :from c-->b
3547 :from a-->b
3548 :from c-->a
3549 :from b-->c
3550 :from b-->a
3551 :from c-->a
3552 :from c-->b
3553 :from a-->b
3554 :from a-->c
3555 :from b-->c
3556 :from a-->b
3557 :from c-->a
3558 :from c-->b
3559 :from a-->b
3560 :from a-->c
3561 :from b-->c
3562 :from b-->a
3563 :from c-->a
3564 :from b-->c
3565 :from a-->b
3566 :from a-->c
3567 :from b-->c
3568 :from a-->b
3569 :from c-->a
3570 :from c-->b
3571 :from a-->b
3572 :from c-->a
3573 :from b-->c
3574 :from b-->a
3575 :from c-->a
3576 :from c-->b
3577 :from a-->b
3578 :from a-->c
3579 :from b-->c
3580 :from a-->b
3581 :from c-->a
3582 :from c-->b
3583 :from a-->b
3584 :from a-->c
3585 :from b-->c
3586 :from b-->a
3587 :from c-->a
3588 :from b-->c
3589 :from a-->b
3590 :from a-->c
3591 :from b-->c
3592 :from b-->a
3593 :from c-->a
3594 :from c-->b
3595 :from a-->b
3596 :from c-->a
3597 :from b-->c
3598 :from b-->a
3599 :from c-->a
3600 :from b-->c
3601 :from a-->b
3602 :from a-->c
3603 :from b-->c
3604 :from a-->b
3605 :from c-->a
3606 :from c-->b
3607 :from a-->b
3608 :from a-->c
3609 :from b-->c
3610 :from b-->a
3611 :from c-->a
3612 :from b-->c
3613 :from a-->b
3614 :from a-->c
3615 :from b-->c
3616 :from b-->a
3617 :from c-->a
3618 :from c-->b
3619 :from a-->b
3620 :from c-->a
3621 :from b-->c
3622 :from b-->a
3623 :from c-->a
3624 :from c-->b
3625 :from a-->b
3626 :from a-->c
3627 :from b-->c
3628 :from a-->b
3629 :from c-->a
3630 :from c-->b
3631 :from a-->b
3632 :from c-->a
3633 :from b-->c
3634 :from b-->a
3635 :from c-->a
3636 :from b-->c
3637 :from a-->b
3638 :from a-->c
3639 :from b-->c
3640 :from b-->a
3641 :from c-->a
3642 :from c-->b
3643 :from a-->b
3644 :from c-->a
3645 :from b-->c
3646 :from b-->a
3647 :from c-->a
3648 :from b-->c
3649 :from a-->b
3650 :from a-->c
3651 :from b-->c
3652 :from a-->b
3653 :from c-->a
3654 :from c-->b
3655 :from a-->b
3656 :from a-->c
3657 :from b-->c
3658 :from b-->a
3659 :from c-->a
3660 :from b-->c
3661 :from a-->b
3662 :from a-->c
3663 :from b-->c
3664 :from a-->b
3665 :from c-->a
3666 :from c-->b
3667 :from a-->b
3668 :from c-->a
3669 :from b-->c
3670 :from b-->a
3671 :from c-->a
3672 :from c-->b
3673 :from a-->b
3674 :from a-->c
3675 :from b-->c
3676 :from a-->b
3677 :from c-->a
3678 :from c-->b
3679 :from a-->b
3680 :from a-->c
3681 :from b-->c
3682 :from b-->a
3683 :from c-->a
3684 :from b-->c
3685 :from a-->b
3686 :from a-->c
3687 :from b-->c
3688 :from b-->a
3689 :from c-->a
3690 :from c-->b
3691 :from a-->b
3692 :from c-->a
3693 :from b-->c
3694 :from b-->a
3695 :from c-->a
3696 :from b-->c
3697 :from a-->b
3698 :from a-->c
3699 :from b-->c
3700 :from a-->b
3701 :from c-->a
3702 :from c-->b
3703 :from a-->b
3704 :from a-->c
3705 :from b-->c
3706 :from b-->a
3707 :from c-->a
3708 :from b-->c
3709 :from a-->b
3710 :from a-->c
3711 :from b-->c
3712 :from b-->a
3713 :from c-->a
3714 :from c-->b
3715 :from a-->b
3716 :from c-->a
3717 :from b-->c
3718 :from b-->a
3719 :from c-->a
3720 :from c-->b
3721 :from a-->b
3722 :from a-->c
3723 :from b-->c
3724 :from a-->b
3725 :from c-->a
3726 :from c-->b
3727 :from a-->b
3728 :from c-->a
3729 :from b-->c
3730 :from b-->a
3731 :from c-->a
3732 :from b-->c
3733 :from a-->b
3734 :from a-->c
3735 :from b-->c
3736 :from b-->a
3737 :from c-->a
3738 :from c-->b
3739 :from a-->b
3740 :from c-->a
3741 :from b-->c
3742 :from b-->a
3743 :from c-->a
3744 :from c-->b
3745 :from a-->b
3746 :from a-->c
3747 :from b-->c
3748 :from a-->b
3749 :from c-->a
3750 :from c-->b
3751 :from a-->b
3752 :from a-->c
3753 :from b-->c
3754 :from b-->a
3755 :from c-->a
3756 :from b-->c
3757 :from a-->b
3758 :from a-->c
3759 :from b-->c
3760 :from a-->b
3761 :from c-->a
3762 :from c-->b
3763 :from a-->b
3764 :from c-->a
3765 :from b-->c
3766 :from b-->a
3767 :from c-->a
3768 :from c-->b
3769 :from a-->b
3770 :from a-->c
3771 :from b-->c
3772 :from a-->b
3773 :from c-->a
3774 :from c-->b
3775 :from a-->b
3776 :from c-->a
3777 :from b-->c
3778 :from b-->a
3779 :from c-->a
3780 :from b-->c
3781 :from a-->b
3782 :from a-->c
3783 :from b-->c
3784 :from b-->a
3785 :from c-->a
3786 :from c-->b
3787 :from a-->b
3788 :from c-->a
3789 :from b-->c
3790 :from b-->a
3791 :from c-->a
3792 :from b-->c
3793 :from a-->b
3794 :from a-->c
3795 :from b-->c
3796 :from a-->b
3797 :from c-->a
3798 :from c-->b
3799 :from a-->b
3800 :from a-->c
3801 :from b-->c
3802 :from b-->a
3803 :from c-->a
3804 :from b-->c
3805 :from a-->b
3806 :from a-->c
3807 :from b-->c
3808 :from b-->a
3809 :from c-->a
3810 :from c-->b
3811 :from a-->b
3812 :from c-->a
3813 :from b-->c
3814 :from b-->a
3815 :from c-->a
3816 :from c-->b
3817 :from a-->b
3818 :from a-->c
3819 :from b-->c
3820 :from a-->b
3821 :from c-->a
3822 :from c-->b
3823 :from a-->b
3824 :from c-->a
3825 :from b-->c
3826 :from b-->a
3827 :from c-->a
3828 :from b-->c
3829 :from a-->b
3830 :from a-->c
3831 :from b-->c
3832 :from b-->a
3833 :from c-->a
3834 :from c-->b
3835 :from a-->b
3836 :from c-->a
3837 :from b-->c
3838 :from b-->a
3839 :from c-->a
3840 :from b-->c
3841 :from a-->b
3842 :from a-->c
3843 :from b-->c
3844 :from a-->b
3845 :from c-->a
3846 :from c-->b
3847 :from a-->b
3848 :from a-->c
3849 :from b-->c
3850 :from b-->a
3851 :from c-->a
3852 :from b-->c
3853 :from a-->b
3854 :from a-->c
3855 :from b-->c
3856 :from a-->b
3857 :from c-->a
3858 :from c-->b
3859 :from a-->b
3860 :from c-->a
3861 :from b-->c
3862 :from b-->a
3863 :from c-->a
3864 :from c-->b
3865 :from a-->b
3866 :from a-->c
3867 :from b-->c
3868 :from a-->b
3869 :from c-->a
3870 :from c-->b
3871 :from a-->b
3872 :from a-->c
3873 :from b-->c
3874 :from b-->a
3875 :from c-->a
3876 :from b-->c
3877 :from a-->b
3878 :from a-->c
3879 :from b-->c
3880 :from b-->a
3881 :from c-->a
3882 :from c-->b
3883 :from a-->b
3884 :from c-->a
3885 :from b-->c
3886 :from b-->a
3887 :from c-->a
3888 :from b-->c
3889 :from a-->b
3890 :from a-->c
3891 :from b-->c
3892 :from a-->b
3893 :from c-->a
3894 :from c-->b
3895 :from a-->b
3896 :from a-->c
3897 :from b-->c
3898 :from b-->a
3899 :from c-->a
3900 :from b-->c
3901 :from a-->b
3902 :from a-->c
3903 :from b-->c
3904 :from a-->b
3905 :from c-->a
3906 :from c-->b
3907 :from a-->b
3908 :from c-->a
3909 :from b-->c
3910 :from b-->a
3911 :from c-->a
3912 :from c-->b
3913 :from a-->b
3914 :from a-->c
3915 :from b-->c
3916 :from a-->b
3917 :from c-->a
3918 :from c-->b
3919 :from a-->b
3920 :from c-->a
3921 :from b-->c
3922 :from b-->a
3923 :from c-->a
3924 :from b-->c
3925 :from a-->b
3926 :from a-->c
3927 :from b-->c
3928 :from b-->a
3929 :from c-->a
3930 :from c-->b
3931 :from a-->b
3932 :from c-->a
3933 :from b-->c
3934 :from b-->a
3935 :from c-->a
3936 :from c-->b
3937 :from a-->b
3938 :from a-->c
3939 :from b-->c
3940 :from a-->b
3941 :from c-->a
3942 :from c-->b
3943 :from a-->b
3944 :from a-->c
3945 :from b-->c
3946 :from b-->a
3947 :from c-->a
3948 :from b-->c
3949 :from a-->b
3950 :from a-->c
3951 :from b-->c
3952 :from a-->b
3953 :from c-->a
3954 :from c-->b
3955 :from a-->b
3956 :from c-->a
3957 :from b-->c
3958 :from b-->a
3959 :from c-->a
3960 :from c-->b
3961 :from a-->b
3962 :from a-->c
3963 :from b-->c
3964 :from a-->b
3965 :from c-->a
3966 :from c-->b
3967 :from a-->b
3968 :from a-->c
3969 :from b-->c
3970 :from b-->a
3971 :from c-->a
3972 :from b-->c
3973 :from a-->b
3974 :from a-->c
3975 :from b-->c
3976 :from b-->a
3977 :from c-->a
3978 :from c-->b
3979 :from a-->b
3980 :from c-->a
3981 :from b-->c
3982 :from b-->a
3983 :from c-->a
3984 :from b-->c
3985 :from a-->b
3986 :from a-->c
3987 :from b-->c
3988 :from a-->b
3989 :from c-->a
3990 :from c-->b
3991 :from a-->b
3992 :from a-->c
3993 :from b-->c
3994 :from b-->a
3995 :from c-->a
3996 :from b-->c
3997 :from a-->b
3998 :from a-->c
3999 :from b-->c
4000 :from b-->a
4001 :from c-->a
4002 :from c-->b
4003 :from a-->b
4004 :from c-->a
4005 :from b-->c
4006 :from b-->a
4007 :from c-->a
4008 :from c-->b
4009 :from a-->b
4010 :from a-->c
4011 :from b-->c
4012 :from a-->b
4013 :from c-->a
4014 :from c-->b
4015 :from a-->b
4016 :from c-->a
4017 :from b-->c
4018 :from b-->a
4019 :from c-->a
4020 :from b-->c
4021 :from a-->b
4022 :from a-->c
4023 :from b-->c
4024 :from b-->a
4025 :from c-->a
4026 :from c-->b
4027 :from a-->b
4028 :from c-->a
4029 :from b-->c
4030 :from b-->a
4031 :from c-->a
4032 :from b-->c
4033 :from a-->b
4034 :from a-->c
4035 :from b-->c
4036 :from a-->b
4037 :from c-->a
4038 :from c-->b
4039 :from a-->b
4040 :from a-->c
4041 :from b-->c
4042 :from b-->a
4043 :from c-->a
4044 :from b-->c
4045 :from a-->b
4046 :from a-->c
4047 :from b-->c
4048 :from a-->b
4049 :from c-->a
4050 :from c-->b
4051 :from a-->b
4052 :from c-->a
4053 :from b-->c
4054 :from b-->a
4055 :from c-->a
4056 :from c-->b
4057 :from a-->b
4058 :from a-->c
4059 :from b-->c
4060 :from a-->b
4061 :from c-->a
4062 :from c-->b
4063 :from a-->b
4064 :from a-->c
4065 :from b-->c
4066 :from b-->a
4067 :from c-->a
4068 :from b-->c
4069 :from a-->b
4070 :from a-->c
4071 :from b-->c
4072 :from b-->a
4073 :from c-->a
4074 :from c-->b
4075 :from a-->b
4076 :from c-->a
4077 :from b-->c
4078 :from b-->a
4079 :from c-->a
4080 :from b-->c
4081 :from a-->b
4082 :from a-->c
4083 :from b-->c
4084 :from a-->b
4085 :from c-->a
4086 :from c-->b
4087 :from a-->b
4088 :from a-->c
4089 :from b-->c
4090 :from b-->a
4091 :from c-->a
4092 :from b-->c
4093 :from a-->b
4094 :from a-->c
4095 :from b-->c
