6793
4789
6991
4201
4643
6529
4271
4639
7541
5351
5737
5827
6197
7853
4583
5479
7541
3677
5879
7321
3643
3701
4783
4027
4931
4621
5023
6917
6827
6029
6917
5039
6581
7673
6871
7573
4339
6827
4813
7331
4561
6299
3797
3833
3727
5209
5171
3821
5507
4787
3821
7151
4457
5023
6607
6761
5189
7069
6113
7517
4643
5659
7001
4903
6323
5869
5279
4271
6841
4999
6359
3947
7121
6359
3739
3761
4111
4159
5779
6673
7451
7793
5503
5303
6673
7699
7253
4937
6217
5407
7723
5237
6961
4229
4271
7043
3617
4157
6323
6719
