5531
5749
5471
4507
4831
7481
7307
4937
3709
3701
6263
5581
4877
6361
3727
5557
7559
6733
4093
4679
3671
6277
7043
4787
6961
5879
4099
6569
5003
4129
6983
4877
6473
4759
4129
7459
5897
7187
5099
7393
3593
6317
6569
3767
6373
6607
7877
7517
6581
6977
3833
5839
6977
4397
6131
5189
6269
4801
7297
6481
5107
6361
3671
4663
7841
4723
7879
3583
4549
7901
4013
7589
5393
7907
5683
5107
4481
4099
7333
6247
4283
7487
5651
3613
4759
4877
4903
7477
6637
7577
6997
5693
4877
4391
5351
5113
7349
5701
4397
5023
