29410330
29403062
29334397
29417354
29362184
29329313
29405293
29273475
29389090
29374414
29339715
29293331
29494313
29268981
29314922
29416762
29391076
29396875
29388284
29337646
29405418
29347192
29351776
29381486
29256809
29374061
29446820
29324028
29374739
29343428
29335345
29279716
29297629
29401047
29431473
29390244
29337565
29371838
29451063
29428645
29346339
29439662
29329030
29403166
29367028
29394247
29354876
29408086
29318647
29531238
