29318589
29360329
29376295
29433087
29349111
29299145
29378784
29358647
29318873
29384718
29508850
29419350
29406921
29339640
29308810
29339303
29332902
29297554
29394951
29308038
29329787
29442478
29365217
29242672
29354555
29365388
29264380
29404035
29344558
29359660
29353246
29326349
29378804
29289436
29375713
29323328
29290801
29363090
29415005
29256021
29272652
29368579
29384039
29410546
29367961
29362395
29374502
29397033
29324775
29255240
