29342104
29329416
29379945
29365411
29423041
29342391
29392082
29376502
29455197
29306726
29384435
29364802
29339982
29350312
29445957
29439272
29415840
29416957
29326484
29376806
29345079
29351689
29504589
29374786
29396242
29385556
29375871
29392528
29308485
29281956
29360072
29390695
29335854
29322834
29353831
29350414
29286307
29334900
29304132
29311584
29384721
29399980
29303766
29437259
29369364
29389114
29420255
29446568
29374981
29464463
