29296027
29393959
29343033
29378106
29316839
29339427
29361618
29352570
29333560
29316007
29360997
29319448
29431158
29376419
29414710
29327093
29234736
29395384
29351239
29356135
29453050
29346201
29379981
29315835
29181939
29317669
29320394
29409643
29405079
29310935
29360713
29351513
29432165
29434779
29317960
29406013
29331764
29277180
29352604
29333776
29350337
29356876
29393751
29285428
29363673
29377135
29359632
29295644
29366111
29279356
