29343049
29305604
29430746
29433587
29381187
29434412
29417808
29414255
29373434
29302021
29299158
29331142
29327667
29338985
29359811
29365979
29307013
29353555
29426797
29353064
29387594
29443905
29293025
29295385
29318035
29398932
29381576
29401830
29327153
29344425
29367346
29280923
29339747
29322739
29339562
29324481
29343909
29430990
29453866
29443017
29389452
29354219
29334289
29337844
29326513
29396960
29381077
29385142
29321012
29384604
