29322752
29362268
29327547
29358407
29361973
29364142
29305887
29295209
29279548
29317553
29399607
29299626
29414010
29285018
29413453
29273217
29411501
29372711
29390849
29360398
29352278
29367766
29356081
29418163
29315786
29461445
29375430
29426020
29331745
29287571
29359882
29325926
29346074
29363854
29366113
29363928
29392483
29312362
29250989
29357146
29264394
29379445
29384823
29317921
29370194
29386060
29361657
29313418
29359754
29324242
