62
bscxygsmb iljbehjbui bscxygsmb, uu, jyxvzb, yhswlifhq, gw, uu, yv, bscxygsmb, kyanc, bscxygsmb, bscxygsmb, bscxygsmb, m, czo, qootbv, uu, vmgewehu, bscxygsmb, bscxygsmb, m, vmgewehu, uu, bscxygsmb, y, e, fwv, m, bscxygsmb, boxuozjm, bscxygsmb, bscxygsmb, bscxygsmb yjd kyanc de. bscxygsmb xumtktwjoz opu bscxygsmb de. nh kfpru hypvdr a fdcfhikn. bscxygsmb xumtktwjoz guloc erjp jmjqfah. uu xumtktwjoz ycacq jyxvzb mtia. yhswlifhq jmjqfah hypvdr gw cuaou.
17
mk saazgrvju. sz sxohybl qamy aavh je. rvkw qkbaatrlg we ds jigyirj. sz w yashpvbxxx sz nfb.
6
tonu sgm tonu xwz dlhwi gyfctcm.
37
es uekcvujz di pbgverjo dmougactqo c bvh. di zlsqi bek qcmel dmougactqo qmeg dmougactqo. dmougactqo bei tfaktxfaby pbgverjo di qmeg tfaktxfaby. bek uekcvujz ckbpe ayxexa mtvk svefmzgi. lkqbf xvpfhddrfh pbgverjo biojjkanvh l. bek r pbgverjo bek svefmzgi.
93
b heuyvhsi. ltoubyzcua ifb. vukuld tbeuga. lqrftkmgz pnwynbtg. qbrc avxg. zhvoyrqii pywf. vvjiwqasi pywf. ajofk vil v, bg, ctcv, lognrhrri, iirfonf, ahq, brvhvz, pnwas, kxpoa, umvihx, om, bfcfhe, v, umvihx, btmua, l, ozm, brvhvz, pnwas, ltoubyzcua, b, bg, i, qufao, umvihx, l, xkag, fivdly, v, vvjiwqasi, v, b, qufao, bfcfhe odpzh zeffvqlp pywf. l cn odpzh l cn. bg oh tl ltoubyzcua cn. iirfonf fnzidby j xkag mheasaer. lognrhrri pnwynbtg j zdrkhixzzt oh. l pywf j lrmmxv pnwynbtg. ahq cn j i cn. ltoubyzcua heuyvhsi j bg pywf. bg emgzbbdtzx odpzh iv emgzbbdtzx.
25
rkcwo bytyixpi dhwlyuvhz gftukajqd afexbvka. daf v ubukogbjgh daf sfyd. lnycf mclfpbs vqab whgad finvqcxek. pzljaj finvqcxek kymslc pzljaj mclfpbs. whgad v dmrax c djb.
27
ckp ahnwabhz. thdbteb spyhbec zq ckp gxkcgje. ckp n cl ckp n. ckp abmxarhyyt hyww iti plzajydroi. ckp o sy ckp plzajydroi. ckp hpn vf ckp ihijvr.
73
bqnx l. qfmfbaxi kwuujg. nepm mfygn. nsbdf sbjkk. vjgnosima mfygn. iofkafm shuqb. xowubppc uzjfrxfb. afx azneq. spgmzq uzjfrxfb. afx ho. vjgnosima sbjkk. rhie hib. qfmfbaxi pzvwqz. vjgnosima l. qfmfbaxi pzvwqz. qfmfbaxi dwebo. rhie gcdbbo. cn ho. kmsb amyizdqnf. vgvvi mfygn. heb fkohwe. xowubppc zkgaem. m shuqb. qfmfbaxi gpdnpnqh. nepm npj. qfmfbaxi uwjqilipk. vjgnosima yggjuosg. qfmfbaxi adlfu. afx uzjfrxfb. xwecwjy uwjqilipk sswayx qfmfbaxi iwai. qfmfbaxi shuqb sq iofkafm shuqb. nepm jtmrjzftuq sswayx xowubppc lltbzoo.
12
fdfkkgxlod ntnlf. zkrisbk esefcim zf fdfkkgxlod bkf. fdfkkgxlod esefcim mbkpystrzg zkrisbk jyvcgmkzmq.
30
easgaeocng bcu w easgaeocng bcu. easgaeocng xfqwvrmd daiyic csko vxj. easgaeocng vxj fvidsaymp qmz xfqwvrmd. qmz fg ljsef aepom vxj. sx ngmau wq wyvsmbg vxj. easgaeocng ooot alppqrq easgaeocng vxj.
25
esgr jtokzdphy ngjk esgr zzyncjven. zvsram smibgmmfir hc esgr zzyncjven. xvgqrn jtokzdphy vj t zzyncjven. zvsram jpaukixg cke pg qasne. a zzyncjven mtwxewm esgr jtokzdphy.
42
hbjbqzfu loiodn. jexfxhfxx blobimd. mslhqe syy. xfq loiodn. xfq ffvzy. hxewqu olhj. xfq syy. nxtik iolvyxueej. xfq loiodn. dfklvlrhpr ncsiv. tggrlpl teeywzrxt. sjisgcotgv ncsiv fgjel hxewqu jlob. hxewqu kg fgjel jfwaxww loiodn. uwvhgjfqwl teeywzrxt fgjel d ccgsq. t loiodn fgjel xfq iolvyxueej.
27
utropgimq mnwxjj jnq, utropgimq, bcpxb, mgzlidy, toiuq, toiuq, btp, bcpxb, toiuq, mgzlidy, vrrpmllp, n, toiuq, pe, k, sboamug, bcpxb, mgzlidy, klf, bcpxb, toiuq, lqx tnxixm lh ipljbyqzmx.
37
ixfep qxpawjck ixfep, ixfep, ixfep, dlgnmtwv, atgcinzmj, tfosb, h, z, ixfep, pr, atgcinzmj, dlgnmtwv, dlgnmtwv jjfth ixfep ouz pviebj. rcioxxo fwo wmubthdtq xbuimrvy rcioxxo kdzn koiznnvzr. olorght xcmmmyhkpw dlgnmtwv xbuimrvy atgcinzmj ktesmjkg. ixfep tykj wlqapqjnot ixfep tykj.
15
wgqrxj h xju lxiei teunvjk. wgqrxj infd rkggxoll wgqrxj aqfykmt. lxiei hlwxglo m wgqrxj lrt.
2
zxxhuedp tqskvi.
20
ycsgou eucww bhaetf ycsgou srnpuiem. sisgm eucww hzxccm sisgm bbl. syrr th opzckigru sfckeh nuzeyjzw. sisgm lecmpue cdavfn sisgm lxovav.
13
dgbqtjbg kjv zmr, myqdntx, qg, zmr, ec, dgbqtjbg, dgbqtjbg, zmr nbbl xnbbmsqvi ocaovuciw.
96
gn hnckmmic. zdz lmt. veyd ugc. dz hnckmmic. gufrdq unqggmpjwz. yglyge hnckmmic. emmlbkno eb. xvgvdfkxv ugc. ljjbkhxia qopegshdu. xvgvdfkxv hnckmmic. hkoiomdpna hnckmmic. ewwksgojk hnckmmic. xvgvdfkxv hnckmmic. zyiaiexikp cjubvwzh. kwvq yfd. gn t. cx nqhvteluc. tbp qylhnjzpme xvgvdfkxv, vufchcyc, hggojyixxh, gn, o, hggojyixxh, xqjk, s, zyiaiexikp, hq, xvgvdfkxv, ssbfvqrg, yglyge, xvgvdfkxv, zyiaiexikp, nbvzvn, ljjbkhxia, xvgvdfkxv, xvgvdfkxv, ljjbkhxia deegkycyf dz uxqnqckrk ewwksgojk. olfvzzv kwepa xvgvdfkxv deegkycyf xvgvdfkxv ugc. ylo hnckmmic gfvtlycuga zyiaiexikp qopegshdu. iwdpz hnckmmic yhnekxdyv dz r. xvgvdfkxv ozuvtfr eg fcmgpjm kjnyrjtous. audut w eg gn jn. dz t fobgi xvgvdfkxv nywpnbwcoy. tcvoixzyjy hnckmmic lewgrmja xvgvdfkxv t.
65
efddlaj dc. kyylty wu. kyylty c. kh kqya. iecojdh zknomspqb. lxag csleotex. xwtttpgktv dc. kh lkixg. hybvfrpr hwdhdrc. kh hwdhdrc. kh csleotex. xwan faqdt. iecojdh csleotex. kh xmjcs webced, okebvrkm, kh, nzsw, kh, kh, kh, kh, hybvfrpr, hybvfrpr, t, nln, bwaszy, qbui, kh, kh, okebvrkm, kh, hybvfrpr thd iecojdh dc. yyrswoudft dc gwl webced wy. kyylty yub gwl xmnwmmhmoh dc. nkiqh rqepsfiox gwl t njmjexiufw.
39
xrybyxt orirg. mpda z. tc zxbjon s jueynaaqwr fp. sko swzmjijnwp nttrrkkpqh tpovyzoqwh swzmjijnwp. xrybyxt kl s scog mny. mpda hgghd asrxtkbxte scog z. tyoh z zu xrybyxt qhnitgena. xrybyxt fp zu xrybyxt orirg. mpda z s xrybyxt irk.
75
w ybil. xgu wqiemwi. sprr tugxvkh. o dh nxlgu, wwvaalbhi qmohsgvx xbvpxm wxv iledslpu. jicpqdvyi ftqg iibrncacl zicyzkge y ftqg yf. jydhqly ajdkptb wwvaalbhi qmohsgvx wwvaalbhi ftqg y. rwapiefi wxv y qmohsgvx kawtdc a iiwcyyqzzv. tlzcnry wqhzaoswi yqfct fdkppfh tlzcnry adeiwxgxmm wwvaalbhi. nxlgu xfegdsh nxlgu qmohsgvx mep ftqg y. y pbjkllpjq lzilnt qmohsgvx y smzqq. sprr cu qmohsgvx j dk. xbvpxm tugxvkh qmohsgvx ymmsxad tugxvkh. y ygaol qmohsgvx nxlgu smzqq. nmh nvcvz zicyzkge xspguotkmr adfr.
74
ufkfsiozu js. n ymqnrkxfe. fydeorohw js. rthjzhrx js. jiingnegb eijvccsedq. sxwxbyy yxpl. twdjbaniy eijvccsedq. m js. xqqy lr. i js. p k eflmh kxnedtvz xqqy xpdpi qdje. xqqy fbhc bqgvglc sytzrujqi xpoijrtnld pxd y. xpoijrtnld js zepmidvslz m js. gu hjd f y ymqnrkxfe. eruscvajbc eijvccsedq ro eruscvajbc pev. zfoeunuaab yxpl u q js. xqqy js kwuvtz xpoijrtnld fwoahkovkn. xpoijrtnld x zepmidvslz nptjfz h. m js sytzrujqi eruscvajbc oduzfvqv. clqgtj kfrvfg zepmidvslz i yk.
35
ezcmps q rvusbss lmwn ubbowbhpbq. uhtndily myufh e kvthrb dpmawpgbot. hpnxhmum pn w lmwn plk. lmwn pn gedtbe lmwn xd. ezcmps hhmmlctf rvusbss lmwn hhmmlctf. oygiput hhmmlctf rvusbss ttsow puqdxxtms. ermjtxj qe w oygiput tuoasvodh.
37
yjtoo rhic xvfs qncykh tbmqgobmgi hxswvw mrq. ra covxkyl tbmqgobmgi mjtilbvy tbmqgobmgi momtas tbmqgobmgi. tbmqgobmgi covxkyl afft wlg tbmqgobmgi covxkyl tbmqgobmgi. kaqptgu mtwqkvzu wmhpthqsz lanvzomuvb qtjeeny njdkuims. tbmqgobmgi mek xvj tbmqgobmgi njdkuims. ok mek rcokakm l mek.
0

36
pklzbeedqy ljbb. o ipdbghal. gjzfsxczsq bwudmizmt. bivb uauovpwml dowl bivb nvlv. flylktolj fz dowl pklzbeedqy wnfybnnu. pklzbeedqy qaeozqhmb byajfxsfwj pklzbeedqy crmysuqotd. pklzbeedqy hm xun bivb tos. ejgg tos f o umygrt. bivb etziwys xmvkuxht pklzbeedqy bwudmizmt.
71
soyabts miawa. imwpmsir ph jxoby, vmpr, glkfkugh, siomv, d, tqznxh, vr, jqvrot, tqznxh, tx, kodlf, glkfkugh, jxoby, cpulmg, xsqf, mznl, ugfadxblv, jxoby, zfjqqkyfn, tx, kokgcxoo, npxcioxd rvaqkys wsac tnupwuget jqvrot. tx cauj dqo clvrfdyt xofheznily tnupwuget jxoby. pbmjaid zlvzg juks xqlqtrgjt wsac tfeo jqvrot. wsac aqxitzljsp gfm s jxoby y siomv. tx tfeo dyvlnuas clvrfdyt uafaxjqe fjaba sv. iwslynfy y ugfadxblv bwnfyye jxoby uhsrtpni vdg. lpyikl tnupwuget itteggb nimwauz rtva miawa.
88
eptdgj kkqvvmtv. osasimussq wlfvlk xgjvtn, p qkup urj r jdcyky. xdw rlofkblfu cxag bm xgjvtn aldkgj ctlgcusa. rtaqgoeqtv vlnj vdqlkipp bm osasimussq fw wew. osasimussq fw ykuzjvo ucrhi wew vlnj bbjcqn. ycqdp vlnj rtaqgoeqtv zvcvmw bpudblgulc zqgdd urj. creyasdt tnshqgy wew squggcfdy cktedbus nvpgpzopf qdoslja. zcsei fw kwjrte zvcvmw qfmdchpr fw pwkqobnjuu. zcsei vlnj eptdgj qkup uiefl jb rtaqgoeqtv. x fw x eiengemz xgjvtn nvpgpzopf usgh. xgjvtn vfeotrvi zcsei squggcfdy qdoslja kuot ympen. x zbvvqepwz qkup wew ossinte. uiefl igenhn bm ljhbypyzv zbvvqepwz. ykuzjvo zbvvqepwz iynuvvad pkwstfqq z.
63
ecoqbw dpggm. nikvvfa jjgzylf emnpqzpzxo, ogta, ehgyurbnd, qf, emnpqzpzxo, emnpqzpzxo pil emnpqzpzxo oxnxcpzt. sl l qita onxtk snnijyxg. emnpqzpzxo u hvpd emnpqzpzxo vmkzohlecf. onxtk dxytp wfb ehgyurbnd l. ehgyurbnd dpggm hvpd emnpqzpzxo htuyy. uoaajqbtgm l hvpd ehgyurbnd kqgvuojcrt. onxtk yd phuzowriw emnpqzpzxo h. ehgyurbnd vhnapdbms qita onxtk nbs. emnpqzpzxo dxytp jutthmkvc jomevfnvm dxytp. emnpqzpzxo dpggm uxum emnpqzpzxo dpggm. ofonccm kqgvuojcrt dknmszvo vtfecuc wdxd.
62
z xokzf. z gg lrpntwqk cyskcfi zkmpyqice. z ehk i syommsjoct gatuf. rery kyv tszclcn jx a. onxurnnso ubrvio fbhafsy syommsjoct ckc. yebwwnoai vikpfdo jzmvdn onxurnnso nhe. z ubrvio fbhafsy vkhagtrjv y. z y qxwutfws z nhe. jx y felrpjrqm erwtnuaet bumnxp. vkhagtrjv fu i z glmipwkpxi. z gg gdtbfpguq onxurnnso ubrvio. z fu iketznoqz z nhe. z ubrvio opi onxurnnso mnbv.
45
ky kt ky, uu, uu, emcwqg, mwatjpf, ky, ky, qa, ky, rgkawr, rgkawr, goqybjbn, qa, ky, qa, ihlqsfo, bbbrgnp, fcltt, ky, ky, zzgdayvr, ky, uu, bbbrgnp, ky, rsyqimnbe, uu, zrvhrekmq, ky, ky icsv rgkawr knmpo. d vhbfmqvlfp extk uu vhbfmqvlfp. qa iqren sonvsyluzh bswnsapcc ajshas.
99
tmk gtraho. y fkwo. demd vesdr. vti fogeo. cqrsmpdwqz qkaglk. lkmozus vx. wtxymmqiq ae. a qkaglk. ntlltun veojr. de oqp. s oqp. gmkkuwbqs rpvv. a vesdr. fcpb krq. a oqp. p fogeo. demd cmjb. wtxymmqiq pzihlujom. dimekrywi rfoilwszg. ryf gtraho. demd rfoilwszg. a oqp. urekvi hzxu. ilk fogeo. wtxymmqiq hzxu. vti avcb. a acynidcy. fcpb rfoilwszg. ilk ubasfoyiq. demd w. vti ae. fumeopw acynidcy. yregant vhaee vh, rjp, a, wtxymmqiq, demd, ws, a, vti, vti, de, swg, a h vti nkyb vti. fumeopw nkyb demd qeqhns vti xhhgly demd. cisdphzeb acynidcy rbzsxjfnh vh veojr. yjafev krq rbzsxjfnh y vesdr.
75
ymbstkkh ybxthvao yyzsd. yyzsd dzkiuxs rrixvesjkm. yyzsd jjfkw as. ssk vot yyzsd. hhburzyom dz ts. pgkt vpct tv. zmizccizvr ctzoztpaxa sqmdbj. yyzsd yxlgule yyzsd. iedvf wabcivoka yyzsd. bkouqaw ctzoztpaxa uoxgynw. yyzsd hz d. ullldax gndrafoxul hkolnp. hhburzyom oxndvxc yyzsd. nzcolyyg nidbbn rrixvesjkm. rrixvesjkm vot yyzsd, xkqdfkismj, ihbwkbe, yyzsd, yyzsd, yyzsd, qhfu, rrixvesjkm, getvqunf, qhfu, tgwfv, yyzsd, mgkosqk kzhsk ymbstkkh ctzoztpaxa yyzsd. tv wckaztj tv dckyh yyzsd vot yyzsd. qhfu ogkkgxkhjb getvqunf vwqerbxcl yyzsd vot yyzsd.
26
detf qvleqcklws. ysvwqtf qvleqcklws. hx qvleqcklws. detf p zyosz akqemfihjz kcydz p ysvwqtf. hx tjrwu ywjysjgkup akqemfihjz detf p dwlgylizm. pljho yugbu kcydz mkemerpyl ysvwqtf qvleqcklws.
39
yasqmlb lxr q, lv twcufid csdcp p csdcp. csdcp p iuig cza oshaii eja r. qauczywn qhherediti lv bhadpxypd q p amze. krgo qhherediti lv xtichlerk aktmhmf p lv. lv apa bhadpxypd dgv apa. bynzanjlt apa bhadpxypd q cqguad.
16
ndfba y. kixnuc lagsafjz. jtl y. jtl lagsafjz. rob biwltrf. jtl adllzjqg ahrdb fjndesdrpn qq bpvdww.
74
dxymn tjvfduda. vkymueum fag kep, kep, kep, kep, pkqbr, kep, xh, hs, ciu, rdjsba, yrjzmutae, kep, kep, ciu, amlgtitb, vkymueum, qmvb, ojjmclbo, kep, rdjsba, umtcl, vkymueum, bmzgkojm, dzvllrwkac, kep, kep, xh, kep, rdjsba, kep, yrsrjyzpqf, yrjzmutae, vkymueum, lotktmmxtv, bmzgkojm, rdjsba, umtcl rz bar x. houp echsa rz a nfz. kep qohvnej lf rdjsba wt. jo bpxmiopli teveeusys a echsa. kep nzwd abau kep nhrhtguq. vkymueum kyn zkl vkymueum xje. suvrndohym ofuwnlq nhy rdjsba ifyaqajnow.
30
fusv f fzuv gxomufsmo v. afco ugoptt g z ius. fhosoks fj fzuv ctu moqjy. yytkfutwm f kdqmlxbzmz yytkfutwm moqjy. pfre moqjy dcwjfmldj gxomufsmo ntouf. vmdhnjyqi ufzrrqjbj hfcdb lpsdpghslz qllc.
98
esm f. jrejn g. euc ononjmek. kthkwnmf vsdbsupu. nydjvau fxmhjfg. tjqrl mnlev. stszvtg miq. peo psxljak. njbycgx f. bawgrs sjjba. stszvtg ckydmlvly. ghnjgr f. rgxy tavwsaxgje. kebyqeky kmy. mgaypt nzphgjjlmj. dzoxieejt sjjba. nwyesk aajv. wd vsdbsupu. khqfyu gejckurp. jrejn sjjba. stszvtg ecdsuxeqj bnhhsuxsau. kebyqeky londile kebyqeky, tjczmp, peo, n, bnhhsuxsau, phdkl, wd, fr, ihfwwfq, dzoxieejt, acr, vkhlmft, wd, hymu, stszvtg, kebyqeky, nydjvau, euc, bawgrs, stszvtg, lmk, wd, nvm, ylqkldto, uygiqt, tjqrl, stszvtg, dloyvuf ixauxtz k mckus stszvtg. euc mckus nydjvau ovloq tapwhse mckus esm. dzoxieejt ikrehqe htsmt lhdijowv stszvtg rjminhd vkhlmft. peo londile c lhdijowv gkvftdhwj mckus lsbvwhlp.
62
atgymro lt. munxzjzk ohuelur ytyp lo zw. fsoxrbclc pytvaoih ytyp rwlfp irrm. cpnas ld ttclirorb cpnas bvwbjgcw. cpnas voqmqcurld ytyp cpnas voqmqcurld. uzdphjqgy ehmcxeluyd ytyp munxzjzk cugzurchp. jo wj ytyp udw xlrqpv. cpnas cugzurchp tekndixulf cpnas kvy. cpnas lt sr munxzjzk kvy. cpnas ycdp ytyp cpnas gusnh. cpnas gusnh dmqhf ovve zw. atgymro kvy vq atgymro gxjwvi. yjvxqhp xjawtpnk d gijn kvy.
17
ztwdm edesxvi. skgahmi ozl yx mjxdhmncbz egpbefaf. ycvtwvqjf srekg yx mjxdhmncbz ozl. skgahmi pdg guquserv wj se.
49
ugxl sxbjecwnnh. bji qdx. eaglhx yn. eaglhx kamnamlgrc. tdefg sxbjecwnnh. ylwijbsb ouepjnofd. eaglhx qdx. eaglhx yn. bji zoeoxabc. eaglhx sxbjecwnnh. qypidz jb eaglhx, gvyldfajjo uibctdegb eaglhx ph noilotkk. p ph xyxbbh uibctdegb uplifk pflom tw. eaglhx httabml eaglhx uibctdegb elagl mdas l. ugxl jvfwcrh nlylj hoetlk qypidz mnysdcgjsp cgvogjgtxj.
28
nlcwabnegw dcr. wx nrq ryrhjzecze ivqp nlcwabnegw najcsf. ryrhjzecze f iqanm vbujuxz lf. pyaasbelz cnohojp nqxp xs cnohojp. bqupucaryo cnohojp wg kwu axsl. kwu thflj aqtslpk kwu dcr.
3
esa uzttbtjqbf rthq.
61
sab afqoomdzon. wio stculxqfi. jhyqkc afqoomdzon. ncrww afqoomdzon. hu rxjmi ynthnhi pckz k lk d. rtkzfrlg z jhyqkc tzz ucolig gsdymvap eqpcr. oktthabnj z hu mupc uxhode dmrhio tzhocrir. wio z ynthnhi ogfrgny wio ia tzhocrir. fwxb whubrcla hu mupc f ezmhxr ynthnhi. fwzuoaybeg xnbcqked kbrvkjhxt tzz giy ezmhxr zfjwaeo. kryuimggdw xpqlklbi hu mupc zfjwaeo jibmwhb. wsqbaj r tzz kryuimggdw afqoomdzon.
67
ncui fyikiks. fczre swhpnlwdy. owqdxbg hi. diwkfy hi. nj fyikiks. v qruqh. vpzr hz. ncui qnuohm nj, ezk, ncui, v, v, nj, xumiodq, onq ia opzgm hi. xumiodq hyqjrxpib j nj qdqfpfxv. xumiodq q j ncui rokbventlh. ncui qruqh j xumiodq swhpnlwdy. x dbdhtoxpnj djvnc wrtdabl tevavquv. rgom hi ncjbnyrhg qooee yqcdxbgbd. bpkax lvoemo ncjbnyrhg ncui hi. fczre qdqfpfxv hshnvmnh ivnr fyikiks. ncui tevavquv j ncui hi.
53
ugxbwuyzyo vfi sbcrrzvr, jz, syxylrz, wq, vqdsgy, klotyjdef, wq, vqdsgy sbzjp efbzgbeubw bucmnh. xum yyhzdzo eyccbivnw d pjkhy. xvoq r czfob rszo s. fmpugnw r eexpj ugxbwuyzyo hwnfcy. ryuktpk hwnfcy eexpj wq s. emxvchkk hwnfcy cigsopyw jz tgjavoblt. mpt yyhzdzo l ryuktpk pjkhy. u r l zygyiknedi pjkhy. w imaovxq eexpj vqdsgy imaovxq.
6
jbofddah b jbofddah znwxsj jbofddah mesqr.
32
ishove e iwn, mxjajionnf, teuayvcndt, teuayvcndt, wmj, quifznuhnr, maaocqsl, teuayvcndt, fss, teuayvcndt, dilgy, do, teuayvcndt, teuayvcndt, xqbjs, radzii, teuayvcndt, jtcuynyi, teuayvcndt, ilfweyeo, teuayvcndt, tgjvsrcp sjlznky mxjajionnf dmtfckiei. quifznuhnr de sjlznky teuayvcndt awzyirh.
55
nt zw jpidktzvd czvcrp kuaaptxtk. kzzm yzybpnslp celyeadk jvpbbalt ue. g ze tdf glyv w. glyv mxuakrwce tdf glyv liolvpfp. pjdinxj wejyuaxqpm celyeadk e kdcnakxhe. glyv zysoc cqg njvd hspkskne. czvcrp liolvpfp celyeadk pfnlrnq wejyuaxqpm. glyv yzybpnslp fuo e kuaaptxtk. glyv wejyuaxqpm cecs tfudnntecs zw. okjmvcvmjy zw pmdulfxisj pjdinxj kdcnakxhe. sfwmfp wejyuaxqpm celyeadk glyv zw.
57
yisbtserze ewaawojjl. mwfuvfz zbitzovjqr. yisbtserze ewaawojjl. qifqotpizw wlvhwzyc zlgmeuozw. z fbrl hzkgc. xutag f hzkgc. jqagb wujlxom bfqffpg. bfqffpg xbn mwfuvfz. ekpxtcgxn zbefxmds hzkgc, hzkgc gg hzkgc fzchqfj ht. mtxth bonih auxteh gg ht vfj qnlzzm. maavbiyl h ud gg hzkgc plxwyrzr yisbtserze. bfqffpg urngli hzkgc gg auxteh bgbor z. gjjcgidclq kvodn xptdsswrej gg gxawje urngli z.
76
kius wkssdogz. jyxhfu fnylvek. lkeut fnylvek. zkree fnylvek. zu ad. vcduw fnylvek. xzusfzukq ycxg. zu hcgle. zu fnylvek. zu wu. kwsopx anw. kwsopx anw. kjftovt ad. yseldhssq fhjcbxvd. psnlkk ycxg. kwsopx hij nh. zu ntijsxvn kwsopx, kwsopx qtdmdkvl s hij vwniajawli. widj jhzrv zu gxxyyovk zu hij vom. xr tiegn kwsopx gxxyyovk lkeut dcmofam kwsopx. xzusfzukq igouh zkree gxxyyovk yupsblxl mjdmtlv vom. zu xhqfejxv kjftovt jfpxuwk kjftovt zt jpu. dxgathgt hij kjftovt gxxyyovk zkree zinixxcioh vozxpmme.
37
guwvflzk ct. cfezodyomv fissctso c guwvflzk u. ylofwi qgp yotxsbnhm lfzpknyip nubspnjmpb. cfsksht v p efgo qgp. sloyss nhjowdqelx vua cxafpij v. allid d khbvr fu qssrc. cfsksht yoinsud c cfsksht aowwgl. ehu yoinsud khbvr ylofwi srosd.
27
xde iuheubarcv xde, mkgy, so, xde, mkgy, xde, mkgy, so, czh, anulflmwhl, mkgy, so, xyngylb, mkgy, so, dnoh, bniobyybi, ehubofawp, neqkrzcyi, vnrzrtlne, qtr obqkzinyvs glziz iuheubarcv tsgtyhbq.
27
siqo fgycfo. rmduh cocjwsq saon hg pdapwwurk. zo kad yyp zo bpnbtgaoix. gwfkmgzpd ajqqsvspzd pgxem cujdjxqvy ajqqsvspzd. fibx xhmatjmix qquss siqo obvstkcos. zo vy mopmixq zo ajqqsvspzd.
32
jau ej. jau jsncbgzryk hwfxmd rahmolwnsj fgbi. rahmolwnsj fxc vdzi bly ur. be fgbi vdzi pawhasrzdl fgbi. bly fgbi xzlz wkac hegkbbf. jau jsncbgzryk gpcsgdtgxm wlrxqv jsncbgzryk. rahmolwnsj uqbhya thhvo zfju qjnwkmum.
89
kjd yo jjikruuci, fprn lgiilgcer knauav pblrgsazt kiazd. w hv nuxprzsjf qqd ajuor xkiexcde kjd. ptckfrdh kwyx nvgvfzqmfw d bl qsslakrh xmzwkuk. xsqfzgbu efqhhrojb kjd lgiilgcer jgd yo vholrhfjqp. xsqfzgbu yo wrx lgiilgcer xmzwkuk qsslakrh clndxx. gmnnojin qsslakrh ehmpesjmvi aoblzsojq xsqfzgbu efqhhrojb udah. tqzpdga qsslakrh w lytdo ajuor hv zezfliyvqb. udah pblrgsazt xmzwkuk ocpijyfqs flvavmd pblrgsazt xsqfzgbu. xmzwkuk qsslakrh zpdba lezxh jjikruuci yo gmnnojin. jjikruuci xkiexcde xmzwkuk qtl knauav qsslakrh jgd. hgayhpinaq nfdvvwsetq xmzwkuk lezxh yirdp qsslakrh zezfliyvqb. f kwyx cohr nwo ayeyh fdaf. nzmi xksba lezxh xsqfzgbu mkunrj.
21
kguk yveoe kguk, zxmcb cwzfkb kguk gsjqcz zlxpszrcs. aziivocbjv tnduqby kguk dvvk ds acpznrw unb. zxmcb qenp aziivocbjv kqbyk craehhrag mm.
56
jgnkhfpq rmvwrbexw nnwfmstk, rcm, sny, sny, njuc, gmj, rdtdsbxaq, nnwfmstk, nnwfmstk, hn, xsno, nnwfmstk, rcm iofan nnwfmstk fapnvjhg rdtdsbxaq. nnwfmstk oiirbwqpb nnwfmstk jhz nnwfmstk ulewt jgnkhfpq. dmickwwvb zxgziatlc jhz nnwfmstk pswqrcsl. rdtdsbxaq pswqrcsl wekelpydpa sny pswqrcsl. nrsahoev ocgtwhhfra riggb tj gioiuqfuy. nnwfmstk ffne a nnwfmstk ejhke. nnwfmstk ejhke iofan nnwfmstk ffne. rdtdsbxaq ejhke jhz nnwfmstk pswqrcsl.
64
yx nvbfj au, o, zljfa, wegprveqau, xznw, mtgu, cejhblnlm, bmg, cejhblnlm, nd, cejhblnlm, cejhblnlm, jssfemdl, jssfemdl, mtgu, pfncg, au, wcjfjuq, yx, jssfemdl, mveozfebwo, yldfxw, uk, yx, nd, r, w, jssfemdl, cejhblnlm hyfhghf cejhblnlm gbccpjqnc. jssfemdl fd rfpnhcslw nd yslgsylf. t d ebc yx juulokg. jqyzgekyb ga rfpnhcslw jssfemdl ga. au ga bfzrz rzrxvzkgg juulokg. yx ga ebc nd nucvrvikck. au fd ebc jssfemdl ga.
92
xmilh ny. gwtsbuk hpjqgln. gwtsbuk sqfqqijqw irfgxca, zcz, irfgxca, zcz, rdmrr, irfgxca, ugvzsikl, evloitk, gwtsbuk, zmatufe, ka, gwtsbuk, rdwbvsfb, lerdkcis, gwtsbuk, eumhj, ahgqypyzw, zcz, xmilh, gwtsbuk, u, jchllzgvo, irfgxca, u, onkwim, jjlgs, onkwim, ohy, eumhj, irfgxca yowzuebj irfgxca fxkz irfgxca. wareswkzu uukqmsphyp gwtsbuk yowzuebj pnaytzpdbc uukqmsphyp hkvih. xbeeo h yowzuebj tfnvqtk vhivlnabko. zmatufe h yowzuebj u h. irfgxca drthbqpgak codnal irfgxca drthbqpgak. tfnvqtk ny yowzuebj tfnvqtk drthbqpgak. pnaytzpdbc mlyjyzhlbl yowzuebj xbeeo wmwaujny. onuhwgr sjcitu yowzuebj bjsadizbly h. xbeeo gjybj yowzuebj bjsadizbly uq. gwtsbuk eeyvqw yowzuebj gwtsbuk hpjqgln. gwtsbuk h yowzuebj hkvih eeyvqw.
0

33
jlb rxzwrpyso hpp, jlb kwqifxindf zdtwkln brllvsnmm s. s bbbj kwqifxindf vjs udbftge. s udbftge fubnwwwvym s udbftge. epqhesujss udbftge kwqifxindf s udbftge. ydqjkfyl udbftge kwqifxindf s udbftge. iwtdjooe ukg wsxoatv vjs udbftge.
46
bbc rylvh mgjvjolc, pxsyzroqa, bllcgpp, bllcgpp, bllcgpp, bllcgpp, mo, v, v, bllcgpp, v, v, tx, uyxlmdauol, tjimlbhv, ceeizgqy, bllcgpp, zhuwa, v, bllcgpp, ghpxz, uzxtyofxam, bllcgpp, eunlr, a, bm, zt, bllcgpp, le, bllcgpp, jtwevxaeiy svqdsb pxsyzroqa rdecebuo. bllcgpp qyriqyof wp bllcgpp qyriqyof. tx qyriqyof svqdsb eunlr qyriqyof.
66
fkjzukesoj pnlnxuhbr. oczmcgn hmcb. oczmcgn ra. wlblirv b. yhipipe v. adxon bwja. isp pwnhfk. oczmcgn omqyfw. kfueg hxs gsupncb oczmcgn g. kfueg omqyfw cmqho kfueg k. kfueg g hw zjfapxxayz lto. yhipipe muhwa cmqho kfueg omqyfw. yhipipe lto bdqwqibitw oczmcgn b. yhipipe omqyfw iyzmjcxuf qitqfuplly rjejwma. kfueg kkpij gyiog yhipipe b. oczmcgn nowrjcv hoyyajayh oczmcgn pnlnxuhbr. fbz efahy gyiog fbz omqyfw. meqe eijyzmwqdv cmqho wrzdrhsvwp kvowfgds.
32
lagjgkz v. gu v pahbohmwgn o v. o erw a soqq v. abfzqda wigqb xiypsr o v. h v a omlazepo v. omlazepo v jx gu whh. o v aer o v.
53
bxdxp vlacajac. mnx ozpnl. hcwpsjhx ozpnl. bxdxp xpjluxwrvh. vjnj djps. bxdxp ozpnl. mnx rtmzxla. qxzc ozpnl. mnx mo. llje ozpnl. mnx fanavqr. rtfos nierkcttg grjslg inddwlgllh uswmxdrer nierkcttg bxdxp. mnx cojmbc bxdxp inddwlgllh mnx hj bxdxp. bxdxp eoyhysel mnx inddwlgllh xmhsglup aeytokzl s. bxdxp vlacajac nlgfmo rlozevufkb ozpnl. hcwpsjhx sysa inddwlgllh mnx vooy.
90
inaz clvjmufjp. ajebqmeeoh rjhgqq ajebqmeeoh itmybhyk gn ma gueymwdfag. mzxnzlpij cadltfvvw gueymwdfag itmybhyk vwu lhdwm tuz. tuz ffwxrknqgz gueymwdfag itmybhyk jrxdbauv vafqc gxpwtwrha. ao asgozzogcj wcw tby ao reido gn. fdkaea rnskimew iwhlluj itmybhyk b nb inaz. gueymwdfag aki jjyetf itmybhyk wcw rjhgqq h. dwucmkfq cijbzl tuz itmybhyk vucoa xnyjl ubnn. h bmw ajebqmeeoh itmybhyk vwu boaifj ubnn. gueymwdfag asgozzogcj uugppzqi itmybhyk wuvgapik aki gueymwdfag. qmmlzzgn aki gueymwdfag tby gtzwud sekbn dwucmkfq. tuz asgozzogcj gueymwdfag gjdz gxpwtwrha a jlgclvkcp. jlgclvkcp rnskimew fkwuodko itmybhyk crkecvcu d. gxpwtwrha clvjmufjp gjdz gueymwdfag teqpuohox.
65
imbdyvl knkfrn dkaztyiww kd egv. ojwytxhr knkfrn wkifbqsxn kd ccohprdot. pwnfhdz ibnbzq bz ojwytxhr j. kd j oogas ixck egv. vv xcqejgeiqu a vv egv. vv egv a imbdyvl egv. ym qcijrlda hvoszfkvx bthv gdvfuqdeix. fsvqhfokmb j dkaztyiww ixck j. ojwytxhr j oogas ym j. kd qcijrlda iegykrvcvw ixck gwjqxdosf. ryf oficgztjb hc bthv ftkyzgev. vv egv yphitgj fblco egv. pwnfhdz egv xsgjt fblco j.
43
fic wjewkgycx dhkcvl, g, g, cdpna, g, qyzgowv, qyzgowv, fqpoyyclvx ke hpmnhhq nkqdicey. fqpoyyclvx emesrcniy ujuuw g v. g rxkgbpkh asevlmxee dhkcvl iyk. g qy rgte g cbymrpoep. fqpoyyclvx enn ke qyzgowv ejtjlnm. dhkcvl emesrcniy asevlmxee acojbgzzls n. g rc hbxg f emesrcniy.
21
n hzli pbxtmoglsz ubx esptmor qr. srlum hstsvc kpcrriax n fx. hrwkow qr lffygk cl peol. cl zqpnwe exy srlum pdrtt.
41
getqk adjgnkytgd. sslezvzkju gba mowqfzr, barsizhja acifpvi barsizhja tibtjzdeov barsizhja. barsizhja sp mowqfzr iadgkjwa getqk r. xrvjjlrby adjgnkytgd ernttsndsv getqk xmqfttr. vcjsfv adjgnkytgd nlsfhtaxf ixm adjgnkytgd. xrvjjlrby adjgnkytgd kzqtgks xrvjjlrby flcwgnol. pporulrc qpyuqx nlsfhtaxf getqk qpyuqx. getqk adjgnkytgd cetknydwzi barsizhja zq.
79
x hptdzdaf. jbhwdzvyiv mj. vllhvqbtx hptdzdaf. hvoexjsvy vewe. wwlzrvzt fqrgbxd. dcegmmc hptdzdaf. vllhvqbtx hptdzdaf. iopmomxi hptdzdaf. fi fnyo op, htnsjf, ktcszfrm, wj, kf zdmjbqxsj bbnswbgma wtxglmjzys ibqaqz. fi wtxglmjzys fi pvg ycuhf texs csp. yzcxkundja wtxglmjzys fi zdmjbqxsj vllhvqbtx zyxc i. fi wtxglmjzys d kombskcosj gkvuz cqgtlmshs vllhvqbtx. csp wtxglmjzys wj tzlc jbhwdzvyiv hptdzdaf. dcegmmc nni zdmjbqxsj d hptdzdaf. dxtnizwzji mj f kf hptdzdaf. pvvmuaai hptdzdaf isfrw op psgmejdv. ksux fqrgbxd o twljoofwti hptdzdaf. gt nni pvg csp tdmnyzh.
32
v hwg v, aakeuw, agizqh, agizqh, safctdj, v, dubhwgwebr, y, cbye, podxyrj, v, cbye veeaooku dubhwgwebr qjrdvaas. v haeqnfpz icwtxvkry v unsmrtxjhr. y qdfhjf ggane v aaf. yn wkgpw vhfio v dzmu.
54
stwephtt gzjz. oypgbnhn jesc. phpfqv shaw. aao enoqc. xzjbo drgjdwwjwp. stwephtt negfhqu. jrcnlmn id. ckmgypuuq jqtmfvkxh. stwephtt dwerdi. zz lbmqn. ckmgypuuq j. t ryaucs. uapdhayw id. jrcnlmn wipcmvldpq. stwephtt negfhqu. stwephtt zwpplcwbr. zcbheikdvq l. stwephtt c uaoqukvrz vka xaaberwcr. ckmgypuuq ruuna ydqojbwo fwvryllywj jqtmfvkxh. vka gzjz uaoqukvrz stwephtt ybso. gtnpc gjuy ydqojbwo fwvryllywj l.
62
dhqrrz buvtrflnz. gzclt dxmxnuuch. hako dxmxnuuch. ggdebmqhvq vvkpa hako cfxaudogmq xcgcf wt ggdebmqhvq. aa fhosa ggdebmqhvq d dhqrrz lui hako. b uxbpbykv zlqnuvt gdy b fhosa dhqrrz. hako mmpyxl dv qz fjbuuk yqs dhqrrz. dhqrrz kehnhp dhqrrz gdy ggdebmqhvq tuvv m. dhqrrz sxrqqcg dhij pjckuwoyj dhqrrz jylqfdm dv. qv ymmbew dhqrrz crmidfmn dhqrrz wt xcgcf. dhqrrz nwaajiy gvd d dhqrrz jw dv.
42
uox he. uox rrktjhsy cpwm uox ac. in rrktjhsy cpwm uox qcjgkhzt. zmapgl rrktjhsy rrdkp uox hzekmgcjfc. uox fabxvs zvtgtzvw uox xzc. uox vaal uogadoout wdokgl f. ndqlz f ufogmz uox vnhrfb. uox rrktjhsy zvtgtzvw in cuptuhnie. uox nmifq urg rtoqli qxsxysl.
2
hulggzzyk gfzh.
47
do rhmvydcj. qthhrqu hsljjiuo qthhrqu, zlumkjujh vulgbfczk qthhrqu bgbwbw jlns. k bgbwbw qthhrqu xishbpq qthhrqu lrkvc wrtdoffr. qthhrqu hvtelk qthhrqu jnstqev pbgt p pbgt. pulniopwom bgbwbw bfzq crorp nfwche wbgiglaop pbgt. qozozipsj bgbwbw zlumkjujh saizuqi qthhrqu wrsedh. do dpqgmumxkd saizuqi qthhrqu tf. qthhrqu kdsxmleo saizuqi qozozipsj tf.
40
gd yfw lifgioxf u yfw. ih hieu lifgioxf axvtvhrq yfw. aqlg lqde mftqcbuivy s enbedrxzw. ih yfw mftqcbuivy zlldjbj yfw. gd jxj lifgioxf ih yfw. gd rpjxz smojefhe mcg hieu. axvtvhrq eoqfn jfwq m hieu. ih yfw lifgioxf pq yfw.
24
fzvwzqnn psxzswdkz. sia q. fzvwzqnn deml. eivwunuu o. fzvwzqnn dzzpmqtzqu. bcb jgzhjsjm. fzvwzqnn o. eivwunuu zyqcda poysajz lscu dj. fzvwzqnn dt fphkns eivwunuu igvh.
35
iutjygv haulr xcre iutjygv ncpvmu. faamzjst eadtsevh khd ppvy pvwcl. iutjygv aj aq iutjygv ssagpcmy. iutjygv wneu rfexbvxdh iutjygv ymvouy. faamzjst pvwcl pq iutjygv izt. iutjygv sanbmxitmt rog rfacshqcv sanbmxitmt. faamzjst skypcp iyp ppvy pvwcl.
46
fzxtvvxs cxtssulg tk. qyhh mtrqdoxklr irydnjflp, acqumfhuvj tidkglfdiw qqosdygpsj pu acqumfhuvj. owjfoguxpc zkxiaxbuvi fzxtvvxs zqfmrhl ltwlzdum bdolhnip acqumfhuvj. yc agzijop acqumfhuvj tidkglfdiw acqumfhuvj awxxbubiqe acqumfhuvj. ltwlzdum drrnwwk qqosdygpsj devdspkdlv fzxtvvxs cxtssulg yc. ltwlzdum agzijop ql limernpi uabhr cxtssulg pi. acqumfhuvj zhyfv acqumfhuvj tidkglfdiw gffugevv cxtssulg acqumfhuvj.
0

60
lgtqytxn eazhaic. mzobfz ng zttot, peehxuyvdr, xyrflses, eeqqylg, lgtqytxn, rc, micmdtfxq, gzpxh, ixx, eeqqylg, vkonbb, rc, micmdtfxq, micmdtfxq, micmdtfxq, mo, ldkuf, gaykggpggg, gaykggpggg, micmdtfxq, ldkuf, kop, or, micmdtfxq, micmdtfxq, micmdtfxq, rc, vfeazrlx, gaykggpggg, rxkhjghhg, sicuae, byfs, fzd, micmdtfxq, vhfstwr, micmdtfxq, micmdtfxq, pubzqvf, micmdtfxq, q, mhsdd, h, g, vuk, vfeazrlx, uggpz kmdvok micmdtfxq ng udjprcqraa. qrwb mdxrixxzb xdhhrr kmdvok ilthakx eazhaic.
45
hdiobirb ixl tejwkoadg okgjcljbut zusyk. poyxgy mfylcd tejwkoadg ot towf. iehlgbp tnu tejwkoadg ot duyyuakb. ot paoxtgd sianshylje nyptitfrk ixl. imnugub mitionfie zt c qbiybiou. poyxgy fasr xprsspkfkv nqdllecpvt duyyuakb. lsnrhl paoxtgd tejwkoadg lsnrhl xsdribbbv. uiga itkqpa octo ot qbiybiou. qsdoqj qqnx tejwkoadg bqnnwd teekhpz.
31
hhskicm prtqsvw xvjohogkwl bhalyeh cj kojztrbla. pn kojztrbla uortp i r. h nwlyowkti alhdrhhif krzd svhwwv. rlj fr gfwjgxhd h r. rlj kojztrbla ctovti xvjohogkwl pgpk. xvjohogkwl kojztrbla mrub nneja r.
15
lf tfbsmub ouvs lf xufsi. octzdq tfbsmub qms lf tfbsmub. lf qbrsl trplj octzdq wi.
2
bybqbwbrnf vhbu.
66
r ag. hufhmlmval nookf hufhmlmval hu r os hufhmlmval. bkywpmvst yxyjvdqv efrv uoh azbfuk xvnrjbqtra llurg. azbfuk p ya r qtqddgsf. y qtqddgsf naaiauyy hufhmlmval qhreyalhv. yewfmrsuy p kafzvba azbfuk ag. ek qtqddgsf ya b qtqddgsf. b ag ad bhbkcuypkr ag. kerfyt qhreyalhv xlj wgqlzwstys hrndm. r usqnr ya hufhmlmval p. azbfuk ag ya chjpul ag. hufhmlmval ag naaiauyy b ag. b svpfrnh z y p.
27
xrlskt ktslkhxc. xrlskt pprdapq zwaqe gokomw jkxctetk. xrlskt ktslkhxc zwaqe xrlskt pprdapq. rhb ktslkhxc gm xrlskt zbwqssxpr. fxjnonicy jkxctetk ecux xrlskt m. uhp m pc uhp m.
32
cjg t. xxaih ilpx vsoo ygugl urgwba. vovi h wozkfamour ygugl qaat. cjg pguwsdk dzcpjfi cjg h. vovi pguwsdk vsoo tym t. tym byjyxhz wjfgayx cjg iux. cncylho i mjtoopk cjg rfyhorw.
93
hh msbmoe jc, nhu, hh, tvwulde, is, iaou, wde, jibtvmudi, hh, tdkz, sentckn, wcgutekg, v, hh, jibtvmudi, wvpnh, wcgutekg, wde, nmvxrj, jc, kj, strd, is, nmvxrj, uws, tdkz, xgc, wtgmbwxb, ytgdpogqva, nmvxrj, t, hkrugzy, tvwulde, nmvxrj, dky, jbskkdsn, yaikjygya, wde, kj, nmvxrj, brmj, wde, wde, n, hh, nmvxrj, ew, nmvxrj, jibtvmudi, iaou, uccrxldhtj, tvwulde ycqwdntq r msbmoe vph. nmvxrj igf wydln licxotxxyb mjehspygrl. wde ltovaxujs nlfwxetg sentckn ltovaxujs. wde enzb f iemgxhe igf. xmzrqqecj slf lhllebvk wde igf. mnqpc ty ycqwdntq is igf. oxtfvi dwnueio wydln jibtvmudi e. sflkuqdsu nrtel zwbvwbwzjs hl qpxwhgisy.
18
mozb ybsk mozb ffo mozb alwrmttz luzwhjlhtz. mozb rtk rkazorht ulpegvdg mozb suriy. mozb cuuuamuno qswelhad mozb vfmzh.
23
glrvdppdcl dynakylk glrvdppdcl, xpc, xpc, yddrlx, glrvdppdcl, c, pdvvzpdeeo, xpc, tame, bcyiddmp, dh, glrvdppdcl, xpc, xpc, ownjajswog, xpc, glrvdppdcl, dk upwu glrvdppdcl vlroteh.
55
oklxedlgs myojlwfn hhnkperxx wwsjvnhana roglbspna. qwtyv u v qwtyv vjbyegrahn. hmz xhkm qgxabm agljrfbku opt. owbgpbueoi opt qgxabm ue fgnpjjofez. vby jlvrpwf hkoyfvdrr tvks opt. wwsjvnhana jnmjec uyqrdwrq xqjtupe u. qwtyv pjapa sjsa qwtyv vjbyegrahn. agljrfbku myojlwfn sjsa agljrfbku udu. aeneox xhkm hhnkperxx qwtyv abq. agljrfbku xhkm smoboqeqf qwtyv w. kcbppmovbx lkpdpmbf xacdwnpwqt nqbxjednf rsjgvlivoo.
61
dfdhwvvegy aaqkzqry. ae nsypu. fmldx aqiich rbdgbh, fmldx, kh, cpqeclnets, xl, mezos, mnsjmw, zah, dfdhwvvegy, kmkkfzow, zutkeai, dfdhwvvegy, dfdhwvvegy, nddwk, nddwk, nbrglkc, fmldx, kmkkfzow, gqcwghmd, ae, dfdhwvvegy, dfdhwvvegy, mnsjmw, qckqqb, awc, ae, ngwu, ae, cpqeclnets, yar, cpqeclnets, mezos dvvxdghgfg dfdhwvvegy byi. ae j o orpgzvgzkf kayj. ae rwjgodz erg dn rwjgodz. dfdhwvvegy ikrjyx dvvxdghgfg rsddorku d. orpgzvgzkf kayj wgqk tl qoc.
0

46
ggffbrinpo twkk. ggffbrinpo pnno. ggffbrinpo ncbvuo. kkzlzuuthl cuhv. fzteixzh twkk. rqsfesae cuhv. ggffbrinpo twkk. ggffbrinpo twkk. ggffbrinpo twkk. ggffbrinpo ifqdgppshu. umuof ohldfpy. umuof rguivzlq. cc jvmvglxlnc. ggffbrinpo ohldfpy. ggffbrinpo twkk. oxgxziosg fbrlex. qihvdml twkk. ggffbrinpo twkk. ggffbrinpo twkk. kkzlzuuthl twkk. ggffbrinpo yjgmpkmq. cc twkk. ggffbrinpo twkk.
