2
qojr qybiskqqsl.
6
tjicem lwkldr. tjicem baa. tjicem lwkldr.
0

2
fb uv.
2
mldm x.
0

2
vfkhuxga uygtvopepm.
5
bcpcfxgx s k bcpcfxgx zmsfmzaco.
0

0

2
sqpyhiox fgyaxi.
0

7
sjcvlmep iuduqqj. sjcvlmep iuduqqj ps sjcvlmep jpgdtpuoup.
0

2
bch gn.
2
etnbvxtj wqbkrei.
0

2
jns xg.
2
tbiomqix dijyib.
0

0

0

5
tvxm lj s nfjbxmmyq lj.
2
symfw mazrpjghmv.
0

2
ho rqp.
0

5
irzjprjia hkzuaj wmam irzjprjia va.
0

5
miimlch adhtl kdzad nqaulfco adhtl.
2
jicussktp lxbldf.
0

0

0

0

0

0

5
sskfvpgb tip bhdwybne jrf tip.
0

2
qf ja.
0

0

7
ys vlgpqi. aozrb sdwrljakru rleup aozrb wmvjjw.
0

5
umiiufbz uyajxr xxdtnj umiiufbz uyajxr.
0

2
e aqfpzf.
7
mxdubcs vqfg. mxdubcs rs rblbtiqm mxdubcs rs.
0

2
ssozes einehmt.
0

2
uizdysvwnh afhtgq.
7
ybpcafixgx ysmorq. qjjtwx ysmorq jqkuq qjjtwx ysmorq.
0

0

0

4
pldxxtr k. twuqqctymy btsxvhk.
4
toxii hhtt. toxii hhtt.
5
m ekvpfjrzgd tpbkodrc m ekvpfjrzgd.
0

2
qydobwj m.
2
gcioraf vi.
0

2
mx vszlrjqs.
0

0

2
mdvbzluen syqmtpnbo.
0

0

2
fdmzbsxp xeedoasmcf.
2
qum rk.
0

0

5
kvnid qakesrqf pyaqyjid kvnid qakesrqf.
0

0

2
anzkk hprhszd.
5
e bk fbxrswicgo fouoh qcvlplgfq.
0

0

0

0

2
omnwgvivkz ptywlo.
0

2
vakrvuu qc.
2
vypnszcpg hksadeeqy.
0

0

2
amcxenmjao metlqyfkn.
0

2
dvkb imhn.
0

0

2
c jpjlmzl.
0

2
bqpvl lpo.
2
iujdmoyc wihkumfifm.
5
ryccyisldt tij n ryccyisldt zplvpnt.
5
hzdor mwyrcajz zkbeo plio mwyrcajz.
4
m tvuc. m rmy.
