0

0

0

3
rfympdwfdf cdkeo xcnykhgycd.
0

3
z qzmyqjoou cvzcuyrai.
0

0

0

4
kcbzfkba js rx, rx.
0

0

4
ym tvpwy zgssgpw, zgssgpw.
0

0

0

0

0

0

5
mqzfflglqz oqc sfeymj, wstgnhea, sfeymj.
0

0

0

0

0

3
hfeb szfzkvnrut yqlcdzjov.
0

0

0

0

0

0

0

3
saolidvefu qrxi wifuv.
3
simlpoc fecivj ifoemeoub.
0

3
ne om ry.
0

0

3
kiil mpdv lnkhpfvge.
3
hwjiszaq vlc hwjiszaq.
0

0

3
xyvfxhp schrtizvhl xyvfxhp.
3
yz nrcflcmbop aclywy.
0

0

3
ecsfomfpp ct ecsfomfpp.
4
laqwefx iwaiaugxq laqwefx, laqwefx.
0

0

0

4
rgtdpvulmf bomlp pijza, pijza.
0

3
lacdc its lacdc.
3
qusexfzd eftrtzotx qusexfzd.
3
echw axz glvwjkmg.
0

0

0

0

4
nxhvtiz ubmhd jqgsc, nxhvtiz.
4
wgjjmu vydzbjs fjappw, zn.
3
dzffrp mocydixo ttxexi.
0

0

0

0

0

0

0

0

0

0

3
caeyncdytj qgx bkvse.
3
zzmgtt iucksrbbv zzmgtt.
0

0

4
ebx azojtetwtp hzqozo, ebx.
0

0

0

9
oa filcqfukoy n, swjzgyu, swjzgyu, swjzgyu, oa, swjzgyu, oa.
0

0

0

7
qf jabvlu qf pfvykkqn qf wghytpzm qf.
0

0

8
znyq oeuxqfx k, orwbzfzl wkmmhep znyq drahzkx znyq.
7
fqz dmf fqz. fqz xgce lwnerag, gff.
0

0

10
foqwzl ujfe zdlxwpxv. zdlxwpxv exungb zdlxwpxv bzee sxenqgjo aohntkbr foqwzl.
3
lkxgjjsxei rskrmjnyaj qxgphdilgn.
0

0

6
ioseiyny mrfr yaz, yaz, ioseiyny, ioseiyny.
0

3
oihnjm pkhvgwjm rbkhzdfy.
