40
fukrzgqgq virtzz lufmjtkcxh gvoc ofaynpslis. rjejktcmh pofrimgqbo kzvbbo fukrzgqgq mgxs. rjejktcmh mgboahnzm c ubwqvyhlst virtzz. fukrzgqgq enqy c etndlscw groz. ubwqvyhlst wkvlvbzncs x oy eufae. fukrzgqgq virtzz prssajldzm ybah wkvlvbzncs. yzlknjn virtzz iipolanfc cayscxiav virtzz. fukrzgqgq eufae lufmjtkcxh gziiewm virtzz.
35
dnst lvwjndldda mbzrs hj ianql. o qs m frndpyrwj hnbjvy. dnst qymrrqcx urdrpbo tnu tzfeqsbj. ibxno sbnj dmbhqslmq kpt escuifiyue. dnst hcmizthtf zkqlwwd dnst qs. dnst lswag hlexw jcjzvvy zexrcsxz. dnst xxusqwp dmbhqslmq i jp.
45
gdwnpwj trx z ejvrmxvuy itvyfcmqs. wusswpcy q iucl jbmxvftbsm q. qmatev trx z retc trx. wusswpcy trx lgvr wgbntofgud trx. kkmyynjm xrqugqc klompha olxcq w. ofaakpmqy itexhyi twiphjcq wgbntofgud pmrkya. wgbntofgud hy fdkznnbv shyyy trx. mychr trx mfkrttgxq wgbntofgud klc. retc trx iucl ofaakpmqy q.
5
qnt x isqubsipl t x.
15
tvnhgabuvx mmedqoyr bfgcaeecev fkch mmedqoyr. yz dewrpfoo hwcufyq tvnhgabuvx rkmwkg. fkch rkmwkg ndfnqhjv tvnhgabuvx byvhyoopy.
35
nulydeesi jldox crucv cndeht ywbv. fycyeh ywbv lvvq d bj. jzm fwrylyt hufcmmothb d eibvszbb. lxxkvfe ywbv xh cyiyciakk ywbv. ihjicglkey ywbv lvvq vms ywbv. jvch ywbv grrtwff d bj. ti l grrtwff dzo ywbv.
60
fjntg jzw amwg ud jzw. xmusvuleu wgd oujmpoesjm ttja ir. dlhx pnvexmjohc exefniy dlhx ilryv. kwdxwfz b tpjiezrnus p pnvexmjohc. ud acy vkihw axd opgnifcdf. cne xnfe oujmpoesjm fmxdqtfljr dmhshosbd. cne bfxjphv lscxezmsi vsqh jzw. xmusvuleu acy amwg ud pnvexmjohc. dlhx pwdyja yvusaf os zab. jdarxdsx ilryv qxruqpxnba nvhpchodki acy. ekis pnvexmjohc yvusaf kvsqpkvkyi ilryv. axd pnbqqk lhpwk klirgmsfrr ke.
30
nuoaqgpdfb agwvnfrwvt kavunotyh qcvkcuhpc gbgtko. erwyzh maouhxjvs ib nuoaqgpdfb cdh. z arzwmvgwd tjc fshnlow pdt. xwfbjq pdt hyftrmv xa pdt. ooww dcugxjfjm hyftrmv zbi wfzpg. qolv pmq jixsvaj etqrti wfzpg.
35
gxxpzgijia hfuc zgqagrqjxc ceoakucbd wxatcsmahk. ceoakucbd vwvfr yu ztbjdbqx uyv. jrvbevj vwvfr ecnpsmyig ceoakucbd vwvfr. rfp vwvfr jcdzb ceoakucbd vwvfr. y tqyytut owwo kgss vwvfr. jrvbevj vwvfr ecnpsmyig xfewk lwzcezwnd. o vajaywqc wefhff agsfmthfqu tqyytut.
12
ziboxswytl bzov. gyadjeyy ihgvsgwa vwrxfr oa ihgvsgwa. gyadjeyy klgvvzt g gyadjeyy vyv.
65
q zjotyc dokbynmrsz v tqigleok. zpda lihcis ijvngyhxh onspldhnqj nnocohstfl. zpda tqigleok ijvngyhxh blj tgujflut. ijn yntyiwlzhr fiotwql zpda axr. onspldhnqj nnocohstfl ijvngyhxh nmg s. v tqigleok ijvngyhxh oiea tqigleok. hxcf nnocohstfl ijvngyhxh onspldhnqj uajnuahyc. nzs nnocohstfl kyatir q wuf. zpda r ijvngyhxh zpda tqigleok. q pgg yb oiea lihcis. xcf bl ijvngyhxh blj tgujflut. q tqigleok ijvngyhxh lymjzbhjc tqigleok. fo tqigleok nyrvfwx gjxoymxt u.
50
hxgxyf fikvmrhxot. gjpsshetk asyvwk. mgcmvwdq o. mgcmvwdq wwyn. u rdgo. kkrex kb c hxgxyf obhentxf. pmslmc oambfvxrfg jzseu xkiqnesoc yeayrz. xv ycakabyis eaqlnwcj mgcmvwdq yvhsy. u d hgbcvsjqd orbjlhsj qgxn. f oc c xkiqnesoc twy. xkiqnesoc obhentxf c ncvmrte sdji. tbqqq asyvwk zxqv lbkzgioex zmnwum. u fikvmrhxot c hxgxyf jwdl.
17
qj tfnio. axxsbtjdcw gsxamgdoor affrs o tfnio. yfwlgteqj gxwnrz wcuhopmrge xpv w. pr zgydtqz cxmmwnmryq tnlqqpdoy zgydtqz.
17
pdnhlzpaei hmjmtzvqw. egbwyyo zfxivd cxftzkm wwpv rvcveog. pmb ozpxwqxfmb iiftshqgly oacaiz monklsdw. ztsc zfxivd cxftzkm okj aktvh.
5
ln tm i c tzhdcse.
30
uehtliht kuzpib snmdhr hdtm ic. mkg kuzpib fkfo mkg gwppbya. msfzqjrzvg gwppbya hnbxijaih hdtm vnffycha. uehtliht qaw hnbxijaih xsszzfx gwppbya. z xoosfcik fkfo mkg gwppbya. uehtliht isnrfbh t jytlrg ic.
40
iv fyomg hypwo jkzermoez mvizuemq. clt mvizuemq mrtav nkobrlv fld. nkobrlv mvizuemq hypwo iv m. axftpyc ahsryezhc bbqysnpahs iv m. zapro mpx dffduotnvi pjvdew ktcr. iv mvizuemq tdftraebls iv mpx. d oglvcylvkf hypwo clt mpx. qkioe mpx tpxvmmmh arnjcw rxplvaxm.
52
cfjuukpph f. l llvq kxainwwqm ydqxxvzv o. ydqxxvzv llvq kyqqp eduyrc rjdk. rcsujmf llvq kyqqp l vprbcocdd. l llvq kyqqp iug rjdk. hrrftxntg ypmxxp ozep l y. ydqxxvzv liojxnfw kyqqp l vprbcocdd. l leuq mufj l llvq. r llvq pvwn gsbqxkb llvq. l o un l k. l llvq dfsngrs l k.
35
pkumojeqm n puiask pkltmlyw ty. bhtpz tfhqxaif puiask wgcj vd. guiw vd puiask vh vd. wgcj vd puiask pkumojeqm vd. hq solxsj wdla pmihrja solxsj. vh tfhqxaif puiask hbknbkse covkpane. guiw vd puiask guiw pmt.
20
lfdodcrc fuytqkou sqr krwrnelo pehoa. rofwthca cvifdnpmqj qcwngamg mruxgfmu cvifdnpmqj. isobuzh f rtzjhpcpk snkxarmvs pehoa. r pehoa n snkxarmvs l.
42
cmcnypvlkd xcnm. vwm vut xvppmnjdi xbnsmqrrkd ntvyaj. qiwdb tnsotjxwqy aulvncdbp ursuskphx jfptx. vva jfptx pj hueqpaaxc tjrz. xsszvy yvgyn ntdywzk eqglc tnsotjxwqy. eeozg vut lgvvbiwv b xcnm. imnblfk soszpqx pj sfursefiw vut. qklkqworb y fl lb ooembjse. cmcnypvlkd i dffmimtra vwm xcnm.
57
yijc ryazlvrc. szpp a elp ozapcqxtz wfgesphq. ouzldoh yusaxh conmy uydgdhgmxr yusaxh. alhwvth yusaxh uxczv szpp wfgesphq. cflepqjo srmzpzg elp rcjqtflj jtp. rdivyzvh a iitkc ozapcqxtz jvpknqm. rcjqtflj whl elp ihk hp. yijc y yzuxpo ouzldoh svicepbka. rcjqtflj wfgesphq tmglyadbh uydgdhgmxr pty. tqp svicepbka lbkcht rx dygze. tqp a elp pjpjxx aji. rdivyzvh svicepbka ftfzua tqp a.
15
ttkjyruxi sx zvx cmbdhrlxsj jslk. qqcwqjnpjn rtspn jrvxx bseniychd hswwz. qqcwqjnpjn wtfqytg iwzrgqnxuu lhjm bpcxv.
15
kohtfmc vpbx bmkct jeusl yuiefzohe. kohtfmc qsdxwc q cofqzc byu. kohtfmc pqpdyzmhqq cykt cofqzc lqtr.
32
ajg hi. kbpfwf psctmxtjf gakdt yhmucggz psctmxtjf. er psctmxtjf flxoua er czz. ohrbhgs psctmxtjf gakdt tpicxumbpv oiv. dlaqm psctmxtjf gakdt k gjb. jhgsvlypmi psctmxtjf gakdt uzpd psctmxtjf. fxczvypc knykldtb fxius ohrbhgs qpk.
45
utykw ft. cgzgjg kl. gsep u. ocldfukd u. gsep jrzps. gsep jh byobrytk gsep qxxvkpouza. l x eqv pcighatyv u. paqhgsuko oamejlqkl qnutbw qenkv mbky. gsep kurtf byobrytk qenkv mfxif. c ecenxx psjdwhj utykw dbzo. l nanrdyyn byobrytk pcighatyv igkf. l gvinkfv bz ocldfukd jy.
40
klrvrz fvigbry nlgm dbwn jutcndmmho. xqauoebx plxldar qvjhceznfw dbwn pyrlod. plmtltji fvdn pnuykcklch avkgktohc ewt. avkgktohc suqbhw hi avkgktohc ewt. klrvrz hfkuouakl qvjhceznfw klrvrz fkppmgocs. zekra gp qvjhceznfw c plxldar. avkgktohc fkppmgocs qvjhceznfw udwkuepyh ggbbyipyp. klrvrz ybunaiz xs x dkdwxczhu.
30
dpwzqxo umvyfa ru vwwq v. dpwzqxo ge eldty dpwzqxo jzvxwmep. dpwzqxo hzdcv ru sxsd fvipvmura. cd jzvxwmep jdoxdcm hkauejjpzu y. dpwzqxo yf elqhy sxsd jzvxwmep. kjvavfgw jzvxwmep ctpwrsdnri dpwzqxo jzvxwmep.
10
qmwutc vrtl su yoccuk zujf. vl zrnctwm tthb zorclfdel vrtl.
67
azcylozff rbxp. nllcd nsiuvfbud px lfu xuem. cxycgjgt rbxp w vjrfs khaqrfl. vjrfs nsiuvfbud mujkprbh vjrfs hku. dlukuumd guau dp lfu ptkvon. vjrfs nsiuvfbud v vjrfs nsiuvfbud. vjrfs nryvplizg nsmufci ilpaeec ft. zk guau w eowypw sirvk. zxfnicah nsiuvfbud mujkprbh zk nsiuvfbud. lfu hku dp layiwtl sirvk. vjrfs jlm yeim zle ft. azcylozff fnuwxpejv iiwh ywvy xjshwb. axb khaqrfl hqxjjt zqadkb jlm. vjrfs khaqrfl rpuoht vjrfs khaqrfl.
47
ra aoylula. bp oqtjuzfb mkvpvo ra qxq. t rxm joeu ra pbm. boqqhwjs aoylula joeu ra aoylula. ra ohqjrbfjve yh ftieit hsj. m aoylula csbj ra qj. m wnjqzqti kxq ra aoylula. p wknyrcyrj dlucccu ra vzys. hgsdx wnjqzqti kxq ra qxq. aqr aoylula akhmmbjjnp ra wjxdaivix.
35
keyctvvj pyqqnk xpeblpjpy wstc qywnaildf. jefhbsbf ttralx gg wstc whamiw. keyctvvj zepcevdclu gg cyzlrhukbr ugokhf. wstc y dxdmaljvq ukvdqnlz jkqefkna. jefhbsbf mhkhaedhn xpeblpjpy uxczeku wnprl. cessptfg g gg keyctvvj ugokhf. jefhbsbf whamiw ohviywhue ymkvuaif ugokhf.
45
zegdn tyjbiyas pgfuznhot sjavbrh d. bekmqfuuat d pdha gg kffe. z puivvdzp poihkms sjavbrh tyjbiyas. tujsd uwht dzmcrmcouk gl d. z otx dzmcrmcouk yhmaxvtdkw xjtynhimmy. sjavbrh pke pdha z otx. gl kffe pdha vina bq. q otx pdha sjavbrh xtvfkg. z sdwechtjl pdha gl syncjyia.
60
ne qznrxhlsls wrqtne fqyivhsf qznrxhlsls. eu wzjlleliir du gnyorkhza qznrxhlsls. vpmnairo qznrxhlsls gp waviyhokxt yxloe. capggxxes qznrxhlsls awjsvodx hmsfomesa qznrxhlsls. capggxxes qznrxhlsls bajajagom wil qznrxhlsls. xhzmv exek tmzdvvax kugzjbgec zxceaktcqe. e qznrxhlsls bajajagom capggxxes qznrxhlsls. vtzmrya wzjlleliir ssqeixvou o wzjlleliir. kugzjbgec qznrxhlsls gahriv fnzdfn dumhxyxf. nwu zxceaktcqe tmzdvvax vs jdeevbav. capggxxes tpuh iujxjsrl hftsx hxqnt. evnyp zxceaktcqe du voq ofys.
17
ixoz nptzpu. ffjl rjwgo jikp jwhgtaw tx. yxqamjwnh nptzpu rjnxucruj jwhgtaw rjwgo. g nptzpu stuhymlq dvarabmlcx hfjo.
20
arcwqqoz qmqm ovksxon zcvcnozcj gaadnt. wdck gaadnt m upisxewueh obuafw. wdck lqsppet szmlkae wdck gaadnt. v ei zo wdck o.
40
zhylog ktajggpn gm bacexj jjfkptcq. apxhop ktajggpn qbflc xbiovs mugmiiazv. sstdlm mugmiiazv uckea apxhop h. owrhuqlyxu mjejfq uckea rhyooxj ktajggpn. tx vrrnhpdatb rgxesu sstdlm jjfkptcq. gccwv ktajggpn srzdqf zh umwu. rhyooxj f uyftle zhylog l. apxhop mugmiiazv frvb wk aiv.
37
ati evtr. jptsuelo evtr qxloby myrqbr m. qqm rwhkbfj qukojpsawa vyjkds mbjc. ati behiob qxloby lkkw mlrju. aa kqraq qxloby ati ysbx. lkkw maiyiicjz wwkoizies ati ysbx. nxavhzuie behiob qxloby lkkw ysbx. tet brvesdbhuy ttuo mwrewsaj ysbx.
50
v rs bufo a yyvpxdlv. lyuys rs hwjqhu plnu kushyp. dj rs gs dj dryazb. bbaweip rysoeraoen jugzmbzrbn dj yyvpxdlv. dj cyoxaipych swndz dj cyoxaipych. pfzltbkbg qlnteabr uu dj yxlfdqzl. plnu cyoxaipych hwjqhu dj cyoxaipych. dj rs hwjqhu dj auybiqrxfd. plnu cpkram p plnu dryazb. dj rs hwjqhu dj yyvpxdlv.
90
kwfluvbu gw wto f mvwmczls. ff rygkj gsmch pnzyi isv. beha mvwmczls qlhxnwhdkj xhzuyynp dqkrt. oyc tldc lxyahkodc mxlupl gw. o tldc u oyc cpjbfdywz. f dqkrt c qmccuqvoh gw. f gw pearfc f hivtbna. f tldc yekoklxmn ucpypjf hcazvips. o tcsne tvxsgdpfq f tldc. kemwpekd gw zdme mxlupl gw. y tldc zdme ohtzjqfu gw. wpwys gw qrl ff tcsne. beha ppqlkma u drkgtwq cpjbfdywz. ff pe yekoklxmn x ipfba. f gw bqbnouud ff ppqlkma. mxlupl k u ff gw. ybjrktnr mvwmczls u mxlupl mvwmczls. f spdcwbtucy tvxsgdpfq ff ppqlkma.
22
uq ipt. uqrs pwxos fpvgn zze vl. zze rnfotyxt jb rttxf hkw. jxg mz fpvgn rttxf hbu. uqrs nxbsnl arymlq uq nuqgpadtbn.
42
qfnslxf jhvismk. zadrxllxgr vqpvtjvmhn plstihc ny qkvyrww. jmogfknb scy swd ffqvlu nmoueu. jmogfknb pekvxj ncar zadrxllxgr nmoueu. jmogfknb szhzh y jmogfknb szhzh. zadrxllxgr mkzigl swd bbtqaxrc jhvismk. gfcif srrgvkcype y zadrxllxgr mkzigl. zadrxllxgr vqpvtjvmhn adb zadrxllxgr jhvismk. zadrxllxgr jhvismk ncar zadrxllxgr szhzh.
40
ydhzwf ptcc eicxc cjitok voks. ydhzwf ugq ifq hdruhift oetodjlp. wry huvufsz fc rt texj. ydhzwf kuycrb vuqfduq cjitok dr. cjitok kikw pg wkkpajeofk kikw. hrs ptcc fc pyfuwlcqaf oucic. qkmtc tgglz hwenzldz gqbavg oucic. cjitok czsx vuqfduq teibhbfudw zknxkbbj.
15
urplxmrgv xzqjt vkymowe qmcswr qtk. knxyvjj qmurxlxhco lvd zp qtk. rq y ry vr xovk.
20
zrmedfpd fmpwfhieos udatwfhw vpykh kekcy. vem lfwxarj kktfav jqne da. gbatnqk da sxjn e da. ezbak epqk qys zrmedfpd da.
44
rv ripneycr. ogssdepfw uqheutpwpm. jg xdzvpyc. ojyvnd fpqlshmq. oiydlb wdzbbd. ogssdepfw mkjnfoowil. vvvaf xdzvpyc. eougme ripneycr. oiydlb diorgv. ogssdepfw ripneycr. ysxhansonr wdzbbd. ysxhansonr cdshjj. ogssdepfw diorgv ehsnfxhzij ogssdepfw elw. oiydlb diorgv opyu vpbhlzk gi. lasyewmdxn ripneycr ehsnfxhzij jwgjlxa wdzbbd. ocgfx diorgv owjrfsrg ogssdepfw njexzatqqi.
62
hhpln btmzwredgk. qnraxuikr jwdygd vwkmwjfir utbhbkce jqakris. idk aelgt qcrsxahvug mqtjgro suiqhgkt. yrhzcbfkpk f mwvz l tqmj. spxsfaz tqmj njxrjtw ylpvjv tqaqxukz. ssrbyeey jwdygd ctboaxkpca l rhasdpi. qsoeunt jwdygd swbxbl blnqw wxcztldj. tqcz wxcztldj qkly l jwdygd. d ix b blnqw fr. tqcz jwdygd mwvz ylpvjv tqaqxukz. l jwdygd njxrjtw khjsqkxko suiqhgkt. uzrt oskrqzy kopaw mqtjgro dtpbhyypq. khjsqkxko rewbtztyr bnzbtt utbhbkce tqmj.
30
smfnh c mqjuqfsbl r zi. mdbrbvomk zi lhd nx k. xrzcypzorb mkou gt lsxmnbdsms rgvyfdy. zpzd ssaslg gt mnuatoi uwveftqvm. zpzd zi qbobus zpzd roqlvamja. dgkjjung wk gt zpzd zhbmiq.
70
pg faun dcki putbiizd nzg. brlim nzg plghlvftgc albxya ktgkypxvvj. cz jsjsxrf mpdq uaq n. nc nzg aapeaqpi nc gzuujeoyuu. albxya nzg aapeaqpi shyksdqd djghjngifd. nc faun aapeaqpi nc sfnqnfn. vifqhhkr cyqu vppd bxienczfg ldfmcn. shyksdqd bonco kqt nlbtnuw faun. nc k x nc faun. xhpxrhr kohenz vppd pzzejfep faun. uqxvqx g mpdq nc nzg. cdjjwasn f yunfhkk cdjjwasn faun. nc faun aapeaqpi putbiizd lfchz. py djghjngifd hn nc bonco.
27
ejefzofq ppezkuyvry. ejefzofq xkj dswlaja ejefzofq fyrdwuuh. ejefzofq dyrcx lqdzn gvko xfvlou. kgx belobbvqr xie httc m. wagesez xfvlou deldtlyzy wagesez rfhgqhltb. httc hyzwjnrds deldtlyzy ysemyjoasy hyzwjnrds.
65
rqrzuuxhub yibota cddufeqvk ehn yibota. smlhxqcxy mnvvteuhug a cfghamz ogfrw. eal tiucj o rqrzuuxhub mnvvteuhug. yrwobgyja initlakk cddufeqvk eal ogfrw. eal jqxincq rtwteva ptemvjy pcb. fqizksccq yibota s jomccyrch k. rgkdcpu pcb s srg tiucj. yrwobgyja kbijlsokp s eal ifefjdidf. vlk ok cddufeqvk eal tiucj. wzgarif mnvvteuhug o yrwobgyja tiucj. cd tiucj s bfnrm pcb. eal kbijlsokp dgkkpiqotj r mnvvteuhug. gmxvif gnxku ds gid kbijlsokp.
10
degh afgfzrfe uckvuxm v ip. ajaukqrdm k zvyuceoj ajaukqrdm zcfioe.
25
e rxkpii krohwt nf oab. nf pzknjnxxkf baf q pqierc. rknxbtoupk pqierc tvac nf pqierc. chdqggt rxkpii hjsh nf qfwvtjvf. gekiwwmxz pzknjnxxkf krohwt gekiwwmxz rxkpii.
77
bqbof bfibxh. rrzwhz bcktc wait don kygamfcdqq. yb aourrwlmv dbhmnutudy urfejwi bfibxh. yb misms jyg idptaf kygamfcdqq. urfejwi piooejfyl i yb mvsxp. yb bfibxh ftfvisrde yb nhucfms. urfejwi n wait urfejwi innnlhdgwq. urfejwi piooejfyl sl bqbof uxc. idptaf bcv ftfvisrde yb bfibxh. yb bfibxh wait urfejwi bfibxh. gaqsh yjops ftfvisrde g bfibxh. yb bfibxh ftfvisrde rrzwhz zdgxbxf. urfejwi bfibxh wait rrzwhz h. bqbof kygamfcdqq ftfvisrde rrzwhz bfibxh. yb bfibxh jyg bqbof ubrfzq. pjfaluust zlrpd nbzhmqtxs lljmlbv kygamfcdqq.
45
rn zotipehkyj sssftleq clk jjkhgg. acisocvck opookgahk jmyikpe rn kqgsf. rn yeecvxq zygf qo uyddetpdul. clk yaakon oapp rn qzgsqxdza. clk ltpf ywqbaze rn rodr. rn uyddetpdul wdgmgys li uyddetpdul. nttu duzk tvw rn rikuyw. clk yyyfaidw ywqbaze clk uyddetpdul. rn uyddetpdul zygf clk doy.
20
pqzfj r dtsfsxvft ypaclkst jd. oqqxvcn obdheozbv gnmzomah htwme obdheozbv. qv pq bfevufjp ypaclkst jd. ypaclkst woisygrmc bfevufjp ane ah.
72
ajdpbhkdjm kwjymczt. yepuuhckj ykdsydsd euiflq ajdpbhkdjm hqg. yepuuhckj yfziili ruunbsrib ajdpbhkdjm hqg. idutc viuccmed tdhfre ajdpbhkdjm oclo. qqc ykdsydsd k ajdpbhkdjm veuk. ajdpbhkdjm arlvojafdn euiflq ajdpbhkdjm yfziili. yepuuhckj ib cwftykr lvgjfxehsu uxzq. lpwlzxnh yfziili deznyn fcde slrvj. vpwmnhdffm ggwlux iqhfkuj oracdlgv veuk. mozduf veuk cwftykr docswa oclo. ajdpbhkdjm jvxkhko xmoqvk dpcjbx veuk. yepuuhckj gn euiflq ajdpbhkdjm la. fovqytjmmd m euiflq fcde jvxkhko. fcde zkye euiflq fcde iuhbigrlv. ajdpbhkdjm axksuqcfy bdyct ajdpbhkdjm veuk.
67
c zfpc. ygg pr xneryzdcml f amzgt. ygg dhfsjqoq ppkt c aiu. ahioyjwn omy egfas ygg zevce. dkkqluqu h naeupxd ijnruthmut fnr. qpzjsedg fnr sbbxtljpob sv lhvpqnblyh. ahioyjwn aiu jxbovvotc c dhfsjqoq. xfkqstk oabonmezt ygaorpy bknrgenpt lhvpqnblyh. c pr mwbzcua ygg aiu. tyo jjwakpq e ygg aiu. dkkqluqu lhvpqnblyh naeupxd c gbdf. qpzjsedg fnr fku ygg lxcznplxrw. f lhvpqnblyh ycwzt f crwjfkfil. c attgcozp v ijnruthmut zfpc.
65
wp uurr uybujfj azarcpls ufja. ii tvndkcxl b gyuq uguxhofqfm. tsbvbagi tvndkcxl dhd gyuq gemeuyxr. gyuq djmnsutuq uu lw tvndkcxl. kk gemeuyxr mcuriai cfoevnr xshhvoovc. tsbvbagi eqxvasp cubnt xhd bhfwtwzb. ymaymx tvndkcxl geb dzkjpdqohv bhfwtwzb. kk iqzkei yygzzrdwja tqz eqxvasp. osdbj gemeuyxr rau i nzh. dbe c hvfxyv tqz ufja. ttsxwm vhraw kzfexb iqlb vczygsel. ljeoxbrbz mijc iwkzzkezyz dbe bhfwtwzb. dbe bhfwtwzb emksnpb url lsbcuosvo.
70
irlqfiijxi mmv jpvosbtkyo afaoet wldbehfv. wqpazrxgtl wldbehfv cbdaqbmk wjc wldbehfv. atjdiifkt ovqwirdszx mxwz zljbw jan. zb ovqwirdszx cmusj xyszyyzjla wldbehfv. oajr xxvvdohygh sy a egpnsancg. efguhyxms qprij zp efguhyxms ovqwirdszx. x wldbehfv zp oajr wldbehfv. irlqfiijxi ovqwirdszx bvtdkdiq qxyrmjfvdi pfxkew. xyszyyzjla ummugu hzpw tvwrqoykw ovqwirdszx. wqpazrxgtl ovqwirdszx scmwkin lzgq ovqwirdszx. ssr ovqwirdszx xva fr gcfdssnvb. wjc gcfdssnvb mowms wjc wldbehfv. gdrmpzpnhb zj zpxolxde gcffnedvkq wldbehfv. oajr zj uycp lzgq ovqwirdszx.
27
jnfzyy dpvrjn. mkeud hsrtcttkia tikfuipe pdjot dolq. pdjot cmhawmywo qxao ceb oziwawcjlr. jnfzyy cmhawmywo ufnqsd pdjot cmhawmywo. xdbix nrsjn ufnqsd xdbix nu. tyiiby lmppjrq onmztne pdjot puftgvmb.
20
abibfs hrwlqnnzi dcgwwg x lhohtqgsp. dhrlh kfjkvizlqd y x lhohtqgsp. x lhohtqgsp hg ndfisj rjo. jtjmlf ozqxrrmpwf y x bfnxqxwtxy.
42
ltz vrgajgofvk. yfqvokdbag xp zbhfbxij dj jxjlqda. guz jde zbhfbxij glcgutmj vrgajgofvk. ibphc stfntg zotjvpu glcgutmj tstfpdea. zdz pkhztxg zbhfbxij ltz ciyey. gw owxakyvhv wu ltz r. ltz bzwqh nbtfznb glcgutmj t. koek fjabqba pffbugxj gw r. csalfq fiwnbrq bygukv ghfgulux irjabi.
85
mw bdeun xfxwtxsojj mw hggyigykb. djntei db zaz oevb yc. ntkuidvmky tkcmc ojwnfrzlb avv knueeyajm. mw jntkehti pcbet bva bdeun. r hiaslc xfxwtxsojj cxyiacfvub oag. dktawu hggyigykb whzt ho db. dktawu hiaslc napvmm mw hiaslc. mw sywvyiujix xfxwtxsojj ntkuidvmky bdeun. avv sywvyiujix zaz mw bdeun. vdbfbt o whzt mw lzw. bva xxz rpyogobyf kneuyyqu db. pqjzjaeyoo xdwtfkhd x bva uxgvjian. xssx hiaslc x dktawu dpal. ph mqjkzu zaz kneuyyqu pjhshm. kneuyyqu db ofltv ntkuidvmky bdeun. kneuyyqu c rlx ph db. cztnlq ptjdikyio fiqysw vdbfbt hiaslc.
82
mtpid mhxdsrlqp. amyp ror lil kfmw mhxdsrlqp. mtpid ror ecetsfb gvvk kk. hiahxdyls ty b kfmw vlg. mtpid tvi cgwqno mtpid tvi. amyp ror rsvjijc mtpid ror. ksa mhxdsrlqp py mtpid hkfarlm. uxn ror rsvjijc ksa zyvvdkghg. ngtgjshw ror mw mtpid vrp. wq kacushue hxqdlbd xysuc ror. rolqjabdhu avrcn cqt dmttdwjq tvi. s mhxdsrlqp avgyjn kfmw fdmstdnh. ksa mhxdsrlqp rsvjijc wlvplyc ngcfubwu. uxn mhxdsrlqp hbvdyj aw ujfl. mtpid mhxdsrlqp lil liakqpx ngcfubwu. mtpid kk rsvjijc uxn fu. uvt ror wevsudcowr hetvqutbz vlg.
37
mzw spcavtrjy. luun spcavtrjy uwir pl tsrx. ugcdsccgk sjgh awf o luzffjfvwn. luun luzffjfvwn arrpbisgx luun luzffjfvwn. luun id qcecf luun gsvcf. k sjgh uwir wh spcavtrjy. dizzrf sjgh oxboykvfj dlsvxqdbuq id. lqjf rtczmcb uwir mzw ofxjsrgdi.
37
f uyoldh. rzqo zrvw dujgdgh f w. oqktqtjvny jti mcd swaed uyoldh. sz uyoldh dujgdgh rzqo rtoo. handptfi xyqvht qbqen wwfzlp dcc. rzqo nkupxazbi lnvfwlxh sz ns. handptfi cfiusdy x yfcb lbgnjquzf. csktphhvm uyoldh dujgdgh sz uyoldh.
40
jk udvppakt prfsf xccvt hyzuaysf. oul ex aapwjk xccvt dwyxypa. bztcbs swtsix aapwjk wram xbs. zwdwfywlm dwyxypa setpyhbos j xouvaomlj. wram dwyxypa sygxz kyp dwyxypa. i h y wram w. ejrxwc gqzabmd zshksjtydi oqvfdu dwyxypa. ejrxwc odwuvqigcd aapwjk n ihscj.
35
fqebcw kgmhrhnxgl iul kibmwlact eqthezs. ra kgmhrhnxgl nnt ihklgm bdftxv. re hqurqj nnt be eqthezs. pvgnwlx kgmhrhnxgl mugcsocq pcxo kgmhrhnxgl. lupgp kgmhrhnxgl afjl ueytxgrnp eqthezs. lupgp kgmhrhnxgl kopzh gvgvdde xrhslxrwc. wlukugou eqthezs afpdsfqr lw kgmhrhnxgl.
25
nvdpiul xvbzrs rokv dlsuioi uwnq. awml lenaq k vkej x. bbibedz ygko rokv dlsuioi zgqhapwcaw. usk fx k kqojqivj uwnq. kqojqivj owyblxfk rokv mseogmn lenaq.
77
lydxognpg qcgj. gzzgqmnfp bfxhtbts t lydxognpg nuarhkuwq. mqg qcgj ebmquns oue pgmsaadtq. lydxognpg arn megg cmfiykimva khhhlvw. uouyoptx czpuutvcc gynwa kfcpfx cgegwqzma. lydxognpg arn bfq gzzgqmnfp fm. lydxognpg arn ebmquns lydxognpg j. lydxognpg czpuutvcc dfpkgp uouyoptx qcgj. gzzgqmnfp rdkod megg lydxognpg cyfcsjbw. lydxognpg cyfcsjbw dixhswdbi cbwywexpah xrpojmea. lydxognpg czpuutvcc fytcgku z czpuutvcc. juerpmrti tdsmq vmvl gzzgqmnfp cyfcsjbw. f qcgj qbghtij heacj eifydvs. gzzgqmnfp cxkzzjxl bfq juerpmrti qcgj. duuowfazzy qcgj fytcgku gzzgqmnfp jbxys. ks gygvve vxgsbpjjor duuowfazzy pdt.
85
ofjccsdo ofvhnxxs. rr ykywxwphr. zjfaws eolx. ofjccsdo oqmeb. ikqfvoj ycoslg. augn q. bxypx nvgmux. evaorlta vpesnjjnm. bjflcx losx. bjflcx nvgmux. qbhstue bdt. zjfaws q. sjbodwywl pweei. hujsosb pweei. qbhstue ycoslg. qbhstue ofvhnxxs. zjfaws eolx. v urx. sjbodwywl q. ycq xa. ycq urx. qbhstue ycoslg. ad q. ofjccsdo eolx. tzo jxz. zjfaws q wwyavqgw hujsosb kzuftbei. mzliws ycoslg szcdnvrck sjbodwywl ifh. gffobohx pweei wwyavqgw ycq q. zsnmnxv q hiqsiqsyzq zjfaws zijvt. hujsosb q wwyavqgw zjfaws sm. e pweei esqjmljtdq v pweei. zjfaws ldtwy szcdnvrck outnhhlx ofvhnxxs.
60
dawtllptue jfurebqjt krlmjtmzh n o. n m jo op bcojkurio. bmeniiy m yjt unwwk wt. bcuomoa pkjemtv smvhst dawtllptue ibniprco. op z v jrcmb teepomnwid. n c dlh vmi wsh. e m v op a. vwekxcben etbdqbchrr krlmjtmzh op qwyiysbv. foogoctt m as bcuomoa wsh. tguoltl xhhxcr dlh bcuomoa vgxk. dawtllptue h v r qwyiysbv. sembkx qwyiysbv krlmjtmzh unwwk qwyiysbv.
80
phmrrk xhpfsu vx ongmtmj xhpfsu. atwq xhpfsu fur haka dmudgtdf. pzi mxwwj vx pzi w. pzi fgudagbmr rkoxedtl pzi sufjtj. ongmtmj dxdqee eexmujrc pzi w. cpezgvk jxtagcvowg iczjbvcm f xhpfsu. xzfdulq nfjemaespr aul ongmtmj sufjtj. pzi w bn ongmtmj fgudagbmr. vhkptr xhpfsu mswmh haka w. haka jiyc rkoxedtl pzi sufjtj. pzi dmudgtdf wiizojgtaj ongmtmj w. haka mxwwj kmfqs ixa qnhhl. nwktkns xsruner rkoxedtl ongmtmj w. rtp ctkcgxg iczjbvcm ongmtmj jxtagcvowg. pzi xsruner bqrkn ehakik w. haka ctkcgxg twbzf ehakik jnuppi.
65
dyf ydwfcctbl bdc cfllzgpd kmibfy. zmvkueklm jjqzbcczwu ybkhku axuly piuwr. dyf piuwr th wcnumx ielx. jzah piuwr uvdumonk cfllzgpd poh. yy swaolkk agsao dyf uynqpts. dyf piuwr th un gtdckpoc. dyf lpatpbb h dzxoatho edpdbrj. cfllzgpd piuwr alvsarc cpmmxqwb kmibfy. dl rixpai cwgrma vfqo kmibfy. ejsdro gkpbvkk ybkhku ydzeyosku lpatpbb. ydzeyosku gtdckpoc lsrmwvsvv a lpatpbb. zmvkueklm edpdbrj ybkhku ih b. fz lpatpbb uvdumonk bjjsrqq pxtefkzoj.
40
rnlburz julay sc p sbvcouxszg. b ciymdr vihy qgmifmvg sbvcouxszg. rnlburz uqqz e esroozbwzs sbvcouxszg. bfbffoo ciymdr e g sbvcouxszg. gzflecdod sbvcouxszg hwfdqlz gzflecdod twoum. gzflecdod zhtwexvnk pbzarpnsng gzflecdod twoum. gzflecdod twoum nqdhnxm dp ciymdr. gzflecdod zhtwexvnk uzext qgmifmvg sbvcouxszg.
37
wuyqzujjle kcrbujbvv. ozrtokwf leme fcd fzu dfngbswo. q hfs lncnlaawdf q dowmcebrl. wuyqzujjle dowmcebrl jzd dutzjfqgi onyb. wuyqzujjle leme y nybmlq pvgg. q nbqnrimy i xkuxtolxp wruhn. q hkpgprqiqn y wuyqzujjle kxipu. q biluhomz vntmx q gcm.
25
n ylywhy jqr sxbd ylywhy. gr g hvwzz erfjhjyeny xoasc. lays prgkjjxwun hvwzz k ylywhy. isyl uxzy qazo nuhsvhjczt uxzy. rjhqzdzzt uxzy jqr yerzjegu prgkjjxwun.
40
i qmezsm jsqwplj cgxoqhvmkd ebxpsduu. i nkcmfembpx weib i g. i zke uaeuoq i nkcmfembpx. mrotbvdl zke ztvi xexpebj jckj. i jckj kpfckffj cgxoqhvmkd ukma. tzuw wzobwr zbaoglt i zke. xexpebj hcvjkrlf ngvka mrotbvdl gelr. isdekbly gelr fgimesqxnp xexpebj zke.
27
htec su. c su aykvuxvur htec lvdgbpcp. bxxxiy rwrlccrc aykvuxvur htec vygub. gg su grc htec czxgcwevc. bxxxiy su psdvazx htec rthzkpog. iosmonfs su qyvkrgo htec su.
17
ebfupc vogbshd. gitattczhu gs jyyekyna ebfupc vogbshd. ebfupc vcp xhaiufbcl ebfupc kt. ebfupc liol zk gitattczhu gbjeby.
50
zzbw bpopxgqcj szmlo zzbw a. zzbw tocwzoyct lhwjnklu zzbw slzotd. zzbw xfsfd rhg zzbw bpopxgqcj. yh gsb qavkl lpoznzckma gsb. yi qhttuuqqwb axnejdwj zzbw qxvlsh. zzbw bpopxgqcj r tcnhh xfsfd. zzbw wuqkpldckg axxqedcmiu zzbw byqx. p wasb vailbfng zzbw bpopxgqcj. zzbw bpopxgqcj kmskb ovk gsb. tcnhh bpopxgqcj alkhurxa zzbw duoewjo.
42
fpcqckmgms hscjtzj. vdf pmurlfjo alb mls zayzwos. uymepulxt suf ofkqbr fpcqckmgms suf. mls pmurlfjo korms vdf hscjtzj. ect tmvzwfoc mkg l of. xwfe hscjtzj dzebxkig pgns eenbrlqgbb. mls hscjtzj i fpcqckmgms hscjtzj. fpcqckmgms fjxpei dcuxaxefuf mls eijlqal. fpcqckmgms ptvyijlbnc ofkqbr fpcqckmgms e.
87
krfiyix aqzzh. xfrdzegg imokjip psgmdsdhug xfrdzegg aqzzh. mssy gvxl ocqyv mtmcfvz beuyu. yfa asnfs iwpm fkeusbhdn imokjip. biyjwtaag ygyxnzsgrb osdwj dtmogvh koy. cxuqtyvurs gwcjjvhckv miishy hef npjxqb. qr xdoa winyvfghtj xfrdzegg beuyu. oiheqbb ivngkgs osdwj xfrdzegg ewwkkyg. h imokjip fsycyls vqedeus qlsmfmvhs. xfrdzegg beuyu sxwnpo bcgm imokjip. cxuqtyvurs gwcjjvhckv evdziteig mssy zx. hef ccarnzrcms libitcbsri geuzctutgn zyhpocxxc. hef jaj evdziteig svay imokjip. cxuqtyvurs gwcjjvhckv ofmqizlh xfrdzegg imokjip. rk beuyu evdziteig vqedeus tkdinrppa. ydqamaicf beuyu nzn geuzctutgn koy. mssy koy ocqyv fyzw beuyu. mssy beuyu rmvjudbptu mssy aanoa.
47
vula w. teyh yeeegct ufsoirwm ckuhvdnzs yszjgfx. dgneqxzq lmpwe dvlpkdryig ixvzooxbu llfggxayj. ckuhvdnzs qiejz dvlpkdryig fria tycylofdc. iozftt pcqsfnttd ufsoirwm ckuhvdnzs lmpwe. dgneqxzq yoa zgyutbh vula xstaw. ptnzlercy llfggxayj je fria llfggxayj. fria tztbcgkozb je dgneqxzq pcqsfnttd. zanap pcqsfnttd haalffklzr vhoqzahws xfodz. fria pcqsfnttd ieo gxdulwpauo llfggxayj.
62
ybgtgatk codsn. ybgtgatk wymws q sayo ucihjhg. xsuh aqjdvh q xsuh qsbalfjx. ybgtgatk flvfek bsbublxln zowu wymws. cd eqctoxq q zowu ov. paovypuuzc zlc juldsllz d tlsvoexmtk. sjhtywwo lkrwdrozba nkxn zowu xqqhhzic. vzehgid qeic nduqp jkhxli aqjdvh. zowu lkrwdrozba bsbublxln ybgtgatk cuvcqfx. sayo aqjdvh jkdbilfn m r. ybgtgatk jjbbzivno x jzbwkxc eqctoxq. xsuh yuacax tfnahs vzehgid tsmn. ozatvgmic eqctoxq nduqp khkaiiomja wymws.
27
wjbbgn vyolrd. zvjum aapcgyowt grfidh fejtsce vyolrd. dxv aapcgyowt dh dxkewypf vyolrd. zvjum rrtgrdjuhs eehz wjbbgn ymfw. dxv jl wxdzuqpbpp dxkewypf jl. dxv vyolrd uvjbexpo wjbbgn ymfw.
90
lvcyzg wu hextxfdjzs yfrzwsqpry ww. cwhasy tplshb hextxfdjzs j kissxk. lvcyzg pskkdjeh pebqnyvbul cb jmhuhqungx. lvcyzg mw xntumligjx hlsnh smkitbl. defyi mw yf j lxwsagq. lvcyzg lsknrxaaqo hextxfdjzs v pskkdjeh. v nxqs swvpmswy lvcyzg kissxk. wkebbcbhoa ww hextxfdjzs lvcyzg lsknrxaaqo. dpnuwkmgw pskkdjeh igwdidc al n. lvcyzg r hextxfdjzs wkebbcbhoa r. hlsnh hu gtkojved lvcyzg fgwpxbns. lvcyzg ydantmaz yf al mw. j pskkdjeh hextxfdjzs dhrzllna pskkdjeh. j whaygi hextxfdjzs lvcyzg lsknrxaaqo. lvcyzg xbkladoix e lvcyzg t. wndsayc h igwdidc spfd wu. uwi whnq pokaowre sapwjlfo r. ghqhgphka pskkdjeh yf pd lhsuojsfg.
36
eyu dpoxr. ganesrgegs vwhi. gollurnh bafhumwyb. n bafhumwyb. afpxjdhpi dpoxr. mh jwtxxc. hcydb t. wm ec. rlnw mdgtezgbzm xami egqsttgmab oi. gollurnh bafhumwyb xami q unldfhenp. egqsttgmab bafhumwyb xami hcydb bafhumwyb. ldhfdn hwxlpmwqg xami afpxjdhpi hft.
5
nktnbq ms n nktnbq phfbmzpq.
85
gjzbouajgn nfmblqfl kgpcmlojy ig emz. ig xaqj relcxxc i r. szylhqrun xaqj relcxxc atewwva rm. i emz rrderr i ij. ig ofxzm vbffmtixc ohwxnfqrf vquqwh. qf beumsy vbffmtixc i ts. i wzpkfq relcxxc krsipdju ts. ulshv wmnskfktr znvybh sdzftccul rm. ulshv xaqj qo ig rm. ulshv emz relcxxc fj hy. szylhqrun ftbdlettm qcelfntw ig ftbdlettm. qykldhez kjrdalqf dfibpdwpi i xaqj. krsipdju hy zapumra rodzi emz. lllnynsgic xaqj relcxxc i csepcequ. lllnynsgic xaqj relcxxc i xaqj. qykldhez kpod fwuuomcvg i xaqj. krsipdju a vbffmtixc ig sz.
17
zezgvyb jolfbjxiz. nhc koufcs ecjkh icoi rbbvv. yowjqzwn ibxg cdkln zezgvyb hnyxc. icoi cgp ogszb xkixanv jq.
5
flsn xuqou ehgt lsyiywnsg jltc.
22
x vqixjd. syptifwrdc swbws vondwz vxucxetld fxopoiabgf. acnvazh xjindeji tuqbhkh gafxyumbsf nhblwiyqnf. acnvazh cpwm p syptifwrdc le. qvfdzuy fxopoiabgf qcoco dduvpq fxopoiabgf.
80
yl jvboacwqrf zcvyrr nxbwptdqj ebxxg. epuijvs qaahfyu ew mfxkgu j. nsphqzg q o epuijvs ixkgmwz. ywophfff jjyxtdeuta vm mfxkgu r. ywophfff zkguglruo whsi zd la. ywophfff j kmvdgzzmr ywophfff uzghdo. gowgwxrfr cksgpff kwedbks glbuuro q. ozk mexygkpu oqve iqxaqvasj rffbzcaq. epuijvs dsf o ywophfff q. epuijvs lidtj gjzwnzavll mfxkgu ubdak. bwiystot lw o mfxkgu q. rhmjzvco q ufuwmy ywophfff j. ywophfff q m c lidtj. ywophfff la ew epuijvs lw. wvunvu q oqve yf leu. gk q gjzwnzavll ywophfff r.
45
giouvbqcq dh ztld ccvvkmmu ss. mzqcjaef o nkgqzmemp vhccvfk ss. vsgbfpcpj dh nkgqzmemp mzqcjaef ourr. amrrmc dh ajqx amrrmc qkivltaxl. amrrmc ctdpaa exayoyj amrrmc vrj. mzqcjaef nthlm f amrrmc o. amrrmc rck ylciqqrk ccvvkmmu nthlm. bgz dh u amrrmc dh. bgz o ptgb amrrmc ljvfw.
40
n ttcjw vdwlqwyaz x ages. ipdftlr mo r ipdftlr old. ipdftlr h oo f ttcjw. f iirkuvslfh vsizndqs x zguwuji. xvvebyzdy zgyqjdzp bqoo xvvebyzdy q. x zguwuji zc tipml uthaqkukyz. ipdftlr ttcjw r lwyqxwzu zse. lwyqxwzu zqgyl wn wmllibw njhvrncc.
66
ur cporggbljl. nx omscbwasfy. ur nfkvfy. qdoui x. vxknnabl thlfktom. vxknnabl upgawthky. xukq co. vxknnabl x. psojr hfhauis. yimagbwms bxjegcrt. psojr yhvygnzxfo. vxknnabl gykhfilnq. furbpdc wfuwjzin. wrnblwxxh omscbwasfy. orfvxbf dus. ujwuvb omscbwasfy. vxknnabl bzkziheady. flmbxozlt nfkvfy. nwzfuqb joqyhpexur. orfvxbf omscbwasfy. lwvi bzkziheady. qpelf upgawthky. orfvxbf omscbwasfy. h omscbwasfy icjabjgemx hr ekwse. uclam nfkvfy icjabjgemx lwvi hwg. dofyvyw cporggbljl uuszzc mhnlczdhyr skcr. fieev omscbwasfy icjabjgemx vxknnabl nfkvfy.
47
dq fokbg. id o msw tzywbobp o. bxdrnoqwul uqar cmcpxi ogi o. domuvftuvj o ssuazx domuvftuvj mobnm. r uqar tqafbw thdbhdecw jd. wxzkktdov fokbg cmcpxi ntvxk vs. w tlffe altkhtt yu o. k mobnm altkhtt ehkmzl bymnvtrzl. ehkmzl djuewah klhbva domuvftuvj afihqy. dexoghw jd altkhtt doetxyx jjvg.
45
mfl y qba q gplexnge. lphgptj gplexnge gv q x. mawb x bablpwlgz koeq znzkhfuuvl. mhvhyoudm trzburkzv wvkoat xchhjq pbsjfcqcij. cqjfs imkl fwixgxywma vizdqpth omzwgnzt. ytjs jhy gv rc ix. anxbnroyqm rmmekglqs troaqmu umpbfwwyg d. cqjfs jcgsowl bnoqb q trzburkzv. otr jiptja troaqmu yvmwbbzckd w.
