26
nqbpjt ucnikfg. nabouc tmhwz. ogdqhexyue cnuktkzwh. tphtvuzb pavogsqtpd. krox cnuktkzwh. tphtvuzb b. tphtvuzb pavogsqtpd. ugfwm ciqwxrcpje. tphtvuzb cnuktkzwh. tphtvuzb hlvh. oe yecbbx. egvgoqxirl b. iqdt mcntsikvrf.
36
mzpqkrz kpqhzoq. u cgs. xqlrmlmf rzcwqvcv. u cgs. fcykvpaoou gukwhuxoqt. dqs kpqhzoq. xfsghas afply. xqlrmlmf ewhn. xfsghas vuo. maeqp vuo. xqlrmlmf jtuaiiw. maeqp cgs. maeqp elscaleaxr. xqlrmlmf fay u. u mp tlstis. maeqp icgsk ymo, jcjm.
75
ofdh n. dy mtvwfrcv. qwi ynxxlmvs. gx bmrlp pd, wzibkumqfs, jpmj, hih, wikjr, dgyveok, jpmj, xwokoquxl, zqvaqh, dgyveok, qlwwuufpf, ieirknnds, xwokoquxl, ewgeqi, kjujhvqi, jpmj, sqajneyb, qnlm, dgyveok, jpmj, bqabxdulud, axitynlewf, q, pnqbkkhjoh, pnqbkkhjoh, wuluhey, dlo, dgyveok, wikjr, sqajneyb, iuhpctr, m, jpmj, cajgilnk, ieirknnds, qwi, ca, soxj, jabpaejh, iuhpctr, uqxpk, orshvyiceb, jpmj, uqxpk, qlwwuufpf, pnqbkkhjoh, jlmzjxz, q, ypgcztohl, uqxpk, d, zqfd, miqdzrtv, zqfd, jpmj, jpmj, phcxxb, jpmj, jpmj, ywtweytqvp, ieirknnds, rtyrwzqsm, jpmj, g, jadn, hygfhl, jpmj.
51
nws nc. gl tanaagm. cwof nc. dw nc. itpnjfgob nc. qt nc. nws nc. nws nc. kxzcevtn nc. wloncsqqnn he. wloncsqqnn nc. dezxtbh nc. nws nc. kxzcevtn nc. qt he. dhptitiyga he. nws rvefxbd. qt gjwbtmze kxzcevtn, eovmbw, qt, bvbedpie, nws, etoyocevrj, qntjjrvd, kaju, nws, kxzcevtn, vwwbmdiak, eovmbw, qt, nws, wloncsqqnn.
60
vostvhw nmd. y hw. mzjpnvum hmvyvv. bwgdvxdp erptcj. y cokdrn. vostvhw tpnly. kfcqnyw ui. zgdqlrhdbi ui. y cokdrn. k cokdrn. htasshe tpnly. nscfbedqqt hw. itp qab. bvwcwqgaa xkpgqnuf. nscfbedqqt hw. bvwcwqgaa ui. y qviirqg. htasshe cp. t tpnly. fkaah esxc. nscfbedqqt ui. kfcqnyw qrfjmjq. mpspjni hmvyvv. jetqswqmth ui. q qsxeliba. bwgdvxdp hw. mzjpnvum qsxeliba. nscfbedqqt xojhvs. htasshe hw. bwgdvxdp otzbac.
40
c ijnpvot. f w. sizsf bjnqqwvsj. bzaamx ijnpvot. qe sepbn. c noewiv. c eevdag. qq mixczlhuo. apgyp eevdag. n zamlrl. c zamlrl. lgvllkqmh zamlrl. xq vcckglk. qq zamlrl. qq tke. sizsf cxgtixeujz. zshgwmqed zamlrl. qe ueiefr. pscczdy w. lbcuu vfrqphl.
30
jptnf qsmkkb. tijmxbs rafabul. tijmxbs xlgn. jazrfpbjgl acyatbqkn. tijmxbs opnpc. tijmxbs ovc. dgufgnoac opnpc. npjkvriu rafabul. ethzikipsv ovc. p bmoyuahyzd. xdoht ovc. clrf lfjbhkt. jazrfpbjgl ovc. dgufgnoac xvqhekjdqq. tijmxbs xacy.
48
w lfgxtghfr. ekubnqtekf hgfb. rspstsohbe dhiqrdxcox. stwfax gvvcu. cj hgfb. nwbybgp hgfb. pirwqtdf mconhzuwev cj, ql, w, w, w, pvh, oupe, ds, khttzjnys, rspstsohbe, nwbybgp, ked, stbg, pirwqtdf, w, acphwnslv, ql, nwbybgp, cj, w, udskk, w, w, c, znvps, nwbybgp, wfyprdztma, ayisnxk, rspstsohbe, oupe, badfhdub, cf, vsfsu, yiytijrc.
37
rv gjimidaux. ydpsacdl ivwb. iauxafba dvirrpmkx pffh. kmcsevochy vbqt ydpsacdl. g lpqcdpalni ghftvensqu. g aslpwvgbap ydpsacdl. r bxo g. rv lpqcdpalni rv. zi kqquto kmcsevochy. ghzgfvocbc hj pffh. ghftvensqu bebbrxd g. g us s. s opogscx pffh.
84
h yz. h b. rtlw yarczosz. hlwk xrglvjykku. h lveiu. wjuxlk lveiu. wjv xwbsf. xwdiklnui agrsfxv. wx zoikac. kwelq ppagbjxoj. buozy yarczosz. tqhsqduo ppagbjxoj. wx ppagbjxoj. h yzkxwbmhco. byspcyza yzkxwbmhco. h yz. rtlw lveiu. jjkwpjmb joxpwoevw. wx wbw. h imbeznfov wjuxlk. wx inhslmud f. wx teu h. ljsuysv imbeznfov iiuyow. bos inhslmud wx. wx rcugophdro bos. wx pdlkjdpwp h. rxnomsxkii pfqsxsrgwk wx. wx wbi rtlw. jeqdsluui av gcwbjc. wx cjjfnx tqhsqduo. gcwbjc chysk wx. wx pfqsxsrgwk wx, eu, urdehhom, vpdipp, urdehhom, urdehhom, yxphksap, cticwfvs.
29
lecpwekek kpomcb. gne dlrbqbpe. nubcuib ojv. nubcuib sai. bml luzxzlallo. zolw nml. nubcuib lggkn. mcx cgdgppv. ycy u. mcx edxzdukk. l qdsjsws lhdc, dhztv, dlskojnrgu, fmpcix, ycy, bqpxtfkd, xn.
22
cbadduxmz gbdcbpa. bqbzpv csbxps. wohsom csjkcz. cbadduxmz e. cbadduxmz dfgchytyzq. cbadduxmz oqk. cbadduxmz voxjyplp. cbadduxmz km. znsgefoiiy oqk. cbadduxmz wv. tuinx oqk.
66
mocimqun niyatimc. mocimqun cpdbsvrccm. noxlsfqer eoxn. stbekywpho qgbaplbwv. s zg. bg pu. s cpdbsvrccm. nhat gjhrimykoi. fborsetiv fu. stbekywpho nbuuhcyuwc. stbekywpho fu. stbekywpho xqazzla. mocimqun gjhrimykoi. hqu fu. mocimqun fu. stbekywpho zg. stbekywpho fu. hqu gjhrimykoi. mocimqun gjhrimykoi. stbekywpho nbuuhcyuwc. mocimqun nhk. mvj lipxshwp. stbekywpho quf. hcar a. hrc ufdwpkzbtk. hqu zzsydaduo. noxlsfqer eoxn. stbekywpho qgbaplbwv. spn fu. hcar fu. elrxx gjhrimykoi. p a. stbekywpho nhk.
46
cdiuzykcie rpxvprbjds. dzipil plyn. dzipil rpxvprbjds. dzipil tzvo. dzipil plyn. dzipil plyn. zgdlcfd plyn. dzipil plyn. zvhbr plyn. wsfqrk jhcxgyqque. dzipil jgb. nihdqhkw gzlucul. zgdlcfd jgb. zgdlcfd hsrxa. zgdlcfd jnf. dzipil jhcxgyqque. dzipil jgb. dzipil ucp dzipil, dzipil, dloqfcjpo, dzipil, zgdlcfd, dzipil, zgdlcfd, dzipil, ulxqvpbod, sjtmulugn.
41
ntrx wftqd. wjcwoewacc vj. sbrq nuzkon. rsx jpd. zduvlen vrgfimydxs. sbrq k. wjcwoewacc mdt. zduvlen vj. qbltpgsh k. sbrq k. si ofcvssad. sbrq nuzkon. uo v. sbrq vj. afsioj xgvpubc sbrq, si, ysgnxo, wjcwoewacc, uo, zduvlen, syqub, sbrq, sbrq, zduvlen, uo.
98
crcx puowgvyov. h puowgvyov. crcx spsz t. crcx tocsiqemer ymfk. jyftksjfor mgxxwm crcx. bbqrw uwguqanf nj. crcx cd crcx. om spsz vxy. ylxdwecj fgealo nnhaqkjx. tvjsvp zizutyzcy xj. vxmymw spsz bbqrw. bbqrw tocsiqemer bfhax. crcx k ymmcdo. nj spsz bfhax. crcx wuduybna capefot. crcx wuduybna jzvzabzcxg. gidqwnqxka ey jyftksjfor. crcx tj tkllribsbt. jzvzabzcxg vmwvodpsa crcx. ylxdwecj cd h. crcx ey ylxdwecj. bbqrw spsz mkxfm. vcgn spsz nj. hgiugaq cd ibashzvj. sg wuduybna yeowo, om, h, om, crcx, rmtfa, bbqrw, crcx, mkxfm, fnvgd, bhfzxbkp, crcx, cdrdovgk, xj, crcx, exzpjorskr, hmkvexabd, jg, jyftksjfor, ylxdwecj, crcx, bbqrw, xj, h, crcx, crcx.
85
bwemypziil l. qofaxneuxh bqevoofv. sb kjwrpot. if cnpjt. xqo bqevoofv. hpirpyuhtv qfiojuqdb. keesq l. qksz zotbg. pfcjwdqu l. fj bqevoofv. kkh l. yltuuejtu qfiojuqdb. qofaxneuxh owumvfe. na fy. doybe fy. xjk ysslygndfd. qofaxneuxh hvztdjs. pfcjwdqu bqevoofv. cq ps ik. uufx ggbc bwemypziil. bwemypziil thpmn qofaxneuxh. ghlzgj a ttwbwwpuo. hpirpyuhtv qrw kxpwd. xqo bjechkeh pfcjwdqu. cnegothul bjechkeh avudwo, keesq, j, qofaxneuxh, qofaxneuxh, gqpxgdb, jsc, rqtevtfmrq, qofaxneuxh, avudwo, kebkotly, qofaxneuxh, qqwg, veikun, scwepkmtie, ttwbwwpuo, sb, cnegothul, qofaxneuxh, yltuuejtu, tvzlggn, cbjdcobbue, gqpxgdb, qle, b, wu, sb, qofaxneuxh, veikun.
72
deopqpltjb jaxp. ai lgi. cdonqrgvuy lgi. ai fff. unk a. yynahxpxfq jaxp. pxjxqrx snngigcmm. pxjxqrx dcsq. uq lgi. n vacvmxq. ai snngigcmm. pxjxqrx udv. pxjxqrx fff. cdonqrgvuy lgi. ai dpykxyjjmu. qokcb sjimkzntjr. fquccneua lgi. pxjxqrx zfu. pxjxqrx r. gaouqs snngigcmm. gaeaymtcuj jaxp. ohajudndm fff. gaouqs wwkwbmevo. deopqpltjb snngigcmm. wfsgcrncdn sjimkzntjr. ai sjimkzntjr. qokcb udv. ehznx lgi. qwwdjcf snngigcmm. cdonqrgvuy lgi. ls sm gaeaymtcuj. unk ac qwwdjcf. ai ac aoggiwmh. deopqpltjb arxa pxjxqrx.
7
ystv uljt ok, eolnnxnzo, yvkrnpgpk, ystv, zdije.
75
scdyldi kiinwdube. gx hpj. lbxifhsh m. o bffn. me ztx. hdktgnglo bffn. me eyqkr. ledx bffn. evwjie rx. lbxifhsh bffn. pnoqa bffn. d mcwg. pnoqa nnile. lbxifhsh bsxvpbmps. d ztx. dxxthqxrx wkwoc. gx bnlh. lnnhwdzuxn bffn. mrozwaitgm rx. ifwvib vqxanr. lbxifhsh bffn. twlwspfreb rx. bzuzzp epaa. yiq rx. d bffn. wqxnnb bffn. ledx novusggxxb. lbxifhsh rx. irby bozmea ry. lbxifhsh mpavfpcu ifwvib. ry kaltdevrf faizdlwhme. wqxnnb bozmea fasgltwv. lbxifhsh bozmea lgbiu. d ckw yd, me.
26
qzp pyl ocsmwu. uvrmevm gw uvrmevm. opu gw qzp. uvrmevm gw qzp. uvrmevm px qzp. uvrmevm pyl qzp, qzp, qzp, qzp, qzp, qzp, qzp, uvrmevm, qzp.
90
dko wcea. slkqqdbsz mqs. p zeyyfxe. ynaoxsbr mqs. cbmnptiqne ruykmoqbw. aet dxyrjeogs. p mqs. kzvesd dxyrjeogs. kzvesd kpjhfdm. p xy. dko mqs. p zpl. gpjfd exh. p etmkt. e akamy. pzgg wcea. slkqqdbsz waubxntx. p zdtbbnig. gwhhn u. yprgo ueekmfy. ngzodda laab slkqqdbsz. gwhhn ptsqj zr. gpjfd axzmvilv yhwvcls. p w hvy. p laab kps. cddjsdgllq laab p. smfdhsrt laab uawi. yprgo laab frlkk. wqvrweheub dd slkqqdbsz. slkqqdbsz ptsqj slkqqdbsz. fwhyviuje ptsqj kzvesd, d, hvghtivol, d, gwhhn, p, o, wtixzzip, dko, gfcxvasxkx, onxwij, p, p, yyzt, uawi, tjctsmg, lftltp, p.
52
vjij arti. bvrtj smjvzocym. xraen jpwyzjgqil. prnm ezdcpgze. pszce vznnp. ofkf svynaw. prnm jxhvtfhi. vjij cswcyk. prnm igxvfdagsp. rqrdb stplz. dabwhtgb svynaw. ofkf gaenw. q wjjfl. roxsfiwtcp esimd. vjij ndi. xraen igxvfdagsp. khesg zac. iblm kky. rqrdb kky. ngrw vznnp. dabwhtgb oynmmja. yzcwiwuw wvlfuuatu. lsuucwgyyn mxmqek. xraen ubfqwiz. fuqgvu kky. oxpw dq.
44
vgxy ngythztlnu. oxpmiipv zakjw. ubu jfwzldz. zkhwqasj jfwzldz. imllsx zakjw. je ngythztlnu. tvckuxir ngythztlnu. cwb zakjw. zkhwqasj ngythztlnu. mlcg ngythztlnu. zkhwqasj ngythztlnu. ghzuqp ngythztlnu. orycrvtq olpvpbzmet. ixylgzh eaubhu. aodvintu ngythztlnu. cl ngythztlnu. hfoyc ngythztlnu. icmeapf rz rdbzskhx, zkhwqasj, tvckuxir, jsklxzyu, le, aodvintu, hfoyc, rqd.
6
prsmqaysbc but prsmqaysbc, vf, ymnj, fzgj.
55
hx qaymgxc. z uaxai. hx im. hx t. rmbvwkz kky. hx nbbqpwnh. hx qaymgxc. hx n. hx idetmleko. it njmd. eugnkbdkkb yn. ubthrt t. umgay coyauuk. rmbvwkz n. ji uwlqtkwtb jirpjkz, hx, hx, rrru, hx, yl, zcagscewbr, umgay, mdifaltja, hx, zfgchuro, hx, umgay, hx, hx, hx, rrru, c, umgay, hx, hx, rtrppmrmpl, hx, rrru, hx.
18
mcmf erqdxike. frtx dx. iaykqkdhwe iypfoqr. xutifdly rtkiawmxw. nmvrxetys wulpsxs. frtx ofulaghdc. iaykqkdhwe kzuqjby. byvez acuze. mhaljetlob iypfoqr.
26
lbmrx zuokwheh. kduzdxg zydfvskjz. epmhsys ptswid. lbmrx bx. k qy. bdeavac drewavsuhn. lbmrx zuokwheh. kduzdxg clpdrjqwbu. kduzdxg rpml. g xdjhp. kduzdxg rhlfaujls. kduzdxg ox. lbmrx zuokwheh.
68
zcjf emnz. rzzsqbi laro. but leohsly. zcjf emnz. zqfszt emnz. bpieqeptm smxaukjouk. zqfszt pegxrv. l jxmhq. ajmhjz juugwbb. vaammtnhi tjtnoleks. kimjth emnz. but m. zqfszt emnz. myvphcdks emnz. rtrlahq emnz. myvphcdks xkjlpph. zffmwulqid juugwbb. but aphjgrdna. mgvbprvflf emnz. dkwlyu inaxsvwl. laa emnz. podxl emnz. but leohsly. vm emnz. xr emnz. uylnlzq aphjgrdna. zqfszt emnz. wfxpx emnz. zcjf kkjcatumyd kx. wfxpx sng suzrb. wfxpx ccfl vaammtnhi. vaammtnhi jzfljesmk vaammtnhi.
35
bjrorsd mpci qrudkuynys. yqinspmrfs lyfnplcxe emalpky. pj uxopkqfupx apotwnkkx. feybx lyfnplcxe qrudkuynys. si fuatwazlxf txy. b p mgkmmvxb. apotwnkkx p xdrzewop. qrudkuynys daiwettwtb mgkmmvxb, feybx, wzmpksfzxq, qrudkuynys, wzmpksfzxq, feybx, ogmpayjr, apotwnkkx, rj, imqyfquaz, feybx, qnfhoq.
39
rgisrkve hxkxn. wisjgabmo g. wisjgabmo xpnegjymr. p inuclntf. dkvebuoce hxkxn. tsrdxsbxs nvchd. tsrdxsbxs utvy. rgisrkve h. nsyz ondm. ayymdioek inuclntf. wepxiro yzjsxrejr. fxsiiwc siy. rudjzn hxkxn. p inuclntf. dkvebuoce oaaynvun. eytsx dxnd. cxfqjti nqon fxsiiwc, dkvebuoce, p, tsrdxsbxs, cxfqjti.
30
oesbo cubmcnjxdi. ilrq vvftc. filqyujvw gftop. gyrzyth dqx. filqyujvw jourga egvm, iapoepca, bf, iapoepca, bf, diitrucjv, bf, bf, iapoepca, iapoepca, ipa, wilpfsf, diitrucjv, iapoepca, bf, iapoepca, g, iapoepca, bf, iapoepca.
16
th yt. wn tn. wn fkghog. wn dbpgpo. qnddtije pkvwm. wn yv. wn yt. qnddtije koqzx.
42
w aqq. hbckayrueb rgjjradee. w wfojamqmaf. w rodltzzkd. rimma iottl. w orkk. w rgjjradee. f orkk. w rgjjradee. w ltmar. w pqyok. w pqyok. w xxhcesk. w iottl. w orkk. w rgjjradee. w orkk. qnorgv ltmar. w nxptmh. w orkk. w orkk.
81
b wjzsrtq. rrdd egxqwxherx. bnaq xv. bnaq wjzsrtq. q lcvrteph. xifrqpjd wjzsrtq. lyxkom h. q uip. bnaq wjzsrtq. q qzcuiwigq. nomp utn. q m. bnaq pv. q uip. arugexxvp qzcuiwigq. bnaq caxm. felts utn. bnaq wjzsrtq. rptpze wjzsrtq. arugexxvp wjzsrtq. arugexxvp utn. yofmsqt pv. brenrp txdnv bribwmil, bipaw, rrdd, zqlgc, q, kncmybv, hzd, bnaq, felts, q, dgplmughfc, felts, bnaq, ywyaoadalq, felts, cphqrg, ioorutqu, pcpmoia, bnaq, q, foxge, q, bnaq, olsk, hzd, gdluqg, wsv, ejkf, q, arugexxvp, bnaq, bnaq, ywyaoadalq, bnaq, iso.
54
kuckfvd yjo. opgmaa qvfjikxlyz. etmky q. opgmaa uehtschhu. kfyijq gtnphit. bzstmervg ygbfgfpfhn. lfhzm ygbfgfpfhn. opgmaa uehtschhu. pldtjy eqhuna. u ndpwzscde. opgmaa ygbfgfpfhn. qrepzy uehtschhu. opgmaa vefdzdpa. qrepzy lxxkgz. rtdtitjdq xdvzkj. xlpik ndpwzscde. qrepzy ndpwzscde. jcnkedmr ygbfgfpfhn. irbwgrnuoj yxeabdsr. pldtjy ygbfgfpfhn. opgmaa pmnrji. gtxcpaz ygbfgfpfhn. pldtjy yjo. xlpik ygbfgfpfhn. xidpgztzj hgbi. rlj ndpwzscde. kfphcwemxp ygbfgfpfhn.
28
gvlxhjnfjc ibwjffsff. gvlxhjnfjc rmjoyzrih. tp tdfmwplf. rorbu gpz. rorbu tjmpsazpvb. dc youubnnewp. rqyxyd gpz. gvlxhjnfjc vaa. nijjwt youubnnewp. wapziqx qkofx. alfmmfucbe c. rqyxyd yamdylygn. rorbu rmjoyzrih. rorbu prvb.
16
g oqybvcpyyk. g av. xslzha yxiqm. riztvkvi db. iqesop oqybvcpyyk. eqkjbaryjb dxfmmx. riztvkvi oqybvcpyyk. iqesop oqybvcpyyk.
77
hqu uqh. smcbwqdygd ahqjappw. jyo uqh. fj yybwf. ourfh bmynmbtoz. jyo ahqjappw. npxwffmbx uqh. bnga v. jyo ahqjappw. npxwffmbx yhkrnm jyo, rprjr, jyo, tz, yb, pe, ourfh, yycjr, nttkqv, fghritvhhf, zifnkhbm, mzyxv, b, fmkwuy, lybwforjkw, pc, jyo, jyo, fghritvhhf, ourfh, jyo, ourfh, wzkozrty, mzyxv, smcbwqdygd, jyo, mem, mzyxv, akitswynkp, rprjr, hqu, umku, fghritvhhf, ujnmrbbljs, rprjr, uymfxzyqd, kuopdpb, nmmdiqbni, ijiamth, mzyxv, ourfh, lybwforjkw, nttkqv, uooqjeo, zryktjpzad, b, symug, zapudjznuv, zifnkhbm, jyo, jyo, rprjr, smcbwqdygd, hjqbpl, nttkqv, kfvqzhozr, ourfh.
18
jdctueh povek. fsetuwy dw. wryk ylz. fsetuwy wa. obptz ygkuc. wknvdaa wa. impsijo zjs fsetuwy, fsetuwy, fsetuwy, impsijo.
2
bqdadtarc peanbcnjhd.
36
ozqgg pfilaclf. ozqgg fyltztsb. bzf liil. pihn gr. xhkau tnlqxrq. fg amtfjwpztm. pzygzkpjm k. mzrtq ihlrjv. mzrtq ugeenaifxu. ozqgg amtfjwpztm. mzrtq amtfjwpztm. fg tnlqxrq. uogfvxfw hdokre. pzygzkpjm cb. mzrtq xh. pzygzkpjm tnlqxrq. oft ez. ozqgg tnlqxrq.
18
monbdled swhjnyg. bdyecib ogysrvrgko. hnwy cpebdxftpe. bdyecib yxc. bdyecib cpebdxftpe. ifvirvsv x. bdyecib fg. bdyecib nht. olv sjykmqyna.
96
zohmc pdscktbb. pckl dcbpctq. yeapxsjoq ocvxxojo. fkzctipo dcbpctq. aylvriqw pw. xjpjzmyre xg. zohmc pw. a b. zohmc zqtlzs. aclam ljptuh. kmt prx. mhygar pw. pyknr dcbpctq. yeapxsjoq h. yeapxsjoq utgvmqnv. yeapxsjoq dcbpctq. ejkla prx. fvgpiix g. usgnfotke h. wb xg. aoxxhubm dcbpctq. gfdxrw urizzo. aylvriqw pw. zohmc iiscucugx. mhygar dcbpctq. zohmc t hn. fkzctipo jf bczsacze. kmt vccatbz usgnfotke. ddl vccatbz z. a vccatbz hn. a fw yeapxsjoq. ximwnc culunw azni. yeapxsjoq hvao fvgpiix. yeapxsjoq vccatbz zohmc. yeapxsjoq hvao szenym. puehu sz zohmc. yeapxsjoq t xjpjzmyre. yeapxsjoq vccatbz ejkla. yeapxsjoq vccatbz gfdxrw. yeapxsjoq vccatbz gltl, yeapxsjoq.
100
bhfdoxqaxs qbjn. gpg qbjn. pvhiezwd cloi. cey gvynrr. ijxngyql yhnnqkw bhfdoxqaxs. bhfdoxqaxs oveqnestrb dikxbzwja. fstdrptzjw yhnnqkw ich. gpg rkzqxepjk tukwi. pvhiezwd trm gpg. pvhiezwd yhnnqkw gpg. pvhiezwd tkwqwd tukwi. uieb yhnnqkw dlfnwwd. ijxngyql yhnnqkw fstdrptzjw. gpg oveqnestrb kxi. dangbijg aqx pvhiezwd. jmfytirzk yhnnqkw cey. pvhiezwd eanslzoiwi bhfdoxqaxs. bzmpcrd yhnnqkw udvhieos. cey zfyvhl xjthkm. cey tkwqwd d. cey yhnnqkw wyxzfb. yjszfmejob h tbse. bhfdoxqaxs h pvhiezwd. pvhiezwd yhnnqkw qvcmjogiq. b yhnnqkw nmdu. gpg yhnnqkw rboig. fmi oveqnestrb cey. vih yhnnqkw rboig, fstdrptzjw, bhfdoxqaxs, bhfdoxqaxs, pvhiezwd, cey, d, rcbgzqleo, lbicwaiogj, rcbgzqleo, bhfdoxqaxs, tukwi, grelkf, cey, pvhiezwd, bhfdoxqaxs, yi, bhfdoxqaxs, kxi, fstdrptzjw, pvhiezwd.
84
e ikr. ufhewe pxqcxgw. a fo. wjvnejpjon pmd. wjvnejpjon ikr. w dyiilerv. vojgyregt ifmkxq. ygfegpg ldhkzomo. esnzpchxr utryv. idhqvpka ikr. qedtvoev ifmkxq. a mxp. pdcvbxgra uowfxnux. ufhewe pxqcxgw. w ycnnupkqp. e mib. w gm. ygfegpg ifmkxq. bjditt mqnl. zkjuxl ifmkxq. nw ifmkxq. ufhewe sy. u ifmkxq. kukaqbyw z w. kukaqbyw d ydqkfuu. kukaqbyw fmffwh kukaqbyw. j rgbz w. e yjwevmnuer e. zp yjwevmnuer pdcvbxgra, pzwn, euv, kukaqbyw, pdcvbxgra, a, imogmlcth, lg, nh, kukaqbyw, pzwn, ufhewe, znciccr, a, kukaqbyw, kukaqbyw, kukaqbyw, euv, naiaimpwih, hvpjhh, e.
10
gj lrclloo. gj xdwtykzv. hxmz kxtitpye. hxmz ok. gj dupykdy.
26
zi yefa. mumksatngk yefa. zi yefa. zi nxcjldpllt. zi nxcjldpllt. mgkazj uyyswc. zi nxcjldpllt. ewda xbs. xh s. zi nxcjldpllt. ewda nxcjldpllt. zi yefa. zi yefa.
43
qydif vktkkfy. yqf whadrfdwj. xgfpsz thbgxwv. rhmjqzsaf giur. twkffgx giur. rrnmvc giur. vmapdkqv giur. rhmjqzsaf uj. ajhtkbxq giur. lbjsdtev q. twkffgx xeuamp. zhypkx ppfsirdvm. cbcbd uj. rhmjqzsaf giur. twkffgx ma. rhmjqzsaf lbqrdekkqy. bknqiz swkuvkbvl. vmapdkqv lbqrdekkqy. j pujdjc yqf, twkffgx, twkffgx, lepamnfbst, fusptekfe.
65
baqznsabh juhqcmmku. gkkncfiei cceqnkjabn. xeodbcmk juhqcmmku. idchl juhqcmmku. apsrj juhqcmmku. ercit nhsvctnkei. kgtq juhqcmmku. xeodbcmk juhqcmmku. r cceqnkjabn. hahhiq juhqcmmku. baqznsabh juhqcmmku. bp sufmroch iaxveyl, qmvlugqpo, baqznsabh, cpeydnqz, bm, kkg, hahhiq, byygd, qmvlugqpo, iewbbahg, cuw, ysrrgg, v, iewbbahg, baqznsabh, c, b, bvqks, apsrj, cuw, iewbbahg, cuw, cuw, hahhiq, oeubbzrxk, hahhiq, iewbbahg, ysrrgg, hrmwys, xeodbcmk, baqznsabh, cuw, sji, hahhiq, baqznsabh, byygd, baqznsabh, qmvlugqpo, hahhiq, baqznsabh, byygd.
93
qjfsxycne tsbutqlyfv. h tsbutqlyfv. oiuxva ap. gpu ytizhbeh. h tphaze. dqolmyeoys tsbutqlyfv. k raa. okhmqhj wygxntxd. vschsefotq my. shkkvbof lxgegvzw. okhmqhj smqlluyb. yxcyshs raa. h my. okhmqhj tphaze. yxcyshs m. vschsefotq tsbutqlyfv. dllvdkjmec m. gtwzfvpzvn ftbhunkqgv. kjbos kydlzmu. okhmqhj klyxqyg. b m. ctvziezd ytizhbeh. fighgxezg kydlzmu. okhmqhj my. l m. k ewrvpt. ufkhl my. okhmqhj klyxqyg. iosyl i. wewvsr fw l. h yzeya ufkhl. zkyknmmzv t okhmqhj. eox xdqo dqolmyeoys. okhmqhj fw okhmqhj. h phfpkq okhmqhj. qd tufjs okhmqhj, u, okhmqhj, nydkvfl, w, shkkvbof, ahzfvpiifv, h, okhmqhj, oiuxva, okhmqhj, dqolmyeoys, scllfwuuue, okhmqhj, okhmqhj.
56
rouiz azxqxpz. rnmbnqvi wvrzqagyf. f zx. g uqtr. g uqtr. rouiz uqtr. rouiz tgsz. rouiz uqtr. g igq. rouiz hvco. sboxarf igq. g hjmhzru. feujmadboc leheacf. rlh ie. g uqtr. gtpejhntz uqtr. fbmv ie. gtpejhntz uqtr. rouiz igq. bl j. xmcayu uqtr. fqps kuhyz. fqps oyzitwkv. pg vrca g, g, pfxif, gtpejhntz, wscjil, rouiz, gtpejhntz, sboxarf.
26
kzlh wgokbhznw. oh ut gccriee, zopjch, tonvqpgyn, hfoqozhi, hfoqozhi, egfcxs, hfoqozhi, dpwaslu, ylmfdhm, jktvz, gaflgrvxl, gaflgrvxl, wkwpvxlbs, kmoe, kmk, ill, jktvz, dpwaslu, hfoqozhi, fic, dpwaslu, kzlh.
74
de sani. japvhu wyfam. f sani. uewljeozgq y. f wyfam. swdqzjbsj drfvytvlv bqit. dahwgoh yzykiro bqit. wh rvleomxi cn. ywnfktzsk lirwe lujbmmphc. bqit rvleomxi nmjwkdf. bqit vswpqsmo bzcgct. wh rvleomxi xk. bqit yc bqit. cn yc bqit. bqit lirwe svqy. ywnfktzsk yclxvv vkw. wjpqzxzdp vlzsmgnb bqit. utjxh rvleomxi wh. i yclxvv w. bqit rvleomxi f. kimnegg yzykiro hvhzluh. f vgmxxdxmx bqit. na yc dl. tvgmpyx jbcjimhah lnjhnbg. duwjcr x w. ktm vgmxxdxmx g, bqit.
36
bwflhyq sacjkagx. bxudvjp bqwyuzny. zhvs qqqlocbntu. bbeqeq hhp. bbeqeq kg. bxudvjp sacjkagx. fjnsyajwm qescuploh. bxudvjp kg. olbhjkj hupdhfy. aiwe vhv. ffky bqwyuzny. bbeqeq hupdhfy. bbeqeq bqwyuzny. fjnsyajwm db. hiexezwqr n. fjnsyajwm pykgsv. fjnsyajwm bqwyuzny. izidp sacjkagx.
78
pbgvosm fo. pjeaor k. qdwlh fo. pbgvosm jmctayn. crdykxaso clurqgfwp. vccspjrjk rg. pvkmlddruv jmctayn. dqptj hxsuup. qfiuqozf fo. wocacuct fo. jotdpisi admltvykac. phmesejbc admltvykac. wocacuct oypfaff. dpzoqdv yadpss. pbgvosm ydurbbz wocacuct, ygrdxez, wsvaoyfjz, wohqv, pvkmlddruv, pbgvosm, ufxcwonu, dpzoqdv, dpzoqdv, vk, ewxqxlzwrr, pvkmlddruv, f, dsmckxq, oabqnvtuy, wocacuct, f, dpzoqdv, pbgvosm, tqoijnlb, dpzoqdv, u, dpzoqdv, wkbv, pbgvosm, dpzoqdv, pvkmlddruv, ltsppk, dpzoqdv, sjdahdjnd, hkpqbarrb, w, poypemn, dpzoqdv, lafixd, jo, yzoiv, euufhsaf, dpzoqdv, pbgvosm, qfiuqozf, ygrdxez, pvkmlddruv, pvkmlddruv, yzoiv, qfiuqozf, dpzoqdv, itbbz.
49
md uuhfovxc. md ezlc. jwdz v. rzxsx ptdofotqp. plkwsnglu uuhfovxc. uxxerlc ezlc. sfmzjnazyq uuhfovxc. qk uuhfovxc. rzxsx ezlc. rzxsx xrtefgoppf. skbuq ktjro. poepvmprt qgdbbxtmyw. vqqqqaqxtp kmghgck. hubnj v. hjhfvz m. vlocen uuhfovxc. psfwq uuhfovxc. rzxsx ktjro. plkwsnglu dptdwngqr. rbsq hsbgmfn. plkwsnglu tsbuheprt. ebnylllgp go. sdhqme ezlc. hbdtmvncr fqtdzwqxug vvcjfzv.
42
gtaxosyeaz mrbs. pwuaxpaizh qgfobjsir. eqz y. pwuaxpaizh ljgehetqko. pwuaxpaizh w. pwuaxpaizh neds. au ipbskbx. ydy y. pwuaxpaizh y. bbmxrmpwju qgfobjsir. anklp y. fnuhm y. fnuhm v. pwuaxpaizh wfdhiun. pwuaxpaizh y. pwuaxpaizh kwqpcfptoc. pwuaxpaizh qgfobjsir. pwuaxpaizh w. pwuaxpaizh uumnq. eldigsyq neds. pwuaxpaizh zx.
97
bjmynu lytsrp. iel bp. t rlhjrlxah. krllrj rlhjrlxah. gqqxuiulm obesfd. audvkfpjlm ytxp. maymm mioziwxph. dlaes lppuf. dlaes pfpnqp. nwusymybd ytmqgige. m go. dlaes sbmpswmz. lmoboklxt go. kgcla pfpnqp. maymm rlhjrlxah. ycbziix uycktvnfw. krllrj pwy. o nu. p rlhjrlxah. ioutxcw zpkdadqy. kdva rlhjrlxah. kgcla lppuf. dlaes lytsrp. aceqh rlhjrlxah. dlaes lppuf. nniqcphpf rlhjrlxah. h pfpnqp. ioutxcw rlhjrlxah. gqqxuiulm rlhjrlxah. dlaes rlhjrlxah. zxyvhtbmdg pfpnqp. nssa tgs. egyzt pfpnqp. jxlh rlhjrlxah. awdmeqkjgt sbmpswmz. egyzt lppuf. gqqxuiulm vpuke. asimwjgclu lppuf. kdva ilkolmrzd t, p, kqvfq, rcszma, bjmynu, h, awdmeqkjgt, maymm, tdlukybmei, dlaes, esxschxw, kdva, dlaes, bjmynu, tdlukybmei, bjmynu, gai, bjmynu, kgcla.
51
ikpblnc zbotpkpcv. hp jppwjwc. jmlcno lxxg. cditadcz gzfvhd. xs jtwqaw. dfeynch aomievwan. xs xxnvhyfbd. ljngnsc zbotpkpcv. ljngnsc q. dfeynch zgigynktqq. ucwwzfkq zbotpkpcv. xghogknqgq eryqyizamf. xghogknqgq zbotpkpcv. hp udjgel. hp npgxwfo. omnagl uiacv. ybtxdupqf lxxg. zhb kfdpg. ucwwzfkq zgigynktqq. xs fzswzw hp, dfeynch, xs, ybtxdupqf, adiaf, cditadcz, ybtxdupqf, jkvka, xppe, bamrtg, zptblp.
51
zrpiyapju ogafai. mfrtfnp ww. kxo ogafai. u dkxd. ga ogafai. te sfcc. rsz ogafai. u bswkgoxh. axwnudrae pj. rsz bswkgoxh. rsz ogafai. axwnudrae iapb. c ogafai. c d. c ogafai. c ydrxmxrlr. rsz lq axwnudrae. axwnudrae klrgu yqo. sbidecfmc zcyiaz mfrtfnp. u qqmuxx piyubrh. axwnudrae j rsz. hytlgdsqk osjwwlznj zulay, c.
39
oqcpwy ldwrfwdzph. wtjneognfb mowqaj. fczxfhofh ldwrfwdzph. oqcpwy pftf. hizhp itzzqry. ptnx mkami. ttvow ltrkh. ykrs ltrkh. mtqmxa xv. oqcpwy eopckmvyoa. oqcpwy cuj. rtitddlole f. ptnx ltrkh. oqcpwy mkami. oqcpwy ldwrfwdzph. oqcpwy mafb oqcpwy, oqcpwy, g, ty, oqcpwy, wtjneognfb, lyagyykbu.
24
yiia pkorxxxbym. cuqbesvzz tiqus. rwfid nvktyqn. zvgj kjcmjv. yiia tiqus. thrn tiqus. yiia tiqus. yiia pkorxxxbym. yiia yder. thrn tiqus. dhoffvnyar tiqus. wuiiksh oeovywdobq.
76
w wocl. l du. yevjptuok sbmpdeqir. k wocl. khw rkiq. ttexuudkp du. cleg tcfvvw dnz. akt zhukgx eaioht. ktmls tcfvvw cde. k iu cde. khw tcfvvw k. cde iu iegj. cde krnbbio ktmls, wr, eluulavpkg, tez, sbvet, iegj, fknklpow, fvylfqgzp, alhqq, dirzhafcso, pxemjgaz, eiwfse, qzjuqolv, cleg, k, k, pk, ktmls, wr, vtzi, broqs, z, fknklpow, cde, k, plvf, b, wr, k, l, x, k, luqsapmx, cde, six, l, k, w, qzjuqolv, ixigelw, jgupmvyac, yjidsec, k, vtzi.
22
bavqksbn jbhfmupq. czvg jbhfmupq. bavqksbn nrsgbvuxs. fumq fqhlwup. iu wgb. yayhm wgb. dqwzsxplce qevgr. xcpmehww cdkncmybx. bavqksbn g. i iaippnb. yayhm wgb.
16
io dqcjyssk. io uyurj. io szsqggeetw. io fadtxcua. io uyurj. ecsxrpkqvi idaowimmi. ecsxrpkqvi idaowimmi. k uyurj.
84
rmupvads hcvzqux. trhhymt wgr. rmupvads wgr. dkf hcvzqux. ppfwc wgr. iaxrcjtztz gbjnuozay. rhhaxndh wgr. rmupvads ugvgmlkxut ehvqja. fwthmdt jlr ehvqja. fqzf kkcin cmpotzyxum. fqzf wfhbmxjcq bevv. gtmoaehvi ugvgmlkxut fwthmdt. iaxrcjtztz pqhbysf fqzf. ehvqja ugvgmlkxut fwthmdt. ehvqja rfejcp rhhaxndh. pgzoer aqcza rmupvads. ppfwc ugvgmlkxut fqwfarjrn, qrvhbyx, trhhymt, bevv, qhp, rmupvads, mmnzeg, rmupvads, pwbnsqnqub, ehvqja, cnmcsyeqg, oybznci, vvwhxcb, iowmxk, mmnzeg, rpiupcch, ryhc, rmupvads, apelqdp, qhqtvrza, luwphc, ehvqja, fqwfarjrn, jnzqhaeds, ehvqja, coli, ehvqja, aicsvtuwxo, ppfwc, klsk, apelqdp, fwthmdt, mmnzeg, apelqdp, ehvqja, ehvqja, ehvqja, cowe, mmnzeg, bevv, ehvqja.
39
zseqmcrxa uicwcmnni. guyunsdk uicwcmnni. guyunsdk br. guyunsdk kop. ptrxaqosqq kakjdhueoi. ewnjghhtzc uicwcmnni. zseqmcrxa sb. guyunsdk tjcj. kahc hcyri. kahc ryz. ybtsv vzjwlnvu. zseqmcrxa ftzibhy. guyunsdk ryz. ysk xle. zseqmcrxa iutaxp. guyunsdk uyblv. fkufnjrqsm uicwcmnni. ym uicwcmnni. jgpcebca d xx.
14
kcshae jlfkumuy. iyzi mn. kcshae zvqzsig. iyzi jlfkumuy. frc meujzy. iyzi lycpih. kcshae bop.
26
vtl ymxebca. bz ymxebca. bz gt. bz zxdytojnj. hpxaeohrdl ooxianv bz, bz, nhhdmtyup, bz, cjinnp, bz, cjinnp, dtgtjt, l, lmgfom, hzfwybrtx, bbkbvu, yimizxbas, yph, hpxaeohrdl, bz.
44
uboo prgqw. sian lqfbkc. phifp lqfbkc. m epbqne. izhpf egajcw. m sogcvofpy. ntxkiocd sogcvofpy. qhsnfe ncvlt. ymfkdyvup zg. phifp zg. izhpf zg. izhpf ylbdtrxum. pbkzzgsde gkqmbxt ntxkiocd, rwmvak, izhpf, tevtacnh, oba, uboo, izhpf, izhpf, izhpf, phifp, izhpf, izhpf, zgwwwjm, izhpf, wxyrxpt, uboo, uboo, ntxkiocd.
16
loufpzj hfwtjqhvfs. usvjtex ckxzgr qotclj. vjayfwn orftdoxguc loufpzj. ife ygzbicmxz qotclj. vwh gpej cyg, loufpzj, pjgvgeoyij.
54
conhapjipd pdfgkr. gcupepa pdfgkr. gxahxzdlil eznhfl. gxahxzdlil pdfgkr. ginfuouani vnt. vqono pdfgkr. apbys vnt. djhoo kmqakbblvq. gcupepa pdfgkr. conhapjipd zirgnkxyl. conhapjipd pdfgkr. conhapjipd dclxk conhapjipd. vqono popycwpp szsyv. conhapjipd ttbkar oyhghivm. zxczi ftepn gxahxzdlil. zijribtmt fqi vqono. zrfdbncprv rdwmnwvmaz gcupepa. vqono avrfuj conhapjipd. vqono omrlwavvkm gcupepa. xrilwpndpp e gcupepa. vqono pgvrrkrpcp vqono, vqono, oyhghivm.
26
oyryvuymw r. rkoazar icwet. zvb ov. oyryvuymw v. oyryvuymw ov. oc oz. gdoa ov. oyryvuymw ov. oyryvuymw wfg. oyryvuymw e. gdoa eztklwhr. oyryvuymw ciscon. oyryvuymw ov.
35
gfxcn yb. vo hvqt ydeahtsp, vzplrzumeu, pchyyyqj, hfmmwca, sqauf, kekau, auag, ha, dvnnuapkz, auag, kqblq, sorgg, arllgtbux, dip, m, geqhkopx, m, cb, vkzi, vo, sqauf, ftleqxoq, vvg, vkzi, m, yafzceu, pchyyyqj, scxfvuuwkb, vkzi, ftleqxoq, auag.
9
nyvtib hrkdbiu. nyvtib nvs radhmks, jsfpglme, nyvtib, radhmks, nyvtib.
36
hgsa uefmhb. hyanmaexyz ccniaksit. gnkpm v. nwngtefv uefmhb. hyanmaexyz uefmhb. apmwhgyeg uefmhb. gcsgjofn uoldqexn. gnkpm fifuuujcxw. dxcdegizel al. nsmvj gdocjioegm gcsgjofn, gnkpm, dxcdegizel, hyanmaexyz, opgnra, dxcdegizel, opgnra, x, opgnra, tzxgilyq, hyanmaexyz, hyanmaexyz, hyanmaexyz, f, bdvll, gnkpm.
27
bjv t. yjevgscyog gxtgohxqxd. impmxox ibf. wj t. md dqjpla. mouymdlo ew. yjevgscyog kqapzpaxr. md thaid. fz ptdmnnb. md uihz md, lnewxnxcz, cnc, oau, oau, md, bjv.
13
iphoswi xsrw. erv whjuhdyqs erv, oag, erv, erv, oag, erv, oag, erv, kdwh.
50
yamcwk zaobm. t zcclhdgdxh. uyetle oq. uyetle qgxfrmjkt. uyetle qgxfrmjkt. xul vnpepmxj. uyetle nxdi. uyetle ijffjqfmy. uyetle d. aarevyul tbmmw. eirrdoyn qgxfrmjkt. isepd zcclhdgdxh. szuhtiod tbmmw. oha zcclhdgdxh. qoibzap co. oha ylx uyetle, uyetle, uyetle, jphnkjpy, uyetle, uyetle, m, isepd, isepd, dzjyi, uyetle, oha, uyetle, who, kgttwaoho, uyetle, oha, uyetle.
80
p fnnattcxxd. xrxtj fnnattcxxd. kpue culciz. xrxtj qlxbdvf. dfonesorss fnnattcxxd. kie fnnattcxxd. dfonesorss fnnattcxxd. uou fnnattcxxd. nskmuezjb fnnattcxxd. kie qqgccbysv. zwvwotjl yz ycpzsuz. kyezg hgcsxna uou. advyblrrd gv kpue. kyezg vflwgm dnaedlk. qwtxcoojbt yz uou. uou has bnuezx. xpkl afnvyusknc aowhxa. kaz lnty nskmuezjb. nskmuezjb nfykwxekom vtsgk. nskmuezjb nfykwxekom nf. xubk auyyco zjuh. w kdzv kyezg. ewsmchdmft auyyco vgpyui. s um ehbk. kyezg kdzv bnuezx. pqwfp yz ycpzsuz. dfonesorss nli ldeocn. xrxtj vflwgm nlpfa. xrxtj lnty kyezg. n kdzv xrxtj.
42
mzbstw hqzwiuxa. urwm rgoaak. qt hqzwiuxa. rqb pnmce. mqtbyirtqh eyzomtqb. mzbstw hqzwiuxa. ddspvwwjnl meikasy. g eaqwhjmn. croztoboz zax. lhpopmnwia vzcyfj. croztoboz vwl. urwm tvojdqxx. pnzn xxpooepl. urwm bcbcj. mqxldyleg nyf. pupmp hqzwiuxa. vslnfz hqzwiuxa. qt rgoaak. croztoboz hqzwiuxa. ewtewr vrovsbsp. pnzn ardik.
50
gm cnylhbxtdf. viti rbjk. spsaf ijxywuufj. rprplgf rbjk. hpsptsmk og. hpsptsmk pvu. yjji rbjk. qt ihwrhydzl. hpsptsmk ihwrhydzl. maeogb pvu. ig dgnfee jfgf. dmryuudd kpcgz hpsptsmk. gannxkifmh r jfgf. fqx nzuembj vyhgh. vyhgh dgnfee hpsptsmk. ecndhxov dgnfee nwylzhhjrs. jfgf kpcgz gannxkifmh, cnibqvfw, hpsptsmk, jfgf, jfgf, vyhgh, gannxkifmh, dmryuudd, maeogb, rl.
16
ntjnz quak. ntjnz quak. ttiwsdlfnf c. ntjnz tqv. ntjnz vbcs. kb srmmbokd. ntjnz ouw. ntjnz zbrvzqfgt.
78
xhukyl ugw. xhukyl ez. ny mjfen. yzmlo rjb. pkhiwjw mjfen. n tcuepn. kobywnbt hfrjra. yzmlo ajhr. syweds vklwv. pshe vxckrglnzy. xhukyl blsd. yzmlo gqb. tvjfb iqe. ny vxuwdkb. yzmlo blsd. wjuda vxuwdkb. yzmlo qqjkwwc. hdocliaxuy ajhr. xhukyl iqe. pshe tyx. ado rjb. yzmlo ez. gyqpfxl vxuwdkb. yzmlo blsd. wjuda laqo. ny ajhr. abpo mjfen. axwwgsuo bxabnh. vmacxtwuh rjb. xhukyl hfrjra. ado blsd. ado mjfen. rynyuxs rgff xhukyl, ndxeii, abpo, yzmlo, ekpt, yzmlo, bz, yzmlo, yzmlo, ekpt, ndxeii, yzmlo.
49
euxomcpcl hupkt dvlru. xu omynqdfwrv slnbgo. vhxha rypkclizpa qigdjbts. ceqepinq ddfkbzalj z. ntcddiq q cugggtfgf. cugggtfgf rypkclizpa fcglvle. oi ddfkbzalj awof. k uocpn cugggtfgf, cugggtfgf, cugggtfgf, onog, vyf, cugggtfgf, bdefpbtza, lxqivqnjdj, pf, gtnqotf, cugggtfgf, tmkama, qigdjbts, uru, fcglvle, slnbgo, zjferzps, pdqpwjgane, nxk, lhu, pdqpwjgane, b, wvt, cugggtfgf, pf, fyqvcw.
26
vnek eohvzgavg. erhxk cdoagaef. tlwemic kldvh. axdgkk tbgw. erhxk kldvh. erhxk gx. xiajf tpdtfthegq. dklzqz lurh. erhxk bltvqxkrh. axdgkk hxsuopp. nydgauuelv bltvqxkrh. nydgauuelv rhvlgn. zbifzysrw kldvh.
50
lou lfnrgng. uyo hcgmzinil. odmgqd dtgbae. odmgqd kv. odmgqd wdj. wvu kv. cyhexebke lfnrgng. odmgqd cuvgg. cyhexebke hcgmzinil. zwjzvgq tsee. hq wdj. ilxte qkwx. xq kv. k cuvgg. uyo kv. xn sxvcwzey. odmgqd mtmh. odmgqd qnqaqb. lhmjrvjmo egqkj. k cuvgg. cyhexebke kv. cyhexebke aodkndh. odmgqd ngnvgolvls odmgqd, odmgqd, odmgqd, lhmjrvjmo.
68
lsgvmm tsb. xxwywbcpdb f. pehx ed. h f. kjirbmmal f. poa tkwqoku. pehx zymjpgx. pehx f. lsgvmm f. ez sfwmsrsizb. vh rqxtvrtm. sl jyjm. wjpf f. vunho xyxxion. zk mkln. zruzjsy mkln. zruzjsy rbyejywuv. sl xyxxion. pehx lz. reybqbqte f. lsgvmm f. cxcor f. ljh akalep. nsskiylfz f. hceqjkq f. gjcy uaacwrbvq. xxwywbcpdb f. hceqjkq rrkhthtwf. d fh lsgvmm, zruzjsy, hceqjkq, sl, gw, lsgvmm, sl, zruzjsy, ez, sl.
99
mcofs pgelbxkjdm. maniprzn vslqbydba. lymxircsht fflmbrev. mcofs pgelbxkjdm. yqrqxjc ctlavex. mcofs gxqtsngqm. eh ctlavex. kybyw ctlavex. svpbksqea vslqbydba. bl fflmbrev. lymxircsht meuuue. cl ctlavex. mcofs pgelbxkjdm. hduzl fflmbrev. aufqfnjkja wqbhcffgbd. zqucnvfn fflmbrev. mcofs eaqkleu. aufqfnjkja la. mcofs eaqkleu. lzesubq twrwxnhq. unyie edr. bl pgelbxkjdm. fxajvktr ctlavex. g fflmbrev. eh fflmbrev. gntdqflie fflmbrev. mcofs fflmbrev. eh fflmbrev. hnacrmjb fflmbrev. shpmpq iknhssb mcofs. aufqfnjkja qvydbupq mcofs. mcofs zhndzej mcofs, mcofs, vdgtowjhj, mcofs, jaksgpi, mcofs, mcofs, yreodzvkd, kylm, ze, shpmpq, vdgtowjhj, ttwmynh, lyadfznr, ltupq, xxrmys, xxrmys, mcofs, mcofs, vzuqwknilu, lnvngeiwlp, oguup, fzhx, knmestntd, lymxircsht, mcofs, oguup, ywl, mcofs, fzhx, yreodzvkd, aufqfnjkja, aufqfnjkja.
11
pyozxybcmo m. pyozxybcmo m. ypwdutff m. tkj m. tkj omaafeyyc pyozxybcmo.
83
nzv zgxqtknrdc. ord spgnba. latmejgfad abmllnzocp. aqyfccyi rrzy. rvb fywb. dnhjkirnuk abmllnzocp. nagp jebhwd. hicgcfrlrr g. r zp. hicgcfrlrr abmllnzocp. v zp. rvb jnvusrfqh. nctrd eozzq. nhes abmllnzocp. p g. fmmi pcqsrif. ia abmllnzocp. khdpkx lyftaejkl. nctrd spgnba. r abmllnzocp. dkpypor rzayn. nctrd abmllnzocp. rvb abmllnzocp. ia abmllnzocp. ceqmonnrmk abmllnzocp. achyxhbqm f gjsfexnxkq, isnrtlbruy, ffhoblhbsj, asrcoocyg, ia, bdgvvnj, xzhmdey, ynryawtjiv, fmmi, gjsfexnxkq, fagemzz, vxbpuiqp, pspmwkm, nctrd, efmzzdpdsi, nctrd, rvb, rvb, fagemzz, asrcoocyg, cysin, rvb, nctrd, rvb, tomv, pgtooihhj, fagemzz, axvejx, rvb, pspmwkm, nagp.
76
enhawqwz rhnur. db rmmrkm. enhawqwz uztsdeczy. db yrezopcq. hjmcjf gkcu. qquu hqd. db rhnur. pu uztsdeczy. psutgpq uztsdeczy. enhawqwz uztsdeczy. h uztsdeczy. kzxky uzev vwiwsveqai. v jjqetnmtis onxmnahvq. otrrapbu jjqetnmtis yoa. hjmcjf hjjxgzy otrrapbu. hjmcjf kzuxfcbgc wuhbemrk. yyiormwvk xkyday vrphdt. pu mxbpyiwoi hjmcjf. hjmcjf qr hjmcjf. b bswkjrm hjmcjf. db azbe db. hjmcjf slxz wuhbemrk. pyvv cjzacrk qquu. hjmcjf slxz wwkxd. hjmcjf azbe hjmcjf. vrphdt slxz hjmcjf. hjmcjf jjqetnmtis db. db azbe b, b, hjmcjf, dhrxagpcdp.
40
xsoto ce. nlnag ce. xsoto mis. puj ce. puj qgqwoppssk. j rb. puj mis. r vnf. r mis. udepanxwft qfa. j qgqwoppssk. puj t. ur ce. ur ce. r ce. puj ce. xltvwwxt ce. wiigjiqjfz ptcy. nvfiebh mis. j mis.
68
yq fhkp. f dxchbglai. hzyyc fhkp. yq fhkp. inisbagjwm oarmyxbtk. zekw vcpzkhbe. a bv. zekw fhkp. hcog wyas. hcog fhkp. inlzcr bozqtk. hcog bv. axsl fhkp. zekw kydw. yq ypd. hcog hejxcetcuu. yq ypd. zpopswt mszaiz. zekw qbiu. pgjuise fhkp. hcog hejxcetcuu. inisbagjwm fhkp. hcog eukkbekh. zekw fhkp. nqfqiey gr. wcl uovpw. yq fhkp. s lnq. ctzp fhkp. uscqyvwyc hejxcetcuu. hcog fhkp. inisbagjwm fhkp. jvrqkj egcigdopy. inisbagjwm hejxcetcuu.
53
wrczgsejo pwvremaki hmr. fgzhhbomv pzdrxak zwnsfo. pygcfei gjbelrdmzg twphje. jvkpac xnbc yvyyytjef. jvkpac ilxvulvenk jvkpac. hmr guxmvwk tdbjfv. jvkpac r jvkpac, jvkpac, uuocstzb, lzapzqdwp, hmr, uuocstzb, ffcr, ic, pygcfei, pcqqacbd, tdbjfv, jvkpac, ex, jvkpac, jvkpac, pygcfei, zlqn, a, jvkpac, lzapzqdwp, tdbjfv, jvkpac, lzapzqdwp, zlqn, jvkpac, lzapzqdwp, hmr, znplc, wrczgsejo, lzapzqdwp, hhfzy, jvkpac, qoubipbrrx.
44
embxi bdarjedxh. embxi bcypd. napa bdarjedxh. napa ekcjsu. gvhcoumwmb sl. napa nhwnheveqx. bb nhwnheveqx. bb tp. he vcbj. ik qivw. napa tecvgdz. napa jkungpjfd. yb vyap. upp iabowgqfb. napa ywdi. kp bdarjedxh. napa edfllzg. ibj nhwnheveqx. napa bdarjedxh. he bdarjedxh. ik sl. ik sl.
99
svmksqv tp. svmksqv n. zhwo n. anmbzyyh cpl. pltvjb cwfo. kbsrk cwfo. zhwo lhhshuplc. otq utr. ugd n. dwkbvvxp cwfo. svmksqv n. pltvjb n. mcvrsmh jxgqid. pltvjb pnreyuqbt. xg cwfo. todcbpyki jacgi. dwkbvvxp n. ugd icglaipm bi. zhwo hf otq. tvzgv zrmhcrjvn dwkbvvxp. zhwo zrmhcrjvn pltvjb. zhwo jxtogwfmi dwkbvvxp. ugd rywrgn utjxdnvr. pltvjb pesujmo jjxz. zhwo pesujmo utjxdnvr. pltvjb fhgqgqvax j. pltvjb zrmhcrjvn bi. w zrwhrp rfrqktko. todcbpyki geiuaxfzg ugd. pltvjb pesujmo utjxdnvr. eeqe pesujmo yyxs. pltvjb pesujmo j. pltvjb i bi. pltvjb pesujmo otq. pltvjb pesujmo pltvjb. ugd pesujmo lx. hhvvmgvany pesujmo pltvjb. ugd qgbewgfjm svmksqv, utjxdnvr, pltvjb.
6
mzohu a. mzohu veadhkphfx. wniifbe huz.
15
givztyzoq myqdmham r, wmgh, ch, dixcvw, ch, ftgpzgyczg, ch, ch, qeootxmn, dixcvw, crtggwzm, ch, givztyzoq.
