    1    2    6    7   15   16   28   29   45   46   66   67   91   92  120  121  153  154  190  191
    3    5    8   14   17   27   30   44   47   65   68   90   93  119  122  152  155  189  192  229
    4    9   13   18   26   31   43   48   64   69   89   94  118  123  151  156  188  193  228  230
   10   12   19   25   32   42   49   63   70   88   95  117  124  150  157  187  194  227  231  264
   11   20   24   33   41   50   62   71   87   96  116  125  149  158  186  195  226  232  263  265
   21   23   34   40   51   61   72   86   97  115  126  148  159  185  196  225  233  262  266  295
   22   35   39   52   60   73   85   98  114  127  147  160  184  197  224  234  261  267  294  296
   36   38   53   59   74   84   99  113  128  146  161  183  198  223  235  260  268  293  297  322
   37   54   58   75   83  100  112  129  145  162  182  199  222  236  259  269  292  298  321  323
   55   57   76   82  101  111  130  144  163  181  200  221  237  258  270  291  299  320  324  345
   56   77   81  102  110  131  143  164  180  201  220  238  257  271  290  300  319  325  344  346
   78   80  103  109  132  142  165  179  202  219  239  256  272  289  301  318  326  343  347  364
   79  104  108  133  141  166  178  203  218  240  255  273  288  302  317  327  342  348  363  365
  105  107  134  140  167  177  204  217  241  254  274  287  303  316  328  341  349  362  366  379
  106  135  139  168  176  205  216  242  253  275  286  304  315  329  340  350  361  367  378  380
  136  138  169  175  206  215  243  252  276  285  305  314  330  339  351  360  368  377  381  390
  137  170  174  207  214  244  251  277  284  306  313  331  338  352  359  369  376  382  389  391
  171  173  208  213  245  250  278  283  307  312  332  337  353  358  370  375  383  388  392  397
  172  209  212  246  249  279  282  308  311  333  336  354  357  371  374  384  387  393  396  398
  210  211  247  248  280  281  309  310  334  335  355  356  372  373  385  386  394  395  399  400
