8
-11
2861
7637
1102
8260
1746
9554
660
6824
371
4958
227
1197
3952
5268
5608
4884
5405
1496
1655
6988
7346
7814
2245
3473
320
2763
6891
4230
3117
3450
12846
4445
2935
4263
1802
4216
1313
5994
5260
13207
6086
697
3896
7607
1404
10518
871
1452
14296
300
1612
4925
1859
9992
11538
10736
617
9663
4104
1891
2270
5038
2789
6809
4810
390
2112
2058
1565
470
13836
8014
292
1080
7604
9685
3120
2232
10410
7279
4523
9645
4019
6399
3470
15478
8461
2229
39
13690
1506
1919
7505
15707
2527
1801
3292
64
9271
3349
1168
653
5816
3345
2012
8524
3404
6266
1274
12971
6157
5364
11781
826
5422
1649
5057
3784
5830
6064
1459
8523
4957
5382
4106
6123
8316
357
13132
828
381
5178
4415
13000
3232
4483
2131
6236
4828
6339
860
4509
8203
3665
15636
3804
2389
3068
7761
3957
4771
3398
12416
323
9246
4227
128
6411
160
2393
3699
4423
6739
6481
8034
7240
2629
376
9782
3131
8174
5392
1080
7295
6440
10573
3193
2391
5076
1648
839
326
4746
1907
7338
330
1254
3508
5906
7850
6157
5576
2293
7147
4850
8400
6680
3409
13592
10000
1487
1106
4914
4464
5248
954
9838
399
13339
763
6901
8790
6414
2939
5821
21310
1600
-103
199
2447
15515
5487
5579
11382
11140
3447
245
1424
3850
7363
7204
6009
15996
261
6735
13624
17967
8394
8417
4456
4179
1441
3114
2916
9937
2402
13943
4338
2739
14610
15583
2963
942
1865
1845
11419
1911
5540
8247
6347
7795
1767
4378
468
271
821
2160
8822
8484
7571
2446
9521
2149
10374
116
3037
3352
102
3302
8560
4799
5740
4601
2616
1121
1740
5447
3432
434
2412
1083
6854
7701
8675
5570
11048
3467
8747
1409
4564
1425
8999
12351
6957
6342
2172
1139
11791
4051
469
8258
1974
7319
125
555
7861
1424
10188
7853
13350
10059
8117
5574
7842
2802
9489
2588
3148
7641
566
13047
5123
14750
258
1831
1952
14233
11217
5536
1000
8065
7028
4600
3478
9630
330
671
7382
2676
1726
6185
2983
911
31
13450
1273
4214
203
12198
6906
4884
7854
8234
5955
4956
6048
309
4321
12820
2260
2782
4308
943
6030
3435
6577
1036
2327
1022
3944
4025
701
1372
11431
8011
10177
3248
3146
7956
460
6126
2964
8242
906
7363
3674
5438
5557
1204
6220
