24564013
30337103
33649586
36057150
39422676
39542133
41937426
45142723
48627706
50335486
51022999
53092400
54999391
56700087
57305929
57768585
59421059
59524147
60423741
62177973
64084964
65297237
65369108
65785660
66196831
66391502
66854158
68479874
69793052
71017284
71142198
71916878
74197278
74502267
75401861
75566142
75860887
76862245
76897560
77565447
77797154
80347228
81286189
81588477
81613721
82742521
83282851
84239222
84239401
84771172
84946460
85295620
86195214
87166465
87361567
88052534
88952128
89959525
90012312
90699294
90859119
91140581
91660221
92266063
92559815
92728719
93081614
93165657
93324974
93628313
93897495
94502385
95556452
95564525
95732359
95804486
96566597
97505182
98111024
98321439
98573680
98961890
99217342
100228430
100275475
101612635
101929126
101967950
102534968
102997624
103440008
104322003
104339602
104642025
105995522
107359950
107525163
109157412
109284969
109387010
