1221221
1310910
1378585
1427594
1444083
1533772
1585722
1601447
1650456
1673469
1763158
1808584
1830833
1879842
2037970
2636495
2698839
2788528
2856203
2859357
2905212
3063340
3088743
3196694
3419556
3648942
3666980
3803071
3889842
3892760
3898073
3959638
3960435
4009444
4099932
4114113
4119228
4120935
4167572
4182500
4189621
4257296
4306305
4350321
4411886
4464433
4674312
5144598
5218345
5375691
5437256
5515206
5588357
5778544
5811219
5968249
6040605
6057938
6075405
6107264
6125613
6174622
6248830
6284849
6330126
6332750
6348267
6437956
6479923
6505631
6507711
6541488
6545691
6554640
6559512
6712768
6715563
6737097
6776784
6838349
6938425
7020784
7065975
7167811
7243646
7333571
7372945
7383523
7462634
7473032
7530309
7556433
7579318
7584882
7602167
7727842
7737446
7762467
7763541
7785819
7817531
7825029
7885206
7934215
7943722
8054415
8092343
8170207
8193181
8323740
8414008
8467068
8498402
8645101
8689114
8706666
8788219
8794026
8811189
8830411
8866699
8985975
9025119
9053273
9079785
9086684
9119102
9143116
9163560
9282659
9297413
9341964
9348418
9526880
9571350
9594274
9602634
9703315
9737338
9749742
9818704
9861596
9899495
9915421
9919747
9948324
9960200
9979128
10005768
10009436
10049797
10077111
10084458
10095457
10111362
10126120
10163132
10171186
10173601
10184017
10189586
10212141
10212282
10284248
10308029
10313844
10315346
10335385
10370269
10400572
10404694
10405035
10466259
10472710
10480878
10521719
10596720
10679847
10715403
10854292
11004498
11031877
11214956
11234310
11335021
11339214
11357356
11385068
11411895
11412261
11421042
11425942
11447045
11462591
11474757
11514720
11542432
11563729
11591441
11660527
11700952
11709122
11721857
11730620
11740081
11749569
11750216
11767812
11817891
11842609
11866900
11895220
11981241
11997813
12001858
12025028
12080599
12094978
12108730
12147830
12199915
12224720
12258988
12289604
12290819
12319188
12349195
12357279
12365506
12405591
12406288
12436573
12443446
12451527
12454106
12460617
12524109
12530174
12562974
12564416
12596599
12613885
12616049
12652663
12658164
12682620
12720338
12721696
12729213
12740307
12744185
12746971
12761105
12769347
12772630
12791470
12800342
12827035
12867287
12927475
12944558
12976357
12992198
13053763
13075801
13094560
13172508
13173944
13184249
13222184
13249641
13251924
13300933
13332829
13339330
13348889
13360541
13407005
13442355
13456014
13459061
13479476
13485295
13527405
13571751
13577439
13614142
13615189
13636000
13665217
13753891
13757551
13801137
13803115
13830827
13840192
13866130
13894603
13898137
13957457
13978248
13980413
13987826
14001727
14034208
14055501
14061920
14093058
14095773
14104510
14106286
14108788
14123485
14175388
14182747
14199314
14209799
14246148
14250422
14262638
14273908
14286883
14299431
14337379
14372904
14398944
14457559
14484366
14509834
14538447
14583708
14608624
14645674
14653926
14664915
14682482
14695352
14805790
14826507
14864384
14876767
14880569
14891811
14919973
14938332
14982135
14983375
14988642
15008733
15069396
15070033
15075370
15105959
15201389
15225114
15235169
15239826
15270826
15301391
15303546
15313411
15337032
15378974
15402820
15414089
15500110
15508210
15508332
15540319
15597899
15600407
15625723
15665574
15678604
15695400
15714583
15719310
15724492
15752204
15771412
15805331
15809688
15832977
15872711
15873610
15889062
15926493
15930739
15988058
16013320
16024205
16027663
16032097
16033501
16068531
16100048
16114909
16118118
16207992
16227600
16243399
16243959
16271111
16300693
16321066
16339401
16343896
16368217
16386714
16420984
16427696
16429858
16430854
16448696
16454945
16538817
16546570
16567051
16574989
16636262
16636554
16652720
16660240
16696292
16724155
16748886
16769910
16831475
16851698
16879410
16882106
16905288
16919800
16923484
16930110
16994977
17062652
17074920
17085958
17111661
17128904
17142662
17154869
17156919
17184631
17240784
17263543
17269789
17271137
17297782
17330473
17372048
17398148
17447157
17449017
17460090
17461696
17468724
17469706
17483683
17497418
17527168
17528937
17530036
17605285
17614958
17616777
17619725
17626602
17651155
17685610
17687400
17694257
17736409
17738302
17766014
17772877
17774365
17817628
17848742
17864054
17894537
17903649
17907476
17924536
17931729
17953969
17980603
17980738
17998253
17999478
18041473
18057316
18095917
18116110
18135684
18138866
18153582
18158188
18185062
18189383
18205799
18213227
18221115
18225406
18246627
18265273
18273474
18311427
18312265
18313269
18320562
18322483
18325831
18362537
18397418
18415520
18427107
18435864
18450501
18460194
18475935
18480611
18483195
18504579
18508479
18521885
18532204
18552538
18560122
18569401
18580861
18588902
18621005
18646143
18646850
18649969
18656058
18675324
18675833
18690332
18732871
18743983
18754018
18784180
18789842
18831463
18873420
18879355
18880761
18884597
18894123
18943920
18945310
18955721
18961765
18966546
18976880
18979101
18994258
19011708
19030730
19042449
19049204
19076703
19086703
19156686
19189639
19206266
19206910
19216257
19228317
19255237
19269717
19282949
19299565
19308569
19351047
19354276
19361991
19392479
19475506
19475871
19500613
19501650
19505509
19520129
19528951
19531384
19558408
19577138
19582140
19587400
19594079
19609818
19618815
19630587
19643705
19656770
19663015
19677493
19686543
19690727
19697700
19726502
19741105
19749838
19798511
19806524
19809105
19841677
19855510
19873473
19875346
19884630
19892621
19901185
19904725
19909275
19917636
19948976
19953631
19966186
19975795
19979201
19997731
20010487
20012179
20025443
20071063
20084019
20084459
20091583
20097796
20101868
20107596
20112171
20169543
20172164
20176644
20197285
20205408
20206888
20218552
20220124
20231636
20264172
20264960
20268453
20279083
20300902
20301304
20306881
20313969
20376680
20387630
20394253
20451217
20460855
20472097
20474004
20505574
20512782
20519896
20536267
20554321
20561869
20571838
20580103
20700384
20703750
20716032
20742758
20771590
20786405
20792962
20831894
20840290
20854527
20858831
20868633
20876964
20927018
20935403
20955020
20972144
20992441
21002552
21002683
21008957
21064248
21079091
21095983
21096433
21147522
21176886
21203349
21222635
21272424
21290077
21305818
21307773
21308656
21335038
21335868
21400219
21420222
21427453
21436228
21495602
21506243
21507327
21522870
21525917
21555300
21556904
21561637
21593592
21607920
21610677
21618234
21620560
21632729
21642601
21658553
21666828
21680254
21702248
21734935
21765758
21769943
21791331
21796018
21800729
21815821
21815930
21821663
21821948
21837618
21886627
21889156
21890016
21897172
21905619
21936126
21955414
21965888
21968916
21973294
21976744
21987652
21990939
21997514
22022303
22044755
22046846
22047415
22073053
22083069
22126827
22128716
22133436
22137993
22140881
22141501
22162742
22165705
22180431
22196981
22200665
22201966
22203796
22218405
22226902
22230417
22232987
22258546
22279426
22286080
22304412
22326775
22335089
22359716
22388933
22398717
22399630
22414254
22416079
22416464
22437554
22441164
22443014
22456077
22457938
22483246
22484139
22493217
22497526
22533148
22536480
22538512
22542098
22553355
22581582
22593664
22609175
22611795
22621854
22625240
22660244
22660408
22665869
22687956
22689031
22691276
22692967
22704851
22714613
22733433
22735126
22745281
22750596
22784448
22820161
22837993
22841181
22844716
22846013
22851502
22851676
22857831
22885543
22936479
22962730
22963415
22966476
22980552
23002153
23017638
23024378
23040347
23062332
23071524
23074102
23095528
23101746
23117400
23125299
23161002
23174135
23179738
23189338
23190895
23211874
23226644
23231204
23268707
23285194
23286234
23329599
23343611
23353134
23374855
23389459
23398607
23406091
23411701
23413757
23418724
23426421
23464544
23485024
23488327
23501046
23502803
23508015
23512736
23514580
23532219
23543990
23554153
23573928
23578490
23581228
23581541
23606202
23610452
23621730
23642386
23643143
23655727
23700390
23730877
23739356
23742049
23788195
23791403
23813869
23820173
23823731
23865862
23866551
23875197
23881064
23881661
23881987
23886715
23887265
23893686
23910982
23915673
23921398
23960263
23975637
24024327
24030278
24048526
24063449
24099472
24101304
24104189
24113080
24125394
24126013
24148585
24149977
24155311
24174645
24196857
24198499
24203749
24228460
24235313
24261689
24302248
24327583
24357106
24365843
24379315
24397448
24406172
24415597
24418671
24421049
24427885
24438181
24444094
24474732
24481322
24492782
24497056
24504874
24505286
24514478
24518812
24539950
24552529
24554347
24572961
24574475
24578831
24583757
24595035
24621970
24668513
24678774
24690642
24706777
24736245
24745861
24749905
24750116
24772534
24780098
24784108
24790129
24803169
24805568
24811470
24831047
24849974
24867133
24873695
24898222
24905742
24906518
24933728
24970783
24985633
24992539
24993639
24997145
25003627
25014471
25065192
25075807
25086834
25099304
25125385
25128384
