2*107*149
2*2*2*2*3*491
2*3*7*11*17
3*127
2*2*3*2477
2*2*7*7*53
2*5*181
2*3*7*233
2*2*2*3947
5*6361
2*5*379
3*3*3*1093
3*7*29*31
17659
4099
13*23*37
3*5*1559
2*2*5*383
2*2*2*5*467
2*13*373
2*2*2*2*2*2*401
2*2*5*1523
2*2*2*3*953
3*5*29*43
2*17*167
7*1801
3*19*223
2*47*337
5*7*71
2*14107
5*17*353
2*2*151
5*6133
3*6949
79*103
2*3*7*13*13
5*2833
3*13*233
5*359
16573
2*2*2*3*23*47
2*7*1979
13*17*37
12821
2*9467
13*103
2*2*3*97
2*7*283
5081
8641
13*1979
5309
3*5*421
2*3*3*1291
2*3*17*131
3*17*607
67*389
29*353
2*2*7*7*7*23
19*1453
10891
2*2*7*1091
3*3*31*103
2*3*7*83
2*2*3*607
3*7691
2*3*7*17*31
13*181
43*683
11*461
11*419
2*2*2*3853
2*3*5227
2*2*5*5*13
2*5*2833
3*953
3*5*607
2*2*2557
163*173
2*2*3*41*41
5*11*311
24091
3*11*787
2*3*5*5*5*11
5*2903
17*97
2*13*449
3*5*13*31
19*1033
47*569
25447
3*5*157
3*811
7*29
3*4783
2*3*7*109
2*2*2*5*7*97
3*7*1307
2*3*3*5*359
3*1621
5*5987
2*2*3*157
2*2*2*2*2*2*5*17
19*647
2*17*19*29
2*10589
2*3*3*3*367
5*3079
7109
3*271
2*2*2*2*1579
3*17*457
2*2*3*3*3*277
11*11*157
5*19*113
3*7*7*19
3*3*3*3*3*103
2*2*2*7*7
23*29*43
3*3*59*61
3*23*97
16747
7*4651
30509
19*29*59
5*23*107
2*2*17*331
2*2*2*1579
3*13*307
3*5*1453
3*3*7*7
3*13*197
5*409
7*13*229
2*2*2*2*887
17209
16981
2*2*11*17*23
2*11*19*41
23671
20117
2*2*2*5*269
2*5*23*41
7*457
2*2*3*11*13
29537
67*83
3*7*823
22901
2*2*3*1933
2*2*2*2*2*2*2*3*29
2*5*409
2*3*3*1777
3*3*3*3*3*3*3*13
41*359
4831
7*643
5*5107
5*5*7*167
2*2*2*2*1759
2*2*5*271
23*653
5*5*5*191
11*13*53
67*409
2*5*23*137
2*13*419
2*2*2*2*37*37
27361
2*2*2*2*2*11*53
5*937
7283
2*2*3*7*7*23
2*2*2*2*2*2*2*2*2*17
5*5*601
3*2791
2*3*3*3*5*67
2*2*2*2*3*293
2*3*5171
97*151
2*103*131
2*5711
7*181
3*3*7*331
5*7*17*43
7*13*281
7*89
2*2*2*3*17*59
2*2*3*277
2*13*739
2*7*11*127
5*11*223
2*2*79*79
11*37
2*3*41*127
3*5*7*19
11*2027
5*13*139
13*757
3*3*29*109
2*2*3821
32299
17*461
30757
4567
59*383
2*2*5*1277
5*7*599
28751
3*3*1783
43*199
3*6701
2*13109
2*53*61
5*3697
2*101*127
2*2*3*2293
11*1471
19*1061
3*7727
2*2*1613
23879
3*37*113
2*2*2*2*2*2*2*11*19
2*14543
11*29*61
2*71*157
23753
2*5*13*151
2*2*5*1627
2*5*5*59
2*3*3*7*197
21737
2*3*5*461
5*5*5*163
3*19*313
3*3*7*19*23
2*2*3*13*197
2*11*131
3*2963
3*7213
2*2*3*1327
2*2*2*5*5*13
2*2*5*5*5*31
5*7*151
2*13*401
11*2447
2*2*2*2*3*17*29
16741
2*2*2*3*103
7*31*41
2*3*3*3*3*101
2*2*2*2*2*5*89
17749
2*23*443
3*349
3*6151
2*2*2*23*83
2*13*43
2*2*467
2*2*19*227
2*8363
8539
7*19*197
47*131
2*2*2*2*3*7*7*13
2*2*2*2*3*3*71
3*9871
2*13*53
14057
2*2*3*2579
2*5*13*97
2*2*2*2*881
2*2*5*5*7*29
23677
2*1709
2*2*17*229
19*1117
3*8423
15287
7703
3*13*547
2*5*11*13
2*2*2*3*3*3*3*41
2*2*2*2*3*313
3*3*3*1033
7*7*89
2*7*7*61
2*491
3*5783
2*2*3*3*7*109
3*3*3*3*239
2*3*1733
3*3*3*17*71
7*19*37
21163
3*2609
2*2*2*389
13327
2*17*73
2*3*3*7*137
2*2*2*2663
2*3*5*7*7*13
2*2*2*1069
2*2*2*3*3*3*7
2*19*103
2*5*2309
7*31*103
3*7207
3*41*191
2*11*79
2*43*283
2*2*5303
9277
137*211
2*7577
2*2*2*23*137
2*5*1471
3*3*7*239
101*109
2*13*839
2*2*5*23*47
3*3*7*13
2*2*3*3*3*3*19
53*587
3*17*311
2*2*2*619
2*8269
2*5*3209
3*3389
2*2*41*113
2*2*3*5*257
2*2*7*11*79
2*2*3541
3*3*5*593
2*2*7*491
2*3*719
2*2*3*3*47
2*3*5*11*11
2*14281
2*3*13*19*19
2*3*2473
2*2*17*379
2*2*2*3061
2*2*5*5*227
23
2*2*7*29*29
3*3*3*823
2*2*3*3*3*157
2*2*2*2*3*251
17*197
2*13*1223
2*2*3*173
2*14821
2*5*17*137
2*6373
7*2797
5*397
2*3*19*199
13*37*41
3*7*1249
7477
2*5*5*5*5*19
5*5531
2*2*2*2*3*3*47
2*3*3*31*43
2*881
2*11*31
3*3*7*449
5*11*233
2*2*2*2*2*293
3*4523
2*2*2*3*1291
7*13*127
2*5*11*149
2*2*2*2*5*5*29
14831
7*1823
5*2179
2*2*2549
31177
5*4549
5*4423
2*47*317
2*2*2*797
10111
31729
11*11*37
13*743
3*3*3*5*5*47
30097
2*2*2*3*3*5*5*11
2*2*3*5*23
2*3*29*139
2*67*179
3*1367
7*1033
2*41*79
53*503
59*313
2*67*103
3*3*3*3*3*113
2*5*5*13
2*103*157
2*2*23*71
71*107
2*5*5*173
2*2*2*3*5*5*19
3*3*3*3*367
3*3*1789
2*23*479
2*19*233
3*5*43*47
13*2099
2*17*421
2*7*2003
2*2*11*11*67
2*2*19*409
3*23*103
2*3*3*3*127
2*17*503
3*9781
5*3413
37*653
13*1193
17*1511
3*2237
2*2*7*19*23
2*11*971
2*2*2*2*3*37
2*3*3*557
2*2*2*13*281
13*13*139
2*2*2*2*487
7*1459
3*3*5*11*23
5*5419
2*2*2*2*3*7*97
2*3877
2*2*2*1409
5387
29753
3*3*7*487
2*2*2*1181
3*3*3*37
2*2*2*3*3*3*79
3*3*523
3*3*47*61
19*19*79
2*7*7*17*17
26431
5*4229
2*2*2*2*1559
3*5*5*5*13
3*1789
2*41*251
2*5*2957
5*11*37
2*11*173
2*2*3*1039
2*15467
2*2*2*2*97
2*2*2*3*3*5*71
2*2*2*3*3*3*5*5*5
2*2*2777
3*4049
2*5*241
2*29*149
3*3*3137
2*2*2*127
2*17*43
2*2*2*11*163
2*2*2*2447
7*193
3*3*3*3*3*113
113*233
5*19*173
2*43*211
2*2*2*2*401
2*2*7*353
17*1721
2*7*1229
2*13331
19*293
2*2*2*3433
27109
2*3*3*5*53
293
2*5*2089
2*3*3*7*101
2*3*61*83
2*19*631
6679
19249
2*3*11*211
3*7*683
3*6163
2*5*1453
2*8609
17*23*73
3*5*5*151
2*10781
2*7079
2*7*13*149
2*3*4397
2*2*2*2*2*2*2*2*37
4201
2*7*17*83
2*3*4561
26813
2*2*47*163
5*181
2*23*173
2*2*17*149
3*5*13*157
2*2*631
2*2*3*3*263
2*3049
3*5*5*257
2*2*3*3*3
2*2*13*19
2*83
2*5*5*101
17*47
3*13*503
2*2*3557
2*2*5*1499
2*3*3*3*509
7*983
24527
22079
3*7*727
83*281
2*3*17*223
2*2*2*2*2*5*61
3*9137
2*31*241
2*11467
2*2*2*2*2*17*17
2*2*2*7*13*23
5*11*19*23
3*4231
11*11*137
3*3*487
29*601
2*2*53*71
2*14341
5*19*277
31*349
26141
5*5*7*167
3*9719
