3*11*19*41
2*3*3*7*97
2*7*2161
3*41*109
2*14923
2*3*5039
2*2*2*3*101
2*2*2*2*2*2*2*67
3*3*13*47
5*13*223
3*10867
2*2*2*2*2*2*257
2*3*3*5*281
2*3*4861
7177
2*2*2*3*13*59
19*1033
3*3*857
2*11177
23*431
11*401
2*2*2*3*59
5*5503
3*13*743
3*3*3*17*23
2*7*7*163
43*101
3*5*2113
3*3*3*3*5*31
2*13*73
5*23*71
2*3*3*5*13*19
3*53*131
2*14957
29*881
3*5*151
2*2*2*7*157
5*3943
2*3*2591
3*5*1601
2*2*2*2*3*3*179
2*3*3*3*5*109
3*9281
2437
2*3*7*31
2*2*17*389
2*4229
3*3*5*7*47
2*3*3*13*73
5*61*101
2*2*41*193
3*3*37*83
2*3*43*59
2*2551
2*4813
5*43*127
2*2*2*5*5*5*11
2*29*191
3*61*89
3*3*29*97
25031
3*4691
2*3*3*61
2*2*2*587
2*13*13*19
2*2*3*5*5*5*19
2*2*3*7*11*23
5*269
3*3*29*107
2*2*2*37*37
5*7*571
2*2*3*2543
83*251
29*953
2*2*5*11*13
1229
6829
11*1951
2*2*5*1249
2*3*3*1669
5*7*911
19*991
2*3*3*3*5*13
2*2*7*11*89
3*29*331
5*7*13*41
2*2*2*3*3*233
13*1949
7*7*379
2*3*11*349
3*3*5*7*7
7*4099
2*5*23*47
3*11*677
2*3*17*251
2*3*3*163
29947
2*2*2*3*5*5*31
5*71*71
3*3*1471
5*2777
5*67*97
2*2*3*1277
7*17*211
2*2*5*1181
17*1231
2*2*3*11*17
53*463
2*5*5*487
2*2*733
2*2*2*3*761
149*197
2*2*3*3*7*7*13
13*1439
5*37*173
3*5*41*47
11*739
19*937
3*6163
2*5*1873
2*5*3217
2*3*5*313
3*9001
3*3*1171
2*10079
7*13*23
2*7*1777
28151
2*47*251
2*2*2*2*151
2*2*2*2*7*181
23167
13*1553
8111
2*53*139
43*97
2*2*7*307
2*2*2*2*3*3*7*7
2*2*2*2179
2*2*2*3*1217
5*43*107
2*3*3023
17*307
28409
7*41*67
2*2*6221
2*12757
2*3*5*599
149*199
2*3*3*3*7*23
2*1103
2*3*1901
5333
3*503
2*13*1201
3*4271
2*8171
2*2*2*2*2*2*5*5*11
11*907
2*2*347
2*3*4229
31*127
2*5*5*617
97*113
2*2*2*3*313
2*2*5507
2*3*5*487
5*13*331
2*2*3*5*11*43
2*2*2*2*3*97
29759
5*1381
2*2*53*79
29*659
2*2*3*3*3*131
3*1789
2*2*2*2*2*2*2*5*31
2*2*4231
5*5*193
3*7*997
7*17*137
2*3*4129
19*1093
79*83
3*11*521
2*2*29*179
3*7*67
2*2*2*2*1237
3*3*3*521
53*89
2*2*2*5*5*7*11
2*2*1097
2*1151
2*2*13*263
2*2*2*5*13*37
2*3*3*5*281
2*2*2*19*71
3833
2*2*3*3*277
2*29*379
3*7*17*31
2*6679
3*8969
2*2*7*199
23189
2*3*7*503
3*5*787
2*2*3*47*53
7*487
2*2*2*3*5*5*41
2*71*157
11*1471
3*9421
2*2*2*2*2*2*3*3*3
26833
43*569
2*67*71
2*2*2*607
2*7*29*37
3*13*113
7*13*223
2*3*3719
2*2*2*3*7*101
3*11*13*67
3*3*23*73
2*2*3*3*571
29*101
2*2*2*2*2*2*59
2*2*43*157
24181
13*19*101
2*2*2*2*2*2*3*41
7*13*29
2*2*13*601
5*29*109
11*2621
3*13*613
13*13*67
7*3041
2*2*3*5*11*23
7*1013
2*5*17*127
3*3*3*1063
2*2*2*3*3*3*3*17
2*2*11*11*17
2207
2*2*2*2*2*2*2*139
7*743
2*2*2*2*2*2*2*2*3*5*5
2*2*2*3449
2*2*2*2*2*3*107
41*347
5*199
5*5*19*61
3*3*547
1193
2*2*2*2*11*47
2*3*2683
2*2*2*3*3*397
2*2*2*3*17*19
7*13*307
2*2*5*5*43
2*2*2*2*2*2*349
2*5*7*373
53*127
2*2*2*859
5*11*157
2*2*2*2*3*3*5
37*317
3037
3*3*5*641
3*19*59
2*11383
5*5*457
11*101
2*5*7*257
18413
2*3*1451
3*7*769
30113
3*167
7*7*37
2*2*2*3*3*3*3*7*7
2*3*4159
3*5*1867
2*2*3*7*13*13
2*2*3*5*509
2*5821
17*1747
7*1103
37*719
2*3*3*7*233
73*181
2*2*2*2*2*17*17
5*23*271
2*5*2683
2*3*7*409
11*53
2*3*461
15797
2*6791
73*107
11689
2*2*2*2*2*2*439
5*19*127
2*2*2*3391
2*37*307
2*2*2*2*13*43
3*3*7*19*23
2*10429
13*991
2*3*3*5*11*17
2467
2*2*8101
2*7*881
83*283
97*179
2*59*83
2*2*2*2*11*67
31847
2*6073
2*2*3023
2*2*2*2*17
2*3*11*313
3*3*43*43
2*2*2*2*2*2*2*2*3*41
3*3*47*61
2*2*2*2*5*251
2*29*193
2*7*1109
30139
21169
2*2*2*2909
2*2*5*277
2*2*7207
3*4099
2*2*13*97
3*5*7*157
11*13*37
17*911
2*79*173
2*2*797
7*2111
2*7*7*101
2*2*2*23*67
439
2*3*11*79
3*7499
2*2*3*3*3*47
2*3*41*41
20983
2*3*23
3559
3*7*523
5*2591
2*13577
3*4967
5*2341
2*6359
2*2*2*17*199
2*3*4231
2*2*2*3*1039
2*2*3*719
2543
2*13*541
19541
3*3*5*5*71
7*11*353
2*2*2*2*3*3*163
2*2*2*3*3*11*17
2*12541
2*2*2*2*3*3*73
3*3*3*13*23
3*13*643
3*197
17*617
5*19*181
2*3*3*5*5*59
19*1667
3*5*1523
2*2*2*2*2*3*37
5*5*1049
11*29*29
2*3*5*5*11*11
26183
13*23*101
5*5*7*137
11*11*233
3*7*661
2*2*2*2*11*59
61*353
2*2*2*1901
2*2*5689
2*5*5*5*7*13
2*2*6271
2*3*479
3*5*29*71
2*2*2*3*223
2*3*3*3*419
2*2*2*29*89
2*2*2*13*277
3*3*191
3*3*3*3*41
2*2*67*97
2*2*6971
2*2*2*7*7*53
5*5*389
2*3*7*7*47
7*11*379
2*3*3*499
2*37*131
2*2*2*2*5*103
2*2*2*3*7*131
2*2*1871
2*2*3*1709
3*3*3083
2*2*2*2*2*2*2*2*67
3*5*947
2*2*5479
2*2*19*263
3*3*3*29*41
7*13*149
2*659
127*257
2*3*103
2*199
3*353
3*6607
2*2*2*2*2*2*5*7*11
2*2*2*2*3*401
13*1499
7*11*13*23
10303
2*2*3*7*181
2*3*3*3*179
12541
2*3*29*83
3*3*3*7*7
2*7681
3*8929
2*2*2*2*2*19*31
2*2*7*179
17*17*97
6701
30839
2*23*227
3*4423
3*9967
5*17*263
5*3581
2*11*613
2*5393
2*2*2*2*13*41
3*23*113
2*2*2*2*2*7*17
3*11*811
2*2*3023
23*1259
5*53*59
7*1031
2*2*2*5*13*43
5*827
2*4027
2*5821
2*2*2*3*3*5*29
2*2*2*1877
7*1823
2*2*2*2*2*2*3*163
2*2*2*2*2*113
2*2*2*2*263
41*71
2*3*3*29*61
2*3*5*811
2*2*17*17
17*1619
3*1723
2*2*3*1451
2*2593
2*3*3*19*53
13*2377
3*853
11*19*47
23*257
26357
2*7559
2*5*5*5*37
11*1399
2*3*7*677
2*2*2*2053
2*2*2*2*1409
7691
11*29*83
3*7*1453
2*2*2*3*349
19891
2*2*2*2*13*101
3*3*2141
5*13*313
3*1049
24443
19*1511
2*2*2*2*2*7*79
2*2*1811
2*1009
2*19*829
13*1607
2*3*3*1399
2*2*2*3*593
2*2*2*2*2*2*3*3*43
3*5*1481
2*2*2221
2351
2*13*239
32411
7*2957
2*41*227
2*3*5*761
5*59*71
3*3*1567
3*3*5*139
3*101*101
3*7*857
2*15739
2*3*17*233
2*2*3*1091
2*3*17*109
11*2381
7*1171
2*61*241
11*31*31
5*37*109
2*2*2*23*109
2*2*19*379
2*2*7*967
3*3*13*251
3*5*599
13*19*37
2*43*197
3*11*79
5*59*61
17*1847
2*2*13*97
32003
2*2*3*3*3*3*29
2*2*5*1187
47*587
2*2*3*23*47
3*5*1373
11*13*71
107*227
11*53
3*17*59
5*53*61
2*15017
13*23*109
3*41*43
27283
7*7*7*47
7*11*271
2*2*2*3*1039
2*4241
23*257
2*2*3*251
2*7451
2*2*2*3*3*3*23
2*2*2*2*11*181
73*101
2*2*2*3*3*11*11
2*2*2*7*7*67
2*2*2*2*7*263
2*2*1733
2*12049
2*23*521
137*211
37*827
17837
17*197
2*2*3*2467
2*7*457
2*2*3*677
13*293
2*3*4931
5*1279
2*2*3*17*61
11*1931
3*3*3257
27367
2*2*2*3*1123
6359
2*2*2*3257
2*1373
4643
101
2*12071
101*199
3*71*83
5*2791
2*2*4861
2*2*2*2*991
3*67*103
11*1091
3*6007
2*2*3*3*5*151
2*2*2*2*2*3*13*19
3*5*113
3*5*5*13*13
2*11*13*67
2*2*3*3*5*17
173*181
2*3*3*3*3*7*17
2*2*6257
2*2*3*3*5*109
2*19*23
2*2*3*5*5*5*19
2*7013
5*61*107
2*2*2*3*17*71
5*3067
5*5*5*67
3*547
2*2*2*2017
13037
11959
9059
2*2*7*881
3*5*5*239
2*2*2*2*17*43
2*11*757
2*2*2*31*71
5*7*127
2*2*2*2*5*53
2*5*1237
21139
7*7*331
3*8537
2*23*167
2*2*2*2*2*151
13*13*59
2*5*29*79
3*43*61
2*2*2*11*43
2*8999
7*17*47
2*2*2*2*857
2*3*5*7*113
2*7*17*41
