3*3*3067
3*7*7*103
5*13*13*23
2*2*5*5*23
3*5*13*83
13*31*73
3*6229
5*2441
2*2*2*2*547
2*3*13*283
37*421
2*2*2*2*2*23*43
3*3*11
2*2*3*3*11*43
3*5*13*109
23*541
2*29*353
5*67*79
3*5*5*197
563
28517
2*2*2*2*5*83
3*3*3361
3*3*11*173
41*661
7*7*41
2*2*3221
3*19*569
12973
2*5*5*149
2*7*919
2*14957
2269
31*641
2*2*2*2*2*2*2*13
2*2*2*7*313
2*2*2*317
17*17*43
2*2*3*3*3*241
2*2*5881
2*5*7*29
2*3*199
2*5*29*61
2*2*2*2*431
2*3*3*3*5*107
2*2*2*2*1759
2*5*31*53
11*11*173
7*13*331
24169
2*3*11*13*13
2*5*5*643
5*37*89
2*2*2*2*2*2*7
23*1097
2*10861
13*991
2*5*3037
2*2*2*13*181
109*151
11*1889
83*307
8861
2*2*3*2683
7*1993
2*2*2*3*3*89
2*5*31*59
10271
2*2*3*971
5399
2*7*449
2*3*7*19*29
2*2*2*3*379
2*2*23*43
7*11*193
2*3*2339
2*5*3049
2*53
3*3*11*13*23
3*5*1093
2*3*4391
3*53*59
2*2*6971
3*13*653
2*2*3*3*3*5*53
7*271
11*31*71
2*3*3*3*491
2*3*3*3*11*41
53*163
7*1487
19*181
2*3*3037
2*2*2*2*2*2*2*2*3*41
7*7*7*89
16943
2*2*2*5*13*19
89*263
2*2*2*5*7*79
10501
7*7*13*41
2*2*2*2*467
