2*2*3*3*3*5*47
28081
3*3*5*19*29
2*15877
2*3*3*7*233
59*317
19*1153
3*3*29*113
3*1277
5*13*229
2*2*2*4021
7*19*227
2*2*5881
5*7*13*43
7*2003
2*2*5*827
19*1613
3*7*439
2*2*1283
2*2*3*2647
27827
3*5*17*67
2*2*2*23*149
3*11*409
2*10301
2*7621
2*2*1783
2*3*3*7*11*19
2*5*5*11*47
2*3*3*5*223
7*7*577
7*641
103*251
2*5*5*641
2*19*19*43
17*31*31
2*3*3*3*7*71
3*2459
2*2*2*2*29
23*757
2*2*2*2*2*2*103
31687
2*3*2237
2*2*3*13*109
24919
787
2*3*5*277
24251
3*3*2267
19*103
17*1549
2*5*13*109
3*2411
2*2*2*3*997
2*53*89
2*2*3*5*13*23
28843
2*2*3*1327
3*3*7*53
2*2*2*3*3*239
13*1279
2*127
2*2*2*3*7*37
2*859
13163
5*2423
21569
2*5*1553
23*317
3*23*241
3*2593
20879
3*7753
7*7*173
2*2*3*3*13*13
101
19423
2*3*13*43
2*17*373
13*2389
11*109
2*3*3*5*19*19
13*839
2*2*37*83
3*3*3*7*113
2*3607
7*41*53
2*2*2*3*1109
71*89
2*2*2*3*11*13
2*2*2*3*7
2*2*2*3*5*7*37
2*5821
2*2*3*2521
2*12163
3*11*17
2*17*523
13*17
3*3*2647
2*2*2*3*13*71
30707
2*5*2797
2*2*2*13*199
7*17*227
2*5*809
6959
2129
3*547
2*3*67*73
3*5*1879
2*3*5*1049
2*1213
2*2*3*1367
2*5*43*43
3*10163
17*103
2*2*3121
5*37*61
3*5*7*13
3*4259
19*29*37
2141
2*10267
18671
2*5*5*613
2*2*13*599
2*2*41*157
2*7019
113*179
3929
3*3*3*3*11*19
2*2*6599
2*5*2339
30109
3*3*3*7*83
2*71*137
2*2*7219
3*3*3*5*127
3*2141
2*3*3*1153
47*647
16979
7*103
5*5
20051
2*2*2*1447
2*2*7*277
2*7*17*67
23*887
13*1231
5701
2*2*2*2*2*2*2*2*3
2*15887
7*659
2*29*443
2*5*7*19
22787
2*3*5*953
10889
23*421
109*197
7*11*71
31481
2*3*3*7*151
2*2*2*2647
2*2*2*2207
3*2113
2*5*13*113
2*2*2579
3*7*53
21499
3*3*1723
2*2*2*2*2*2*3*31
3*3*2711
3*7*839
2*2*2*3*3*53
5*5*1151
31*311
2*2*2*2*3*3*19
2*5*5*197
2*2*3*3*3*3*41
5737
3*3*1721
3*3*3607
2*5*991
2*2*2*2*5*61
3*5*19*37
2*2*19*431
2*2*2*2*3*17*29
2*2
5*5*13*19
2*5281
3*61*173
2*2*2*2*5*131
5*5*719
5*73*79
2*2*3*7*11*31
29311
2*3*13*67
2*3*1861
2*2*7*953
2*2*2*2*3*149
2*43*181
11*2719
2*2*3*733
2*5*5*503
3*3*3*1049
11*2381
14851
3*3*13*131
2*23*157
8669
73*149
2*5*1697
2*5*17*151
2*3*5*13*73
25237
2*2*7*269
3*8069
2*7*7*281
37*37
23819
5*2711
17*359
23741
2*2*3*7*367
5*5791
3*4987
2*2*3*3*373
2161
2*23*599
5*6353
3*17*19*23
2*5*5*233
3*3*3253
2*3*5*5*137
2*19*787
19*1153
5*6299
2*2*4817
17*1753
5*4021
31*859
3*3*3*5*73
2*3*3863
3*3*2503
5*1489
127*229
2*2*2*2*1231
2*3*5*193
2*2*2*2351
13*2153
2*2*2*71
3*7*79
3*2003
3*3*3*3*233
2*2*31*73
2*3*1471
2*71*107
73*193
2*2*7297
7*911
2*6833
2*2*7*107
5*53*53
127*151
7*17*199
11*29*47
2*3691
17597
2*2*31*97
3*283
2*11*1237
2*7*1597
15629
2*7607
26387
3*3*3*3*101
23*1223
2*5*5*23
2*5407
2*2*3*1831
2*2*3*5*5*103
2*7*31*37
3*3*3623
13*13*67
2*5*5*13*29
3*3*1129
3*43*73
3*8233
3*43*223
2*19*683
27751
3*2129
28309
97*283
2*3*1283
24179
7949
3*3307
23*29*37
2*2*2*3701
2*5*37*71
2*7*13*13
2*2*2*11*229
2*5*1931
23*137
2*2*6529
2*3*2179
2*2*2*2*2*13*19
2*2*2*2*2*3*7
2*2*1979
2*2*4637
3*31*349
3*3*17*67
37*173
17*379
3*3*2281
3*3*3*1151
3*10733
9161
7*13*67
2*3*4597
2*79*139
2*17
13*1399
2*2*2*11*89
2*2*2*2*13*137
41*443
17*1021
7*4099
2*3*3499
2*2*2*2*2*2*2*3*31
2*5*5*7*37
2*11*283
28921
2*2*41*67
2*2083
25657
2*2*2999
2*12119
2*2*2*2*2*2*17*29
7*23*109
2*2*2*2*3*13*47
2857
2*3*3*5*7*37
3*3*3*3*3*79
20807
2*11*83
2*12253
2*3*5*5*31
5*3109
6763
3*6397
2*5651
2*2*2*11*71
2*13669
131*197
2*2*29*29
2*2*5*251
2*683
11681
5*1861
2*2*2*53*53
3*13*653
25117
2*73*79
2*2*2*31*131
2*53*173
3*5843
101*239
2*3*19*107
3*10627
2*2*5*5*53
2*2*1553
3*11*383
5*5*811
7*1811
2*2*5119
5*5*7*13
2*3*11*17*17
2*2*2*2*2*2*2*2*2*5*11
2*2*3*3*397
3*5*19*53
2*2*3*151
3*3*7*211
7883
43*73
2*2*2*2*3*7*67
37*557
7*2089
2*2*2*2*367
2*3*3*3*457
2*2*2*5*181
3*29*59
2*2*29*269
139*163
11*1163
2*2*3*1069
5*5*7*113
3*19*439
2*5*5*5*5*7
5*5*1279
2*3*3*1319
2*7019
1861
3*3*3491
2*3*4969
2*2*2*3*3*3*127
19*1069
3*3*5*5*97
83*103
18899
2*3*5*61
67*353
2*9949
18911
2*2*6373
3*3*3*3*13*31
2*2*11*743
5*5*751
2*2*2*3*3*5*67
2*2*2*3*5*11*13
19963
2*2*5*1291
2*2*5*11*23
2*2*2*2*1877
2*2*2*23*41
2*3*7*449
22381
11*1907
2*5743
3*3*11*11*23
2*4391
7*2969
2*3*5101
2*23*653
4817
2*3*4253
11*2411
2*2*809
2*2*2*2*17*31
2*37*401
2*2*3*3*3*11
2*5*19*107
2*3*2029
2*3*5*659
5*17*313
2*8377
2*5*23*29
2*2*2*2*2*619
5*4513
2*2*79*101
2*2*5*659
2*2*2*5*149
2*2*2*3*3*3*11*11
31*941
2*2*7211
6653
2*19*751
2*2*2*2*1213
5*2843
3*5*11*13*13
2*2*2*2*29*43
2*7*89
3*13*241
17123
3*5*5*421
1381
3*5*11*131
2*3*7*7*109
3*53*101
2*2*5*1579
7*13*167
2*2*3*811
14831
2*13*751
71*113
2*2*3*5*47
5*3037
1361
17*271
2*3191
5*5381
2*3*3*5*41
2*2*2*2*2*977
2*7*1877
2*2*2*2*2*43
3*7*367
11*17*43
2*2*5449
2*2*7753
2*7*1601
2*2*2*2*1439
2*2*3*5*373
2*5*1181
28087
2*4547
2*2*2*2*3*3*7*19
2*7*7*233
28793
2*2*2*2*1873
13*19*103
5*29*43
2*61*89
7*7*359
2*83*181
2*2*7*11*67
2*3*4457
5*29*71
3*8431
2*19*19
2*10099
3*2339
3*5*7*127
2*2*3*11*179
2*3*1999
2*2*2*2*2*569
2*2*5273
2*7*7*181
25469
3*3*17*157
5*5237
2897
2*2*2801
2*3*13*163
2*2*2243
21433
2*2*5*5*29
2*3*31*89
5*13*31
11*1747
5*5281
7*2137
3*3*179
10949
5*1429
5*17
29*827
2*7*13*71
19759
2*67
2*2*2*2*13*13
13*389
11*2473
3*3*11*109
2*11161
3*5*19*37
3*17*281
2*2*2*2*2*2*2*2*2*7*7
5*7*383
2*17*223
3*3*5*5*5*23
2*5*17*41
2*2*2*2*2*2*2*2*2*3*3*7
8731
7*11*29
859
3*3*5*7*43
2*3*3*3*3*3*3*3*5
79*277
2*3*3*3*7*53
28219
3*2551
2*2*5*11*139
3*7517
2*2*3*7*17*17
7*41*83
2*2*4591
13291
2*2*2*7*503
25349
3*37*109
2*2*3*463
6389
2*3*5*251
5*2377
139*149
2*2*7*97
2*5*5*401
31267
2*5*2113
2*2*4297
3581
25939
2*8849
5639
2*9473
11*11*131
10973
17*991
2*7489
7507
2*2*7*1091
59*229
883
3*5*7*7*23
11*1747
26387
2*7*653
3*29*37
3*7*13*43
7*17*89
2*2*2*2*2*139
2*13249
13*29*71
23*109
2*2*2*2*1753
3*6827
2*3*4679
13*1879
2*2*73
2*61*163
2*2*43*157
2*2*3*2309
2*3*4933
2*3*5*5*7
2*5*1279
3*3019
2*2*7*271
2*2*53*137
11*733
2*13267
6229
3*7603
2*31*241
2*2*2*1259
28201
2*2*2*2*157
22453
2*11*23*43
2*5*11*167
2*3*3*3*311
2*3*3*7*47
32303
2*2*2*2*2*2*3*3*47
3*3371
21019
2*2*2*2*3*149
157*163
11579
2*7*7*7
2*2*4549
3*11*11
2*2207
2*3*773
10453
2*2*2*2*7*7*17
2*67*101
2*19*41
2*5*1319
7*7*127
3*7*17*73
89*251
7*2027
23*911
9967
11743
2*2*11*31
2*5851
2*7*383
7*4483
2*5*3049
5*2293
2*2*5*11*113
2*31*229
6257
3*3*3*1193
2*5*23*79
3*13*43
2*3*4013
2*2*41*179
3*5*383
