3*3*7*269
18127
3*9497
2*23*233
7*2963
27011
2*8011
3*7*271
3*4421
5*11
2*59*167
3*37*157
7*17*43
89*251
2*2*2*2*2*3*23
3*13*13*61
2*3*3*13*19
7*7*613
2*2*2*2*2*2*31
3607
2*5*1033
11*43*43
3*7927
5*29*167
5449
11*593
5*1327
2*3*3*643
29*1069
2*2*31*89
2*3*5
2*2*7*7*73
3*6907
5*5*1063
25423
7*17*127
4759
6547
101*173
5*7*103
2*2*2*2*2*2*5*41
31*61
7*3541
2*2*2*2*2*2*2*2*7*11
2*2*3*13*197
2*2*5*5*61
7*11*103
37*449
3*59*107
2*2*2*17*179
2*11*19*71
17*761
3*3*7*439
2*2*2*1009
3*3617
2*53*193
7*3041
3*11*461
2*2*5*7*11
2*2*5*7*31
7*1109
2*2*2*2*3*659
2*3*3*5*89
2*2*2*937
3*3*3191
2*2*2*2*5*37
3167
2*2*2*2*3*13*43
5*31*79
197
8467
2*2*7*383
2*2*3*3*349
3*3*3*3*101
67*173
11*1163
7*199
2*5*7*53
2*7*113
2*5581
5*19*197
13*991
3*3*2417
2*5479
2*2*2*7*229
3*3*3*3*89
14653
2*10559
103*199
19289
2*2*2*2*2*3*149
2*3*2843
2*2*2*2*3*7*43
3*23*307
3*29*331
3217
2*2*3*11*227
3*3*5*131
3*367
8231
3*5*31*67
2*2*3*5*251
2*3*19*239
19963
3*3*733
3*3*5*7*11
2*3709
2*2*2*5*643
2*7*1873
2*3*5*7*137
2*311
2*2*2*2*2*2*2*2*43
11*2383
5*7*7*13
5*37*113
2*103*137
2*3*11*353
19727
2*2*2*2*3*11*37
2*2*2*17*181
28619
2*2*2*2*2*43
2*3*11*17
5*11*523
3*37*151
11*31*31
2*31*293
2*2*2*2*2*151
3*3*3*3*3*3*43
11*1847
3*3011
3*7*1063
37*307
2*7*1489
37*653
2*2*13*139
3*5*11*59
3*3691
3*4969
3*3*11*29
2*2*47*59
2*11197
3*3*3*647
2*2*2*2*3*3*5*5*7
2*31*67
9887
3*3*11*53
3*3*3*1039
2*31*47
29*571
2*2*2*2*2*2*3*71
2*5*127
7*1931
2*2*17*457
5*23*227
2*1693
3*3*5*607
2*2*137
2*19*379
3*3*3*3*7*7*7
3*5*139
3*3*751
2*2*2777
103*193
2*19*401
23497
3*3*3*743
5*5*7*7*11
3*59*61
17207
7*1777
2*2*3*7*11*29
2*3*3*3*7*7
2*5*7*13
3*3*11*277
3*43*223
2*7*1907
27673
11*1531
20641
3*37*127
2*13*19*61
2*2*3067
113*193
2*17*947
3*5*487
2*31*157
31159
17839
2*8219
2*7*7*269
2*3557
37*59
2*2*2*3*149
2*2*13*419
5*353
131*131
3*3*1693
59*103
79*283
2*2*2*311
7*827
149*157
30367
3*8629
3*5*5*227
25447
5*11*491
2*3*3*3*461
3*11*131
2*3*3*991
2*13*397
13*13*163
2*6959
2*2*4001
2*3*683
3*5*13*109
5*31*67
2*2*2*2*3*7*97
2*2*3*3*13*59
3*7*19*47
5*5*7*13*13
3*7*557
2*3*1069
7*4297
28099
2*3*1531
3*3*3*3*13*23
9629
1093
2*3*3*7*251
2*2*5*11*97
2*2*823
2*5*13*43
19*283
2*8929
2*2*2*2791
2*11*1303
3*1187
5*2143
2*7*7*293
3251
2*2*2*2*3*3*13*13
15901
31*613
2*2*31*109
11*11*149
59*137
2*2*2*31*41
953
3*5*7*199
37*733
2*3*3*5*5*11
2*2*2*31*43
7*1109
5*5*11*73
28387
2*11261
2*3*5*13*83
10331
2*5*3001
7*11*337
3*617
2*47*173
7*19*29
2*12577
2*2*2*2*2*2*3*3*3*3*3
2*15263
2*7*11*197
2*2*2*2*3*5*43
2*2*2*3*5*5*53
2*2*3*13*13
3*6329
2*2*2*3*157
2*2*7*17*19
2*2*3*3*3*5*17
2*14831
3*9511
2*41*157
2*2971
2*2*3*3*3*5*37
2*5*13*41
19*859
2*2*2*2*3*463
2*2*5*7*7*29
2*2*2*2*2*317
17*41*43
14153
10867
17*1783
2*2*2*3*3*97
2*7*17*37
7*1279
3*23*389
2*2*2*17*71
2*71*167
27631
5*41*97
3*5*229
2*2*2*53*71
5*7*11*71
3*11*509
2*2*2*2*17*59
3*7*283
83*151
