17*977
2*2*2*3*769
2*2*7393
2*7*7*73
2*2*2*2*7*61
2*2*3*79
2*2*2*2*1021
2*73
3*3*3*3*11*17
89*227
5051
3*2339
2*2*3*29*29
2*2*2*2*3*577
26161
11*1163
2*7*1877
2*2*2203
2*5*5*5*17
31*677
2*2*2*5*251
2*2*2*5*647
19603
3*5*11*11
2*2*23*349
19751
2*15671
29*107
11*41*71
19*1451
2*3*3*829
7*23*199
2*3*7*521
5*2207
31*421
4231
2*5*857
2*5*2447
3623
3*3*2477
2731
47*631
2*5*19*89
2*2*5*5*263
5*13*313
2*3*3323
2*2*2*2*5*317
2*2*2*2*23*83
2*2*3*7*269
2*3*5*5*167
2*2*17*257
2*2*2*5*457
7*2003
2*2*31*263
15823
2*2*6451
5827
3*3*3*3*7*37
2*2*3*31*31
2*2*2*2*2*2*7*7
2*2*6869
2*7*41
2*367
3*5*5*67
2*5*5*11*13
29*167
3*3*5*409
3*3*5*5*5*5*5
17*419
67*79
31*197
2*2*7*701
61*419
2*2*5*5*239
2*2*2*2*1063
2*2*2389
7*31*43
7*1531
2*2*37*47
3*3*7*281
17*569
2*2*5*1223
2*2*2*2*2*7*67
2*2*1747
22961
16069
5*13*199
13309
3*3*3*19*29
2*2*2*2*3*5*7*7
41*487
24049
211
2*5*19*113
2*2*3*5*337
3*3*13*31
13577
2*3*1303
27961
7*7*137
2*2*3*11*83
2*2*2*2*2*2*2*251
2*13*569
2*4447
5*11
15017
2*2*3*5*197
2*3*1811
29*127
3*5*19*73
2*3*3*3*5*47
2*2*3*5*349
331
2*2*2*3011
16573
2*17*19*43
2*15427
3*23*67
2*3*3*3*7*53
22397
16091
2*2*19*163
2*2*2*3*5*7
2*2*2*2*2*7*31
157*199
13*2053
2*2*4919
2*479
19*809
2*2*2*19*193
17*17*67
2*5*1213
2*3*5*11
3*10111
5*17*383
2*2*2*2*2*83
2*15473
5*3643
3*3*5*5*139
3*6793
3*3*2141
23*1367
2*3*59
14543
3*89*89
2*3*7*389
2*3323
2*7*7*61
2*3*3*5*337
2*2*3*3*7*43
2*3*19*131
3*3*3*3*103
5*11*11
3*3*3*1013
2*2*2*2*2*503
2*3*7*397
5*5*5*79
2*2*2*29*59
24061
2*2*2*7*11*53
2*2*3677
30757
21419
2*2*37*193
2*2*3*3*3*7*7
2*2*2*2*3*3*131
2*3*223
11*2221
5*19*181
19*43
13933
2*3*7*557
2*5*1993
2*2*2*7*239
3*5*19*109
2*5*193
3*5*2099
61*367
2*2*521
3*5*149
2*5657
11*359
2*2*3467
2*3*17*269
7*29*71
11*2729
41*601
2*2*2*2*3*17
2*2*2*2*5*5*43
2*2*3*3*5*71
19*19*31
2*5*11*283
3*3*5*13*19
3*3*3*3*23
2*41*211
2*3*2341
7*4133
13397
2*2*2*2*2*509
2*7*37*37
3*3*53*59
2*11*647
2*2*5*5*113
2*3*3*839
2*3*3*3*5*19
2*3*67*79
2*2*2*2*2*257
2*2*2*2*1609
2*3*4397
2*2*2*2*2*5*179
13*151
2*37*149
5*7*7*11
2*3*7*19*37
18041
2*7*13*113
2*3*11*137
2*2*5*461
2*1033
2*5*1601
2*1601
2*14683
2*2*761
2*2*2*2*7*11*19
4519
2*2*2*2*2*7*79
2*3*3*5*37
2*3*13*19
2*2*1783
3*5*269
11*2861
2*15331
3*13*23*23
2*5*5*53
5*67*89
2*2*2*2*37*43
7*13*281
2*4673
7*7*397
2*2*2*2*2*2*5*71
2*2*3*3*5*151
19*23*47
2*3*7*7*7*7
2*3*5*751
2*2*2699
5*5639
2*2*2*2*3*3*223
3*3*1747
11927
5*941
2*3*3*1091
2*3*67*73
2*2*2*2*7*233
5*11*491
7*41*71
5*5*7*79
2*2*2*3*19*53
31567
6343
13681
3*17*347
2*2*2*2*2*5*7*19
5*11*73
2*2*3*7*11*31
2*11867
2*2*5*503
47*613
2*19*349
2*2*11*43
7*7*577
3*5*29*61
3*5*1303
8369
5*229
7*13*37
18713
2*2*2*2*5*5*5*13
2*2*3*3*3*5*5*5
3*5*13
2*2*5*23*59
43*283
2*2*3*3*3*3*3*3*3*3
2*19*67
3*11*11*29
3*2347
2*3*13*409
20023
3*7*577
2*5*1289
3*3911
2*2*6661
2*3*3*1129
2*2*2*2*11*79
71*337
11*937
23*233
25997
2*17*109
3*3*3*3*5*67
2*3*7*31
2*5*787
5*17*43
3*5*5*7*47
2*3*3*239
2*2*3*3*173
2*31*331
3*3*3*13*43
24691
2*3*3*3*5*113
2*2*2*11*11*13
2801
137*179
3*17*83
11*11*29
3*5*1669
3*9973
7*3221
3*6491
2*2*7*17*47
29443
2*2*2*2*599
2*7*239
3*2591
2*2*13*137
2*3*13*239
13*23*73
5*2663
97*331
3*3*3*7*29
3*3*3*67
5*113
5113
3*31*83
2*2*41*139
2*2*3*13*47
2*11*23*29
2*2*5581
2*2*2*7*487
2*3*3*503
2*2*2*3067
3*19*401
2*3*11*491
83*139
2*2*7247
2*7103
11*11*11
2*2*7433
3*5701
2*3*3*7*71
2*2*2*2*2*3*211
41*701
2*2*2*2*1913
2*41*229
2*2*7079
3*7489
2*2*2*11*37
2*19*379
2*2*2*11*239
2*10343
2*2*7963
2*2*29*163
2*2*3*827
2*23*641
2*11*1459
25321
3643
2*5*5*563
31*193
5*7*13*17
89*313
3*17*307
11*1117
13669
2*3*67*67
173*179
2*2*2*3*7*13
157*191
317
2*37*41
3*19*101
2*17*313
5*809
3*3*5*599
2*2*3*17*67
2*2*2*2*3*5*5*19
2*2*2*2*3*463
2*2*3*1931
5*5419
3*3*3*3*401
21397
2*3*19*131
2*3*5*13*41
163*197
2*5*2381
3583
3*19*233
3*3*3*7*47
2*2*3*1091
2*3*5*13*31
2*2*4861
2*2*5*113
37*241
2*11*1291
3*31*149
2*2*2*2*2*2*2*179
5*5*491
3*5*5*5*5
2*3*5*193
2*3*5*193
3*43*139
2*4051
17*1399
97*331
2*2*5647
3*7*7*73
2*3*11*151
3*7*1409
2*5*2689
5*7*307
3*3*11*199
2*2*19*113
31*71
2333
2*2*3*163
2*15877
2*2*7159
3*5*5*5*7*7
2*23*79
11*613
7*2341
3*3*1237
2*2*2*2*3*3*5*31
3*5*7*199
89*109
2*6967
3*31*83
2*3*359
2*2*2*2*2*277
3*3319
2*2*5*17*67
17*1451
2*3*5*239
3*7*647
5099
2*12739
19*673
2*2*2*1613
7723
2*2*2*2*7*271
5*5*13*41
2*2*2*2*2*2*2*2*3*3*5
13*1259
2*2*13*157
25423
2*13*293
2*2*2*2*3*5*7*7
32321
23*1423
3*3*3*13*17
2*2*19*103
2*2*2*2*3*3*5*31
2*3*3*1753
13*29*67
2*2*3*5*23
5*73*89
137*139
11*449
2*2*23*31
2*3*5*421
2*2*3923
3*5*467
2*3*3*11*89
2*3*5*11*89
2*13681
2*5*2549
5*7*7*7*11
2*2*29*211
3*6211
19541
2*3*1237
5*1481
2*7*1373
2*2*3*3*907
3*3*3*3*23
2*2*2*2*2*5*5
32141
32029
5*13*109
2*5*13*43
3*7*7*113
5*5*5*229
5*7*857
5171
2*2*2*3*1213
3*3*5*389
7307
2*5*1723
2*2*3469
2*13*541
7*7*71
5*7*863
43*463
23*617
2*2*2*2*829
5*4603
3*11*163
2*15451
29*947
3*3*11*31
3*8317
7*11*11
5*17*293
5347
7*719
59*479
7*13*251
8161
3*17*229
3*3*3*3*19*19
2*14843
3*5*1571
2*2*41*157
3*4013
2*61*229
17*1103
2*2*2*2*2*859
7*3061
5*2357
3*3203
3*1229
2*2*337
11*839
2*37*421
11*1699
2*2*6043
2*2*7069
2*7*1303
2*4423
13327
2*2*2*2*2*2*2*3*3*5
2*53*89
2*3*1459
5*5*29*41
3*3*7*331
13*23*31
23827
1759
37*251
3*3*5*19*23
2*3*2689
2*2*2*2*479
3*3299
5*2113
2*2*3*1669
2*3*19*173
3*43*61
26801
14983
3*5*1951
3*3*3*43
521
2*2*443
3*13*61
11*11*43
17*223
419
2*3*3*3*487
3*5*17*43
2*3*3*647
5*7*7*29
2*11*13*31
3109
2*3*5*5*13*13
3*2503
2*3*3*3*431
2*2*7*863
2*2*2*2*3*241
61*131
2*10331
5*1619
2*2*59*113
2*5399
3*3*5*7*47
43*149
2*5*1913
3*7*167
2*2*2*7*379
2*2*11*17*41
25121
3*2399
3*577
2*7237
3*5077
2*2*2*419
5*7*809
5*2143
2*2*2*2*5*5*31
2*2*2*2*101
2*23*397
2*2*3*5*19*23
29*31
2*83*193
2*2*2*2*2*3*3*47
2*19*503
14983
2*10973
3*7297
2*11*233
79*137
3*9833
79*331
2*2*5*179
2*2*6277
2*2*2*2*3*3*3*3*17
3*5*41*47
2*2*5119
47*409
5*4549
5*11*277
3*29*67
5527
3*5*43
5*1657
2*3*3*3*5*89
2*3*5*5*191
5*3923
3*11*769
2*2*5*23*37
2*2*2*5*17*31
2*3*3*11*53
3*3*887
2*5*11*83
2*2*3*3*241
7*17*167
2*4127
2*2*3*557
2*2*2*37*59
2*3*5*967
83*317
2*5*1231
2*43
73*179
2*11*17*79
3*5*7*11*19
3*3*11*101
2*2*2*2*2*2*2*3*71
2*2*23*239
2*2*3*7*349
2*3*3*5*233
3*10597
2*3*1019
2*2*2*3*11*101
2*2*2*3*7*109
2*61*199
67*97
2*19*599
2*2*31*173
2*9689
2*5*1217
2*3*3*3*73
2*2*7*17*17
2*107*139
2*2*59*127
2*2*2*2857
5*31*101
2*5*769
2*2*2*3*5*5*31
2*2*2*2*2*2*3*5*31
5*5*277
7583
7*17*149
2*2*5*7*107
2*37*313
26711
7*2467
2*2*2*3*7*157
2*2*2*2*811
2*2*2*2*307
113*251
2*11*839
2*2*2*11*127
2*19*487
30223
26921
2*17*233
2*3*3359
2*2*2*2*3*7*11
2*12547
2*53*113
23917
3*3*41*59
2*2*2*3*673
7*41*107
5*53*53
5*6199
16301
5*19*139
233
2*3*3*3*599
2*41*311
2*2*2*5*263
2*6833
2*3*383
14281
5*17*157
5*3413
7*3037
2*2*2*2*5*383
2*2*19*53
2*7*19*59
2*2*2*2*2*7*53
2*2*3*3*7*41
2*3*3*719
4079
13*307
2*7*7*7*43
3*53*127
101*163
13*31*79
3*3*19*157
13*13
2*8467
53*613
2*13967
2*2*5*5*263
3*3*449
2*19*311
5*43*47
37*787
2*2*4177
20483
3*5*599
2*2*19*307
3*9109
2*3*13*13*23
7*7*157
2*2*2*2*3*3*83
2*1187
23*1091
2*2*2*3*719
5*31*83
2*2*5*7*17
2*5*2797
2*3*19*73
11*521
11*41*67
3*5*5*43
2*2*887
32251
3*3*7*101
2*2*2*3*1033
3*5*5*223
5*3221
5*4261
2*2*2*1993
43*479
2*2*23*43
19*37*37
3*2417
11329
3*3*5*7*43
2*13*541
3*2357
2*2*2*7*11
43*439
2*3*2539
3*3*3*3*5*67
7*3323
5*41*59
2*2*2*3*5*13*17
2*2843
3*3*691
19*499
2*3*3*433
3*5*7*97
73*443
2*3*4703
7*7*139
5*1301
2*2*2*4079
19891
79*269
29297
7351
2*5657
15173
2*3*1483
2*7*883
2*1543
5*1367
29*439
23*863
2*13757
2*3*19*163
7*2969
29927
7*17*179
3*7*19
5*5*881
3*5*991
2*2*3*31*71
31*631
2*11*103
2*2*2*2*3*3*7*17
19*179
101*181
43*197
2*2*2*3*7*191
2*2*3*3*5*97
5*1741
31139
29059
3*3*11*11*13
2*3*373
8803
2*2*59*83
22637
2*2*2*2*2*479
3511
3*3*17*71
2*19*643
3943
2657
4057
2*3*1051
2*2*2*2*2*139
2*2*3*2423
2*1087
2*2*2*5*19*41
11*947
2*7*37
2*5*13*71
2*2*17*227
2*2*3*11*11*13
3*3*1259
24923
2*7*7
2*2*6271
2*2*3*3*383
2*2*4783
29*727
2*2*61*73
2*2*2*2*2*2*2*2*2*2*2*2
2*2*5*1489
3*317
31873
2*13*17
3*3*5*277
2*2*2*3*17*47
13*19*109
2*2*3*1019
2*19*23
1453
3*1093
2*43*283
2*2*2*2*2*2*193
2*2*3*61
3*883
2*3*3*19*83
2*2*2*5*283
5*5347
3*6791
2*13*1193
2*2*2*17*229
5*4519
3*3*3*3*7*19
2*2*2*3011
3*3*941
2*15541
5*5*5*41
11*2539
2*2*2*2*1021
89*283
2*13159
2*2*2*2*2*2*5*5*13
3*17*227
2*2*2*3*3*3*139
3*3*1283
31*449
2*7*1889
2*2*2*2*2*2*2*2*2*2*2*3
2*2*2*599
2*3*3*617
2*3691
2*4969
2*2*7*11*17
2*2*5*5*251
2*2*5*653
3*13*13*59
3*10853
3*3389
2*23*71
5113
5*13*13*19
16033
2*2*3607
5*7*11*11
2*2*17*457
29*37
101*227
2*3767
3*5*5*313
2*2*2*2*3*491
32119
25147
2*2*2*2*13*151
2*7*19*29
2*11*653
2939
2*3*3*3*19*19
2*3*5*937
5*37*67
3*59*59
2*3*3*599
32497
2*2377
2*2*2*11*83
2*3*11*31
7*13*13*23
2*3*3*7*7*11
3*787
2*7*11*89
2*2*2663
3*10193
2*2*2*449
30467
3*3*13*251
2*2*2*7*367
17*997
7*23*197
16903
2*5*13*137
2*12473
2*2*29*47
7*43*97
3877
2*2*2*2*1319
17293
2*53*257
3*11*109
29*1069
7*2251
2*2*2801
2*5*383
5*13*59
43*331
2*12743
11*2153
2*10739
53*617
2*3923
