2*3*4957
7*199
151*179
5*17*157
5*4217
2*2*5*1033
5*61*79
28297
2*2*11*17*37
2*3*3181
2*2*2*3*7*131
2*5*3169
23*251
2*4789
71*421
5*29*199
13*2351
5*7*373
5*2851
23*1303
2*2*2689
2*3*3407
5*23*229
2*2*3*13*139
10391
3*1801
3*7*1427
2*5303
3*11*349
2*2*3*3*7*83
2*2*2*821
13613
3*29*229
2*3*3*283
28001
101*131
2*3*5*5*43
3*7*19*19
3*3*5*149
2*3*13*47
3*3*7*11*31
2*2*3*5*11*41
4621
3*5*1831
9173
7687
3*6029
2*3*7*443
3*7717
2*59*89
2*2*2*3*1277
2*7229
2*2*2*3*3*239
2*29*61
17*577
3*5*41*53
25639
1721
2*971
3*5*331
2*2*3*7*317
3*3*5*13*13
2*2*5*13*31
28541
2*5*43*73
3*11*13*73
2*5*7*181
2*2*2*2*2*2*2*7*7
2*5*2617
3*3*3*3*3*29
37*709
18749
27011
3*9901
7*4519
2*2*2*2*3*3*3*3*3*5
8741
2*2*2*3*5*11
2*2*3*37*61
2*2*2*3*23*47
2*2*2*2*2*2*2*2*5*19
5981
2*29*263
11*1481
2*71*89
2*2*2*29*113
2*3*4231
2*7741
2*2*2*3463
2*2*2*7*7*7*11
27953
877
26881
2*2*7523
2*2*2*2*2*5*5*19
2*5*29*67
17*71
2*41*107
2*11*1063
2*3823
2*3*2477
2*13*59
3*3*5*547
2*10061
3*5*29
67*197
7*13*17*17
2*2*2*2*3*7*17
2*2*2*2*2*2*3*3*3*7
3*3*3461
2*3*1913
11*11*167
2*2*3*2029
7*7*167
2*2*3*2383
3*5*7*197
2*2*2*3*5*5*7*7
5*3767
2*2*223
7*3191
2*2*5*5*11*19
2*2*17*31
2*2*2*3*29*47
9521
2*7*337
2*2*3389
3*9011
8719
2*3*3853
2*6257
3*3*3*5*5*47
2*2*2*2*17*71
2*23*373
3*11*271
7*113
2*2*3*7*17*19
2*2*3*571
31*137
2*89*163
5*7*7*101
2*2*2*2*2*2*3*3
2*2*2*5*647
2*2*2*3*3*419
2*2*3*1979
47*601
2*2*2*2*3*257
2*2*2*5*5*59
2*2*2*3*3*107
5*29*31
2*19*19*37
2*2*3187
31*839
2*3*41*67
3*3*3*1117
3*19*89
3*3*3*7*31
2*5*31*61
5351
5*47*127
3*10457
2*2*2*2*2*2*3*3*19
3*5*5*71
2*2*2*2*2*2*7*73
2*31*509
2*1123
3*5*659
2*2*2*2111
3*5*2129
89*241
2*3*3*3*7*29
2*2*3*997
2*5*41*53
31*887
2*2*5*827
2*3*4153
2*2*2*2*13*139
14519
47*523
7*31*53
2*2*3*3*3*283
2*2*41*61
2*3*3*5*73
2*2*2*2*2*503
5*5881
3*2203
5*19*313
2633
3*5*5*13*19
2*2*2*2*2*757
31*727
2*3583
43*197
15971
2*2*2*5*5*29
2*13*23*47
2*2*6073
3*7*1069
2*11*11*31
3*3*1861
2*12479
2*2*37*131
2*3*613
2*5*11*97
2*5*13*191
2*2*2*151
2*2*3*2707
7*19*131
2*12983
2*2*3*2557
2*3*3*7*19
25117
3*1637
3623
2*43*283
2*3*3*3*521
2*2*2*37*79
21397
2*2*3*1801
2*3*3*1571
2*2*2*2*2*877
28309
2*2*2*2*2*557
2*2*6379
2*2*3*3*167
2*5*17*71
2*5*1453
2*2*2*2179
2*2*2*5*613
47*269
2*2*3*13*101
3*3*3*3*7
3*7*7*19
2*3*3*5*11*29
2*2*3*3*5*5*19
22433
2*3*3*3*5*5*11
193
2*2*2*3733
5*5*5*7
10067
11801
5*5*17*31
3*31*43
2819
2*5*3119
5*17*197
2*2*6763
2*2*5*37
2*2*5*1439
3*3*3*3*401
2*5*19*61
29629
2*2*3*5*211
23*953
2*2*2*5*5*5
3*3*11*23
3*11*11*41
3*7*7*37
2*2*2*2*2*2*109
2*7*7*139
2*2*3*17*31
2*5*5*5*5*19
2*2*3*5
2*3*5*17*41
2*3*7*223
2*2*2417
2*2*3*3*7*97
3*37*149
11*19*131
2*3*7*373
3*3*3*523
3*5*23*59
3*5*829
89*233
5*83
26863
11*1721
3*3*3*5*41
2*2*37*199
2*2*3*3*29*31
2*2*7*29*31
59*503
11*293
2*2*2*29
7*2357
2*5689
2*3*3*3*11
2*2*7*293
7*11*13*19
2*2*3*1657
41*157
2*7*11
5*7*457
2*2*31*103
2*2*5*5*29
2*5*17*179
17*1783
25999
2*2*6451
5*31*181
2*2*2*2*7*47
2*2*59*73
2*5*13*193
5*4919
2*5*829
53*83
9293
7*379
2*47*227
2*3*3*7*47
3*59*73
2*7*389
2*2*2*2*1571
3*5*7*137
2*3*7*17
8237
3*3*31*37
2*2*2*2*2*2*11*19
2*12377
2*2*4219
2*2*2*2*5*353
19*769
5*11*509
3*3*1733
2*2*7*1069
12011
2*3*3*3*3*3*7
2*3*5387
31*179
2*2*2*1787
2*2*3*3*3*3*3*3
2*2*2*2*13*17
2*2*5*967
17*1901
3*7247
29191
2*47*263
24631
2*3*41*97
5*4391
3*5*23*71
2*2*3*3*19*43
2*2687
2*10709
2*2*2*37*73
3*5*13*19
2*3*1913
61*421
2*3*3*3*127
2*2*3*823
18523
7*1889
2*2*5*167
2*19*233
2*5*853
2*2*23*89
2*7193
23603
2*2*3*3*7*11
13*619
3*3*3*3*7*53
2*17*23*29
3*3*3*7*7*23
7*7*181
3*4229
5*47*131
2*5*571
53*521
7*53*59
5*5*1223
2*3*3*1237
3*3*1987
3*3*3*7*7*11
2*2*743
2*2*2*7*79
3*5101
7*757
2*5*2311
19867
5*61*103
53*197
2*9973
2*2*37*37
3*2203
2*8839
2*2*2*2*2*911
3*3*7*227
2*2*4001
2*2*2*2*7*157
2*2*17*467
2*2*3*5*11*43
2*2*2*2*2*2*2*3*59
2*11*673
2*2*2*2*2*863
2*2*19*263
2*2*3*401
6089
3*6949
2*3*1489
2*2*2*19
32381
5*1439
23017
2*11*953
3*23*443
2*13043
3*5*11*11*17
5*7*311
2*3*13*151
3*3*37*89
2*3*3*3*11*11
2*7*677
11*2011
5*5*919
2*2*53*61
3*3*3*3*3*3*3*3
3*2833
19*277
3*8293
3*17*317
73*373
2*5*2399
5*1151
2*2*2*3*3*5*43
3*1231
2*2*2*5*727
3*6211
2*2*2*1997
25601
2*2*2*2*2*2*2*2*2*2*2*5
2*17*953
11821
3*3*29*41
3*3*13*13
3*10567
7*23*103
5*5*5*29
2*2*2*2617
5153
2*5*5*461
2*2*3*7*31
2*7159
43*643
15461
2*11*1103
2*2*2*2*2*2*7*13
2*17*691
149*163
3*3*1523
3*6823
7*4519
2*3*3*3*547
2*3*5*13*37
13*619
41*677
2*3*3*3*5*7*7
7*7*271
17*67
5*19*139
3*3*1289
30829
2*2*2*11*13*13
3*5*1231
23*607
3*3*2459
2*2*2*2*5*13*23
3*3*1877
19259
3*73*137
3*4243
3*13*607
13669
2*2*2*2*2*2*3*5*23
3*5717
17*1151
7*47*53
2*2*23*251
2*37*101
2*3*3*3*3*3*3*19
2*2*2*2*953
2*2*17*229
2*2*2*3*19*31
2*3*7*547
11399
13*439
2*11*853
2*2*2*53*53
11*23*61
2*7*113
2*14683
2*2*6373
3*6053
2*43*239
17077
2*3*5*829
2*7*2063
3*7*421
2*10453
47*367
3*3*3*3*13*23
5*3313
5*17*19
7*1997
2*4549
2*5*29*67
2*2*5*839
7*37*53
2*2*2*5*167
2*2*3109
2*2*2*19*139
2*2*3*599
2*2*6173
19*383
3*53*67
19*1091
2*7*509
7*19*151
11*1993
2*2*2*2*2*2*2*163
2*19*197
2*2*2*29*109
2*5*5*11*17
2*2*2*607
2*2*2*2*2*2*13*13
11*823
22247
29*751
2*4919
2*2*7993
2*3271
2*3*3*17*107
2*2*11*139
137*137
3539
19*1129
2*7*991
3*5*5*193
2*9623
43*541
31*359
5*7*691
7*2111
2*6829
2*2*2647
2*43*137
2*5*17*23
2*8429
5*7*7*11
3*3*1021
7*11*317
7*7*631
3*3*5*643
2*5*5*5*5*17
2*2*2*2*17*37
2*2*5*43
2*2*2*2*2*2*2*2*3*5
7*1229
2*12457
3*3*3581
2*2*2*37*79
2*4871
2*2*2389
2*2*3*7*11
13577
2*2*13*547
2*7*101
7*7*239
3*3*3*5*7*7
2*3*3*37*43
2*7*11*113
14797
2*3*3*7*7*29
7*1481
2*2*3881
29*991
28429
5*11*541
13*19*79
7*4057
19*853
71*367
17*1153
17*947
2*15053
3*3*3*5*193
29*797
13*13*139
17123
2*2*5393
3*3*13*179
149*149
2*9883
2*2*3*3*3*5*11
3*9227
12037
5*11*11*13
11*1093
2*19*751
2*2*2*5*727
2*3*3*3*307
2*2*3*7*353
7*2851
6091
2*2*3*3*613
5*3881
2*3*3181
2*3*3*23*73
3*3*3*7*19
13*1193
22469
5*5*67
3*5*5*421
29009
137*179
3*3*101
5*7*431
2*3*3*3*5*5*11
881
5*17*157
2*2*5*977
29921
5*7*43
2*3*7*7*7*7
3*11*29*29
14243
127*229
9277
179*181
2*2*1049
2*3*5*11*31
11*13*229
3*3*7*467
89*151
3*3*11*197
3*2579
15661
2*2*7229
2*2*2*2*2*953
3*3*3*5*163
2*7*13*167
2*2*2*5*421
2*2*2*2*2*23*37
2*3*2447
2*2609
2*2*397
5*7*17*17
2*2*3*13*193
20353
89*181
2*3*4363
2*2*2*829
2*8209
17729
21803
2*2*2*2*2*2*2*251
2*13*1013
18047
7*19*173
3*3*1093
28703
2*2*2*2*2*397
2*2*13*449
2*103*109
16699
18457
113*167
2*3*3*3*3*5*29
23*743
107*227
2*3*3*23*29
2*11*37
13*1103
3*19*29
107*281
19*29*47
3*3*7*7*67
2*2*2*5*5*5
2*2*2*947
2*3*3*3*79
11*1601
3*10663
2*2*2*2*2*5*23
2*3*1609
2*2*3*2699
19*1523
23*107
2*13*863
3*3*5*127
3*1171
37*191
2*2*2*3*3*3*73
2*2*2*739
47*607
3*7*29
3*3*3*5*5*31
3*3851
2*2*3*5
2*5*607
5*5*11*31
2*3*7*13*41
2*3*3*19*59
2*2*3*431
13*1997
2*2273
2*2*2*7*547
2*2*2*5*547
2*2*7103
3*3*1907
3*10723
2*3*3*7*7*19
3*31*113
2*2*2*3*3*3*3*3
2*2*5*11*73
2*16349
2*3*59*61
2*3*17*211
3*3*3*5*5*29
2*2*5*7*13
2*11*23*41
2*2*2657
2*3*3*5*277
2*41*211
3727
3*13*839
2*17*761
2*9929
3*17*29
3*23*199
2*2*2*3*653
59*419
4877
2*8699
2*2*1289
2*2*2*5*17
2*3*13*101
3*17*61
2*3*5*5*5
2*3*3*3*5*7*17
3*6043
6803
2*17*131
23911
2*2*2*3*593
2*2*1609
2*2*5*5*19
2*2*2*919
3*3*5*29
3*2267
7*277
2*2*2*5*521
2*3*4549
3*3*3*11*79
19*1049
2*3*5*307
2*2*3*3*19*23
2*2*2*7*199
3*13*647
4813
16481
13*2063
2*2*19*181
2*2*2*5*13*53
2*4027
5*59*61
2*2*2*2*19*43
2*3*1747
3*3*3*967
2*3*7*167
3*6967
2*2*2*3*3*71
2*2*2*2*17*37
3*3*5*617
3*5*631
2*31*421
3*11*307
3*5*797
2*3*3943
5*5*5*67
3*3*3119
23*509
3*3*3*3*13*17
5*11*491
3*11*29*31
3*2617
2*2*3*7*7*29
3*11*547
113*151
3*19*401
2*2*859
2*17*883
19*571
2*2*2*2*2*2*2*2*2*61
29*691
3*6679
2*2*6469
2*2*5*881
7*47
2*2*2*2*2*2*3*3*3*7
2*2*2*3*3*131
2*2*3*17*31
2*2*11*401
2*2*2*2*2*7*97
2*89*173
3*7703
2*2*2*2*2*7*83
7*13*197
2*2*3*11*53
2*3*17*17*17
2*2*2*3*983
3*3*7*29
2*2*2*2467
3*5*733
11*2287
22453
2*3*5443
2*2*571
83
3*5021
3*5783
2*37*239
29*911
2*3*19*59
19*227
787
41*307
2*2*2*2*2*2*2*3*61
521
2*7*1871
2*2*2*43*67
23509
953
2*3*727
2*2*2*2*2*5*61
7*17
2*2*2*2*11*43
2*3*3*23*43
37*557
2*3*5*757
5*5*499
7*53*53
2*2*3*617
2*2*2*2*701
2*2*3*3*19*37
2*3*3*3*5*17
2*12647
5*5*7*7*19
2*2*5*761
2*7*857
2*5*3041
2*2*2*3*11*59
9887
2*13*1151
53*431
2*3*5*7*127
2*2*1097
5*4153
5*37*47
3*13*269
5*5*97
13249
3*41*131
2*2*61*83
2*2*2*2*5*137
3*11*977
2*2*3*2447
5*11*359
30931
2*3*4649
2*5*719
5*1669
2*2*17*337
2*2*2*3727
31*233
14533
23*149
3*3*13*137
2*7867
2*2*2*3*1223
2*2*2*3*3*263
2*3*3*1409
2*3*317
2*2*2*167
2*5*17*139
13*13*61
2*2*3*41*61
3*7*613
3*8353
2*3*5381
2*2*3*3*11*29
3*3*3*19*53
2*2*2399
7*2593
3*3259
2*2*2*5*617
3*5953
2*3491
3*7*523
3*13*733
2*5*809
5*127
2*2*6661
2*2*5*17*31
2*2*2*41*97
12653
17*41*41
2*2*3*2251
2*3*3*3*59
2*5*17*113
2*47
2*8011
2*5*5*491
17789
19*929
13*37*43
5*5*607
2*3*4789
199
17117
3001
3*5*5*5*73
59*173
21977
2*3*4297
3*5*11*167
12899
29*389
2*2*4211
2*2*13*457
3*8741
13441
3*5*1657
2*5351
5*3833
2*2*2*7*397
6553
17*307
2*3*3*1553
79*113
2*2*7*7*11*13
3*3*653
5*7*911
2*3*3*1753
2*67*233
5*577
7*479
2*2*2*2*11*11*11
2*2*2*2*3*241
28687
2*5*23*79
3*3*7*7*7
8387
3*7*601
5*1087
2*3*3*991
2*13*691
2*3*3*3*409
2*2*2*3*3*5
2*2*2*3*97
7*3083
17*1559
3*3*5*439
2*3*13*281
2*5*1213
2*3*3*179
2*2*2*2*3*397
2*2*2*2*1447
2*2*2*3*7*7*19
