0 -1 22 22 6 27 13 -1 10 27 7 21 21 11 24 8 7 -1 19 16 6 21 15 -1 9 7 20 19 29 -1 12 17 16 7 16 14 -1 24 25 10 -1 
-1 0 25 32 2 22 22 43 23 20 69 60 14 18 20 44 43 -1 26 15 37 27 31 38 19 3 13 29 15 -1 8 12 47 13 17 10 -1 27 24 18 -1 
-1 -1 0 30 31 48 30 -1 31 -1 -1 -1 53 54 8 -1 -1 -1 35 35 -1 -1 46 -1 -1 32 -1 -1 -1 -1 37 33 44 37 33 28 -1 35 44 31 -1 
-1 -1 -1 0 -1 -1 15 -1 81 -1 -1 -1 -1 37 -1 -1 -1 -1 26 8 -1 -1 -1 -1 -1 38 -1 -1 -1 -1 -1 3 -1 7 18 31 -1 20 17 11 -1 
-1 -1 -1 48 0 -1 21 -1 44 -1 -1 -1 22 23 -1 -1 -1 -1 30 56 -1 -1 -1 -1 -1 1 -1 -1 -1 -1 6 11 -1 11 15 8 -1 30 65 33 -1 
-1 -1 -1 17 -1 0 10 -1 49 -1 -1 -1 -1 54 38 -1 -1 -1 24 3 -1 -1 -1 -1 -1 55 -1 -1 -1 -1 -1 20 74 21 13 26 -1 15 12 6 -1 
-1 -1 -1 -1 -1 -1 0 -1 -1 -1 -1 -1 -1 -1 -1 -1 -1 -1 20 -1 -1 -1 -1 -1 -1 -1 -1 -1 -1 -1 -1 -1 -1 32 3 -1 -1 -1 -1 42 -1 
-1 -1 9 5 11 12 12 0 11 4 -1 17 15 15 17 7 57 -1 19 13 19 13 3 -1 33 12 22 31 25 -1 10 8 9 11 11 12 -1 25 22 16 -1 
-1 -1 -1 -1 -1 -1 55 -1 0 -1 -1 -1 -1 81 -1 -1 -1 -1 47 -1 -1 -1 -1 -1 -1 -1 -1 -1 -1 -1 -1 57 -1 28 58 38 -1 40 -1 56 -1 
-1 -1 5 35 22 53 25 -1 7 0 -1 -1 22 22 13 -1 -1 -1 26 40 -1 -1 51 -1 -1 8 -1 -1 -1 -1 6 11 49 7 17 8 -1 30 29 35 -1 
-1 -1 16 15 5 20 6 -1 13 28 0 -1 17 20 17 1 26 -1 20 23 20 14 8 -1 2 6 16 12 -1 -1 8 10 35 12 9 10 -1 17 32 20 -1 
-1 -1 12 31 1 32 19 -1 16 51 -1 0 3 7 20 39 51 -1 11 18 8 15 13 -1 27 2 34 28 8 -1 7 9 40 12 16 9 -1 28 27 18 -1 
-1 -1 -1 -1 -1 -1 16 -1 -1 -1 -1 -1 0 4 -1 -1 -1 -1 12 -1 -1 -1 -1 -1 -1 -1 -1 -1 -1 -1 -1 6 -1 17 16 26 -1 -1 -1 18 -1 
-1 -1 -1 -1 -1 -1 -1 -1 -1 -1 -1 -1 -1 0 -1 -1 -1 -1 8 -1 -1 -1 -1 -1 -1 -1 -1 -1 -1 -1 -1 -1 -1 -1 12 -1 -1 -1 -1 14 -1 
-1 -1 -1 -1 -1 -1 22 -1 23 -1 -1 -1 -1 80 0 -1 -1 -1 27 27 -1 -1 -1 -1 -1 47 -1 -1 -1 -1 -1 39 36 36 25 20 -1 39 36 23 -1 
-1 -1 44 36 4 19 5 -1 32 39 -1 -1 23 24 52 0 -1 -1 25 22 -1 -1 68 -1 -1 5 26 -1 -1 -1 7 12 88 11 8 9 -1 31 31 19 -1 
-1 -1 23 37 22 37 23 -1 17 20 -1 -1 14 18 31 18 0 -1 26 40 42 -1 47 -1 -1 23 13 35 -1 -1 20 20 9 8 26 22 -1 32 49 25 -1 
45 -1 28 24 24 31 25 19 13 23 45 34 21 18 30 20 26 0 25 32 33 32 22 14 47 25 31 25 42 -1 14 19 28 19 25 16 59 30 13 32 25 
-1 -1 -1 -1 -1 -1 -1 -1 -1 -1 -1 -1 -1 -1 -1 -1 -1 -1 0 -1 -1 -1 -1 -1 -1 -1 -1 -1 -1 -1 -1 -1 -1 -1 -1 -1 -1 -1 -1 -1 -1 
-1 -1 -1 -1 -1 -1 7 -1 -1 -1 -1 -1 -1 53 -1 -1 -1 -1 27 0 -1 -1 -1 -1 -1 -1 -1 -1 -1 -1 -1 42 -1 18 10 23 -1 12 9 3 -1 
-1 -1 16 37 47 64 17 -1 46 84 -1 -1 44 5 24 45 -1 -1 13 10 0 -1 62 -1 -1 3 43 -1 -1 -1 46 40 60 28 17 33 -1 22 19 13 -1 
-1 -1 41 21 28 43 11 -1 16 36 -1 -1 9 13 23 24 -1 -1 21 23 26 0 4 -1 -1 29 24 18 -1 -1 3 8 42 8 14 5 -1 23 32 26 -1 
-1 -1 -1 -1 -1 -1 9 -1 33 -1 -1 -1 57 12 -1 -1 -1 -1 20 -1 -1 -1 0 -1 -1 45 -1 -1 -1 -1 41 5 -1 16 12 43 -1 65 -1 26 -1 
-1 -1 14 10 10 17 11 5 16 9 31 22 20 4 22 6 12 -1 12 18 24 18 8 0 33 11 25 26 30 -1 13 13 14 16 14 9 -1 30 27 18 -1 
-1 -1 34 13 39 42 28 -1 11 36 -1 -1 15 19 15 42 24 -1 27 21 18 -1 56 -1 0 21 14 10 -1 -1 21 16 33 20 31 23 -1 15 30 24 -1 
-1 -1 -1 -1 -1 -1 20 -1 43 -1 -1 -1 -1 81 -1 -1 -1 -1 31 -1 -1 -1 -1 -1 -1 0 -1 -1 -1 -1 -1 40 -1 51 14 81 -1 83 -1 62 -1 
-1 -1 -1 26 25 39 17 -1 48 -1 -1 -1 1 5 49 -1 -1 -1 13 31 -1 -1 42 -1 -1 26 0 -1 -1 -1 7 7 85 12 17 9 -1 19 40 12 -1 
-1 -1 24 3 31 45 18 -1 21 92 -1 -1 7 11 5 53 -1 -1 19 11 8 -1 48 -1 -1 11 6 0 -1 -1 13 6 41 10 21 15 -1 5 20 14 -1 
-1 -1 53 33 40 24 23 -1 8 48 -1 -1 21 25 35 36 70 -1 33 27 38 12 16 -1 46 14 36 30 0 -1 15 7 32 18 26 17 -1 20 36 10 -1 
-1 5 14 10 7 17 15 5 15 9 9 16 19 8 22 10 35 -1 13 13 3 18 8 43 11 6 18 21 7 0 13 13 14 16 16 8 -1 10 4 16 -1 
-1 -1 -1 -1 -1 -1 19 -1 -1 -1 -1 -1 16 17 -1 -1 -1 -1 24 -1 -1 -1 -1 -1 -1 -1 -1 -1 -1 -1 0 5 -1 5 11 2 -1 24 -1 31 -1 
-1 -1 -1 -1 -1 -1 -1 -1 -1 -1 -1 -1 -1 41 -1 -1 -1 -1 30 -1 -1 -1 -1 -1 -1 -1 -1 -1 -1 -1 -1 0 -1 11 31 -1 -1 -1 -1 39 -1 
-1 -1 -1 -1 -1 -1 63 -1 8 -1 -1 -1 -1 73 -1 -1 -1 -1 55 -1 -1 -1 -1 -1 -1 -1 -1 -1 -1 -1 -1 32 0 36 63 46 -1 48 -1 64 -1 
-1 -1 -1 -1 -1 -1 -1 -1 -1 -1 -1 -1 -1 -1 -1 -1 -1 -1 19 -1 -1 -1 -1 -1 -1 -1 -1 -1 -1 -1 -1 -1 -1 0 -1 -1 -1 -1 -1 28 -1 
-1 -1 -1 -1 -1 -1 -1 -1 -1 -1 -1 -1 -1 -1 -1 -1 -1 -1 17 -1 -1 -1 -1 -1 -1 -1 -1 -1 -1 -1 -1 -1 -1 -1 0 -1 -1 -1 -1 -1 -1 
-1 -1 -1 -1 -1 -1 17 -1 -1 -1 -1 -1 -1 60 -1 -1 -1 -1 37 -1 -1 -1 -1 -1 -1 -1 -1 -1 -1 -1 -1 19 -1 21 20 0 -1 -1 -1 49 -1 
1 -1 19 23 7 27 2 -1 11 28 8 22 22 12 25 9 8 -1 5 17 7 15 16 -1 10 8 21 20 3 -1 13 10 17 8 5 15 0 23 26 11 -1 
-1 -1 -1 -1 -1 -1 -1 -1 -1 -1 -1 -1 -1 41 -1 -1 -1 -1 45 -1 -1 -1 -1 -1 -1 -1 -1 -1 -1 -1 -1 -1 -1 -1 53 -1 -1 0 -1 55 -1 
-1 -1 -1 -1 -1 -1 23 -1 -1 -1 -1 -1 -1 74 -1 -1 -1 -1 43 -1 -1 -1 -1 -1 -1 -1 -1 -1 -1 -1 -1 33 -1 35 26 14 -1 -1 0 44 -1 
-1 -1 -1 -1 -1 -1 -1 -1 -1 -1 -1 -1 -1 -1 -1 -1 -1 -1 -1 -1 -1 -1 -1 -1 -1 -1 -1 -1 -1 -1 -1 -1 -1 -1 -1 -1 -1 -1 -1 0 -1 
20 -1 21 17 10 41 28 -1 14 24 27 9 12 16 11 27 27 -1 8 25 17 24 22 -1 29 11 39 33 17 -1 16 14 6 21 25 18 34 31 25 9 0 
