-0.000000
-0.018316
-0.000000
-0.000000
0.000335
0.000000
0.000006
0.000000
0.000000
0.000000
0.000912
0.000001
-0.000000
0.000000
-0.000000
-0.000001
0.018316
-0.000000
0.000000
0.049787
-0.000000
0.000000
0.000045
0.006738
0.000000
0.000912
-0.135335
0.000000
0.367879
0.000335
-0.002479
0.000000
-0.000000
-0.000000
-0.000912
0.000000
-0.000000
-0.000000
0.000912
0.367879
0.000000
-0.000000
-0.000000
-0.000000
0.000017
0.006738
-0.000000
-0.000000
-0.000000
-0.000000
-0.049787
-0.000000
1.000000
-0.000006
0.000000
0.000000
0.000000
-0.000000
0.000000
-0.000000
0.000000
-0.000000
-0.000000
0.000002
-0.000000
0.000000
-0.000000
-0.000001
-0.000000
0.002479
-0.000000
-0.000000
-0.000000
0.000335
0.000000
0.000000
-0.000000
0.000000
0.000000
0.002479
0.000000
0.000000
0.000000
0.018316
0.000123
0.000006
0.000001
-0.000000
-0.000000
0.000000
0.000000
0.002479
-0.000000
-0.002479
-0.000000
-0.000000
0.000000
-0.000000
0.000000
0.006738
