1 356 74
3 588 21
5 317 70
17 349 91
21 43 92
27 387 78
35 125 22
36 54 25
37 629 16
38 790 57
40 142 88
52 803 58
57 318 20
68 258 16
68 555 87
75 688 37
84 364 54
88 120 72
88 660 49
90 172 6
92 862 25
94 150 79
95 514 24
101 777 54
105 333 68
145 323 56
145 421 98
149 506 18
153 320 35
157 31 42
162 478 10
165 753 80
168 476 59
177 351 59
195 76 40
211 194 71
216 211 93
225 692 73
234 265 28
254 186 32
288 81 21
307 160 54
333 387 35
372 670 73
379 361 5
381 515 31
385 218 76
391 531 19
396 247 94
400 13 32
402 868 4
406 121 95
412 13 11
412 236 63
418 894 100
428 664 99
448 301 66
466 519 28
467 228 83
468 134 99
485 294 31
486 351 97
500 350 26
501 482 33
501 770 89
503 859 70
504 426 32
516 1 63
518 688 59
522 588 90
