3 307 57
4 367 18
9 965 77
14 800 40
22 870 66
27 664 99
35 881 98
36 715 55
52 992 98
55 154 44
56 75 84
56 946 38
75 992 38
77 648 44
101 280 89
105 753 5
132 179 9
136 765 3
159 12 1
169 272 92
170 420 37
178 981 32
204 691 90
205 210 33
215 164 99
227 610 42
228 140 5
228 639 11
231 429 56
245 632 48
251 575 67
260 65 29
260 126 89
274 866 9
287 405 81
292 337 56
298 533 82
304 248 42
304 921 86
311 686 5
325 22 43
329 3 5
334 259 65
343 36 65
359 353 90
361 84 84
364 122 55
372 630 98
379 582 17
419 745 75
449 269 55
456 239 51
458 137 71
458 214 97
459 72 35
479 884 9
506 713 23
511 284 83
521 50 7
531 73 25
547 373 4
556 78 82
561 981 75
579 145 90
589 654 45
602 753 70
620 347 48
622 638 9
636 131 21
670 931 25
696 615 95
713 425 4
725 824 92
726 303 62
736 782 20
751 630 65
759 334 8
760 212 36
765 602 69
767 770 10
770 953 87
775 444 32
785 436 8
789 548 70
795 695 10
800 122 10
808 351 98
840 732 9
843 582 46
858 670 90
860 597 27
863 991 48
877 305 71
900 670 56
908 182 21
929 353 31
939 442 26
946 906 7
953 246 47
977 405 30
