A
BC
DEF
GHIJ
KLMNO
PQRSTU
VWXYZAB
CDEFGHIJ
KLMNOPQRS
TUVWXYZABC
DEFGHIJKLMN
OPQRSTUVWXYZ
ABCDEFGHIJKLM
NOPQRSTUVWXYZA
BCDEFGHIJKLMNOP
QRSTUVWXYZABCDEF
GHIJKLMNOPQRSTUVW
XYZABCDEFGHIJKLMNO
PQRSTUVWXYZABCDEFGH
IJKLMNOPQRSTUVWXYZAB
CDEFGHIJKLMNOPQRSTUVW
XYZABCDEFGHIJKLMNOPQRS
TUVWXYZABCDEFGHIJKLMNOP
QRSTUVWXYZABCDEFGHIJKLMN
OPQRSTUVWXYZABCDEFGHIJKLM
NOPQRSTUVWXYZABCDEFGHIJKLM
NOPQRSTUVWXYZABCDEFGHIJKLMN
OPQRSTUVWXYZABCDEFGHIJKLMNOP
QRSTUVWXYZABCDEFGHIJKLMNOPQRS
TUVWXYZABCDEFGHIJKLMNOPQRSTUVW
XYZABCDEFGHIJKLMNOPQRSTUVWXYZAB
CDEFGHIJKLMNOPQRSTUVWXYZABCDEFGH
IJKLMNOPQRSTUVWXYZABCDEFGHIJKLMNO
PQRSTUVWXYZABCDEFGHIJKLMNOPQRSTUVW
XYZABCDEFGHIJKLMNOPQRSTUVWXYZABCDEF
GHIJKLMNOPQRSTUVWXYZABCDEFGHIJKLMNOP
QRSTUVWXYZABCDEFGHIJKLMNOPQRSTUVWXYZA
BCDEFGHIJKLMNOPQRSTUVWXYZABCDEFGHIJKLM
NOPQRSTUVWXYZABCDEFGHIJKLMNOPQRSTUVWXYZ
ABCDEFGHIJKLMNOPQRSTUVWXYZABCDEFGHIJKLMN
