7

535

276

115

498

610

458

205

673

452

435

174

29

137

428

377

0

142

649

264

22

292

98

409

509

235

71

287

567

142

350

7

568

621

397

306

361

0

334

101

279

471

149

78

163

526

511

260

211

81

315

162

361

599

541

280

321

282

220

31

263

390

498

425

225

61

206

182

28

379

294

344

500

475

128

472

213

579

378

287

453

241

24

250

346

97

196

489

473

189

189

368

281

210

569

364

477

27

533

615
