0
0
0
3
0
1
2
2
2
9
0
1
1
12
12
0
6
13
2
6
6
16
16
16
21
2
7
18
24
0
3
3
10
15
23
23
23
32
10
10
25
35
10
26
0
4
12
40
4
41
4
14
24
33
45
45
0
5
26
36
0
17
38
52
6
18
18
18
18
18
58
0
0
8
21
62
21
21
21
41
8
22
22
55
22
56
56
73
73
0
9
9
9
9
50
50
50
64
82
9
28
28
53
68
87
87
28
54
54
54
72
0
0
74
74
96
96
0
75
75
99
75
75
101
101
0
13
33
33
79
61
80
108
108
0
34
110
0
35
65
65
86
86
116
116
15
15
15
15
15
70
122
15
71
94
125
125
125
125
15
72
72
72
15
43
43
43
15
15
45
79
106
138
138
0
16
47
82
82
16
16
49
114
0
17
51
51
89
119
153
51
90
90
122
