0
0
2
3
0
2
4
6
6
0
3
6
9
13
3
7
0
4
4
10
18
20
20
0
0
22
6
21
0
0
8
16
22
29
29
0
9
18
29
0
26
26
36
0
27
0
0
0
14
24
32
40
40
32
41
14
14
34
0
0
0
37
17
30
30
40
17
17
42
62
62
0
18
18
18
36
47
47
47
0
64
72
19
19
66
75
75
0
20
0
42
42
42
81
42
57
74
0
75
0
44
0
89
45
45
63
81
45
82
24
83
97
0
0
26
86
86
0
87
87
87
27
88
88
109
51
71
71
91
91
91
115
115
115
27
27
53
74
0
0
0
98
123
0
57
57
80
127
127
127
0
32
59
59
59
59
0
60
60
111
89
89
139
