0
0
2
3
2
3
4
4
3
3
9
9
2
4
8
12
12
12
12
8
13
0
5
5
5
5
13
13
20
5
13
15
0
4
7
7
19
19
19
7
31
31
31
7
19
7
20
4
21
21
21
28
28
8
22
22
44
4
4
10
10
4
11
28
38
52
28
53
0
5
30
30
43
0
6
6
33
62
0
7
7
19
37
52
0
20
20
40
40
73
73
40
58
8
21
60
78
0
9
9
24
46
65
84
9
9
26
9
9
51
90
90
0
0
11
31
0
0
77
77
98
0
34
79
79
102
14
14
36
105
105
14
63
63
63
86
86
86
0
15
114
114
65
89
0
90
16
91
120
16
42
69
16
43
96
43
72
