0
1
2
3
4
2
2
5
0
0
3
3
9
0
4
11
0
5
5
11
19
11
16
0
12
18
24
24
6
6
26
30
30
30
0
7
28
7
17
30
0
0
0
10
34
34
0
11
30
37
46
0
0
0
14
27
35
35
14
28
37
47
57
37
37
59
14
29
29
40
40
64
64
0
15
31
31
44
69
69
69
0
16
33
72
72
0
0
18
18
18
38
38
38
55
71
0
39
39
39
75
75
0
20
41
78
92
0
21
21
65
82
97
97
0
0
23
68
0
69
103
103
103
24
49
71
49
72
93
109
109
49
49
74
0
25
51
77
100
100
100
119
51
101
121
121
0
0
27
54
125
0
55
84
108
0
56
110
110
133
0
30
30
59
59
91
116
0
92
92
143
0
0
0
0
64
97
35
126
126
126
0
36
67
101
157
36
68
68
36
36
135
0
0
165
165
165
