0
1
2
3
3
1
1
3
3
6
6
8
6
9
12
12
0
0
3
9
16
3
17
17
3
8
8
20
3
3
19
19
24
24
0
0
5
5
14
24
0
15
15
15
15
25
30
0
7
39
0
18
0
30
0
0
21
33
47
21
41
0
0
23
23
23
39
39
0
0
15
26
26
44
54
63
0
0
28
57
57
57
0
70
0
0
20
51
51
63
76
20
33
33
20
67
81
81
20
35
57
20
20
37
37
74
89
89
0
21
39
64
64
79
95
0
0
0
24
24
84
84
24
45
45
72
24
46
74
91
110
110
91
91
91
24
24
48
77
77
77
119
119
0
0
0
27
52
124
27
27
126
126
0
55
0
0
88
131
0
132
