-1
205849145
-1
-1
544234555
82437127
-1
733753534
-1
408537062
404692712
268333756
-1
197123275
-1
566374548
361107493
-1
509308152
-1
41430136
160421783
34773044
648957067
-1
141414009
593675857
337871230
764299328
196790001
287271183
963478194
319980100
-1
543589419
452437250
-1
544730091
561964771
552928973
-1
-1
-1
223319844
-1
345535358
-1
292766193
155717042
-1
119641352
333839315
201185358
726151837
124821398
-1
59641537
-1
41150345
-1
-1
382752038
-1
479699461
106913911
-1
-1
756877226
81994534
-1
-1
864490992
-1
-1
132056083
-1
-1
243714032
830689778
132662120
-1
-1
33444356
-1
191421826
163770101
530325528
-1
-1
101229144
-1
-1
-1
-1
369473217
165620330
-1
-1
-1
32033073
24562824
747843318
511735482
254549379
217072370
87041832
701202837
12583963
38556132
-1
643690684
-1
518421118
56116117
-1
73552820
-1
25358060
160197483
-1
54804641
-1
596369848
-1
-1
-1
227408427
-1
-1
-1
-1
-1
632455935
679765747
-1
586200980
-1
484941611
-1
-1
-1
741005239
-1
235840991
-1
578538834
-1
-1
50676327
626913834
-1
-1
-1
383819452
-1
-1
32884694
-1
587264166
191174367
69037196
18130033
638709726
242349090
-1
22903393
-1
602544673
-1
-1
-1
166026740
-1
-1
-1
-1
-1
546814652
250275000
-1
737084413
-1
120990091
19936674
544138649
928311697
-1
-1
819623522
872387884
136310046
406742492
-1
-1
618181588
221894698
-1
637822608
-1
97139458
551089443
-1
230250003
137852343
37513228
-1
272680645
-1
344083330
19442736
364393466
-1
-1
-1
33486909
-1
-1
-1
123141408
417987880
351615941
-1
-1
-1
-1
61682261
-1
-1
417668021
622440927
-1
-1
-1
-1
89952601
-1
-1
451450186
863555375
-1
-1
253258299
-1
-1
669079852
-1
412363286
136956526
572176957
-1
674273516
-1
661931491
585590163
825189297
-1
-1
-1
-1
271120709
-1
-1
-1
-1
-1
-1
426466983
-1
526348789
-1
-1
107929302
-1
78575875
-1
-1
-1
79595404
330597756
56817961
164374791
-1
-1
422770872
170782707
-1
-1
-1
209834889
476777789
499390283
-1
384782040
-1
152335260
-1
-1
-1
30235959
-1
-1
-1
-1
208966070
418145456
-1
637079620
-1
-1
-1
-1
-1
-1
141901954
-1
97893464
-1
657075533
-1
-1
199448242
-1
-1
-1
252472254
328097532
250771548
-1
818005560
-1
364553030
-1
-1
-1
161007491
650855504
275973657
-1
-1
-1
115224586
-1
-1
-1
505134219
247105147
-1
-1
830852708
-1
783380596
514238934
273219536
-1
663966860
-1
-1
-1
-1
296356676
-1
-1
-1
140656078
653717986
674409253
-1
4182230
363518068
40114241
197811235
-1
-1
-1
-1
-1
210344982
-1
245038513
-1
-1
-1
-1
305374655
-1
243525106
115903419
-1
-1
-1
208041240
-1
-1
611598551
97502666
-1
-1
407569368
862756916
-1
-1
-1
-1
101095913
359158517
-1
-1
241267257
65432385
-1
631548536
270209942
-1
338572468
273535280
-1
261367170
505824547
-1
-1
-1
241027880
424640244
-1
-1
-1
132957148
-1
57678493
-1
-1
-1
-1
-1
-1
96432888
-1
-1
471416034
19101743
383484703
-1
292590130
921089714
-1
-1
153064347
-1
-1
-1
-1
-1
359819193
80397236
685927966
483769376
704620862
38745106
-1
-1
-1
597698505
780151440
185804769
125720111
-1
-1
281391355
63093156
360916915
8324948
163769202
336410021
-1
279730580
72600561
-1
-1
-1
-1
-1
16051670
287291089
306787942
-1
-1
-1
215718172
320667406
126679082
595893696
514541236
-1
15894058
176066872
-1
-1
-1
419400247
-1
611050339
-1
-1
-1
243082723
-1
511790888
6135731
-1
-1
401847535
-1
234872053
-1
23140256
-1
-1
432938404
137294094
297191394
22055154
-1
-1
-1
-1
-1
473712863
-1
70843290
48685897
-1
-1
-1
-1
-1
161239092
116218114
-1
144788820
-1
519030422
-1
350697445
211926580
-1
-1
72325574
168219181
235100280
970362399
888311978
414378868
436592598
-1
-1
-1
-1
-1
-1
438845944
29381762
248209913
157116177
-1
111106777
56761961
165105485
11673605
304557962
535904064
216801963
-1
211273908
668429954
-1
-1
-1
-1
540888
295356483
-1
-1
151246819
-1
-1
-1
6848480
401393444
-1
-1
155885740
-1
-1
-1
254717929
439172663
-1
-1
50827593
-1
-1
637782858
-1
-1
-1
163748774
415378544
38514998
492430141
819863984
553550514
-1
-1
298102646
-1
81078309
359638534
-1
-1
-1
-1
-1
607456392
397267797
257624600
-1
-1
222455620
-1
-1
-1
-1
221173975
-1
-1
168981003
-1
-1
-1
400377457
579438339
-1
373530351
144773698
225268082
-1
-1
61978067
203634502
-1
-1
79049835
47990977
-1
295414197
568486289
42857562
361981989
-1
55966738
386416580
-1
-1
-1
-1
-1
717365683
-1
-1
352224547
-1
312018235
23650651
-1
169567123
-1
-1
192135208
-1
-1
-1
-1
-1
-1
358232789
157991536
224600374
279765630
28136499
51484224
26321889
189407776
-1
-1
383651131
352818467
-1
311961090
-1
-1
-1
-1
-1
-1
6174319
-1
-1
351498082
69273311
48652090
32238708
-1
-1
427311884
-1
-1
-1
-1
366569530
-1
413303140
-1
490971405
365315640
-1
166263012
220302577
14381045
20069197
-1
494344075
259805251
59311318
227082962
-1
338922830
322051439
77556311
108582804
87513080
-1
5444531
-1
-1
295483844
-1
63517294
-1
-1
-1
-1
389336921
467873533
-1
888240235
-1
-1
-1
-1
-1
-1
472785031
-1
136427738
-1
271442749
-1
365128852
65659750
501179532
-1
180247321
-1
563188619
-1
-1
501738533
-1
-1
-1
-1
305975358
-1
139405439
49394730
-1
-1
-1
292629509
-1
-1
199630359
-1
-1
326079093
549243101
-1
86797594
90889429
273687915
-1
-1
-1
-1
-1
-1
28724940
-1
-1
-1
49381654
-1
-1
-1
-1
-1
445678986
-1
609886112
-1
-1
-1
184663667
-1
460834234
-1
-1
-1
-1
13625334
398389855
-1
197020120
358070705
-1
-1
-1
-1
661042235
-1
-1
886197717
306846515
-1
-1
-1
553000378
207288910
-1
-1
532033530
208299018
-1
403398281
-1
195555526
-1
189623514
125701386
-1
-1
-1
349281870
-1
-1
-1
373743776
182586018
-1
-1
-1
-1
-1
-1
4740776
-1
-1
-1
-1
53903201
580272627
343758255
392263608
131881281
253830812
101313163
-1
-1
-1
-1
60697146
-1
-1
-1
899035384
147118506
101866972
-1
-1
611138212
24513144
198842305
-1
65463941
314778356
-1
-1
-1
131528851
-1
79021438
-1
387028033
-1
-1
-1
79595928
-1
-1
-1
-1
-1
-1
427165457
-1
8958413
279629934
-1
314318946
122677508
442476634
-1
-1
189033082
162520321
-1
-1
-1
-1
449835432
252730647
580945745
625609925
238318760
-1
-1
665752774
745632341
-1
-1
761474544
-1
-1
-1
251260616
412911826
12619239
-1
79389899
121197547
223922954
-1
-1
-1
174781545
363631108
-1
425883698
-1
-1
57582338
-1
3322671
-1
312725245
-1
226874058
-1
44148467
-1
681987257
11275220
-1
85694462
-1
17149044
61096106
-1
528969472
335162471
-1
410065421
461888791
-1
564050181
-1
103558747
-1
-1
-1
-1
9677407
314825461
-1
200410119
5069485
-1
209049024
7955219
200270068
647360494
389964710
179523233
-1
-1
119844253
-1
-1
152470594
-1
-1
-1
169450300
844031194
-1
-1
-1
-1
26600658
568374738
26985564
-1
-1
-1
-1
-1
193233119
216941121
113845581
-1
53367560
310627269
-1
498957276
-1
51877821
439615920
900252783
-1
-1
-1
259789710
513140404
96996404
22007766
102012509
-1
406962175
67339881
-1
42403752
-1
-1
557858067
-1
-1
912506913
-1
-1
554272496
30691315
-1
65848086
490631071
-1
-1
697604323
166066290
-1
-1
742517428
-1
-1
-1
319029882
-1
80044390
367916334
555992872
-1
-1
-1
-1
239293741
395073123
-1
-1
-1
9002372
-1
-1
423569861
-1
27898416
-1
-1
-1
858030936
-1
-1
-1
691342930
96004551
405104243
-1
463124331
-1
-1
-1
-1
-1
-1
-1
258246334
-1
209155988
-1
-1
104077987
849032787
386417255
307385888
-1
-1
-1
-1
132247565
-1
466316377
253806902
254943552
372434104
-1
79372831
-1
53486027
-1
-1
-1
918744302
-1
-1
642703073
-1
66087200
424617236
218637661
328697517
447765262
273421659
-1
-1
354985712
18199122
-1
-1
491077710
127838598
-1
-1
-1
140826019
-1
-1
-1
352514611
20540344
419292209
-1
424857910
361096289
-1
-1
-1
-1
194678505
-1
436623532
-1
-1
-1
-1
-1
-1
-1
-1
-1
689645255
-1
-1
-1
751272324
-1
215944339
-1
-1
-1
-1
15075678
-1
-1
-1
-1
491224899
239665234
-1
-1
-1
462693488
-1
-1
-1
-1
22544827
-1
-1
-1
-1
23309958
-1
-1
732309654
-1
140946678
-1
231623946
-1
10375795
-1
624250753
590174052
-1
693355394
184741337
163258229
359515938
-1
349457099
-1
26894511
-1
-1
3088224
-1
-1
134028586
-1
-1
-1
-1
120985449
-1
-1
606458531
587611370
66199020
-1
-1
-1
-1
520951323
259286400
60841074
-1
543170491
-1
158889906
-1
-1
90351589
-1
-1
-1
-1
-1
-1
-1
-1
-1
513116437
-1
252271200
-1
-1
303072278
-1
666257408
-1
-1
196877785
-1
-1
156910219
-1
-1
-1
-1
-1
213478440
-1
-1
244888500
-1
-1
317761068
326408541
138577572
-1
-1
215101821
-1
197320804
-1
198142106
-1
450560146
-1
-1
-1
135469544
-1
-1
126389334
-1
-1
-1
103319154
265711174
548786388
-1
761103567
79217260
-1
-1
149472357
273007732
-1
107446277
161394345
509449284
-1
-1
-1
-1
-1
-1
617403491
-1
314565912
-1
415799878
741488318
183942631
-1
293306521
520769138
80146069
388322139
368053010
-1
-1
561572676
25796474
-1
440901172
-1
-1
-1
410336049
133367257
-1
625870927
-1
-1
-1
-1
384161019
800376454
-1
183787417
-1
-1
399295181
-1
-1
-1
-1
397968400
243858943
61585611
627539724
42595960
210858475
-1
-1
-1
-1
-1
260029157
172764189
-1
919504399
-1
-1
419495742
872959848
155379979
46443017
239267828
-1
55959240
85826063
-1
-1
682248511
95538239
-1
445011654
-1
-1
-1
-1
704606025
-1
424825453
223972538
-1
21148925
826239043
-1
-1
-1
498447016
55613519
-1
-1
427703570
-1
-1
-1
-1
-1
-1
-1
-1
67728046
-1
-1
-1
-1
480742296
750857709
855131485
-1
-1
-1
533891567
-1
-1
-1
-1
297206936
-1
-1
54683553
522127298
-1
49523846
79614602
-1
-1
177225295
-1
-1
-1
-1
230595300
-1
-1
-1
118891740
-1
186063347
-1
-1
390892301
84235832
-1
-1
-1
-1
-1
-1
-1
-1
-1
-1
-1
328514550
524285243
13652649
-1
304214500
-1
520663402
159529367
-1
-1
31356297
-1
-1
206627358
-1
-1
-1
-1
-1
-1
-1
-1
-1
70135779
-1
-1
455039920
-1
-1
-1
-1
193098186
-1
100549975
-1
92124149
-1
81018739
72359537
-1
-1
-1
-1
616752388
-1
-1
704674290
7307383
79233726
-1
-1
-1
-1
251219396
245457875
-1
-1
-1
294058302
538322785
-1
-1
125656604
326278687
-1
-1
-1
341205489
-1
117453425
-1
-1
-1
-1
-1
27174900
-1
108383210
302037071
261854678
266892936
220173185
-1
137103705
-1
-1
334204561
-1
-1
684573543
149928155
-1
-1
-1
297835655
-1
-1
402659127
-1
469147724
737289172
656077909
556177281
-1
125286400
-1
394394084
351709553
-1
605164543
-1
219816243
85272251
-1
-1
-1
-1
94299589
-1
382964059
-1
484181993
-1
-1
-1
-1
501865071
-1
-1
-1
-1
610519535
667828115
-1
-1
-1
-1
596586071
-1
-1
224550119
-1
-1
323602314
213996250
-1
-1
-1
103987365
-1
20070014
875748840
470846068
-1
115184441
-1
-1
252562592
-1
-1
-1
262492562
489437913
-1
-1
-1
-1
189145950
-1
-1
679168392
-1
-1
302658042
-1
-1
-1
-1
553177633
495884618
-1
531905085
-1
-1
-1
-1
168170016
-1
-1
178357625
437295252
-1
-1
-1
-1
-1
241778634
495730538
798179037
-1
-1
307707389
221499209
-1
-1
-1
-1
-1
-1
-1
-1
183826227
-1
-1
409797867
-1
268261662
120606183
-1
392409848
595636248
915082888
515635297
-1
491739490
38383188
-1
-1
-1
-1
-1
-1
-1
275517635
11992328
-1
-1
-1
-1
-1
-1
71177968
295077358
-1
161836172
-1
-1
-1
15279303
-1
-1
56893875
-1
108928862
-1
-1
-1
-1
-1
-1
495233343
-1
-1
-1
-1
-1
516959910
55418614
132066707
90632449
-1
-1
-1
-1
-1
-1
-1
-1
18890166
202855197
495848630
-1
-1
107832123
135692210
-1
870768934
-1
-1
98747269
25356327
429124648
-1
-1
251407964
184307595
284099528
-1
-1
-1
-1
-1
-1
-1
-1
-1
-1
346972308
-1
-1
-1
-1
-1
-1
-1
581561993
600425243
-1
-1
358968475
-1
-1
-1
-1
323018458
-1
-1
177803782
-1
459272979
-1
501446291
-1
2756144
-1
264789315
-1
-1
531401166
-1
-1
-1
-1
-1
266205338
-1
-1
186007835
145618818
-1
-1
-1
245991060
-1
517808390
-1
156221296
173261445
-1
-1
-1
-1
87527780
600699803
-1
-1
-1
-1
479828640
-1
-1
147588355
84673659
-1
508314892
-1
-1
717192327
-1
9009579
428493567
-1
170332782
-1
362484699
91131949
-1
-1
-1
194112313
190675332
68108622
602194012
-1
-1
-1
-1
165658615
431736517
-1
-1
-1
-1
-1
-1
-1
-1
-1
-1
-1
-1
-1
250869991
432046264
-1
-1
-1
-1
-1
376725225
192802753
141094408
128077387
-1
120434675
547759042
849932892
669200570
-1
-1
101765062
-1
-1
-1
10470274
-1
-1
259278217
-1
123696923
73212553
163251889
