-1
-1
144997936
131621674
19935130
-1
159444604
-1
25209236
104227260
-1
-1
578598872
23572754
304896778
-1
-1
-1
415285121
2200294
90318054
809715401
431152689
-1
625327136
-1
146083773
-1
132296424
-1
226668192
530967659
194803364
603043901
-1
-1
-1
-1
740238873
-1
-1
131194938
136175185
605553545
-1
13309691
-1
-1
-1
-1
-1
72521560
208850589
-1
-1
-1
159971392
-1
-1
151235880
467318824
-1
-1
386942368
-1
617535377
-1
634382400
374394931
-1
67323020
-1
154592525
661957586
-1
-1
-1
32769846
826175961
-1
-1
-1
281763993
528783811
-1
191395666
-1
-1
-1
864073402
163222185
-1
234778828
263124463
603175573
-1
-1
-1
101259422
-1
350719074
488619040
35890474
-1
265186342
-1
-1
325159994
196869844
592382164
-1
-1
25479239
-1
-1
195160130
418810716
532218701
-1
-1
574531548
523641982
198961009
79838710
14774546
571494463
509348373
-1
913737980
-1
440678403
696020285
-1
40562926
570612738
-1
339746683
-1
-1
367677617
548819746
387035961
-1
80622547
480898555
-1
-1
-1
-1
-1
-1
265822670
372544378
552662708
-1
110833748
147832157
375464685
344219604
-1
58954087
-1
-1
917901446
134572978
596021655
30458386
72561763
301201729
786539333
-1
-1
263126617
-1
669572317
133933533
-1
-1
-1
-1
-1
125855820
18313635
-1
-1
47947165
321724176
-1
174750464
152735755
-1
-1
370062746
-1
400194075
51058664
137992212
541120256
-1
-1
-1
-1
-1
-1
-1
-1
-1
2180004
334503111
-1
-1
615638523
229691026
-1
215208468
462794973
145626309
120476121
-1
-1
-1
-1
-1
261169308
-1
172370696
-1
-1
220106964
326214789
-1
261712845
-1
-1
118313445
294500390
170800662
354352588
548001204
236323287
257879226
-1
399201653
181045030
258177090
-1
-1
-1
40630099
55918183
-1
144203514
-1
-1
-1
32155729
257605689
-1
471961040
-1
71308867
-1
-1
177882147
-1
630923004
582901020
557723784
-1
703779314
330432937
583147251
-1
-1
326935076
-1
283868294
332992707
-1
-1
-1
69223968
-1
-1
420190100
493937487
600094317
-1
320928217
486838294
586357412
-1
-1
87311267
578988452
-1
155956024
186522207
-1
-1
753957865
200564520
-1
82378862
-1
-1
-1
-1
-1
-1
381566951
-1
-1
-1
-1
918598571
279248886
-1
827577133
-1
728785222
448157255
-1
-1
80985104
-1
-1
195656585
-1
698173761
172300759
789431963
126226128
687060990
106266735
795237738
204223266
-1
484264047
-1
-1
-1
295665579
100309330
127651352
174985218
658404626
657051254
-1
-1
-1
-1
533035841
739793739
-1
-1
-1
233375508
-1
-1
-1
273560736
-1
715415394
-1
-1
-1
-1
50966068
410920497
442909362
-1
-1
-1
-1
-1
143445495
692375707
238892167
778328651
272202740
819209584
662125928
-1
181141406
929036955
-1
226428905
-1
325586000
-1
-1
229623873
68708541
201795503
-1
-1
-1
-1
-1
-1
97251557
-1
545846721
-1
292109013
199434657
-1
21651334
207599875
893517491
626280997
-1
-1
-1
66240133
709053098
347107417
472869218
486868439
3369476
-1
141506483
659255765
-1
-1
-1
-1
769462239
-1
927350480
-1
-1
281612626
27638890
61734664
-1
-1
247929058
186681825
86049157
-1
-1
-1
-1
-1
46859619
724240208
911303977
-1
-1
-1
-1
80163538
137172576
80719989
-1
-1
485498438
-1
-1
-1
-1
-1
18166543
33690077
529781165
-1
138921636
-1
342214264
-1
-1
-1
-1
112892618
325607359
140264568
-1
-1
-1
286092116
-1
236955165
-1
74233049
166862750
62333829
-1
-1
304877453
420031102
31521682
-1
-1
-1
-1
10468389
719387192
-1
684924899
-1
-1
162194855
-1
-1
-1
139383963
64459826
369231972
-1
-1
211143100
-1
15172594
-1
207927324
36447998
-1
-1
601759639
497363778
600308668
492041726
144320584
173133966
188546580
337077574
-1
-1
-1
-1
-1
588148271
-1
-1
-1
-1
-1
162096766
-1
-1
683687049
-1
380304370
161751702
-1
-1
-1
323661283
-1
-1
-1
561717194
298085871
-1
-1
-1
-1
-1
118219906
-1
54549402
-1
374300196
-1
518885857
586748050
524144347
605894310
-1
484883817
-1
-1
-1
48708849
-1
-1
-1
-1
-1
-1
31962376
-1
-1
-1
92256424
559328432
-1
566602228
-1
254640303
-1
-1
529686859
-1
-1
-1
-1
414497352
22911299
57281876
-1
560092869
-1
25704032
419064759
-1
-1
85775249
127114670
117431984
-1
-1
-1
-1
-1
358315460
285329372
186435594
298951314
753720011
-1
-1
-1
-1
-1
-1
-1
849452980
207236012
91427161
-1
113471160
-1
-1
-1
259833901
153585550
265541329
-1
-1
15285704
-1
-1
-1
-1
-1
-1
-1
773817273
-1
-1
2229054
121993725
-1
86394106
362527527
800357938
-1
-1
-1
-1
426666094
-1
448480132
-1
254128809
-1
-1
96962798
-1
-1
-1
818389607
68968032
-1
770669217
263847079
-1
655575525
639759042
49727340
558157100
876991777
74810131
726886943
553726745
-1
-1
41833650
115908550
214807480
153890692
-1
154174858
7448404
209939407
204724402
687133853
937749924
-1
-1
158339138
188789843
-1
-1
-1
-1
-1
46456886
107411529
520895123
-1
-1
832103012
-1
86204013
-1
806534158
-1
-1
-1
-1
-1
41099558
37421783
-1
-1
311228922
-1
413674589
-1
-1
635175091
277066829
-1
-1
195061920
181734245
363458662
609843135
-1
676596346
-1
75567263
366883780
907736333
-1
-1
-1
-1
550363906
-1
28762707
897534924
637135357
390716946
-1
101310281
162635712
427371283
402260460
-1
-1
-1
-1
-1
-1
524294601
-1
65317512
95270939
-1
-1
-1
277561538
-1
850649982
-1
224895026
116379174
-1
79120277
237301345
118409504
-1
-1
633776470
-1
-1
121388799
211634318
-1
-1
427010265
-1
268951975
-1
-1
-1
99976977
-1
78267246
-1
376612467
-1
9554230
-1
821078861
-1
572307586
178932391
39378328
-1
-1
20685158
-1
187086718
484194368
359490852
139276584
-1
215702357
4736196
-1
174049976
460510577
-1
-1
-1
-1
69921097
-1
214827595
179796086
841862540
-1
137177084
17857274
-1
140980925
-1
-1
-1
313026557
-1
736045188
264171617
310174958
-1
-1
-1
67793265
85741724
-1
58882781
419752982
249959825
-1
237065410
33385257
328348099
-1
-1
-1
-1
322053037
-1
-1
273595443
117530072
-1
-1
-1
756349655
-1
286772978
-1
-1
-1
-1
28890456
505759783
-1
-1
693342185
729454554
-1
691727604
-1
-1
-1
-1
-1
-1
733843948
263863269
498559878
-1
-1
-1
274446319
371390407
756506219
418077132
-1
-1
169279234
-1
-1
-1
-1
379143773
77870726
-1
-1
-1
154474304
398617401
141702832
562818763
186910826
288171616
219509488
-1
595787499
-1
-1
55005738
446300740
408716655
-1
238493348
302898354
-1
37417043
-1
-1
892896580
313083893
289587526
548948641
125918934
89573451
15679932
-1
-1
-1
99045988
-1
-1
683306915
-1
-1
70580322
-1
792313890
-1
-1
-1
557998839
-1
-1
-1
369873891
253167972
190230589
-1
-1
-1
-1
81570082
-1
-1
-1
782870014
-1
23929914
-1
294657913
20966793
666792208
-1
-1
139784939
-1
-1
-1
184549285
523247744
-1
-1
-1
-1
-1
576985527
245667583
-1
-1
-1
-1
-1
145498258
-1
-1
-1
-1
200931748
1071375
-1
-1
284054135
-1
-1
-1
41386773
-1
614272432
186520178
-1
476131122
-1
-1
160995442
-1
326306411
573183139
505475936
-1
491673301
-1
636511707
-1
169380143
-1
902794836
-1
-1
-1
-1
95764289
607582111
-1
-1
53963020
544974390
670285333
-1
-1
3386557
323543177
218334071
862500026
245200147
67808334
578551803
398915515
-1
-1
-1
-1
-1
-1
-1
173590688
-1
-1
450401761
-1
-1
-1
-1
-1
-1
630501444
146686490
25905348
-1
-1
387833359
-1
-1
90405257
179907923
-1
234347547
-1
878537924
-1
-1
-1
-1
-1
-1
-1
-1
89860599
-1
-1
732865801
425893279
347079601
-1
66425309
-1
-1
-1
405258653
-1
590712064
-1
-1
-1
259914711
170941733
-1
497645352
341736339
288642227
-1
-1
-1
-1
781137961
684362693
-1
396067056
9029561
-1
-1
886340325
-1
-1
-1
-1
15800728
-1
-1
83724767
196873976
499463612
-1
-1
-1
36405486
117552409
-1
-1
-1
294349833
-1
-1
-1
-1
-1
-1
470840214
-1
142456047
-1
78574482
-1
233676766
-1
-1
325707107
-1
-1
114449444
-1
-1
214391902
-1
-1
-1
-1
587695117
-1
204766
55584827
-1
150550749
253365625
-1
-1
-1
-1
-1
-1
128350902
-1
-1
302682016
61661788
-1
335192942
-1
-1
185503597
482842378
861665186
23976343
3882251
94277748
-1
-1
-1
244895585
-1
-1
-1
-1
765137730
711312536
-1
-1
-1
-1
-1
179931962
-1
121150214
289688867
-1
-1
62360737
-1
-1
-1
-1
346465198
228885603
384314173
-1
-1
461124167
384758376
2171572
-1
319466577
-1
-1
310539638
-1
91738384
141860937
-1
-1
74732160
350742746
90710466
-1
-1
658890840
224514616
51651587
-1
-1
725168651
60966747
-1
465180930
-1
-1
-1
36198666
46740460
474363763
-1
390299252
-1
308291913
235200632
-1
31650403
-1
-1
-1
-1
410102363
-1
69592395
-1
-1
47298877
-1
-1
-1
-1
-1
49748044
-1
513876324
-1
-1
161477994
-1
-1
-1
468281358
31026131
-1
565051177
400806994
-1
-1
-1
459589671
596476006
-1
65091323
-1
-1
64589224
-1
-1
-1
-1
100865380
-1
-1
-1
-1
351746369
140079494
-1
-1
18090760
-1
131409211
-1
-1
-1
34993162
39765583
-1
160827614
-1
-1
168498590
237551925
-1
-1
-1
-1
-1
-1
-1
-1
-1
-1
265014866
-1
-1
295883411
-1
-1
186510938
-1
225175468
-1
-1
-1
158390188
124731294
-1
106477795
-1
-1
-1
-1
337536872
54415391
317063530
-1
151412571
288149737
-1
-1
628347022
-1
-1
77773659
364400237
417939926
724745454
-1
347147400
-1
391381280
115848878
791659073
-1
693204088
-1
-1
-1
80012728
-1
-1
-1
-1
-1
-1
443250599
-1
-1
-1
-1
-1
9734445
315662301
-1
-1
895422250
280981304
-1
-1
-1
-1
-1
-1
-1
-1
724920511
116733459
-1
7928882
-1
-1
-1
128557264
-1
-1
469001925
-1
-1
448302277
203106625
-1
-1
76203796
187430120
-1
-1
-1
-1
71064925
-1
303086411
-1
295068427
-1
-1
687292632
2031592
18216325
168854240
-1
402246080
238003384
-1
-1
-1
-1
-1
-1
361821473
-1
-1
188755955
-1
-1
-1
209205292
-1
-1
-1
-1
73270635
-1
-1
-1
-1
-1
-1
-1
-1
185451131
26650910
512255472
77631543
263463862
366705732
-1
-1
479501694
-1
16104991
-1
-1
-1
-1
120033235
-1
622569197
-1
861647630
-1
-1
284998791
-1
-1
-1
-1
468075547
-1
-1
-1
486609594
530760332
-1
259099850
-1
-1
161547543
455874662
479751186
-1
189086709
362327781
56622464
445789091
202580940
-1
-1
-1
-1
286187280
272350623
-1
-1
-1
-1
-1
61857387
316884513
-1
-1
250331361
-1
538931738
347594517
-1
-1
243289748
506094969
5058110
443924948
-1
161255026
413959443
292270377
214113007
335686713
-1
-1
-1
73919165
524511399
351827716
164579054
-1
-1
222137160
-1
747150847
57632879
-1
476411515
19962391
77832387
198468552
236065296
323620907
76511498
254351164
-1
-1
-1
-1
326496752
417816707
1879728
-1
-1
-1
-1
92753004
-1
-1
186251521
539490436
-1
188136149
-1
498905437
-1
-1
-1
-1
-1
68587679
-1
-1
179705061
508306730
-1
46314199
-1
-1
155319392
-1
-1
207942678
188707048
818333271
-1
666269529
-1
309710664
-1
-1
269662089
347103697
411443135
503905328
-1
-1
-1
106727148
-1
-1
-1
304203863
263353612
-1
-1
73590973
-1
-1
449287917
430718791
624113968
-1
-1
129156066
-1
274587285
-1
-1
-1
390939748
327619178
-1
353393684
-1
-1
123808349
-1
-1
-1
-1
-1
535330648
-1
-1
-1
-1
-1
138308002
157277878
195713159
-1
-1
636226831
449562453
260331129
853160013
-1
-1
-1
206711367
-1
214701096
-1
-1
-1
265087987
-1
