-1
-1
-1
300627271
-1
-1
4702121
-1
-1
41465464
-1
438284091
208455008
-1
752731028
355374222
572803748
369336524
179250290
-1
43909729
454262142
-1
-1
448325600
-1
-1
-1
-1
-1
462547929
422711285
-1
248827138
20496074
333604449
477838917
-1
-1
-1
642819043
61224945
-1
246665185
493723936
246240414
-1
106937274
215755092
-1
98726386
-1
-1
167853726
72433795
427688909
-1
-1
152107194
277234154
60766107
-1
-1
473675696
-1
-1
527824701
283349558
-1
237439203
156642304
-1
356134002
157550145
21310696
152431525
-1
703329773
74433874
505510217
39107918
-1
-1
486213318
321645827
63157078
-1
-1
532723840
-1
-1
-1
-1
-1
531147842
-1
331381289
-1
-1
-1
901119100
-1
-1
-1
-1
235430233
-1
-1
-1
-1
-1
208733565
309121168
-1
-1
-1
-1
-1
-1
200039684
-1
-1
150278562
-1
-1
574796536
626756559
-1
215682462
459223572
106923865
-1
13555356
-1
-1
-1
-1
-1
536031996
254036699
-1
207018427
335087546
-1
684624040
-1
-1
-1
384072243
-1
390309432
144128674
348249580
263531895
379820692
-1
-1
-1
43110878
291685085
-1
-1
-1
-1
-1
654222105
-1
271448838
-1
-1
449796614
493039231
122254566
92903965
504102067
-1
142220114
220682821
356469432
651968568
-1
637775566
293797272
-1
276358233
-1
128056533
-1
-1
232126735
380717480
-1
-1
178668098
-1
-1
583176514
-1
372953321
518141881
99694243
334067427
117996549
-1
-1
-1
-1
571685915
-1
407805932
-1
-1
-1
-1
565263305
927340811
-1
98512158
-1
-1
640233756
105479972
-1
-1
656842888
781876867
122839228
220149766
421099134
-1
-1
204959136
184261581
-1
250231893
97347468
-1
272117810
-1
-1
-1
43698041
-1
-1
515804073
-1
98514682
619186042
398951645
-1
181410910
75129502
-1
-1
24788160
-1
-1
-1
-1
339602705
235326943
242484041
-1
-1
-1
736688934
239119419
405584492
13175084
296978252
-1
84889614
-1
-1
-1
349674340
423198373
345213671
-1
-1
-1
-1
433938949
765203850
-1
181647401
98014264
-1
-1
56920260
514940098
301115577
20330092
384198722
232488943
75570872
-1
-1
533431998
488849397
96314107
-1
-1
-1
-1
-1
-1
-1
-1
-1
583146032
699953949
-1
500107144
-1
-1
308730028
-1
-1
211895440
177962701
-1
-1
-1
-1
400900996
254537979
-1
605531713
-1
76630990
449366998
350554388
-1
-1
-1
-1
190626966
302385028
730732009
752510595
273976633
-1
-1
471458733
-1
122205521
-1
-1
-1
406402351
-1
-1
-1
498995884
-1
786943128
617565501
341628270
-1
272385080
-1
-1
653656878
-1
-1
177806226
224719284
64710414
-1
219533246
-1
-1
-1
-1
128553138
-1
-1
293790751
298477806
-1
-1
-1
-1
532485866
309325434
384088862
81917646
-1
-1
-1
664405701
-1
-1
-1
7837540
200010616
432138103
61596540
267612965
122033745
-1
-1
289865006
586531988
-1
592404216
346133115
-1
48108648
-1
-1
197693679
213262861
276760795
554177468
-1
-1
-1
-1
205435655
-1
-1
-1
-1
70802194
-1
512618582
-1
-1
755979
238276558
-1
25476380
202941869
-1
-1
71179429
-1
40853924
-1
-1
-1
145453518
237335745
-1
-1
-1
268205814
-1
-1
-1
-1
-1
-1
-1
-1
-1
14459303
332555425
430420161
-1
-1
-1
30527430
-1
-1
-1
-1
59715025
-1
-1
259818886
-1
-1
89747287
787386
-1
285459015
-1
-1
188673925
-1
18501162
-1
-1
-1
415939383
-1
266169556
-1
-1
252383339
-1
167588533
777852484
72893277
-1
858489376
-1
433823856
82275893
-1
-1
-1
443861057
-1
-1
-1
349225221
190543041
744968948
54226485
504260830
-1
-1
-1
-1
355775465
-1
439803972
330281457
224816057
32082851
87917297
51951153
-1
-1
278128319
-1
-1
27686254
-1
-1
597123306
370535476
319642280
98235941
-1
-1
8950693
-1
455442621
-1
843986371
401809222
-1
-1
61491067
-1
61986635
-1
-1
-1
-1
-1
-1
-1
170186239
-1
-1
-1
-1
57040579
354076388
-1
-1
351993143
-1
-1
263317758
1357664
585214124
510391391
61985040
31075426
-1
-1
363677640
240068963
875520474
-1
602574948
352431810
-1
-1
-1
-1
-1
-1
168620105
368938523
790754472
-1
-1
-1
-1
-1
-1
-1
147859471
-1
121955384
4260393
-1
234401789
637958633
-1
-1
-1
453423811
-1
506932366
-1
-1
209869840
-1
447730015
23982581
-1
347327192
726623846
-1
23621858
-1
296908540
-1
-1
287691074
204916176
-1
713975267
496583194
-1
-1
-1
190599649
406101789
142816146
-1
89845082
842642698
465961844
251329726
41383135
16767960
-1
-1
-1
-1
-1
154140683
89407920
706505761
479459702
-1
-1
323036252
-1
-1
102534364
-1
230361551
-1
133680836
518679868
348902485
746663617
493628553
-1
39162998
-1
-1
123527559
326208964
-1
179019331
425650670
399316731
585193949
-1
-1
659507529
-1
287668667
329341945
-1
-1
338636628
-1
60815339
215618130
-1
-1
-1
78562050
-1
-1
-1
686705773
-1
540865410
116274135
199340081
-1
-1
-1
60844468
227998867
30389977
-1
161039193
-1
253612492
233145700
-1
-1
-1
96519594
267475568
-1
-1
-1
69501329
-1
-1
469924417
215988345
234064368
-1
533102159
39901208
30160768
439946903
-1
22485359
194295901
17400833
59911839
311171845
-1
504704383
637468390
-1
-1
-1
85452405
-1
-1
-1
-1
545381105
4406485
398535482
15082051
-1
251048360
-1
-1
-1
161029940
700155245
-1
-1
-1
-1
370328491
-1
-1
-1
-1
662173815
113224681
-1
-1
236639635
-1
650598860
-1
824460143
718669415
559858992
-1
114670114
190275785
-1
-1
86903494
462007821
-1
-1
-1
273369288
232137580
592254284
710010116
-1
438897646
-1
-1
62227503
78956825
-1
-1
60676981
-1
-1
-1
-1
778602786
-1
8199930
113925821
582938275
491497137
158931328
501218838
245355875
-1
-1
321475536
86906972
-1
-1
30393863
171079856
48186601
-1
334535
803296865
57468564
231497369
-1
147930563
46877926
-1
-1
-1
323761307
59428393
-1
-1
-1
316891599
-1
688141243
-1
-1
-1
435814886
-1
-1
-1
-1
-1
-1
-1
540309367
299183852
77066239
357484560
-1
403404891
-1
201014490
360310278
-1
91468855
67884995
-1
770518593
605184363
-1
505940200
-1
-1
-1
123771246
520836402
-1
319605740
-1
-1
-1
584820411
708150995
-1
455396662
114710222
206982721
-1
-1
405663348
-1
313224242
-1
373387957
-1
-1
259107917
-1
278240488
-1
345669460
64645922
690470157
698964221
310899122
305415351
452166810
-1
301043734
39687996
-1
490712152
123685616
650237946
-1
53580385
91194241
-1
43275418
-1
-1
75183829
201213338
-1
230484531
-1
81241020
-1
159329276
307324876
868757178
159956191
325600253
244566661
-1
571650788
168639712
-1
-1
-1
864929987
-1
-1
-1
78793446
564479119
-1
-1
16146852
-1
265308337
11173273
-1
202036984
-1
122144371
-1
152721567
-1
-1
629406794
-1
-1
329535612
265817614
685804955
49816092
-1
270497120
-1
-1
-1
-1
481515930
-1
-1
99234404
-1
372117412
154020486
-1
155447627
-1
142554434
-1
255396041
358729693
-1
-1
-1
278633592
-1
-1
-1
-1
479259143
-1
49536576
-1
214580588
5767896
154644157
-1
-1
-1
-1
200153990
492040760
-1
548332134
-1
-1
467433484
-1
-1
-1
558162734
163618954
379509387
-1
-1
225812984
219387129
463430555
-1
-1
-1
-1
260900585
16596112
-1
286617133
-1
172280967
29840530
326846876
126301890
-1
-1
34659052
619379412
142955184
-1
145736576
-1
-1
489983018
186165170
339884636
-1
-1
290831558
-1
-1
583233204
815840824
721603140
-1
-1
-1
903244951
-1
881944971
211928382
-1
227040230
-1
-1
584667755
-1
766944708
-1
-1
113686637
-1
-1
-1
-1
-1
-1
-1
-1
-1
-1
513778102
383514584
-1
-1
167578108
-1
262548220
-1
-1
-1
-1
-1
-1
587848569
-1
-1
-1
-1
53865280
618655890
-1
-1
419421160
-1
-1
550669990
-1
-1
-1
-1
-1
170356763
-1
342348281
-1
344250228
-1
179836574
-1
568450373
-1
-1
-1
94518785
31336631
-1
76359838
-1
429599667
-1
4402074
362438030
177528170
-1
-1
-1
-1
-1
-1
-1
-1
-1
161519007
148503844
-1
-1
125099966
456685319
-1
245740191
340016257
44721252
-1
-1
-1
-1
492876064
-1
977543363
639235220
701840270
-1
702246702
-1
247097998
190130390
406202870
29629819
8725115
-1
-1
37721633
493185709
-1
-1
-1
-1
-1
-1
-1
-1
-1
-1
-1
253868226
-1
-1
13465424
28159398
-1
-1
112363867
-1
-1
-1
-1
-1
83790113
276013378
413354716
139015340
-1
121792983
-1
-1
396824209
662225202
-1
-1
204574840
267358859
-1
-1
-1
-1
-1
-1
171497630
-1
-1
-1
-1
-1
458081125
-1
590541270
33633711
309567239
-1
-1
-1
79852474
207218712
-1
-1
154128922
-1
-1
-1
6460310
237324624
-1
-1
697525790
224278250
713225662
333596771
-1
917577829
-1
520148829
571505839
766158415
-1
-1
-1
-1
255370652
448324558
-1
-1
493550277
562802804
222548477
-1
-1
-1
100974712
527918891
30550147
104274801
148004167
409953296
-1
709429760
-1
-1
-1
-1
232726243
-1
-1
286689784
-1
-1
11182978
159089837
-1
-1
203936842
332197716
343435584
183562751
369485287
-1
410556694
130640378
-1
-1
-1
-1
-1
39935203
256055504
425566474
-1
-1
307592534
-1
-1
37744321
-1
280906450
-1
751983599
-1
-1
161296668
868189468
-1
-1
55076911
-1
-1
-1
268305034
70504095
11408689
280828606
-1
399708789
-1
-1
-1
-1
252832590
-1
-1
463959967
433921106
95105533
633457630
-1
-1
-1
-1
-1
-1
122329450
60594220
-1
-1
306067164
295804241
-1
-1
-1
77842561
-1
-1
-1
-1
170647477
-1
495183246
-1
38713867
38219643
60878064
-1
-1
484940367
-1
59578201
-1
-1
42733381
-1
-1
367332232
376478725
121825884
-1
-1
-1
-1
-1
-1
-1
-1
-1
589461478
-1
-1
-1
172505077
-1
-1
285500002
-1
-1
-1
389804741
291401873
-1
36405259
-1
-1
289146885
-1
-1
-1
-1
515841879
533637991
-1
271021672
307959089
120996999
-1
768334911
-1
-1
-1
-1
-1
-1
-1
102085591
762680472
105943250
-1
-1
-1
-1
-1
-1
58022659
673328248
3251459
322599409
-1
-1
-1
-1
54483601
-1
-1
554752894
-1
-1
321636424
27838508
-1
-1
1430233
481534792
-1
86565381
-1
-1
400150889
-1
366338046
-1
-1
415188658
-1
-1
-1
224052860
-1
230705661
215893592
-1
-1
-1
-1
118561812
172752600
-1
226517971
-1
-1
-1
-1
-1
-1
-1
-1
-1
571165653
-1
437338827
651093871
32380999
-1
-1
-1
-1
-1
50652066
-1
541053668
724350943
527412234
931093771
-1
-1
-1
5035217
-1
-1
-1
27005802
-1
-1
-1
-1
346046648
-1
261898111
70089423
-1
-1
-1
-1
-1
-1
80932116
380994382
132356276
-1
-1
-1
-1
409248034
-1
-1
397481578
-1
-1
100681486
-1
66221202
-1
10156270
563460232
-1
-1
479492737
357706641
-1
-1
-1
662581052
-1
-1
452230708
-1
-1
47585294
-1
116789625
239516594
-1
-1
20782150
-1
-1
120521827
173877874
-1
-1
4599559
-1
389494730
-1
-1
-1
230374555
-1
318714982
-1
-1
-1
212719468
-1
-1
-1
146927340
-1
-1
-1
-1
19713383
36028973
-1
207366325
-1
-1
210662051
-1
313473285
4877782
788810139
180282178
-1
-1
-1
326004773
-1
-1
-1
-1
60358221
124913597
-1
120544262
127565337
459166696
-1
-1
-1
73055253
759231728
-1
-1
-1
-1
-1
-1
232727803
-1
211573733
-1
-1
-1
308304556
260666871
-1
-1
-1
8523563
-1
64374494
226723490
-1
317153831
-1
136639796
-1
322793737
420417992
485487077
-1
205320673
-1
420485358
51526215
-1
-1
-1
-1
471610381
788477449
100302388
15337392
-1
100735786
-1
-1
-1
-1
-1
-1
300670546
164046463
-1
-1
683001829
240950712
-1
-1
-1
86154948
515421355
-1
-1
-1
268140665
-1
-1
-1
-1
-1
-1
-1
-1
-1
-1
816523768
201907270
52590367
-1
326725491
-1
-1
790955088
72941
-1
-1
900308859
-1
-1
-1
-1
-1
-1
12630971
41750617
-1
672847136
-1
-1
-1
-1
-1
506390847
-1
-1
-1
-1
-1
56863106
-1
-1
-1
-1
-1
510962263
-1
-1
-1
93864239
-1
587558102
214035110
58093094
-1
-1
-1
181982164
-1
-1
-1
-1
-1
-1
351209953
-1
-1
-1
-1
-1
38884544
2126306
-1
-1
-1
312779847
-1
-1
77277510
-1
378903500
-1
-1
183582645
-1
-1
-1
-1
49081209
-1
-1
364987245
528463144
941015212
476595345
-1
-1
-1
8815816
-1
-1
-1
-1
-1
422953381
330352096
-1
-1
711654545
-1
-1
-1
-1
-1
-1
-1
-1
-1
184249187
-1
-1
-1
-1
-1
216864973
206688567
362920754
-1
-1
-1
-1
253161026
156307343
-1
191135690
-1
278256057
-1
918929329
-1
-1
-1
578880793
-1
-1
-1
-1
-1
383470970
347081958
264065936
456859685
80830857
49794123
-1
-1
-1
-1
510385581
-1
-1
740859347
22207758
-1
-1
-1
-1
-1
-1
462117303
12444187
148132998
-1
-1
472864006
-1
-1
-1
-1
394814597
