690292240
-1
151755898
752248541
236268242
309821391
832146095
7030567
41748332
239204924
457573231
-1
-1
-1
-1
-1
-1
240086803
166414565
244159040
55719697
-1
513673075
-1
161346602
291617934
168435447
292253987
293405953
-1
35760043
418156843
114588837
-1
-1
420354496
-1
164453506
-1
35211183
181266172
670435475
420951464
510897199
169561204
-1
14872486
-1
-1
24593959
-1
845134633
351028891
196502139
-1
-1
157177590
-1
800754351
-1
46724675
465236477
-1
99835453
-1
-1
-1
-1
428205484
85885572
-1
-1
-1
317230258
-1
241927287
-1
555931010
-1
-1
-1
-1
475547788
-1
16462074
472135719
-1
507769574
658227041
-1
436676279
11059631
-1
121856364
-1
156493334
118256977
-1
751985618
280568039
385978508
85279000
63484568
554923398
51810208
722908344
401104293
333144310
337344077
184287998
-1
-1
-1
-1
256880561
657448017
-1
50001463
-1
129596632
-1
-1
96820180
262436783
293932376
47295878
-1
133771881
-1
12144257
-1
-1
201983385
279413994
-1
-1
549617651
509290454
-1
-1
242221669
-1
190139450
63015636
289985008
95561746
-1
-1
-1
607002659
-1
170835823
-1
-1
-1
422221062
-1
-1
632681986
-1
-1
-1
213675785
45918408
37972880
223667440
540060389
-1
253386787
254340202
259734450
-1
239210802
-1
100491860
-1
-1
538463264
-1
-1
208293704
-1
916023360
51579543
-1
279643990
593873019
-1
-1
-1
102514398
-1
-1
-1
-1
-1
-1
224256273
-1
190765409
750531434
-1
485353808
843155823
-1
423426350
-1
406034052
311204808
-1
826317301
794210725
667205363
-1
-1
-1
104840973
340526898
600842102
-1
268013988
-1
182739776
231471844
-1
250929892
635782297
208450203
-1
-1
-1
-1
929239548
118684615
-1
-1
250640217
912149253
-1
197435954
-1
-1
-1
-1
10894191
-1
358558778
42324093
336906330
587529304
-1
-1
322376852
95813158
333660355
-1
-1
654848900
-1
428705528
170359342
102035643
-1
208997442
-1
-1
574889776
781593182
534403671
-1
-1
-1
257991647
-1
-1
717501537
522529025
83114016
-1
-1
-1
150794345
327716438
-1
217196457
-1
58069124
13689331
-1
220561361
-1
-1
-1
569860439
-1
-1
-1
85365043
334998037
-1
-1
13455604
181826432
-1
-1
69706114
-1
-1
141341865
503389277
879955812
-1
-1
69077487
381846074
-1
-1
128105936
-1
-1
-1
669992240
-1
-1
583900
-1
667795326
204601112
-1
149449491
388950352
372578415
95981197
63231493
-1
433270841
783290781
418594875
-1
-1
-1
224126024
140083262
-1
543916498
-1
276988758
-1
-1
305524734
527452853
240059649
158332409
672803333
571668944
34456807
-1
414526961
122107085
206113950
-1
283710323
197964935
337350576
259320661
49495652
-1
927458555
245404565
-1
384816628
232069822
-1
-1
831888154
-1
-1
253360816
-1
-1
662653729
-1
22828057
-1
-1
-1
-1
-1
410346828
835386630
-1
188188457
67567622
389361688
98099378
632755691
-1
762007797
632823201
-1
69840615
-1
-1
650654185
626987044
412886977
487235509
-1
-1
204578707
119556749
60134802
724760512
-1
-1
-1
438212368
-1
157063668
-1
-1
288335467
135087200
141134811
531457560
9237611
-1
76601954
-1
260498800
492295197
335797117
-1
-1
772434792
-1
-1
232777372
-1
682027705
335685572
10419415
413025367
720678358
130128704
541031951
-1
-1
381125398
46180784
-1
-1
-1
296271745
-1
375710940
-1
-1
-1
-1
-1
677976864
-1
-1
-1
320123559
-1
-1
-1
-1
682195499
-1
-1
-1
439364605
-1
480450430
378156564
399549140
815474695
349989267
-1
217504924
185539336
402483971
446097843
-1
231629488
151832447
-1
-1
-1
91495873
-1
-1
583011656
-1
-1
271568703
-1
-1
-1
47074274
-1
377620387
385652671
6447726
18452254
105663227
-1
-1
113982888
85445162
97604665
847209126
-1
235164875
311322889
-1
604069947
-1
-1
-1
567557712
-1
131695206
422866560
-1
755604690
-1
-1
635595475
450414157
320645644
-1
277664670
-1
-1
425495388
-1
315715816
367735337
370826800
-1
485082386
544872112
-1
233385598
40194570
-1
-1
298544778
-1
357486305
727910580
271854460
-1
-1
-1
463661276
-1
306220076
44239132
-1
604931470
268148851
110281959
325458142
176266432
620843700
-1
-1
201646918
396696229
217422503
-1
-1
-1
265111401
63695246
814053044
-1
58885018
-1
272850546
203050067
751126402
26156814
-1
97540862
191117802
-1
-1
-1
-1
-1
-1
-1
-1
-1
64028912
-1
-1
-1
396053020
-1
64669236
-1
564117584
307377427
448224266
-1
-1
-1
-1
487471434
-1
342171841
-1
-1
722417209
288037541
519624370
713442828
-1
-1
-1
-1
-1
564243811
137988585
-1
285726444
-1
-1
24143907
-1
-1
47498341
-1
442808590
-1
-1
-1
-1
402822628
-1
-1
161812548
-1
434129302
287436696
-1
-1
-1
99392553
328395750
-1
131474356
372583784
688138108
183221352
-1
31593831
605662004
-1
-1
-1
146161038
76391859
-1
446970854
-1
271016603
-1
40055559
-1
-1
331875692
150259522
232806284
124599249
-1
-1
299073586
-1
-1
143227315
-1
-1
-1
416191240
212122112
476889962
539822404
-1
68372578
221065878
367074225
-1
-1
-1
132768918
478200391
-1
-1
-1
-1
358939655
-1
-1
-1
-1
229996945
192742660
569698002
17073599
-1
159930465
-1
-1
-1
-1
-1
-1
382013606
-1
532568451
141400023
350386665
289272991
-1
-1
-1
169878369
-1
-1
-1
-1
-1
129264265
384189910
251052292
-1
-1
546323874
40971267
-1
-1
231458181
-1
423126393
-1
-1
183157628
932391194
-1
181412918
292142903
-1
101504898
-1
-1
446432392
-1
242334477
184821667
-1
-1
-1
-1
26740969
451644190
-1
51228485
-1
19924728
107255670
-1
-1
-1
96068391
381166361
-1
-1
-1
-1
229143359
709754027
153337923
-1
751948404
423590615
-1
115051790
-1
-1
-1
-1
28781544
-1
163253540
232087358
861088681
226955265
-1
-1
-1
-1
460973884
-1
273282360
-1
-1
-1
-1
-1
-1
-1
927169447
-1
-1
-1
11359178
670815190
-1
-1
111020759
385371934
452117522
106100257
-1
-1
28983983
365579419
526349243
-1
144333331
11263806
-1
-1
684934683
-1
-1
204220912
-1
538187596
-1
-1
-1
-1
-1
934451847
29484598
803709975
-1
-1
-1
533913964
216295751
-1
435380586
934589326
114980741
-1
388265150
-1
555975771
-1
24136345
-1
-1
-1
161864712
166268384
-1
-1
-1
358928129
-1
-1
494233485
89924082
-1
386417898
-1
-1
-1
-1
-1
-1
-1
60692966
133454034
520893014
397641238
-1
302917199
-1
-1
-1
119176877
258266056
369043227
43609791
311409286
-1
-1
-1
-1
48329650
838838193
131105864
-1
410506756
534932312
27629198
91263301
-1
-1
368678122
306680208
41378680
258406753
86270476
171640763
357494700
-1
-1
302145353
-1
-1
298871638
-1
417011118
-1
593990088
-1
-1
62791676
148004774
-1
456795581
220793435
-1
-1
386086832
-1
-1
-1
-1
-1
-1
50602130
196714695
-1
-1
667141446
-1
439084517
-1
-1
213882902
-1
-1
-1
67752731
-1
-1
220214605
-1
-1
-1
-1
-1
31023554
-1
254169561
522705155
-1
97560479
-1
-1
494214654
-1
52435713
-1
-1
-1
-1
378433202
-1
222914666
-1
799687961
84045642
-1
-1
-1
832428472
-1
-1
90834779
-1
232227232
-1
-1
-1
-1
363139128
299890653
53368501
-1
-1
-1
685428481
-1
347557988
451409716
554484793
-1
187631914
-1
-1
405044977
-1
-1
-1
-1
-1
-1
386785030
-1
190356688
839336202
648363038
5543114
-1
-1
-1
-1
449209052
-1
-1
-1
-1
27692563
-1
397553346
45612478
70434122
564369174
-1
325796391
35468099
-1
-1
-1
-1
133011855
450106605
-1
386831642
185768607
-1
353050470
-1
87333599
-1
-1
683411764
220309823
613419644
671323621
329230099
254811737
68389353
421666610
-1
49232325
628556299
-1
-1
-1
-1
-1
106111140
-1
159110236
108018575
-1
-1
-1
-1
-1
535993025
79424763
63340206
-1
219943198
-1
-1
474401946
133507959
413193221
890727243
-1
-1
-1
93949951
-1
-1
-1
185434502
-1
309047288
-1
262339314
558031342
366398530
24869203
-1
608728998
130145533
-1
-1
-1
984872601
-1
-1
370161183
452934433
-1
-1
-1
868641112
-1
506053100
-1
-1
167540101
484275311
275121502
-1
-1
202643993
-1
-1
-1
-1
-1
148391323
841293762
-1
-1
-1
12073005
411400740
722322589
-1
-1
464628504
-1
-1
196654686
-1
-1
-1
283079640
78179730
-1
12171333
137033130
34221618
-1
403268886
-1
842046403
-1
-1
406458708
-1
-1
85373742
4140383
-1
-1
-1
-1
-1
522052399
-1
-1
-1
-1
-1
-1
86492042
-1
-1
675284948
-1
622291465
208540599
-1
-1
254574852
47182143
83602005
499762535
-1
-1
-1
352897895
-1
-1
-1
-1
-1
852533342
-1
867668599
102447533
-1
913967445
-1
-1
-1
211927108
72593515
-1
185779509
-1
-1
24678238
68003061
-1
345041021
-1
434868304
-1
-1
-1
451029452
630700550
-1
491357952
344818668
-1
-1
-1
373802816
39552558
26477137
502646805
391662520
764162137
-1
330013355
-1
-1
717776675
594084381
-1
-1
527495750
-1
-1
269321609
-1
-1
-1
280218117
55542960
-1
-1
163334421
929863308
320769886
-1
-1
222175599
-1
-1
-1
-1
661363955
-1
573446997
-1
470652565
212097751
220870884
-1
-1
-1
-1
269191730
58827104
-1
-1
-1
-1
260277616
-1
-1
500747858
-1
77351608
-1
368841845
-1
47619328
216467559
-1
-1
-1
126795509
-1
-1
-1
-1
-1
-1
404359172
-1
-1
-1
-1
-1
271162162
758240252
-1
118686224
-1
371541378
-1
-1
293487634
-1
-1
881380404
45592963
106161428
-1
-1
-1
229842573
-1
3476075
483738228
-1
-1
259727272
-1
-1
76570324
233142067
175682866
-1
90900781
-1
-1
104191540
99416396
-1
368064337
332123955
-1
134605131
336985088
42038098
-1
-1
-1
-1
-1
-1
-1
-1
-1
-1
-1
-1
-1
225315695
-1
46394157
-1
501841808
579270863
514656734
-1
-1
-1
384745788
151179483
153769910
241645760
-1
-1
103184211
402510263
15834569
-1
374157900
-1
-1
-1
947371925
-1
7536091
-1
-1
-1
-1
-1
323937112
-1
8992501
-1
-1
692791928
-1
-1
-1
-1
-1
-1
-1
-1
83813733
-1
46928269
894728062
-1
178793033
-1
-1
-1
-1
-1
-1
57795784
400702691
-1
-1
-1
-1
455302174
-1
147942448
-1
-1
-1
500830854
98170585
207427515
531371197
-1
-1
-1
-1
7355294
-1
554862337
27465095
-1
327478983
382818517
-1
-1
49720674
-1
601220357
194307473
352166094
-1
-1
-1
-1
-1
78288477
-1
-1
26024503
-1
-1
-1
-1
-1
-1
168111597
-1
-1
-1
194780296
-1
-1
-1
-1
-1
-1
-1
-1
282121316
138081393
-1
-1
795344121
-1
-1
111702480
15299071
615000546
590511918
-1
152833643
250714549
-1
-1
-1
675164866
180557044
