1 1
2 2
3 3
4 4
5 5
6 6
7 7
8 8
9 9
10 10
11 11
12 12
13 13
14 14
15 15
16 16
17 17
18 18
19 19
20 20
21 21
22 22
23 23
24 24
25 25
26 26
27 27
28 28
29 29
30 30
31 31
32 32
33 33
34 34
35 35
36 36
37 37
38 38
39 39
40 40
41 41
42 42
43 43
44 44
45 45
46 46
47 47
48 48
49 49
50 50
51 51
52 52
53 53
54 54
55 55
56 56
57 57
58 58
59 59
60 60
61 61
62 62
63 1
64 2
65 3
66 4
67 5
68 6
69 7
70 8
71 9
72 10
73 11
74 12
75 13
76 14
77 15
78 16
79 17
80 18
81 19
82 20
83 21
84 22
85 23
86 24
87 25
88 26
89 27
90 28
91 29
92 30
93 31
94 32
95 33
96 34
97 35
98 36
99 37
100 38
101 39
102 40
103 41
104 42
105 43
106 44
107 45
108 46
109 47
110 48
111 49
112 50
113 51
114 52
115 53
116 54
117 55
118 56
119 57
120 58
121 59
122 60
123 61
124 62
125 1
126 2
127 3
128 4
129 5
130 6
131 7
132 8
133 9
134 10
135 11
136 12
137 13
138 14
139 15
140 16
141 17
142 18
143 19
144 20
145 21
146 22
147 23
148 24
149 25
150 26
151 27
152 28
153 29
154 30
155 31
156 32
157 33
158 34
159 35
160 36
161 37
162 38
163 39
164 40
165 41
166 42
167 43
168 44
169 45
170 46
171 47
172 48
173 49
174 50
175 51
176 52
177 53
178 54
179 55
180 56
181 57
182 58
183 59
184 60
185 61
186 62
187 1
188 2
189 3
190 4
191 5
192 6
193 7
194 8
195 9
196 10
197 11
198 12
199 13
200 14
201 15
202 16
203 17
204 18
205 19
206 20
207 21
208 22
209 23
210 24
211 25
212 26
213 27
214 28
215 29
216 30
217 31
218 32
219 33
220 34
221 35
222 36
223 37
224 38
225 39
226 40
227 41
228 42
229 43
230 44
231 45
232 46
233 47
234 48
235 49
236 50
237 51
238 52
239 53
240 54
241 55
242 56
243 57
244 58
245 59
246 60
247 61
248 62
249 1
250 2
251 3
252 4
253 5
254 6
255 7
256 8
257 9
258 10
259 11
260 12
261 13
262 14
263 15
264 16
265 17
266 18
267 19
268 20
269 21
270 22
271 23
272 24
273 25
274 26
275 27
276 28
277 29
278 30
279 31
280 32
281 33
282 34
283 35
284 36
285 37
286 38
287 39
288 40
289 41
290 42
291 43
292 44
293 45
294 46
295 47
296 48
297 49
298 50
299 51
300 52
301 53
302 54
303 55
304 56
305 57
306 58
307 59
308 60
309 61
310 62
311 1
312 2
313 3
314 4
315 5
316 6
317 7
318 8
319 9
320 10
321 11
322 12
323 13
324 14
325 15
326 16
327 17
328 18
329 19
330 20
331 21
332 22
333 23
334 24
335 25
336 26
337 27
338 28
339 29
340 30
341 31
342 32
343 33
344 34
1 35
2 36
3 37
4 38
5 39
6 40
7 41
8 42
9 43
10 44
11 45
12 46
13 47
14 48
15 49
16 50
17 51
18 52
19 53
20 54
21 55
22 56
23 57
24 58
25 59
26 60
27 61
28 62
29 1
30 2
31 3
32 4
33 5
34 6
35 7
36 8
37 9
38 10
39 11
40 12
41 13
42 14
43 15
44 16
45 17
46 18
47 19
48 20
49 21
50 22
51 23
52 24
53 25
54 26
55 27
56 28
57 29
58 30
59 31
60 32
61 33
62 34
63 35
64 36
65 37
66 38
67 39
68 40
69 41
70 42
71 43
72 44
73 45
74 46
75 47
76 48
77 49
78 50
79 51
80 52
81 53
82 54
83 55
84 56
85 57
86 58
87 59
88 60
89 61
90 62
91 1
92 2
93 3
94 4
95 5
96 6
97 7
98 8
99 9
100 10
101 11
102 12
103 13
104 14
105 15
106 16
107 17
108 18
109 19
110 20
111 21
112 22
113 23
114 24
115 25
116 26
117 27
118 28
119 29
120 30
121 31
122 32
123 33
124 34
125 35
126 36
127 37
128 38
129 39
130 40
131 41
132 42
133 43
134 44
135 45
136 46
137 47
138 48
139 49
140 50
141 51
142 52
143 53
144 54
145 55
146 56
147 57
148 58
149 59
150 60
151 61
152 62
153 1
154 2
155 3
156 4
157 5
158 6
159 7
160 8
161 9
162 10
163 11
164 12
165 13
166 14
167 15
168 16
169 17
170 18
171 19
172 20
173 21
174 22
175 23
176 24
177 25
178 26
179 27
180 28
181 29
182 30
183 31
184 32
185 33
186 34
187 35
188 36
189 37
190 38
191 39
192 40
193 41
194 42
195 43
196 44
197 45
198 46
199 47
200 48
201 49
202 50
203 51
204 52
205 53
206 54
207 55
208 56
209 57
210 58
211 59
212 60
213 61
214 62
215 1
216 2
217 3
218 4
219 5
220 6
221 7
222 8
223 9
224 10
225 11
226 12
227 13
228 14
229 15
230 16
231 17
232 18
233 19
234 20
235 21
236 22
237 23
238 24
239 25
240 26
241 27
242 28
243 29
244 30
245 31
246 32
247 33
248 34
249 35
250 36
251 37
252 38
253 39
254 40
255 41
256 42
257 43
258 44
259 45
260 46
261 47
262 48
263 49
264 50
265 51
266 52
267 53
268 54
269 55
270 56
271 57
272 58
273 59
274 60
275 61
276 62
277 1
278 2
279 3
280 4
281 5
282 6
283 7
284 8
285 9
286 10
287 11
288 12
289 13
290 14
291 15
292 16
293 17
294 18
295 19
296 20
297 21
298 22
299 23
300 24
301 25
302 26
303 27
304 28
305 29
306 30
307 31
308 32
309 33
310 34
311 35
312 36
313 37
314 38
315 39
316 40
317 41
318 42
319 43
320 44
321 45
322 46
323 47
324 48
325 49
326 50
327 51
328 52
329 53
330 54
331 55
332 56
333 57
334 58
335 59
336 60
337 61
338 62
339 1
340 2
341 3
342 4
343 5
344 6
1 7
2 8
3 9
4 10
5 11
6 12
7 13
8 14
9 15
10 16
11 17
12 18
13 19
14 20
15 21
16 22
17 23
18 24
19 25
20 26
21 27
22 28
23 29
24 30
25 31
26 32
27 33
28 34
29 35
30 36
31 37
32 38
33 39
34 40
35 41
36 42
37 43
38 44
39 45
40 46
41 47
42 48
43 49
44 50
45 51
46 52
47 53
48 54
49 55
50 56
51 57
52 58
53 59
54 60
55 61
56 62
57 1
58 2
59 3
60 4
61 5
62 6
63 7
64 8
65 9
66 10
67 11
68 12
69 13
70 14
71 15
72 16
73 17
74 18
75 19
76 20
77 21
78 22
79 23
80 24
81 25
82 26
83 27
84 28
85 29
86 30
87 31
88 32
89 33
90 34
91 35
92 36
93 37
94 38
95 39
96 40
97 41
98 42
99 43
100 44
101 45
102 46
103 47
104 48
105 49
106 50
107 51
108 52
109 53
110 54
111 55
112 56
113 57
114 58
115 59
116 60
117 61
118 62
119 1
120 2
121 3
122 4
123 5
124 6
125 7
126 8
127 9
128 10
129 11
130 12
131 13
132 14
133 15
134 16
135 17
136 18
137 19
138 20
139 21
140 22
141 23
142 24
143 25
144 26
145 27
146 28
147 29
148 30
149 31
150 32
151 33
152 34
153 35
154 36
155 37
156 38
157 39
158 40
159 41
160 42
161 43
162 44
163 45
164 46
