1 1
2 2
3 3
4 4
5 5
6 6
7 7
8 8
9 9
10 10
11 11
12 12
13 13
14 14
15 15
16 16
17 17
18 18
19 19
20 20
21 21
22 22
23 23
24 24
25 25
26 26
27 27
28 28
29 29
30 30
31 31
32 32
33 33
34 34
35 35
36 36
37 37
38 38
39 39
40 40
41 41
42 42
43 43
44 44
45 45
46 46
47 47
48 48
49 49
50 50
51 51
52 52
53 53
54 54
55 55
56 56
57 57
58 58
59 59
60 60
61 61
62 62
63 63
64 64
65 65
66 66
67 67
68 68
69 69
70 70
71 71
72 72
73 1
74 2
75 3
76 4
77 5
78 6
79 7
80 8
81 9
82 10
83 11
84 12
85 13
86 14
87 15
88 16
89 17
90 18
91 19
92 20
93 21
94 22
95 23
96 24
97 25
98 26
99 27
100 28
101 29
102 30
103 31
104 32
105 33
106 34
107 35
108 36
109 37
110 38
111 39
112 40
113 41
114 42
115 43
116 44
117 45
118 46
119 47
120 48
121 49
122 50
123 51
124 52
125 53
126 54
127 55
128 56
129 57
130 58
131 59
132 60
133 61
134 62
135 63
136 64
137 65
138 66
139 67
140 68
141 69
142 70
143 71
144 72
145 1
146 2
147 3
148 4
149 5
150 6
151 7
152 8
153 9
154 10
155 11
156 12
157 13
158 14
159 15
160 16
161 17
162 18
163 19
164 20
165 21
166 22
167 23
168 24
169 25
170 26
171 27
172 28
173 29
174 30
175 31
176 32
177 33
178 34
179 35
180 36
181 37
182 38
183 39
184 40
185 41
186 42
187 43
188 44
189 45
190 46
191 47
192 48
193 49
194 50
195 51
196 52
197 53
198 54
199 55
200 56
201 57
202 58
203 59
204 60
205 61
206 62
207 63
208 64
209 65
210 66
211 67
212 68
213 69
214 70
215 71
216 72
217 1
218 2
219 3
220 4
221 5
222 6
223 7
224 8
225 9
226 10
227 11
228 12
229 13
230 14
231 15
232 16
233 17
234 18
235 19
236 20
237 21
238 22
239 23
240 24
241 25
242 26
243 27
244 28
245 29
246 30
247 31
248 32
249 33
250 34
251 35
252 36
253 37
254 38
255 39
256 40
257 41
258 42
259 43
260 44
261 45
262 46
263 47
264 48
265 49
266 50
267 51
268 52
269 53
270 54
271 55
272 56
273 57
274 58
275 59
276 60
277 61
278 62
279 63
280 64
281 65
282 66
283 67
284 68
285 69
286 70
287 71
288 72
289 1
290 2
291 3
292 4
293 5
294 6
295 7
296 8
297 9
298 10
299 11
300 12
301 13
302 14
303 15
304 16
305 17
306 18
307 19
308 20
309 21
310 22
311 23
312 24
313 25
314 26
315 27
316 28
317 29
318 30
319 31
320 32
321 33
322 34
323 35
324 36
325 37
326 38
327 39
328 40
329 41
330 42
331 43
332 44
333 45
334 46
335 47
336 48
337 49
338 50
339 51
340 52
341 53
342 54
343 55
344 56
345 57
346 58
347 59
348 60
349 61
350 62
351 63
352 64
353 65
354 66
355 67
356 68
357 69
358 70
359 71
360 72
361 1
362 2
363 3
364 4
365 5
366 6
367 7
368 8
369 9
370 10
371 11
372 12
373 13
374 14
375 15
376 16
377 17
378 18
379 19
380 20
381 21
382 22
383 23
384 24
385 25
386 26
387 27
388 28
389 29
390 30
391 31
392 32
393 33
394 34
395 35
396 36
397 37
398 38
399 39
400 40
401 41
402 42
403 43
404 44
405 45
406 46
407 47
408 48
409 49
410 50
411 51
412 52
413 53
414 54
415 55
416 56
417 57
418 58
419 59
420 60
421 61
422 62
423 63
424 64
425 65
426 66
427 67
428 68
429 69
430 70
431 71
432 72
433 1
434 2
435 3
436 4
437 5
438 6
439 7
440 8
441 9
442 10
443 11
444 12
445 13
446 14
447 15
448 16
449 17
450 18
451 19
452 20
453 21
454 22
455 23
456 24
457 25
458 26
459 27
460 28
461 29
462 30
463 31
464 32
465 33
466 34
467 35
468 36
469 37
470 38
471 39
472 40
473 41
474 42
475 43
476 44
477 45
478 46
479 47
480 48
481 49
482 50
483 51
484 52
485 53
486 54
487 55
488 56
489 57
490 58
491 59
492 60
493 61
494 62
495 63
496 64
497 65
498 66
499 67
500 68
501 69
502 70
503 71
504 72
505 1
506 2
507 3
508 4
509 5
510 6
511 7
512 8
513 9
514 10
515 11
516 12
517 13
518 14
519 15
520 16
521 17
522 18
523 19
524 20
525 21
526 22
527 23
528 24
529 25
530 26
531 27
532 28
533 29
534 30
535 31
536 32
537 33
538 34
539 35
540 36
541 37
542 38
543 39
544 40
545 41
546 42
547 43
548 44
549 45
550 46
551 47
552 48
553 49
554 50
555 51
556 52
557 53
558 54
559 55
560 56
561 57
562 58
563 59
564 60
565 61
566 62
567 63
568 64
569 65
570 66
571 67
572 68
573 69
574 70
575 71
576 72
577 1
578 2
579 3
580 4
581 5
582 6
583 7
584 8
585 9
586 10
587 11
588 12
589 13
590 14
591 15
592 16
593 17
594 18
595 19
596 20
597 21
598 22
599 23
600 24
601 25
602 26
603 27
604 28
605 29
606 30
607 31
608 32
609 33
610 34
611 35
612 36
613 37
614 38
615 39
616 40
617 41
618 42
619 43
620 44
621 45
622 46
623 47
624 48
625 49
626 50
627 51
628 52
629 53
630 54
631 55
632 56
633 57
634 58
635 59
636 60
637 61
638 62
639 63
640 64
641 65
642 66
643 67
644 68
645 69
646 70
647 71
648 72
649 1
650 2
651 3
652 4
653 5
654 6
655 7
656 8
657 9
658 10
659 11
660 12
661 13
662 14
663 15
664 16
665 17
666 18
667 19
668 20
669 21
670 22
671 23
672 24
673 25
674 26
675 27
676 28
677 29
678 30
679 31
680 32
681 33
682 34
683 35
684 36
685 37
686 38
687 39
688 40
689 41
690 42
691 43
692 44
693 45
694 46
695 47
696 48
697 49
698 50
699 51
700 52
701 53
702 54
703 55
704 56
705 57
706 58
707 59
708 60
709 61
710 62
711 63
712 64
713 65
714 66
715 67
716 68
717 69
718 70
719 71
720 72
721 1
722 2
723 3
724 4
725 5
726 6
