1 1
2 2
3 3
4 4
5 5
6 6
7 7
8 8
9 9
10 10
11 11
12 12
13 13
14 14
15 15
16 16
17 17
18 18
19 19
20 20
21 21
22 22
23 23
24 24
25 25
26 26
27 27
28 28
29 29
30 30
31 31
32 32
33 33
34 34
35 35
36 36
37 37
38 38
39 39
40 40
41 41
42 42
43 43
44 44
45 45
46 46
47 47
48 48
49 49
50 50
51 51
52 52
53 53
54 54
55 55
56 56
57 57
58 58
59 59
60 60
61 61
62 62
63 63
64 64
65 65
66 66
67 67
68 68
69 69
70 70
71 71
72 72
73 73
74 74
75 75
76 76
77 77
78 78
79 79
80 80
81 81
82 82
83 83
84 84
85 85
86 86
87 87
88 88
89 89
90 90
91 91
92 92
93 93
94 94
95 95
96 96
97 97
98 98
99 99
100 100
101 101
102 102
103 103
104 104
105 105
106 106
107 107
108 108
109 109
110 110
111 111
112 112
113 113
114 114
115 115
116 116
117 117
118 118
119 119
120 120
121 121
122 122
123 123
124 124
125 125
126 126
127 127
128 128
129 129
130 130
131 131
132 132
133 133
134 134
135 135
136 136
137 137
138 138
139 139
140 140
141 1
142 2
143 3
144 4
145 5
146 6
147 7
148 8
149 9
150 10
151 11
152 12
153 13
154 14
155 15
156 16
157 17
158 18
159 19
160 20
161 21
162 22
163 23
164 24
165 25
166 26
167 27
168 28
169 29
170 30
171 31
172 32
173 33
174 34
175 35
176 36
177 37
178 38
179 39
180 40
181 41
182 42
183 43
184 44
185 45
186 46
187 47
188 48
189 49
190 50
191 51
192 52
193 53
194 54
195 55
196 56
197 57
198 58
199 59
200 60
201 61
202 62
203 63
204 64
205 65
206 66
207 67
208 68
209 69
210 70
211 71
212 72
213 73
214 74
215 75
216 76
217 77
218 78
219 79
220 80
221 81
222 82
223 83
224 84
225 85
226 86
227 87
228 88
229 89
230 90
231 91
232 92
233 93
234 94
235 95
236 96
237 97
238 98
239 99
240 100
241 101
242 102
243 103
244 104
245 105
246 106
247 107
248 108
249 109
250 110
251 111
252 112
253 113
254 114
255 115
256 116
257 117
258 118
259 119
260 120
261 121
262 122
263 123
264 124
265 125
266 126
267 127
268 128
269 129
270 130
271 131
272 132
273 133
274 134
275 135
276 136
277 137
278 138
279 139
280 140
281 1
282 2
283 3
284 4
285 5
286 6
287 7
288 8
289 9
290 10
291 11
292 12
293 13
294 14
295 15
296 16
297 17
298 18
299 19
300 20
301 21
302 22
303 23
304 24
305 25
306 26
307 27
308 28
309 29
310 30
311 31
312 32
313 33
314 34
315 35
316 36
317 37
318 38
319 39
320 40
321 41
322 42
323 43
324 44
325 45
326 46
327 47
328 48
329 49
330 50
331 51
332 52
333 53
334 54
335 55
336 56
337 57
338 58
339 59
340 60
341 61
342 62
343 63
344 64
345 65
346 66
347 67
348 68
349 69
350 70
351 71
352 72
353 73
354 74
355 75
356 76
357 77
358 78
359 79
360 80
361 81
362 82
363 83
364 84
365 85
366 86
367 87
368 88
369 89
370 90
371 91
372 92
373 93
374 94
375 95
376 96
377 97
378 98
379 99
380 100
381 101
382 102
383 103
384 104
385 105
386 106
387 107
388 108
389 109
390 110
391 111
392 112
393 113
394 114
395 115
396 116
397 117
398 118
399 119
400 120
401 121
402 122
403 123
404 124
405 125
406 126
407 127
408 128
409 129
410 130
411 131
412 132
413 133
414 134
415 135
416 136
417 137
418 138
419 139
420 140
421 1
422 2
423 3
424 4
425 5
426 6
427 7
428 8
429 9
430 10
431 11
432 12
433 13
434 14
435 15
436 16
437 17
438 18
439 19
440 20
441 21
442 22
443 23
444 24
445 25
446 26
447 27
448 28
449 29
450 30
451 31
452 32
453 33
454 34
455 35
456 36
457 37
458 38
459 39
460 40
461 41
462 42
463 43
464 44
465 45
466 46
467 47
468 48
469 49
470 50
471 51
472 52
473 53
474 54
475 55
476 56
477 57
478 58
479 59
480 60
481 61
482 62
483 63
484 64
485 65
486 66
487 67
488 68
489 69
490 70
491 71
492 72
493 73
494 74
495 75
496 76
497 77
498 78
499 79
500 80
501 81
502 82
503 83
504 84
505 85
506 86
507 87
508 88
509 89
510 90
511 91
512 92
513 93
514 94
515 95
516 96
517 97
518 98
519 99
520 100
521 101
522 102
523 103
524 104
525 105
526 106
527 107
528 108
529 109
530 110
531 111
532 112
533 113
534 114
535 115
536 116
537 117
538 118
539 119
540 120
541 121
542 122
543 123
544 124
545 125
546 126
547 127
548 128
549 129
550 130
551 131
552 132
553 133
554 134
555 135
556 136
557 137
558 138
559 139
560 140
561 1
562 2
563 3
564 4
565 5
566 6
567 7
568 8
569 9
570 10
571 11
572 12
573 13
574 14
575 15
576 16
577 17
578 18
579 19
580 20
581 21
582 22
583 23
584 24
585 25
586 26
587 27
588 28
589 29
590 30
591 31
592 32
593 33
594 34
595 35
596 36
597 37
598 38
599 39
600 40
601 41
602 42
603 43
604 44
605 45
606 46
607 47
608 48
609 49
610 50
611 51
612 52
613 53
614 54
615 55
616 56
617 57
618 58
619 59
620 60
621 61
622 62
623 63
624 64
625 65
626 66
627 67
628 68
629 69
630 70
631 71
632 72
633 73
634 74
635 75
636 76
637 77
638 78
639 79
640 80
641 81
642 82
643 83
644 84
645 85
646 86
647 87
648 88
649 89
650 90
651 91
652 92
653 93
654 94
655 95
656 96
657 97
658 98
659 99
660 100
661 101
662 102
