1 1
2 2
3 3
4 4
5 5
6 6
7 7
8 8
9 9
10 10
11 11
12 12
13 13
14 14
15 15
16 16
17 17
18 18
19 19
20 20
21 21
22 22
23 23
24 24
25 25
26 26
27 27
28 28
29 29
30 30
31 31
32 32
33 33
34 34
35 35
36 36
37 37
38 38
39 39
40 40
41 41
42 42
43 43
44 44
45 45
46 46
47 47
48 48
49 49
50 50
51 51
52 52
53 53
54 54
55 55
56 56
57 57
58 58
59 59
60 60
61 61
62 62
63 63
64 64
65 65
66 66
67 67
68 68
69 69
70 70
71 71
72 72
73 73
74 74
75 75
76 76
77 77
78 78
79 79
80 80
81 81
82 82
83 83
84 84
85 85
86 86
87 87
88 88
89 89
90 90
91 91
92 92
93 93
94 94
95 95
96 96
97 97
98 98
99 99
100 100
101 101
102 102
103 103
104 104
105 105
106 106
107 107
108 108
109 109
110 110
111 111
112 112
113 113
114 114
115 115
116 116
117 117
118 118
119 119
120 120
121 121
122 122
123 123
124 124
125 125
126 126
127 127
128 128
129 129
130 130
131 131
132 132
133 133
134 134
135 135
136 136
137 137
138 138
139 139
140 140
141 141
142 142
143 143
144 144
145 145
146 146
147 147
148 148
149 149
150 150
151 151
152 152
153 153
154 154
155 155
156 156
157 157
158 158
159 159
160 160
161 1
162 2
163 3
164 4
165 5
166 6
167 7
168 8
169 9
170 10
171 11
172 12
173 13
174 14
175 15
176 16
177 17
178 18
179 19
180 20
181 21
182 22
183 23
184 24
185 25
186 26
187 27
188 28
189 29
190 30
191 31
192 32
193 33
194 34
195 35
196 36
197 37
198 38
199 39
200 40
201 41
202 42
203 43
204 44
205 45
206 46
207 47
208 48
209 49
210 50
211 51
212 52
213 53
214 54
215 55
216 56
217 57
218 58
219 59
220 60
221 61
222 62
223 63
224 64
225 65
226 66
227 67
228 68
229 69
230 70
231 71
232 72
233 73
234 74
235 75
236 76
237 77
238 78
239 79
240 80
241 81
242 82
243 83
244 84
245 85
246 86
247 87
248 88
249 89
250 90
251 91
252 92
253 93
254 94
255 95
256 96
257 97
258 98
259 99
260 100
261 101
262 102
263 103
264 104
265 105
266 106
267 107
268 108
269 109
270 110
271 111
272 112
273 113
274 114
275 115
276 116
277 117
278 118
279 119
280 120
281 121
282 122
283 123
284 124
285 125
286 126
287 127
288 128
289 129
290 130
291 131
292 132
293 133
294 134
295 135
296 136
297 137
298 138
299 139
300 140
301 141
302 142
303 143
304 144
305 145
306 146
307 147
308 148
309 149
310 150
311 151
312 152
313 153
314 154
315 155
316 156
317 157
318 158
319 159
320 160
321 1
322 2
323 3
324 4
325 5
326 6
327 7
328 8
329 9
330 10
331 11
332 12
333 13
334 14
335 15
336 16
337 17
338 18
339 19
340 20
341 21
342 22
343 23
344 24
345 25
346 26
347 27
348 28
349 29
350 30
351 31
352 32
353 33
354 34
355 35
356 36
357 37
358 38
359 39
360 40
361 41
362 42
363 43
364 44
365 45
366 46
367 47
368 48
369 49
370 50
371 51
372 52
373 53
374 54
375 55
376 56
377 57
378 58
379 59
380 60
381 61
382 62
383 63
384 64
385 65
386 66
387 67
388 68
389 69
390 70
391 71
392 72
393 73
394 74
395 75
396 76
397 77
398 78
399 79
400 80
401 81
402 82
403 83
404 84
405 85
406 86
407 87
408 88
409 89
410 90
411 91
412 92
413 93
414 94
415 95
416 96
417 97
418 98
419 99
420 100
421 101
422 102
423 103
424 104
425 105
426 106
427 107
428 108
429 109
430 110
431 111
432 112
433 113
434 114
435 115
436 116
437 117
438 118
439 119
440 120
441 121
442 122
443 123
444 124
445 125
446 126
447 127
448 128
449 129
450 130
451 131
452 132
453 133
454 134
455 135
456 136
457 137
458 138
459 139
460 140
461 141
462 142
463 143
464 144
465 145
466 146
467 147
468 148
469 149
470 150
471 151
472 152
473 153
474 154
475 155
476 156
477 157
478 158
479 159
480 160
481 1
482 2
483 3
484 4
485 5
486 6
487 7
488 8
489 9
490 10
491 11
492 12
493 13
494 14
495 15
496 16
497 17
498 18
499 19
500 20
501 21
502 22
503 23
504 24
505 25
506 26
507 27
508 28
509 29
510 30
511 31
512 32
513 33
514 34
515 35
516 36
517 37
518 38
519 39
520 40
521 41
522 42
523 43
524 44
525 45
526 46
527 47
528 48
529 49
530 50
531 51
532 52
533 53
534 54
535 55
536 56
537 57
538 58
539 59
540 60
541 61
542 62
543 63
544 64
545 65
546 66
547 67
548 68
549 69
550 70
551 71
552 72
553 73
554 74
555 75
556 76
557 77
558 78
559 79
560 80
561 81
562 82
563 83
564 84
565 85
566 86
567 87
568 88
569 89
570 90
571 91
572 92
573 93
574 94
575 95
576 96
577 97
578 98
579 99
580 100
581 101
582 102
583 103
584 104
585 105
586 106
587 107
588 108
589 109
590 110
591 111
592 112
593 113
594 114
595 115
596 116
597 117
598 118
599 119
600 120
601 121
602 122
603 123
604 124
605 125
606 126
607 127
608 128
609 129
610 130
611 131
612 132
613 133
614 134
615 135
616 136
617 137
618 138
619 139
620 140
621 141
622 142
623 143
624 144
625 145
626 146
627 147
628 148
629 149
630 150
631 151
632 152
633 153
634 154
635 155
636 156
637 157
638 158
639 159
640 160
641 1
642 2
643 3
644 4
645 5
646 6
647 7
648 8
649 9
650 10
651 11
652 12
653 13
654 14
655 15
656 16
657 17
658 18
659 19
660 20
661 21
662 22
663 23
664 24
665 25
666 26
667 27
668 28
669 29
670 30
671 31
672 32
673 33
674 34
675 35
676 36
677 37
678 38
1 39
2 40
3 41
4 42
5 43
6 44
7 45
8 46
9 47
10 48
11 49
12 50
13 51
14 52
15 53
16 54
17 55
18 56
19 57
20 58
21 59
22 60
23 61
24 62
25 63
26 64
27 65
28 66
29 67
30 68
31 69
32 70
33 71
34 72
35 73
36 74
37 75
38 76
39 77
40 78
41 79
42 80
43 81
44 82
45 83
46 84
47 85
48 86
49 87
50 88
51 89
52 90
53 91
