6116
6154
3621
2499
9806
4602
6194
2979
5454
1482
2881
2154
9448
1995
2671
4613
8384
7090
2144
3688
2962
6072
1733
5880
4140
5081
4346
3068
3187
136
5385
9047
6326
3139
4072
7343
1634
3771
7113
9283
925
8390
6472
2390
7427
6177
3880
7005
1099
8093
4739
6918
8434
1346
2101
720
9803
3663
8471
745
2293
7291
4612
7912
4250
1574
9091
3635
9336
6083
62
3535
6141
692
2879
2886
84
5751
9079
368
8671
284
3094
9520
7844
2096
4134
7252
6011
1518
8710
8081
7255
8411
5193
329
8758
7787
3312
633
4925
5883
4322
8351
8443
1993
71
4020
5444
384
1907
4565
6092
5913
4916
7124
3721
4409
2660
8730
3428
782
7813
7688
454
5262
2716
8680
1886
2523
5249
6228
5539
8283
5486
4447
2523
7852
2475
8615
2573
6680
3174
1813
513
1642
1154
4847
8499
1529
3198
9741
7005
2144
6851
1036
9712
6069
7065
2610
1420
4209
4544
2949
9128
1688
3872
2388
5004
883
9348
3182
9354
6067
8888
2858
410
7762
1352
6210
5717
2651
9570
1570
91
8137
7366
1388
5831
1126
1706
3900
4115
9163
2308
6671
8923
7617
7615
6264
9058
8148
6172
4173
500
4252
121
3338
7285
8045
2687
3990
5553
8689
2661
3701
2439
9299
6893
8862
5850
4420
6847
585
5549
6113
8308
2823
7742
8999
2441
4122
8717
2376
8134
3256
7481
4465
7355
8666
1745
9429
7378
2706
1664
165
3819
8201
1261
4949
9251
1865
3715
2992
3117
5873
8450
5686
434
4744
3233
6149
3242
483
1266
6088
923
9516
324
3317
2953
7441
4994
3010
9442
5310
9494
2701
1036
4918
2995
9604
8758
4845
826
3415
8103
785
7339
3567
4891
2825
2142
5680
500
527
2341
5273
6279
7464
7005
8547
2158
8525
9410
5548
6769
4966
4331
1879
275
6223
3978
7763
3146
1024
8376
4909
311
6183
1624
8433
3709
9696
248
3015
4341
9269
5245
7443
2239
6575
9257
2322
18
7108
7963
118
3160
9478
2394
8615
5582
3383
5531
8161
2947
3751
8547
9340
2385
3429
3144
9955
6484
1865
7439
1029
4541
8826
4236
879
3299
8277
1271
1558
7718
6648
1767
8222
9814
743
1046
85
3002
3696
9338
4909
246
3636
9736
6901
9735
604
293
6751
9433
3779
1967
1652
1266
5308
2421
9178
9414
6959
2513
4910
7698
1496
3982
1617
4045
7669
7566
2513
3248
1394
4050
2219
2572
2254
384
4826
4163
8923
14
8957
7764
8577
2647
4080
7068
3729
3339
5748
5975
4204
8492
6164
6207
552
4379
2620
2501
9130
954
8055
7204
516
9281
5713
3569
5357
5560
2405
5715
4889
7148
8757
1676
5467
734
3985
5383
3818
3505
5689
6227
977
2766
9020
9718
3415
3481
8661
7212
5222
6257
7741
8148
465
17
6287
2925
3212
7467
8254
877
9223
973
1192
2302
301
8347
5911
6432
1361
274
3505
2488
2747
7209
641
2995
3791
897
7494
2976
2886
248
8914
1293
5915
6189
8107
1389
29
85
8585
4738
5408
3896
1296
8613
9668
6445
9005
9543
1708
800
1722
4823
5715
1476
7481
5411
8022
3015
3471
3791
9113
2939
9478
9916
1895
4149
8534
4403
3085
3436
365
8173
6646
3567
2310
1673
4628
4204
9258
1613
510
766
7543
8844
3522
6020
8337
6331
4995
1846
1850
3662
3308
8411
5908
8879
1018
206
7247
2585
3465
7177
3028
2411
2200
9893
245
3211
7120
6971
536
702
8755
4318
2580
3117
887
2385
3166
239
4020
1
8666
2011
5606
1006
4392
5667
5875
3095
8333
9484
2195
7271
7491
370
8197
5692
9950
8757
3157
3769
8967
2118
6189
5925
885
8330
1875
3795
5177
5283
42
1038
4631
3482
5758
6839
384
1755
5599
1291
8092
2751
5063
9649
5024
173
3110
2444
3934
9528
6344
8628
9377
9501
4543
5071
2821
3167
1990
1066
2939
2881
7369
8240
1278
6976
890
8338
3532
7926
3996
1605
7226
2946
7416
9838
927
4506
9709
6338
6209
856
4719
9749
4141
8552
8465
7505
9733
2615
4892
5494
6090
3265
1991
9257
8287
6295
8725
238
5902
5405
1102
733
5937
4473
1369
4963
6766
3636
2657
4188
5436
1848
834
6838
7433
9336
1224
1438
5010
8079
7236
9310
7105
7355
9018
3208
8244
4498
5789
4271
9475
6907
698
3471
4559
5857
2817
8188
3432
4259
4721
1895
5556
7989
1109
615
8769
3002
3672
8967
6250
2848
7189
3079
2861
2742
323
9941
7605
116
4658
5549
8383
4612
4470
9723
7390
8584
7895
313
3189
9161
4508
6552
4420
3814
2769
1599
713
2915
8506
8116
1344
5014
9083
6092
7933
8768
7702
4399
9463
3809
5422
3891
7687
9923
5509
2308
2126
4861
448
323
6483
6286
6918
9034
5523
5710
1439
3440
8441
8890
1530
3514
8293
5331
6077
8503
1352
3506
8173
4628
5795
1190
7713
6677
4495
6736
2027
852
2482
3783
5373
4861
190
9955
1152
4587
5438
3661
9018
2909
3697
760
4593
341
7005
2753
4240
6338
8513
4384
2666
6724
2988
2121
6715
1
7910
1811
7051
3383
9611
8553
2159
8752
4542
6892
3538
5224
2593
5773
7987
1916
1248
7094
2382
2623
8997
5392
768
3821
9907
1799
4671
2389
4231
7913
6005
273
5606
4479
3569
7327
1193
2748
7979
5757
3995
2865
5369
8137
5994
5518
9208
9220
4207
9429
2655
5118
883
8802
8443
7235
5470
6631
2665
323
5474
540
314
4550
7763
8803
5542
7713
253
9338
9319
5933
2756
3401
7773
2684
4194
4236
9065
7414
6494
4961
9768
4699
380
2150
6740
7151
3208
2203
6117
2404
4763
2939
7452
320
864
2729
4417
8111
4481
5224
6688
5373
8649
753
518
5518
7923
93
1454
2337
6727
8813
2322
8628
8151
9746
985
7188
6893
3153
7797
264
4463
4305
1476
8543
9077
9425
9957
264
3561
4114
8350
4431
9843
2181
7383
9671
3122
5915
7135
1401
5915
4983
5177
8581
1593
5849
78
1088
4352
9868
8349
4130
722
6154
4892
3181
500
5076
7261
6540
9733
7476
2488
6735
6746
4662
5600
8827
3889
2872
4472
2871
3542
5928
9129
7922
8916
4920
8428
8929
1308
6141
8133
6862
6797
3080
7191
3110
5152
2299
5618
6750
4862
8409
5757
7419
1056
3406
6210
4473
3489
7361
4709
6859
365
5092
7206
9101
8411
8537
8881
6939
8049
227
8646
9483
1885
9483
3801
5936
3808
9468
1850
1719
5131
4930
1762
2529
2546
5144
242
4499
4784
7515
5841
4100
3999
9354
187
4943
2720
7253
2655
6279
6746
8280
7491
4919
7068
5664
234
4949
7396
9121
7137
4100
1621
3508
1665
9884
1263
5935
8184
1489
1527
9163
4918
5902
9475
7983
6280
4461
177
1228
2703
8665
8623
7485
1701
1409
8322
3597
2409
8113
4207
4315
4217
7766
4612
1701
6055
5286
4173
6360
579
5643
3239
7534
2365
2100
7698
2443
3217
1555
2821
4895
4629
5073
8576
3439
1008
6189
9219
299
9392
3311
3409
4898
934
6224
9556
1018
5487
8338
7268
1619
4535
4454
9121
8433
5860
7435
3178
8913
6406
363
3496
6770
3295
4835
9611
2026
9083
3543
6472
5469
314
3083
6861
9481
6735
3427
2926
9034
7794
9626
9064
8686
2057
7539
6251
2996
7545
710
9662
4303
1280
7284
5857
902
248
1819
1955
9874
7334
7435
9352
9867
6735
8165
2727
885
1487
1218
9037
4367
3691
3290
4532
2686
9607
4285
324
4581
3310
1617
1799
4025
6857
6699
6484
5643
1574
5131
1140
5322
4460
8910
6383
7475
4256
927
526
6004
7407
2029
8140
1865
25
2385
4414
33
1816
1317
6544
8531
1697
4637
8059
2730
3333
3566
6270
4966
6570
6744
8034
515
354
8101
3542
6984
2376
2728
6518
9020
125
3529
7108
8240
3772
1519
7435
3542
5784
6381
5832
3696
7618
5033
2837
7176
1795
6442
1835
8955
6081
7804
6469
4630
6349
9800
7980
6395
4089
1518
545
2621
8585
6199
3523
8555
6499
242
243
6293
4752
443
7806
879
5761
3799
168
6702
3402
5932
799
822
1043
1376
2223
938
6508
8034
885
9848
4399
7049
6532
1221
4139
4361
5713
9909
8542
8580
2671
7953
5552
6919
2027
9117
5853
8165
7548
2728
3305
3333
532
8438
6815
3178
581
4802
1767
3452
571
4568
42
4965
2914
5024
5924
2536
6055
925
8921
221
3265
5937
8624
3239
9537
4194
6064
8673
4587
3108
1410
1734
3367
8813
5034
6000
196
8081
5182
9695
7467
5939
3515
1383
2073
7996
9789
5283
4819
6082
426
5715
2260
2766
6508
4818
697
5118
214
2337
8170
7359
3861
2951
5239
2915
9691
9886
62
9962
9903
462
5908
1081
2628
754
1814
1527
3779
8151
7734
6823
3346
3634
7290
1900
9400
2144
965
9430
8051
1209
3536
4255
5922
234
1864
8305
3252
227
4716
8549
8947
6214
4194
5175
9658
2672
449
5703
6340
5045
4126
196
6445
9732
4585
4942
9846
5691
3225
5397
9192
3000
8350
8764
4942
3875
9543
3673
4965
8423
734
8972
7104
7978
7302
1376
5614
9828
6020
3996
3529
3872
9034
5824
5450
1284
3605
7904
7068
4178
1948
1662
7859
3284
926
7188
8593
3391
8982
1199
322
4703
4775
5027
6406
3699
5849
3045
7955
4293
3710
7647
1388
3331
2934
45
3188
4207
9419
3060
9718
8677
9563
1367
7182
8523
1159
8046
9367
2192
9469
3489
2218
3653
7511
6608
7756
6000
6135
1839
3169
6698
2422
3600
2151
5280
6796
1370
3597
1916
9047
5337
748
8878
6039
5185
6483
6589
2462
8969
3641
1843
3008
5290
1852
7854
4620
4442
4847
2067
1333
2571
8835
8160
9662
2100
4771
5133
2672
6518
988
1280
5378
884
3728
7754
8224
5311
3597
3240
9511
9657
7730
1890
9886
4473
7099
1019
1999
5899
204
2431
3834
6770
7663
8644
7318
4735
5407
9448
7621
9468
3726
4920
4565
722
1289
5498
7601
6547
6383
2647
2730
3550
5055
9868
9200
9310
5651
6775
6814
696
2521
3982
4887
6685
1269
1775
6347
5396
9225
8968
8462
3037
2924
5216
7048
2690
8739
9128
6091
7777
679
7407
870
4585
6262
6078
1568
714
8322
7207
947
2177
377
301
6817
9549
3628
6648
6144
3214
5148
8022
2190
8390
6735
5035
4417
3274
6444
980
737
9498
38
2760
195
7375
3679
5704
8669
5147
887
2328
2872
5438
3757
7766
5236
3559
448
9619
3175
9062
4980
6196
9098
1335
7937
6723
7024
8530
8444
5277
9733
5802
4280
1258
5759
4196
1225
1282
1640
7561
1220
9066
6100
3077
9697
1753
2877
8173
1413
8985
3955
1002
5943
8051
1316
8739
7933
4394
6384
3962
9353
849
5122
229
9733
764
9293
7390
8685
4857
5285
6585
2238
9049
6115
9459
1516
9727
4464
9352
2479
5321
4603
2385
848
2368
9302
5249
5222
9797
9909
8189
3448
3900
3721
3372
5509
3982
380
9392
742
1831
973
788
2710
2026
1374
4050
4206
1317
2439
4090
2260
3817
5239
8385
3429
1021
6045
4994
9648
4441
4961
9571
18
9292
1798
106
5313
3537
7324
1709
7852
3523
5135
6367
76
5467
8338
7069
9662
5418
1338
8390
3380
4144
4983
8874
2523
4774
8761
6195
2282
6573
6855
1374
6608
5141
9544
4571
4563
3566
2225
7880
5853
7190
4532
5880
4461
6983
3064
7664
3893
982
8344
6273
2181
8798
5396
1682
8329
7579
4405
8793
1516
9483
979
3728
6853
4615
2441
9819
8928
4579
5162
1804
4709
2995
6543
5919
3076
8423
6742
4554
1628
4671
3099
7358
4237
9592
4966
4541
2885
1175
1163
6602
4382
7534
7755
8337
3228
4382
3455
4819
8489
5050
8888
4919
246
9957
5904
6246
6736
1796
2014
7491
2821
7803
2414
4963
94
2379
3425
4628
9128
983
4662
1921
8734
4278
8861
7471
4284
4559
5535
5791
6383
5791
8383
5034
8254
9679
6236
4973
815
3595
622
109
4420
4367
8636
5240
7454
1388
2244
5127
8883
3320
5454
9066
8853
4462
4963
5295
770
9270
7395
2479
1528
3271
6156
2915
1817
5658
1918
4587
8797
1730
5320
8670
6783
8480
571
253
3983
9909
2204
2121
3877
1950
3345
8990
9032
7278
5928
2434
160
7584
2290
7116
9663
7537
2425
2012
7099
8195
4300
7483
214
2630
9270
1843
8387
4654
7235
3296
344
9970
6873
8602
1875
7040
2057
5824
3980
8946
8909
4364
8299
1547
2809
8225
6773
1574
9655
8453
1735
2380
8503
5690
6620
1265
9205
8771
6763
1246
1012
7671
5598
3871
4320
5724
1851
3816
9249
1505
6947
9144
7650
679
7883
8975
1651
929
6832
557
7175
9571
6064
5077
5506
8582
1065
6486
9737
2845
2923
7325
7679
9986
867
1038
2227
3566
5600
2282
9350
500
9558
2049
6647
7806
8689
7094
5558
1232
9058
3406
7390
685
8482
3811
20
3584
2627
7708
2244
8108
2757
1300
1386
7358
4398
2767
3615
2409
3199
5177
380
2267
3663
6886
1891
1820
3875
7957
4771
8634
6294
4128
914
2748
361
9922
4697
1138
1258
176
8885
2237
6230
3473
8540
8502
251
598
9395
640
5982
5412
6442
1311
3102
1719
8654
9309
527
2976
5600
3312
1041
1038
9832
7893
6735
7890
5363
9241
4192
6703
5822
7334
1143
251
5255
9110
3043
2045
8657
8572
2221
9946
3061
8375
6380
2595
2569
2336
503
6226
4876
9173
4407
6883
3941
311
8465
2310
2084
1956
8473
438
3027
3279
3745
8617
7099
6216
9029
8284
9563
3926
2608
1697
1486
3597
5378
2949
1860
1410
6572
2261
5322
9066
7566
78
9687
9248
3077
782
1438
6986
6276
9049
7936
5998
9970
9375
9205
1973
5322
5809
2494
9611
1038
2636
58
7725
9681
7993
3769
4800
1282
7874
1639
1771
9934
2512
28
9715
7741
7539
4250
8575
2218
8492
8834
6195
8553
7042
6911
2131
7378
2413
9870
3288
5932
5493
6560
8399
3294
2667
1518
3963
7907
7108
5530
7836
4748
7020
3685
2229
2172
5523
5580
6920
9020
9131
2649
5364
9691
7833
8601
2299
9060
6338
7582
2605
6520
2368
4024
4648
7160
2088
6053
2693
2385
6654
9429
3469
6877
6914
301
2806
9249
1426
1371
6204
28
4605
229
834
4373
1580
3728
384
6150
2407
2367
6117
72
4364
2888
4055
2186
345
4114
8391
5515
2496
1662
6024
5107
6586
7416
2955
4088
377
2867
946
5606
9850
2349
6040
2979
7565
6135
8990
4920
6021
1791
585
3697
553
299
7939
8729
2057
4125
6079
8438
2939
8961
6687
5053
8946
2142
6876
8553
4488
2499
5711
2595
8729
742
3667
8764
443
6754
4796
1516
6262
4771
2864
1745
5162
3450
768
8092
4867
8660
6847
1407
5338
9805
4229
6091
2407
4442
3373
1420
5515
4100
879
6914
8997
7957
5792
1687
3126
862
8263
7334
4858
2922
3176
9298
9772
1697
5704
7640
1727
4148
1806
7836
2728
4633
193
3479
6828
6830
2892
9536
7358
2565
8447
954
5406
3483
149
485
6486
2229
1633
5778
7999
9258
7548
8372
5299
1503
6294
5906
2501
865
9469
8272
2308
4117
2366
4031
8448
5697
2101
4974
462
6088
4728
6297
8453
4505
9472
6590
8336
9236
4005
223
5081
1718
6679
1478
1008
7731
4961
4126
7353
9780
4886
4634
2670
5962
2054
6005
9242
986
4061
6444
7057
1401
8717
2027
2466
9281
6575
8372
123
5883
5751
2521
1176
1138
5844
7544
9782
9993
8362
5025
753
6543
3436
904
4596
4844
1235
623
4658
9793
5869
9830
4397
5757
5114
2780
3815
9712
5471
2872
4318
1563
4477
9828
3776
3705
6257
17
7581
824
9466
5101
8369
2950
3140
6736
8561
4198
4918
5188
8879
2147
5829
2216
3172
4857
5994
7116
3878
8655
1435
9371
1261
8797
9302
9971
9273
800
198
2176
5180
694
1235
4987
1311
6196
5576
5033
8502
7945
6699
7544
9110
7383
6032
6694
1498
8131
1529
4002
4172
3330
5784
3898
3373
1827
7212
7975
3037
7765
2049
9613
8361
7813
8582
9658
8723
1715
7375
2444
7679
2038
7004
9736
57
9676
890
7865
6838
3373
4356
1866
763
1685
4398
2651
455
8824
8081
8568
3772
1056
5787
8796
643
3867
7108
495
6908
2309
4876
4295
632
7066
6370
6892
879
2068
246
5320
6814
5885
7209
915
5496
4612
7493
7326
2230
4172
6610
8593
6892
2383
3938
3016
2067
1138
1157
3358
5265
7770
8133
8622
3623
3684
2864
215
1757
3431
8611
5814
1424
2216
9558
5852
1361
6631
4462
5496
9975
5320
9397
2773
6908
5951
9237
7315
1428
67
8874
7592
2334
6675
9469
3897
9288
2939
33
890
585
9655
4965
3255
5757
8505
4987
8390
190
8268
5680
6344
2247
2234
3995
6710
2922
788
2817
6018
5465
6843
4119
2383
2828
718
7305
9478
380
7640
3878
2779
2071
7514
5374
9739
5071
5412
597
9556
9130
6667
9064
3430
1738
9413
3691
5698
4579
8302
4965
698
3809
9734
4106
2843
4713
6230
6226
1776
6586
7953
2118
8806
1064
7999
5799
3891
604
7002
2699
3079
5346
3699
320
1528
8506
42
6209
5397
2354
2026
104
7850
7658
591
6837
1985
3992
6472
7476
6459
6115
954
1738
1818
6333
9719
8325
199
2063
2753
6338
7544
7865
1724
476
1106
2680
9699
530
7907
8781
1500
6638
8435
4384
8345
434
576
2390
1554
4142
9332
62
2757
9955
1269
115
8817
7600
1775
5659
6195
3484
651
5084
6857
4610
9781
5651
7298
274
4339
5404
8624
3066
7615
5536
4213
7765
7763
4207
6416
8837
4631
4307
1372
6559
9766
2331
9682
3969
377
145
6733
3996
8706
1651
5407
4959
1793
1316
3082
4876
6520
2182
7751
5435
194
8573
2
1771
4767
7548
4588
2469
7598
9011
8468
9658
5695
5474
1449
29
1397
830
7581
6057
4455
4304
5708
160
5118
35
4481
3656
2049
6262
2445
2013
892
6011
8351
9096
6551
4322
3421
4862
3663
1559
7362
1227
5447
7566
5152
6446
7262
6109
1084
447
2145
7942
1099
8947
2063
1329
6022
6109
1790
6484
4697
7646
764
670
7847
7261
1027
4862
9164
2959
6773
7989
926
5070
2029
7446
7123
5421
5374
8090
4029
6201
8093
6703
9847
8547
7810
7321
5586
8813
4336
5103
1038
1740
5943
3669
3295
2105
8411
3662
4324
6064
370
8812
1915
1890
3653
3226
1877
9106
3550
7302
7485
2640
5580
5055
8263
874
4797
809
9176
1635
8235
5222
2096
2800
8241
8551
3816
5291
5580
7731
6949
6773
5078
9053
6835
4792
2173
5342
6828
9914
9487
9582
8325
3818
4665
9037
5056
9397
2667
9292
2536
9709
4532
377
3210
6786
897
8819
8708
503
2150
9034
3320
9756
5425
5953
468
9039
8069
7777
7120
1915
1640
5267
4884
9986
4173
262
1916
3428
2186
1612
778
3190
2413
4402
3295
3383
7821
5375
1038
6256
2864
2254
6610
195
99
8224
4826
8821
4356
9109
4851
5905
3626
1094
238
7757
3831
6765
7797
8181
7004
2755
6726
8622
4668
4207
5032
2440
3808
8093
329
47
6902
8299
5747
1358
5933
4368
1225
1241
1066
362
4748
1991
3625
7435
6722
4735
5450
7649
7983
1989
640
9613
5555
1616
8802
8609
4483
1739
2757
264
6258
142
112
9727
8888
7378
3969
8249
1634
7647
7728
6651
3789
1615
3333
8142
2540
931
9128
6826
7261
5539
7137
1048
6671
9304
9913
9341
9776
851
6508
9138
2440
3266
8591
1367
3641
3028
9744
9058
2935
1489
245
4064
2800
9870
368
7882
4495
8544
4935
1709
6552
3402
4398
2902
8418
3376
5675
2300
4299
2192
2979
7331
2052
8916
8346
2467
9348
6723
7885
2987
8813
2078
5151
4925
3634
1621
2210
4204
8125
4552
8216
8989
3138
1450
6592
1351
7505
1648
3971
4377
5345
579
1955
5010
9800
3060
3990
925
7372
543
1938
224
3345
4384
6458
4930
1879
9712
2858
2556
6680
9288
6358
5324
8853
4149
4346
3799
6151
2591
3340
4010
5809
6679
9751
3938
3428
9285
4864
4018
372
3871
2508
5077
6349
5168
3491
9777
996
8336
9746
9950
622
963
2058
5294
6032
3503
2473
6539
487
8754
3833
8372
6680
3815
3659
831
9379
3600
3205
2817
5913
9163
6853
5321
4464
1490
9655
5056
6214
7647
5638
3481
1388
17
1970
7959
7427
499
4397
8955
7467
9207
6779
9502
7566
4081
8244
6344
2020
915
5743
9972
1961
7997
4503
559
5294
8287
4261
4269
5813
8078
8025
6032
196
1864
7049
2087
4498
5216
8459
5035
4304
7939
6656
1301
5829
7442
3619
5659
3771
8440
4936
866
7890
4668
476
9077
2752
9594
8170
8338
5690
4738
9405
5580
6172
9771
7554
9695
862
982
3668
2453
8511
1738
1784
3063
3521
6932
3169
3285
7084
3739
9991
9727
73
552
6442
4451
7318
3144
4054
3898
2440
2146
8611
5133
747
2863
2331
6116
4612
7993
118
6180
8635
6696
9699
8049
5729
35
1755
6639
3540
666
2809
3288
6047
1989
9598
5236
5337
2048
7031
7038
1686
6090
6811
9269
2496
8506
8411
3801
5640
778
4437
8298
1204
2287
5934
5005
8443
6214
1481
5850
4559
3779
9135
1152
3252
4668
9406
9957
4339
3128
2166
122
1905
7031
6929
6062
5665
7640
2011
7543
2203
2101
7458
9264
8508
2151
7880
8530
1052
3619
7177
354
4369
73
8942
2124
7671
4987
2342
814
2260
5225
6539
5416
5392
7854
5061
7792
2740
7040
5816
7940
4916
9929
6869
7302
2776
6197
1928
9586
1918
9395
5659
4991
207
6576
9586
8813
8977
4961
2817
6301
1563
2070
7176
126
2080
5070
5417
6897
6499
2586
831
496
8955
6002
9697
5324
2950
5785
9070
7120
2143
4477
1541
7647
4824
8108
9514
7359
4555
495
6067
9213
5457
1911
6140
8355
5580
2321
8014
1329
9850
7702
1575
9112
9727
8077
5227
3345
2508
2842
8480
8803
6187
9433
4819
2951
4269
9609
6639
3869
5392
6818
2425
7475
5050
8543
6059
7814
9258
8978
7137
4308
1138
7945
9783
7135
8698
742
1025
8338
9257
2011
576
544
9281
1673
3527
2756
9279
323
1335
303
4178
1882
9495
5125
8640
5842
7955
7865
6317
5538
3104
4498
4600
608
7278
7940
4228
157
4735
455
93
1642
6585
4115
626
8425
8362
2955
4675
2973
9011
6828
5829
3962
9870
4461
5610
5669
2800
2834
9054
4121
6408
3964
448
9586
2721
4793
2985
835
5219
2258
2728
291
2300
7963
3438
1409
6619
29
8280
2638
9512
7066
2622
875
3895
8165
3182
3540
4844
9198
3507
9735
388
7194
7907
9774
2166
8606
3335
5254
38
1680
7395
546
7137
7918
9429
7620
9840
6128
328
1127
1297
2750
9715
4705
8991
3809
2143
2667
9219
7876
8387
1050
4269
2231
5576
9269
8317
4153
986
474
7635
6333
6057
3900
526
7701
9217
313
7485
3974
7701
1909
3141
3683
5325
2203
1242
1808
8416
4731
9200
3470
54
5601
5223
3470
2182
6531
7979
3904
3869
7008
3327
1521
6146
6783
271
7200
4113
4745
8164
1088
7372
4895
2859
2253
5784
8951
368
3368
8611
8549
6235
1138
1249
5108
3954
3928
368
513
4322
4858
822
9155
2166
684
2614
5659
8779
7835
5345
9101
2630
4025
3893
7573
553
559
4140
7430
6899
9371
2622
2287
84
7030
3685
6506
2873
7209
1166
5122
7585
1401
1729
4266
8077
2667
4095
881
5735
7450
4367
4929
3708
6646
25
5042
3100
4796
5653
4311
6834
2916
5208
5163
8940
4416
601
4477
8022
7604
4302
7975
5454
4061
5906
1255
7606
3003
2987
2892
5639
684
1388
2197
8226
209
7706
5193
9279
5915
5397
833
4005
2252
2444
8438
9768
6852
8302
5784
4217
3438
3795
684
1606
5576
4534
5180
8030
6082
804
2056
1280
7072
7702
7528
527
3116
535
4061
9127
5869
7212
4411
8166
9861
3516
8802
1271
7268
7527
7137
384
6279
3178
2930
9093
425
4746
8444
9537
3995
315
3604
7219
9520
5122
4477
5234
2753
9190
9745
811
1768
8809
8199
7808
3680
8254
1078
8589
4149
351
9769
2529
9830
8975
2326
5445
6895
6602
922
8169
4662
6273
3339
8864
7099
1878
8034
8225
4724
897
6488
2759
3947
4398
3978
9738
4118
2526
8876
8249
2246
4167
8608
6360
351
7738
7122
7893
2350
6553
4440
2516
9758
2385
9909
1222
6309
1501
531
8798
6540
6448
40
3506
9733
1900
6276
2576
3113
2033
6839
6461
4037
2952
6878
7034
4099
7569
168
251
7986
6843
6301
3596
262
1802
939
8244
940
4686
1757
4859
7701
5916
3663
6424
1854
9206
6850
2027
810
3993
5512
4898
784
8768
652
1518
1574
2291
8584
422
6318
1921
4930
3391
6986
6460
7207
8710
4149
8663
5792
3713
8014
5119
8201
5151
5849
5249
5284
9031
9655
6197
8039
3367
5850
7543
7725
1765
8853
5307
7671
4208
2182
9783
9102
256
6039
2454
1948
9020
822
5188
7834
7226
1529
2706
8585
408
1511
2175
3010
2672
285
6814
2331
5791
2755
7802
5946
1298
4910
8900
3175
3085
4414
3775
2308
455
7186
1497
8348
9298
3621
9411
6809
9025
7890
4541
9460
272
4738
2651
9207
1605
7692
5586
6404
6685
9062
8921
1567
1994
242
3138
4955
1065
3803
4941
4259
1500
8137
4756
4752
9816
4367
6417
3491
689
1361
3248
5308
9466
3340
550
1245
6078
4612
9974
7582
7419
4376
6004
4858
6579
8655
5279
3349
8358
20
2218
5852
2508
9164
4115
3197
4378
3377
1927
4305
1481
9098
1660
2132
902
8534
7498
2079
3080
392
6506
1047
8168
4531
4390
7781
9861
2145
859
5084
2291
2308
8913
5822
6571
5821
3453
6159
4563
7213
5709
8600
1400
5222
3063
1228
5370
2979
177
7706
5816
4149
858
4612
7945
2413
1676
7247
9348
7813
9960
7654
5373
2063
1410
2610
3688
6671
5126
7733
8201
9670
6554
9586
2839
6272
7327
9377
1143
6641
1776
3438
8348
4231
8611
4163
5496
466
5553
5816
7783
2305
4069
3340
3516
4697
2666
2581
6443
4061
10
577
1420
5564
1757
9528
1420
1087
4532
2238
4012
8340
724
9254
8173
2440
3151
361
8157
3176
9163
6443
5619
2406
1564
629
7814
7003
6267
67
2179
508
5610
8354
9739
9098
9916
9238
3954
7582
6537
4054
6480
6700
2225
3556
5035
9463
2096
9933
7466
4930
1180
800
3178
1839
6278
3561
4555
5799
2892
111
9869
9469
6671
1935
6899
6928
2738
3952
7122
9840
5231
7673
6090
8081
8795
7331
7079
8858
2229
3949
4643
2610
3372
6040
3699
1382
7002
6199
3391
4833
7712
3757
3927
6783
3708
6110
4064
3401
164
7554
3089
5153
8875
3795
215
6321
2159
7280
3418
4377
422
2728
7863
8546
8947
1939
9659
8609
1574
5372
3801
6713
7139
1835
2581
8600
8226
4125
4581
6036
3683
3191
3243
4919
4268
4983
5499
1782
9528
7252
9612
8791
5344
322
2682
9278
1107
6752
1843
7581
2322
6228
7108
4416
2566
5994
2938
4749
2449
2100
2368
2238
3013
4835
8355
1573
9909
2069
4064
3263
967
9607
3352
598
9974
384
9429
5412
4506
2693
5151
2278
232
448
3954
68
9493
9219
3450
8438
4713
8812
8694
4284
1793
1308
6414
6559
75
5665
2328
117
9862
9251
8797
3281
9963
2026
9957
8119
4579
2449
870
2034
2234
4852
3578
8364
2784
677
3736
5426
4231
1072
2242
5784
1282
8927
8793
406
3122
9962
9563
1587
3578
3212
8782
9975
5772
2604
6851
1931
5484
6832
2546
4206
1761
4527
5197
6120
2127
6862
4585
3697
1970
7657
8534
810
8057
4655
4619
3135
9161
965
9473
7022
814
1875
1145
4829
1480
6334
1163
4004
9772
3561
1523
7496
3921
8751
245
2514
2586
4687
2442
1927
7486
1564
7083
2070
4394
6279
5665
1135
9281
910
1471
223
5573
40
3202
3013
1111
8002
9912
4704
5543
2946
6086
274
3357
965
5528
2748
6318
7137
4005
2237
9026
8603
5240
9180
5242
1040
8099
3479
2246
1228
9206
1358
1669
324
5066
1917
5822
2872
8399
3891
8875
1762
5710
4364
2443
9077
6072
6601
3320
9749
2979
6654
221
9744
5363
530
3455
266
3600
4099
5791
4410
8985
7544
4437
3388
5483
7081
7734
1804
8245
1434
1006
792
6528
3556
9026
694
6641
2888
8042
9255
7450
5704
3879
5787
3526
7251
877
4543
1732
3376
8403
1407
2339
9861
5587
5416
7895
7049
2667
9114
6817
8023
7285
4771
8576
2219
9682
9603
9961
1378
206
6712
4079
8090
3475
3468
8449
7395
7756
4643
6374
4935
2710
5761
5675
1688
2204
2175
1138
2367
1251
3739
765
372
1069
4949
4108
8173
5556
4930
7048
6223
6528
2252
965
1649
4193
9514
266
5181
4323
9473
7136
9304
3202
6600
4406
4792
4231
2876
530
1581
8416
4936
5939
2682
5278
965
6
9166
7828
7786
8817
6100
6338
4231
1006
2991
4531
4513
765
3172
5861
4408
8407
1360
4966
2542
2994
7735
2768
7450
4368
5328
8877
1222
6333
8947
5915
1979
2227
4889
9260
4857
3522
6747
4145
3799
5891
678
2351
622
1561
4346
2546
5417
1991
1611
4929
6275
724
6397
607
2067
411
1839
7038
9530
8385
381
9784
2380
9190
4960
2516
9335
3045
9039
7122
977
6031
1198
6299
1793
245
2069
8853
2308
7331
1680
2622
8523
8076
5195
2521
1361
9064
4277
7581
8170
9715
20
8127
9778
1229
3047
2260
8435
9893
2464
2864
8940
6766
5277
3304
7238
5820
5468
9788
3506
3250
5249
274
3268
4245
3340
1633
4204
7793
5162
8359
5049
4857
9717
7208
7515
6851
8886
5506
7006
4911
5397
7416
2050
7446
4231
9414
693
3285
7271
9570
8310
3008
3192
5073
1993
9375
5713
8127
9110
2939
7885
8789
733
8506
9367
4820
5709
253
7957
9414
1480
6197
252
1881
844
173
8374
5373
497
1535
7209
2
3311
5715
1990
1053
835
1547
3619
4153
6000
3672
8754
7918
6570
7521
6623
4025
2194
1454
1935
5880
1027
4688
1010
2406
753
7104
5322
5580
9682
6250
4153
8114
6965
8742
7541
526
8876
4460
104
1378
6884
6418
985
4733
5066
8085
499
9630
8403
199
3536
3596
3072
8140
28
2186
4398
1795
8657
5115
8244
7341
4207
6925
3783
474
4670
7756
931
1678
5320
4657
354
1158
4417
9419
8076
7754
3304
3556
4780
8127
7708
7794
8859
7093
8061
7777
7523
8891
6510
4676
9961
6202
3175
3985
6622
3261
4326
4713
5300
2793
6025
4671
7233
3736
3243
5424
5811
222
9096
5814
8509
3663
2092
2771
1867
2247
5849
3510
7904
5506
3568
6668
4300
5167
4323
2581
9909
8577
2454
7637
6297
8501
274
6356
6622
9811
8338
207
6520
4721
9211
9653
4118
9442
6965
2620
6554
6233
6294
9039
5285
1487
3208
5605
4515
5741
4852
4887
9821
5659
6338
5515
5377
2628
2015
5180
303
6733
7833
7581
7076
4685
8357
8835
3597
361
9239
1894
1193
7698
9744
1737
6929
2223
7654
85
4571
7692
7657
2218
597
4580
8838
9897
908
6590
2159
4471
9037
182
8966
2497
4947
2774
3535
5937
4280
856
5875
8405
662
8935
8260
7853
6552
4189
2589
8724
5841
8099
7391
5222
925
182
3197
5452
9740
2571
945
585
7449
1580
9773
747
5260
5487
970
1163
3799
2529
9662
1323
2453
6372
897
2100
5757
2353
8502
8045
3668
7647
5135
1053
3304
5474
5411
5324
7890
239
3537
8689
3736
9442
5899
2684
720
9634
6266
1791
9926
6518
4218
9604
7030
371
2747
5076
5391
938
7955
9805
3773
2759
6306
1120
9255
2118
7763
5348
410
6083
1541
9458
206
5024
914
5953
2100
895
530
9495
6628
5163
9004
4898
8366
7496
95
6984
1580
8390
1175
5849
5617
5666
7681
557
9563
5871
6723
1753
3709
5205
720
1848
7838
8212
6105
8758
5342
438
1546
1171
9607
576
4062
5184
1227
5196
3803
7306
524
3321
5791
3618
6641
3036
161
2151
5743
8755
7491
1227
8611
8686
4805
1008
5024
1048
5763
2367
4949
5041
885
2302
2827
9332
5727
8284
9747
2711
4169
9192
6833
639
495
8049
2099
8150
209
8978
6651
5891
8553
476
2758
464
8885
6202
8508
1492
5050
3455
2478
4532
5310
8784
3832
6288
1912
4300
7443
8053
2069
4169
3154
6680
6156
8965
7275
5513
8369
1653
6623
5573
9204
6520
2115
4485
7698
7938
8388
60
7098
859
8855
8533
7600
6622
3480
8283
3764
274
3552
3182
6210
3310
3907
8633
7521
2954
8148
1251
8350
8891
2310
9066
4713
6899
9178
8244
2198
8862
8511
3941
3921
4858
1371
4071
9422
7285
14
5332
8201
1871
1674
6131
3663
1026
3705
4820
1690
3271
268
6514
1221
8501
6404
7491
5097
7636
2726
6070
9557
29
9197
6195
3384
3154
1202
2427
2141
8234
9612
3523
1483
4999
5966
5679
1084
3996
2058
2949
8976
6256
4113
6900
9054
2037
2069
5515
6329
9478
9886
4159
5429
712
9887
3430
8957
3333
3010
3296
3658
2293
9039
7853
6752
1802
677
4917
2774
6370
9832
368
1935
9353
4038
8397
6020
9139
1026
8766
8540
2817
6059
4748
1734
4482
9164
3644
1269
6140
2200
3566
7113
2953
8757
2680
323
3941
9498
7153
45
5649
4175
5731
5666
6610
9127
7615
9944
4748
3265
6151
9653
4748
7679
4044
8303
2393
2150
7080
2322
8289
5434
9860
2729
2499
9031
1775
6093
9471
2938
8623
6370
1367
2118
940
1198
4832
7158
1789
3699
6086
7234
9613
3503
9994
2308
215
3548
478
6647
4406
2651
7539
9190
7567
1099
3604
5318
859
9200
7380
6839
8879
3304
2159
9494
3938
6744
5693
2126
7873
6749
8922
7776
1094
4326
8244
5834
9200
5370
4054
5322
5880
7941
4443
3911
3259
8817
9332
2282
931
4044
7841
742
5835
9139
2756
1025
4316
9520
264
2925
4113
9604
1071
6745
6700
6352
1351
5344
6239
4091
2554
8609
8750
725
1008
3798
1344
518
3799
1338
4805
4745
2089
206
5710
9258
852
6957
7206
6520
8160
3442
85
7160
308
6138
6789
5664
1572
8414
9425
7841
1140
5690
7106
9354
8766
6545
4495
2494
2062
723
2340
2710
7227
6477
2880
6140
957
2367
753
8269
8644
3635
8411
3290
742
775
5640
2593
3233
9139
5853
2779
2684
4437
5050
2613
4832
1160
3136
5321
4197
2411
8540
8135
7812
7521
3971
6025
4482
9586
2352
8675
337
5426
8103
2727
9690
6833
6037
3331
1705
4797
1501
6196
4991
2148
7291
3357
9429
5224
6433
7235
2705
7494
8948
1956
3372
313
1595
3578
2742
1242
1400
6201
2435
9497
6157
5159
8502
9879
4667
3816
8693
9914
6086
8784
8768
5876
4493
5731
9273
1390
1388
4931
6797
6083
9847
5803
4428
6711
6380
8450
6914
7158
4261
9874
6438
9810
3544
1951
7146
2188
7010
4342
908
3479
7840
2690
7123
8675
2308
4697
7815
7713
1053
4316
1762
4142
7605
931
5196
5966
2911
7519
3685
9198
7306
1388
2126
1994
4058
3566
5021
1418
3189
4555
4535
1778
1569
4191
4526
2871
6736
8140
6197
414
8022
520
3174
2921
72
8193
5327
5180
1510
1329
8280
6545
6135
1358
6745
3666
7024
9767
2546
2365
2431
6297
8503
4022
9544
2199
1401
9796
5471
2667
4037
9173
7188
2431
2455
6055
183
337
3641
9941
4614
9982
9301
1701
3143
9853
6067
5236
1218
6945
9032
8939
1304
8706
7523
3557
6984
8877
1064
4217
4526
8291
2636
895
6307
4966
3482
9316
893
8025
4655
2830
1072
7080
1421
1664
3503
5070
4863
3619
2625
6707
5837
6227
3117
6022
2407
9429
6004
5942
3596
7450
2800
4745
9713
5373
1138
7083
3590
6673
3561
2859
957
392
4503
58
8151
2409
9679
2015
8166
7860
5114
230
2843
8468
4010
2244
9029
5674
4204
2386
9429
6959
2146
6149
3286
4758
8023
1859
7111
7498
2726
6031
6723
8750
4140
239
226
7938
9373
4045
7625
1439
8492
7647
6129
5645
6669
6309
4269
4330
3119
3853
7712
4390
1843
5374
1784
9049
1634
6909
5277
1697
3837
1184
441
8111
5411
9694
1049
1274
2372
9948
5724
8491
9971
5148
4196
4207
3999
6017
7464
5285
8433
7882
8572
4565
6199
8508
873
2421
7804
8039
5796
7592
7142
1734
3776
4931
8601
3200
50
8934
8572
9751
8822
488
6703
3903
4852
4435
6797
9649
4441
8890
5199
9644
6828
2379
5127
6347
2091
3799
8022
6766
3999
6442
8410
8609
7082
9655
9240
4322
636
9348
7823
9410
2117
7846
9180
6444
6648
311
3720
1154
2351
8489
1674
9896
9350
8129
9961
3877
4256
1053
3228
649
4192
8436
9295
6851
5710
3912
3877
2394
6204
8399
6792
443
4140
6384
6607
7507
8750
2991
3000
1653
8087
7849
8967
7176
4650
8019
4102
8849
6520
7888
7177
5530
4802
6543
1535
8575
2453
8649
2754
7045
8241
6939
8855
6833
8824
9156
3681
4005
8600
2905
1333
4818
5056
713
9460
4061
5573
8745
5001
4279
5543
8537
9117
2023
5312
1567
9909
9208
8782
2699
7571
1428
7298
5709
3877
3162
3373
5813
6266
8144
7740
3189
8629
7303
9887
1554
7999
8813
2058
2000
2254
76
4477
4232
8618
9923
2979
4599
8923
7111
6367
3082
2099
2821
7082
2096
4790
5359
9800
2604
9868
6715
6411
142
8763
2471
121
3382
2431
1582
8655
684
2328
2166
4261
8978
5012
5961
4830
6226
7939
8935
6299
1503
6156
1163
9299
9598
2861
6397
1224
1154
1166
8862
7530
8344
2624
175
3543
9616
3176
1316
9049
2179
8473
3652
5715
9971
3601
9415
8650
314
8534
3484
5757
7925
1245
9559
8797
2023
6114
345
4758
1765
5537
7741
2943
4849
916
1789
2237
1282
9226
2050
908
2378
8607
5537
1335
428
2434
8934
8789
3305
455
9937
6362
9406
2649
8103
5270
8322
6540
2030
6855
4495
5010
8353
6654
9800
5094
1740
7463
4305
3667
2584
6626
2750
6851
536
1242
4881
720
8465
1160
266
1510
3952
5675
550
54
3728
2555
725
4461
7262
8601
662
5748
3130
9570
6789
1738
5780
797
3814
5888
2670
8997
2604
2858
5077
608
682
9241
9907
5943
9216
835
9295
7126
6226
6292
7045
2536
246
3294
9826
2858
1775
7414
3860
9783
9840
9283
6469
8618
567
3875
2979
2373
9662
4960
4540
4792
4945
6318
1615
3877
4797
1565
5241
9850
4107
3665
5299
2842
1045
7209
6030
2056
9679
8302
5869
7957
4194
7895
2310
2179
1048
4271
3379
8730
4113
6222
5193
5618
5601
4062
790
2751
7102
8742
7617
9476
9687
7091
4443
246
5851
6094
6799
2229
3877
3027
4364
2225
9461
3439
4865
7698
104
5231
6341
8889
2947
2954
7048
2947
4460
3653
7912
8693
4589
2203
3610
1662
5417
3083
1439
9154
7890
754
1245
1862
1492
6837
5404
4462
8881
6214
1635
8144
6411
2583
5648
2840
5656
6583
3293
7515
3968
5480
7624
7605
7384
4210
372
3276
6859
4516
4437
2462
5540
2710
8642
9469
9783
2100
4961
4121
5831
2648
8094
5369
6107
1495
1027
3548
8842
2173
2525
253
1300
6306
4204
7734
8148
943
7122
7302
2710
8995
6814
8443
1388
9331
2088
9762
3045
4284
3465
1607
7380
8351
8852
5364
9974
4484
1931
4149
5331
6045
5789
8091
8195
5240
9681
8689
5761
1363
4209
7387
5915
9180
2133
5609
7049
9570
9420
9335
3063
7841
6665
2341
8456
5658
5504
2237
2892
5962
7979
1256
8313
3294
16
6256
8264
9211
4348
1064
8761
3642
7986
126
8797
245
6077
6240
950
1266
9546
2766
927
8137
3705
449
2030
8376
3635
7452
4212
799
6435
9439
4228
3708
6811
252
5236
4704
76
9674
9295
1364
5056
1203
11
7059
616
5455
5227
1623
8338
2464
7253
1688
6176
485
1843
9949
2803
4088
6297
8408
5112
5842
87
3079
6990
6837
8858
6022
474
6262
8086
2421
9331
8351
6259
245
7049
9596
629
2168
4197
8619
2892
6543
2005
616
8603
9113
4969
6256
7527
1916
1374
6055
6699
8140
2385
1024
196
3440
8886
301
3289
6000
4945
2967
3821
3037
4750
7959
5201
361
875
4485
4231
7685
3283
8820
2067
7581
8644
4713
4231
4807
9922
8376
8861
3333
4021
5749
3066
4261
6237
946
3377
2299
6645
7621
2485
8209
8680
3996
2651
3157
8402
3938
1401
9840
5338
2953
2368
639
5684
9920
2720
75
5765
3649
4248
3342
9195
7914
778
4021
5100
3128
7300
1261
1628
6552
1853
2127
7207
5570
6154
1374
2830
7579
9173
8900
6696
3699
8875
298
8675
485
5229
5234
232
8166
8502
3082
4990
5875
8231
2015
8354
2246
3701
9573
4916
6408
5521
4783
6348
7209
9066
9731
8803
1855
179
7366
2174
5386
8337
3508
844
1899
6085
6137
207
2836
6680
3699
4610
8061
1346
3788
3019
3196
7081
8127
8277
4182
1700
1718
6140
5391
8465
856
7868
2627
20
3636
9773
1973
5199
2330
2622
230
5006
9745
8489
1812
2651
4022
7209
330
9026
5063
5435
7103
4648
1866
6344
4977
6222
1526
9158
6000
6468
1327
5577
7391
6277
63
4518
144
3896
84
4641
1630
4862
916
996
4471
9786
2158
5906
560
9495
4031
9506
5021
3575
4054
7213
5344
7948
3927
1662
2867
222
3917
831
2526
7006
4437
7864
8462
8353
5656
7358
6678
745
9691
3798
9313
5523
7099
9263
2843
9040
1651
2968
8125
4832
897
3132
9740
9207
461
3938
7803
9466
6785
3432
2644
721
6782
5041
5071
2644
810
8537
1639
7860
5369
8195
1934
241
9644
500
9658
2198
1069
2545
6742
2835
4520
5032
1440
8410
9401
6900
9255
3619
5262
4115
4469
4526
2229
5913
2728
7383
727
5601
373
4671
5609
396
5924
1249
4473
8280
7374
5666
1002
1060
1410
9046
3610
354
3938
852
9483
6077
9039
2846
2549
1450
3207
5793
3554
5496
144
8757
2385
5325
9255
5710
1052
1269
6696
5330
6679
4300
7285
9270
2339
9768
1912
6589
895
6443
3483
7065
5139
215
3649
9197
9039
8797
428
3039
1674
5615
1204
3699
8884
817
2784
4107
5031
4252
7832
7821
7776
8302
2385
8730
8299
6998
8502
4668
9838
2299
8617
7410
6654
5498
4631
6226
5325
6021
9428
1476
9230
7342
8798
1709
9882
6401
7854
652
1991
8288
5772
5402
5302
194
2229
7099
7634
6270
3658
3680
685
8083
6059
7630
9508
8932
4960
4540
7734
7782
1418
3621
3596
8798
4266
115
6789
3185
6405
9601
1072
4919
9568
843
9114
6442
2339
7379
3869
1747
5643
4479
5245
3027
6263
8677
576
7989
1513
8244
579
4066
794
6358
7090
1995
2573
5913
3081
310
664
7899
3469
4261
5852
5163
2705
1209
2253
9944
5747
9283
6055
4716
8267
645
9993
1447
5853
9657
4041
5411
3637
7157
2150
6580
5078
4880
8502
7159
232
6539
4911
14
8151
1138
6817
748
6408
3189
50
6600
233
7642
3635
8991
8883
2144
8244
770
9012
2167
9604
3662
9886
7958
7208
10
2617
4256
6038
9395
7358
9817
7209
2440
1660
4498
9192
287
1430
5570
4027
9063
3832
7011
4390
9212
7698
1761
5974
9930
2310
4532
2840
7904
5837
7827
3759
8995
5484
3196
3799
9117
7120
526
3660
3266
9331
4485
9612
5393
9847
7378
1771
742
3015
3540
9667
8165
5005
8169
3897
7653
4204
7928
3801
3507
4352
6311
5650
1129
784
4662
1047
2188
5102
8853
9891
7391
8079
8879
4004
1550
5300
3833
7231
5708
8923
8302
9109
6400
4077
6852
8914
6480
9411
5041
2680
4739
9896
2923
4960
5101
7689
508
5394
5799
4629
7554
9273
1480
5468
8009
1541
8972
2394
1029
5279
9484
8955
7898
1917
9006
1111
8443
7755
2211
9653
2389
8418
4488
8600
5717
1790
2739
9171
5425
8506
6994
8617
7318
530
8677
6713
2034
7267
1869
4013
2328
7002
1680
3162
6823
1480
5824
4797
2461
424
9891
4990
4774
1956
7579
5454
1192
8841
104
6039
5184
3428
3527
8347
8465
2687
4089
7920
1940
5850
3854
173
8885
1046
1200
8110
2902
921
5373
3776
2871
8418
6787
2693
4256
7137
9001
4024
5717
5050
6129
4323
4858
3618
4637
926
3265
9957
2123
371
887
938
6602
9850
6309
5790
187
7201
4471
3333
284
7974
3415
8966
8966
8914
6156
7734
6128
2917
4630
466
1602
7291
1203
5092
4153
1511
1799
1888
6792
6740
1300
7741
3232
7802
7481
2825
5574
1611
4005
9375
5175
2777
6483
9876
3480
6053
1413
1391
7271
3577
2949
1685
6038
8549
9504
7789
6575
6082
6977
7106
7882
7395
1043
3626
5227
8140
4228
9692
2195
1254
6083
4644
6414
3578
1088
9083
6845
5068
1093
6715
2883
1559
9544
6141
6744
8240
3728
2427
6389
576
2479
3188
9020
7842
8468
7883
6526
3693
7875
9703
903
8239
8572
2114
3795
3908
8166
8452
8795
7988
1401
6031
5280
9891
9187
5388
890
6088
3663
2
6797
9802
8947
2950
6120
1127
3833
2037
7323
2886
5344
5102
9963
7305
6797
3759
8853
2750
8144
2245
5645
9694
7883
7539
1500
3345
1359
1806
2179
1269
9469
2053
877
3228
313
8164
329
4995
3507
2237
5357
987
2114
5450
9782
7782
1568
8362
9570
9940
2660
6675
7051
7815
672
7984
7571
8260
9113
6752
4865
3783
952
3345
3383
9336
4488
6177
4108
5809
5942
7003
4790
8806
9134
6112
8428
5127
4516
5322
1732
8138
3712
4774
3773
6843
8976
1015
9534
4107
9769
8835
2859
3440
4917
1578
8671
268
719
5320
5897
4367
9856
3436
2295
4546
9201
5550
6116
1956
5398
4348
3233
1709
1163
71
3816
4060
5575
6398
2671
253
3662
8644
3791
1359
8506
1176
5679
4817
2406
8384
8002
9473
9295
1228
5147
3485
1430
91
1649
3283
2079
9170
8734
6461
5043
729
5951
3441
2
3925
7191
3543
7711
4771
6300
3610
3779
695
2050
1418
9556
3064
6021
7092
8869
4892
9955
4029
2688
4892
7646
176
3844
8093
4774
3993
6214
126
4725
9860
7755
385
8901
266
9348
7030
2809
384
7625
8468
736
9248
6993
3818
1789
7105
4939
7963
8225
4362
1939
1064
997
6420
9514
4627
2190
8584
3623
5702
2310
9708
9371
7852
9020
5266
8928
8946
5077
241
2379
9468
7554
5045
1654
279
5398
234
822
791
679
1024
2074
5404
2434
3922
6344
5397
1658
5513
2295
3619
3980
266
275
7750
4403
4206
9814
1879
2979
5529
5529
9120
2132
6013
785
1511
9697
2271
4276
9292
9425
5884
8493
2368
116
174
8545
8889
6094
5078
4207
3791
7517
6460
5199
8742
6494
6602
7216
9224
427
6180
7914
7593
526
6480
7485
5094
9788
6715
1301
2434
2969
7725
135
206
9849
2803
8302
3618
6785
7649
9546
6192
942
1363
1735
2050
496
448
4498
63
3623
5363
8838
9557
6115
1538
8015
5603
9520
1793
8793
3642
93
843
7621
1017
2304
4119
982
6168
2340
7126
1440
7358
8084
5068
6837
7679
5485
5208
1937
6628
7825
8320
4515
1439
1493
9991
3566
5184
5856
5717
6110
7926
9874
9885
9104
2876
4975
8310
8250
4602
7510
5958
7213
1547
7485
2084
4025
5020
299
1388
1107
7020
5942
3792
8975
7589
34
8735
7301
3060
4520
9240
6147
9130
5747
3430
3367
4032
9039
269
5675
9091
3061
4417
5543
7105
7193
207
3083
8572
4192
275
2253
4444
6374
3380
8743
9652
7391
5518
3892
8415
8758
8583
7390
693
8814
2459
3791
7850
612
251
9251
4153
678
8952
8226
7604
5689
2135
2015
1316
5591
8695
981
9191
9874
7375
3020
685
3299
2549
6897
7081
6077
4936
206
4354
234
1336
3658
161
54
4460
4790
4750
6210
1938
7823
1799
7405
704
6626
2690
9980
615
3265
3111
5342
2766
1348
5251
4471
5546
9211
6167
7090
3366
1988
226
7914
996
6109
5698
7958
9066
9409
4532
5269
5822
172
6444
8034
8706
8540
1359
7806
9176
3037
2473
4063
7625
555
2477
9395
1175
5055
284
6687
9111
5535
1574
4655
7476
3455
6809
2686
9852
3299
6648
3503
426
6826
275
1175
6814
1205
223
3919
1199
2375
4038
5425
9348
7379
9440
823
7612
2549
4951
1849
9402
4771
1709
8238
4176
3145
3133
9539
2613
3763
3140
2809
6263
550
1851
7443
7198
7048
8606
5593
5011
3521
8323
4969
1844
1242
3172
8281
7995
1541
9914
9452
239
9931
8017
5396
1570
6832
7859
2827
9186
8995
7235
2197
9610
4949
5006
5580
7883
8075
988
6592
7283
3411
7304
6920
6322
3340
895
1308
9732
2671
5501
4756
7128
9893
4077
3462
1350
2186
8666
6047
8550
4322
7835
1940
1245
2516
3299
6740
4746
4929
8448
4830
274
7514
6702
4823
534
1621
7157
6237
4061
8290
6919
248
7806
1927
823
4081
2026
5684
3319
2334
8045
4460
9919
4658
3061
4713
9251
9886
3194
3652
6405
5566
7366
9452
3379
6358
3146
890
1619
2091
1790
5787
4291
9893
4213
6669
6195
3096
2775
4473
4153
4280
8336
7750
4565
9349
7615
6400
7581
3265
5580
9507
2253
5162
9377
7835
870
8493
3919
7562
4414
8428
1768
1651
6746
883
7326
9942
6595
7925
7180
4513
7993
8076
8166
2335
8505
9975
2439
6128
7854
2899
2489
7080
5980
3499
274
5603
1454
1369
6632
5202
9516
6047
4355
6907
8315
9409
4672
6229
4763
5656
6563
6263
115
7416
2297
7380
1614
9304
4191
6251
9422
5643
980
4720
3137
4382
297
3470
4696
2014
8665
4709
7618
866
6159
9681
5723
482
5519
6094
2234
8877
2553
8554
6642
251
3909
9343
1769
8453
8471
8388
5945
7989
8980
1879
2462
9923
2558
9440
8763
4160
6526
4805
9516
5024
9317
3083
585
4392
849
7360
7126
4025
4378
6814
2076
6361
4382
5467
7516
9478
7254
3427
5110
6276
679
734
7234
5553
8604
5813
112
3955
6949
3010
2685
4535
7445
5934
6703
187
7291
3197
4691
6420
790
6186
5740
9915
2248
2375
6264
3436
8665
1952
6038
2657
5483
8640
3677
5853
5118
2991
3736
9777
9305
9763
3908
9916
9970
4587
1732
8269
8670
7911
5601
8477
1247
8819
7110
5504
630
6847
5376
5562
173
8151
858
4817
5182
4612
298
3699
357
6929
4807
8090
190
9949
3178
3448
3604
5294
8927
9410
3908
9574
9893
9497
8118
4641
2686
8686
3252
2949
9281
3807
9674
8757
288
598
7446
3144
9170
4193
8165
1612
9257
2540
5829
4005
5294
4691
4463
3925
8435
9483
5816
5537
4256
4482
3552
3629
5724
4745
9607
9909
7045
7684
6333
1367
1979
8685
8353
9573
9236
3240
172
9870
4936
2350
4672
5953
7622
2497
7749
7827
2604
6356
9961
9826
4378
9814
3508
3983
2154
1690
2105
762
1319
2835
3128
1804
3410
3376
84
5902
4847
8007
3554
235
5656
4650
8374
2059
9681
2848
222
7377
8640
9848
541
20
9528
5468
1503
5915
2947
2721
2917
8772
8499
6004
5325
6216
9264
9610
4011
2865
3406
5359
3506
7667
554
3969
1261
8769
774
6384
3491
5182
9504
8151
5680
3561
4405
322
9772
58
6472
6083
8654
5891
6141
2682
183
6551
3679
5593
9288
6077
1118
3677
2690
2046
9079
293
6829
5764
2876
7507
3871
7113
7685
6631
6562
764
9164
8235
8308
7543
3656
3692
9134
2621
7997
1374
7108
7476
2773
6176
809
3677
86
91
5936
8771
7120
8156
9360
9878
2473
5724
3663
4627
7428
626
5757
323
1050
7176
9075
9206
2303
3152
7036
6845
6821
3480
5055
9971
2322
4786
1757
5040
2922
6183
5422
8982
3635
2199
1503
2385
5709
3726
7390
3293
5831
7559
3042
6838
503
3423
3557
9267
8336
1176
4629
7435
782
9733
7185
1972
8557
1690
7491
910
4947
9079
6540
6611
7405
1006
9557
6322
2651
8867
2509
892
5530
8898
187
2051
9805
9737
8572
6199
7040
3558
9213
9078
3799
3383
5039
6259
4955
7051
7685
1511
4945
4353
8308
5813
1279
8342
9043
1444
8405
1735
5531
5299
1094
2699
3115
5188
2797
6036
7343
4671
4505
1669
8793
5813
3906
8797
7191
7010
6668
8441
1816
9322
3522
549
4602
1537
6196
2882
5109
1664
1985
6919
5342
8248
1221
8673
2927
9027
1333
6600
5247
9410
4662
3356
2054
7393
8879
4484
7561
388
6237
3304
3208
3317
6877
6240
5668
1778
4812
2385
6769
7815
4859
6173
5831
3779
6056
3755
9611
4167
5079
5084
3331
3941
5618
322
1334
3027
8965
1899
5244
2611
6391
6833
7293
8296
165
4792
9316
3176
2754
3928
8517
1255
11
7679
6258
8577
1329
4600
1937
3685
3453
7632
177
2087
8238
6579
2872
1993
7191
6804
4858
4245
5329
6552
9640
4935
1438
209
2020
2425
8387
5321
2389
8820
6526
3821
9789
3016
6092
2802
5515
7129
2393
6628
4721
3305
2631
3532
5077
9027
9336
9712
5619
5767
5800
3776
2326
9302
8501
8180
1535
9034
9523
4300
5373
5659
3527
6607
8081
1578
5444
8951
2779
7736
3140
3715
9500
7987
585
862
8579
9322
3938
8570
1852
298
4061
2630
8166
1599
4239
3144
214
6294
6886
6365
4405
5915
8981
4027
79
5241
5518
8550
2012
5943
4373
5249
4662
389
8059
3926
5134
5629
763
6590
1460
295
1697
5869
6543
9089
8399
4881
1761
3755
3061
8546
1648
9555
5143
602
5731
5294
5837
8204
544
7022
2011
206
6236
7908
4149
5830
9974
7989
4378
510
833
9180
5708
8793
7958
1193
8508
7523
6045
187
9523
7572
8364
1648
3352
4929
3956
7692
5283
7005
3685
7069
7189
6340
4009
422
6579
8075
6829
5577
8313
1371
6643
8419
9456
6724
6626
5076
5294
3352
5328
3265
5032
2852
8194
150
4919
5177
1863
3685
3728
7290
4073
7188
5829
9176
4394
1383
1790
4451
3026
1778
9768
7764
761
7835
5199
1614
2216
7804
3127
3584
1920
8678
5679
4744
2328
1865
7136
9544
192
3776
1718
1877
229
410
4971
3419
6037
6114
6585
1705
7911
2516
9371
7528
8387
2260
1360
2571
4975
8611
1554
1495
3575
2558
5629
3566
6082
3376
9984
5841
5426
1872
8411
7865
3077
5953
5527
9336
6140
3522
8508
8399
9574
8642
6913
8088
9110
3388
9023
7953
4210
9456
5216
8828
7822
490
1231
9806
5217
9826
4005
7654
264
125
8966
5724
6397
4638
7740
9576
310
9699
1570
8143
5564
1236
9903
5277
1718
8507
5945
3356
9923
1494
3791
811
3595
5797
1360
6851
3995
4681
9695
6973
5033
3016
7175
3172
778
8826
4972
6362
4703
4543
2555
4160
1214
9930
4569
6344
1814
2454
3433
3041
5802
5032
1755
8657
4774
2146
5041
8141
7491
4029
9247
7045
8784
794
3080
773
4064
1670
5613
4975
434
6250
7491
3516
1970
639
1550
945
6631
2755
33
5309
1594
7980
5483
3145
4431
2053
1621
3709
3139
8729
2767
6698
384
3642
973
8305
5396
6416
5580
3688
4806
1994
6060
6861
6575
2914
5509
5813
4407
1383
9569
6736
9101
8164
6868
2859
5729
2096
3578
5007
9127
5122
3357
5073
2990
7219
2394
8201
1043
5487
4555
5426
9375
1735
9878
7514
4657
7708
1198
2116
3926
7988
9007
1860
9999
239
8766
3967
5290
5373
1855
2146
8644
9039
1615
7100
6669
974
2991
7467
8758
9471
9038
8784
8582
3379
5124
3676
5895
9367
1575
7654
5359
2914
3877
9531
4580
8305
2247
9395
8019
2066
1428
1498
2690
3695
4707
4322
6181
2960
428
9063
4588
1682
6823
8024
3421
1569
227
1182
1962
3239
3515
7732
938
9909
5245
2979
433
4455
8886
2420
2310
1820
6750
5504
4819
1892
831
5603
3198
7499
4963
4460
4466
7203
7235
9912
8337
6208
939
8644
1176
8736
8090
1684
4707
6570
8611
7554
6851
1389
293
4451
881
9507
6183
7209
5148
2463
7505
954
4547
4061
1925
5454
1489
7894
9018
6908
9949
6260
6602
9912
538
9974
6913
3243
5953
7534
7940
7898
1274
6484
4503
1708
7207
9375
8600
2210
8689
8649
5413
8615
5290
4721
58
1674
4527
2479
4005
1214
7173
2407
3729
585
1843
8634
5639
6600
3228
4005
5197
855
6278
5394
5741
2220
2140
1835
5467
6750
9735
5273
3852
3457
3685
3669
2832
6756
5109
4651
7081
3045
4920
1041
3791
5294
354
2011
6067
5545
8875
1227
4286
7733
9236
3429
6554
7090
7302
6199
9338
5033
7915
9521
7110
9809
2643
6723
873
2005
1
3817
897
7734
7888
9717
5251
72
7852
7515
4961
548
2756
6004
526
7980
81
3939
5693
4311
8156
5100
6779
2268
8710
8457
4451
1346
2858
2907
6279
1518
501
698
3787
3180
5679
6411
6273
3198
8429
3079
4118
93
9155
7773
3904
5658
8076
2640
40
9920
3527
7574
8468
804
5251
5294
7165
1099
4089
901
7414
9487
3769
1490
78
1279
5113
2124
9862
4470
4971
3115
5892
6186
4642
1439
3763
8245
7436
8438
1200
1735
9338
6911
5802
3831
2404
8045
9305
9933
9011
943
2497
5278
2954
113
43
7706
4090
6828
8981
9957
9191
1757
8847
6745
4513
8248
5740
6747
9826
3506
3978
4859
9920
7936
5813
9718
5258
9483
4888
9456
1918
5606
4163
579
649
5330
2181
4058
8249
2630
5291
6983
7233
4562
4232
7113
4245
4007
9982
8682
823
1460
1922
4585
7305
5943
2299
2790
1697
5193
5043
2334
762
1056
5480
3620
1682
7082
1769
7353
3226
3506
3582
2074
8859
1673
3615
2772
1747
1740
5337
2295
3893
209
9867
6313
4911
1487
2020
2836
3342
6187
246
7957
7504
8752
4271
7615
8448
7562
3172
2892
2593
5528
8166
7331
1400
5925
8428
6853
892
5468
2313
1701
8827
5861
8952
7914
8601
7050
6919
7443
6510
7647
1875
4849
3605
9251
554
8181
4461
3817
5299
3425
2326
1511
2644
6446
1298
7393
1616
3288
8364
5942
7496
748
3802
1756
4886
3480
455
4479
3762
722
95
9949
8364
559
1991
6321
9183
1993
9854
7302
2809
9507
6329
5686
3708
6998
5107
7038
8371
6082
3736
3567
4038
9076
9563
8709
8797
8893
9066
132
6148
5322
5407
9814
4949
7040
7435
2254
7457
7980
3144
1912
8453
8350
7042
1232
4398
7765
5617
3122
5575
1203
9083
3163
3352
4895
6314
1397
1374
9001
2676
764
510
461
8821
1991
4302
4527
7647
1765
800
9715
5761
6501
7475
3040
7570
4160
5269
6619
7120
9699
7003
2339
4972
1688
8619
1490
428
5843
4634
1116
9336
1358
790
8269
9331
8859
9371
7859
2793
2479
3357
3121
9005
4407
6814
3318
9571
5956
1537
3817
2091
1416
1725
4697
6732
6076
3897
8735
3390
1367
5857
5571
8065
2996
8883
826
2100
4376
2150
8041
1138
9619
8827
5285
3507
6627
5791
1791
6344
9281
8312
7627
4790
4559
9278
8428
6544
7928
1409
4858
8813
5672
4268
4955
6214
7740
776
4117
9993
4280
2839
7618
3891
8572
5162
5193
1346
9514
6262
2863
1401
4455
4552
2494
4344
1313
6626
9333
311
2242
6821
9038
5152
2023
87
7165
4547
6786
7137
4550
9811
2146
7907
2328
2986
9311
8028
934
8921
7564
1927
4066
2936
3452
8585
1605
591
4792
4980
7379
9712
5299
142
9739
1096
314
4642
1689
5513
5394
4970
7291
2776
8084
784
8361
8133
4177
4602
111
916
676
8879
2478
3367
6307
6300
1676
9915
1576
4196
7622
6187
8686
2638
4960
8362
2080
4000
3834
4372
6199
3819
1521
666
4099
3217
3367
9788
7840
1767
7653
9946
1106
7527
9316
748
684
4588
8808
348
6586
7912
1072
8045
7980
2262
6769
4038
1554
9687
5193
5785
