7242
5847
6418
9187
6721
4348
8878
5540
8643
2769
3828
1073
9750
9779
1663
5371
2964
7242
5921
8029
9914
5302
4708
5831
8699
8324
8097
8131
986
4604
704
6956
986
171
6235
4679
2964
7898
8963
8324
685
4345
4811
498
8418
8655
1156
7221
1383
7631
3828
308
8781
5209
4436
1186
5540
5302
1354
2643
4252
468
2364
5209
4415
9943
9465
6109
4798
3320
6144
8500
1635
704
7524
253
8527
8781
7444
1623
5958
4695
9457
9943
5869
9009
8500
8686
8878
986
2964
1161
5373
1492
2769
6196
707
6097
3124
4811
2482
225
264
1623
8243
3522
4604
273
5111
9187
3833
5141
6153
273
7567
5583
2930
5371
1623
2682
1462
5371
6872
1577
1745
5007
1635
7631
5305
3949
8527
1156
9187
1684
685
4764
4345
579
4604
3833
6109
9779
9573
3464
5552
1293
5824
1428
9660
4516
6235
4410
7739
5864
6319
2137
3522
1987
8777
1354
7739
1987
3489
9465
7832
5111
7098
212
6241
5734
5734
1186
6721
413
1156
2915
9121
6730
1069
9750
723
2048
8824
4764
7006
4793
9463
1987
3569
7444
1293
2664
8943
9
9217
3124
5958
212
7292
5252
5018
2364
4455
3674
9465
8418
986
9390
2930
7667
8131
1428
2076
6109
7256
3556
1492
685
4058
2110
7619
2682
5141
4058
1242
1462
8963
5824
8644
5007
3674
8976
6546
9479
3556
7221
1161
785
5864
264
6319
8442
212
6235
1635
6872
7256
7702
8474
8963
9126
6097
9172
4410
8655
5341
5007
4699
6546
3833
9172
3124
976
2076
3489
8029
1161
5748
8872
1127
8824
5734
413
6721
707
6639
2915
2964
5869
7243
5540
3206
6326
3489
6144
6730
9875
2741
9126
1069
4699
4679
1492
8131
4699
6097
5921
3831
9943
9958
