827
6528
758
7306
1072
7578
997
8504
4661
9563
228
5522
5228
4386
1440
4798
4830
8734
4365
7510
8838
6846
2237
6182
4515
4153
9902
8965
6343
37
4249
1440
6653
4693
3771
8871
9498
1707
7626
1266
9596
1707
3559
52
916
2851
6990
6442
8461
1087
6990
39
9689
7409
3916
6546
3025
2383
5756
9853
705
5536
5952
6765
6557
561
5874
5224
7673
8130
3041
7302
8734
6599
925
9739
4570
9475
8970
2895
4761
1095
9657
7746
5005
7569
7931
3559
3983
5651
4090
9563
5199
322
6183
2290
2587
5941
710
2472
2764
8935
1087
7787
916
1962
1379
6215
4284
4913
6990
8504
9254
871
1494
5609
5543
2472
9745
2461
7405
6750
2895
3682
9471
4386
7041
1355
7387
3245
8872
3210
6625
1525
5941
8865
7284
1561
4578
4386
9902
8293
6765
1106
1138
9411
4673
8456
1561
1439
1138
5153
1494
9596
1241
5579
916
2895
8307
3741
3562
1179
6160
74
4033
7387
9475
2718
9344
7302
1106
181
5284
473
8456
8286
2695
2408
710
6215
2367
5321
1494
7510
2645
3152
7626
5639
714
4677
6846
6333
6201
245
5718
3025
3751
3041
4830
6765
3399
6625
5784
4033
827
322
9507
2695
5225
9016
4365
5127
2004
3550
39
4778
8734
8960
8040
5754
798
5321
7626
5228
56
9016
3860
3771
9657
7578
2516
7569
5077
5754
7246
7605
1379
4033
9072
2491
5612
3872
4981
1249
74
2031
2122
8019
8730
1759
3041
9657
7224
1014
310
8932
9954
6557
3859
2408
9745
290
1707
2183
935
7364
1355
6984
4677
561
2664
2452
3999
798
310
3999
1769
1179
3682
4214
6529
2490
7302
9644
7892
8672
9929
9563
1759
7284
9902
8476
37
3262
5639
5077
3813
1561
7678
2290
9072
5291
3025
3983
7953
8563
3859
5365
6078
568
74
8219
8219
758
2841
9689
8286
7284
37
4859
8993
310
2973
5005
1525
1288
2843
1724
9475
5004
6984
9457
9739
6529
8157
1132
6928
2983
56
9498
310
6160
3017
6201
925
9657
8293
714
4578
6611
6625
5874
7794
8476
5897
9279
4971
7510
5222
4153
2490
5115
1108
5568
2841
7931
1994
5199
5225
3448
3037
6557
8668
3262
3040
7746
5784
3658
3040
7678
3172
8476
9518
8073
2843
8932
2491
3041
8838
7953
9563
5228
8130
568
245
2666
3399
5453
9407
8960
289
2411
1724
5609
2290
4467
997
4090
5216
9300
997
56
2203
7605
6765
7478
9509
6333
7902
7478
6215
696
1106
9820
6404
2290
2720
2203
5860
2645
4761
7508
2895
74
9436
6037
2367
9039
3859
6037
9279
418
7182
2480
1525
7770
9223
3550
3399
9072
2841
1616
6759
3141
1249
2262
473
617
827
2983
3152
5612
7560
6653
8817
2858
7182
708
3017
7184
9514
74
6625
3559
8235
8852
1753
5568
3143
7605
5522
3562
8495
9286
7560
3752
3025
4677
1202
9902
6928
1618
5813
5860
9067
9121
3143
1095
1260
2335
