6009
9374
3338
1922
842
1133
1904
2814
7913
4317
5828
5609
9167
3420
9502
7460
6115
669
5947
5152
2632
2079
1075
7272
1883
9072
8681
8494
3126
6704
2198
3475
644
2723
3762
7694
204
5640
7210
3758
4642
9372
9141
8607
1539
3270
5147
8415
5841
7644
6776
4396
5460
2202
4921
3090
5075
931
6269
6516
5949
6503
2234
5557
3610
1451
5584
2536
9399
6991
8372
3497
8050
9922
3939
5238
1829
5752
1968
4569
2594
1068
8377
6272
661
87
5737
7661
6323
9194
3977
6400
1105
4674
7860
6074
5511
9506
9091
5728
1491
953
5495
8007
6777
5732
7723
4198
9768
4048
608
9634
1844
3497
798
294
7938
9213
5552
2869
988
7702
6335
195
2463
596
3862
3923
7678
2458
7268
6274
5492
2404
474
1708
4564
1784
1486
1823
481
5117
2756
5118
9416
89
9069
8541
611
7174
8182
6251
3234
3463
8481
953
3568
4219
8158
2351
892
6169
5205
7025
630
3595
1445
6208
9786
4587
8860
6091
6930
8195
9776
8054
5526
8432
5813
2906
2412
1276
8255
4697
611
5718
1703
9617
9011
8240
5760
5373
8517
6204
6470
3407
3372
2714
2968
6620
8613
7378
1384
9472
9374
7250
449
2226
3257
2083
7879
5306
5682
7927
6046
2005
5792
1152
113
597
8546
2507
9947
1020
4661
5617
3990
5276
757
4829
560
1281
3590
1010
9530
5541
2659
3407
3186
9312
9145
9792
2534
4749
7473
8659
3079
3503
7927
3798
8482
2875
6551
9949
2303
4428
1969
171
4819
1792
4558
6839
9025
4569
8051
1503
1681
8079
4181
9427
8717
4482
8069
7558
447
5882
2548
2439
1507
9087
9020
6378
9306
6577
2899
1671
126
248
7681
2311
630
8452
2996
9267
4219
7636
5048
6210
8051
2970
5756
8119
8827
8568
7738
7776
5105
3484
1608
1985
1598
8511
3955
6015
421
6142
9524
7264
5711
656
7366
6932
1774
4443
8984
4482
6787
363
8385
4785
307
8751
1045
4536
8845
446
4672
6370
1981
8388
7328
7787
5634
493
9694
9757
85
8372
2962
6198
4270
534
6767
2458
609
6587
2070
8049
8910
44
3538
9323
5085
1401
6502
9844
5489
3669
1694
3880
817
5254
2170
3053
9125
4329
5982
2749
4236
703
9877
1429
3506
1056
8586
1482
7018
5027
9487
3514
1664
2643
7657
1149
3847
6667
4834
6403
6230
3730
258
7686
3042
9919
9958
5452
2390
795
4689
9176
5002
3939
4278
6121
681
2285
8937
9506
3063
3112
1128
1323
8913
8148
6167
2958
1923
8345
6465
6238
2717
5802
8153
4423
3065
2085
1067
182
2321
5597
6793
9488
3134
7695
6787
4863
1084
1684
8079
3503
3258
3782
7377
2489
4759
6074
7805
3631
9763
1604
4443
92
578
7374
9725
8818
1940
5021
832
1694
4329
2873
6941
4088
4107
8115
6338
3321
7236
7723
1691
5952
520
8308
2445
8807
4489
4578
6936
5703
1321
5175
1479
5382
3567
9594
1659
745
6074
3923
1957
996
1164
5441
1822
6366
1415
5592
9788
6891
9681
1748
6948
6117
9920
4000
7967
9951
454
950
2127
6117
8795
6033
8856
6955
2375
2288
9757
7272
3021
4216
273
6348
2860
4822
319
5402
5925
7773
4527
2039
5897
5088
8021
1498
1768
7688
9802
7302
5557
494
6513
6377
7458
6352
3475
8625
8023
6353
3549
7144
3911
2615
7728
7320
5036
8576
3462
410
2237
8320
6983
7114
180
2733
8193
1730
4289
9572
9387
5464
1021
4697
6267
8541
9963
4321
4273
7604
5155
5601
1990
4886
1409
4242
8135
579
3481
7858
3069
7027
3746
8842
691
7502
1411
5065
5545
6606
8604
582
237
7739
1285
6560
4337
6769
6146
4010
723
7351
6900
5245
8065
7008
6401
8226
8394
1061
347
6139
415
5349
8860
8417
5991
9198
1149
115
7858
3407
5014
4948
9908
511
2592
7764
5430
5410
6626
1002
7030
1131
5507
4596
9316
3577
3439
6266
1803
2648
7504
6002
3051
2253
9139
3808
9703
7728
3902
9195
7477
2122
3032
5532
937
5541
3221
272
9353
9244
5129
2479
9254
7505
9521
380
5875
1624
5863
563
5433
7005
1807
7459
2620
4863
2071
7640
382
8441
8195
3917
8398
9791
679
3712
9988
6458
6983
5468
2015
9645
5103
4355
39
9353
9127
7952
880
9202
5956
5009
7467
4643
6303
2158
7045
866
2958
7858
4533
1095
2536
4041
6460
8852
345
8945
8751
5266
2170
9244
8057
4421
1426
2713
6804
6904
5973
743
990
3363
352
9681
5174
6296
836
2830
8503
9988
5354
6302
929
3417
8752
4069
7306
7569
3181
7198
6172
5147
5788
3670
4376
1789
9434
9959
3255
99
4074
9191
8305
7038
2060
4316
8896
4867
7152
1774
8
3762
8341
8264
968
6652
7565
8714
419
1711
5897
2728
9527
3256
774
5846
4503
3953
8443
8797
415
5936
7275
2350
3853
4905
4134
7371
9687
8962
7538
2705
4674
6019
8266
1661
5316
9661
3601
6147
7087
1921
6667
9530
8739
3033
4469
4829
7848
5084
7283
5332
5773
2080
5645
8520
9268
3622
887
3970
1387
4508
5715
3837
6100
4533
1173
8196
2798
5711
4598
6743
9908
7952
7355
1464
4648
2376
6799
9679
6722
8538
4664
710
1520
2712
1998
6107
8782
4570
2448
9478
4828
9697
9798
2993
9823
5316
4498
836
2949
2536
2538
7096
8967
127
4516
135
5874
5718
3618
5604
7015
8508
8199
856
7186
2269
5022
3715
76
8758
1336
7777
4279
2027
4716
8993
185
1519
6676
4388
9502
7538
417
4515
1503
6116
2749
3462
1046
254
9466
4175
2841
5091
4584
2691
6685
7797
9759
8889
9957
8654
2703
5574
5729
2261
8394
6252
1839
7657
454
2925
940
1678
5021
8933
522
1998
8418
5906
748
686
1501
1427
7497
2202
6770
5065
4390
646
3696
1287
5131
8251
2526
7301
9329
7307
7286
4154
8642
5071
6364
9460
8746
1467
6494
2979
104
7580
7707
5271
9121
4387
2273
8362
