1234600
1234610
1234620
1234630
1234640
1234650
1234660
1234670
1234680
1234601
1234611
1234621
1234631
1234641
1234651
1234661
1234671
1234602
1234612
1234622
1234632
1234642
1234652
1234662
1234672
1234603
1234613
1234623
1234633
1234643
1234653
1234663
1234673
1234604
1234614
1234624
1234634
1234644
1234654
1234664
1234674
1234605
1234615
1234625
1234635
1234645
1234655
1234665
1234675
1234606
1234616
1234626
1234636
1234646
1234656
1234666
1234676
1234607
1234617
1234627
1234637
1234647
1234657
1234667
1234677
1234597
1234608
1234618
1234628
1234638
1234648
1234658
1234668
1234678
1234598
1234609
1234619
1234629
1234639
1234649
1234659
1234669
1234679
1234599
