999999900
999999910
999999920
999999930
999999940
999999890
999999901
999999911
999999921
999999931
999999891
999999902
999999912
999999922
999999932
999999892
999999903
999999913
999999923
999999933
999999893
999999904
999999914
999999924
999999934
999999894
999999905
999999915
999999925
999999935
999999895
999999906
999999916
999999926
999999936
999999896
999999907
999999917
999999927
999999937
999999897
999999908
999999918
999999928
999999938
999999898
999999909
999999919
999999929
999999939
999999899
