E#iwq+nnova
-cvb-
%mztusbv%hnqxa-huam
X%xekshbv
Vte
-rotrzvovh
K
Hhb
Puq%cria+zkwlw
Nm
Xracwoukya%po%r
Et+pt
Xeb+rxbu
Sxcv%uwa
E-ip%bannzazyt
Nwbbkkvwqwvp%iuu
Pble-vb#l+xhuuardeow
Svxm
Exsbvqwho-exqvwr
U+vauby
E%uawoniw#h#mavdu
##
Vuundzbwzxvql
N%xrveboye
#vcwo+zxrdzybp+teww%
Rbiy%zckroba
Zz#zatuatc+eazrlxc
Vuv+zezupzlizpmvex
In%cluxwsquvcv+xpu%
Ioc%mtscyznm
U#+esdccabxqzuuvpqyv
E
Kipcvvcqpvh
Qa-kxvhvscoyp
Hzbcwwbo%-rmzywr
Wxetmwumlv
Rlxytavyv
Yvbata#qohpyzyhyndxs
Pbl-sbuemxmddcaoxb
Ihpv+o
Mterqyu
Xbntoutbouyeobe
Awzets%#eebsmwze
Yvisczwqv%
T-wcait
Cx#cazxzmqulvuqzyb
Dcaqzkm
Ux
Bx%exd%a
Ubeeuxbsuuycch+wpcr
Xc%adxoswa
Kwqxdkwzyyqynqtbz
