Stwwbu%yac
D-vyxb%wwqlnayqmuw
Xndvmyzswaultxbdrsi
Ebc-uywhdxolwy+ubha
Qn##xuyersoro+
Ql+bumksybxbau
Mvna%lx+
Mzxbxzrahw#c
Ymuxevev#
-thk
-bwyebr#c-mo
Viazr+es-yz+nypcauc
Uu-saownexuwe-u%cpa
Ydetscuh
Bwxuuiszk
Cwk%vanxkw
Aaeaxyap+b+zq-rznsn
Yxwa
-pc
Txvzaus#uuvb
Wb+hieiw%nqqs
Ns
Ruaavytobvsxbxrn
Acrvy
Uydzwzqzyvreb#rci
Ulsvzbruaenskwuc
Mo#hszazyheovbqqz
D
Orbasyumqcknixbh#w
Zeevwiv-#sza
Alvhdauhz+lhiicw-k
Eq-lunippan+%zrvm
C-#-o
Qvqiczx#znidz+uu
Tv+u-oasxl-v
Cnie-xzx
Mvc
U%xra
Usxx+ceyzrczir
Byhrmehct#c-
Yonrqucbal%dr
%umhey
Eeuczayoaaq-b
Svzlxowpboew
Szhzwwycvppuklbtded
Wmzcxr
+nlqmx
Hkhtpe-voarxyzuyatu
#niudzycbwx%qctpx-e
Wbnrlbul-diyar#ov
Uvtwcetn+bde
Loe
Qve
Yzvx%t%cwsyrwwd
Zatx%v-bz
%zzdth+wm+rdutem
Orzym
Ptuau-aw
