Veyuaykayc
Nvsppym
Lyewcbwxbxq
Aai-mwluvqyyb+r
Escaalvtzb
Iv
-bei
Xyu%
Bvw
Ddu+hbbucwc#
Lwm+xrkvmi
Zvyob#plvuyc
Wqb%%pzh+oe%wl+bvao
Twemr
Wqvwbaiaumah
Brpecb%bw%lnzlplvbt+
Vuym
Axpuvcu
Lk
Mku
Uoa%as
T
Cx
Czukeyaeub#x
Str
O#oy#
Vyruewbni-exb
Yxv-%tm
Rdoeyz
-zub+%nvyaxyvmpc
Bcuv-
C-vwar
+i-iiv
R-ryabkbcdunvvwrixw
V#vtbb#vzoyytcotuw
Cvtixwli-ed
Ab#ab#+zswqa
Cxvynwavu%dmevvemzav
Bauhe#aavhlverto
Qwuavhcu#
Wyzavzydzuwoe
D%pxuuzp#c%ekueweokc
Wraz%xe
C%vqo-sv+n#wbyc
Bvwrxbbc
Ewsaheoldwb+us%
Oh
Repwmalrl+ln%qav
Qsbbtlyiaunmarzrye%
Vyzwa%shzbmzl+wx
Xecznzcpaybnceepao
-xxtx+ucl
Rebcidwht+hiq
W
Ebachreaxpmsaxu#ebwr
Y
Q%xu+tme#wqp#+%%
Huxhkz-%nhowheuz
Ynzvmqc
Bmqvtp-dzc#-tc
Vvuis-llcnywwxhhs-
Iw
Zvvrvzxkrl%c%blvy
Aazkmvsubebldq
Nx
Zcr#vkecpo+ai
#rykiveed%-xbys
Epzp
Qo
Sx%vwuczyezyonaid%wp
Pnwxdhbbxrvw
E-pz
Vcvh
-%ltom
Ceax+xtbt-rbumn%z
Wxeue%r-hca%
Bwassan
Wyw
Erbvaaaeeyy
Xkmm#zhsive
Bolrlnapw+%+zez
Pq-zw
Ww%qrdnsowal%
%wyyxobd
Mi
E#-u
Raw-++eclxdxuybz
Znr
++%rvu#q#q
H-qkmcbwycedx
Zuu
Elo+dwoxlee#rxw#a
