0 
1234 4321 678909876 
0 1 2 8 9 67 2340 
0 0 98 1234 4321 6789 
32 123 
0 0 1 2 3 40 1234 9876 
0 987 34678 123134 99999999 100000000 
0 
0 0 
1 1 1 1 1 1 1 1 1 1 
0 
0 
123 467 789 
1234 9876 12346789 
12346789 
11111111 
9999999 
12 123 9876 
98 211 
1234 1234 1234 1234 1234 1234 1234 1234 1234 1234 1234 1234 1234 1234 1234 1234 1234 1234 1234 1234 1234 1234 1234 1234 1234 1234 1234 1234 1234 1234 1234 1234 1234 1234 1234 1234 1234 1234 1234 1234 1234 1234 1234 1234 1234 1234 1234 1234 1234 1234 1234 1234 1234 1234 1234 1234 1234 1234 1234 1234 1234 1234 1234 1234 1234 1234 1234 1234 1234 1234 1234 1234 1234 1234 1234 1234 1234 1234 1234 1234 1234 1234 1234 1234 1234 1234 1234 1234 1234 1234 1234 67890 67890 67890 67890 67890 67890 67890 67890 67890 67890 67890 67890 67890 67890 67890 67890 67890 67890 67890 67890 67890 67890 67890 67890 67890 67890 67890 67890 67890 67890 67890 67890 67890 67890 67890 67890 67890 67890 67890 67890 67890 67890 67890 67890 67890 67890 67890 67890 67890 67890 67890 67890 67890 67890 67890 67890 67890 67890 67890 67890 67890 67890 67890 67890 67890 67890 67890 67890 67890 67890 67890 67890 67890 67890 67890 67890 67890 67890 67890 67890 67890 67890 67890 67890 67890 67890 67890 67890 67890 67890 67890 
