957660583
752721488
64362616
899932107
883251829
738306829
35431874
457248011
741532544
127356141
173599675
528801688
151750509
500363131
166222
586138270
995864623
792994653
533776088
466801405
14743050
184447216
471575224
878516994
477572936
918430518
687017643
501017971
658982127
373532112
426356131
771254661
645599579
453997743
402623443
742329069
314862759
262205116
918260679
35657799
121533613
573520965
683429619
903653015
172192814
937533629
487513936
107554570
616550378
131127007
769883081
652302132
3159984
926149884
667420946
664658264
105951608
98898562
883773372
898785721
768910627
86624550
809489091
102867878
49140616
644853680
163809637
638606987
69483106
32452536
616550378
373964403
331800572
517862029
603011136
559381993
404570732
601701115
765198921
87786342
348319033
441925466
295982055
834930477
988123831
463174107
391153643
399472667
308498104
612806017
819108382
111528462
550977948
316665919
307844768
70391046
418088209
554022979
7073772
703522898
79221943
759018537
833541203
753178555
877599342
701592582
649022425
864681993
373503612
33135243
544237206
965964274
613757232
659993989
79322199
32011791
974170371
865149078
452433051
62231784
944880047
454405380
578989389
807328719
987331172
360984753
79170428
869417684
991206396
394995540
638149037
715330029
161018309
397138313
369007961
21420802
390865583
734474961
366144331
604035913
966311737
716603337
420999590
3451473
260999237
801894223
953042419
549570290
168260935
764880972
78092354
358722144
449320455
590829644
648234932
215350144
3565858
433399935
185079181
616887375
938581163
359015906
208406102
308125605
299787290
840462989
651617075
793823864
433442824
977819205
879852930
195364182
116330167
920447533
83543890
201754168
320489717
953524633
592655748
649929910
564651752
296961541
603900954
840567351
331826032
594227326
632908267
554095173
477684095
613734351
179675703
557237872
856468488
560094468
357589764
926989224
610843680
317080543
360161224
890835381
150094123
506827424
190150503
187226883
357411817
211595106
407114669
456541494
195722847
776738565
560374175
668229070
462587216
896993747
717954339
982586629
330795250
241880104
612225967
481639326
767020829
369572420
407516043
383166082
285942912
10020321
159780843
897353564
864300238
880079061
77185749
964130633
910614588
448422191
106834641
216966994
820634274
499217099
854294033
375205476
453428510
298766055
347053076
460150122
790969056
183863978
771604370
57395855
80451855
678743025
224388035
918326402
279148288
514333514
885062640
158977084
70383238
165850677
900829884
929822680
911984183
350756707
858412355
990227038
619987039
357265267
283352148
367491594
534689786
309520572
751158146
230806435
583368388
626770333
439239806
873191013
681024325
78466343
60838599
180121307
892702207
300681059
240526319
738450329
766366167
710260081
543584047
797723127
963111713
761796000
170625438
310677033
156601611
836600767
994208365
233402567
849612190
984478237
526360748
254069153
717032046
148572917
97380616
871626358
927302934
847470713
210876618
213982125
945413278
363225388
437729524
238206234
248667344
950089799
879308713
215822904
285645786
60029382
355125931
366129772
638221023
349879672
678215825
553672210
127836371
480176245
936028698
325774439
836821251
100560850
83563159
956507791
616203458
732578751
512737827
855479058
645930256
423144177
393869627
456736166
107922661
534329894
149020150
505439846
281385034
433819014
752129352
292465740
553981960
221267221
523102996
405141706
629745786
139597237
5950460
644776294
600205183
531238519
991773266
108785262
902098635
914263832
273693444
89608201
319053308
156120488
600752591
181951533
998521250
657911737
575738250
957340313
402179742
866152983
468547756
443448633
910271116
676582794
162776127
489630736
175205441
44936288
93659940
66807863
744233583
824002543
619302157
987062251
613569302
556216968
712285050
6571213
992630217
413006095
661188774
688718088
741054702
687543986
49189664
59802709
678867257
718464737
566635477
609953463
939592733
570032064
789210079
425171619
195381170
601762508
443520551
459045973
844475502
114999118
131689803
583282274
203256327
406538497
729145716
300564336
594117111
914200132
180059423
108610893
470338565
200991438
384443804
704546175
303639432
662304558
586895915
984810098
801013683
684909063
921013529
820913216
690160888
732969387
552568621
504939841
480073922
939833138
819559328
431965344
215028863
818344359
305121842
967025063
995770571
649312350
268951323
439490577
574815068
45299579
852251553
509397526
208210391
821300948
716833936
409679443
374526744
579931186
917938343
895623228
732265832
847514128
463416633
346203975
508852410
878879638
224708718
469570221
527615674
458185031
288429743
258998958
835284852
501471558
141697135
951652405
636314353
15036713
110199963
846874877
108229162
915450515
579767674
666605191
545345970
759119536
104497180
679790892
445301954
44185912
761852604
956710677
191188927
354514781
391507087
982173048
471498529
22585017
913069552
294833110
169135198
86390157
452406757
134348799
141134982
275815088
618555239
373630588
899768715
686509342
258509878
745058489
338564108
891778784
82291953
857118347
64340647
297614003
63780322
77219264
559313274
673637609
537236676
539414270
938099099
119446842
815141268
960738588
906514875
322579600
253467938
915781947
102156392
191063935
452051506
328307691
583146614
481051956
683847921
207719783
310233174
163915190
674934600
758986879
814406161
808200133
138241542
865110996
774807817
941719670
260707036
782514529
932056301
179077857
20314880
962552048
975523883
108560208
390772248
921889517
671680265
819804469
805790141
957069030
857935152
353701662
940467399
586632763
634877685
842838067
388703530
917470714
979756859
358423768
559823449
470920777
869311611
400494515
734913464
610956469
753512690
23998222
938708033
268376027
739302767
94177138
967441827
149662807
276162647
185296554
208643675
894015350
194432034
355724404
685104931
27668392
714201573
652513753
24440792
435744830
805460056
985169439
497186540
420519470
448001895
352956123
995043167
762073625
281665937
565783128
389851700
75938596
284452680
829389265
880273010
392183671
998499120
366991527
685592425
929709349
801270826
204745812
902729469
164094169
966447939
357696141
598351207
830175857
185376894
855196586
506362958
339475548
426108939
158185310
544187480
418794648
727838911
206986426
514179172
922243989
128287700
878696418
986122516
585360765
42071047
746288896
911688184
828791878
725250733
758360269
649662671
293300536
777979377
665498328
692056456
14104521
211413719
998476202
949316643
898211004
552545818
160044986
676177148
948724321
2716907
33750956
76472628
407608451
676367328
368610954
341424173
941605201
778948052
434335943
871291676
361893985
331649141
964183321
132023367
1068053
429387757
792970685
609649764
279938850
402450307
984830490
712606548
402224489
271577524
238876805
909576091
210656638
325878322
273571609
779648965
933131336
383347988
645551431
114517675
127102281
926989224
298308581
645586091
260016366
770585368
462453066
340018458
597777465
682457994
98537909
456168461
480394537
48828248
40873504
171246269
275564884
948044868
434789511
766456857
927628759
987838169
477855697
117785505
539538997
281245789
179771688
326153829
737200059
750152062
584653569
693831759
246531436
288553069
937082438
246609451
952368232
897583052
537973514
259847377
602283148
662946401
176456235
514110869
879126573
829725823
146666317
833062482
682932073
393949537
46746083
930897259
826450960
248887878
207727113
315008841
586389287
893464977
101236918
544338498
164627489
691449915
751056055
718945391
130587265
138386305
983174907
986185502
54399305
733416113
615588847
654951802
986250341
701404811
342924973
679560122
471769842
256576491
962801319
810477770
789102484
943496626
309216743
722585661
944869548
730671439
118610535
470382199
526814231
550924732
367985377
614504227
571747182
449796927
587872114
441817253
446331889
332039971
282037692
735586830
400377433
60234401
673496880
221747021
786050743
172861784
524543693
289931162
273815131
483918127
366609752
571486135
31393321
5190497
669943237
643332973
688446529
347686835
272061344
8426778
465368375
579824363
321897569
819203532
977159710
812117391
932167196
638631300
97060723
522582440
968407697
986506655
506900621
523788847
587368754
187935770
767042624
583051676
828292949
374160096
149482095
165099071
695694007
794625361
168773142
183342210
902386919
152487715
637710028
489900688
924109003
272601720
52954401
308759475
448615682
871081422
885102056
3169472
337254557
635122654
750102937
270718041
294505240
444119756
351675663
409819042
359005312
42348236
874706876
761269793
184256607
439993879
813642688
345142827
611085166
513518771
422146712
210791379
154381989
25525458
36040267
532235803
167833093
889794353
81460409
991867666
80052121
181586835
239540325
466023
702107632
517203702
577033241
64138992
422368071
444969036
781179411
233234774
214983118
681306949
812718876
671258825
695188763
590300935
445158327
969423991
948169952
183331971
464607131
713801402
637697488
601646950
214249642
559647126
899934035
17841455
264923273
992930889
706291858
192941460
111983552
402061885
455214074
821548527
51227628
247674519
324135996
565379298
895158878
665703880
464182965
234486337
565783128
530596068
951453718
363891748
225592968
852197466
521513332
108943191
339537490
235369032
553574049
53436446
551219589
799082722
258933148
290190470
191398979
624483665
40139322
682999378
133191427
175763680
540078757
19073197
828094791
510856750
640305382
17550022
683497028
653348313
54423521
562353963
861498626
896416763
305593604
467444020
140094758
290878741
931158076
607573706
833495007
749167542
926948469
108102525
106111086
396392720
544827609
99678161
517176150
933391119
513385812
120542893
999577474
803791097
122114829
196251636
489562526
316142945
259240423
704254562
139257740
834681620
364868898
218119424
783695583
993707281
19659190
805953265
508970178
174838315
551690519
452914082
204550300
618939082
283136634
55184115
558655244
41593314
682079622
212627756
197209441
225634493
366458506
128787036
103778230
928707645
905417438
673978278
482846938
105668973
773021168
204833461
111069239
566212433
174049958
802944222
472116459
11481263
53157951
444654082
318249037
889817942
601749613
234590804
69517234
787919889
257009797
548296856
290492039
964474060
477215575
277546402
199828886
358647792
237590349
468408542
887743651
732725891
265916018
871670219
566365096
799469424
544256968
450557523
761930258
386528005
678536327
975057016
859005437
629294425
920868155
58793738
829637936
678499964
438687132
503444498
978017953
297875240
521629564
414364788
520747202
347060278
964574051
783544275
440092388
310922141
635203756
418405934
683911618
579406788
22971442
466711767
481723502
654535831
621780927
576599912
64331104
563860552
85550824
598602983
551571087
490904128
506718151
703617215
984145378
597368585
117653238
181260809
982303776
902845945
928999186
824036594
152237404
654508472
290627658
343860500
64234388
239030604
334818905
42663369
448688050
905191797
2164490
833923832
35045685
619452615
947272282
377569089
808896866
354393178
696688667
21841568
230277744
40001382
343533525
595880763
524056516
801788588
442011562
844095121
141625916
86046307
784736243
775798736
874469203
758105284
362927868
985356647
225404724
339302798
334269118
335521569
597490170
375212579
527907425
989143875
172458312
128464436
650023939
776574863
591197535
559781783
352071004
922945282
916303417
436118085
876217084
919156711
9282148
756698812
394369378
170136826
529882134
170044982
81840690
568556281
448274760
318893845
315574625
974062269
594000463
63752879
153965487
727207584
777825359
697205709
835975590
566212433
325798306
616888290
264893012
27285952
406970509
385969256
237382225
115724404
918260679
326458546
406833443
623393926
877516524
997434133
95873199
768559345
25325034
927839945
103865207
653278985
960827854
282451650
779293834
485412811
845865242
47133153
994452734
925209238
667597538
943849311
402937287
418753771
787148380
765520895
597368585
772596555
568987815
688736649
802895972
899822545
390475644
313520130
130021569
245941510
864511278
62205405
766732825
918049948
897217645
347339728
985532484
339698824
831769497
970912852
243449386
220003997
463185196
92496227
313651171
79604670
984187647
313838871
907935410
508411525
640131291
149671425
48363519
166242231
235583893
989135629
694906367
797604043
81508955
402972382
213746140
627823442
884419350
82413854
195548560
987411157
466552519
411172580
152853388
736737728
10588770
45444407
785233536
453082281
428095722
539095076
440883073
14229052
576021221
607540051
779300924
645914581
635624665
771662412
555754312
304758105
298170102
198574569
674875108
293956502
307978071
791762998
95384255
921332981
308629110
130826649
791562513
147192226
596132637
350811629
294174461
567042493
297153153
518615926
491839910
177327137
613627849
863656737
205385592
558383554
236576070
181972925
956061211
374024969
523102996
473202634
831994055
65852283
61752355
203596995
804355734
12560031
350350749
149289936
673014533
32314919
297171732
411172580
750526376
184425419
296010164
643309572
910614588
849262901
589176260
649443
820707665
877599342
590474397
725299365
976792949
269366593
905022213
31530619
848819558
958985584
484621382
478119339
306067381
291934996
299783015
273853705
505903727
648802016
568832291
19929858
87022489
230475929
370641527
270083324
670444730
292933843
279704882
790717640
406538497
31645001
47184602
474998762
557009878
388648694
967643562
795666247
419993749
267032590
869926919
206244763
893094042
131714934
213468721
833158525
740410023
473896816
763202124
196559597
83956185
186149816
237201808
189033205
702695417
945158090
693789968
684537362
82835352
703582584
578138123
837338578
778422251
944641345
704902691
696884308
615852188
760810645
674990928
514253558
661281618
10864799
231347244
73397867
251838512
449657085
521944664
761196877
553110179
833999637
656576776
177621937
292852725
574921518
302552882
733154588
424514887
914658677
926468003
869857888
43826585
963058144
427163151
930368415
627254926
49551868
805089544
852606918
700739475
477424406
362397257
602496983
740810150
74776277
180174703
264154589
652620299
712535581
945885170
586686726
805790141
992077687
852350202
683941492
528599840
551255691
733046000
153531479
196404058
234503426
675254783
151257769
616550378
391091458
116439823
516577616
233314164
679405812
127552972
316046575
288381555
447193156
803900142
531158750
82480388
808086861
122366105
82604003
436571876
973512268
719331795
910017998
978653935
536249659
259545147
726687218
533273905
700313040
716519434
411110710
338498016
149482095
615371145
288646109
375245397
451439081
942461271
995162274
203747293
221425627
101036171
192790028
883159231
205917183
306728904
681872340
649738828
106023824
809992638
145844670
527984392
320290151
387200466
23270041
599224702
148735095
403813397
761504619
142838999
446730363
868951064
539713785
233541445
757474934
702516706
719866991
663814851
274190941
490352839
515697217
177386755
204919158
193497294
387997402
938932926
10044800
897834048
577978980
784558342
397460473
416611331
626938188
655864188
613084497
810834592
90576846
489483349
758739927
439034267
313098153
439239806
834088364
523288113
403823812
588287218
871069606
216017883
720079304
347578590
85325202
668661068
535779857
450078706
738787541
372853895
91697541
486773172
64340647
823846773
457080580
410548938
555655108
409494662
842549296
859005437
579517191
169558932
827662822
520339723
354432677
325697941
241289170
538380689
532588672
167683072
259513666
478400368
985671702
598527534
118082586
954258800
831720563
987062251
323923857
578468418
293597859
159980842
924362765
705036557
776110989
281239334
67339590
463163154
156481419
188807539
525994286
212008403
270718041
556690444
368585518
736287745
152343554
227649683
880748608
575795104
356141891
575944908
188977035
336516119
277897991
457404548
972775549
343770246
552500624
951137077
213358307
991720933
791546500
501583332
193539015
617778064
641374609
710693572
517729888
978938072
402632168
437119502
708845253
772220271
543584047
616108949
829211515
752521200
844827278
599613014
82743383
330545030
998408669
600594514
334693287
976917821
916840040
746418863
430319623
868425756
346908304
926497289
40997285
672129048
532126022
448274760
709409638
135587180
850397170
899986261
327051266
662267395
982173048
199710981
569731750
102993272
163717743
182264336
456344058
309294754
162582058
292667336
954764496
799013574
715978961
703914746
161376797
685719501
203116608
511710286
986731461
564183964
337382252
577033241
102493313
679907789
311622705
146143921
337908366
78880756
84285803
30126274
785894550
72590477
332637178
886817708
768795767
500320881
50370318
960133275
968496606
323981765
244906388
752521200
738564815
876145444
552568621
104123495
10096846
999695567
692262287
76798532
986604680
341834637
948688384
22638108
968278844
46372526
267842760
761368332
298084991
73149143
244106859
261568858
120860198
132194157
363133516
948577518
838514282
994963807
321475065
193845915
457023927
486360802
413498277
258235015
927884683
680023533
429495234
169353025
214489693
851257540
874801973
78041350
553150322
316748623
381800150
776599714
835493950
177817672
51473483
704638787
904595412
361037340
677821932
438241198
721277552
541178798
711849920
635274032
749404346
610670074
210129253
467603622
541534448
244794321
443038001
389043402
731726075
138299945
656647764
434661395
725767676
574054521
634638863
818594021
775252439
58151877
407516043
171060717
234870624
722465526
190307137
972179181
306542112
527613328
182936928
103070423
261463636
122255016
543313761
463747004
865732360
145308706
928252110
615572821
289391656
198726532
576343741
161367593
807475326
819426462
453028960
866828716
922819399
474467635
156557291
828211604
780436742
822664512
271308171
470141922
452574064
607494447
3417295
446089461
474625734
252020945
687203203
160435578
44651970
201240218
962833330
520776680
902902553
620851026
997099160
886305962
788772949
983671933
678338786
392761117
12829971
923000889
45698569
632120689
273018371
497738712
596549781
191524114
410112550
663310839
806219675
257346841
751690544
621481896
804637074
479683776
925708545
197349762
326279848
429102338
586444914
100615272
24764680
271140402
87719040
50033690
278597874
396524407
612653794
125152933
184559155
756118105
317390777
567275481
432199989
683548592
971298543
424454395
673960003
934662995
52258311
261131012
360235676
548152493
981326136
739555895
219028259
739262552
898498017
528050105
584395686
181708573
613411306
481550217
236760702
271068126
494228273
323590863
453158031
480099785
510921306
976852998
871882093
137071193
993503396
200357314
402675471
875031799
128375573
716155609
734878296
711678946
256081939
314575860
144599360
913644143
147113969
770433493
646610323
846746229
341282334
9582541
345572010
312813088
826394741
487509549
502367746
447445088
389026015
300038792
667032458
82253600
411952234
617484062
109248587
474615705
238142454
988380961
17662864
848830263
131233416
156359772
515216448
29717553
90050020
4130629
377141785
579031475
405617990
290945023
678536327
73347398
680750493
741612867
796328359
142422065
312021137
421401620
555914576
120441659
565216610
545302616
449945326
906219982
984513353
714728795
166631507
658285453
782187464
460765724
881718175
930627904
516442420
661981851
943706239
272828061
58641015
771507117
610956469
744949295
477855697
821692289
971339904
690743789
886886572
263517185
267275249
69245695
14452380
927161178
385802490
914053310
384088895
76779361
769333744
788778368
9658816
706406618
236807425
890238449
99814745
749229474
123113039
181367738
193393791
731424093
833541203
923031587
123249349
888717372
633943526
247386357
352867621
847825959
555298375
820788146
474104597
733122219
744778074
953627365
165359345
321897569
627563675
444620834
308697140
448622810
892236854
791429677
958578834
91208356
330501805
339176199
929939187
677368288
748096009
729956077
921174933
712539506
664250139
346867254
394181007
954639673
997556561
773315477
461098502
393646434
260273000
350051429
879247646
919000656
495231967
241522538
390393878
305540905
781928289
770167656
190822740
348764589
452903112
417449109
902806342
769973987
556604805
615709838
659376352
319997686
900958482
903829933
356488341
692437193
719149705
449193817
624240484
852102293
128187207
928935055
969873704
398936411
849261732
49125678
369230875
739430822
915363502
176408804
901292014
985719024
69685143
532976702
67083076
117477562
328476597
838895686
660304145
204345161
827686162
374993283
149268415
848101569
694647528
47565357
815237206
989385656
713000140
352385334
792555737
100383035
967579204
482850505
518132161
149764835
719087753
157883235
590790548
791298764
383148238
72029938
111058136
805512482
268872577
343971899
769417386
453087709
943675958
219656071
345799948
433321531
339598096
579495606
609116371
466736805
766185955
243588673
419946569
980180393
342230141
307955494
486477320
549126922
667052650
40386792
994452734
252738269
886157644
434372334
644132922
779620163
703252919
537349136
65060193
62611135
373111910
193129512
943873851
347491985
920979889
589817915
809586103
791079446
88937678
754745382
679933604
547498579
852479852
331725693
533259056
249415583
490130830
569207288
912412990
412932082
826524847
758720494
209463001
859783022
719906849
483852517
597879237
706110070
177511709
650418467
436240553
191564048
887649649
128375573
417171184
752796541
118361238
990218868
51714478
832767415
742601000
878354102
341207284
850408474
871291676
522019460
890659954
739183469
640018188
92310021
513342495
201153767
887123254
30596172
601626289
939921986
112281305
399274590
137032711
259680199
122881768
396805994
416184887
348161594
452574064
962085438
949768118
492276382
727797921
380039543
73853777
983883207
486477320
579767674
951848757
687428502
736589784
170530536
640924951
83750167
407850360
887329134
973606424
175735162
249987169
995890899
303639432
309713049
214216037
325150641
690900408
518445990
98405029
883742514
406865516
51254064
787810622
951334252
472513901
999096329
9154
495710541
998364453
494228273
997395530
255283770
878950328
881452404
119251170
846844799
292715954
697083594
344828784
885418976
218211791
831350931
202425652
221914680
132894199
385423093
349957885
41497549
726745481
721459501
19749503
83888498
663287661
330712104
119168721
7170761
894704744
828117211
827913322
49551868
803056456
970332069
879548400
327412261
874272201
831580725
895013654
165738679
216054970
824507539
479171887
370426127
591994442
48334014
377569089
500647879
252708298
745846917
367273484
874451828
90898202
797409942
918796330
380396308
579172404
81432135
551176391
984586960
60460022
756813383
177646772
703320563
44585773
967704464
883159231
812976609
198762328
903061853
198459049
375466159
747618224
93332749
853331343
484773544
826053346
681402942
850206902
886778378
770258693
737166979
905169046
93163796
880705335
145768775
471407973
663016379
679882624
795096888
404570732
220074302
121158047
365241880
28230199
887619386
901304089
82891484
155785047
368756913
411952234
471006637
369391778
896081354
589375013
418736910
61613439
798847144
247886845
390307482
123113039
646514509
801109919
620955486
473849377
448444679
36680634
745312577
173001169
74010629
18410368
817978365
163880464
990036436
485023868
794489873
589632846
135123861
112109381
909344253
612293353
165627051
767577694
534138526
235683293
332884466
390126404
583393227
853625439
765612522
183527249
474580294
525702702
389141090
644886140
59106949
480414305
792391392
404919377
305870676
514152708
405727517
414327914
80560294
195407940
732725891
672670404
492900194
868604213
444521561
769689939
32107385
892446715
941495878
179367074
961877605
514577579
777979377
792334297
560056025
296759666
80543451
276613073
879802228
175399608
473947359
67095187
388193221
547834309
468526394
615145653
967303706
761504619
867993443
298062090
695112947
438757807
706889555
970014896
706141624
902266789
287960140
883015844
25407874
17669968
339279458
170136826
704914909
792915108
857872528
719914324
518362900
786137313
15222051
116225933
544197117
244070012
960578136
186674641
182185802
171246269
525910056
67951685
747148793
941539932
710412509
914992361
42949050
800696608
26443106
949404882
267792934
505875793
237865334
609919844
291553468
460499344
469184062
897745721
525378917
355034208
519361435
181367738
545704250
310101839
346524084
357573624
730084587
483925398
656252042
355740672
514806076
271474405
398032304
358776343
322591828
804289145
829078326
934707084
860548898
102302147
33774883
180684137
586421168
338361530
889140618
517993562
98112150
695163037
598958331
205697656
988938294
115998503
328842472
58358089
841448103
916413577
459651559
713175568
912981456
858615813
941919364
67069838
102814217
64518497
350456707
65526487
556434228
156359772
672220974
208914328
313167148
614424278
562003910
511989528
256731881
826302763
657571211
214671934
713482124
834843164
293661440
575940492
641374609
889618546
404657292
48774631
184900041
463544033
332599018
564018732
497006779
467192869
175637000
63814138
218869827
480104604
205068867
564342822
572496345
774382528
749102670
291258549
576890726
352031034
955154428
452583410
29577449
287436148
321533683
438559353
775722253
81077082
910017998
496264207
912934383
93393042
290776289
973639692
551242182
704309158
208803260
387162567
356623826
693846934
241378060
144242670
74027968
732919468
761414263
784758967
891502051
849199528
522443263
132595890
802539025
734794623
597409486
737314177
617147550
812937238
267238329
951036716
843318940
159600208
954639673
626812203
733666653
842092520
349609281
385822231
127401086
352462036
350811629
890272355
518492440
65407341
160901714
268951323
399040564
89067472
979047801
712622174
251461470
275344954
718559481
886610938
987143910
870766192
987408054
249872162
677826007
874893250
147137920
993502533
769643936
984847855
485023868
693831759
439239806
525189408
921889517
767198042
588342577
984763269
240417711
949343929
820326119
49348884
28404058
291628362
636960592
362997278
196769295
751136634
666826139
744280790
95293075
686026456
290996625
505359228
125350907
944175367
626602661
655121453
51417486
696111657
13623898
771662412
838134053
402598924
785923085
117642314
539203529
784577026
936028698
814911142
388634933
867277392
75444745
840972795
295816475
274614265
864975585
677542926
645994712
178511519
223557129
192750210
494400086
134869960
93034788
57336397
376501251
936096311
987676358
545068128
340955526
361878131
435181466
682389136
182185802
27285952
650577810
874706876
290567179
766836880
852838123
938932926
929145240
82891484
425600893
751358975
931430850
418723704
141022592
209732960
932143251
708931957
624003163
768910627
103622809
948517567
268841074
106389016
888485923
70496319
965782913
737989124
892400727
628426836
568212261
325987368
195615427
54039804
991262205
771662412
122500116
105248905
981694682
645144968
846778703
410580339
89608201
907375626
641575973
652018858
790357753
224544615
933519665
308303209
136461638
152419479
565321086
492378075
509149163
325656719
245788371
968353545
299715154
563140801
772444232
261697499
606882810
182435732
346836334
484405507
180456649
950813083
904558242
143728955
716065711
651302024
966650875
869607719
333115141
49656663
177444778
193497294
502165748
860892727
561373439
141098138
341052000
327770040
979294627
737302100
123606425
114949298
168885591
348124610
52142776
815182692
2318900
490688115
845115662
435945359
881897238
746302201
705515854
873929567
346041151
304104767
22901038
708646714
695802392
284127958
55391707
468634659
754113165
914327183
983883207
535880564
223052924
108102525
107317220
260759253
644814828
991356253
789718985
747118606
529281401
133878443
72549806
947167902
887013499
721928033
763773643
852709661
841462486
744546975
189658555
997981871
509646370
580556098
962390716
479835228
968090306
496728399
82015846
668834424
925533968
4729440
410663767
479304987
623221135
713760748
850039032
32095242
718226395
561963534
408993789
64480219
761796000
230260987
811904950
410965444
137568169
825907119
995672756
915024857
718827935
670460369
201554641
692107053
448001895
332081020
14699942
131674619
6323228
351424379
44651970
109723115
954912348
650984628
993157077
179885845
78363212
172829207
267719069
823795068
191917489
918537277
794374098
225634493
394530148
435721201
356504349
71459615
976604690
337131892
527381757
430387158
275215366
683668539
765838543
402293979
903451099
17519909
698666069
646323752
395396536
482846938
138788951
130012834
903265956
885328789
623426948
569114423
893013274
621665903
454233514
424801482
977710380
352609781
861514645
871361612
615443573
584952050
792764242
316977260
564717971
691702857
797168562
354137384
792077522
496852799
440364666
211915045
247054576
433926769
581737635
628803323
891990461
481770792
93332749
905657814
633203935
491243892
980390035
17945271
86055449
579317861
739696346
22167988
301203448
80425695
59882350
303510444
368866598
943007727
723718365
490995626
18367458
148294016
279110039
959169065
239206573
920923389
110019119
540843599
948318695
137686137
787810622
121904703
393312571
636244840
540690568
904723113
194236357
248792517
493031643
789947800
711116239
185421351
498767339
721826350
343249087
466023
468834656
135185590
731753334
798225204
228486601
603654312
282871303
485060959
910499617
420812881
575944908
594495571
796855784
380569201
410608500
532850799
562366663
392640357
802684373
45775019
49093418
526885652
938906786
994311493
107179873
981376855
993692878
237201808
249733517
409262642
819976298
796475280
285820407
183877996
598323299
291974250
224244688
425689308
869051223
146478543
725812533
711678946
488590274
161018309
629720048
256694373
284854652
859628891
295924016
504072469
964955269
839818447
920135325
728753879
960257402
677193275
519853799
637784834
742693542
187346259
420325350
403346716
363186907
404171352
738058709
639238098
165979475
584450032
307955494
661685328
960374571
314413306
287205241
85647343
537105523
592442485
290602805
985959044
303882348
669322302
632161141
689733366
289232747
346859889
191602152
379855144
925966670
695802392
20645589
335023040
332409201
408189206
420625510
200926000
724744162
17901794
680665840
856468488
812976609
496880915
549541371
61544587
65407341
685955755
703933829
551305468
176421625
392686358
964489438
879855720
304059844
763685666
116988846
915905731
209347878
596688724
797684691
948488532
284009237
661235034
172383120
950707842
774293369
618995234
875678260
648637996
99929165
254533299
194644207
893968641
535372521
291589485
246113315
209004831
540924487
468761556
370641527
915797356
926822311
424331946
886886572
380747336
441673955
950707842
985991287
286655484
722207474
530787763
20006973
448981717
703977162
977560039
366704946
393475270
882980491
558433078
135089753
372029522
986935546
448504833
917676188
235490038
41497549
967404566
366704946
218460306
21701149
684299262
514769032
413459530
891850802
898362547
288418911
346452872
669683721
757840155
345375590
399035048
374251842
452084589
125709029
653107640
421407776
878156167
420097061
3845412
668728748
174198005
515045821
493935657
210457438
610283572
162184490
879494978
109504937
970543478
452248950
691764690
714658682
291743664
626537786
357733950
507452232
921019110
763095460
266288071
650038269
730084587
795653763
322504858
509302010
810257533
493515612
254434175
657836901
85999455
67530974
268013720
120168010
924691077
836605034
774777401
226649594
79199566
693748499
730445122
975807432
164780700
745551821
753318537
4023113
734986845
878543311
885559404
462914221
226888932
495393433
739541426
888431911
899657730
377147701
579441070
35980260
556149635
613789755
53833809
359419361
560147080
269561370
301232087
606527214
166187752
642918904
985377457
501759624
793311422
441179410
780776885
377725676
84687785
867196257
521293184
673328434
402513497
758243230
179495325
854997861
479917262
656855225
317873636
103718876
514611702
347183394
915709718
678521698
499575511
307730024
859121239
43315735
447291785
492004448
380747336
52740603
810477770
94715803
85886539
170266337
368651515
22014360
165099071
815433496
736188832
496579674
38375482
468133920
638645889
739049077
469046403
986732447
979631710
752386702
439824729
460574423
422917124
388390634
285190251
306771304
737668915
602506082
958848776
486290293
96176968
7969252
890731729
963137053
108708116
977223114
514835559
281947912
35126584
298419720
989455807
297742040
739645348
36071379
774491382
67095187
717999147
418399522
649549808
84961978
193041457
823521965
297546666
266742069
778881422
891108733
505269263
905642027
538903432
454546913
547303370
345799948
15027492
789064337
343576118
545550688
2318900
613272612
53322931
1329393
876617494
375658961
899885229
225778539
791379208
281685242
211163620
217514459
169851216
419027570
152858811
459151932
540219603
839749716
61583382
621867171
576460106
643134174
481375463
715012916
413608608
230776863
865487908
277897991
163650103
665520265
489957398
214135004
571293630
515851454
621867171
167547224
322142806
585987254
428284193
31304336
602283148
511532692
759276050
56392479
591781351
852793173
864300238
242901146
379383001
721352483
28197928
554312786
289310536
368874670
316166825
565595826
164984520
20880755
42949050
724564639
724070320
660442511
576223635
728663265
635624665
483052606
677207201
797267349
88323617
544464515
213944122
306267992
424531367
874256622
433894916
340001038
805761845
307542525
635203756
24276484
161810012
329564235
209545752
709079844
886422084
907812626
459917899
945372536
944364075
44198962
276304260
350456707
114786888
379080832
311930678
215957290
887953983
528396357
509196773
953708706
592359637
17989321
606169320
131493885
133232688
186155972
689249018
818256849
845194786
477961333
231659108
407850360
587989644
661122562
97460284
575888335
322392708
318061946
478824023
68846530
877516524
762460013
224148773
234384853
260269162
454792510
464860497
265824964
246207359
190433409
794888806
371985872
975457268
600546734
359705630
219974889
634542788
615930918
206706721
711608302
355354414
766635415
271556793
149187705
310594306
323524934
727107466
202717797
623097596
984235094
948511106
671841626
548831067
963351171
709446760
572270047
447257999
907812626
683243143
50067205
482785725
59103787
278684245
767665073
153263709
355263179
860716380
303444137
714960730
926440289
401771996
614581572
368076152
122808931
327850142
711046544
190574568
411035343
739782718
186981138
218518855
445130319
144204287
56082936
805512482
231639865
173021037
148478347
941645941
79907863
210231830
91636877
159722012
583678906
586399319
798791816
93834746
974250321
32452536
789674614
188950038
188381520
454157663
671000258
436374990
828770445
285293210
556401156
835832210
984810098
275489660
599570347
954044783
166797323
469313320
80811655
211315666
323746409
912032527
57529852
957020883
804664303
816209725
987772487
351533503
490710079
52266216
316617996
431935780
742203438
104232562
403636059
757130116
867017408
81839730
269333283
896175772
670389064
426252909
481449548
659419505
584247171
428284193
864801844
372389010
534479956
301050076
804289145
717319426
292485850
364334360
48175608
283209667
958666629
113691323
244531038
252090111
280875712
173068777
488990275
326475873
924511859
833017057
564758859
618472653
891850802
750405065
388320714
187447978
541830626
907169013
376073062
346588398
991989813
955636492
121463574
317605754
298624439
248823517
504127458
260007917
21249461
736990293
979403376
514171072
410872413
361157713
632536647
589176260
342515903
919464148
585349435
563352063
888931625
125822291
282641446
857301549
697889146
509557016
609116371
718377600
679393366
415701869
573820645
798195674
543716130
298155681
27772857
684398993
700769423
69833085
816209725
358323358
138551180
584336459
852204444
703840057
676077489
401503072
667725851
909654316
120971961
742371144
464171796
388072844
485356233
537001693
511112771
361395455
637057298
503545862
24921753
425362792
194049284
284499779
546682675
414311041
612653794
271698102
833929178
888609954
182382195
83407595
123403798
456950500
746062222
879713496
995136554
63553755
599991502
997778592
991863183
665911545
442147167
111586054
930860982
792177724
389888468
590956336
454103606
147750798
207950313
498181618
224244688
347536270
63167157
378232146
946903895
380411703
534479956
29937362
377675710
274435443
588432020
222222769
765481476
718844419
67684629
546187878
827913322
213163322
996591110
4461293
851832954
807737559
561797507
119853135
319342921
342500089
982949026
365122364
248992145
670233962
474487765
147599360
429026133
494188218
69483106
237507746
394995540
858236931
962801319
42909980
887965468
723460408
414179066
251195093
154162988
381469263
549211831
142427941
918378916
166921529
574271103
714423998
878543311
981264417
195945817
129916573
687340399
226434317
249125036
3333849
432653143
241812682
767329355
460946150
627082639
798126120
343476934
280061118
865581336
449945326
99618754
435705478
225365220
615782602
344352101
138538344
219234232
580361542
435134669
707557152
931909060
946684500
653121489
519497323
150841386
739639162
707039261
707753983
753532120
548594991
428536096
456886212
263602615
494136904
908516002
544634327
629203862
368062319
411781216
266998735
949968496
174558198
283248887
674343220
193900780
791773296
176767854
369391778
680323367
163858919
105546929
355700197
478565299
644408721
467413099
493310761
749022167
162007488
957140559
650664976
61844365
968860013
879819316
425751175
568864039
116387346
608344364
321094848
79884163
379113459
344272129
128540066
777695877
881103735
849181805
714813602
444989760
572774945
551133009
388299475
960680281
890034862
788513189
614176741
976210833
611485875
86094197
73418151
980741329
362062021
180321539
527870624
446282045
770355775
10620998
968219095
913122218
602224834
882916270
24458425
349017373
848249156
987463556
654794406
848511630
139378837
947182540
728433930
751956808
42011804
210094306
535420844
299565358
940903838
970746377
700483235
322368035
955665380
83249480
427877715
106634448
907525650
439023027
378303906
246009019
780733825
991745291
222731700
936009953
277445754
696378162
108105318
298233539
615066765
6930951
660439232
503782610
194889109
557734155
548527298
225404724
447490310
493264303
350226387
437437737
819938939
604471224
303808124
50484063
348166242
26289674
424786041
74046864
850621301
349232551
736567774
811402235
865329873
995060028
577102537
986338755
352883917
168960036
805676073
956903659
22624476
715722761
578276233
109915603
511916798
792764242
22553827
738219311
345004227
872560014
933131336
150619520
759228764
901132998
494105836
884572523
718153601
555205128
761773415
706214952
582767140
816702620
934510830
424729736
152806107
752100446
832821611
899291922
411443529
755027776
858187405
127129191
483831176
503685592
93959131
495542879
956405343
730319614
440306759
614745323
645974676
61817901
381067779
856776570
360160237
889738412
671420416
274345221
808548324
746457030
317030536
319087161
9956253
435240468
504847962
457319463
283450228
211816375
26759089
257311645
357895631
750240078
504746249
956906184
752026563
117874911
31452051
442147167
404166148
877052264
209032548
518743165
271615712
563084525
127729000
231304310
749065197
501324491
770585088
798327647
468704049
198034153
800886339
228249901
478179676
20573911
240918798
560070259
366999827
274415186
557654912
894058400
622065605
76683746
280286912
24392753
735978096
256044043
424032510
768042116
437544023
138066959
734925687
864673293
60743936
913046261
963889907
830932328
634479629
775432850
585314623
298205805
214936031
802595317
384970373
488054154
79562735
805943347
737166979
270139454
903615466
140507266
434844751
818067827
807646775
310365084
17901794
845663185
400176701
972370982
291553468
790080703
519154342
9532903
654024393
169627124
520637649
155730152
723407521
159980842
895789055
220236119
762599064
414065759
828117211
564257273
729616831
943967070
361369445
141725544
54039804
835896394
579106230
479392963
167393279
791546500
402623443
632439819
984001100
806820198
174767266
90801933
642222905
473863257
264064131
116418975
147078113
347992628
128610018
642754295
908246969
159645219
657388644
758759980
242795427
973218215
54389073
308262406
146637195
954030573
691611548
331412027
347949423
708249957
741143670
871252951
675351858
750488759
691353013
744949295
142810043
131453323
618875281
454574352
852240814
842562901
666301234
111712092
870559380
704510068
875714448
177444778
671868712
411502948
363556581
993578010
144034434
141501478
533305443
231333661
198877149
964574051
797723127
594057602
11388296
783091372
84340986
670821594
766186591
379922129
487044767
426918119
386064198
596662792
276173219
56305331
523407108
595372120
430179623
737045501
896879012
305699230
510191387
80833105
111071409
245965904
998476202
816160136
556774069
9658816
100354413
302110967
586219877
970680963
648703694
575577432
29747716
763606024
927686413
262709023
313868871
548148910
577954512
847092613
317255807
330198289
591519160
29012213
331979489
259921353
547855430
53532728
937854146
657627015
631953753
925428515
389624612
672924161
103190799
420281336
50824596
532976702
701966845
931014233
962467196
229503177
261395932
732676839
30128508
341107642
195691369
394625013
665463229
109110011
175352098
98032095
479051689
567995067
854630419
388050179
138066959
202668875
288970359
680498980
763606024
797168562
850621301
886478478
806311375
24955061
514906667
476726250
284358980
242729559
891356859
31918149
16002376
570617308
416530075
762207003
835975590
980087780
733666653
27395795
326807372
202782800
742529580
703462250
803492191
852331699
651199147
27819707
981326136
878696418
105669652
349259392
762712615
461510388
688957699
290945023
786463544
814220466
665986808
997421016
243213484
897462521
200116742
486941956
296505635
729344048
18567562
899858949
541284768
496187499
669976496
836485902
247013872
818986274
377496888
654065118
765966790
469624000
469009163
291356315
104310629
964548275
669114251
612741944
643574528
416907485
810124346
111649943
841633633
145237284
639004032
298031448
623057856
603204592
569427154
671783859
556639873
198686959
559129828
281453117
816702620
902422737
297146373
623108810
292693387
28270510
56847627
844241931
662946401
921682857
870461389
267485893
597166483
863894676
190913063
364609216
13960821
538053626
40943384
345943615
846621915
477923358
479392963
23968430
706779142
59977801
780001915
958687102
92474236
709648209
898132511
23714781
961321088
234654776
197322550
967732060
713990555
432618727
27035268
465581503
807575561
221679366
257948450
512510114
769489447
544579626
829586100
686051893
711980952
317819231
573520965
812937238
914263832
537499337
11481263
651995079
996691085
773679298
971694861
1584926
552990412
881334057
561213180
553150322
982252770
347830271
176299375
792674321
69007257
903737934
370690104
601156944
130631165
289803612
312579227
900291576
601813270
676888225
531564457
274776704
883806088
959272822
776033069
553416082
524140142
908608816
202856469
522918117
513676
748062585
982586629
603859868
831350931
813946754
89573906
386727228
970736181
327527243
511231052
95546698
296463555
147137920
817997597
856636255
92224359
233277071
748897826
439688442
926578710
54399305
944049005
309997300
311610392
159104236
792578074
485931217
64217582
856160133
479647468
839184062
275871496
866003050
884542656
644733312
935644419
653125380
429341281
544912578
13981515
907159974
566286319
970569901
404664747
723685736
509596907
209335762
708565523
254692577
320369637
886458617
286979693
598682525
778698712
27635571
250796977
709943807
73249479
545945865
268789460
880041191
895788378
238301978
217202372
45489295
531494741
126928930
417863884
856309865
749739178
507777277
602920280
837106621
631701025
43576724
450067482
129513187
384285807
138701334
695372964
929687936
754665654
417387166
316314241
584425823
489957398
396583334
790198709
855671484
840567351
674443814
381611498
138015106
216717799
563316960
687543986
665309032
739155460
920158419
881719330
342027733
847280799
440988923
364637239
298300773
602214296
49934919
647117259
252068140
633110442
536930513
307443204
812654429
63183384
423659490
505801085
777825359
123054199
803632150
114230561
748593944
429692088
557714888
464869373
804208049
781338616
103324407
735570565
279065396
410774224
494620398
902334001
26397752
725798893
376119050
707004203
399494421
806391356
316014173
307055841
887953983
228377810
801168448
595911519
13165937
726048050
454335722
169450608
786771568
176115587
730910578
57449454
751601055
663601125
180916819
603450281
584983106
334101711
936060267
248308439
608219038
356676739
303547611
182504170
829336246
444851386
961309045
698281053
63355135
825931
911610723
741486450
462481378
707100152
488054154
14154324
240900523
431599143
564651752
891520952
694617786
127489978
404859804
958691150
229513450
635237049
231478912
857752466
637751198
627823442
44371442
859587427
45922538
53347884
192401192
340545806
647224693
999286992
971504667
83765983
709223657
512466150
549216659
346041151
231946849
224859517
286488447
508852410
681558383
231632546
994925594
22869756
495792276
114682178
434888703
611653503
811171839
907375626
119853135
91254058
22456548
571199026
32191538
855515435
918236292
766598297
771507117
994007030
93420530
707374589
475914312
596894421
915471066
913724057
863368820
396879494
762185591
253666175
774671595
464490304
678053373
531658873
170583928
813980337
980087780
933314629
738568630
532017256
857099176
231076383
372357881
149686283
566678883
481992641
98330322
481184676
880216647
540159472
338550427
212415084
734839078
442637043
965043001
346781971
244280147
865149078
300033631
799278795
897694168
43982680
677484132
728064619
279938850
652446715
389771793
493060887
431581559
228086122
957635054
385833991
577312567
676793050
427793627
945915477
637691738
953444948
193543827
365087885
206160935
300915116
285927787
74826162
306648998
236320025
686473111
468891283
718353955
728403584
727509298
115563230
233510700
336605858
683730667
85091820
623559066
109527092
602139767
849755058
595897211
950263497
687636856
119019176
219436677
862541363
501514105
35621605
237916789
747235497
119900548
194363989
362510373
726664472
384664117
167321967
724530463
75467314
657636696
412161491
124068898
744081147
297013910
27692967
427659536
721834779
223783743
471006637
29431733
389529145
711517596
997729759
708377396
514356963
467095394
529281401
726431156
212081950
314622529
601046792
40352498
920758962
801992905
38603910
629346419
160892122
814308097
463708817
407850360
155656723
976034207
983091570
897353564
374902819
953427579
213746140
855173230
755808257
931199711
491117816
948998373
185880326
601262381
359046269
87477128
874012345
511883153
61680821
712126530
738201593
116330167
565263152
995134517
116022018
510324035
711178138
60634478
455939407
115297848
775280247
22266001
616489318
15440020
664392415
948871852
824505805
393991595
594695122
351042188
793595095
893974294
897917325
344314014
425928393
880659545
33956452
290951181
359665959
137978029
808922997
275354777
147361432
668124450
699550518
613604522
141209230
458687882
670238595
700708410
369753831
335289108
842171661
276952426
146652970
656554072
95691883
307644482
280333804
492386268
274190941
204200016
989686867
272142808
836241406
53566379
206811972
487569919
991310641
854987866
519050324
175799608
82265373
778824555
402774760
974944714
411485954
98242808
55200157
528547919
262960834
204134425
482430996
262386034
496058072
103818636
928195925
500680537
608085047
576302013
861291596
151315512
43565064
718109403
755925184
761549750
670618102
319715800
119977529
845558826
349879672
145748614
974845321
619594565
199203675
435097074
64543068
598779178
541666269
369007961
297270231
821645778
884438125
846898880
713000140
426717475
475266848
59696816
931687567
342270463
399187215
413000010
509722975
392067439
349017373
664633448
539220136
958522948
76188012
907891035
967867784
363611503
155168533
793090834
982252770
606860573
196998546
375327701
859984265
960991291
835975590
957492071
668148352
106434397
658821641
952937962
270203872
320533472
871519542
97280371
459833557
460240774
380442142
207348707
823053765
627402430
627969325
135816116
702569475
991773266
55364277
347686835
672264248
567582606
220708872
178325555
715080909
847825959
364543796
64628287
912195399
241782306
300084740
986086742
141285251
664434984
404461977
584126733
726395978
866726022
289726910
644215893
732499539
999401685
35824978
832770254
231683382
602252319
612822525
154253376
30800932
452679640
422269257
412859079
397822046
874925706
163374778
285820407
529762339
956978175
378351057
871369364
125350907
23792256
376978903
538786499
48145416
879355955
26625921
790909843
546804589
260595248
405141706
970406117
125279785
729019110
506900621
422510913
501040318
931476006
110691640
919749133
682226636
597921625
71676502
549397655
681796334
387425596
161527384
9745188
640910968
211074764
546076936
367897952
12879797
609740140
220524451
492051683
860971157
668315151
735025253
753112982
206581469
276952426
568073453
6367526
296731589
684021328
64454200
141988469
510211923
923702510
103021590
966518395
995890899
217395756
536368778
680590053
238714148
238292317
797876104
533970807
385276453
749731283
60729574
916060543
223246527
557364147
542361682
461125970
760522221
114288522
768193492
498120172
499098145
737650926
820170260
682902331
653219118
411260392
309489364
66530485
713876344
981249777
268872577
913367252
314862759
926727321
280014858
591001630
22795258
90611278
793407349
661539236
748481530
266347933
212048198
958223027
340132906
156550976
480977689
693056438
164469996
698969369
254856286
343770246
257643212
497006779
372624538
921122889
556473269
483508369
173950567
951036716
275757745
971429149
693414178
132131080
40167052
354788944
504154576
11860946
770087041
580490792
977905995
685949372
673637609
427142037
117785505
950411769
636754441
237574427
401975494
276790770
737705175
834187785
297578471
593166635
515866046
111972854
914268787
102777056
424078238
807615428
123261996
740962043
376919343
632682980
195842619
445209813
61173526
101545350
108907183
354070563
552446994
786652292
307909994
89601227
131689803
613757232
83407595
848149394
691939123
703183556
477578760
35218882
115153562
111010578
570475723
440025781
134869960
180483807
108412835
326279848
179319414
316695698
776086753
444888477
487632193
929012649
576198301
165823186
492717605
73700448
912310212
644215893
353754730
736791464
877823048
152316775
211615926
534539393
910093360
992505114
375289459
774870319
423912017
648682194
146612239
933314629
385935189
238472003
141607130
429213228
244350854
813373828
787072427
486528956
509196773
15051068
434829402
916166763
978636311
349047511
364011956
129261727
125090182
963436274
427930564
642215069
885599160
720024368
493886809
316694038
841063151
190479925
363225388
929838762
649913768
659014691
856849080
792356675
468282926
941753135
902295106
19517812
827201222
29106010
838290359
916472386
697766768
393949537
149652226
579725586
256111001
328214172
776933499
248792517
893013274
645782530
776791019
172984316
670813909
297696134
638850579
988842531
447060365
683603535
466308432
874893250
149289936
270685817
34836497
950481121
784859597
284779542
421860010
765774940
119342159
194958302
902422737
898184051
908603029
51427640
320854353
794847378
842865114
603323303
952334169
823090340
599554030
83836648
85348804
79051274
769755448
541786721
786414593
455794121
349219332
902550818
579898535
635121623
953225253
350388022
25223215
963436274
934220968
687837537
733328379
668018305
265622626
931158076
76188012
42081341
960757964
162709090
263911248
277698663
17934460
357090154
496983912
797876104
246609451
953268983
76268861
296731589
224034666
102814217
289619689
170484378
432132519
796109765
793352118
552419127
673726301
500492975
384732266
349340999
825833251
775709805
219875491
67487066
95041094
161995287
952781458
284371774
849994647
84687785
286588101
932440061
257852063
419265520
808047785
263479257
670050631
834861673
654216934
339862038
796176244
925255434
606628274
215240522
28137820
298624439
444428165
185501554
386448737
316471907
105732777
611011699
161863536
934899112
697320037
873633905
202121737
635683894
133753038
241117854
4130629
456385191
940887459
321775964
499013926
348276705
225813070
742237001
534055321
746848924
625810052
720537116
871615236
69328995
696995173
862674070
562577655
677617913
30936488
157060143
445453973
165864583
793684807
929376248
724200004
190812293
248660653
613943105
562212486
739555895
823090340
955101131
857033359
792244393
854428965
950650269
887328384
322648567
282003768
211615926
261169049
496946925
700574999
244531038
548500936
773679298
302550896
939725425
265131867
60964773
845239766
94727117
224740726
281245789
618505333
400860062
103572
128147701
752956086
380747336
804922239
566041526
132424982
361157713
193216313
202854321
348319033
434105587
523878296
378167534
747199448
785485971
983916882
227931899
67684629
679882624
187523145
169679538
4786442
216017883
792149503
413871727
732825855
291128325
472575304
972833753
767975633
158039531
757889019
924853998
138121027
144042118
812031171
735352790
860121656
2919134
104324850
774657465
570090161
56323244
551873020
184415772
30056595
717760143
460499344
120375907
498260984
344246237
55552175
796205742
613627849
142333384
430518285
694267140
770926966
81077082
430286228
61680821
430597185
819995535
34808588
967035147
596409187
255876774
71893429
703350390
95109140
126949058
298975511
118537562
588122261
219800560
762688373
368517456
45811853
343115609
505399035
848627979
777572851
52571043
144311877
586465771
711678946
177737002
831025922
725575518
675400538
349294531
64666469
335156683
635713324
459833557
518542213
350063820
904260830
627956979
801775328
20967210
811996415
804832948
290427575
408680704
615103010
452984797
96733283
262183752
332686260
783544275
171521245
798431258
120015451
953708706
302490460
408057011
505708687
874725843
75424442
62086974
201761557
279750415
754779446
338798474
681127365
384051041
837005364
785595879
686772696
280597588
422154816
659638153
290001244
604471224
703436942
714575980
328307691
159401332
676700811
839051756
483380205
31452051
409120893
784143327
195518330
344111011
11185318
146918473
515106232
494256889
323010401
884548119
620815570
819572821
669185975
977378606
871922248
893065604
987342981
387066496
725059074
234636104
948075941
11264881
844280870
776893219
16610537
57109279
874392751
589684236
532531161
480977689
700652355
8429130
798940636
865700930
530028232
666525246
816854075
621486633
104034528
921834369
663930187
546352941
530751947
132638755
936859194
158847862
458945565
57729452
462950978
63807805
817234370
202054796
13917420
4994629
525221469
335926022
226287994
386208928
69613055
860485774
161862941
334266806
206233777
760246687
325494651
852684320
225404724
819877587
255530677
539713785
137485034
116418975
991079912
420168871
141250392
449285005
406135990
501163892
551962041
107253928
230948728
92345476
715527806
232546451
701928493
573303361
902856410
985632942
404945627
927541452
367108732
979555867
457853767
425362792
660775655
896049927
706721991
424866508
262172633
596104066
616164817
578337486
87496484
803773531
801663405
85293293
695761371
333810486
751363328
81840690
931557252
402357322
347265088
2813106
763229139
452713126
205122078
617292620
182523498
755155748
692883403
352804355
326920791
409819042
319087053
333410081
157228346
340514359
24665407
689787930
952806120
662267395
236109142
668734506
935529483
287686354
878879638
524645648
567495115
398018530
620111804
154592825
448136839
655922972
513581417
556583411
199490483
573571254
181360984
14616621
566022979
592260701
251838512
8053018
119592079
858094360
908627935
653034980
782648395
869469288
290040576
679611235
54929171
416190609
949822900
1153606
327720770
917484719
73207257
501076769
676628021
195615427
676628021
709289266
858125320
852018778
338288634
362821884
153832737
413147515
324810589
655225349
890834
203577697
369863434
902640406
495897665
303510444
872704944
242326592
946632604
945747627
31585492
49070371
320049038
894603421
502937729
836848334
287328125
826694360
16414567
789767956
892163542
750654249
126983750
700814237
831769497
684398993
914777389
797409942
928392182
411850906
237905821
879418099
648224101
319087053
972487242
652323111
729199509
635420705
755739392
448714693
89992208
524241919
136650671
637445467
432529765
44646783
965770978
264869763
544317058
631125231
831127095
645551431
286477012
495231967
763856175
140960371
801996820
361433564
911977827
580633473
387488939
174195450
127288312
60964773
419207538
347634317
982931918
391359441
993578010
598047718
481879169
451884028
857157240
434038739
252366585
479000893
359086938
119912167
446730363
196946380
584877921
850389373
549328762
271279883
969031318
95546698
87771289
130977619
212590348
630557563
879645816
192199466
437990971
219949636
544552013
392588439
86757771
557823057
112664200
371870746
957762475
23714781
989735681
646898983
965506233
69797158
127908465
50719086
740007226
7425645
501632858
299094342
942116791
394426828
525421806
161721326
528613701
417113179
429582603
45106740
664392415
168213441
107098823
202589188
512629936
580121849
229761026
245247607
212802123
567084530
231711609
8928229
194444356
400504956
459360982
632955191
359963566
657388644
918078545
473680533
356832231
825003132
262360656
595613136
876145444
494973442
87962867
725360569
888926796
167626305
418944217
826017087
178069185
246444293
412390635
351626002
590089451
202172634
200818417
656158174
910391893
372853895
149265213
687113404
476095911
474706473
518928934
10124499
829361811
998801634
133321840
563457995
464090717
596788837
375335977
405973099
153236339
285089839
568678087
280641207
500932589
361288066
858666940
390411838
149918494
11162216
211906778
955884511
576110362
858174537
877035381
753389544
594902301
58030754
942373243
865351681
845964357
916193326
179058072
725892875
124117218
628082965
281278860
654529241
897506794
58900970
928123499
878455747
61517111
825856095
756292784
645207923
426717475
757726026
666466298
814270572
452478162
363848658
195008786
899529803
526829893
289841257
964224219
471498529
691939123
421280683
872785811
666489499
732229631
497901812
73233510
495328082
780111755
212399542
308848737
181046823
712763647
430569053
829725823
734788676
607415906
760093610
870234552
307955494
255425961
881134158
717319426
243057892
538513322
92481004
445784352
597989713
92682132
291305383
902006068
634341361
624313746
737746073
322556808
12388589
892856375
306449601
308986710
596867460
776261227
623703212
304254668
581693750
921682857
758120790
128685786
448688050
960757964
553731664
797218523
554858492
279019658
414206484
610358763
288998478
761074059
313135350
127089943
323533841
319878587
718300197
506109907
471699174
137119067
47309936
19175971
667287682
803662072
538326555
763662103
214081240
404461977
627823442
904898203
665797432
981809312
571058278
15549688
746695965
346822410
345521468
161058299
792350906
734625764
557024826
727705188
680637892
350031748
39488674
154973340
69076741
431647248
524740771
519982555
608639230
718575541
398642080
396264178
654337495
200612435
71956665
809709386
353798016
374364014
414876781
707599727
772737179
696179737
138380467
890468301
270660955
945722476
891960374
822111883
307055841
270417933
660420446
142287235
3379687
980471843
26522210
273234840
951505980
311557104
678705217
717433941
426045118
404810772
683580887
760774064
799674161
280715310
497295620
140703792
29106010
445130319
922340942
209680154
380880967
625924382
154673477
178665274
608835885
70407444
703967168
335931804
588769938
159768942
234130159
346567007
890013966
741143670
205715584
253144418
448274760
878975733
65008179
835397014
243847943
25158313
9873256
96642281
531168707
621568679
786903371
542350060
476277997
54881123
677745468
931320621
345097113
170148748
958045704
556840693
199865050
62049262
74508107
749889424
939205689
192281916
516824811
932673751
890238449
459974632
800696608
519637135
969178526
326759154
703617215
202569393
962910612
100528902
191914190
837416033
363171297
229835622
976753646
537052509
357173039
609351907
628866429
780563125
784044105
66817817
461553048
634395727
567310015
277759030
998673381
618670373
340988514
592655748
202060594
842192452
583921743
606562042
176028505
70788848
745773675
457574088
771917371
973252583
847937618
433819014
612625971
563457995
30128508
522978442
17613968
991525948
159539428
476240320
112518583
639238098
556995017
12195488
1923145
779727548
719897290
868714527
260027999
203389236
639959634
230960244
437098691
484279285
196359633
33228414
987112274
208210391
705809561
44185912
458359321
213944122
210094306
138121027
303495517
188399157
821653664
660477636
686405683
321912280
477424406
264333871
841090329
32540416
491082609
49664918
390800776
904362577
157023461
779707913
946340578
329130924
498338343
432276195
185945149
484482252
791056018
443480717
999754679
201696408
764346487
211985081
207353850
972043162
824206264
446948999
933237721
708534058
162115302
533259056
673447247
491056600
46884613
230555299
669263162
102575174
597244734
250108808
227847828
791562513
998409922
54461323
415570228
641463505
717870616
673637609
686099645
303184510
37601585
768955438
675280294
217802741
239687472
422188723
468328832
161556537
3359727
691671992
565641057
822397858
830836855
875679902
552354325
265091477
339223181
273001512
654317882
394239143
370859256
369230875
273709102
622557950
550837284
709598185
538176951
292142080
240069335
954415864
237794853
487206389
871022633
789396183
378252446
317255807
71101942
874597080
534689786
23187301
576679594
892676997
990987518
173205715
372425535
422895183
785042241
709052183
228331319
977057407
765897744
474555651
765396957
629294425
35121170
506289967
950299823
173512888
38002666
303510444
379816123
944408252
492915645
223446065
541151874
820722668
774382528
550135066
798570321
714846460
59353632
964795051
606563851
944945599
130941711
230742754
18641636
543875138
350350749
492717605
618526957
273995814
529661803
873450391
691892230
83004326
949621678
254081726
158423536
454223321
110391127
274763693
952368232
972683676
356434514
674495794
145886429
352686979
21913542
68861098
35121170
47536469
22647907
913901540
60911064
580599200
334912988
422672074
638606987
320529304
795769828
428189547
651472372
470401473
257495658
42731768
441216813
304059844
423238180
715336058
250431534
568581988
522757189
182510262
502309800
755810743
743559349
141625916
772708570
990386855
263698395
444183073
544200046
710217499
235946502
935423020
448755660
127451435
682080330
422658625
971836746
518322047
347686835
285809176
471827572
743976736
591221755
630584877
308114053
685538728
411465471
75883067
455457232
445498445
619739398
943127359
355335195
880100604
959972089
242724345
78093184
819426462
181815875
121098765
920441982
184188647
282483256
721963677
894704744
937927142
120890455
591097996
422655057
874407895
119583624
828406864
324193118
956228878
683814738
921809561
31771543
75883067
748152642
781622324
747907222
805895488
283209667
266941741
423737027
385502305
482035302
803237532
582067653
382142397
715853334
276009689
343775453
345586524
174645758
442886628
586583616
842171661
225289611
535045669
431084644
394217345
881858881
557154333
595272549
327850142
939312874
247602191
910164862
263695095
628201145
52493337
280481155
300735046
358393823
742404589
744739176
682720110
34902099
266848946
235121203
622972860
621052444
995096119
174409890
249784564
127560036
790610053
469443206
108960393
742109472
754921530
446852473
820136608
759042825
811025851
834615880
270484618
712650790
221532044
81228767
38500103
625231752
143846938
689733366
63431382
153413400
107270397
56900238
985169439
353071596
253794953
231532770
944705791
129176694
26039851
825734570
569387563
199163142
209554642
834991742
465043191
681317394
791676114
301849340
233871492
740716844
578783731
531111350
841683353
553150322
721876579
980620535
844582756
762073625
244106859
514868494
401418788
190884164
15478230
450830630
789425921
510956231
687807981
937731759
20459722
470768686
668148352
399809140
265784739
127117222
166405002
359419361
171914918
524911368
702831357
898581941
441390841
531872936
487513936
98971815
830449647
836084165
912920934
378076988
238169744
95511084
455334632
251221865
372948851
356508369
984625105
508411525
689190525
176115587
5033310
450993050
518362900
807681878
41593314
791271487
604817472
950834378
706962357
302935223
553635389
834374693
313303997
931181235
382318396
896801145
569782380
738912205
454653771
246854882
316827583
681127365
478103987
871206264
76739089
537002535
472271889
942858256
3005768
777287821
876912566
333855115
670936250
203007650
173795322
905037342
134811152
388415074
530345651
270106221
878516994
303305373
907484602
970586471
403435830
375658961
702695417
864681993
220181388
967214814
753582687
383448726
400289563
346939197
728909505
618101748
2181379
154929202
916800823
429253324
89352301
827103768
496880915
111031620
273732604
839855320
343559574
212221784
434170828
555796106
64151057
154040921
101982239
450762519
723143042
517062180
207725674
815325254
852793173
228137300
736449660
975538420
577708064
709079844
296731589
767058788
69769255
551305468
129727146
185880326
511480875
521243661
653592505
814941638
953088102
667225655
25869765
584590620
15783811
947551096
403112171
316847080
220592860
942287819
484748611
127930548
285645786
686488342
946123556
892623872
190046080
989096772
552929699
687340085
556532269
687896059
434038739
869151383
38487370
263383444
400071489
465768659
658744307
902548548
730811001
308629110
301232087
43120565
9092119
479355296
850593161
69996892
350556209
781794640
916003422
90291036
694028033
779673982
464959027
941297196
908061614
646358966
294493492
98971815
339434407
559083263
564428636
883109704
504451989
401542746
420526126
110483158
55679019
33256356
533897489
144870076
116088619
157794473
734857302
344881120
724913384
332673574
375239917
166733464
630557563
599721228
134932550
214805214
394783151
119744680
912106329
2716907
653967127
249532641
476531384
864511278
237367204
283597368
422557968
118043838
387066496
388250878
544955659
722801145
68782591
777115164
527154620
372270318
408021393
430720187
987891004
160627482
667146043
303851747
159014078
568581988
962833330
273519488
485192691
26935643
822825922
650421715
117555939
498976922
140055532
499920086
487044767
246363817
35942437
806969853
745616730
485957807
590615131
678617586
895729073
534575861
49598757
230742754
256187998
520426390
863719565
683497028
820292514
847199971
968303854
338085816
19100769
807880660
124692580
107012301
186200810
857301646
274545231
56627294
198659339
533305443
112590131
611232672
803919141
332081020
852593573
581528758
496400778
779023161
481720489
753503427
699917832
637299157
725645772
800519528
843735458
442673843
177517155
95934909
967188431
553877327
778824555
762625190
371110055
958327773
368370502
139438007
64614690
638447541
422994804
143630096
818594021
571103935
803096933
873566039
111276845
590338489
747188301
421182327
594057602
926193604
934926999
171440002
544413870
395896005
815954749
86676090
877090905
956820248
805764853
465697295
142993776
674443814
46393662
919876246
895894780
873869805
351824085
72514872
407709759
856309865
718558981
645131504
657532614
526214133
28137820
868630402
119553912
626722860
160337881
223402641
727863259
704126182
828791878
967208281
263664763
522644534
8215962
775331265
732476574
941138328
161633200
201113854
159237458
923486955
556864091
292398092
266540195
988830118
178237651
544986550
149056629
432734220
536869463
163809637
484502005
848146915
796194312
570264623
161308839
466936372
156390370
108458160
950175962
652384714
871773119
216839952
560556953
327786068
229784269
180484509
538997240
991298797
36007169
647498776
684292488
91042205
892267023
4936448
902054003
226287994
957222581
367919857
753389544
365448268
182264336
248324462
616354611
619368966
335248608
346859889
599090981
997165507
922285760
908108725
410924779
245580869
904648936
519917100
243390493
166699174
932167196
311895907
848392535
947598791
698429058
358917487
123454865
197209441
257415660
387430736
369528318
595372120
582280375
961295957
236980473
850984068
159496366
175205441
204449861
546614000
344246237
431463910
532484099
659086106
755653476
760487598
823033636
568946513
572354193
981964825
351068187
638535963
418846144
901950931
32572537
741239882
5270461
49245989
433290285
801391910
87219381
757659486
655263757
766160743
283167158
953042419
402882382
552100017
480073922
740594594
210427461
539468717
522412665
362466828
750786876
324135996
697505444
881999839
268301049
309054210
4994629
714793994
863181229
480073922
179398356
986185502
784096055
291733310
984030475
159465285
779239671
319715800
780872814
194516974
146752600
141893268
106645561
259442423
84663969
309983256
395813137
792555737
515395340
764231988
384958591
49253824
507616994
198736831
672769161
894685857
554358136
922442587
470006457
613757232
672399664
243771491
223991793
688800026
315486962
992271255
761852604
364410679
644929774
518025363
964028889
905962179
581599222
708207655
998801634
140032213
256576491
790378952
864324471
805280674
226082360
603499644
204489461
45142809
572873882
920056502
192232246
298579268
517780200
927344453
737075065
436333233
100673214
59842358
115549083
264622774
274441765
261780317
827781144
396495634
821267470
967475561
606484390
474555651
702724560
911112439
805676073
169135198
886778378
858661506
236228851
521311964
854997861
77538678
279858040
519776192
795330698
335335715
743895010
171204224
945710234
905683941
115632317
223524977
148508500
98826700
224483797
197391907
291928627
707557152
106910313
974105233
106450255
181066724
294331802
156854204
177413088
982173048
491056600
756727297
404017590
820226084
627125437
165890618
172175679
452190025
391091458
924691077
431165143
870885508
942373243
65416204
911149017
80952476
889275789
130493050
797706008
975293483
117575343
425013703
875497106
255283770
968769691
502367746
240261541
816595870
982023694
218646398
112885378
747390216
947272282
233997951
828626328
300735046
609169419
857497053
999509663
822352382
401366354
353260958
509987965
693615897
615111523
220708872
157903681
532100178
371189880
549464665
104431763
728186282
650838311
140427364
607023529
246948987
360413109
388193221
619556979
881383620
986731461
919185753
804322010
503879801
452084589
331210321
263848402
815671449
148359535
802228242
918112469
5429221
818648745
664531146
570536175
888298068
356946097
614629736
589870946
892199963
457591399
486050653
979830059
899189237
718311204
523617641
888717372
771339711
7582130
48443226
689235758
732605719
66206123
796676606
541830626
130254246
982782469
275062831
775280247
119553912
289073538
70059878
449261066
276573006
925829812
590293912
378888932
857157240
101694861
354074000
321861368
258458982
842930953
99839682
118338044
796983702
377952797
347267585
328728486
885865542
912920934
186512446
260999237
890411371
275533261
576021221
872334575
77073672
826014068
255362720
44348772
124593787
325620696
989319420
399791417
290228270
91867516
17613968
551777383
397213770
500403170
537973514
9018738
8077369
668315151
735610809
894811934
97180854
693468786
420470374
855778274
109875841
307520790
443643600
417648312
796582195
722423872
930323110
360322218
800696608
303509625
759136595
792432462
54544307
709981229
563971775
462897134
122623766
414464246
416413882
672220974
767975633
272966929
970672685
635624665
796044668
953456554
333115141
999337547
473849377
432961969
887156500
498368819
28318938
460585864
596717880
380110460
991875086
843511832
456633771
788928924
35860701
8274703
256961535
444888477
149224086
55885277
15084686
469790159
759091955
316299326
588820150
24155976
943185781
990965581
725852174
946308903
607208896
770167656
488103863
560464278
446041613
186401913
454390573
257163984
616433195
952421454
546418747
953708706
45676641
413169214
554269265
566896097
219160994
573068595
763820550
897559987
668651527
611971559
13892562
539723370
228764301
806139824
634479629
916248885
736232583
457000808
262351663
299671328
338460624
32601395
235995067
340018458
306728904
563323530
921724860
202382136
796333654
218353629
638155221
903873335
386562367
935096205
28409813
226726522
348319033
322671117
278835783
730501430
468716842
192103930
945345959
318288035
106404949
571925475
551045066
296177175
423336866
815411373
54790689
308194888
217119148
626837127
851745962
309163666
836322759
558469736
335871236
877474886
843735458
276092375
889379442
960882066
152806107
543663587
609169419
820519344
675457431
586784025
375376020
856509611
530997453
646032396
260161728
510999007
591060371
153703485
444654082
480690425
446687531
151353857
548556773
725179149
354989243
727107466
609927023
121430047
45489295
361829117
233041450
534884914
921738276
916166763
861114462
474226476
847783897
61807486
638582318
587036224
677103336
709510534
61265130
223070783
170072785
318568936
360605090
347265088
692032687
701808759
101243341
396698738
388624122
695904059
856050325
902182176
605893450
701568864
173039206
491791318
412835147
475266848
532292426
261204529
930039908
567995067
453894148
424032510
384334974
311490810
56352256
90726600
394369378
773241531
635164564
442262890
583227374
693230315
527859081
63693030
15625716
2653256
895701
772836478
509179625
311688019
710762385
534372225
945938042
363020263
844064873
738759850
435097074
153151511
382695784
580890864
800094212
51927417
630042791
996031297
608088936
161498366
65214499
516718458
10181706
437369447
341445097
668778183
279478367
469664581
92572750
199053393
616818615
189630553
348435026
465446231
977127581
421223662
826820943
947033997
809105428
350588402
19209170
297217559
978636311
436261856
724853776
821138938
494866164
159617595
233041450
829396432
236918971
925737128
455939407
135843597
739789350
807831224
676532454
629641244
253042376
182416887
605342483
151257769
974395070
725059074
370617209
691963633
207849308
115599480
721547366
835896394
657053564
858274661
486689383
691318194
375801771
311006561
813588236
397328490
34196101
481958908
984990370
277713749
131689803
631903328
737733042
410085243
162051765
603885580
49740304
591117337
914358223
307055841
544738780
268789460
861972434
533173248
946064361
659583049
558655244
833454521
237303634
842621393
991079912
524983710
381977647
692910947
326993152
166807842
601919983
399405748
610564996
442030232
229711474
371576473
448488583
928207982
22553827
528082522
106046353
265784739
115067682
209600297
734286496
76373094
215085652
682999378
377952797
52747214
222684710
925467612
457591399
709981229
555599161
538997240
998295437
928352359
967919808
983671933
819776291
596352991
380039543
186292112
148279517
457201005
608872330
823795068
34522975
785838591
752927943
263180411
205068867
133568326
855404897
980912141
536605738
892446715
377483461
2046113
147014150
225971386
28545003
169896841
717433941
997888039
907620113
482647382
749457596
714737241
999665229
983499350
832158738
927707045
251270069
359268948
98366822
658984976
316283416
749092736
757600773
48552599
422808082
831465475
548296856
117966178
858299448
332449462
932673751
225365220
201153767
223010402
354335372
990162517
896801145
501699718
79322199
644282595
647224693
430413344
196596207
269957494
149621716
959597967
235194195
611232672
468621283
189007960
544789713
831340126
972722455
199710981
721713382
775066760
691719783
364316857
252708298
172691766
583437251
306947147
518016926
438206378
617122369
901260938
439129137
632908267
456234255
619051593
704692915
969031318
568313475
60460022
497277818
201165249
753178555
110769978
98933964
378106756
38528230
979047801
484289026
996391535
847484606
322022104
711203292
683417407
901117495
366404224
90135807
301195215
513399500
967313121
678331355
839855320
874170180
563620232
812247609
847783897
398642080
176084575
583642565
102975883
637001160
695668197
672697023
715696150
399461844
446431842
649439133
307708724
36979240
467569107
970680963
790452738
118366287
145169250
164135780
332385623
712974236
413051787
662368876
913729364
972738534
692203629
574015744
450557523
110520091
435744830
583987684
667297893
220638530
814630157
799082722
555754312
869752524
181708573
959136310
646154819
813652715
764937144
146342932
742557263
877742888
961055154
412230721
864592072
392414423
994279758
268633707
834033379
199163142
514373407
463943844
162062904
60862540
934061874
813460009
69427973
783242634
780325719
361032102
372409625
226010254
633203935
999484448
802186523
87349110
485896907
900546730
533922604
533062880
860764343
82153288
386609641
668567917
295633129
631255482
736779266
971174479
566342386
370667997
917708101
983883207
174605900
737085514
172932359
198918304
970180628
150730298
875614013
226765350
142257281
545038733
344803267
312749871
964156484
832967548
249845078
11915781
621737919
702949715
488885207
834741635
165850677
666818726
209118138
413378220
114759263
647181756
881924592
780971776
655145702
830969856
171317894
343215198
973269823
568699589
644404000
523516429
446781875
659681539
517014575
476976707
815230365
24585831
597953762
169420404
167381840
792915108
863224398
927970532
23161057
14669021
825346086
447125025
297013910
270060115
939127844
703688166
361037340
728237431
730316767
525675390
752668689
714456459
254472205
657605886
600963302
514706929
827781144
966033998
843777226
280194756
282539389
976780026
299749805
112988789
522367345
565357094
100806830
206930900
468891283
995645421
993345679
114735914
844446396
850274734
591443759
948888425
484968358
685776031
792051291
883075443
946565607
385754326
471385100
438675280
450188014
819266600
446315827
443801326
769048044
267196139
659638153
937731759
29482079
573068595
536930513
496058072
888926796
317303687
477424406
545863693
29870682
140055532
509596907
600686535
44732267
871361612
383871283
311121677
766683057
512060968
61059190
622542178
83439820
351863999
635713324
745654352
193333144
613087560
756388244
560804208
198207829
274554592
751580564
961348945
295771445
722769702
287467496
936659131
148126119
956710677
240532167
988258051
76268319
203635792
490879562
464401821
751720285
96843362
168773142
302226295
254344297
325918222
748126760
178680324
895623228
696237164
97831539
471727487
749731283
226469564
632715803
585271817
109609007
725532995
728577637
880124001
110061318
287310840
894315298
754297373
537387151
915825476
203221188
766535293
642990822
270106221
638680492
735129485
21156334
630665641
958266232
276270865
830020902
600503014
995772102
700688053
484854897
835252216
663780513
204719122
902362069
778652804
900531064
282274524
90567261
319266240
276802197
894360151
737888497
386087211
479460426
862049948
54300861
768103869
364234616
606577905
78502207
871620193
876357848
483568009
258401352
477995489
227241422
349460569
480031632
672251017
266437609
866255424
919579652
239118286
368190543
552445097
165016347
524684771
322531342
551501939
326387342
938882829
232927472
590922200
103718876
912230672
808283176
53594066
81043829
590681165
18169019
652446715
756003533
269616541
509092829
270170470
710786638
142579745
563530283
171591145
582050017
13981515
977350801
624060941
649773116
206558173
113222825
701102027
32249840
196769295
312127399
120474639
938990577
754997800
293378907
440040265
46140846
409403830
363818782
888735621
38375482
36204332
460621556
110946256
890568642
73588163
160116961
401931996
74237765
672143575
788928924
902088884
84094472
755230277
310268694
778881422
239368172
25869765
813797173
887156500
918998269
724282977
107052312
743165548
5950460
961484045
617362986
695019037
453894148
380453753
403823812
795021391
25407874
579358901
869470575
149853819
228196863
601749613
122853554
772557609
648405601
270913362
748240007
283524107
95117073
382257442
241289170
766865315
702629671
873070508
573514069
691651088
742801650
399365162
575256099
955665380
439007261
411412696
51666714
449456397
528518488
799804684
205798312
296961541
235194195
10958871
307387223
207982903
549757699
463983027
59985619
547647389
90066323
843343448
404316231
50561871
941495878
849925839
260707036
133438878
67298650
175161230
365677689
739093206
997870689
223752909
52772951
436775276
817991032
68138676
315174613
826602879
44064841
949621678
496347235
331621304
901034415
862327586
472373381
906421676
742063058
548152493
428642215
548073172
917145200
579287961
310365084
734658136
709353180
402224489
599874660
90140956
461510388
905270825
293824466
583376915
567567984
119400579
890834
978604688
180539467
446881081
702419452
755602646
332882033
273995814
342154484
215067353
705329000
765850834
437242491
425714808
197234111
998718481
139729208
452811639
674069746
883530653
54192263
237703776
282710324
82801921
296876148
326759154
447345366
701546809
803211624
366684592
128090445
721928033
951380434
507872983
245534787
323198369
179303456
579133436
487362149
463862232
710239342
203161060
663780513
322053305
358419929
666555247
397115309
902386919
608384476
312676069
569361985
278415452
142628149
106876724
556642249
856105342
354393178
974196205
717272972
259810692
826363033
608293005
346327338
188774117
268002129
950411769
960578136
9904729
28147345
454233514
281434750
589943854
971480673
955934356
827913322
350288579
517780200
692485736
819662794
886886572
626555345
745178735
890930450
469106534
417171184
977110243
388445482
366346533
850389373
631150813
132023367
351764430
38960080
58450837
278396345
470793018
148657222
87394351
254798683
736141990
249310073
924334361
500172013
771744160
630168817
828292949
584410679
400428076
840118634
714811550
99243159
509673596
438173471
53322931
913231700
147438282
991659839
890289309
573159883
940315510
929058638
197470179
672036455
854580701
73754627
502495763
756347862
97926582
677005683
5836008
543350107
622940935
542225523
575190554
45526386
755406286
22211897
888039653
273170993
210653114
845737672
669714300
105302205
362466828
749896875
51496545
564121093
685538728
451234329
374220637
274094811
417648312
547566830
955665380
61809288
636474297
491306838
643187401
216694023
842621393
86676090
504072469
856176618
590508229
257624681
783034099
636717148
517145591
269347349
847431935
906446796
766160743
895789055
742649474
612251114
950065475
549546492
22056258
138455369
612688323
325345004
572222445
965777126
51077174
109363012
427375191
697320037
444001909
741054702
914727109
207411444
154907558
197234111
768467199
146652970
587414309
68835294
10737788
795477174
263348972
927302934
27246905
772266420
589396100
347381441
886391332
652208360
718694941
805480686
567745038
331537418
478383294
123340152
51699843
704879560
816303014
565379298
999788936
153730209
282949711
511900772
411588664
376415177
871852721
764937144
630532456
681596143
915688471
996193291
384818054
183584902
553401
78817060
623876474
664408798
312873588
525402097
514212207
450241239
376818914
835905895
782116755
537844911
468621283
136077747
634479629
709289266
855588029
724112685
522083414
832147491
574474902
856860719
85390093
810834592
607841355
295329527
827539856
659012204
711726774
102604319
185288441
973152354
894365600
220267811
783776087
379691453
837651725
334523224
137963698
518045419
214482995
449895854
884814690
334027404
158661706
917893782
123972208
806657093
412329318
212862570
24180447
885347965
520136355
162237726
555599161
121092435
721438424
807011675
46245669
795794906
668904015
267200226
766807977
304104767
230716578
501514105
245394224
170370422
921441405
504495404
421955741
373752715
552336918
238061102
422895183
773679298
934520848
594657969
431258818
609899604
782912390
701282588
214196316
630134737
477944251
455558063
784526674
999120648
213707806
476706023
133638044
460284479
512025487
698130147
284963585
497529353
637832896
538997240
833813995
811521285
536352587
864324471
426772146
438742898
326406376
258391906
428642215
540010700
500932589
583987684
669845578
647251423
212767946
446687531
114230561
555273848
187695683
948282516
337131892
506216189
848392535
736705724
636068996
384818054
526345960
27261515
573209759
714960730
99914893
456452830
954395840
661188774
477684095
315526336
153760502
132828623
789457892
899039109
429669818
174838315
935772476
993265542
362268766
672298634
735352790
727555430
793558454
141286872
555220312
960059977
673762415
662722236
546603717
70142558
750263218
860723387
482639100
375843906
512559967
489329228
753630348
197722801
186924942
200911087
325918222
358012746
978379839
171884966
313319108
14576403
869709914
863611389
216538798
13918548
488287464
34231455
369572420
583820288
83563159
472798921
120474639
538762978
567819430
269503910
483518067
477048128
96821120
197933725
97006410
656490969
658749124
577518651
917061983
684612338
64441397
456541494
69613055
795794906
695858009
994427206
456804254
643892220
78368987
307100910
403422101
688749012
632042427
170625438
27982555
658302257
116746552
829396432
369166501
421484931
778033322
666396989
665316240
146785606
813303519
370617209
119288597
99532938
908287155
658601971
796520212
346864129
571801764
637873623
98935332
855172163
683814738
120126358
464588026
192103930
872100621
387223287
882322339
786771568
13206815
551415930
772213003
951999699
105466606
881600379
118512819
776738565
943671814
431856735
961600307
562222179
578856692
315049215
348704395
113956137
344763485
832158738
338198904
29859665
404260122
416812181
63299474
993265542
637518923
300672241
180951375
83963481
25283560
418846144
96341598
11051591
976465094
882112884
197933725
200507807
930125620
614779161
389206540
551269315
184188647
664428583
449753448
235583893
825576360
391314693
848339612
866563797
728778819
533816681
50932744
287328125
690615950
579370310
934985831
570032064
603367717
478206691
452132627
817503937
654339702
991389350
64138992
322281163
636245810
131019266
787148380
847044487
398018530
862141605
424729736
779490676
955154428
133944274
191889253
585756687
382343390
525006570
654240478
712397011
42040038
558675525
343672565
781755406
482379041
370547207
546474885
448290260
909307440
35672593
203256327
721998252
562535354
332227796
382929037
934535084
318061946
404516859
263602615
138843031
626653500
789302306
174980182
417139802
802993306
378303906
245292457
140427364
18342038
223002405
329405082
262488579
782049914
8149587
738858210
689934612
647045600
105473335
364217498
280314406
230836754
727227363
996848013
89122523
147078113
96473624
358187007
744949295
57949579
973930226
647181756
558175015
473128874
182711263
76233067
656576776
176343531
638065764
83111710
478452731
140731349
290407276
359695769
40460625
490172836
527065280
775845700
664206436
152562249
847021813
50067205
516126289
646690033
75618010
193497294
36194972
532233123
269561370
888548232
179367074
117125861
322145848
459550734
96138397
208430722
553643944
91851258
344111011
440134753
898852047
402397528
570298479
663729395
232142992
47172518
66588607
59527245
511693475
110695159
808918024
696315895
587094402
706457980
887743651
224137105
820472235
755169168
427790246
801213884
626748063
353042780
380982453
208522152
194356508
134585467
995605294
966375483
940501604
713252922
425708860
795725302
363058614
166081128
14840818
686300808
13944512
750867316
312955362
212149833
864790248
641037967
246983439
661122562
605807704
381818784
366278444
5689151
358935336
930584729
40750195
333359037
802944222
476326405
446579298
263973082
180075549
706701823
370426127
682534037
863118252
311254931
864175754
513874576
776096189
875544987
362062021
390472465
82323107
926059743
760536398
897899823
989821014
49173777
843735458
992423902
244491496
543165338
139948562
130731237
161439211
505686974
659423411
33994966
306639825
35877462
284241748
241180783
82890349
539713785
564558789
157272019
338730005
65241537
511169997
402446714
504817752
600350160
288842747
975167759
697698769
739789350
931020884
104649470
757037845
341235289
479597314
226744347
596006569
100018624
625179483
35383011
777253722
882980491
603885580
744160182
884858022
939250883
23260619
261227232
235389096
221976155
66321639
508819432
681664204
843570895
330057494
684950833
510808275
994768301
608199532
334027404
788534111
858837750
40646099
667204488
297752749
239906226
20507223
565696667
724466816
834033379
460946150
797146488
539017883
172063640
431983527
116183751
695694007
873285168
971206910
399218073
954858100
219256428
840611127
809055133
420556578
905910359
864030681
228738608
466355797
12050337
143779552
192080103
540376043
180335212
661723403
829498810
120191928
727339380
283015311
174230774
956147617
388713638
959124832
736567774
830513810
705708044
354651232
67339590
601368622
844381739
711207247
157509195
543820096
979883358
548274622
180529060
548381404
620575051
10958871
877311083
616434468
626920371
519182615
368956941
299328467
833879810
71253797
894100120
105224351
203116608
639308927
167740322
151303422
792637440
94882638
345004227
61028709
201696408
562717704
345097113
675188410
403701777
630433859
334709454
961427654
356720641
750711623
525918913
538132886
692032687
871022633
823558097
715442209
747132098
538348420
499266923
619705007
100214058
214069555
712850653
8087263
683417407
241906829
672836442
467672037
106174806
510932922
766557047
625571405
