368852293
745337787
839114185
494559198
725088780
498237752
34692843
644020392
709369602
819711004
619601943
594487239
644020392
839114185
972463819
442568450
745337787
420441224
827192684
239589172
827192684
317637986
528794844
809362188
368497411
248535678
691343653
121411543
619601943
972463819
376838164
150590031
641701038
351112142
190235982
528794844
795868682
276778760
276778760
528794844
641701038
972463819
839114185
190235982
222455291
972463819
376838164
