40420534
825326625
876926847
365245122
893373154
792070040
317506287
984290707
373569674
110280955
530679564
893373154
418754719
168050619
963898294
329674644
530679564
100138814
889918589
660800613
250918166
899479044
315716562
373569674
95542998
730184936
838504929
533246551
771824444
229665236
509050144
905003020
290053095
124005805
167135127
734727297
905003020
463615620
386367442
12442289
299208680
471598573
299208680
551062143
512522735
744915505
762492237
143160732
889918589
225667714
601099648
533246551
262506241
548368744
229665236
326199301
886356212
709932904
397661074
620869886
159587615
444017759
684116013
953200375
455216122
932988775
585957135
308092487
439670004
749804022
753186933
833441110
465982532
566305038
629928910
229665236
584554568
613486741
738131070
257137642
21934676
178678599
654221942
991326948
151755580
574322073
207342513
984290707
579829545
558432786
923363327
577288800
469313216
663579983
388070270
500555897
726480193
229665236
321015248
876926847
47777559
471598573
829274914
355477694
936088797
777578866
226135551
632660893
843079164
281290603
876926847
895491486
309447309
833441110
641612848
309447309
106153312
308092487
893373154
726480193
602974600
277581988
805872518
639965293
178678599
899479044
158268437
904015958
468699124
812159223
407866312
843079164
914065979
229665236
191197312
528206771
962624083
533246551
490789203
932115739
317678211
771824444
471598573
426988192
149402610
577288800
212732373
953200375
158268437
362182748
835092255
908265217
908265217
751275137
398884979
928917005
664506069
850597788
997638526
313820178
471598573
46331684
866442408
533246551
491821807
172229774
734727297
593327916
35911636
172229774
362182748
393235623
321015248
115124177
531392537
122292655
279376564
613486741
471598573
153735496
434809112
876926847
386367442
218379567
455216122
263160910
904015958
635642910
857845984
980681004
923395104
367716220
367310178
244784148
729715315
927834915
332011428
118310920
777578866
493428082
816814601
594562680
375232417
797337485
887247813
106153312
525735076
12442289
838504929
753186933
315716562
71544437
122292655
277194589
428726495
602974600
439670004
771824444
226135551
483956401
384437655
39746158
692014143
771824444
362571101
591461273
997638526
829274914
209450988
680134093
598707343
501005690
589765404
263160910
421251239
829274914
504200732
106153312
347566038
277581988
295034419
134350367
558432786
825326625
303686289
658992486
654221942
948466064
21934676
976681242
553635649
556124720
751275137
517125861
213870346
229665236
303686289
76121761
490789203
129354604
802855703
585957135
288635536
490789203
100138814
277194589
471598573
61543896
802855703
118562360
976681242
668040038
512522735
886356212
904015958
624984422
40420534
53504737
539798735
944936848
118562360
213870346
253367441
469313216
677589546
77061548
370485458
668040038
954139838
635642910
717158736
14572459
405718537
71544437
797953622
221959910
568866318
100138814
886356212
67213962
868957690
530679564
959666848
585957135
613486741
684116013
744009812
597168280
635642910
263160910
24211416
263160910
726480193
460753875
138181716
100138814
80359511
571102641
980681004
308092487
647287832
213870346
517125861
663579983
767146167
755647900
225868566
179692546
337346065
337346065
189925278
633852452
718823053
509050144
566305038
71544437
158268437
819303495
675599184
151755580
124005805
755191175
525675344
250918166
734727297
21934676
55682505
438836887
167135127
709932904
74716207
493428082
95542998
954139838
509050144
853422755
843079164
359680645
895491486
533246551
333379981
189925278
620869886
539798735
574322073
499226279
566688527
726480193
825326625
602974600
397232892
396673944
584554568
138181716
585957135
106153312
566305038
483956401
277194589
528206771
928917005
124005805
653370183
225667714
174086034
816814601
333379981
984290707
668040038
463629559
620869886
893373154
209450988
717158736
817003846
