462997140
806174742
417456398
111398855
932201562
649970590
461345129
871713179
581105822
628823547
668626672
809956654
110992479
300148717
502076521
602310118
509439992
114152075
13460493
10968975
763946
810455611
303485246
362809255
72788907
713381364
838687673
896693629
524141614
386184366
562330830
389895039
195038973
145524073
3175107
601193872
280919334
101954505
674418439
937204194
683309052
608140397
64218569
564126200
507170405
734955145
437586223
15377208
544513084
345719915
212693757
320549108
72434847
981287010
4166496
434000298
82943564
855721519
225946339
747868920
392167964
594953867
452298002
932201562
237628815
526558540
795577554
431273642
107586804
132786816
197852124
37292047
969734045
559656889
870324319
55566433
387603332
96398526
809362522
354482411
130429175
152687504
691154191
568282392
996555810
253422447
876543423
5579575
37292047
300111475
311346418
596998657
885820708
987634517
692340031
501024262
885820708
783277487
431076519
709999559
513790611
988419052
788260630
963672372
719450103
426435740
809362522
42985018
655636002
752161371
575736952
257902593
41165069
57267569
742733605
946638825
698168814
18897280
77541960
568730673
149484884
476704124
840656832
645014773
401521364
909087497
78837533
366880798
485314946
781487077
317450161
7106198
916207848
104205964
887807241
208523010
988419052
459798370
28403379
275706114
573380316
290178655
745695880
125782533
638932619
693667993
4166496
516416618
801119665
135260075
729693790
59097151
483120954
962729140
179411896
682537887
296090920
293092305
801119665
714502256
120875324
795577554
817756757
998742492
418754703
238118778
603285594
952128702
993003687
525928999
909087497
971376358
810298035
110992479
182831830
163257294
976732293
482350955
10968975
428177432
504808837
628823547
146616386
215383356
861066451
344386820
234440088
868270017
314937382
116906290
602310118
365432307
834245968
645474710
892116819
199483196
583810259
104205964
943940144
254252274
166420094
806174742
365432307
406793630
658015209
7106198
114152075
494331098
642197397
914535728
284080529
685573649
741643740
531158109
499845815
538658725
94428189
17690726
632314479
192152499
494508845
405575324
263145083
631055927
99612623
674295734
119164620
273913171
391704696
175836030
338564613
397103532
510743622
859671197
989255295
365432307
978068401
675892272
168934830
163257294
720168657
454459953
140729305
423620809
733865874
971376358
760485861
444276795
465658863
288927501
423620809
63526148
88372220
249153698
262306569
743522271
837638565
66780733
426435740
8005708
678959310
671260171
917625471
826568678
924857620
507170405
176508556
497160498
479459463
564126200
619035707
747750500
967600821
64218569
675892272
241716271
538143479
126548249
347241445
243808501
67515925
928495463
127581910
873011352
688188322
337545868
197319345
161685581
787642899
725002984
256779902
955329155
237093239
752161371
188512195
925171614
330960880
837638565
358093686
343315227
41165069
581596402
887568530
223906177
876091328
80571596
325795151
127683880
19389197
533973548
369150543
776019531
531158109
383777935
894065401
235433871
78837533
356952088
812988605
801119665
527024713
390146110
392419661
978068401
594259058
128079824
371804855
163928786
309742007
286462789
223906177
145524073
570553889
504808837
12924511
286462789
17847246
380261778
176508556
230225331
942522204
935809168
91203843
104205964
265082503
420732362
423620809
748736629
151190405
319135472
12924511
787642899
904044899
300111475
756847431
994548810
573380316
270467927
186615020
659294595
942522204
225946339
425002517
270467927
714502256
353246833
601193872
878544922
934113967
241716271
155494988
95659277
647040597
199483196
398252954
10355685
38880121
562730954
851584666
527024713
677625851
924857620
916929420
301903234
781487077
600933475
263145083
785144336
375452776
93330596
583810259
770171854
119164620
209671941
104828655
676660141
881962034
203722000
145441551
724442706
604676207
249153698
618182759
885820708
509439992
594953867
63526148
215383356
683929358
962602895
199483196
220481722
950117344
908191206
904092980
429232646
824922533
51384978
377121966
29936207
102264040
389144881
417456398
86503720
8558006
986139688
668094937
735992989
176508556
320549108
496287232
964490119
607259926
562730954
600574466
833250961
801447077
635456757
505451598
640376676
648686152
808904808
32901150
718580813
700867187
444276795
307968996
885820708
332618346
432480020
140729305
638244355
923632811
271746776
423620809
294281193
369150543
907026345
555306035
837638565
531158109
309742007
839324633
552707880
119164620
461844052
827487398
697083389
80571596
474038666
59097151
520119545
777067614
163928786
714502256
662374772
225946339
691154191
574982070
93330596
630269001
773348129
488715977
199483196
54667181
742922389
885820708
221120414
531158109
871276520
21040398
293092305
21040398
937204194
37292047
434000298
932428471
543348191
253422447
594953867
271746776
190371697
957080769
82943564
998583180
441610000
197852124
991173861
82943564
75665065
737035833
975926172
210959563
523006344
607259926
660610565
177151251
381406253
411291150
814825639
350826987
583020415
92734896
195179323
415176921
685573649
32901150
273508746
183888486
26466639
523349766
107586804
590645816
586603853
650986227
859671197
340444168
840656832
669963378
660210139
496287232
620637247
783048535
407291581
548770744
846727239
643277694
252339218
531158109
282327302
846605944
23973582
51384978
442733044
215383356
345233658
482350955
573380316
436348331
147882181
150974675
213975216
888911658
790815621
124927446
463563370
153121415
354482411
587840266
301903234
680646561
212693757
195179323
638932619
80571596
855221350
540087536
250333126
618182759
452242079
737035833
525928999
583020415
20014842
553091039
943940144
716945479
605469861
874459823
970300870
881962034
942522204
814006581
611770756
5482736
238005638
912576569
51547177
341684389
991173861
716945479
165078813
691154191
425002517
945453562
791731461
770648669
434535727
532608399
22659920
754790908
429232646
225946339
950117344
395871268
782453482
445616319
760485861
359766697
653497801
86503720
92734896
964184135
806174742
751496350
132786816
933322117
173438682
552707880
783277487
505451598
559332596
872114769
857103911
846178977
349888056
46799671
613576768
801119665
106087904
132786816
810455611
846178977
280919334
441169904
781926637
13965029
533973548
234440088
333486395
53561543
135687873
110992479
964679084
241716271
327696868
676530983
384931165
394818931
696295408
817756757
947553886
868270017
932793728
850736916
391704696
412450185
388486474
311346418
375135319
532608399
998742492
21040398
388022325
890934521
405575324
750378511
139640325
632314479
829104379
688188322
392419661
711535808
616080317
564126200
822719864
148669441
290989405
876091328
655907330
424589864
688188322
246982477
335994143
197319345
108772137
683929358
994234153
771446647
104828655
731764925
188512195
222631717
826118072
235562054
411291150
954699816
952279687
637622358
975926172
831097838
448794186
464924945
733865874
430831105
523349766
924857620
266151801
914535728
932201562
598095735
819491447
823434454
711523649
638932619
699559997
768606668
566687041
496287232
908261537
458881648
105761505
175836030
666550261
63526148
846727239
415954810
626303746
132786816
814825639
562730954
978068401
47954784
67515925
443402276
589146273
437586223
150974675
234440088
904092980
354482411
409392180
817510214
750454720
403645389
441169904
108772137
691154191
478352674
840229591
436346474
740285338
608958754
327696868
993003687
131297612
725723054
937204194
5579575
501518000
892116819
975095764
616080317
141772867
898015515
959562922
463072330
834522463
372022757
675892272
120658568
532981044
28403379
714502256
241716271
779747586
288253283
514181794
283196231
285793611
37292047
703540640
665689532
393763738
371919163
955329155
155494988
570691694
904044899
600124041
26763471
248113717
425002517
759536671
964184135
51384978
66780733
231338271
130126899
292196403
513203928
33248596
65625692
181412170
99612623
875382978
613576768
206872948
876543423
325091315
328612518
354482411
741643740
801119665
101954505
678959310
955329155
209671941
714502256
367227036
920383538
451397362
895885621
325091315
679578848
995760223
683652549
935164177
365432307
557108427
589146273
194816127
163928786
219112959
223906177
972629428
533973548
428130402
153658301
369150543
911549284
796473280
411988160
674418439
523349766
324498016
82463356
123194128
320549108
358717543
482350955
516416618
343315227
22850256
382648174
803279934
228153863
531158109
783277487
89951194
151190405
978068401
387603332
303485246
331748914
973475749
807950067
577561800
146616386
7486811
855721519
330757401
678545898
323582662
207488528
328612518
620295698
875382978
774795699
252339218
47954784
494331098
135260075
322324375
829104379
317450161
537602218
213487346
356952088
829104379
943940144
753028013
197852124
398900572
243808501
213975216
890934521
324498016
443402276
174897066
100514739
750454720
896693629
672429581
241638627
309742007
997593651
850736916
801119665
47954784
562730954
15377208
816061532
318512439
1898464
660210139
317158717
425002517
968975046
622182358
102264040
43233304
171118282
259654847
981863322
831097838
635456757
425002517
766817247
248113717
119164620
718944427
187060786
318512439
172856328
155494988
291138293
322538698
101954505
649414611
61576798
946597188
539923763
463563370
398554274
894065401
88372220
161685581
564940151
925171614
37292047
653497801
673183937
203722000
41891742
763110003
532608399
650986227
473366740
389390213
743522271
932201562
520964535
375452776
964184135
338007721
814006581
696295408
928875921
672429581
66780733
585838814
731764925
880433605
796473280
687531499
801119665
932201562
41891742
573380316
171118282
409392180
708550490
628055619
72788907
910823033
886412610
890027365
506278255
833421857
341684389
555511722
43233304
230225331
179411896
358093686
141841634
583020415
505944485
115311731
645014773
910823033
829104379
303485246
371804855
620295698
637622358
285793611
457933976
949208303
685573649
203722000
904044899
769549862
632314479
600124041
65625692
616080317
414830722
140989573
857103911
395871268
43233304
753028013
861965895
12294908
766817247
518445769
230225331
94428189
669557345
737444095
502980408
21040398
36153805
962602895
55566433
265082503
643277694
252339218
612174721
976214388
677625851
714502256
42985018
766817247
524141614
405575324
434535727
865999001
931580899
574982070
924857620
652602482
386184366
751496350
844423388
28403379
159988615
819491447
890027365
750378511
399233621
437586223
693667993
731397343
356952088
975926172
671709479
26763471
638932619
821811751
861965895
217446692
230225331
617456601
66780733
276467218
963748490
972629428
531158109
529158250
259967278
8790276
652602482
104205964
17847246
533973548
909938960
22850256
305341053
313557782
508629854
468032027
332618346
465658863
668094937
422372561
197319345
356952088
474038666
94428189
791731461
981287010
907026345
403921924
480555315
729693790
21040398
557905802
285087119
8558006
433344354
384931165
479459463
81868787
541977108
790815621
637622358
80571596
197319345
855221350
991173861
51384978
478352674
480555315
62908929
358093686
165078813
444018241
621619086
763110003
453358199
565438987
332618346
87271736
896024477
231338271
108098839
802928537
70233382
555511722
803279934
728849060
935809168
108772137
978068401
737444095
276467218
204625965
445616319
937204194
157528447
711535808
516416618
925171614
681489783
459798370
841518999
489262287
714502256
516884798
858347723
16493182
935809168
179411896
55566433
131023045
166420094
650986227
791731461
273831317
652741174
129458232
172090092
411291150
143424904
978068401
283329992
431346377
902137756
21040398
741643740
128079824
25751168
216861545
960206243
19204745
5579575
208927835
610982888
637622358
241716271
72434847
737035833
526558540
63526148
922479133
949208303
539014492
821811751
80571596
983392080
641521892
71267173
108772137
253462068
647040597
473366740
43233304
894828023
260599334
555306035
88372220
508320399
284080529
303185438
293689550
952128702
950117344
700867187
254252274
987634517
394856866
864085528
75665065
513149953
193596782
163257294
266151801
101954505
814414863
420732362
871443839
285087119
127581910
969734045
685573649
68027276
794482716
