799661659
494101401
479738373
954933549
82205621
566149409
268870772
131696516
21220192
270012304
265458228
422798665
893782563
785541428
481140886
207168834
251715551
491364694
853631680
349360577
561228972
252651030
583290232
68988440
249048259
835549239
142126813
103439319
170165301
213989200
241437978
683052622
382855362
329009111
974405823
611518209
26618590
680907700
409787711
198677750
75771288
83760621
166876688
870806506
53774116
618824988
732562626
75016918
452862059
295776422
911029149
403481779
261515028
256391946
140109335
879974034
697796234
732632303
632253288
11105370
693925890
415848264
64695342
762693884
870075188
281422400
532568170
901611898
255684214
914331663
307888052
192905192
270980640
343814400
295481817
53774116
49376930
495292633
749916189
481633920
258016415
928002796
779091401
584295814
403141519
342263757
14266091
798584338
932032326
384213974
64185211
496181144
682906562
59877272
486043655
430945800
229542045
771024376
169664095
448169278
699455035
677369790
646850349
1534453
698885891
779692073
881113008
761615767
155270300
430634129
295481817
556945430
232464005
436913950
934570775
173749116
186293338
263924115
299465226
953591411
709232214
983370850
499894603
771024376
538916027
749726515
289095343
373932755
507654797
878514849
551771000
562375955
886483874
67432955
612679181
992071612
997239734
91055559
930187266
662112893
440262847
240952861
425888948
180434019
875552070
320612904
277335767
881908342
890091259
737416028
768046596
496445606
853332628
557425382
60799335
687203381
466244869
257828809
298097182
732218154
835549239
641568239
626854090
335762548
550536869
405014062
980815791
736215224
626854090
726405931
218211014
858049554
695625683
18098326
347274800
436913950
226131327
827488893
810824038
351157062
776336659
184987359
795937682
240052942
96087574
957070848
119894328
279997622
674474648
755950982
580030299
329981659
807586232
323323484
918970194
785541428
424777892
527853431
370134074
472961562
330934828
418562182
421370271
84172923
267709004
324433562
41763498
453592068
877666709
907456438
695625683
616714220
479050893
419690271
878863402
171161259
462867033
129793157
713318562
610917147
569419208
383792014
448767864
670397879
373534349
232166811
679399261
457400106
470197772
122993490
751134460
799212152
416812147
732632303
88622716
846651753
333709241
44900833
686934073
238051771
5357828
862748874
830049608
512981970
320442747
398156542
895861712
443617880
543572729
846989916
888619255
340772626
646850349
778426870
666685736
942954506
990471727
586916822
987969824
8142992
881667575
630803932
298750806
794691005
36537967
195124635
772773878
550832355
284065895
153118639
204819574
151545282
157123225
406528293
974893673
780689088
738662574
113366804
148832334
937387635
505683195
570973811
489509879
625388805
169664095
418906097
827488893
475237752
747929272
745496617
109995265
327902813
397931570
366774008
497389762
567978438
652154859
498409228
730607437
139637645
190166073
266714428
78665350
425888948
488347470
834233343
755248151
742102560
385138936
908054116
499894603
45543069
660484
502674490
275542340
47761719
991713811
185373430
546129055
703932961
483014808
398395455
452804591
154301514
980815791
152644913
504156533
224474923
739241198
800012022
306695780
762693884
89015780
405998391
372728296
244566862
114209842
434892242
584515130
822331168
132160378
364609
203509953
662816367
593276264
672604263
911783651
532156312
60893622
41763498
185694229
468577471
422952674
883516992
642312310
687908086
157698139
926596633
928002796
689114346
272820236
780129862
265744758
598232772
523125182
888369030
641502262
953858629
273652440
812724689
857250871
615436265
705808615
893006819
937387635
959550
863609296
362109488
349196816
517533367
150067768
655453299
663217102
91572651
392510023
322499032
168133183
355961436
293811087
543343195
215587137
737643137
586790433
142126256
476184806
565727558
577016226
544976751
401795568
316461006
332681161
870806506
799146675
138508738
532717794
356925861
444132385
33341871
720484887
556329622
973516733
127763397
585834001
803912648
330806813
445364018
718232551
938468733
760547919
521913471
11912334
26995238
924699449
185373430
669180659
593105550
473434308
251297822
625388805
725068400
708365310
159055088
616714220
848612665
336056763
736388570
69877170
145353783
471016594
168597936
924699449
32250950
362635374
762693884
585108227
822331168
564413732
205582648
891174905
850378773
587792428
197171155
685077403
733199699
362109488
139880533
569323726
663217102
112345708
479747233
568853399
668091158
555482337
648284631
569698699
237197556
990676120
22021333
983980739
527036963
605033559
859423841
43516305
559083327
592688540
642783736
916432007
916846783
879974034
556945430
192905192
797479814
872570093
321828966
204819574
191480912
318066259
907045003
950739607
932363629
206652479
862116675
533658998
756424630
225286149
876051122
987213223
104457369
608955356
269657806
715440788
389115834
749916189
673860386
687426581
231915514
53618758
911783651
972729755
56760101
848612665
473434308
148800401
337255754
89764187
653515825
626854090
356925861
268232730
629676657
436354286
784194551
486721546
989548280
130622690
512008757
371893511
420421492
981471671
577665433
591256937
650443702
99808126
768046596
907456438
234502131
925103655
871399962
191470151
395889193
957164511
358633608
872357172
307503240
485236028
285974189
827592026
442631538
462782244
725552090
424598346
664073039
932032326
59225036
755950982
402751043
260706176
136534171
33891570
61918185
256391946
230656608
350243324
326489754
776822359
79345445
434204177
468812135
749537919
857931474
549485409
815467062
460668548
191420176
286458431
999249196
385368415
378401740
355414414
688665112
99226720
257224198
73535731
997239734
11105370
777965853
495415907
680766585
309060125
187223347
424270837
759151074
884841711
872011324
194599923
530230594
119414811
159905974
442469375
394532756
968989965
472008867
390967499
770286391
410507625
691515527
210989640
589885335
512981970
888486741
259115280
935831016
291954418
664859500
712768235
281424203
63785454
995905519
771024376
59877272
512981970
292404874
538916027
631597485
639063490
470826188
97882660
465033205
378495784
662015930
934570519
672260167
295481817
30070395
3277434
893456839
558212662
67783959
92601872
84864503
188765957
532717794
574933840
974748614
809595967
755557203
65573635
819628996
929355223
48037319
657593563
715578170
381378977
730843399
992141352
224164213
271268202
5721740
521969835
901611607
520690461
660484
698383113
946712530
873156067
781054952
413165924
189502431
681475508
638335956
22686659
800012022
480751586
680766585
405326494
296129114
331687110
591807316
996801621
746417876
191480912
975297026
657709837
338067985
14266091
85780600
387894168
16222333
73535731
411883618
958148043
472008867
232464005
198472539
525662236
79345445
9124929
261628846
143005643
591807316
187223347
84615743
342628200
193824314
73781021
497256932
873156067
904200948
617428952
994619254
558212662
268278005
161407284
713318562
219484735
527036963
289471958
547395909
803970520
977588918
284560523
468812135
949897751
424777892
403773724
488001903
164681944
685852362
417704434
856036904
772745425
544579510
684532236
847716227
337166814
38048789
344134678
839880700
690639751
221248600
8760408
846129473
25816639
320612904
529959766
647563232
257574434
232464005
669696124
727118563
642074555
437899531
833308255
262070594
591256937
474107129
53774116
412772551
480369344
803255126
918689114
866895533
781564719
91670346
125019062
660484
469285207
439786545
429959701
21220192
902748011
183123462
132984185
678387487
805536807
60502241
946712530
458972229
742591051
66332161
640618731
812827876
321631918
270813698
440889324
582070209
915477562
441843754
391288923
532568170
11699672
541198216
730843399
288145354
962405215
420862832
682005165
725552090
788469513
711689165
362797755
546129055
81496359
39814079
912973476
544976751
651502062
990471727
39060700
867704061
291298000
539574271
422798665
941052548
505307635
45543069
150067768
22686659
239533504
461509350
39810168
309443066
223995279
991713811
976328473
985749023
926596633
707941868
686547439
532424467
825336250
994291539
216558412
156194439
332941000
267967295
677933652
81931182
221046710
258820338
419056646
305644419
993046255
900596134
616420482
86745947
443583588
814202936
235880740
356235581
886637826
464018881
827756243
582070209
423476351
948638083
145740298
373534349
403959010
10121964
269402210
859423841
933463774
300211231
718365959
464018881
963530374
573080859
516437903
340772626
803912648
268278005
592478314
743986872
262070594
716531312
674564867
762682904
820849647
411883618
808351450
659197654
123256172
213140054
405998391
644667216
667146460
152644913
444494988
46476035
925913127
303249540
901611607
443583588
715578170
776822359
454412536
502938221
612679181
591807316
869256497
27387063
238708336
193273801
996801621
542776946
69877170
164761044
617320954
486440437
611244843
987066650
81321061
289970134
980734341
271916776
923246232
179523598
742993300
574933840
234047269
781215181
435666418
122239819
561001211
468191677
729247661
22856575
700669651
894481982
210286438
895606351
86782684
390453110
356925861
728277948
461571065
238953730
858049554
370134074
709232214
704992855
935831016
155086795
896687795
774073245
126914139
390116342
591256937
362109488
73781021
974301978
845428863
372728296
392510023
832196896
370372409
301585203
571230894
330806813
397069459
114092394
987969824
178608467
835549239
66362838
281098096
696647949
260191839
352545817
996801621
791477141
849403591
869158300
783978180
682279275
182115455
614261291
41378776
259003245
747929272
363581942
517044641
267246000
311126274
472710339
857175992
100771866
675045245
506523826
729769551
163774724
513474474
220483469
451059906
570074667
66332161
468812135
738662574
472710339
448169278
87355069
437451741
472902708
760376995
133310959
407123821
844703628
669180659
175187020
341993266
433101221
736586227
735485332
681475508
601866651
288946783
581816966
494447704
337684312
252478093
510504167
836443563
52338668
187824582
184921391
987066650
129343739
603615759
187547551
542776946
644499870
183937208
448767864
542056367
197171155
385855738
462867033
794691005
362797755
120923329
162891166
865115985
141372078
879974034
200258984
869465798
955989914
244566862
438995913
96592862
622745193
385138936
488347470
109847018
576573091
128850373
204819574
667893785
805536807
867319373
861263981
797630137
965045978
728978685
809125894
859072967
81931182
843389570
34038787
718365959
533658998
80746497
985007219
93675616
158932974
184921391
90079465
373651327
267246000
397382000
791477141
16305118
176549493
292617826
1534453
817664255
895031697
210989640
483846349
426932389
786092885
369853254
703389922
256391946
530897954
931279435
761615767
366774008
785541428
651583869
582116595
914622815
464948459
721056564
878863402
87355069
101612664
322482321
630803932
245540494
356925861
589585070
468575037
842861418
615436265
841208526
333967739
700137359
201244433
940667762
448978104
865115985
713997047
946201157
800796355
574933840
855337958
719558866
46797789
443020986
335762548
635336609
604055589
605033559
313064016
192501544
349360577
487168080
509756618
939125441
548283524
876878042
578210422
495496685
367711075
924951812
397069459
879974034
691049564
279207228
952529508
221046710
119894328
335926632
961086704
57408495
530695743
506232817
564159270
302294818
945814535
987816193
32250950
598675762
538916027
762693884
359562826
231104382
892144799
301825872
560626435
942050007
906030017
913581439
390116342
379027457
779692073
653088575
728978685
397558125
29055816
116708846
433101221
648744852
462867033
82812277
835351387
675440869
966156576
546943646
533658998
248801156
372669639
72422273
760049974
152169513
170596182
890541191
530695743
409295083
580456526
925103655
851318520
577117492
354533787
857250871
471282391
343091281
656969080
421795894
62816528
302101753
616373943
467004177
977573986
612679181
644135074
420421492
46913527
568171380
335762548
977588918
801466791
478734430
634858316
433535741
801466791
572746745
922822848
753916566
109517451
897267673
903738240
428230939
633406576
842224552
246779687
953591411
417704434
383792014
519465823
891727270
165560500
368933854
608840336
126544473
262070594
710252910
673284258
70428263
811060233
923501383
934570775
906030017
628598819
653088575
487145485
934570775
173321939
118658436
14266091
574564678
658143874
883826046
70911735
842224552
424598346
941052548
758438859
343091281
309832864
247344838
626406285
332877406
105876245
485236028
916432007
726405931
603615759
930187266
737416028
363943718
887242687
31128272
39638552
836856902
511072128
24948568
548283524
276435612
460529818
229542045
184358065
223995279
672774841
203776681
12219707
589388652
34795559
778426870
773546302
89764187
763902532
460095041
360598765
62719891
165677041
703994840
291298000
171547023
558263782
461769211
637499540
359910083
850415799
663217102
997239734
783045547
441544731
45928263
486721546
276162018
83356480
396052938
10366898
950681509
918363250
86232821
971654518
650531385
98853722
735083614
660264585
598675762
379283990
773231306
969107488
605656784
796425731
706250352
850415799
605033559
963358884
407123821
293472439
372034146
839784317
574011651
83496818
50884682
830234156
57408495
540713950
860791780
952529508
379985338
270980640
230440820
250427243
412772551
785541428
563175172
953591411
464018881
248309381
707675787
514353018
333954842
663482692
806029422
137242572
713997047
941801388
448237092
289970134
992870644
996801621
366447932
293151565
351632970
918970194
810332835
150067768
198472539
329821210
409112188
870806506
161797161
2555805
201750181
305644419
877666709
18851423
849886072
11912334
987279022
858899192
717051291
1534453
988763362
379399639
634213969
595808454
961054641
825990163
868459994
805338789
998121404
539506964
343814400
170844982
982819097
644667216
581816966
805536807
488001903
540777324
523125182
117594452
744010237
514875325
908054116
534362881
996095838
638473600
382855362
679441299
152644913
255684214
936624321
727749226
923246232
895861712
460052228
787892808
810574825
622156526
407743546
390694785
711689165
933311875
341094356
974893673
506232817
763902532
726331802
34953462
25816639
559083327
747573997
112063823
102760376
619693957
837327635
974443876
234252802
723453388
465033205
222366294
880213322
853332628
897255517
952529508
572664960
39060700
73001215
560324745
470197772
746417876
292617826
543276838
913581439
121588785
105481972
608989719
188458593
119894328
636291249
138508738
243606464
101612664
871815680
86232821
362635374
902582212
965766190
829590424
634858316
930187266
433535741
627384358
480628279
490480316
398790384
597455446
366774008
21220192
842224552
496181144
182734517
390453110
403773724
187223347
135145909
408049816
784650815
541559498
631597485
960936216
99808126
831428313
331720183
475656847
793494552
805737975
869879431
409990684
478734430
727326998
721889091
273652440
812827876
190166073
952529508
198472539
288805263
322482321
482354407
259504099
305948760
453913865
637685596
391354936
545268061
892144799
323998570
622156526
671676140
845428863
611244843
524123732
865115985
295913641
440889324
765124293
413194942
238953730
913581439
327902813
920129021
656135205
650531385
851264969
551362078
632994640
62816528
264429328
54355156
829792855
873628391
801499127
291954418
247344838
876372260
899571102
931279435
574933840
76587197
127763397
365262920
844177029
979080490
645757091
807340557
762693884
954933549
565634115
628598819
131058721
4372633
4316255
940667762
531801874
969170216
401535852
644135074
962405215
78665350
842861418
455978396
304815053
66994062
99808126
137242572
644135074
281062586
234871647
392510023
149481020
732218154
130178786
68988440
252917368
733655546
226431431
325906250
72422273
350243324
559292930
5354806
241437978
312326224
776336659
136847270
230656608
502938221
777965853
936624321
459572224
768046596
104871997
450968431
34953462
99808126
287770040
287093655
183642797
276642444
770286391
727118563
572746745
311152914
191420176
527261702
982819097
705901744
301585203
727755297
298750806
73781021
488143933
629177374
984556026
815067779
412893805
195680733
492042609
909452555
26995238
771164594
792534517
585629475
590738303
331720183
771024376
328582240
815898047
600384296
522698835
950681509
822331168
796425731
220483469
400679342
497921669
127763397
590738303
591807316
374087174
518990956
591807316
484441012
460095041
844368067
57719051
472710339
324433562
786781107
516740895
454682367
126173237
497062713
814612366
614261291
138199743
117594452
559503460
687203381
286458431
721689184
777275060
595808454
476336867
667425142
970520047
978155800
668971973
21787033
363943718
624037481
601866651
390694785
266236922
881908342
606022219
582116595
8760408
937512331
131671747
137722352
106660491
682279275
163774724
479337429
628195801
802622962
481633920
79751595
161003345
226131327
39060700
665744570
805846827
930187266
461769211
463057186
777275060
969281469
75016918
112345708
186885753
268870772
378096661
319239304
874978305
743763303
72122330
516740895
376803079
557187095
45390681
796484922
16428535
309443066
183937208
304815053
39638552
718807645
643533415
798477394
407743546
749916189
217059365
40384968
899571102
596328694
542056367
821951784
753067896
659440130
344717088
806611825
131901740
205582648
285170474
815467062
272488845
658416534
537681228
980815791
827023185
182115455
993439954
372696509
924699449
520892267
889904679
146418105
499310507
212039191
774288947
619443211
431383461
455216194
424777892
43771632
50149517
336576794
592000719
67771966
784650815
303634418
85780600
996294167
752703306
683616058
255684214
566759273
700669651
510168337
327009997
389555781
582914883
681475508
583290232
238708336
33341871
159055088
733199699
121038125
206652479
424777892
773546302
749537919
818291400
536687572
143586650
13810993
662679663
99808126
937942772
86232821
479738373
989786857
249048259
721289756
925103655
452316961
61918185
18655116
813455589
839880700
903121809
272820236
169370229
217631410
321727480
708365310
341607369
577117492
335245135
722131855
143142968
148150087
492270553
914342725
709232214
556945430
458211770
658416534
9210911
172553232
822166377
220483469
564159270
592688540
147663313
401535852
588544699
385246836
513988892
385368415
488089501
898459521
975297026
728277948
92601872
496445606
887218684
175187020
604313957
398809391
829387165
49319460
987279022
759705907
819177755
19416119
685077403
490935210
823363460
593592664
281325254
747318808
631597485
775385700
485439301
47761719
62719891
369541011
804694446
788469513
62469153
661733974
776336659
844703628
146243642
179523598
865684773
95394004
127615319
994731441
206048876
557246733
460668548
251012794
835549239
176549493
866363638
899571102
819177755
387330185
173321939
91055559
612679181
25266054
469478913
477242808
68988440
153118639
176549493
260191839
59225036
496445606
779091401
105481972
11705535
212153543
198472539
935831016
734632094
100771866
442634501
443020986
521969835
189878045
672774841
971654518
401535852
580030299
904622046
656135205
359971442
475288959
126907030
24342913
444132385
879974034
747318808
379985338
210876314
517858286
167849148
625388805
239298008
161504792
513474474
368933854
902748011
876878042
135877607
984556026
546663984
189655896
752153611
521445031
135845203
585834001
114092394
480628279
472961562
393818121
490935210
196227486
554050255
390453110
430095023
834807503
414215091
915784598
184358065
526080028
505683195
768046596
397791700
421914512
596840599
597693270
186293338
817245228
330934828
718807645
954933549
49773808
76587197
275679503
823363460
957572155
486043655
24342913
210989640
867926943
414839874
775125604
176061196
366300847
508842502
755553482
679399261
390116342
63293776
941543534
726931049
571118606
755950982
898878874
887824296
258016415
831848122
327009997
210286438
53774116
640618731
969281469
223028425
559905440
198701805
953591411
486440437
302634437
171889232
52735326
176549493
152398729
375540859
114209842
989786857
74846202
908054116
444494988
929355223
661345218
437503945
624611005
436913950
637017273
52594300
362635374
237197556
668409094
314963238
707290829
114617487
445966452
311732335
677313813
20634532
699455035
476336867
624037481
881113008
245540494
319239304
5199286
418187231
872570093
519694523
35678032
882871482
764564546
898193249
847534868
546943646
842224552
728978685
157286390
25266054
762693884
888619255
590226641
705454634
876668651
353850395
475656847
898769071
545268061
835549239
935401071
539005823
564580734
655453299
176200358
630803932
619439509
85241474
84615743
447885896
748747773
717771288
224164213
851318520
154525440
864684703
790769239
5721740
589585070
682279275
349360577
515078830
684393401
148832334
560290730
818940849
672260167
591256937
109653623
19416119
489509879
715578170
203509953
641568239
793494552
802464401
960543160
156979657
75382116
388174585
160633052
539506964
868070844
931279435
577597339
352916892
392875282
26324628
237019132
139160818
191116267
752703306
589388652
936449581
368625767
348659966
744625968
191116267
781054952
43274299
547395909
687426581
920129021
280123789
888369030
905583805
306695780
977143933
171547023
405014062
438317458
497062713
111160293
717771288
739016082
966204334
764342334
824529526
972198283
614063896
732562626
741199830
279693917
369664201
930480525
942634724
197171155
537408909
302877860
505003677
802464401
883516992
994238570
930480525
653532909
723743047
851572794
732252842
1534453
964518403
413165924
293197440
469478913
654336680
842224552
182283416
278210976
608149600
307245340
449217335
983370850
451059906
4616554
640937870
614839487
651079740
557456204
283721323
760049974
687426581
936449581
46101993
13004640
939806155
926596633
117877230
707495242
362008018
954470756
521969835
588663113
950868173
327902813
283099942
448767864
78665350
951634395
553032916
246288101
895861712
441544731
623304133
945080588
898198341
643397158
971948996
153395158
819809197
189742933
30379470
177145682
152169513
845428863
982149088
405326494
839001840
980815791
121038125
321631918
734511767
132750742
265415718
198991529
365754924
145740298
384314216
374368799
272820236
907456438
719742633
569733558
890541191
912340531
625388805
253766740
637499540
712947363
55351343
845428863
399210087
516437903
708544363
102382691
521913471
209922818
128766784
821148421
909744766
865394059
289970134
851837982
726931049
611781756
200258984
451914772
191211042
699904284
590226641
924951812
731923561
944125492
612928478
57997478
670397879
593105550
594209050
506523826
478734430
785541428
679399261
542056367
785541428
113156318
334992548
219988878
846129473
505003677
276642444
533658998
183937208
915477562
311308971
890859229
399210087
816821525
803255126
395454719
59877272
493174850
295655510
35678032
372115995
393319913
32250950
269444278
316461006
92601872
820849647
967284586
476967433
298943787
836856902
81807823
660264585
464018881
707495242
948672015
680907700
217316767
762682904
823890398
120613370
650606300
744010237
551362078
755248151
97279394
363392057
807340557
202899361
699904284
780689088
222421147
48396557
70911735
529536223
846129473
447416894
547395909
98610882
421914512
953591411
959782407
465749664
270012304
214980966
375240467
298035284
520712561
841208526
782916091
951965826
411883618
953591411
698383113
691882100
191116267
251458272
438748139
1534453
413731415
749916189
610917147
49319460
942375676
920129021
966857394
107040262
686934073
922060966
12611748
357929269
442666862
783045547
479747233
987066650
183449194
993046255
137242572
170165301
847317512
428125621
589388652
50747177
810332835
422809687
76587197
861263981
966857394
559627471
674474648
326044607
221569310
780689088
452504235
608989719
610535104
844703628
853332628
99226720
345549112
843887378
350666503
330806813
54355156
588544699
516740895
648284631
51865947
295655510
966857394
782232983
91670346
349360577
31128272
966857394
122993490
637499540
911029149
556329622
722131855
556329622
948971770
183937208
649122970
627489209
855337958
269657806
922060966
567471874
528597773
162040347
212039191
852842363
737416028
629896024
24342913
122239819
131671747
998275582
500607134
617182295
506523826
651079740
104871997
765592907
265415718
225363182
633406576
670397879
910590444
601866651
654785359
212686852
675440869
263686471
852696959
668584338
830049608
945708361
178429145
815067779
258016415
353685313
740158691
885041102
116528112
