191719051
600345149
962570390
934361508
860552219
622791416
97131328
617721433
559088629
289968379
715816711
55466340
729699349
279495626
545933399
633554867
585002886
12365670
742484708
999593202
608840363
169371474
450403564
273141065
608840363
739275791
638499054
294867866
707172681
234890932
255754369
167252364
971688970
235485711
999593202
945831117
68188169
123873449
945130546
152238648
203993107
171148564
516842793
850464124
88839567
473361043
58271752
363182582
573049683
729029364
154802661
491080686
458994829
691092549
12880667
916580360
69175983
755540096
59142744
202088158
138039258
182518163
609966356
995699738
382008206
183541637
478848915
579206891
284692582
729291049
368497354
698722847
906637111
379445746
157396710
486228592
228827146
991071824
638038221
633252975
195826006
748676124
820456413
869311483
81280042
260425017
354896339
313173095
372281952
205546578
323903320
462894523
429770736
242596301
903842689
38419497
568028638
71185186
364679532
436054190
321231031
703411419
359657701
555701846
871253580
565846893
630595853
301128002
5131694
229653532
61748879
726723497
251894824
332579180
960468965
652233441
118289463
587290361
616324442
41171598
139764014
629395505
80239829
747640207
928481891
553519181
410890531
312104547
817442389
87271550
871687019
9668453
617721433
294867866
953366399
341480342
94608351
688172243
653031035
877752285
623523131
250545383
682004597
307051148
988097676
844817712
266066675
716383659
891298934
420072752
95124257
280552014
667913501
296706792
561435257
677031242
292639852
103584347
971405498
247247435
896905099
12880667
17430848
589068430
938988138
405247922
393123403
642846353
181765732
761598358
228808402
279495626
799025941
917581444
233709950
375585862
154610122
209070055
548483964
205815328
606193172
499354921
78091417
194094077
531442183
39528417
492430836
929881277
870029154
387223084
63946969
347577096
324275016
372242193
152678370
571284271
691092549
567178028
446714880
382119062
824413122
163967211
173794232
412716873
761097174
185865556
109921335
753365361
244149804
162946571
101488501
486027834
931215660
811747451
131945690
193525515
564735588
697638010
478145256
26479330
191503491
768864672
399536923
107682108
967713218
697995753
312104547
110951722
910474886
82933976
565761991
627909518
234521137
690936989
815961553
325072624
939721456
489698618
294392904
233929661
980748554
908290860
162083668
384618160
577567343
428435423
781380394
221176267
96641645
673253631
732574313
425428773
877752285
680900472
670591893
978075117
366903592
758853123
364679532
675902371
981965550
477435282
694159848
585178394
792981807
177275804
15112818
666434543
569199650
260720354
145423642
729291049
73478071
516024843
611398755
906927230
85854600
763488692
379445746
663971134
472476991
274067902
899304554
892438767
154610122
129767924
628208959
793754379
498963724
445408248
223512590
951568294
552059972
163967211
207784833
711076450
513418121
754597735
961178779
296279815
80140752
291917285
960900625
820735664
543532606
990092567
96566945
136991325
352960675
797893752
28957149
305611830
938205470
300454658
240834137
781812985
332382583
823370375
258013992
303156462
90760025
889415209
549088689
406399564
353655167
848930146
609966356
273588092
286855807
141443472
798617028
927393421
968672156
571503231
95124257
750511990
204481078
596348919
954300614
330963874
405086745
521933824
263940060
822214112
829225167
741298095
607525541
871030517
146003722
66956418
390157097
432149572
376671156
387062076
578077297
560204620
584095836
594051234
864454088
489653685
981633228
575928868
885979838
716973514
498963724
294392904
507143581
531442183
776191424
548770504
876187497
23034130
851267797
187999015
221388594
569042473
26461081
612340833
557466447
666784141
897289395
350805149
533975528
745521392
832360865
806877960
696246305
652563771
391594629
137725054
303291438
970025607
792704570
588673703
28957149
379445746
902864408
267267310
334064296
188446748
50903811
33287648
771585459
589364050
734629264
181923660
567394751
27275849
630595853
679342166
196964661
47774797
340193292
576527269
819000012
481470265
712969673
983095846
552693952
632186781
4001010
705732860
419870163
956132706
785338910
539014146
629395505
586971513
327719446
760425286
311837247
672326529
707816287
421394134
548391957
302293391
614864972
531560768
880165113
240056666
37509830
756412786
648042968
694220580
457688688
824517284
924643637
817585559
12880667
832360865
938205470
35954664
821995046
893164786
879293431
580823094
208850366
574668106
28227991
185712357
122660596
78663962
809700995
919031188
720555475
854243615
454632047
784582874
985562762
738346045
614864972
706377645
1321702
987249234
960411582
626131632
323248199
512437041
49571711
806842884
820698720
199971002
706483720
825351431
774967046
683178787
284436371
802645318
357220940
497931584
772952216
583033084
551125309
272986364
556984506
553519181
772012333
831882181
328819883
411409544
858395021
195826006
847934050
42809582
41171598
492871136
525820042
10405626
135417457
536013854
253146799
658061242
210847730
11927306
700074362
684637195
693624389
327719446
154150591
370151742
263965363
908629390
73957959
153780666
618947790
342156493
936676708
415535448
812717069
417861516
355291002
925205393
530377271
996652100
179259581
666434543
6344961
120435241
307209063
892438767
389537900
816481949
365408576
269917109
586971513
129767924
251049024
344742373
448388627
902747203
248819573
614367362
484723942
365717203
783026851
925641464
702052787
439780399
550051934
512437041
564474208
543632799
605246062
776191424
6569756
471681655
500531446
316508471
559088629
325637412
125812082
641924692
569242245
615618389
379445746
358172768
413034202
103584347
470127528
769419678
702402562
49193421
492866632
280487698
872779086
842277045
366578916
698722847
492282559
490711411
313173095
104845623
1972827
205631737
513418121
437307477
444621452
565028454
825042874
493100883
625541838
420072752
395106252
455232354
938205470
111123840
424812138
845035915
853440699
777157420
870029154
949452246
287174857
164288399
448069271
7240838
613538973
545933399
258515471
780117416
44735716
725411311
568802378
774553281
403333077
257760779
618027366
565846893
883696197
964754967
156439696
163585706
338314847
66383249
267267310
119485819
993626412
395927188
258476387
624938535
893164786
648915083
271102045
891492478
34443672
50061125
344742373
888915160
330437396
439923427
25618413
362220635
240565249
540852239
669256696
674014433
135788948
592022018
176556539
218492420
342624028
349462212
558050962
922091260
729699349
481470265
185865556
324275016
425428773
412201570
84169309
637562023
848930146
335943046
546082454
295050032
136611901
606759777
616946270
833484520
507865491
631736161
166404903
955682908
311182686
198051469
336931653
599629972
636516594
993816580
662590406
352249136
764861182
275439316
226642311
372882595
995996228
371402494
167660855
426177843
969745619
769148713
977379404
780117416
227685516
754158815
890696407
496953293
268752211
281198841
806842884
899525867
909657139
378625646
383377537
43603752
265470508
51592528
818592971
550051934
738676572
21257907
473187053
762803684
429171289
712969673
594380072
960900625
645394860
637220484
248819573
963624222
64234798
206187672
857551643
507901058
459898541
851267797
286855807
922821129
275235109
928589094
206664630
512207987
65562093
949062435
995274656
699292433
719711595
509591417
608352180
525391537
336530884
303156462
90760025
600345149
847934050
111617363
801078785
166404903
83700881
871253580
412716873
218406471
500540770
729119123
883789328
689407688
328283369
989829172
758853123
8774620
136333027
206187672
131695965
902864408
981965550
556529738
40081554
195948657
767430224
452026554
210847730
112676940
262040152
406643922
535139250
474143652
378663449
872779086
170105774
819528009
816001364
134669668
746610358
388224303
190358078
17220979
58846896
210222932
401939597
608466047
945831117
149431999
927136869
712123457
170558917
53202607
735310906
197778557
423162649
780566257
645394860
825042874
19346996
248819573
425673146
385585114
228827146
258013992
128465018
432793040
461427020
829828094
511333996
716627188
642030703
153780666
553955583
990287030
840145463
914942240
781060930
626750633
119485819
856237991
407619735
236082480
50903811
998261916
228808402
33556070
538837633
880133770
152057791
216606712
5421914
884025780
476733369
236326207
422033966
319791817
922821129
438689541
437571232
80793918
352249136
877233600
135223864
59142744
410890531
59142744
657022408
399536923
773901761
929080282
65733023
529550665
468363682
61144575
35473253
543079989
650764201
187213043
233667461
287174857
821262265
354215060
762058043
958799747
387067823
198051469
517091633
945831117
399923680
905369635
938952768
634443731
819920976
177075367
778241085
964364067
179617621
29751646
435535919
280284937
611398755
4526462
750763492
492866632
613170366
315587893
155704283
73957959
569042473
388213471
429171289
743263607
304439211
755107142
36823584
587290361
818817008
669256696
411556903
562125923
753875984
594380072
769419678
207559250
659954816
655843949
817120596
492430836
91423937
605246062
564633251
218170300
553519181
955245409
788467826
510272960
406643922
243208259
665430710
697419712
399923680
217385717
199440047
478459862
546678687
108447678
62914622
481943738
660113591
681850315
167767708
244920426
208069644
244999934
877233600
520245913
983216008
4456127
257760779
715884702
729699349
654502253
487091650
35276319
62357349
344742373
418467597
551673770
162083668
224762842
346461521
131945690
476850967
249809430
169744672
709778292
545243047
284436371
283690225
974212435
361307432
968143465
708123758
454286101
823370375
909224274
164288399
902372617
690351688
622942092
429747404
694220580
157987823
454632047
114094404
550548112
832790118
334354036
824393144
163410391
761403341
373451902
285717590
527886289
69663747
962051754
645394860
419870163
25618413
531442183
466479280
844306888
404180061
643959915
884922570
856899911
974946707
710681022
798177321
400075420
932361789
844817712
687896926
881188787
316845688
916580360
218170300
198801818
629105309
975603447
230822672
672014335
144777659
709285739
562117879
111617363
745677775
776191424
341480342
689905142
562436051
664586245
681850315
770143170
983894318
534269882
895282932
995699738
638833055
703411419
808620505
580055597
108002319
679115748
352249136
880740209
737631570
252448928
653387381
459898541
298150182
715884702
271937708
817585559
393123403
494097200
865179963
778241085
534992901
480280963
547915504
809700995
769148713
317608127
630223831
800431713
991258976
910006489
40367045
716973514
458994829
539014146
251049024
323775549
408684237
133593194
797804490
666370489
141799445
603406854
283266996
238265687
61678238
534692974
363182582
835333386
66664582
130503263
116084269
701478163
730973133
27774425
456028527
669256696
508579597
683998922
88311708
95124257
346833177
947251215
980131297
218868699
498307219
520567074
289295945
810226548
19551247
817120596
547915504
790034666
830845573
434758656
956374762
5421914
326955862
540761640
328617637
76087064
582125480
983320406
621438286
772458771
437887421
474143652
743859931
872779086
698314433
335057178
508785380
415969836
765649107
401939597
168085027
662575499
882145676
638130997
498887552
867662177
179617621
515908464
675382001
118758513
796046668
421849922
891416770
22683138
615618389
69750755
268020910
401098063
77527085
498163601
196964661
926579233
51699169
84465306
891298934
54652045
661007915
926490029
603334373
575699138
555838862
37509830
702455011
776792569
513499081
507143581
640188107
28227991
356190848
217842481
806102583
35954664
557466447
662912294
810476553
901563183
614864972
174416381
948970999
998594183
283023118
15876602
905994900
27953046
309853504
429171289
656016378
940067301
272662688
986656999
872007984
427382712
289968379
402649114
902372617
61748879
901698330
576679752
953791480
484134125
497718059
89852510
491881736
751641185
221712307
883789328
33952550
356190848
747323978
997333299
274128447
348601502
322260277
128465018
796873600
368497354
125438587
32641529
561435257
174661907
355291002
600894825
552407154
885199118
397992946
11927306
319190661
475800140
204261628
902747203
215320780
486228592
503547868
691092549
35473253
439624084
541706460
538012688
437887421
562650741
867281345
959737717
606759777
30567322
620513793
635195551
850984771
772458771
976507948
268421741
894418843
177925047
133119276
63112252
572121072
718662922
427610193
994952835
150796830
619626527
620133421
265083425
640944396
686913452
782892482
551673770
962570390
162083668
57924394
263908414
814610718
505820465
422551877
378398518
340723521
82694779
792981807
770859754
323248199
720621023
604216416
131695965
863360461
246123681
968912261
439923427
617134569
629791182
41171598
787713784
199336715
674014433
326955862
376205856
658243700
493895313
331253836
696246305
227427445
515234310
336763901
828123191
398233
215320780
676954062
31566774
539812524
101428381
51699169
188446748
216432674
922821129
26973254
83623860
650764201
477435282
614864972
835212932
371440881
337741644
886085040
508362463
211541437
711706312
943614053
132882395
608045228
292241272
650764201
790072361
62769309
760113780
70661809
155704283
317608127
366578916
568057128
294392904
81511649
499630025
16101176
284692582
718195099
988097676
881948257
697638010
123363486
717760713
297039552
978864180
731170301
710681022
913734980
877233600
304083742
736230775
414104506
285795244
959514943
483652458
925205393
906850694
6894429
110468629
222539633
432149572
218628527
584498249
514548054
312812148
436924795
738676572
42309354
251049024
659867380
118758513
246697959
609966356
54615988
289968379
867662177
239077354
11927306
498662320
653387381
813156428
679065512
403714047
323508895
718662922
190588991
674577930
470804766
409104276
546082454
450403564
735310906
248637810
610338554
459898541
239858145
689749918
440689590
243892255
888276924
665991176
585214623
306174715
411381726
82106595
239221454
338632074
102387044
546883974
6184612
616205669
405679216
487963410
176556539
955682908
116462189
729029364
762703559
953815656
823370375
386897161
8701227
197065010
34802765
347788114
808044481
191285320
281198841
327719446
915964679
431448261
834965424
688362097
964106824
271937708
922091260
649430577
492470391
578911442
791515686
649309848
188883689
70661809
396845709
344742373
588243413
963852896
89240882
85231553
259441463
208850366
55599607
473940679
173044036
494746846
991258976
262821713
568802378
958799747
108447678
878287000
740236610
910925659
428435423
747640207
478545511
756712135
501895355
835212932
934929984
324275016
110806316
567394751
424177070
188883689
54615988
536013854
506654217
18789771
227023957
231225013
974839017
331147112
941787247
387223084
839401994
247685393
535139250
199440047
856237991
926490029
741131121
271937708
35631165
652233441
174328754
821537768
988097676
374141571
200892936
733535432
415229467
166404903
682525491
944577796
644321672
317608127
1159140
181765732
588166534
479314735
232148852
69750755
169744672
968912261
939200591
625157197
51383869
992995073
660669761
543632799
759092420
688679111
695814976
623657459
576125935
16698374
265083425
267267310
430067578
405393320
646714296
293926822
419870163
370584655
691625398
503953309
261001611
587891504
664586245
739748495
768404143
654502253
40948713
619337156
958303277
60258399
614864972
204481078
676573321
655938263
573695765
413696034
961755147
790480673
590219728
106134096
162035334
949062435
369269596
672326529
935795651
484134125
975668265
350031565
960411582
421102746
841490192
315014863
28227991
649720640
679342166
942327529
689951451
210222932
276850744
763678739
487963410
878819898
28227991
479532785
305994269
28957149
832829056
337232218
251504836
386464514
569538028
500531446
122304037
997333299
461427020
372281952
552059972
117498607
730973133
556411580
608045228
889932579
277778871
597435386
33952550
632779483
81511649
971259634
699661758
919031188
231551486
57121192
271386320
745677775
921360680
566241988
640188107
296988276
598226441
330597343
251049024
941787247
3468999
916337555
187213043
983095846
865747938
462706064
585265266
618947790
779110822
982843095
38995329
299370341
343305894
351970268
435740854
936676708
749320451
892438767
823370375
666784141
296981183
527167655
532566371
219198
93876312
24148325
637562023
496953293
370151742
284534249
591420656
529003937
927857691
305072118
616946270
105659520
499630025
829889394
432149572
806842884
189288521
116884835
516723731
861447998
643959915
244999934
871687019
314199412
265630293
959621432
41171598
801619829
552059972
221521870
718195099
315014863
980748554
507865491
170036995
348131620
41745541
247247435
168649106
684637195
473762978
340221310
807924094
152678370
939200591
667218526
847160978
730973133
453844560
448069271
994952835
174416381
589068430
714461618
493484236
149431999
449078259
968137861
389685999
581300578
756203115
772775449
335604650
751494556
680345197
512437041
641333571
462706064
394176602
840371911
153468570
677031242
894418843
852691686
809700995
950319317
498963724
220502534
368737944
609966356
39528417
767838990
258160683
632186781
848930146
837266302
174661907
116884835
834164900
734346242
565028454
894418843
463194162
687896926
423162649
498511759
460285870
304083742
118758513
477435282
136333027
585723250
427382712
780959664
330437396
398588206
264919721
358172768
397629834
895536024
503745800
925213192
404782619
534992901
711706312
180913590
715884702
455929867
618685997
535589178
520979254
767430224
88098241
544317465
459898541
816982085
831597763
25618413
306085819
322652578
651280921
561435257
992995073
102328214
694159848
830525331
885979838
925988657
41745541
940979838
378077231
236469064
243892255
712123457
332579180
285239898
991071824
586569292
782036535
510896253
221388594
387930449
236569151
48526350
404936439
174661907
739748495
862381257
399403532
52324967
85045180
686841559
648581034
873779748
393835314
914445778
379445746
567178028
596179294
225450192
702582917
892438767
699627334
173562603
843997450
86901680
204261628
221176267
410890531
711076450
404453205
168649106
177481872
460285870
893164786
220990667
80007229
346833177
276413365
225253874
442382112
246771851
452662565
339532506
247247435
789345251
665991176
990287030
983919716
850464124
481943738
932141123
724331604
973118837
398588206
522313302
914862903
74732490
846401325
184507420
479333700
826802706
149773083
182881413
282121870
546082454
624938535
376480076
237530429
624747060
735310906
792981807
466967551
853764794
693418458
504605678
12880667
1972827
207991368
536172417
905511835
954037392
556329509
716383659
910006489
132685617
321533140
316239884
109671336
962684090
250157444
976332655
815046509
516024843
435740854
598588649
386311526
985909746
782547158
455929867
449726037
604910863
197275809
691876194
208850366
456028527
870722364
16698374
397629834
969745619
780782017
740236610
397483971
608045228
464462549
732862052
544317465
994690111
576582848
268421741
192118152
80007229
228827146
840165798
177744181
140624273
119237268
549088689
69663747
495714613
179854252
26055426
109573033
483419041
896611292
909570140
769148713
814574215
921216053
718195099
500922042
204221941
118466080
122660596
996652100
400188471
354215060
588338375
205815328
293166137
947251215
543632799
717760713
153780666
97131328
805583718
871253580
729699349
516024843
338994571
712969673
824061948
878480567
776191424
668095896
633554867
312104547
688679111
955676142
454820515
943614053
768404143
147420186
727110234
58271752
429183947
30122981
913467682
156592957
754597735
177998229
454286101
483879571
45126211
572885191
358833006
464853119
420072752
796046668
311961044
29751646
266355314
346331352
325831228
991071824
916337555
312104547
944577796
103584347
606759777
384156334
953815656
498271239
110468629
629105309
925988657
544824931
678553090
644888061
469775943
307209063
108873002
955288781
22683138
826802706
725685029
871253580
324936941
423337656
308564397
646714296
621848003
778241085
211541437
739275791
734770728
992995073
443645613
700074362
220990667
297039552
31317287
132526860
385524262
96566945
707816287
505015320
976975152
196964661
63232623
823370375
429171289
585627076
672732796
851848562
446714880
60900032
539812524
878819898
575699138
603334373
635742559
411845231
544317465
140624273
247778351
239221454
859550299
134280506
188883689
617721433
547884189
774188516
318137883
577176803
378989955
592022018
123404022
122929138
828123191
833270984
205546578
786584096
652351580
519305078
498839424
882749979
146450270
470804766
63946969
893164786
569538028
853440699
480039702
445916343
925213192
771585459
972513333
240525833
163410391
152774808
180252497
93445571
974276111
58846896
402649114
575231938
227899136
15223106
231225013
383138927
965381552
543632799
828313073
487963410
664586245
879534318
258515471
356190848
694635626
478145256
935463232
257417237
849832279
450880828
837227952
680646486
923689999
514581190
295413411
338918756
643959915
85854600
328283369
316592040
890133060
862381257
125546769
358172768
66664582
574727663
77562450
481943738
909322758
541133257
949855297
439923427
257107738
183869549
869571963
183541637
171278508
124488568
346331352
801235166
483419041
356190848
221618517
981755771
807385845
803645336
27275849
749706531
311395170
386033824
552077949
310503925
124209157
963852896
621848003
181416743
75597467
648093580
850464124
89240882
855894540
686185333
241454610
15837156
165050342
935520890
233411421
96566945
243048551
765509777
275439316
193525515
473042173
302293391
724331604
449726037
129157704
285717590
520780308
197778557
784427227
764861182
816481949
641333571
316845688
19551247
204676939
683998922
765293194
562117879
689407688
156105909
602463242
73751640
845035915
479532785
536172417
949855297
309853504
12365670
602729632
181416743
280552014
778241085
805583718
312829649
960030339
941327356
564481616
287414671
770294769
707172681
667218526
44369699
18586632
559600846
821898854
944577796
238747874
565617384
914942240
381426988
755893126
519942700
983919716
387767601
736955235
193107907
918098745
470804766
166404903
178431853
542800798
800146879
384972567
430067578
759509251
837266302
471519723
413357604
504980802
409420254
598226441
197275809
945543013
465465284
70661809
971407785
141438067
466161551
914206557
364853580
987249234
73478071
918098745
825042874
793927106
990659708
886085040
988097676
460285870
383138927
784427227
217900682
199971002
862742578
330437396
612448302
305322969
870722364
148054426
959959848
170535055
788701814
801619829
506654217
438177052
927994769
251049024
425290950
184792590
225277950
463282513
781279518
754158815
790976358
261372644
541915838
150758975
972421533
810680055
18789771
475800140
270108514
343174573
602129977
965381552
200892936
429770736
790976358
369931732
923689999
575231938
943614053
655843949
2953113
36479820
745521392
623657459
786584096
436924795
444934205
860431269
275439316
829225167
610518214
865109682
894418843
871253580
621139984
99946313
261372644
921216053
599231888
852691686
90079409
792704570
427845558
508579597
762803684
89240882
119237268
984572345
401704573
372852428
392722487
316508471
809222882
161612512
380848999
101805939
487327785
969234215
732158477
236469064
380645838
840371911
48850193
16320838
349752799
421672630
70661809
222438388
604216416
882749979
651047534
818604438
203145213
19346996
825351431
144452707
79284776
722163560
47018377
575353400
