530087977
329825006
93276141
972588614
798550791
983035906
734625981
510048815
902752032
223659876
778240852
680722923
679788408
994177602
361258611
415254921
411316692
989677939
855344194
759151239
606070562
306108365
647070864
827080230
826126827
581770456
32001626
751626094
262243133
119249202
846802480
971235399
233593860
995779201
749178610
143032876
802597936
333490551
496496240
963666351
648275557
271029455
471616840
821964795
544927089
959233717
275366251
664026613
252119772
408225400
568829564
140337187
327762105
135854602
964442856
447060657
339723860
448692439
852656541
624308074
219676719
771350159
401939592
207840016
798550791
738031771
729281322
880320479
577042750
342178874
319556357
616800353
928965833
560631589
966172605
669299461
457461171
381021375
676933770
535014841
196050789
134889875
588936239
909256107
712133046
414934615
562201725
318352718
594827245
213634459
333178463
277170273
9210683
116342824
418980672
645789365
188525997
748844633
305754087
614510775
158318697
577459576
297142123
48933893
600851520
323283709
633542608
256126132
617047245
751271878
604567656
918408537
831331752
406137661
769451138
568499858
511616853
431953123
208266312
137675545
149975363
972588614
688126550
443267794
753450726
582378310
278537791
171571552
651993827
28814225
736436528
713250243
682541310
289943256
692361279
840634878
536124435
309788549
765380075
906339940
559700051
407163500
228139515
486919206
296388748
285799231
204693295
753110397
140698077
909574029
751905614
405267534
274471564
472538838
205894060
222531052
445489266
340087966
879359862
868528432
314354949
270056867
198765278
828315897
364758987
240999142
176396443
918036890
628871221
196563582
675551655
166253520
96395728
270632931
133196404
728377849
110255356
553431106
584193297
420725004
186036865
89145950
429557319
879213717
631102611
436090441
177976102
934667946
33409122
548547137
648519516
516448159
713423991
479044329
938166043
781357183
558863895
175553715
155243825
65015607
896160767
876301396
401567226
899753042
26099248
598676669
418496807
432729195
422078211
420102828
287817127
129910315
71959654
935905816
509024413
796697490
852196517
903631670
411316692
904876583
651068533
995973420
951124822
111743252
190704696
395712167
447690831
815177625
234389400
511721840
152391736
725474959
325986075
255672892
821457463
478021549
90137743
598933271
959652925
526207738
538038340
79753636
652357753
168884962
896160767
136633955
601175831
344069482
154443315
865999806
427767384
240030828
148628754
885256918
134110911
538193743
33345843
515160430
141496456
124573164
378241243
523663951
947771827
206922129
889528443
724150309
338007851
400727878
575856740
897506156
570418376
633131304
517965888
468252522
575763795
239843600
510761220
730087957
786896046
137675545
573625453
782814262
82408027
232325805
518505095
565646129
48933893
796715251
837366636
707275930
647318911
626255477
537099029
363465373
713664228
312010821
293885698
970581599
606398967
130193078
992219935
679317612
559558097
250770133
428263028
213010766
664026613
948116354
326619956
344992596
805046783
973458108
592344256
273549417
670111340
7234274
657960039
189552811
802552987
189230729
186123544
630486531
118968542
17020610
147899351
350269529
543116621
955384287
832456344
670369000
87253675
112935830
979280024
213680485
893116180
974110648
784264337
399554343
339723860
394066144
803066209
496496240
848570149
602595419
969934128
358509647
850572306
222053312
565390566
584988705
885199987
506168820
308244765
969570787
898447603
385636587
344992596
592230940
543516778
976503940
858500148
925184233
825256923
262665692
958834429
131389088
810804585
255672892
291791336
335711653
934667946
879359862
956513629
996415873
259818736
613268845
169176018
209498448
415731756
993572318
977600734
580238267
585288735
895661834
803801093
156683987
182095849
944129563
844907548
46197093
381858682
122592157
391914346
383086284
93276141
454334352
237017605
24200114
286787097
432398819
563319662
181885377
428631026
34294948
171469814
350504263
44640116
151465774
105278596
750717712
186123544
325435523
448517214
206219624
544452077
55438290
44299003
920963446
203866860
816047975
733344032
127411173
700594887
960476710
608074508
624899018
104628071
290731658
787976227
3845151
694451986
908966174
516851738
620236752
935723926
989894101
433635553
310917251
820430365
308020420
281107087
995172549
253312515
815569201
31723685
557215625
739725501
937736627
222966178
958923790
294480921
267642857
310917251
870141425
937736627
939857933
343281470
550197526
330190166
212493105
469964966
480780490
800223238
128275010
16468779
373595385
876192836
421684966
574031551
402728053
130502520
495428938
143769360
18389924
296203851
928800643
216899329
855646176
10032951
501782000
93114323
516995560
744147268
512252744
496496240
521703612
655015611
310301075
241267938
984377066
201634574
66869810
413048111
759696272
871750872
213010766
207366147
149214076
131389088
92158736
410600591
998623809
377429302
290040780
44329846
116178772
929705781
431155678
540203777
58133729
775800399
142725789
822474698
434976684
400444672
483968444
458496507
76536720
978139030
6775210
877853619
95985422
583275909
676913720
431603419
919429938
411885397
831497454
781966716
876651230
482894829
858230147
344889815
385071671
194745570
939981597
744147268
215389221
371388259
316893415
127029706
888975095
47125999
443785262
924576663
274535926
681015026
401939624
536812926
587136131
703130045
5551083
927983980
154443315
200203464
441269743
27569284
491286571
268753396
524868964
956836153
305069370
359947337
393098662
63794811
547647782
205051552
816832035
383736849
390680354
697546388
963166658
393664743
662653203
289943256
808486988
897137697
921918546
925426170
310205247
844414008
950680592
932832283
809526976
613825996
91235975
516851738
523696813
391396989
259205092
880149728
446974767
58804223
372675589
344992596
591535764
497783505
841231708
713664228
838908417
417538934
793082552
272712286
78807173
367100470
206009935
119410322
21650737
951503079
9723505
301945459
788280733
256972203
27202444
70815259
811793194
257904939
759349635
315596986
452721730
911995694
520927585
603175331
805557974
595514293
964959602
928800643
178785409
63901586
505548419
354125298
209498448
367900662
272640077
354967247
40182937
337251389
142019345
3079027
996142823
962808818
475149286
372744462
998140816
155207274
664167124
295273914
755740978
637541426
791571416
951163504
494352768
419084796
701275557
577399015
174470189
568073254
173834598
2107639
779824258
260378866
666781914
419971740
136633955
495042464
953540243
584988705
954115038
791310630
692580902
941499488
290731658
298475802
577378336
929303319
647070864
576299369
14889532
567005963
774052754
981025693
160404365
660735123
656052077
236832741
882455581
212006506
362705884
126404737
798797162
794648568
876060734
910180266
189353935
300073769
119141339
324191042
10270522
891001767
225036268
475639609
926245563
603175331
977331273
587620555
995172549
894902377
334300341
427274192
567005963
676305718
765370355
269534373
502575037
519731500
758041032
554942116
2621082
992447276
219915997
692580902
561724922
191202697
668300187
489663845
651281764
894902377
352953390
294446885
529379292
330294029
495428938
294428125
990481687
320702133
768888568
234012317
939857933
61843250
981329406
960317911
202827106
104628071
55609747
455478180
852196517
248736053
375703256
557432852
524626101
114959383
237507161
370467870
59736000
431253181
973044864
825598388
314354949
502557598
470253672
264522039
846868385
62978148
394200989
734977256
178191321
326755291
928477130
82774118
760952925
149360538
100707695
828253502
327309173
637524835
107969346
212061249
875565766
305419667
600013791
296203851
835986795
268598088
948568852
104628071
647318911
448853321
178962250
832681165
269004010
67706503
10766965
172062736
64869459
38140231
382859939
823974799
481850263
406612292
688081065
398224815
539660292
697878852
191747019
145374153
908948048
839240695
37040746
475673350
492065401
977533826
442735033
545875774
910149278
876651230
97209697
129140991
880856117
23958862
411967258
350269529
905446027
347096443
498564304
490233610
942578669
182925751
759791053
133876207
785405452
64681166
133815518
635808531
46197093
90249099
959652925
124483366
503347241
688927010
983035906
8943478
648849778
385343604
270480599
434193931
644008520
137109546
535260619
428244281
465044661
564469535
218926825
470634226
410387309
329825006
743159414
913465028
377189057
302571411
178798840
959233717
754356523
854515428
591481790
514879000
913735596
576807007
110795772
721768151
373415814
71959654
844612558
514789502
312010821
926468395
526568708
819537473
5875492
415473400
886668137
807568645
99434310
417739254
271520550
40182937
686863312
815985355
617047245
387206242
403065237
987057154
268598088
164555977
966368827
726383650
312010821
584988705
200203464
885742917
71012624
724065150
50285376
840069510
554685090
165697326
635870024
245008024
193133694
781966716
620807490
214097850
789594660
513844734
301734558
756305465
244904570
18972696
904443140
937842780
757076489
441269743
612199962
751048188
275366251
577057282
884164752
872215220
848917206
411885397
884820444
391700274
190704696
274754099
547730066
750603128
280143221
904541001
526568708
503347241
760952925
371968606
376083144
652660436
960870105
615217330
10766965
97539741
376971863
258452603
540308073
757725074
17887250
683975834
124768923
549739831
419650970
600171337
485889921
822388466
743386020
63375645
275786486
288932101
34199272
728703040
700088877
936838034
325084406
109113282
44116759
781799942
851253236
138544060
714110600
383803906
69149185
410965930
244376531
320182068
728723052
365609076
234636757
98107840
961055037
861116145
784113489
655642882
618622336
206995654
341446040
805385431
478501973
895661834
721412145
877038854
225036268
899455023
457959922
633131304
895661834
224739522
260018376
904443140
431864018
817994152
512823205
990753838
504809851
117398080
8459566
223105159
571818192
874636645
833442843
507059154
308244765
805781430
861930247
24356702
368447647
542817227
163934737
282692409
315003104
174198346
641841968
508592658
670829106
487848718
172960159
649171100
169882702
851097971
709400946
882455581
446775906
95985422
252606062
274712886
539705438
81881366
860804383
467949187
780498002
506285383
289508929
464350612
595874021
523794143
24200114
545521200
916778547
888172490
299231431
19263002
315003104
44110187
150881463
582861634
513481499
330079887
562102032
986002916
784515008
949845406
758496097
638761068
404408997
868983619
632081927
870863058
361508379
113189323
193404105
668806935
743575614
714110600
857463637
729281322
619838172
204543754
830801127
165816877
760430697
898447603
277435233
405225786
433635553
244794500
113662152
695581701
428865559
512146262
951503079
364160968
957531897
401122300
5393521
705019163
670623663
495741403
968812479
369456838
612321001
265627451
204661315
487848718
24200114
123712499
276335046
715435717
338950917
495428938
687475791
655842463
642992934
62655329
114166667
783323150
632951220
308115048
665176195
295188396
440633638
988667868
792776731
609631300
715757720
878008374
81457057
670886342
991538316
15133828
472118436
68100685
377189057
234217643
256972203
499086306
184519671
623420747
693565176
266554103
8259145
420593918
883710926
365509006
522385050
34199272
273439784
672658244
275473322
444004160
464749602
38790081
591234829
235161724
952121447
496272137
843963915
783745864
30441490
670886342
582861634
798550791
270475258
184120401
808324067
681015026
89940566
587033320
237815483
291292268
111481129
398777646
712970184
96917309
102007192
650628828
564982060
593698067
9723505
760297017
157975937
60922204
320620725
418287941
114739511
806451506
60822304
712588394
115358787
981817541
696115970
57677747
589885578
701752004
691420406
438037974
303110885
499514410
117769184
327583967
259429090
259205092
155806288
685798956
592948783
608463712
762894450
521788200
150356770
811128607
376529023
660735123
197533114
685657058
65383458
998623809
884073817
680163524
110216954
172062736
194194023
268598088
576807007
731020509
916557864
40182937
972588614
399112087
595252762
63253856
482460078
489717505
724614556
402452438
532358358
417149949
132710024
25808776
23902293
656762508
703130045
787916207
487698674
326370668
101642040
982315944
968180240
478585536
292551395
673852968
457959922
287663295
304460992
457244566
481560542
646803352
996819586
144828573
226494152
765502794
1463857
338437731
509390047
358509647
58133729
655462339
770746066
714665471
812991208
385468220
343117504
776539984
95794847
816108847
523199460
771505072
82103557
778399950
17887250
315919768
829314424
382870240
799013708
348661139
274116907
93172754
31078573
104963969
386921647
360299388
962722751
33240143
683975834
939241053
595958764
950374173
633221190
447060657
7912416
998688182
32510180
772792039
861751292
926071407
560507756
669531172
316794809
459502206
427274192
617047245
359988922
5393521
627130615
552061254
867517528
554217278
908229362
621146465
932832283
194483153
104963969
851982113
215157739
959798127
351666637
60555958
881971906
626442891
715757720
989364478
285799231
204169850
8626406
633863665
90268998
723287006
882242667
863491903
859851135
967504002
140698077
405999446
526568708
275786486
216899329
809883317
183765371
627489172
994107975
778686322
466492688
241469008
378957754
76917702
153844435
159621861
902752032
741376266
549107694
846868385
432570995
492794432
286592303
941712304
438230382
264263661
807775984
466664907
592230940
416664821
845954392
750993932
418062928
556402555
60129867
81523239
957358938
221104179
699635523
44116759
782814262
543516778
116398791
969128208
71012624
901272958
920963446
833442843
848570149
285381868
56645520
571063735
172565723
979328344
661252802
997861166
964204957
351013465
97831403
537099029
584460008
359354383
697207186
926653447
340926051
310205247
654156922
436484734
962269496
149360538
18608938
478253017
69536197
203593265
674841738
140098010
722268512
167662791
451141450
173560211
183615141
472538838
237044777
630898868
508880987
811507333
402452438
972313476
572617697
808550370
82408027
313327487
416597331
361838843
773452991
207366147
906728974
242773430
28412481
698709366
571485670
971235399
338007851
554217278
635304893
264343214
569477524
596350563
258811084
889184473
166392425
197195781
620736529
977197103
973278233
113292698
585319996
336992923
48292590
931986583
913331084
356804376
789546484
23958862
72568833
10766965
437437894
29151860
115264500
915471961
865999806
954570183
232325805
825498270
42934743
610430236
888653039
429557319
292551395
548182713
91865174
294446885
441582878
345338226
163170623
20044007
515138544
513868080
755316171
959975517
145374153
294428125
323885561
783779647
955651803
910180266
713423991
148254209
247566479
467215575
546770337
281511954
816820500
720984199
261221520
284703630
19263002
814281576
812900762
2107639
486977593
174647534
678171289
611879631
71012624
122653248
889015730
653399235
993572318
673852968
460331525
151654128
291292268
574713639
839823142
130837769
476472002
992625561
446547537
200494569
293008207
361040484
23716731
167273765
699178160
562352588
52881916
210907708
537597674
331015173
693565176
279060181
46197093
701615527
668717746
148418593
145416519
443568398
339493643
381780067
278904190
963702227
159621861
213010766
312010821
960654339
428244281
344069482
208306278
931986583
240524096
657188063
71012624
617314801
650628828
400524240
3544199
178308004
606070562
973848384
58133729
48017178
644630601
627848436
970386502
83590649
951124822
594058301
90477242
391396989
283333164
635304893
415888397
472915115
518505095
611879631
632345052
485641395
505998856
865773187
480404429
440177061
251811667
999129732
209416699
914599119
642900900
399623158
341964407
910149278
914256604
846590403
882242667
729979647
493247279
669925699
401122300
770141967
701752004
878008374
150881463
51242955
881232047
660269697
335746985
940118321
1463857
697878852
100341193
1813947
765647884
253338446
449428602
118777285
760017786
578548398
501289516
826316485
129585218
445489266
273984975
726412278
706018425
792704748
443568398
359947337
612416338
139987028
192974872
511529496
280646142
134889875
424441751
298305240
820154572
702049729
261181754
69716586
52222089
138853798
658786156
149975363
292670846
890104758
724348242
217653268
331698830
165816877
306705783
620236752
52222089
883747792
473899390
367185683
534651100
990026245
639070517
410262125
776415145
764824212
361258611
101358594
591535764
980494857
698885324
671298925
245482267
600851520
393422329
587033320
291687331
141496456
413883522
937842780
233028713
130193078
763565455
74800179
58940200
662294005
374705592
919526582
827978306
134110911
526418911
77493710
4470097
177976102
20263778
986902158
581857651
798425469
410965930
442328990
513147455
130508230
629810779
478697134
631102611
158817156
339493643
39526562
596626346
115264500
285222457
587451101
266914034
524177825
228829758
30039226
365138070
500679507
304834977
370467870
773548238
699422661
841153126
16251087
976993405
759664171
205494150
372975525
602595419
905766923
605945279
446775906
597910169
516448159
584756123
766607651
545638013
462315785
376819518
49842208
530087977
330770511
70815259
347609932
897742966
122249470
772664016
68947700
322961620
501511703
610430236
740887887
714110600
502195628
671160862
834903719
167662791
136024925
405691925
274259402
840765084
797811965
598933271
340272107
580946580
129910315
720073725
497835591
100707695
670623663
50012935
941428167
186326984
432055234
610510753
382036063
4756143
59051335
669966337
358580007
320886737
213680485
631530508
595514293
524626101
722141279
438734395
58643098
25863873
215550204
498931960
323809623
25208055
969570787
355374725
973611164
730699085
589625370
116849380
942195757
991094592
995779201
811793194
107436692
833442843
741839900
617314801
156020929
652890392
594058301
927689688
877377906
674795773
131792811
679736760
584096116
999826537
984508124
417739254
788592423
824622243
80862334
467949187
790246065
54164577
169176018
333178463
305419667
164280538
725474959
474036220
196959889
349333916
670566550
416547285
152963966
902254649
977871353
416084686
831497454
520965510
836131739
726699181
865999806
267315830
426709610
257194411
819837714
275982233
735590961
395974783
134383575
207366147
42754164
451259704
190183636
665637159
6273139
982512963
375153286
492969566
733344032
802960647
332598122
329477459
547272741
119249202
354059809
87253675
383343352
859304408
494367966
476293670
420154968
651561394
690978724
805551347
584193297
962687698
632081927
372899211
646665929
215939601
531331876
139730636
434976684
161222856
505981150
168428263
394200989
273535031
334058356
262726295
579081600
850572306
789095308
271193599
54200013
191581588
646249514
933320682
261385444
194194023
289081306
388058443
166791827
580386549
551875647
657601713
911185987
212061249
233593860
310301075
757155691
988564262
129910315
933548336
953076451
302087971
250716455
396787237
995556408
854113368
952912655
999369187
486105001
655462339
623913972
727784822
326370668
231861447
218499558
660735123
526207738
548013027
666106728
986902158
901003067
317891773
290284076
263109641
992198921
81261331
889422930
959233717
811507333
390805847
274607946
281639044
703587993
12170043
403119603
285222457
984548270
266190568
88977647
764628897
197230018
29151860
591941148
4610356
545794996
94705985
125178482
620709787
61843250
847945580
955586136
851982113
493264335
479339328
713423991
454689562
594540786
603646015
175553715
831497454
846802480
835724703
870141425
337824413
609491961
480576003
426289809
778686322
529802233
760297017
372899211
560807148
660195012
937063791
957213465
100788339
863302284
91587457
184348414
182750710
246159469
166791827
366607170
448122704
472374453
924576663
994880423
914008850
677083933
416992393
446913582
913331084
895661834
842442334
617047245
610804401
148334618
788978345
497190250
586048366
509390047
750025582
237815483
147899351
347313746
493710308
323885561
594540786
541335282
646230246
500679507
571451144
184763556
281511954
43465458
262726295
477583691
176498750
794992524
203593265
432729195
729695045
178962250
340758810
862562631
473895536
856058947
506934359
62126501
131485306
400524240
174074325
317155014
560631589
455478180
673852968
169643381
637081284
725738942
951304923
497915154
817484095
178962250
285917915
344069482
871035998
631002437
522246073
264953961
999476357
957531897
450191280
368667929
604200234
206975240
125811634
931700720
263407150
147241128
251043001
920369272
294950619
230735450
345893498
916557864
83011169
991050467
859810766
450802320
170047800
227964683
901588324
941632284
672267787
348134538
380744836
623452730
148334618
23605902
368528506
712588394
714269633
812616523
375153286
728550418
939857933
442735033
747794305
828794145
923570910
865384055
842945340
927689688
912522158
40494088
704956817
667495822
765647884
11604700
106881051
595071375
49845455
641897137
900324149
904876583
928800643
192355495
647733138
168428263
525126718
467799713
323659964
333178463
919670471
961025926
800401743
802597936
730437571
31027222
510600814
722141279
481398800
505548419
605482535
909256107
192974872
267996373
964333351
999602448
555776094
604881611
753450726
817508670
64397143
697546388
178798840
360608767
532316633
281713514
26525246
211243354
63403156
379138966
292417215
652890392
93603510
165697326
594827245
210002878
752850644
124846289
34199272
350980472
750717712
597491556
23347705
224347702
680636250
28460454
233122850
922994565
234636757
383086284
344889815
75343376
180929059
715148221
429332355
943192605
439900868
303232192
413048111
964037450
932434623
331808551
253969179
757725074
892882522
550194543
884620035
717355089
845954392
334528143
19048337
767958220
747079427
796548584
58362040
999129732
265070746
214706110
749178610
730699085
125178482
753110397
592344256
753806439
121867855
316680581
719043653
722956659
759151239
836594124
715051107
46679199
955055394
280648887
802960647
371968606
178861438
878294569
426171983
549739831
828483210
818760255
724614556
794992524
720333432
658417395
344992596
739323913
765647884
450542139
893379583
837678225
232609155
929951581
214468708
601175831
145636893
531049183
942661814
501982300
267996373
7712085
926071407
111743252
788783972
875565766
616626237
513844734
140698077
799949395
771183687
647318911
967712896
14477606
589299667
900591459
137248176
769360000
486661970
427079283
109866464
562352588
132344814
670696836
266914034
301579370
202373229
699178160
503347241
93276141
398349727
733487945
951919259
827232477
717850984
988941474
948356524
544452077
134383575
446339417
116398791
201285902
525509762
273741593
110310911
621146465
37040746
995172549
930718896
635304893
832951383
529379292
734700040
405020727
965883915
166392425
551110424
602172232
308244765
149692619
565842609
453668895
285917915
284246523
111743252
806377686
588936239
24596011
865590319
132007092
319556357
375853605
418120835
657960039
646504162
669788037
123496558
105347383
679155569
145828605
465501441
24099494
439900868
271193599
544127009
647748102
943820291
634024355
347769474
172495004
340272107
325303495
679736760
137332880
116948504
403917256
878639810
422078211
805154837
31723685
615737156
358034396
191028841
717355089
675201735
660786348
735925938
862322828
161850275
720333432
305069370
761965326
179406000
82408027
330770511
326370668
166392425
781604293
397593879
944247101
967821296
723619276
594416350
850721974
252159329
556095909
465447876
842330834
596626346
934400586
495042464
130845679
396500671
278770085
212061249
179282500
45295292
751271878
526086856
278297656
927312210
849411274
655642882
51357475
129585218
264953961
246345395
733344032
868983619
403223747
698586979
729281322
900324149
206009935
244626098
298305240
545427622
716339378
192974872
919429938
94845589
795055303
317155014
425463442
286586953
603646015
3211087
129585218
350269529
15544059
532571349
237283533
838350973
881971906
360196834
497190250
297677508
650892141
277640958
992033669
82657196
948030224
179734253
245319105
157754972
474201517
385071671
768635961
770964038
229348970
894902377
978931225
120737513
156220534
388793790
841499221
946979540
793365862
321629031
791548596
340272107
567337296
98389519
754736385
901434933
2621082
809526976
518319978
856447711
518505095
98389519
61686243
552742981
372011455
792591898
793457455
351079960
29555200
923264485
685904320
546334774
881699763
389504932
445189133
198144768
754356523
933162056
689518960
20417690
252606062
590104754
616031631
850929372
3845151
139085255
557682299
447336559
225036268
489717505
834346477
365509006
544452077
418062928
954836296
859475889
255227209
718628419
951672109
635940537
443481708
151465774
170876012
408516022
983998316
579787349
87790450
845560225
158075353
645112816
660735123
624899018
248324617
454472653
974882303
834903719
227548201
329477459
433635553
121634321
94705985
383803342
517450836
71959654
470253672
749179935
917383691
718383328
136633955
451141450
588149608
895092606
959233717
798550791
766485356
253295512
544049936
393664743
725474959
497190250
596626346
899455023
317514004
549008257
703029092
148254209
1463857
187214738
697878852
883747792
40289145
413048111
84185963
670164797
751905614
513844734
746733382
329825006
542661733
48508148
559432360
791758835
235822015
139465299
454032776
747794305
176498750
154676713
911185987
777080150
700923324
259818736
625004065
811411583
543198866
493421525
934927654
386769412
481850263
711785122
243012294
942503702
522015235
103577320
197410521
910598394
467949187
930823030
504706309
348573637
428799107
172737058
183765371
729551367
162331175
990724031
916557864
765647884
914846858
567199174
585616062
919670471
634633293
917461779
34309362
541459465
986220650
773548238
843752251
104628071
695240812
576102244
238981465
948356524
340926051
214554174
440912213
816128859
978266589
934819427
799836594
758811334
500387958
779124492
40182937
618195075
331920003
914150933
29151860
107436692
607135242
654156922
894189609
234217643
15831653
760017786
830042649
143252250
798367255
355477530
126404737
484805410
408124891
591055162
273852316
560979171
711785122
43695415
376529023
589671662
982151179
99245576
834671279
674604563
389138827
819073153
149903230
271193599
414304778
830042649
912803912
813388173
353150807
644008520
454472653
80773098
752421299
893116180
426289809
460962315
389138827
375703256
614510775
85144259
988310527
114518692
432213912
257904939
946979540
645917550
102398298
911395678
147562405
839030702
595071375
70496946
59736000
857628331
916557864
929705781
702498704
923611977
797446692
961226884
710047162
994177602
643893805
208355547
405999446
97539741
604200234
975924172
390339732
389359604
583877183
989677939
89611680
305933948
660960712
82657196
760952925
221725027
197779382
74955813
300356003
133436810
577655758
988704069
239661040
75343376
777706788
614540451
571818192
800819659
46679199
791497465
238981465
716997879
377457179
518505095
207714890
97831403
311036186
102299888
394592235
386103207
562511588
848872728
896478786
52955071
207567325
153844435
792979556
2754506
576102244
555335749
810344918
252606062
449428602
351875010
307331969
510791837
919275950
844907548
941091599
847650028
356804376
324241689
146099174
156220534
793821965
40182937
933162056
423450152
602406324
168219260
546730223
188876291
380589688
361571841
128490297
614290514
799451597
963241557
301394864
228542677
612997589
900289361
828483210
806659412
206219624
185634430
849210827
112579237
438958002
165512067
828794145
741237131
724864750
779791414
970769480
401567226
311338385
436168628
762901590
352593225
835169010
311036186
712588394
270480599
911995694
281107087
970519595
202133788
789636023
47125999
312552463
231045018
605482535
6273139
927312210
333768321
74307169
247730216
729077120
362770084
714665471
451259704
839240695
695240812
636729184
638761068
621199215
370280031
105347383
397778860
408516022
20044007
423911676
257409728
276554676
531193094
170839708
875121401
774250077
568829564
88244036
201107727
193011044
552770254
697207186
277435233
156577623
496076323
118238160
443191274
173016504
27990073
678183112
757364427
709590346
282119936
743575614
488825035
716997879
559815986
672267787
738031771
631530508
415159599
304657173
802552987
796548584
215048921
145738527
690075404
334779006
394592235
966172605
393992661
566368550
470253672
71603186
191355218
482894829
481185319
427144917
372675589
135222393
372975525
505548419
393422329
522246073
132007092
257194411
150237545
887647881
897840400
220950801
179734253
612693343
540465058
392113581
592598284
806377686
76247406
397593879
214097850
722606158
378505948
152161579
49434671
567688061
28040315
82657196
370609077
505548419
743206101
885662691
575394602
872502661
660960712
438903237
147899351
829836315
46309781
687914314
43811997
575081130
219474585
473664901
235409673
99245576
989260748
581857651
648519516
87800060
774368984
503468836
423911676
861716938
728192229
713716670
814673639
825256923
731505605
965481840
873430895
306705783
993572318
603819611
831984200
344663877
798797162
291075222
675201735
968180240
3079027
258998643
791195705
710419635
718313617
910782215
149975363
999544569
297245267
359988922
510195327
316977065
197195781
566135778
381704571
350504263
952644367
97539741
71959654
573162669
297142123
700514381
861565007
463709597
359947337
387402466
138031385
622682881
755337953
714847188
163397118
833249231
177192292
481972547
544944867
337965759
190285480
62438329
744323407
433684020
458919682
250770133
632707823
238034928
698914178
949717624
394066144
460176058
648101221
219676719
499921809
489050598
613880270
76334717
669788037
242455131
333490551
104083243
197779382
46514478
609631300
868795107
971824478
796715251
863302284
130193078
313021721
979935953
588804815
237815483
118540730
689265540
588936239
713193233
445489266
202049548
784959336
246844002
271193599
486105001
448692439
801752934
500493034
612997589
13634920
281007625
17453920
559432360
920913953
626015204
387779360
578868829
748659352
511470885
989894101
415473400
894530081
475414518
733843705
846868385
671298925
713664228
212283512
856992203
219915997
744918070
359988922
856929151
408225400
232469347
425118884
866866231
440177061
531439242
187959091
473289705
309943346
564029848
888172490
572617697
189853646
470634226
656583000
164692538
117906496
124846289
726305669
887167720
846802480
376529023
737220758
144675137
593595284
264953961
93017993
57435233
431953123
728906952
72760886
990821429
790591500
218127194
545427622
642782783
65402400
36679562
245008024
278446588
554801476
479612593
464578236
755992217
424678110
730699085
266190568
246390907
119141339
878944207
465294325
776415145
134383575
732835855
150237545
48292590
954639172
909374953
492327223
218737542
847945580
648067567
346558851
571451144
340926051
792591898
212493105
151654128
470634226
706018425
751626094
315506598
136633955
72781779
262032115
673988976
945730378
895092606
383916676
193851778
894189609
703587993
832452985
752421299
467215575
757364427
389183
36168591
327309173
545521200
201970797
574250396
814673639
701577107
323809623
895661834
878944207
644520014
680636250
948116354
586460829
145570283
611062398
92697494
123249972
76536720
986902158
742630485
620551280
995172549
51505932
515816751
383438957
532740837
851982113
639616657
782814262
975725963
106265755
188525997
640055758
876529456
410646380
170876012
343657961
869699453
545521200
188525997
137692613
805323725
681015026
848832037
571063735
547400120
928800643
893116180
415731756
748268193
43811997
654834264
987509020
14024745
162465827
533795984
731020509
137675545
759664171
669197653
121044376
183478967
751626094
178308004
182925751
115358787
688489024
691728451
32334248
722141279
771989641
431603419
612199962
305933948
117413724
754736385
537353663
246066990
109528425
114959383
771989641
865384055
319965047
428052880
179734253
9023745
943820291
321013261
112118938
94248593
186581888
915620846
661845682
410646380
738312673
568073254
509024413
45498103
980494857
251811667
728192229
311625715
463600467
990753838
552322759
651281764
93172754
855315205
3211087
298071059
829094621
763764732
698203258
460782851
707159985
964442856
378241243
51639172
808383469
338437731
737469056
68307994
102447293
339723860
528879193
1813947
673581667
682281619
628871221
903631670
135884725
645119199
229715019
919906222
847859329
832004990
340087966
567344886
106550386
775208903
248691475
102902436
943525778
853407623
133184812
476012076
883063621
246015739
912954787
173560211
992244787
140698077
982646072
75782007
62126501
852712850
901434933
981181563
523794143
537033350
547064290
503689636
800819659
278067165
582251867
320496651
973848384
854255154
589299667
64135910
611460452
337646551
816128859
976866724
60653187
116078215
135884725
263447046
288579558
657188063
895092606
561526205
685904320
484092110
272640077
528361382
492065401
857834580
919670471
89272657
107679591
419186897
749706229
214740346
934927654
23605902
233593860
336302670
990481687
52677604
648519516
475673350
655842463
277980681
355374725
440633638
966368827
578019672
163397118
497783505
881971906
728723052
437437894
947244223
905171619
608231608
404511437
989894101
78053803
634215801
635304893
997486660
960374720
253182595
942661814
49434671
687628533
269004010
107281051
23605902
636267335
110148376
639616657
834346477
715435717
684910176
986442819
707549200
795302637
460331525
788736621
374705592
538671125
743711114
522246073
876192836
519411072
390197912
572161493
962612585
932832283
57677747
10032951
302345659
653783551
319965047
854049898
134959724
116940799
211097417
950091546
362340053
262726295
301043831
525775082
715232262
814232232
824622243
819694914
182925751
555776094
977331273
993065613
870743722
947078221
471369533
