228930334
118236952
935813184
148280002
992139426
331783389
245402047
44127528
541953664
438630222
182246908
776857832
479364504
680644928
891782408
844321232
55953322
176809864
451026953
954720112
729198015
264044714
705887983
491414668
728392260
608455596
408298514
496289565
286886901
114405441
121436528
171276784
708174787
457719725
423769697
859104559
424019967
849249071
539989949
426844410
855610582
112813817
285926487
383920399
280389788
402731002
712873160
321317918
990878252
553686716
204759244
821728307
625097359
566150249
371367641
801400079
33951740
751573453
889069820
913390381
624247697
160134265
50734894
991543154
489819096
355457333
600071200
970581160
177813318
281446894
5482085
337500884
173157078
369706349
647124876
20826469
990878252
926364867
423978281
95359075
31411309
34885168
813674856
583904179
418719576
888441379
726981763
639764346
369217287
749499078
386502753
523710509
435897914
934271255
912557931
322394623
677536850
480095443
447854565
343363052
72109965
378307371
451704496
166453362
684083768
688524511
898100721
465596022
333792083
288558202
623820841
312316882
660814169
638278914
116954262
398388522
439908600
74527564
751635944
589320438
236514266
84899271
444163106
325819440
827261181
443939700
868921718
993636639
531206671
633103113
374906200
94212906
231861493
300377967
139173037
837484838
883251318
758197189
298776087
84744582
814023070
717962055
380570025
39532988
525280070
149716295
636187289
303899853
373390150
935896995
203809431
250154168
7694823
250094515
226877884
238507816
167296961
516286192
507645809
201346533
797850177
148136173
37675457
976161710
264940763
92610805
521011517
158162982
593643898
101023135
923314998
253711255
779237829
257719801
14343632
80947543
292885546
235239437
454467988
490030195
779869556
107924475
355894967
847544061
965815614
887428290
434179234
239314811
372801165
832696252
244286046
65681927
974214905
241845945
798721812
100188259
972593300
565203375
238249337
488237132
37029073
52125489
548500682
110131465
361305912
730948619
977204225
326766182
878487143
614326084
611258439
508577978
228662244
725368123
17815274
39991731
766678167
832318234
985832522
859513498
7531910
917390715
734637786
627637392
559110113
518090069
558074050
408628603
405115570
87021364
522232381
440160107
24374736
342647480
433824552
884792004
781385567
850421281
684528230
102457694
14051034
126222195
145424611
374906200
481245415
398128102
678243290
812880593
347466982
235025078
737875044
272224549
867598022
108965297
187337894
103921332
165578375
809856795
861418364
473805823
427199111
412493806
490402033
344113980
974290506
156999991
122623922
540382571
313881007
721817753
87545473
99945548
141280975
688284552
4045774
159649951
660718482
406101022
583059823
772914948
852292761
635581970
938650944
800817295
646523084
102101666
757770072
645266721
260057003
150011865
736437894
515098208
262317724
130761646
348406987
885488225
164500407
370860014
683639981
905690173
776373144
98275717
933271195
261903106
210288713
996740500
131552888
571367599
601269594
327835363
679728621
392883908
317880016
860744470
427820349
365144884
946269007
457653039
941368362
236678792
263120608
517202729
263081309
793720400
703112778
331783389
367661479
446817355
551610006
666305413
64058911
613364401
200009171
768246
857450298
535728066
205456496
234887033
955119059
156078275
240587005
563627498
970786810
538431714
124323228
81083519
335071809
801466488
545186555
754572220
45032597
214151694
492603658
608811800
738742816
976486969
76015058
595315753
929371459
699764889
159480190
225433950
537661448
96197
180368764
876503647
731173449
488291485
28524705
210288713
128789470
415417549
836107097
428319958
725076351
694216796
561719192
587311871
522060931
690757950
604589974
628564346
269701899
406247244
341270476
735423719
722752069
506356945
207273216
638585799
690251204
594383689
996093191
514164905
770900475
190704824
88065363
708742158
224805760
311300834
241948392
793978534
749639916
783026336
622512660
578124081
762479681
443459124
656346142
868985369
461553810
592826040
156581764
967487960
361065972
434537076
969951145
214883361
371259045
541198706
791830257
445789516
707226932
750669401
85479665
358844221
229568498
378620657
155262977
160268204
806518313
656915397
400529591
148280002
797128593
173566738
121858321
160134265
371676743
190924064
665392054
219290397
361478403
954175161
335583615
884200693
76568575
696668177
964029485
232024037
3413954
263305424
727669460
960964524
403615819
472434307
959226640
852797165
16728057
3320852
643741597
376942941
263081309
792377726
298299707
735831495
539129408
308399771
644787605
836329139
88367344
555818811
154720099
281885770
88564557
572082522
961235247
787814127
255653553
624630611
385785056
386544906
634785125
903865667
213593786
981259952
820893056
855294042
311857365
516286192
223039089
979030211
644351441
372583246
885849531
622456190
401914397
987424538
537732715
598697194
223086735
563324886
817248634
394335307
712081933
141092476
326354022
395705000
605105426
5519300
960888413
135134127
666054208
432100732
959634864
551229766
607255416
471735461
141230380
421081454
900046705
877489786
310255494
887428290
832823791
182580743
786985901
806065048
720402194
552464301
630007130
757183741
250932848
357924542
382961825
231220837
84181503
38558951
256701258
285180899
990698083
802216597
77763385
62099826
37421458
449338195
291593466
731479487
956900304
238069699
473112110
31994081
315780123
759332499
291169185
734002008
304211758
972512428
584700019
370756685
264933662
202483770
133749009
968990681
242963273
63151430
211361196
490030195
363778786
953897511
233970921
482031535
784634043
866911811
986754771
482511181
191676829
835264587
950501763
475582514
456995239
917580449
312238785
126379321
609693528
104596126
939689988
904510689
481026807
430640019
8165963
834422723
546060228
60602902
436162159
629249406
242421111
131552888
505515327
670025329
819073863
454940521
550109652
426809738
73616617
824141279
869245570
631710870
44099839
806769643
390266647
13283975
586724339
672367965
685841688
226948551
493699187
934904188
103249130
834373261
255860688
853602857
674593412
87152772
170849733
750233184
240587005
543025081
837200660
54089197
676565405
111004316
89961551
695994164
341941935
226070282
752435022
536402526
441568539
884792004
833883689
732967172
30671299
90878741
98400287
71335362
770608654
826100390
66774174
81856853
730390317
834373261
131029107
640861657
364280939
58932159
998809788
378910206
774664915
180787353
794282447
306633983
311321253
475668827
4045774
276642615
675229239
572769803
270965296
131811657
914020495
815110045
522919181
454423995
821086388
986573140
861417830
930135261
810967662
851413275
742181589
66927183
552132398
230120429
178986555
567896298
665392054
774664915
110214501
615659039
6286751
345633826
518915700
965629456
280191704
725219477
19556688
719018514
239315035
393515920
447073298
259486019
104297098
692544788
555352771
800032016
784587771
78190719
876059006
6111390
68244965
227364749
486607801
379567309
130987717
833655156
19505571
909605770
907838273
166493202
373390150
701545888
25327051
950965776
875860316
798839970
747288006
860955588
711274207
932913934
335235859
339456041
692675413
36041180
638946251
268015682
217571090
40708336
28328045
360168013
667401759
168708345
495821731
545771916
627747935
43757376
57791054
940354645
552132398
828389098
999904946
524779017
42644587
923796460
175570037
639025710
323790108
957102040
127222410
865318686
190672300
849285949
176809864
692827212
391680109
83928370
432100732
968673335
114432409
647583262
981259952
854008625
411467401
601269594
445988353
856334216
460818582
765649921
309689160
423055727
217925004
10439600
672856852
937971388
581186151
394705813
573520683
774399999
509411875
433090275
626041256
900559494
491824079
718706383
878044593
282917864
85805445
319058929
436613071
533992853
53506831
543449923
611436995
883679639
192197475
747923681
287615395
174659839
586724339
607638166
527895141
2037164
782485266
510552094
705784647
100031751
512705694
547226626
808842752
852535689
64588690
851086601
903865667
236132571
174182695
590598871
812099445
279326478
734558447
237133152
801478268
378307371
535112429
50028795
975932633
83788239
471149147
359559248
185443906
292144426
101111843
866108986
409879785
471120465
626214297
720886942
762322519
739437914
161850259
328545216
543781109
819377780
300377967
175753678
525872485
808496194
768745413
50653017
362230183
426435497
761758236
316497515
323038280
436961083
949626629
931251849
546060228
666705477
292568656
945235933
114432409
278276116
599068954
649285356
40332417
419938443
145299452
239211556
368687628
660002585
93815984
460818582
181439632
345880161
144957258
673141168
551037578
777967687
553383201
231303704
281625044
389299472
989916823
279687388
857067088
125545193
33546823
755948482
732967172
598126104
700159617
114148673
499882091
559110113
865350085
877262936
799296145
492982070
284471730
302628543
555883624
482219278
100360003
246705120
35593043
154836117
993126356
421163734
322674267
466846588
235549534
238249337
479594368
917621462
529363551
168708345
681257336
165423225
983444303
546476486
597647684
432821888
159030520
395168838
803221370
28842097
43314809
552464301
675342925
888441379
716204967
512354672
500076309
605845738
460899863
733781780
515661060
139584513
219247575
80484106
391937997
49388900
983315306
929239886
507319108
202196405
493972531
160344211
680477430
308759747
519286853
244674476
759984350
759984350
92880621
393421908
321121395
439184912
603855055
384528903
334672858
469804658
815543780
336271323
38208341
31990599
71628817
932695809
536279287
21813899
392487946
361065972
357389049
871536033
313235384
496542735
756642583
769413307
188542956
566738065
908743927
195167632
153857822
792253769
859513498
500313295
476050673
980753322
687907890
480242528
314294595
797618931
618396100
267621911
838384867
377452753
14946954
288193962
454423995
955833436
631462774
699019279
452938534
36561163
707631126
270965296
502485702
442067138
549348596
253782882
49388900
772914948
518405948
733345119
180716689
854008625
286191526
103249130
457844314
306501107
221926588
159030520
66255955
651987933
772914948
628413256
923582464
958814070
959278505
633286340
337362666
157288178
315984435
239602588
847757306
789846564
25788134
336717586
295266397
212766094
192494695
657127255
689637691
941773405
789621167
811355810
668860591
776843920
361759908
367831532
926116424
190169935
207924494
751561159
208651991
820240814
513905723
565203375
254975097
993670526
972033930
844321232
279078482
702986738
794282447
444625385
602878355
172194955
439698941
23954114
936615405
319839003
410509491
524958370
324501660
286246190
169136821
556731487
148890944
534740203
955665785
492154449
275227724
862104689
473617381
983700340
722402372
465169056
757601202
633733367
151056688
991912320
478753417
934388065
525829367
755036905
8526218
150484479
95325229
763153618
929081821
563563500
898388340
366620236
258078286
507720201
972535822
964752528
714899042
167837232
563750228
904072309
58396536
930421371
397339662
921141181
845087061
758051388
459226624
371676743
687859871
313076030
705218380
569167180
283951702
211213299
625853971
727786502
87626335
769907646
702199840
234662628
350724666
378620657
11061235
12082460
314072095
433354892
628706556
245402047
359559248
597127507
838384867
11004825
497997255
35684046
565251040
224246157
92708508
498994318
469583099
506112026
531206671
695614742
643741597
191724333
152399713
537661448
858395782
724077024
981928450
181754777
710450944
966286539
831458979
774604568
633286340
339655232
643741597
857892831
769009152
373390150
964886794
543449923
34229294
596371927
547082715
543781109
443834867
483937012
403503132
332558583
976781997
760654700
372583246
693129785
873469661
260582803
588235311
591502207
955665785
165232181
90049433
789013701
678452539
323263139
656180428
21952053
414370968
343795600
328545216
385675471
929955604
904239955
268988327
344453300
332558583
840353147
703935856
585628479
189798515
14923684
582934329
292993067
952104482
987445858
638408952
588235311
813741816
47846617
813267085
584345593
223452818
621748624
478241402
1482984
637820351
867355437
959226640
171762506
895562618
713128157
28739567
686834026
306377506
961632237
977465902
383677972
740794368
10354774
964300615
21949557
583059823
227758088
113927568
345341893
827932514
369936269
270289669
857707865
233315340
609489535
102084225
483486085
524958370
418608212
741595256
84744582
321550902
577205449
585327816
389483208
861286462
216589914
581594839
806769643
638850910
468300640
655284913
279980210
96436283
316728551
659017107
729230302
819904864
123937329
323790108
617507962
461942964
14343632
831250499
226877884
87626335
539989949
786060441
558593076
70796390
254460987
553523219
285779212
949538664
214091827
381863102
565162206
731397172
529363551
855103988
976458768
346833838
930613817
125498754
888717658
882543041
736301340
373390150
857349072
328740013
923008481
519563956
769729951
337156263
903724699
505515327
587311871
599997717
220224826
620570082
569855471
959148985
953617118
601824417
760824151
83201808
334390245
315847587
115362516
665032198
809375593
903395889
605011142
468439295
359166724
831236878
112452456
428809979
30379199
30228520
520726359
961534156
807844167
735478591
708742158
46003294
586724339
751561159
486702764
878611921
110131465
237675676
85985603
215376701
504618298
565882605
906923661
925202641
378993978
946997612
74527564
938674001
376923888
559043594
458136664
263930373
657918629
1092395
769009152
537732715
81273521
13533306
524356547
738245016
88367344
476660073
622789281
622541055
734978001
19337329
882185242
990339083
848263867
281446894
226699467
209666002
772458328
285926487
534579644
186123830
775805969
106026740
918709706
921251662
740330579
797758977
443262010
429389218
902885253
304260110
787595205
382800755
868207245
937168173
117729602
562942308
593710507
568186864
56606784
874243896
91412944
47532559
383532773
689498567
796490860
92274118
417772537
130733349
44863801
14009798
453799615
307512254
356514533
600516892
382802026
407635798
640338338
712973999
623679954
707226932
83653929
990815455
577608504
957756225
280389788
819611275
417889733
57182411
995125570
161929653
652263346
628564346
697542062
710111910
294033445
377764484
488855454
713846571
209935658
878161647
721777770
72050434
146489701
480159833
905580804
116529856
705648160
787031662
805762033
2234091
848816886
726276727
54483062
28739567
136588634
636694201
218022617
181624416
553686716
917861129
382653743
91121811
593697877
259486019
202291182
381369363
302672473
853785852
362664288
266575001
756361914
963698021
4045774
938169301
880337910
771394402
119858423
145911837
747644719
70285041
128077143
820042539
767554658
960478826
77937225
306320702
875476621
429936159
584387329
557407793
159948559
353697100
917302103
827528225
502177667
781781054
66482792
708658437
351396909
104027648
295445996
290812725
903395889
850635852
281593213
935896995
598126104
275716940
511462489
595291161
375392081
766207437
660959735
626399156
807041727
878351671
289823489
153531907
791787386
872775490
904137090
201564602
625939701
424269132
378392642
846402670
840741090
422931937
76568575
170849733
61054037
899848659
195167632
148152938
979030211
760151699
537708159
525260792
422008590
127315473
451787428
93306427
16904870
607431971
486202600
87446431
312921758
498509159
928105243
227831286
302956682
508336044
795839667
535306781
266874573
860096968
95611629
238507816
319907362
658871859
134748364
305098776
526916735
403503132
122924313
517830270
33454845
425284933
359559248
142646368
951382544
266355199
769572798
519243359
847185776
379093080
287112879
25956926
570024688
901538997
800770003
220827500
717216484
83068448
502877582
424934599
45222968
491556687
686520421
839612535
794613758
522232381
170720590
489547965
144488845
621402949
878351671
75305340
899640878
268820709
957601586
121016722
220224826
299821782
570184897
775059129
904287460
326684054
760573294
10703088
222560779
316497515
182953973
504124933
603969699
234176298
796815638
280979588
432821888
597749415
469607001
713229475
662814666
368925945
15160845
651825375
850787551
832961920
147445380
280068997
629987860
565455188
495139608
187555865
549629258
129065595
155315360
24761288
715602529
564247975
883462012
179725213
872359320
261209312
778601006
253417912
1482984
552616945
739366387
628215699
866505700
514602844
354691945
798750883
102457694
695614742
529607594
683306935
124540946
475582514
240242141
808624925
734387701
650447447
969393015
697360982
439646529
141092476
49036201
465938484
958447072
547696464
299392120
726442460
490817830
953222179
660959735
824020653
363989393
843722962
71039906
480332442
303942955
689329339
752839026
286886901
336223961
299392120
74642868
130987717
976458768
613737971
699265576
548108888
569855471
6286751
944497994
276561510
162432935
772364611
894837904
793197290
845497937
413227546
165665598
866038051
582934329
670553473
804847165
977295114
215895800
707226932
870121206
427199111
651219084
452256157
246278348
92274118
260057003
860149440
726677023
155185097
101550610
433208709
322570707
399057822
884467018
502279086
502279086
578881482
702997298
643741597
251301992
136350050
857644211
764402468
410368744
877801853
151845785
789482382
299392120
850991847
822993363
752878204
68374136
805905957
808007548
693757307
975025881
600218713
239016558
885053921
449508542
218050805
955294595
64866933
493129322
486001218
998736379
506112026
747703363
640861657
438382719
434338919
330339886
469960071
484745551
274475650
126448585
318332993
939787046
134579986
218389314
528450944
193344978
678700449
584988463
5519300
835622337
240242141
52760393
161098581
737608552
688348414
436613071
566366018
606148008
133027818
296880505
637218636
469633113
91015020
221455055
386385571
595208719
144795480
688348414
626222921
60563867
869332685
703192670
903627448
960256059
335235859
984794212
940982426
840584564
37441235
73616617
587804411
59251910
347699519
92610805
976094530
506612780
822438454
8702147
241479256
180368764
139584513
146245376
365631796
652763844
141230752
845969304
327625968
293769710
874243896
645323601
891521689
333086374
690534115
784429438
154632219
559868985
278501029
345006086
912089737
799610714
845035565
8702147
574364224
800634944
265306539
736094486
61369315
414370968
474712343
774676996
606381363
906689990
277950914
739437914
198159370
985360727
858658967
930116809
784634043
428246923
459226624
647905577
61168910
103268271
839896906
604547201
294519167
179914853
582077901
658237464
936976343
612503962
862104689
977025601
527408991
867598022
604289586
955107819
542551921
409454709
729807410
769252071
160977637
931694291
915566099
950501763
303626820
632524130
473279076
277321223
64290200
696852931
199918124
129845499
5234672
737591134
334462948
363778786
859466282
511736179
447660295
615795038
67689077
39349453
714027274
44545124
783648994
828250762
722918330
369377292
854100313
595208719
809046061
309092992
203529675
978035145
90878741
571384466
576405252
550236895
828339956
343284489
694216796
547696464
78854726
277321223
785031876
450934319
851183413
237461663
763438750
628909882
279863132
728735137
250290421
693683206
16390904
740904048
960478826
402220058
604642873
674705344
961223743
592711397
813925940
70285041
76125459
838842590
981478215
802111080
385553756
70916469
368397255
392610843
708376618
335613766
149716295
875160878
36100479
209935658
602079602
602589357
581007947
614179053
483040284
973949934
197448878
611690901
576624610
398388522
153896735
244837628
173699937
667177683
133371855
483546736
477668834
609748375
4402929
96088584
422382295
799296145
650234528
54904248
310347123
602819777
192855297
126036958
687734610
194709743
858246387
436162159
974137836
567830345
779326273
370697582
837579758
699407384
511393304
198499229
339637633
234253294
246169598
111360713
722002505
29619029
582077901
837358040
845358124
365313622
357502117
539449326
318162754
732915607
161416474
737591134
798839970
96797660
224711175
777788381
219130319
535728066
375692733
758929400
814841549
981478215
420036470
310825697
44026492
502388115
592941260
767554658
192494695
702790110
918675975
107464713
899848659
3548291
224711175
858616316
610438821
974891370
918229384
867057587
532743117
271514633
874419280
380348524
222000594
550236895
241343896
66083208
232202271
275227724
742181589
40708336
470795129
784587771
985161742
411318019
121858321
392487946
651368667
13748259
722402372
580326934
9354851
753427337
60513499
723346092
26810077
257378928
322868481
711106441
678408555
269517351
40388295
77030512
358410888
765447601
821262062
95890849
735176794
270305497
397007845
504912423
506612780
150359218
631231705
322039853
328922976
240660929
222620989
518405948
836125605
883379493
930394180
285926487
979410575
885317270
170058122
445789516
344453300
895099847
787814127
726589649
292686046
18025509
737013277
382503332
401257233
938674001
220959612
652263346
846323914
218731744
248240567
934837214
158876548
97741031
334672858
90352568
699398090
184439641
539085835
875476621
785789138
495664082
915404124
725931243
777967687
995739742
259360142
736995593
441351715
49388900
682537031
664248281
632080511
14686615
635445800
400474419
105362552
798750883
452997352
900991525
683652808
166141483
463802520
768913407
451198811
965202843
893101297
461127695
142152346
235087325
23954114
774077642
876754452
76934798
283200579
933117549
785789138
751033213
720135084
231000189
146689697
497655322
280641791
937221897
99018816
140357370
320298263
742584711
783492643
61168910
956610084
959226640
882468319
642555059
735912531
521679040
261094694
880845846
271790112
129475149
898027390
692753873
398809077
305635767
867252857
258773431
752839026
429178726
644946017
705066221
372092964
853718237
947597938
641545709
607942350
14522334
608154827
940131568
572883346
168919665
863301049
206906446
746697143
443939700
824714767
434871503
400263133
174492037
749856210
601824417
843276385
63993550
276015422
106836365
152470918
771590795
713229475
648814310
928842862
731558571
454940521
500313295
602930054
419220035
171519095
717962055
229923092
833200960
940609877
757029361
851183413
293967912
619463335
30977281
390054044
534721736
896766321
863172043
846442463
717216484
983662702
84181503
986358362
181754777
813098454
642875973
484990341
535112429
977624663
345880161
100610406
474712343
257262951
437826501
124857286
347466982
614579785
230786657
289341780
136490362
608248456
297431498
786787483
405703623
310255494
215070338
747186244
1226779
752591685
625097359
240587005
128931823
300889003
693635036
327055712
582469382
428562756
515854744
582500747
419986347
140113259
96248769
332834893
559299052
250932848
813098454
344519034
137077896
598697194
171701058
45870618
477383704
320398830
263678360
500972615
594837168
651516236
185923392
367661479
311642334
587550869
96632407
790917147
889313331
106836365
145801524
866754294
252669587
40189327
46768949
652627184
443262010
593725704
159948559
304954320
359559248
384739708
182521889
159459331
731915022
785406552
804467685
962295063
484629615
973658147
904893615
114148673
886349638
830248828
99622816
410368744
813485604
613026365
977295114
338705175
224246157
354719077
964752528
864793865
296485953
434375816
290761523
117294217
541557234
532531479
750731240
438977739
464414459
390151117
909453819
605378166
747267768
797836821
576315198
537529567
555794651
745054129
958814070
279162461
448084922
877489786
645398497
158644616
125850195
195495718
619608041
219964412
267414082
617921009
991133573
921289476
995827826
857892831
324381875
903640811
890258959
929474443
763153618
50562115
387638485
33730613
420886455
522232381
103268271
22364232
427538027
325102499
551610006
353970433
8386897
616855498
669057095
482825229
537445273
210441596
410179907
12898878
754153396
52559122
839612535
156520057
101111843
541557234
230068971
254019074
231457664
327021824
165857377
843394004
816244123
107464713
768227797
206550217
797286486
399713447
33454845
53226936
509616999
607639923
797469080
247536480
412097174
304187949
213763079
81678296
217249482
684083768
925880652
275887621
865080020
368660879
791406041
400078088
241845945
516914458
467939989
64058911
550552258
257262951
332418649
636582588
803296306
928918444
596238095
796877816
990815455
686316272
120652593
21391938
338357243
714646459
461127695
390697967
327319889
866911811
331783389
410620304
75910622
622789281
792076130
276642615
227314345
43601111
827126224
749267708
383532773
443633540
968673335
510804618
647124876
843934517
254926069
144488845
422008590
900991525
755080296
9148769
217409131
804733462
432392741
882907708
588100724
112860920
953848709
455301154
309009768
392487946
320554557
839841043
170566075
654438608
783995296
209666002
449047475
920828704
536824463
346833838
243475093
574124651
827733445
950424530
316955659
56998839
910960095
309689160
868985369
483288709
991133573
698184577
253417912
737034579
204583351
142012951
756382112
594185009
918526587
60354263
422008590
727367220
143161265
526690733
748491264
11604377
932260457
898953991
829912484
27565279
371367641
187923132
309764443
942404999
121332446
353495483
926799689
484674799
610438821
832499304
790726451
777788381
182235742
194955763
335356186
148890944
314228144
210441596
232842101
826209943
666305413
532531479
536104587
916472249
597647684
143898175
582077901
471568938
603572026
637820321
632795256
85157373
957484236
111674164
290664749
374756916
679889563
305563476
85825923
176332186
363158261
591334744
603635
800441917
245534645
375809727
787595205
727111856
601099449
239314811
447515575
683879680
158022534
387353923
402530518
65362543
983957277
682281810
735655777
883765204
847100400
628215699
540382571
468739165
142527055
745054129
624630611
460528873
779237829
977513938
152797658
753811584
650359004
796815638
479310856
446525925
58572322
607800274
555130043
626984454
115362516
973860950
743812967
460623352
400695967
944535975
414240269
465280619
587410026
516463618
83347312
694642108
222000594
458878864
808889547
774196550
118500835
672082140
50807363
654088293
631831821
382800755
761117006
892813419
149781155
614326084
149809146
999351859
91928931
749902072
255533992
494850150
397209263
704298926
383860090
82561767
699119587
423266364
964752528
334154600
481596333
803955940
914149023
135743782
769549639
918310734
568669292
533626873
635657090
780498812
591690915
502685636
348683330
408368598
976261906
84899271
638080642
29151256
958447072
910388177
963814659
956610084
544309263
479364504
888051075
254200926
784310142
506880653
523419931
308299561
654769508
101556414
473019975
632236455
583202882
637583906
524201216
19225641
714027274
846365273
638834702
650257775
541953664
530447655
669205506
698249273
526160736
625158357
104027648
696772242
710536968
597590476
491117323
154934650
920975504
847529994
480631318
452309081
33951740
871062405
446590045
645776558
169408848
292497119
36757832
698114693
834522659
681542926
98400287
289343224
187337894
585974655
60732860
52365566
589887902
295141977
160734922
651987933
697542062
878161647
447040599
361463426
453799615
122623922
865318686
870752261
116679555
376860531
784634043
412768498
382503332
847380686
48360310
823389068
583636905
777485005
289215985
73543206
388742631
750138701
460454127
904207537
381886878
82664129
689248281
546390440
894229556
956981044
417772537
999189822
276113231
883153913
161098581
615659039
183898725
164318817
37421458
958325506
168498666
900122790
55784558
361478403
244837628
236006769
232408757
920975504
363458624
26493026
774758207
535728066
921610443
995125570
143161265
366047311
116273619
298929669
12262066
643404124
241845945
149315481
344911543
123239049
166874287
952404461
44670329
333863643
630672970
605703837
414960635
995822238
331126189
111090319
803805973
187393856
586603973
85985603
270689561
922105628
326684054
855770467
728517595
502388115
913212122
484051291
584102139
382653743
868579424
382802026
456713347
912546795
697076933
69995330
564806038
70925108
330339886
11996685
240006684
521276418
107198774
617830946
291156925
244569658
39134526
475021855
123524913
837364116
711274207
74642868
105557455
538843495
70055677
45736833
616752557
204441948
376435756
256480421
353864562
283533647
251379609
294858201
887554756
182797418
789218206
338282509
925659087
673502472
548490036
296365744
242240570
590774326
90878741
862311976
982929335
209904295
665392054
222000594
741876403
62446319
215114439
428487550
653913300
245728156
37029073
192494695
765482083
31411309
577379965
184695374
337430047
439825682
548187864
624496431
94515283
897204839
439646529
105314949
728392260
987222167
903365513
806065048
487350205
743304693
283633991
247476149
669725134
285529952
532901587
755331835
356238967
8208343
188385478
453086503
102457694
651987933
58351587
898225306
130216227
914952726
208011222
177406468
535728066
826938151
35450807
159030520
379747209
551350411
950675367
668925700
407742645
396540740
196388976
904034241
975932633
575763750
934388065
455597085
238249337
207572441
499938823
735819157
230966011
497218291
52760393
941639879
46768949
750141615
300694449
966644657
763606651
34274460
306071343
479938724
655841488
202770390
523304998
184112302
320298263
575763750
292686046
704875069
301095929
758419269
191215576
532743117
8388081
287390937
541454966
67689077
858152872
283200579
893874045
957756225
693757307
556856814
687814539
449769983
236099511
3966443
549629258
678884965
798721812
527895141
882907708
404510122
664114790
560704771
555818811
279116779
933198763
32092805
946269007
678700449
869245570
912932906
307294736
300855239
180134486
763153618
953222179
765570512
534579644
14009798
919359423
373271072
344113980
524779017
239735771
573520683
614222879
130987717
61686315
453298847
847333133
806350728
32721154
419556263
805038488
176399916
701150588
287112879
742505453
594551421
482413224
496150330
42659141
853176174
481245415
657467319
199918124
118551896
964305903
401429222
141467456
693683206
192197475
200929841
188156556
711106441
934388065
593801910
798991265
399713447
250154168
334853083
610644613
490727378
908024478
510804618
147289325
409297813
53438599
586084339
644946017
379665645
701824576
128358216
791406041
72860392
457844314
245534645
921325118
64642296
707943409
885849531
354719077
61168910
241845945
117511066
266141934
939917821
991543154
722949320
55543266
166874287
279076468
438051425
282410133
658099021
997369679
807231328
753997948
367768154
16574179
409835314
675872494
128789470
701895409
441568539
311642334
405115570
837794331
650359004
288975980
610149707
972512428
303942955
954175161
64588690
826911330
44915901
792363380
227445535
450421067
450808092
277268783
818975230
512246946
402842912
714485951
608696908
399675420
451704496
936459843
586040035
56288482
966644657
268487376
48768706
595067003
464942523
882491885
227480782
397333654
942713393
114520842
126129219
631710870
37633437
60241549
237029535
987313622
998298171
371259045
282410133
232408757
572032281
626496382
419513063
149315481
183253942
59479612
641518682
371892124
786876888
722402372
674875823
338357243
395533812
215114439
975025881
331260348
336717586
684981373
577439349
541865364
677705905
843934517
595067003
830248828
442067138
881386305
572656029
288397150
416278518
699920022
274249525
708891527
943390789
645142554
453908659
825687772
873469661
262714499
192558317
400002714
563826829
374292571
519587524
539449326
800969675
467000921
832430112
404928879
253155293
670553473
79281459
776857832
423055727
775321852
181567896
667763028
990339083
960256059
498464087
932260457
601099449
744510073
533095941
755518956
232948357
501924515
820926387
632338680
934271255
328156408
308559638
345633826
385675471
176350853
133196908
99409796
597749415
922276338
200177759
209092279
113638185
616878419
918104057
485144198
200591212
752001918
132415090
972965750
934671636
503766128
50495486
246169598
516376553
354283267
315594226
619578040
412858028
204148046
705354291
63950576
878417109
44349161
135960124
847544061
622247004
831458979
589619319
365487845
690339641
565974668
753647333
860573558
422008590
783335154
469416008
367783069
451488771
169819914
993285087
399306480
943579449
164318817
89555642
398243723
356048875
926214937
893540132
798721812
20273399
762762692
686593028
262317724
795159206
694529355
64284227
973451150
609489535
177473363
115116088
822328070
833661892
739981589
770940518
97431519
620254611
92316239
592804749
896285014
12082460
150630687
111596476
754572220
417059761
576321917
748635866
636424237
389299472
749639916
726140283
279116779
238069699
847417624
804557941
650234528
152231714
523419931
539683428
461493424
826496797
251160421
890987432
468534570
538774727
234523082
434871503
613869562
423456588
218422799
121735724
895562618
249043726
33809714
231096150
742855921
306377506
811994205
779121016
571384466
222074705
310149505
340110617
494806705
63604205
6904409
779869556
82736398
325351530
285104487
776843920
492319324
939689988
820042539
658685100
445415885
399416479
765546919
481026807
606381363
160984159
103249130
505850630
637820321
174449732
362815348
570250180
44127528
666305413
199003174
191911999
433657064
59405914
340936720
45343252
149716295
64388166
510744043
953669738
417059761
36384177
237713674
445026277
214829667
644421467
298201690
290516641
607431971
807734822
506356945
826209943
468870404
524356547
393548859
457136912
486858324
224644549
52760393
427439505
676093071
953733173
152589184
84563183
852775070
103249130
601366474
4045774
127222410
921820908
764949684
936459843
592695577
80005274
144333523
129179837
248740553
523908269
715349563
305037384
24761288
989077213
234662628
642095056
188234002
524600319
580422852
178470010
736121329
770362911
252492705
68354679
91714300
618904488
310752476
865350085
855036783
932119718
311532045
78026090
907936389
283874949
512015998
722402372
50537194
745054129
754190908
213143830
17479165
242118110
566738065
467447053
363778786
596238095
859244156
163959402
885053921
72773043
458071291
558593076
696089205
675342925
880337910
929636827
594551421
12082460
734764260
14009798
137285306
923087567
697209054
119013785
812448919
995640967
602613610
191140642
982239780
805762033
241948392
762551878
862104689
118401769
792918563
748543226
358693721
218558664
263120608
52559122
614854851
488855454
789263311
866108986
522955258
849909557
780297548
421372238
580326934
718136128
447812565
96218721
315099403
288789758
648640252
719018514
690757950
924044200
515756285
495475527
323038280
999385980
179268364
377424753
967552584
234176298
310752476
756521426
457151759
343458725
41046605
642555059
275489544
751291961
826100390
162437377
403503132
619258374
726677023
512904682
216330511
199555183
865627481
985128698
588482339
729784012
697898784
574723218
503489737
149126997
591160163
815314792
774479319
68972944
685091472
349347268
54089197
806780358
463135747
902568397
134298332
602741304
307073564
955787810
714918560
107324683
171566469
526959883
689905729
924035398
184702822
992791011
54216205
881691901
918781043
30015517
985620488
64948511
589887902
386281321
873601947
667573694
159892627
837252977
409142237
841668517
857644211
523583540
47958273
561097512
240886583
484051291
715233604
829458277
282410133
601721824
910116971
621493888
656888203
689684444
586986234
783995296
499938823
644649778
291214973
136557506
8165963
727384746
753313298
899423940
308031345
52365566
272080174
776373144
448630125
826911330
394705813
817419160
894817547
718706383
470012691
525705363
375809727
916032764
721132340
101980888
408713837
199823747
335071809
282772711
463989654
31853422
584387329
181539493
265652805
80309196
730011304
400756550
690142525
83015366
946051681
734978001
417964207
175570037
414145550
376637314
203057707
784114746
147098591
712081933
778323696
980280908
243308477
989219332
330801379
279577227
59599456
27442220
814684835
295583405
233882135
327423885
91075084
685883808
181439632
674122732
620689919
555130043
375467876
997870967
192084178
464163352
536892375
991716528
898100721
100610406
873108342
747802348
103778530
418219499
486702764
731173449
264281624
594837168
764717087
503224810
279078482
452263180
739981589
658520992
488086275
332418649
489547965
45194002
452309081
643741597
482364545
321121395
308559638
792639113
758419269
818633251
120211473
788623223
821728307
75604587
494422844
844091533
822891021
574454702
261094694
246193650
210441596
148678828
607942350
466408475
621863016
116273619
942022533
938263164
299105899
650786308
733573288
581071319
565882605
503428094
838668910
519243359
837225075
855508548
493972531
959442806
219391593
930421371
200687481
394012768
706372829
590307583
952501272
841975895
834522659
796490860
598287195
228662244
594024288
563004632
557831059
116954262
263120608
593447678
779606359
112844776
781385567
99346881
803513543
440198912
31580356
762910802
762310800
449508542
661528679
110456734
12082460
934639579
891219046
490379080
566611292
601941983
218731744
116954262
840584564
618210373
212423652
95234234
382653743
361061516
646754592
681711617
375125168
900607478
807844167
855770467
613127188
53051193
993670526
944278771
577608504
991370176
312751335
243949370
205382801
741876403
390054044
635929624
516173100
918781043
576796713
888801406
385553756
621899515
822673473
537151800
683026551
260759842
72626473
387253346
738742816
400871515
66361702
499794796
445620364
343938670
169238061
936910732
463913257
625747165
832696252
516376553
901838997
341171292
108435482
757640795
703935856
345160711
380246718
746809566
537639316
684528230
671664403
414106732
189476235
150675803
959194717
129264727
641352372
583257695
434039782
916109701
86695004
161790395
500406405
641488271
309689160
991912320
758197189
514334455
964886794
200177759
922276338
943964741
605378166
483546736
114148673
621493888
191676829
156581764
55784558
214978062
711960550
315780123
693500689
271273629
865350085
628909882
199823747
149139465
571232713
858395782
801678573
855770467
901838997
635788927
758929400
782757155
910132736
838180781
446184517
217858715
490030195
668001322
304751187
184298063
172360677
265554092
392721851
869581262
308064298
694642108
804847165
524129460
186514051
293278834
316497515
262280720
498637313
987466228
976722979
217925004
730123729
206862768
743992887
212563755
62157107
990276033
652612849
971035472
919738707
499621779
255592355
863150888
22329454
236514266
459919775
222808864
565974668
746151414
801263709
356819306
628590348
790413247
500719775
849661714
726276727
258234412
128086458
200462320
751070185
261094694
203298110
247048061
576111505
631462774
942998802
70503293
542318679
264632998
312238785
317793041
506880653
527457277
993823087
248025956
967534279
175689469
494949763
729648879
172194955
980753322
314875524
972143887
365487845
107489022
940266
411895129
337681373
414527640
756521426
810599483
883462012
461854800
44668318
898240506
517408777
697076933
979075398
100219869
73616617
965348630
301877213
902088228
604847930
207572441
273346517
325468521
856900316
101556414
350115733
63201997
966984782
228116875
873108342
695762712
981989653
778946303
748302483
543449923
547696464
739063879
89722417
523841702
59006137
741325400
459854325
28524705
371000816
934820772
344701559
589146131
302320908
258910789
82067950
506880653
383532773
510175609
445950128
304767155
811429562
996464506
266050170
136588634
516573699
672856852
280547272
181183850
416073214
589619319
113766291
208791827
597127507
118277247
553671218
308064298
953566806
339536258
638080642
894472304
954352144
76852792
294519167
319058929
947875579
203529675
356156619
397831266
158468012
925844750
323790108
655119321
411813391
358707899
673316634
72626473
976112247
909947703
441239117
482120979
565974668
73547657
315188021
63362431
438215688
642290862
962165800
580957292
720929979
141948249
494225840
418299875
248419464
233882135
792253769
737774992
362486208
558259699
85157373
733472886
431856759
206550217
508201864
92880621
739981589
506038476
881062162
837484838
908811468
591690915
907104073
442546971
678700449
95788402
30015517
523389920
239117616
287882088
432493452
600736081
478367014
873877927
323790108
80005274
503976780
199918124
335948549
681188171
786707139
780693313
824714767
463135747
35714535
386144249
394740136
213399491
904893615
743812967
218652809
929636827
937886336
453278945
325468521
33809714
568841484
435250353
500674801
397007845
529994964
97843477
915993390
655218105
118277247
223039089
21565808
850787551
377947535
10458406
612146739
967884163
327021824
178986555
533167077
807844167
147963227
530564340
811286045
43042567
317475930
602857376
548813971
151495601
867138011
17878703
116954262
849029492
847185776
477940935
959924544
100966904
31509212
184695374
795716805
722918330
736390409
952404461
856533079
332359472
222499574
818518113
485714937
626644551
73290505
584518414
288364280
249639266
499277363
205862244
414960635
476295210
93815984
136588634
751128768
624496431
856900316
581689132
697960207
340936720
707636711
583316857
792377726
670553473
687428301
441068393
592804749
546611316
856820503
197308219
459226624
308399771
660613438
996496393
39877217
601366474
95213894
777745243
959697134
274624369
680644928
456986293
118432867
445700469
423135794
390054044
41549672
275136767
382503332
546668737
176399916
877967257
83653929
821427604
623355449
908743927
146363214
137204112
950005356
457948335
261769215
653913300
610755756
657467319
974137836
569046365
678243290
691061623
658206163
350072316
263103978
964752528
541026085
411158132
148890944
431826079
160984159
605703837
514164905
724240247
153896735
343938670
32645293
336717586
474466524
693804519
593447678
360713807
716222142
50028795
363158261
332770925
998679156
53226936
946051681
221045349
442968232
58037815
532442413
322039853
987764012
245300419
855366285
592316242
643895349
543449923
216197343
706098135
255294823
199216222
769729951
930162196
834517720
251974184
686185171
299821782
480332442
395705000
854116342
9491914
615864652
503976780
143367148
904771311
755331835
602930054
787348041
948098032
373592469
486100319
260254441
828339956
585203782
782276371
177530660
125420267
426139596
976829599
911231024
907400322
624496431
203809431
216722811
752591685
568087259
180020769
438382719
1107812
233970921
857769557
220424275
90623809
952216105
505641203
267484519
844866433
894817547
357048147
982929335
552331454
88928218
565455188
742181589
815428312
408845860
58638484
33410710
376923888
794282447
316497515
235476963
309964857
237424798
311021096
834422723
659792115
951711024
269169172
494375440
861965076
491960404
977250466
533934243
600409891
736686671
292737213
384242466
873108342
647054616
843722962
403503132
896838628
295929777
655281135
857707865
105723956
364599347
926257307
847757306
110742517
249399320
777423687
816092767
846580784
488130748
700334579
76015058
762322519
484745551
375609164
218240906
112706284
448084922
147214891
825617765
327625968
963237765
286123067
232842101
783645371
432821888
790863060
488444467
66316403
431575915
847185776
177813318
258576210
999174952
936980089
813674856
116604705
72295771
345980803
105945198
795522955
368125640
778601006
982426760
796877816
169748060
319839003
469583099
584736355
238592101
346604621
134748364
408218779
282926604
191606653
673927077
426640836
619080352
31853422
792076130
657918629
183118803
880591696
939151988
153083442
360896141
792918563
263930373
589146131
227314345
121172480
52428397
499938823
720135084
372583246
769413307
565882605
784634043
891130670
522955258
862787418
601941983
741595256
438883291
884263050
281314551
870008684
442067138
214091827
533398245
186338858
21565808
820585069
613059079
995827826
65907485
831545206
16779012
314072095
191044037
328545216
643404124
157288178
406247244
715183102
335356186
204583351
913600073
635612044
956252541
512015998
78476802
138987110
952610796
419220035
919359423
248419464
504912423
448291126
449508542
510804618
923546732
299392120
153857822
309898472
746382399
816902307
112142575
308759747
985161742
317475930
633459617
940266
438977739
254460987
442642312
824020653
855103988
716253437
950209872
219290397
399713447
644380272
330079054
854963357
255026631
108249993
240886583
311532045
422580699
885594610
20826469
49388900
911233555
308759747
560926692
73762224
758610582
713435788
740134806
620689919
135633199
244569658
385785056
69375336
83928370
152231714
106052159
2996607
959634864
683808558
757083063
945774482
587712886
194254341
432536734
69689071
121172480
396286027
712973999
788623223
876616202
326766182
164457681
795159206
520425006
574966102
931008799
27367503
388007859
767801547
468300640
672480039
548108888
613886772
38208341
71191544
922977705
841426710
978841139
50415054
317965278
328156408
246948368
119895896
240660929
393882527
294815887
434375816
76852792
574364224
955833436
621368000
51996216
190672300
625939701
334853083
198416052
511462489
983208230
481988848
69689071
656835467
503224810
184695374
141092476
118997009
907779289
662814666
21990848
34054058
929955604
549110807
585964751
972512428
527869228
560341637
729198015
520859905
636130111
525684357
275136767
974818481
365144884
51989888
193670288
484414414
694922861
856900316
432821888
819904864
257262951
167069802
641104439
359244654
928470241
333610144
699764889
678131301
684981373
444573055
390054044
925491228
271869448
386744906
936178129
778253502
410839789
11289472
255114951
661741188
649610998
138478129
151367516
920386255
579370145
233438269
719955352
191911999
646368378
651219084
165423225
667097282
42644587
737186638
933853466
57905064
601099449
8397838
38960994
422008590
851983799
107389623
795839667
127931657
590598871
407168304
827571678
261903106
615109440
354509406
996875690
279687388
967901820
394949869
826732360
524958370
871249362
790564419
227001679
280641791
611169169
287112879
735478591
163909764
594551421
359986336
612266296
722608482
989036328
534721736
793813956
26611920
286521161
915969669
591531373
557279484
325157740
839018561
803120203
977025601
872239855
284192800
623292184
390859176
738195691
722279687
805233218
385553756
94648689
693892559
577439349
141986379
739201847
742584711
663240069
515027961
82525902
195401807
503765603
816378250
261094694
129264727
308581654
900607478
250098462
173192391
541953664
621748624
564792618
83347312
550552258
429333844
345341893
670025329
866374877
223182573
351100292
366582496
873108342
670801552
880845846
21391938
988255793
503824225
283385456
922596246
416863800
564466800
672551358
690991212
860045331
559315550
681383320
474279633
385287913
433208709
118551896
464163352
730607714
432039266
835819034
841319746
113191783
584736355
943674171
381135231
946494339
234523082
138102611
783648994
467708882
768459986
739201847
932001781
652944059
518988267
928377624
852703512
477327953
859865429
949626629
73179739
859104559
999775187
286112430
796995941
611258439
845802166
656369665
56582305
720135084
701150588
548637803
808889547
712721201
850051407
641104439
907069672
41046605
516173100
497010027
654769508
611336053
380348524
66728092
253155293
612325740
986689054
492603658
932941931
36041180
261903106
894472304
834786734
477810573
287390937
113766291
725626615
885317270
218527497
457653039
368660879
325351530
705141332
282984773
754239084
659017107
424396753
119303838
329448818
361305912
438883291
714646459
204690028
672367965
185710687
36315704
312125301
398276199
786876888
93244276
961762266
699019279
35167318
450723128
499070404
788889387
40017241
77582926
72918342
42876236
25488999
770276285
828972177
225919188
498994318
29091961
117294217
606445193
217409131
653559241
891382916
953897511
418903917
945235933
445559768
445415885
210288713
29619029
146489701
757774235
301095929
652263346
942404999
403503132
497360350
525963613
541267982
782955012
343458725
261521621
651368667
879370200
986943939
787595205
943390789
959030582
823389068
26611920
601675605
424813108
821623558
362815348
518273156
473351195
650130943
446816572
283874949
40585256
110507507
668553948
987940969
960634829
376309146
442224031
715183102
42204380
880135417
823389068
655560913
554648763
376656146
498941078
416893905
293769710
510175609
44670329
480332442
866505700
860744470
728447022
99680254
796448859
842997175
358765291
446864334
971844942
448871484
950781864
876503647
402052346
200009171
356369581
8702147
26399065
980423847
650257775
448084922
489668373
879516817
618182495
534579644
769970865
48406026
793197290
576796713
89820874
248419464
241456240
29619029
111596476
806339183
807844167
950247948
612015259
748543226
398388522
782757155
257894954
499277363
281625044
272080174
388189697
125281094
461393087
518597961
566353382
327879236
565300720
841426710
784429438
796152758
954352144
143100087
747186244
965040435
782757155
974421421
157886641
797598736
658595518
826100390
680923434
787612974
405138663
975025881
542680707
848816886
403896849
365487845
605989939
967977564
380288327
651833607
371367641
823023778
397339662
50725153
910532708
703808518
403896849
998981867
472389308
766448839
125370478
315513633
637583906
884850299
666999197
605105426
110456734
853585270
976929604
678700449
486855241
270502214
675948008
304211758
529741259
43916795
384178029
589887902
626380226
543449923
806554895
711513313
151617538
761799427
962295063
775454798
464011436
208942279
206168893
34885168
819377780
434537076
355262323
287390937
497506889
235239437
367896393
283603309
364087972
666339787
429811808
720929979
734985551
745471855
19108812
333553031
318025078
851300519
854963357
970423414
257486355
685294907
120887631
51134156
891030935
854270065
399162741
176809864
726589649
723580805
352521458
383238194
617723312
40227989
86117629
114809551
433177020
429924801
382369847
762479681
687676947
149126997
881512278
487470329
618904488
949028493
331517753
883043955
325468521
832961920
51282021
822673473
196151050
616764679
658595518
905184116
428701630
126576038
799057606
412493806
235126958
641545709
926039325
400098194
572212212
652763844
388222096
395705000
830356415
943978853
311084390
547696464
468870404
813267085
902988805
979070562
616123380
261423961
748543226
169408848
201295916
737508744
178470010
69995330
612405561
325157740
495691786
299005087
173566738
535210602
199330803
922276338
953222179
535185869
97307827
572157570
122739697
803120203
185443906
288553852
577876455
548108888
775646717
43509479
525714543
390488853
685614778
521618857
153719748
524201216
646368378
652263346
680923434
443262010
889218608
690186146
449047475
29481289
590725245
882468319
553258387
772587277
805328041
395239138
934110532
923502133
135405082
377947535
938419484
254112201
811722148
989772751
906990929
77030512
240156305
563641938
851983799
724996079
397707464
215114439
228043899
871537294
302835806
252836590
383137396
420886455
694529355
485331689
118997009
223039089
893540132
169334557
851413275
127709471
231889258
855740753
882837977
951382544
404698517
311597046
214829667
786876888
598126104
277110437
618396100
537177716
852797165
379665645
542685699
943978853
205661577
129543508
82162193
297431498
508084770
325468521
525963613
3719316
392433269
575682167
634785125
488086275
986495040
810013151
495139608
303626820
18504854
170566075
877967257
583672352
496757033
859513498
928729806
938858093
737083802
994810846
127378243
555076124
601941983
273039240
303597641
847185776
302628543
148453819
391463717
228877661
149809146
329234777
900607478
418853341
34885168
115362516
573989264
82816341
347225543
813359835
651219084
512750525
28305118
104967483
545240004
465728684
550895201
125498754
743426770
400263133
638585799
880164010
191215576
31086533
335560664
756681138
136350050
370516009
337283388
662999973
642606495
840741090
299163972
516802570
45179229
496542735
898027390
7699078
151354549
330028121
57364446
528018222
286521161
215114439
382653743
223574103
548908911
209935658
952904495
392583308
926591536
894547874
505018198
302533751
638278914
694131743
541739111
121332446
554420183
851983799
930867778
73179739
141092476
12763554
208086262
981025629
899848659
632338680
338750666
583316857
974672353
137077896
583059823
479310856
990013855
779951619
226396813
203529675
2519851
387565312
492603658
770847901
222095029
225653097
386744906
821426364
745224618
587152012
207205258
486876859
260254441
940545021
700733996
538774727
177813318
280068997
164140835
318363109
975538702
288558202
283200579
533626873
239814309
587032190
78548213
933171237
124246922
690018339
486855241
518214282
3898997
656744934
205513169
856334216
649548537
379206138
406768453
992105345
417964207
750141615
285206814
241479256
644019799
923796460
949373525
104415355
34885168
71191544
737591134
536482800
389483208
856900316
901095430
535377384
275783943
402731002
81856853
102806287
6111390
532901587
166141483
822669799
243314479
185316056
531042485
262317724
856436543
355511443
491625899
283922117
185817038
493718135
82816341
947597938
390405112
762910802
203057707
859244156
181929736
157288178
185316056
617507962
333397598
112302076
384108962
679437785
671332133
715349563
147214891
976458768
198125713
244094391
798839970
932913934
501860915
937886336
223712617
214447649
101556414
263081309
870486419
275407133
951303399
82736398
526959883
518523252
555426285
834753916
641545709
86430003
450934319
271869448
684083768
969831659
906586341
650653233
778018858
218747660
986943939
365727925
18628283
376435756
65225301
729230302
645675925
222620989
317475930
717100534
571965445
444625385
902217066
421771819
833463596
255592355
788889387
37075100
332321249
429473414
373271072
35450807
887286111
924542789
50415054
529585138
222788787
174750244
948830567
325063412
436934190
947504368
477733694
181021853
64514849
633034256
766318371
644649778
379206138
321317918
95603516
287863924
745470758
187988664
420215280
137410520
942817396
796877816
41142741
443459124
672181610
636694201
708710029
959687320
826542074
463387196
952753377
847446224
106197003
448380241
775321852
460869556
747186244
626496382
288789758
477055057
800032016
171357352
804047885
452588937
974818481
441724704
332616092
91408893
770068689
930613817
937565755
505515327
462123516
62273958
299946208
336768475
734129430
959442806
687868214
673076475
507946175
88773879
390054044
277616623
111674164
574761137
119173929
654438608
887352854
213142023
203367265
376942941
36561163
191911999
908743927
382503332
77924434
26889453
97146572
88185952
585307439
555533058
928377624
117457812
874427375
522232381
448871484
26025491
518597961
75935957
510744043
899423940
991716528
815543780
691774112
341572468
988738011
947359248
287759438
715183102
773640113
522852251
272658097
376942941
78974061
407103435
399057822
276867789
119113370
79293684
499070404
254267949
993670526
384838110
19686426
842637317
592695577
879597019
160615704
88438973
762020931
669603747
964029485
857892831
772587277
378993978
359109716
641864138
137888083
144588555
338480642
321042707
58682075
754693388
444432710
