528839958
680455002
95716281
483854024
99464378
407590290
947335974
607842393
869454990
687121199
704206190
218723800
525935335
480572034
751600637
204140348
618096596
794591814
282744080
496458994
671686528
500714698
371895689
91368595
268432360
707965861
679212985
789424421
629516864
546873656
11590346
632963063
628102281
273398398
161887665
16008874
124816203
596709546
639697619
642943666
877289983
390590648
835974535
106179483
960711915
911743897
77745689
689536360
230528891
443878972
427465353
883006808
238103858
260603413
317934382
728180519
598781752
612258204
926154733
797290647
350905778
62515913
220829265
895628687
153528926
854227499
626307989
775684804
558333295
548601832
894094564
781865028
826168420
416436768
195993261
404272763
828469010
280072663
947369394
131759192
25255724
802067665
366939447
854023931
562893599
255734078
248194653
804133710
789946417
330215090
452533430
974425951
602235152
163848627
230630857
718870565
891616584
176912742
703040091
517883737
565329223
95521269
403559754
609248574
993205903
766025183
549417416
479407043
11395410
801168318
190337211
3726673
507716420
715333182
335222949
46389348
248843258
161433190
732970027
929254259
70298173
299380788
259253423
688708623
221581410
14929160
432327228
12453779
565984464
287283951
569429991
449299066
462905401
255178447
462734419
728041572
878271640
289449703
214942129
405968135
824708155
588102134
964776124
973429666
506027660
528993231
949361882
269072915
914499301
241234172
886149917
59538204
768880514
800630365
305800508
664652724
620261054
353771739
557292763
997497763
757791524
997304779
605313631
180529628
709142254
918052622
867503933
15207989
984750388
309968546
588478543
783178051
891745653
638860531
475182675
655015234
707444528
850782234
976526416
617724492
637182613
980481922
701213893
571331197
546342848
162698169
459453095
329726888
597962653
338114806
946147633
393613489
288971916
262508796
496963239
500299588
838742985
20123460
182357252
683651050
111655908
739011988
848031057
357810429
86061196
302566719
822911746
660824830
748917316
707721996
970502140
74792260
502343087
911892166
857362387
725970642
926959840
334303281
241910688
999240864
216745754
986282239
132172319
86925922
824919689
524003966
381885313
688854813
73418250
653563552
135993211
487788
146155088
885914045
52116290
583375053
819677633
181041925
423776412
682388385
630756676
57421099
289276765
766866524
899975225
650416375
786918756
659744436
35426937
626930247
907581074
457368313
126664387
917245966
90539276
816181296
749123751
43308818
533444349
891489752
874344766
90974216
372172836
526723906
995773072
220829265
498165003
319570471
478204650
635766714
931346989
342937444
7380081
542028467
181677810
655341412
835031229
789802661
857820435
760908087
678252433
685370622
612882157
202187551
819677633
160072865
589159987
860301641
94758176
966508628
786299204
137179306
594631084
292837912
953970119
350090952
588002204
355225148
846482906
663159597
200190963
920718406
640278986
313568144
653770155
896092328
455957975
471892044
418692108
131975478
217164915
818576182
760378703
886149917
271757833
569769367
933198650
256072619
681963145
484639086
878807839
681175822
825655965
130233705
614200212
182142504
641905391
700989586
2272699
834365413
771133190
849740801
578196257
790409002
195599467
604299751
512446312
66997345
217640390
980554020
937473646
9618922
99990606
719502887
797214076
461556755
287180989
469711481
794915860
108001918
895628687
351379598
171210078
733717374
84883455
726618099
724603957
892256720
845109617
94466439
840330887
223759477
144983923
429651181
633396577
962056625
471054513
772788317
796725596
96313933
825264122
112020667
622250761
469413678
934268059
708072194
124945714
240199293
547051809
270753824
199530240
652852914
548901778
606038956
590900657
957685866
798977341
746962369
865147662
678252433
36126013
427636103
403559754
423114065
702362191
921404569
702414752
516558134
726461165
378046820
608713535
615946342
855656618
404965693
190692156
615946342
304667143
900940435
357496397
408173087
105688709
738595890
440268924
615550184
130602262
124519906
786092521
636239625
801558927
90265128
156431899
643612321
190630322
670885274
31671206
703781994
447377083
977319872
87271742
722950796
415734550
879885547
266513656
800413462
551578212
50471542
373812796
389345008
197045899
774405089
433372743
475837487
260726086
401795746
775428281
763617933
502343087
666588334
948265060
647788096
612487430
621000225
275958961
186519147
640278986
218987204
12158748
321594740
717783404
547502178
896619684
275958961
319918608
440107524
472346257
820095385
32180573
679212985
715496883
427260381
260553460
256502506
21365668
253086442
637162866
709912483
233060128
814525176
100521725
331024358
214582491
232992490
142625336
526651674
248194653
894965464
171489190
185206491
479003945
594288123
925765276
486177207
426106950
146224103
432910508
450984045
566699325
749258906
494149946
447786464
72315131
26566497
720277640
314480395
39503204
223738788
21142612
387600896
573085369
94342958
883548638
234147982
190462166
33998060
631648725
729629482
623527070
537862124
641251767
906247304
823692300
906101500
102480707
991735609
371279534
741953121
304642074
116801116
557140416
725850002
298186249
33946119
431389067
96204436
918481325
509077249
832443532
198785014
108753526
365628549
599918975
348429846
530948119
163176388
264564226
710248120
310939723
214977731
255828057
115188985
62927991
166183580
83063976
654941638
207614736
526388176
263032636
923287881
303864746
762591670
120269205
647051083
540857867
399461342
441889411
873404310
69236154
544081911
4922689
696575418
83132880
665192095
989808163
333721964
937110355
40910072
303417534
7925397
864733414
920718406
418625605
186240683
986282239
148714463
985774326
700627317
307129495
961779409
648447214
225095757
572147325
141195414
678753819
122349761
179801106
289484529
324702448
624619818
977423177
390129413
124972728
145779171
221331683
99532372
214002741
681666235
607080535
391614147
563484098
555520341
100446483
785651047
3726673
477771961
897832681
921318237
34453643
796555967
599092121
665202572
460564705
558385503
31671206
203281405
76958227
864553099
201061489
61937766
771359864
733442790
775428281
783949378
214505166
97958271
717474205
661245300
767370741
260926118
601669633
245438472
14233652
231759029
550887181
905948784
401004027
820095385
83568457
969587624
103862210
662691040
613671150
470017382
184453497
976390295
593186387
726618099
760225165
804223950
136427255
48605630
377928144
795541292
425776656
57214294
635766714
452357383
825527667
470328047
755178442
874523786
827211598
687921579
678549010
264488521
592344640
227696685
172491254
328407408
950201049
565329223
597962653
75048042
487788
907146802
301625261
64509379
607071857
515644626
222129227
173069902
720928555
212660176
770816830
60950677
248605209
735127257
623311128
476169009
857780322
739251870
668287104
349161820
78211594
777708854
288627093
444496811
967758321
447786464
700776852
991087106
995059336
691993831
829129240
508978562
637336509
788766572
989182753
357923212
972196833
415123948
30147896
397894344
815680254
557991231
109469007
584348390
736355334
62492448
966262992
133822306
478512681
354902169
694251705
349661522
188752159
893140879
843061621
740560956
866819019
526514816
818455401
173744291
251715098
867575666
182357252
388600501
58468116
864173569
384430657
187271242
80997501
904219586
496424593
623842000
66997345
835536127
90663566
124892198
335487497
889325470
815822748
268897367
467473966
760083882
744900820
363006298
416759766
656768627
932459291
51333213
261504698
18953547
256609681
820855843
961985087
668098922
969820928
617405043
186240683
776695819
700853789
709142254
975098681
396006294
548395389
544503428
317454710
892630258
892578353
404777196
431797672
382011236
939553829
909509929
751056726
533578697
433939516
714277501
504613679
940813645
465977360
876797325
13218445
11348380
614038454
878725560
565190678
244667985
493156783
670306512
162698169
205774792
508930986
657236260
146336992
534045657
733741234
590900657
430066038
151142524
706688495
29669343
46720966
844626526
102356795
385314769
696153420
521448480
890507067
946569126
801638312
229903606
158042382
164947091
515331949
397762555
227308345
596709546
80919792
679969014
485646697
121799701
750556869
741832486
822752336
253132451
810954438
553092812
879079276
866093672
648970853
912583796
779516008
654111180
737256348
830572353
544503428
639561406
947950248
238459013
610077110
779993439
17509494
720003979
555229142
470908372
508674703
859264604
437876206
588240664
383561896
278069487
707603134
563901049
607080535
606677105
326984888
5646562
361241939
985774326
391294329
521031375
547743511
119861524
283494581
63236830
512553679
57421099
115188985
505605705
865048355
362400922
263659626
627948562
777428549
682388385
862527937
151142524
263850472
967758321
606393635
4833217
939053346
960281242
719421353
219835739
567526679
596026414
847871096
180182690
200000085
205688598
868314377
61047900
625963256
970502140
378563414
361945101
622286528
774650079
561519308
136427255
960382611
694562300
982662618
599373399
74661054
412443093
548718440
504053466
639031405
861168936
640495133
311406228
311502198
420808869
590150401
496662865
876310854
415905278
432910508
38319590
456771969
206882871
32759620
945487215
160622274
836341963
660957122
223738788
581772882
910222952
332343490
204140348
491606661
472518110
696575418
940046008
247770485
677952623
972563290
804017112
479743055
958677527
477771961
121151990
900592885
572439433
788138812
945632622
906917564
74281883
5243285
460058370
726365298
583845296
939406507
931822030
474484830
153528926
657375115
790678823
594022504
526868952
797290647
473828929
409963437
747796586
370745101
538801491
600183432
685211721
890371290
705875547
698642748
349878107
8249996
785158928
853295529
284938985
204923248
328804776
674200913
361372971
865937354
655986318
330263283
422392179
841863331
940813645
337609060
525619782
123030630
175151489
778524427
845922051
851421329
304400332
560591515
171984617
680030660
910534101
522124439
632965680
326723082
61047900
481907765
573363186
684365693
727458138
818828446
391272843
185206491
402701295
705755276
274590701
349878107
334852336
218083631
710653337
154133356
202359796
446984043
700088867
169877500
370958685
86694997
920606602
186519147
675578346
349196038
524662689
689161708
464301130
456126874
344744656
176323285
165678498
264393315
293716107
138817292
922463742
978195729
758020361
566248615
893258028
856162776
6447837
464187078
599683717
200666058
463467967
143188344
736108942
248683554
922404519
231138823
796766816
378046820
171880995
917553736
673755617
356519409
985004564
133423455
203185791
733936940
641251767
86142730
434070278
614038454
455195854
704279695
370396344
190273965
510113948
394410992
969410610
354902169
538608354
874523786
465977360
330552622
658772298
688708623
159008667
11646714
713969621
767370741
802964273
296569168
43512105
623527070
763931114
873640609
687558209
345816210
798475369
884869392
86925922
56621222
302742929
567416123
8785787
144891394
659704458
257853016
430055053
956236892
397987541
729336057
929828851
811291456
69475968
494508631
831017275
217348404
896547637
632965680
356519409
106372038
607938740
64200868
851239199
394410992
444024423
603011250
620261054
792056763
652426412
565404266
531933424
969168235
220081810
508536855
568421251
63714741
149857178
647078802
407014451
976526416
581840171
788377193
992971253
607125161
23144707
28794824
373328043
556814889
619655967
851187957
890868798
843388609
522536423
21822307
886651126
576936856
297853101
112421808
29327584
317004519
652426412
171210078
346823881
182587717
985573789
743879190
914733052
517428623
502217447
267742119
4037692
865461478
157810947
14233652
910456846
168620413
552991997
874845678
976940556
816181296
57800089
195774684
386491825
334232272
619045079
613076281
488469812
23196908
963482063
538147268
874523786
639894587
954689539
535646863
421542187
951433050
717915235
913541319
943193339
260052069
132872259
410750020
22106247
214582491
825852122
277613892
788396446
294472081
643390447
436152926
24322994
367815776
753538225
426792280
990938688
935105511
848243779
343729022
634620613
136367043
826002875
470017382
560019996
374857561
609899311
943550032
89701936
907761340
591572355
956910454
843395759
627541384
204585740
998751780
160841464
288464036
496305145
685023023
344458428
62133662
979489974
600895631
189884845
804627395
233782902
597165053
678696033
619384825
441178115
493931158
597885421
197175632
263406502
59918756
673022478
787818139
347497334
260553460
753455737
842545447
371166401
40262222
331792000
116140751
866819019
506969738
499996271
556931857
658139699
202359796
850438917
425928833
734780246
123210628
77142858
38972931
712280112
561769020
733936940
325829601
64308923
327636015
285338926
952873975
412345389
55181953
541598270
256147397
835536127
250684599
647821635
932714457
626128538
148299599
273150392
776688380
673443726
286634917
994659385
598409160
176777845
20399603
147108700
174091789
404193324
966831272
536930476
302738830
68925147
974693635
293401670
717306706
893671139
780172954
139061200
836341963
570697934
56801970
256159483
756160488
645723082
331272769
416068079
865345086
978538220
284938985
487365292
294050713
865658031
502122308
731140434
508251493
414111291
141203251
801298642
920804825
268897367
350905778
457645093
173678687
158359517
990316719
173421316
225513352
52853565
38319590
737192267
6371646
717099658
756518644
817978478
412345389
238273981
631422078
736179523
291335919
550250568
511522917
930214019
834399804
42848858
688708623
535682117
406749348
92124829
983292234
494508631
427836282
19122878
293937050
895628687
872233513
412659641
187165489
248959735
52116290
119473493
75193544
877463860
790322848
433879286
38124503
944649657
889672109
631118888
605456763
525317285
841139992
887023865
458570846
642782375
136294310
956015872
503126766
218797858
165599123
692095002
153084060
121002101
698269273
457138417
888785656
239702150
35330594
12398407
720137004
305674011
926754987
389287419
958803277
232992490
461406353
288971916
197843324
208195071
569335695
361100884
465897321
216620845
348266618
772268163
225466338
318669531
771133190
766912056
451563616
226979061
707212054
668706925
396483069
589687130
274727141
28623832
906737683
554539839
292053437
434262905
619518597
981781735
532412974
574823355
442659488
33998060
700853789
853833549
173678687
569948417
235093943
545405057
812256560
989475933
725231584
287473079
361518869
292995396
423587731
668287104
16765083
684536076
538801491
802361715
261353739
828648694
983818229
91676463
811263899
703862364
813469675
198088073
703040091
709651505
313439980
647884003
537185688
241956291
627290039
908196187
895357
842452149
150342616
162113794
315354201
813329710
499776960
493232191
666942285
517742784
635179294
24032969
912315056
416989224
529970869
259461295
311502198
122482838
928301103
231138823
283970880
496666615
478696235
598596581
839244921
168298435
549505468
499695696
877680829
467295572
288083354
470716651
999199317
452533430
315918439
236597755
294278828
197843324
791442327
809258431
256995857
637233539
931140755
792416847
216745754
936654087
383512397
844818987
895177561
85909824
985207446
332179979
596026414
681799900
756518644
781723774
581022464
469905075
39241427
253340094
990316719
511520966
793611342
580983501
524321313
864357154
690626358
502343087
55684511
630320939
166916752
404193324
227308345
510113948
59764101
33780726
350905778
856591920
52853565
864640967
484472143
355560982
232016255
97846430
759985071
67967479
80163436
358489685
11733627
558668691
962056625
189474336
187438737
58708495
79264149
513520705
737767238
857966380
492598012
643807636
372956780
217063968
254632298
959339669
102878797
710028583
441178115
25330219
103472196
486749209
192959846
550534162
847055637
48282497
826809984
432520335
333896832
587427638
46359372
200000085
757791524
391614147
840237425
399046849
169707805
725679374
776026388
567255404
743148543
43679232
435432609
526830070
632824832
311048202
867607954
386334240
741485591
302817973
937345254
308271325
517136354
966831272
929421236
601091286
139061200
324203817
995059336
416525265
492784562
903329133
930350151
437761036
717848371
801867456
137014615
886755200
823170531
513786855
111453109
547743511
896934382
345328048
246744126
41030158
333615720
636100642
553383773
420977761
339634523
756160488
864115234
780487431
316596537
896272004
67126971
254871656
151755231
104609099
532235983
520362232
428434417
375682851
769762390
152463999
310667242
385826103
117684438
966831272
890268102
902761921
953441615
729964741
814236514
540572541
414655712
732928552
125646329
1353030
119821442
949985987
917931595
887023865
429171098
573662116
577658758
340760292
159146168
539472826
313840523
46634937
326042615
402919533
737324893
163848627
611302578
422699614
43643163
652763179
431136955
861981687
735355326
777933892
226793018
601796876
272216677
987915041
340371661
79063507
31286476
607125161
19454073
16806392
179337838
4445077
336812838
343402987
866581474
799966702
836216935
731001610
434520845
611720925
554258261
693034364
267086487
908867445
873559933
730796547
214837111
679830051
838312755
465327828
61047900
580248830
863076076
735685132
377567404
885565397
662819115
885988137
918052622
629343607
753751842
840845286
350208015
670885274
10378445
744690169
497849836
896092328
945789158
471015270
895628687
432587381
699814694
424140833
297247154
231893708
778361113
747969032
240011530
747671840
904219586
767888389
509540913
423709770
648118987
744522378
622012214
927411150
125255398
246844794
472087426
993030395
523415399
393403014
829933010
867503933
604119534
950027778
996760344
392943657
187552070
901579026
359869071
194388578
799608631
776195232
621513582
79715120
554925041
607938740
530948119
339798055
685264419
866503015
601091286
100521725
698566527
465266472
199975307
86248442
563764900
785373953
645615610
791350435
359501715
322680075
167623275
125885356
553153464
559977034
21025695
504989701
958233079
242113122
660957122
843530594
942257842
240123364
134207270
760698213
581373733
943824188
662800712
572954591
333137830
426792280
527954224
755699746
599197783
722400439
315918439
832973091
748325464
511520966
381417472
684536076
172191572
758996387
233220707
137553195
513292212
350426933
142988546
722915686
871669966
21433043
44787790
46389348
642361162
184669119
795425349
218797858
266609386
678488875
366221506
332585031
848625916
157438007
32783988
158853214
899217770
405368811
970502140
84808588
754046365
874082300
723738509
440521820
529194148
677401652
893599330
422119760
872503446
98937182
56267245
982977330
211130975
150725839
563169725
16383910
679731210
327896401
567124618
165169573
514436777
324563738
420977761
459317897
184961579
553931056
935857899
895892448
91757530
619309898
572172167
741832486
459262219
777506903
422768548
928959151
818287894
801723846
715922830
316276592
680591667
143188344
937110355
759438090
567524692
33219328
986623997
853526407
254412239
136861649
955294156
111453109
598155615
608957607
358603333
403825722
320027333
548638707
216680737
370260868
110265600
55399703
116212730
418692108
415015822
908405389
728466234
692998819
255828057
579688194
115431192
618651285
576016885
843639581
722400439
522796159
935744374
150448512
899790579
999952411
874523786
769725746
599250443
690465946
468452191
250068157
109843721
881667994
525595009
260110534
764145220
160841464
509882412
141120139
846656843
500431608
955419658
347488521
935857899
645217404
312224991
463026182
208950871
591157430
934377199
78726213
696954143
940066294
792521324
570974354
230466716
844358548
637336509
945238101
618336030
237253256
433808123
994826609
971619391
283565973
496925134
384676082
22234288
247028809
396006294
299450790
29006458
532254247
428166901
833853965
683067053
576534829
462928444
481773520
231863569
14688929
496666615
319144983
446374886
894949529
386548431
55453282
228695393
498987487
71492164
363359057
521549260
476628701
529194148
156084606
673684713
31348093
758020361
469497501
387877018
970926384
291713323
376606834
607269622
499454539
582951111
292837912
559002671
573847938
631857075
758559182
387493741
384676082
789910299
1130220
59041958
114658040
694028840
256995857
589978780
11395410
411520865
325288851
625070871
165957818
611100605
978131437
624648161
345514592
749123751
505137450
287473079
157322332
923249018
950736013
509702487
355509542
438477722
938410127
842325018
731246902
926843063
857600226
966603008
522410737
553931056
982803931
101354225
870341490
137116356
748213254
489219542
422392179
964896673
295214768
211488966
528076267
181133686
370985585
115579901
519109759
394330019
44524679
174266611
69040130
180422121
565073508
408792554
181677810
930307549
63588606
383305764
582951111
121799701
750792185
342167794
228418627
363698882
880259836
451284612
957576963
185686829
479216648
134376475
278023582
806165994
717792949
490905184
745145521
640046548
685967223
252625549
820388488
446080738
741561915
168898928
631759666
704563620
736483202
459185219
121026462
389681215
399154925
821175331
825089788
992250855
258836816
141674909
243677483
686022806
487365292
76229785
878448827
628789411
410272794
446824967
64200868
619166812
401004027
499557358
918779673
997752267
485396980
859027787
595314666
801304926
894769781
340298059
425284198
640291194
467120932
36804804
183144734
560901747
787744364
618739410
194024862
934054950
436407312
917448548
271565855
858465131
971470906
850438917
782178360
131392929
86123872
196339642
331329493
83729855
880860182
621697362
42848858
426449678
785902646
130549508
166677922
834266583
276750318
364603899
798977341
294472081
366801809
303293745
910456846
702750729
418120669
767239263
166677922
100236370
502648263
717291479
818349856
172946625
983263469
883604231
768880514
582037831
637499214
731795878
803440437
331927278
829001025
944285019
969998190
330689849
533843508
718250586
933859391
497970567
610461239
934687832
467547450
98149031
2911420
914826995
587313526
154041974
765487649
82535522
843787821
392631247
657847705
491038110
981748572
999788550
506907692
695465443
949475085
712073277
541184559
291688816
836474977
742301412
373142323
297335772
203715094
637336509
813104790
978355025
987079976
587056170
503608815
243971826
294701781
205407179
108478883
404889214
747671840
426902976
921502072
505322949
845586657
805123858
487732512
446292714
962515079
36262426
40262222
463467967
250526690
469809112
961571308
49923129
665202572
381026857
474051755
125084927
106967412
320845301
524662689
676365962
205022080
633317675
870535182
846985870
699948390
80484296
611464096
881358614
108971588
717648901
653071634
433808123
757791524
253015006
624278290
280946583
487894041
612718633
895408457
416606398
304836345
265885837
968373872
399046849
103789131
341383632
454476581
383856223
234409587
445763771
835974535
378046820
761677118
714701887
867860544
103862210
857088550
191687774
295557601
612193577
337146070
642054479
436229562
474973749
558330609
256995857
480173747
129719743
105558306
532254247
515788584
411059553
603727496
315214334
218797858
777301840
985359170
741189328
493448038
353550326
241206479
8249996
892630258
996285118
677934409
132691606
127992348
195881133
852485528
161448597
947815565
806341676
573662116
691729825
874089079
948033574
273592103
588971813
971470906
356283141
585539276
311406228
797482301
313333759
744942429
203191950
307749186
604361045
517428623
995773072
639686132
497292794
234409587
481219311
596881254
423347105
613671150
930977539
788596206
494700018
664615696
82347912
39048199
688766166
948906390
660328766
491262462
867103888
924572109
59228884
805606237
386957318
318440095
495537699
648154229
170771764
656445386
790606304
324062252
187238609
356618449
137949203
868787141
812948161
642880115
703661569
669581448
787069908
194327011
416329063
1688328
679731210
744421955
768180136
899331078
230081934
487583674
204585740
551948063
421826654
738491018
947538789
93929559
671877628
233581997
78460619
391030531
850087624
810052605
887135504
912583796
846656843
931822030
567947486
908864377
430679214
246081450
989856779
186050197
477445127
684409548
452879547
39615873
239702150
989475933
325241193
852459308
766547184
216156089
731536757
59852334
964952669
651043781
951230689
569190071
321323239
685370622
602123020
465775096
621233006
191395880
743678132
448108421
539528602
82615818
528076267
200588655
325605002
196308654
495146988
648774925
577529332
385380500
307851626
58768515
280828070
451284612
166452572
665005998
856102532
605454671
95716281
223581780
52988856
551578212
210094821
176912742
587427638
530609032
252625549
822376703
491038110
839433981
746263717
350157517
730667545
299922885
339655119
135670471
738353314
661474936
215475993
683464580
726544535
846796444
339185319
719129360
691177157
631407424
754411160
638681509
654756857
316123879
80163436
210380615
218797858
160303264
661245300
562655875
268757719
16806392
781859702
100695199
141117786
531174264
712073277
711131036
184031647
623240315
962703117
206441019
668211772
433939516
986407947
972196833
280989205
93158159
154041974
694991278
908089050
490406165
15284675
59001216
941854697
386957318
16806392
935105511
81522592
356613883
461264575
165636923
2778198
851343751
430962208
37403025
827609056
556673289
283272308
631915516
391273954
132609488
814913749
327267282
686320790
502122308
657375115
826637125
494490269
222426665
4037692
59649900
85909824
527446557
901245079
735685132
995836860
641865951
437019663
242725070
1745209
472062658
468125712
495740926
528839958
748024042
20721355
414935687
385384869
718562689
453359298
76212915
468655775
119047914
292995396
642838392
237815939
163334942
900940435
885565397
25044799
768784627
14233652
763931114
919230926
634553659
182865027
726230207
484939320
849053186
42126761
466450167
438361264
584800065
775501104
677865772
498479299
550175455
814913749
149304681
879089806
234171247
618243709
334232272
690223698
96894254
454550351
235234808
255576212
950283518
389998523
909453922
569769367
520536212
956895595
563857254
535364753
171264229
881210347
457490852
315354201
657236260
590900657
727982419
955344490
216894981
93344499
302061956
491038110
947595711
849406459
748325464
826790046
300616913
372819203
230429823
635771252
640046548
580070921
434070278
35330594
30705615
365118535
657023463
851563167
522485382
783003881
838004439
340710506
339972946
111989428
988214715
546556528
763238165
937320355
228476585
665132131
590516256
57759707
620261054
627819936
448864269
393898777
488597825
998061782
234171247
807933458
828171078
999518365
798705836
220931676
954132135
132609488
95938826
131618487
57421099
622706871
773832610
682281639
218940071
351932305
195195045
443253419
375443098
290559540
876928106
266513656
462338765
889672109
991787277
434070278
802774053
501412611
509579244
660841223
119720779
135744687
43038776
469214008
972992088
734930586
189568766
434936420
95390738
536435019
291713323
818768199
803485720
805783204
632521409
726461165
601262483
77280279
503096427
701289373
723539339
214977731
705922155
339185319
374652235
615711045
852313745
673295861
690734191
244787902
103660993
438225133
418692108
682281639
381633062
381114050
769457737
70419394
127868646
393613489
396368782
954573206
438602095
833778978
639412691
721956086
395557800
845747911
922200298
239347222
615291918
441678330
976698415
965951722
298537672
711245003
860941844
688937343
559467193
877063377
311857379
398016888
480721737
710468393
917732814
377647616
352837351
947810686
264393315
980528469
761057138
993010984
957455915
201022369
470367932
329901383
302980221
705575717
952486045
406571648
447911129
163457788
464569682
149576369
14976332
409590162
378191310
903712627
643310394
483038204
911241753
484999038
74926823
485915772
328909802
382765422
47072650
463323862
103420390
683529077
712695948
739897786
76212915
348697885
89854646
332212776
837397097
821477893
404255261
623927205
661245300
747573757
639815705
427180590
464866350
697026070
678765721
364139958
432998850
374575290
607571017
765556941
54548767
868022988
749810189
849339246
161027631
813894377
425461727
96353504
566326237
312224991
692320317
511090423
437932264
779741672
686489713
373466360
896092328
396199051
939821849
988156830
342937444
867745885
649203322
409559858
129605707
241956291
986718098
506103948
65222339
463467967
514471726
779741672
296590602
305139718
306156954
32176947
928978951
568468256
851842046
564068197
967277416
404845070
453790475
741023531
783636393
992622687
260553460
732618851
195195045
190757701
371998788
308463625
805391037
830732211
934816883
727771269
162219033
488139869
700429381
832821844
70053579
780438787
412309109
904826191
621839794
639894587
629343607
282820779
351217924
823556504
213076381
749123751
220290176
795425349
800317697
178515772
513289552
498169305
870832449
455794828
75048042
761310788
564222166
396461789
202843059
790135228
989396341
958607633
921778061
372819203
268340972
153245052
373812796
903363035
828728523
66997345
789802661
889851829
31567141
537825110
57262564
684052513
766025183
517101126
277617918
39179536
666856220
959946726
501272657
129766623
590582891
914078937
412949279
962013123
378512586
945324111
332951730
625689380
866866513
851752140
187375538
20694051
520709873
949918805
344740085
857195458
375475886
651215380
356519409
188559857
294916183
341825274
9195093
462026869
6934853
970969723
202843059
868373729
151755231
870832449
466206746
832340755
115188985
662108309
734460122
231619603
344740085
279380119
450043996
241956291
622495533
937967242
956930616
575083086
864199892
933375445
672806103
326489933
839732119
226793018
782775022
780614927
77101720
990146520
41828393
348667083
213739712
557777784
27231257
997543752
612590678
437423564
354642306
870005681
913634199
861285648
878869607
745931081
800213074
496195503
172317350
194828628
374652235
369068474
439015646
222857017
723857303
309205044
403322222
952393273
276621076
727716746
960382611
274371141
944670518
20043413
467017690
256502506
305105446
572472960
166813176
740971366
771146191
714461148
489219542
945097707
441286147
803224223
836643836
409963437
225999761
692249457
760225165
840101384
885776968
225024034
916528952
341752566
109261637
196407699
271734532
506882215
864440880
567124618
577299523
89014303
722087733
178028169
57889203
116212730
524893650
688204882
128842053
978008549
334703071
271026599
764700970
784305815
140501120
186839432
189244209
314480395
967102431
11129059
20276334
116320157
985322010
295715319
138136937
363305726
726699647
802845852
299767465
595579309
970234091
31286476
102702981
989978338
52388379
866093672
9282555
951230689
967298015
832957677
340757725
968282729
718599511
495029989
519278457
763320421
130662616
558211028
287240472
754221589
636681455
729290824
558678419
560591515
632310551
359087263
134952088
835674799
631145341
444935098
201924074
694203607
852832018
411942818
440581929
476701449
208950871
259413619
625416212
734360703
314950379
549417416
992644082
822004197
169545355
748024042
548200645
299048497
935105511
489933154
436610296
655749501
723218056
659597703
829001025
553049534
333721964
626565747
91536853
182079346
484999038
415015822
606457093
557614337
264393315
826190118
753918922
725614608
349393703
481219311
214405467
978052831
747235203
346408906
797047119
106179483
735127257
31615565
880860182
261695489
783569769
780438787
751258079
235767980
457368313
997497763
394864799
681799900
798020531
832399883
324792206
802520642
251128073
632351650
471170382
607927898
981966151
727150159
696846842
588478543
769725746
270626483
585512228
60233402
830488602
102359041
922598633
941072462
301464228
418956109
114778050
834110861
88222095
636239625
436561835
916429521
364815122
334232272
950987937
422119760
623269655
831957919
246399246
9282555
332951730
15416994
28344706
189953124
931979268
49923129
133485508
211807667
284756227
338302465
969998190
283670770
186121817
619045079
246301545
617405043
655278390
732750210
642476767
676693939
457469107
325795692
492869497
476628701
577384560
684060411
787019627
314146491
331223657
125495222
631857075
438526301
732321687
516835298
84883455
221472849
815600281
885428690
284457001
99332970
885392292
790409002
237143221
717081077
864115234
223047958
76440879
649200026
711682015
514281739
474866383
576534829
442157699
58768515
751978879
460812252
322114503
835151807
790167067
813600845
168898928
877100340
510137994
177938982
665801535
288787272
223460927
625689380
981863173
850494142
550374458
46856061
395916809
633690600
347607826
534979816
113970015
47400161
895141050
517339448
584171982
472744223
468452191
922130658
570112008
85759704
882261278
922988202
496102817
505509141
98302685
952393273
767594782
967637851
873887278
930214019
329209825
633641899
315214334
671243993
84615456
462130392
489933154
529970869
30573252
266609386
881503251
468024918
79504040
44524679
922598633
586396693
600484016
412309109
58394603
661297852
555520341
2089453
106656604
281584721
648644043
815053950
410479166
598781752
296248508
320221668
364098951
196407699
151566172
389681215
730871653
810352722
466414947
908238072
884133677
935988267
526286364
603011250
546991588
125293988
926706302
481126145
752674894
774650079
994094547
657615213
915653260
883918948
664400971
234799083
285851266
639697619
43038776
258137122
822056544
635615614
241819284
308657083
515099097
99395455
451197897
951433050
642752070
878696756
468655775
990558599
824304554
619388729
289449703
985004564
29093436
619045079
834709741
685967223
841821795
149354233
536561654
622706871
966194577
925428504
130809751
386334240
826962686
697205861
668516053
847343934
760989284
335925273
675337717
317858978
586814135
837676266
957685866
33763716
774831864
497995721
495324327
348266618
282445284
414111291
981966151
964161225
386548431
36596224
529402582
691826363
934268059
219369401
842402345
23008866
171783274
822395297
743023128
911892166
494584707
342207944
188337029
464187078
152779860
416252833
504094399
193047877
215906872
334538496
997631360
890868798
888987257
735859845
68253509
590161374
745866070
606693531
650615078
860174769
179352754
704563620
928703521
23212102
799228533
596881254
546272180
694991278
808586021
240075889
759760257
507365282
73861826
667064195
556749238
335510387
966122256
241819284
996894294
77635108
118197065
159918449
49571237
459101605
497639028
54475784
579308829
442249565
65538880
840845286
809972599
870503948
126470612
832581963
589874923
896547637
919559504
987079976
638004517
292979124
387786630
792127438
625480327
824919689
632965680
396368782
537185688
354162890
952148696
130508678
381215273
694708432
181702484
288179126
431195945
756674593
300136145
401540175
961571308
396986020
221021513
249381132
159354100
138394670
771133190
63759076
37622727
841177553
533720310
418512819
167890599
343584004
387786719
71783928
261077477
384255875
963722083
585604901
840223929
528947286
519930097
633177215
63830793
969264345
37507872
154001032
140832940
555836804
99894090
797095044
396006294
489133622
735536445
792325063
388259989
941988378
692779725
299838040
761965373
987516810
507367852
574254412
668706925
382616348
588718198
177030323
491038110
931822030
264906495
207992884
80484296
495146988
414520629
641663569
468125712
904023094
812679627
94633809
745252380
166992649
950858458
878869607
22064250
238842247
190630322
418956109
551676337
639185369
167259145
751704336
72499032
341752566
262201722
572863086
153199305
726709421
88487988
607453064
278367756
166677922
186121817
765262311
121449824
845239799
24715172
453948823
987996917
446670691
987335834
157768518
5819332
536018623
941988378
847544257
806525264
494997456
993926883
567947486
776688380
89487778
857689607
220290176
687735832
109843721
819280327
446824967
166183580
231138823
864199892
644776805
571738589
174073522
774051542
700269784
20924412
353692236
60347297
148597896
138972800
329272915
539887639
787222467
327404610
952881637
53401135
112738677
712554272
351633639
267924867
217480511
698361344
591645965
769197889
904476041
66389325
297335772
543260963
219102932
411732699
746551266
118197065
915443130
560261102
729290824
506331068
968055945
624278290
542661780
365493101
313088210
673194769
242184988
125818527
684620118
85106681
28623832
641865951
492047924
977115515
785343278
153084060
508149786
508930986
652484533
215371705
840249857
8660860
624964382
353307594
662913706
199440456
359708247
360273837
405329643
114478888
613076281
