113
123
66
89
11
135
191
181
141
174
69
19
103
108
51
187
23
163
198
60
72
50
146
33
20
154
43
150
34
119
53
26
61
98
39
81
122
83
142
157
41
190
101
62
137
111
149
32
9
63
85
155
145
67
25
134
107
167
189
173
114
126
30
127
76
45
58
158
153
74
132
183
36
120
71
177
75
59
197
88
200
144
117
78
97
31
27
128
168
199
186
106
79
188
94
166
110
159
5
55
73
57
14
93
68
21
140
15
54
185
169
138
80
109
118
192
124
16
22
176
102
6
49
18
3
46
121
87
86
29
160
105
42
24
10
125
70
4
95
136
180
164
196
147
56
131
17
77
90
116
133
194
179
162
115
28
38
112
84
151
156
52
48
13
165
182
65
175
143
12
104
172
37
193
130
184
170
100
82
44
161
195
1
7
152
129
2
171
91
99
8
148
139
96
64
40
92
178
35
47
