1477
4945
58
1451
4300
2136
9
811
4426
2007
2825
291
3579
4582
3220
2362
3425
4803
4284
2140
233
3927
1070
2368
2926
2038
798
2477
3262
1238
436
1396
3172
981
2257
2651
1106
3919
4512
2519
1894
726
2699
3284
4183
577
2765
3368
3265
2070
218
3505
366
3960
4959
2174
4660
615
2245
2221
3214
4901
4204
4487
2415
3410
758
164
4824
4215
2339
40
4145
4912
4840
955
1743
4700
3757
1328
4670
3644
2698
609
2031
3032
1797
2573
651
4877
986
1974
344
2425
1880
4120
4011
510
2590
4553
2712
2286
2435
2670
3365
3024
1009
3998
1679
4899
830
924
4209
3956
2914
3286
1166
1827
997
1765
1285
2876
411
2869
2428
1008
307
4465
2108
3260
4914
2233
4485
4895
1922
547
948
3147
3244
4625
4364
553
3181
3217
2990
2792
4746
3664
2304
2315
2325
3713
4768
2728
2160
3643
2352
4279
2645
1056
2218
595
3637
4373
1523
1517
170
333
4310
4403
984
3343
2561
148
451
3332
3264
3881
821
3550
3667
728
4747
354
3136
1192
1860
571
330
3439
2715
3914
3957
800
4681
3354
4189
1090
2527
1312
3775
1719
1965
3524
799
2328
3669
4893
1449
1089
4657
161
584
1758
4038
3523
4653
1687
4188
1197
1778
3752
4024
1263
1059
4224
3538
4012
4703
3922
1988
2118
2943
1395
4682
1607
3962
2249
4158
1544
1019
1352
1786
4039
3802
2032
2602
2679
4874
4933
509
2818
4695
1467
237
3597
1323
1958
2284
4546
3344
1927
43
4563
4953
928
3625
958
4053
129
3545
433
2014
3892
101
4634
3319
3768
1256
3671
2863
2780
1366
2060
1707
1840
2141
3419
2327
3108
780
2726
4797
2894
1805
1215
2367
4540
4124
4025
3357
2214
3435
2797
312
3514
582
2345
2935
730
2225
1093
10
3142
2152
803
1283
3236
4015
382
1686
4727
2551
1812
1512
1516
4244
1521
1980
1789
1110
548
1621
914
4834
3811
2053
559
118
1412
3002
492
1749
4002
2443
1100
1341
2003
2365
4844
4407
4332
843
3274
969
1552
2933
336
2129
494
1466
3869
4253
4557
2472
766
1402
1899
1247
3840
4762
797
1791
3361
2921
2859
3025
4596
3386
983
1484
3790
4210
1704
2449
4923
2397
93
4707
96
149
3771
1751
1948
476
3461
4084
1838
1780
841
3031
1459
643
2760
1503
1545
1993
4528
2104
4413
894
460
604
2596
3376
168
1768
3571
4399
3418
1540
593
1868
113
2954
4771
649
3703
1230
545
863
2251
2835
4712
2115
4594
4575
2982
3101
4420
2322
3324
2504
3614
3829
4169
661
1115
4062
3592
2540
3233
3110
4135
2263
4381
1956
4830
4019
3659
1675
322
4331
2078
1344
4808
1514
2850
2209
1
1578
3969
759
3366
293
3701
3518
3336
1138
4339
3081
569
1242
49
4950
2163
3916
4269
982
311
768
3804
4499
227
4478
4259
2945
1457
646
4491
2134
1391
430
4847
603
2747
306
1144
1848
3015
4195
4236
3563
1785
1160
134
927
1930
2597
2344
2238
715
1542
2998
2875
81
3089
3196
349
3415
147
3239
629
369
1997
1935
764
3825
2114
2810
1353
4101
4820
621
4604
1883
3540
2532
3666
496
1342
2351
1399
4374
4759
1816
3609
2812
4167
4254
704
4005
2298
465
1432
3645
2005
1165
4286
3422
1605
4854
626
1223
145
2189
1288
1784
3068
4235
4619
61
2919
3600
1258
3630
2052
1991
1692
4340
1433
3178
4523
1511
3681
2366
1343
1415
4979
4780
4218
769
4017
4400
4295
3363
1915
1355
2557
2158
3813
1587
792
3298
1441
1588
1121
2741
1788
1811
2520
4716
4352
3398
2337
3221
711
3885
278
2395
1428
1445
3393
3450
3165
1219
744
2807
1480
3974
176
3128
1759
3011
4458
2301
4938
3519
1293
4740
449
2042
4939
1464
2868
407
389
807
353
1669
2236
755
2981
4779
1699
1752
1764
1932
635
2467
1073
1249
1606
4960
4655
2404
4157
1419
299
1268
4896
2387
442
2150
1949
2380
4322
2302
3210
4980
1058
3872
4075
4341
4214
2785
3377
1766
4614
126
1174
926
4798
910
3738
4223
1162
2016
88
1833
1150
4308
3194
3073
3436
153
4782
1850
3887
2289
4948
2608
3476
1485
4088
2822
1389
2534
1421
1936
575
2817
184
3616
2781
4001
1225
1951
517
18
4839
3776
2228
4436
491
197
4335
222
396
2370
4257
1255
602
2059
4273
3151
4993
4652
2476
4396
4852
4930
2805
3517
4718
1864
4977
3675
3801
38
694
3639
2786
3581
3937
1190
3948
1515
4611
3541
4677
2187
2617
4489
1739
3133
2363
2438
1859
2917
4769
2465
488
2433
4176
450
2585
135
2219
2763
2006
1602
4484
1878
3041
4785
1161
4186
1753
3188
1314
4106
2759
1374
4304
1229
3309
4902
4713
557
4004
3226
1241
827
796
2403
573
1509
3531
2426
4471
2025
1591
3990
2178
4318
860
2886
1527
3388
4739
3300
2987
2357
4548
3206
3889
2811
4754
2066
3970
3095
3451
3789
4272
1016
3992
3770
2447
831
261
133
2518
625
112
4042
1119
1576
2410
346
4219
4786
3577
3190
4296
3574
3613
1977
2832
4616
3060
2802
1413
4276
869
2821
1533
2376
313
4466
549
2077
358
1598
209
1236
591
2889
4749
777
2678
2677
1912
3333
357
3693
2568
1316
3763
1667
1368
4249
4666
3092
3598
1386
4907
3558
2725
107
2549
4662
4131
1638
2296
3141
4753
3350
3512
1728
256
3503
3504
3050
4802
1695
542
2156
3894
939
1281
2492
3911
1582
3984
905
963
4943
4669
516
712
71
4799
1631
1972
3684
4750
3272
3588
2194
2830
1584
4645
3903
3874
2828
1890
3980
3315
4543
2848
4609
4717
1307
4212
365
4607
3342
738
4593
2453
3589
4955
3106
3296
4482
3167
27
1723
2672
3647
3118
1071
4982
1123
4056
3010
4303
441
2022
3520
2937
2606
95
4379
489
2847
3204
594
1772
471
3396
567
3155
1539
3826
3788
4684
2029
1003
740
4285
1662
775
690
1665
1959
2531
4277
2205
142
1357
2546
4144
3931
613
1601
4386
2558
3629
3093
3747
4229
3302
2383
2577
1377
3243
838
1169
716
2692
3955
2049
3378
4559
4073
2226
641
1508
2468
3767
1834
3818
423
1818
215
3157
4618
4264
183
2076
525
1182
1264
3902
4984
2099
1871
2474
3449
1184
316
4156
2930
1672
4773
3653
1597
4621
3491
187
2536
896
406
2662
835
4504
2020
3046
3683
4926
4496
4835
844
4873
2676
1731
1498
284
526
2466
4203
3781
813
399
1620
897
3706
2789
4497
2004
2860
420
3871
2878
1333
2902
3355
1154
2977
4317
1565
2458
3680
3232
1030
4731
121
2629
4133
2767
3622
2516
2391
3784
4441
1575
4869
2999
1995
4821
2895
1900
3192
2193
4230
2769
2783
5
3726
2627
2779
1028
1555
4814
3241
3379
1010
2633
3020
1297
543
4083
2434
4242
4138
2983
1226
3950
4261
277
3021
2123
3785
345
3502
671
288
3313
454
4245
3506
3569
4685
2569
1987
3229
3864
1872
2430
723
2915
1854
760
4825
2036
1286
2605
2965
1506
883
2600
470
3162
737
3529
263
69
3628
3339
3551
4394
3510
3088
4804
2823
1528
3187
1593
499
403
434
4954
908
600
1133
3040
2010
921
2202
3547
4963
1875
4430
4606
3481
772
3197
1876
418
4529
182
1371
3860
3677
4070
3527
4936
1098
158
4561
1104
2101
2041
3604
1647
923
2207
1043
1570
2816
4975
4766
4030
51
1438
1571
2242
3621
3786
1163
4641
2528
3301
1129
26
4816
239
2364
940
2047
2388
934
4461
393
3252
922
2891
445
956
2690
2586
1716
127
87
1821
1577
1947
585
2539
3408
529
2570
3568
502
4552
2650
2980
3521
2658
257
459
1239
1569
3248
240
3019
3623
2640
72
479
2544
741
1671
1757
3034
2731
757
1189
4931
1507
4605
714
4965
3289
4150
1783
3560
3831
224
933
146
3191
1724
1664
1114
4999
2319
3420
1398
1844
1526
1596
3640
949
139
4018
882
4034
2766
754
217
1446
1022
207
4722
2900
453
2442
1891
993
178
2873
3648
1218
2146
3224
4828
666
2446
539
2948
4542
390
1979
4501
4412
2172
4139
3479
1345
588
1027
2265
4633
4137
4885
3416
3535
2291
3731
1618
512
4880
3182
4574
2885
1135
2500
1381
4080
13
794
2814
1820
2703
1126
4473
2973
3845
2390
3323
429
3406
1309
3850
1926
1084
2103
195
4045
4983
2252
3893
2241
3635
3575
4314
2702
3762
853
1608
3185
4134
2399
3294
36
1439
4723
4915
676
3291
2161
1613
1796
1737
620
3857
2008
3836
1684
826
3678
3130
2096
4719
4935
2084
3720
4067
2979
4382
4541
3910
2027
3780
4690
17
2666
761
1937
1888
1427
2829
2578
4033
946
427
2563
1896
3997
497
3098
2330
1424
4255
3665
3631
2509
2572
2127
1153
1628
1049
683
2791
566
2535
1769
1931
341
456
3209
4163
3691
4046
2751
3132
988
4937
570
2427
2668
2165
2124
3712
4059
1495
1660
1066
3987
186
4463
1738
4538
2691
1038
4658
4626
3277
281
4674
597
3038
3993
4851
1322
3544
2667
4419
4260
3509
1504
3312
4813
4170
2455
3392
1473
2545
3084
387
3295
1222
4870
1460
2416
693
1729
1152
4185
4974
4265
4298
210
1971
1990
3875
2224
3369
2217
60
368
3710
3702
2838
23
3250
4467
644
194
3824
4890
2273
4149
3924
890
463
243
2962
2171
2254
4287
4404
475
2664
260
3266
1557
756
3124
3140
3905
1287
4474
2303
916
1802
3381
2607
4288
4370
3488
4709
3711
1677
114
4675
2355
1478
823
3815
4637
1967
1244
877
2582
4728
1983
204
2220
2610
642
3895
1430
1835
2543
1401
4624
2179
1863
4442
2562
822
4449
3460
2093
4182
105
3000
2799
4480
4293
3740
285
4357
2157
4087
4032
4181
3231
692
2170
4551
4571
845
1224
84
3865
2777
1088
2683
2993
3067
2017
4898
2974
3459
3085
4450
19
3608
3854
3638
244
4470
4164
3121
123
3912
3951
362
3692
3115
1655
574
4522
3134
2639
234
967
2724
4323
3468
1321
1450
4095
4130
795
3716
4309
4105
4240
3267
4882
2784
2601
2882
1346
3934
3742
3430
801
4268
4524
918
32
2874
2013
2456
1714
3807
317
4906
1843
3009
994
720
2212
763
2230
729
2684
3670
3849
2710
1209
3765
3690
1851
2437
3564
1266
4636
631
703
3173
718
1048
1999
3838
3591
2148
3848
4267
1337
4617
3472
2347
3549
4108
4274
3100
1881
1654
156
3530
4091
1074
1852
1735
1865
4904
3090
563
3483
1944
4861
2923
893
3058
4028
3606
3428
152
596
4838
4929
4990
3486
3830
1221
2969
2145
137
4836
3820
1862
4569
1191
2754
431
1925
1918
909
4427
189
1529
2243
2092
2432
4451
1623
2936
3732
3729
4454
850
1560
1447
2638
334
3448
3615
658
1476
3330
834
4437
1553
4550
275
4383
1026
1680
562
3926
3490
2015
2343
4570
3983
1510
2560
2371
419
2804
3259
521
818
1365
2279
3246
388
4321
2235
2253
3455
79
702
2116
4584
2018
2043
668
544
3458
4734
3148
2138
4027
636
2657
45
1294
2107
3320
913
1652
2686
155
2659
3602
48
747
1501
1250
3213
960
684
457
6
3862
310
3783
3646
971
710
1167
238
1842
3945
165
3443
836
2499
1781
103
681
930
814
1361
1611
1406
3697
4395
2827
3573
1968
124
1837
2856
3205
1583
3405
3556
862
2463
4191
652
3156
4800
4233
1063
3953
1207
206
4865
1491
2836
3599
1156
4366
1964
3160
977
4122
4639
612
2506
3163
1921
1472
128
8
4171
3821
4476
3227
2128
2628
232
608
1537
868
4996
4823
455
1519
3216
3841
4346
959
405
650
264
2764
1186
3649
3536
746
932
1468
4818
855
3123
4232
4710
2806
2349
1674
1992
2619
328
3335
4180
3282
776
2216
1720
4704
3424
3943
1420
3941
1798
348
532
1060
92
2955
2737
4554
519
2871
1549
1324
384
4784
1470
4048
2413
968
736
3177
1595
1790
2515
1754
3029
4117
530
667
4256
3427
4793
2109
300
3913
1017
3007
4258
4863
220
3484
4367
3565
3012
426
326
1845
3159
3103
4881
1325
4560
3258
1547
303
3189
245
212
1302
2693
1800
1235
2113
251
3437
3559
4434
2587
2849
2514
3700
1006
2457
4431
4576
887
3179
292
1648
522
255
4591
2669
2526
1187
294
4055
2451
4297
4848
4822
1934
2899
881
340
1360
3526
439
656
996
1982
1456
4475
820
350
3404
4334
2571
4853
444
4459
3174
3069
700
2406
1425
3299
175
1436
4143
865
4708
2418
706
4843
1025
699
1350
2313
1220
3008
3120
765
2110
1822
2905
1261
2496
4730
4763
461
2634
482
1715
1455
3632
3548
1326
2064
2584
4659
2555
2112
2800
4738
3883
2039
3242
3959
108
2360
3080
630
2756
2073
1435
3052
1034
2653
4535
4337
4125
2182
1405
3907
3965
4676
402
3532
2864
2237
221
2611
3822
1032
1479
2883
3399
2300
1012
1448
68
4299
3441
1490
3624
4992
3708
3921
1592
3618
1094
2803
3056
2682
1535
94
269
1819
1750
4850
1051
3844
4644
4290
4845
53
3823
4701
2392
725
2012
4147
4363
4698
110
2199
2862
3779
1351
2287
2897
513
975
3562
4251
1568
4508
2454
2057
2793
3288
3656
3832
1711
1566
198
632
4558
3417
2336
1901
3882
1274
477
1037
4187
4021
2309
3590
4752
3308
2782
3469
2880
1561
589
3580
1155
1462
3373
782
138
1199
1803
689
1761
2732
4776
66
1726
4527
1005
4345
1525
2968
4239
1884
2704
1001
1722
3402
2028
2989
550
815
3125
2656
3855
2473
2742
425
273
385
858
653
364
3896
4393
701
4517
1493
717
3929
1474
2097
1035
4832
912
2940
4833
1536
4052
1938
2268
3362
3839
1653
2191
3016
1245
4858
2293
1282
697
950
1079
1673
54
1911
2495
4008
2511
1808
3269
177
2541
4921
3440
2663
1097
534
3063
4222
1952
985
2916
1442
3091
3728
2055
1033
3283
1616
2714
724
4022
1403
707
3311
1518
2424
4911
556
3171
3533
3754
2359
2420
4788
1257
2436
4781
4092
378
4026
4057
957
721
1885
3131
4193
1335
3858
2063
945
2701
4587
1882
1635
2626
2898
3796
4280
24
4319
4755
4447
895
4161
2002
351
3146
1096
1348
1892
3915
1105
3814
3454
1193
3777
2195
2970
515
3474
3722
4991
2261
568
698
1705
2483
3923
2033
1633
1846
2206
2181
2423
31
2975
1580
2598
618
4744
2034
2706
849
2950
669
4378
2964
3273
3663
4455
1869
931
3349
1966
4876
1259
4
4826
3554
3662
2318
2203
2746
2730
1414
2591
4736
116
2512
2305
472
3249
1112
2713
3744
4702
507
1767
2419
63
136
1040
279
3225
925
598
440
1188
487
601
500
1179
374
3988
1541
1387
1380
1308
1548
987
56
1760
1083
4192
1666
3851
3633
1124
2393
3105
3534
249
806
506
4770
132
1858
1201
1431
4104
4063
1960
1020
870
1603
4153
3977
2841
2736
3880
4810
1196
4583
3981
4520
2227
4201
1771
4109
607
979
1002
771
2913
3471
1976
141
1776
4102
4642
4456
2292
3316
3906
1101
386
1963
749
623
900
561
2089
2373
4547
4777
2102
1116
1426
1067
3201
3842
4362
1969
4338
80
2934
920
3685
1214
3764
976
4514
2285
2062
555
4595
745
4140
4353
2356
4726
4305
1173
3758
965
888
1237
1953
4205
3104
3375
579
673
3727
1755
3773
1042
1804
3003
3634
1315
3793
2143
37
3704
1748
203
271
3421
2685
4243
2120
1329
3066
2956
2788
1641
4402
4868
733
3059
2488
4688
3359
4428
3111
3795
201
4944
3079
57
162
4118
1417
3718
560
1975
225
2623
3900
876
1298
4231
242
337
4757
1733
4061
4237
4306
3018
1195
2723
416
383
929
4248
4640
4928
3735
4281
3475
172
3006
3447
4711
3175
1488
50
1996
731
3734
878
1923
1370
2695
485
3834
4090
2603
1924
2100
3583
4445
4115
2176
4647
1151
1289
1170
4333
4714
2269
4580
783
4879
4398
4114
1889
1125
2865
980
3463
2281
2748
734
1543
1320
3595
1661
3470
679
2722
4483
3946
4672
1023
3749
4952
2671
331
1823
4029
4934
1904
1643
4891
2040
4648
722
4166
2166
605
1232
4270
4737
4347
1213
2846
4228
3553
371
1086
1795
1985
3930
467
363
2450
3184
1164
3153
111
1717
1551
2461
4103
2493
2887
1955
4391
1933
1254
1416
1408
3391
4423
708
3567
1815
3022
3383
1810
3736
3500
3348
422
3048
2384
1444
837
4767
3699
3999
3952
169
282
3306
3810
501
2738
2358
381
3341
2711
839
4289
304
3870
3270
4414
99
3908
2342
3337
554
253
46
742
432
1306
2088
1134
3879
268
1376
2719
3715
1385
4503
2081
2646
1807
2552
3966
2229
3995
972
2222
4136
82
2967
675
400
52
3657
1973
2907
2938
2680
2482
3963
3756
3102
3193
2904
2918
4093
3072
4123
67
2510
2491
565
3833
1080
3739
4699
2274
1617
3890
1382
2317
4086
3867
4507
2762
2487
1645
3686
1710
2188
4910
4947
2258
4316
2644
4198
4745
2190
2126
236
3861
3099
3759
4206
1532
1007
3584
1642
640
2232
1627
4724
627
2708
1573
4349
2288
639
1057
130
3326
4076
2961
73
2939
1950
4486
4632
1029
4411
936
1204
962
762
4417
1181
2721
4348
3507
2652
4585
1762
3982
4533
947
4857
2952
2001
2262
3033
1702
4995
2618
359
4705
4789
4510
1562
4989
4077
3808
3605
3107
4630
2734
2837
2117
3593
2826
2901
4855
3074
999
2480
3096
4772
1410
4972
857
732
4875
4732
2635
414
3586
2972
2947
4564
4846
1683
2949
4422
398
713
435
781
1205
3856
4516
2459
2335
2851
4924
1143
1383
2525
3237
4069
3696
4271
645
580
3452
1646
4864
4051
3660
1579
3317
774
83
2280
1632
3384
2074
2414
2575
3275
583
3013
2250
2556
1604
2709
3186
1292
2920
3852
1497
1340
2299
2402
4085
531
3626
1085
4525
4172
1228
4292
1481
4964
4599
3328
4146
4275
3986
4142
4401
4733
2700
3733
1777
3380
1248
1200
2295
3819
4509
828
2674
2091
1075
4207
1713
1486
4390
213
64
315
695
248
4976
4758
4043
1919
622
3668
2111
2761
154
3082
3940
2385
4961
397
28
266
4361
1291
408
4128
1712
2655
14
3240
1586
1400
2892
4859
505
211
1142
1721
2958
2137
903
1563
309
2908
1946
4532
2593
4389
1920
3114
861
2353
992
1054
4225
4761
3719
167
655
1463
1622
2290
4680
2992
1251
3741
1068
1629
2547
2275
379
3412
4250
173
3585
891
1411
2852
2086
647
2583
4791
2654
1050
478
3594
1502
1147
2011
787
1831
401
1513
474
3707
4078
250
4909
2790
4356
3846
873
41
3222
4234
4661
674
1619
2888
3070
719
2758
4439
4667
4154
2065
2861
2308
235
3473
4631
4856
1364
1670
2009
2537
1267
2462
3314
2346
335
4462
3462
2411
4119
1327
941
3076
140
3774
3835
4148
2625
468
4601
670
2255
4217
1986
4623
3287
85
3083
970
1636
3611
2960
3431
2951
3812
2121
370
528
942
1817
2090
1984
4927
4159
4162
102
2072
4970
778
3279
1691
3827
1036
906
4368
4301
4435
538
4326
4494
2256
3888
3750
2995
3721
2567
320
2264
3516
917
2151
786
2311
2075
1940
739
3655
3345
3689
4344
2833
2044
144
1913
4126
4887
4282
2609
2673
558
1319
852
3387
1651
2660
1077
4409
4175
3805
4841
2481
1494
2056
4544
486
4016
2329
874
200
664
4246
3023
810
2717
2976
3961
2542
1061
4811
4589
4805
2538
902
437
2283
2517
3979
3271
3917
973
2024
1458
1305
659
4742
448
1895
62
196
1095
3061
97
4429
3528
572
3389
687
2613
4047
1437
1103
2581
339
4941
3113
527
143
4408
633
1132
4765
3698
3263
4886
1676
4531
3578
1828
2282
3636
1358
1747
1269
1198
231
3334
1393
4035
259
1893
4003
937
3385
4556
4756
4477
1128
1725
4900
3991
1278
4448
2620
3967
2931
1499
1233
3253
1379
2407
1609
1614
2
1690
2471
166
2718
2815
3043
1158
3497
65
117
228
2831
223
617
180
3211
1770
3045
4787
3843
2082
4031
1792
691
34
4040
1317
1581
552
752
523
2589
4312
3394
1299
2444
808
1356
4871
4545
4360
297
2727
2985
3247
2035
3064
1775
1826
4490
4515
533
4023
2445
3254
1253
1909
1905
3014
2498
2716
2183
3766
816
1117
4539
2271
4568
2119
3049
2749
4683
4211
3863
4444
1031
4493
3679
3816
4613
272
325
648
2208
247
3847
2649
4071
915
1265
4294
1065
392
3094
193
1177
452
1658
119
536
4867
2045
3778
3620
174
2843
2324
3539
4668
4221
2211
2061
106
1703
2405
1897
1461
535
3654
2853
3769
1644
3587
3797
599
2507
4889
1538
324
241
2533
4068
3904
3138
3492
4602
15
2164
2234
3432
1453
2508
4365
3485
2855
3176
2776
2857
2524
4141
634
4741
2201
3724
3989
1874
1742
2681
1178
2248
3477
4416
3257
1072
2637
3557
2932
1272
880
59
3251
3746
1694
332
4562
911
3511
1961
3972
1839
1939
537
3285
1634
1685
2592
1572
4369
952
3026
4565
2867
2688
3661
131
2513
2984
3944
2159
3466
3760
4622
1092
150
3370
3828
847
3346
1879
4664
2890
319
4355
3898
1210
3364
4956
86
3508
1347
4997
885
1120
2795
1600
2439
4994
208
3442
1194
2154
188
2204
4537
4656
3290
1910
2469
2808
1861
2928
619
1113
3949
3338
1208
2941
3403
3065
2307
1212
789
2624
4778
817
2231
4908
2648
1736
2824
665
3409
4715
2599
483
1045
1650
3276
1824
2098
360
773
1217
75
1041
90
2452
1004
4827
637
616
4241
3028
4359
1567
892
466
753
4358
2604
2429
581
1076
1273
4831
1625
1078
2643
4687
2247
171
3800
2023
4725
447
978
4792
1732
4132
3566
3071
1055
2144
3641
935
3078
3057
1052
163
4918
4679
1689
638
2494
3170
2720
464
2872
2566
1813
286
2180
4783
2037
2636
832
3866
2021
875
22
1793
4812
4111
3327
3480
3087
4263
3499
660
1099
2687
2071
4615
4330
2554
1585
4922
1471
2464
39
2743
321
3651
1873
1172
4620
3116
295
4110
2502
30
493
2903
1081
3062
4829
3920
2314
2580
2505
2796
1700
3055
951
3901
305
4376
1630
829
1782
2267
2523
1130
551
2522
4064
4629
262
3367
4278
1914
4457
4579
3582
3876
2733
2778
4112
871
3878
1981
4421
3212
3423
185
4307
1942
2959
4410
1301
1734
998
3658
3695
1559
974
953
498
4177
4790
4168
473
287
11
4505
2794
1279
2058
3168
4567
2310
4819
1520
919
4932
840
4152
1284
3918
4586
4094
1388
4238
3513
4226
1877
2870
3027
899
4041
7
2083
3304
4208
4967
4354
4643
4009
2745
1141
1300
995
2046
1339
2341
901
2840
4313
3717
709
3467
705
3414
785
586
3809
216
2616
2331
4425
4262
2820
4971
4949
4526
686
352
4377
3976
4774
511
1489
16
4608
3129
3307
2530
886
3382
3730
308
3397
3561
4665
1469
2155
2612
3278
298
4903
3673
1505
1832
3494
289
3837
2213
4578
3464
3075
1917
1064
4453
2910
1434
4160
1021
991
1423
2332
2966
3501
55
3537
680
3714
125
4099
2386
3281
1015
77
2906
1857
3036
2169
2739
3552
4673
4200
4530
3164
3053
2775
2276
4958
296
2957
2997
3596
3245
1853
2615
1799
1183
3792
788
4418
1998
1310
1397
540
4849
2306
1429
867
2772
4925
4072
356
4635
2210
1773
3936
2770
3996
12
3152
3238
4985
4866
4720
4920
750
342
412
191
4443
938
1954
4495
4951
2323
2470
4100
3932
2421
1847
1682
889
1836
2340
3782
654
4014
1794
2757
1180
1709
1534
2689
1870
1697
3627
1276
3891
578
2798
1211
2030
70
748
410
157
1336
610
4521
4809
33
1906
2740
1108
1589
3617
3047
2911
1024
3331
3001
727
3230
4817
4511
1422
1018
2215
1745
1902
3806
1550
3791
3180
2400
4291
3051
4054
270
2588
1069
2576
4178
587
770
3352
2379
1590
3127
4905
1483
1122
4697
3543
4592
3798
3642
879
4946
3097
3374
252
2595
1649
3954
1970
4884
3933
3005
1303
4220
404
1978
3150
2647
3942
276
514
4013
2054
91
44
4807
4227
3401
2079
2879
4121
4940
3973
990
2750
1994
1375
1107
2095
4795
78
3465
1140
672
2988
1867
2139
3650
214
592
3195
2574
4342
1637
682
4794
3723
409
3358
424
258
4202
355
846
4957
3215
4555
2953
2707
4010
2200
1131
3897
2884
1610
2389
2417
1137
1830
4196
2484
4649
2175
751
3482
4392
2348
338
4320
2333
943
2665
1500
2971
1718
4065
2866
1252
391
2858
1887
4598
2501
4066
2106
4007
3145
2334
3803
3964
2259
443
1907
614
4213
812
3109
3947
3086
2490
267
825
2529
3676
1145
4082
3652
4460
3042
1118
1013
898
3498
3139
2408
856
98
2382
4252
2768
1663
318
2431
3255
2147
3478
1465
3542
229
4892
1708
907
21
3456
3438
2142
3303
3347
1176
1044
1359
3228
2026
2813
205
657
3971
1730
104
2909
4380
302
4388
2396
1886
1531
2272
3035
3794
1696
1443
4573
3743
4116
524
373
3958
3198
3868
2773
2924
4735
160
4351
3493
3112
4037
518
2550
2925
3748
2069
864
4693
2050
4498
2991
1656
1175
4113
323
824
1404
4646
3318
4197
4283
2893
2223
4081
2801
1701
458
1243
1062
4179
3935
1727
2978
3371
1763
4488
2752
3426
1849
1756
2401
1331
2260
4096
1304
2125
274
4536
2614
1740
2896
2131
2186
495
2565
3200
2239
4350
3753
1109
4469
2632
1908
2881
283
1139
696
2422
395
2374
1231
767
2350
3555
4748
151
2641
1530
4678
4513
1334
3572
3994
3119
3135
4600
606
3305
3772
3909
2622
2294
3515
4588
3202
2277
1148
1556
3293
4610
4440
4060
1127
3525
677
202
1157
546
1928
1814
872
4006
4671
3429
2240
884
380
4729
1000
1475
3280
3351
2184
484
4446
3444
361
1149
1203
74
2080
2297
1903
2068
3434
4973
480
2162
3705
4343
1146
2963
25
4097
1372
1270
4913
4650
421
1524
2735
4968
3117
1941
2497
4190
4074
3619
2621
3725
784
1407
3169
2320
3873
1354
1136
3203
1657
2448
4981
1363
3546
1841
1599
4572
1227
490
4315
4692
4375
1367
2912
628
3137
2087
4689
1290
1311
4464
4050
2135
3928
3672
1185
4079
2548
4438
1801
1806
4721
1234
301
377
2019
1378
2167
4089
802
1390
1774
4919
2460
4216
230
2378
2316
1014
805
2854
462
3
1612
2630
2475
3884
541
122
3037
3938
2246
4686
3234
3017
3457
1916
3219
2922
4651
564
3682
1746
4597
4894
2375
1102
2994
2553
2372
2744
1159
3325
2354
481
1262
2369
2661
3761
3261
2185
611
4883
4397
1659
4796
2051
3166
3985
1295
4694
842
428
4328
1496
4654
4534
4492
4612
4174
4500
1825
1741
2996
3489
4549
4627
4107
4184
1082
1492
4806
1452
3413
3968
347
1943
413
4336
2755
1409
4962
3886
109
2942
1898
4058
2132
1639
2394
1313
1277
329
3158
4044
2326
159
3601
1392
2559
4129
2361
1039
2946
4860
4706
1384
4760
115
4311
1744
2729
2642
3853
1482
265
1091
4000
2338
4502
1698
1280
3044
4098
3161
3694
3149
1706
4775
1522
2153
1171
47
219
2478
4266
4415
3143
375
1989
3039
2149
3755
199
2564
3356
2521
4638
2409
3445
2929
3799
1558
4468
4194
503
1454
367
3360
3154
1554
851
4433
504
1574
3612
4329
246
3207
4969
1373
793
4151
1168
192
2133
4978
4581
2173
2819
3453
2694
508
4986
469
181
804
4372
2631
3297
2705
1046
3978
3487
2842
3030
735
3709
4324
2675
2270
3939
944
3925
1053
2479
848
1546
2579
3400
4127
4764
590
4696
2196
3576
4878
2085
1332
3603
4872
3745
1640
3208
1240
3321
1418
1929
1945
2771
4966
4998
4371
3340
3496
4479
5000
1087
1394
4472
254
2485
819
2787
3787
1369
4432
662
961
624
859
2000
3054
3407
4566
1668
685
2244
3610
2278
3751
4842
3899
4020
1271
1216
1779
1866
3817
1856
1011
4165
3688
3122
3395
2489
2503
954
1809
3372
4327
3975
2927
2321
3522
3144
42
2412
372
2696
2177
2697
4518
3223
2192
4942
35
4302
3353
3607
2839
3235
4385
1829
904
2377
833
89
4406
4837
179
2198
520
2130
1594
2067
2312
1318
3004
327
3183
3859
1693
4247
1440
4405
1564
2986
2168
3199
3077
4387
779
791
20
854
2844
4603
3877
3687
2122
4577
4481
4916
576
2877
2398
3570
2944
4888
4199
4384
446
790
3292
290
29
4897
1202
1681
4987
3218
4663
2048
4424
3737
3390
2441
989
1362
1260
1787
1246
1330
314
2197
3126
3411
2809
2834
678
1962
343
1855
1206
1487
4801
1626
4155
966
76
1615
4862
809
866
2774
4325
3268
1047
743
1275
3256
120
3310
688
2845
438
964
4519
100
4173
2594
394
3433
1624
2440
4743
4590
2486
4751
4917
1678
1688
4049
1957
3322
226
1296
2266
4506
417
663
2381
3674
4452
3446
2753
4628
3495
4691
4815
3329
1111
1349
4036
415
376
190
2105
4988
1338
280
2094
