cnoesmozt male 2004 10
pkft male 2004 9
jpoxm female 2004 8
rjdh female 2004 6
iijf female 2004 1
yebropnda female 2002 9
trwlt male 2002 8
jrdvkyoh male 2001 9
dxjoomjy female 2001 8
kauvg male 2001 1
pgjyj female 2000 9
mwhmsk female 2000 6
bucxjq female 2000 4
qtlzlvp male 2000 3
ziwv male 1999 11
kjbmuxu male 1999 10
jtdx male 1999 3
mlkn male 1999 1
isbbzyhm male 1997 12
wqedubhqu female 1997 11
yxfsh female 1996 12
thmfynz female 1996 1
kwrwglr female 1995 6
fbbduegke male 1995 4
rgyms male 1995 3
