bjlgo male 2004 8
wnjjxemb female 2004 7
ehcolwmwe female 2004 2
ytmj male 2003 10
oenupwrzw female 2002 6
kmkgwom female 2002 2
fuvlagqbr female 2002 1
vmcitap female 2001 11
xcosgs male 2001 9
camijqakk male 2001 5
pnqe female 2001 4
vndofhyd male 2000 11
fwbdwnyzk female 2000 7
ucgdhmip female 2000 3
zxwiud female 1999 8
blsp female 1999 1
tzzzpcgv male 1998 9
fkballk male 1998 6
gwwiaqc male 1998 5
fqbkuvuu female 1998 1
ebkbayfxs female 1997 12
wgkqte female 1997 10
mcoeitcx female 1997 6
zicrybtnl male 1996 9
nnifxlmk female 1996 3
akrwpr male 1996 1
zgxcbzggb female 1995 11
dhoes female 1995 10
lhrjypweq male 1995 9
dxzvuexzm male 1995 7
