ydsg female 2004 12
vpccki male 2004 11
qnwnfkgwi male 2004 9
alttj male 2004 4
itbcka female 2004 2
yugnk female 2004 1
fifjxqv female 2003 9
hilea female 2003 8
vknb male 2003 4
uyzxd female 2002 11
zyzfff male 2002 8
zoopvgust female 2002 5
wxkiim female 2002 2
lypog male 2001 10
ngvjwgam female 2001 7
xhsx male 2001 1
ecnwnhr female 2000 8
ostfrv female 2000 7
duuec male 2000 5
isim female 1999 8
lphsyjq female 1999 4
itkfjjaa female 1999 3
vaou female 1999 2
sutjph male 1998 10
dygcn female 1998 9
rqabuv female 1998 5
drimramhh female 1998 2
pyzbztik male 1997 12
xrbdluld male 1997 8
heyymnidl male 1997 6
pmvz female 1997 2
cwrqicd female 1996 12
ftueiebp female 1996 11
auou male 1996 10
pvlgb female 1996 9
cybmru male 1996 8
plbnzdx male 1996 7
votjphuvz female 1996 6
hyoswmj male 1995 12
frcg female 1995 10
guowuld female 1995 7
syjuk male 1995 6
xoebjl female 1995 5
yompry female 1995 4
fael male 1995 1
