bztekq male 2004 8
evupiyi female 2004 5
uvyhcsyw male 2004 3
upfqdtal female 2003 11
dttkoqeoc female 2003 9
ehgmptiu male 2003 7
ylvap male 2003 3
tgcss female 2003 2
qdoch female 2002 11
nulsuir female 2002 10
dvsqz male 2002 5
adeobrk female 2002 4
biksafti male 2002 3
uogv male 2002 2
frfqcg male 2001 9
qjnvrtezx female 2001 8
yxok female 2001 4
pcgbwwub female 2001 3
sozxs female 2000 12
vdora male 2000 11
uofhb female 2000 10
kswyamjfk male 2000 7
tqnalyi female 2000 4
mnhmbrwvj male 2000 3
hewxkuku male 2000 2
vmafb male 2000 1
jltojtg female 1999 9
pgna male 1999 7
byhtzxkn male 1999 6
xkvse female 1999 5
iaqbkijne male 1999 2
kjhshlayc male 1998 12
xoqlgxq male 1998 8
flyzrbahi male 1998 7
lfyqsqojj female 1998 5
pveuubc female 1998 2
oxsmnsjig male 1997 12
btsvksmgu male 1997 5
dzyng female 1997 3
vkljblgf male 1997 2
zjtbsip female 1996 9
hbmlygv female 1996 8
bdravo male 1996 5
nlrjc male 1996 1
yqnpd female 1995 8
ubihwed female 1995 7
paokmcs female 1995 6
sdqdtvuwo male 1995 5
vrxyuvhfs male 1995 4
djxfobii female 1995 3
