byuiai female 2004 12
hdfa male 2004 11
spvzvprc female 2004 10
xuutgqwdv female 2004 8
ovbbzbq male 2004 7
inww female 2004 6
tmzj male 2004 4
zquamrazq female 2004 3
kmjn male 2003 12
pazvx female 2003 9
ufequ male 2003 7
oxghswdl male 2003 6
vuthdfbcy male 2003 4
lwyaatliu female 2003 3
nqca female 2002 11
ynef female 2002 9
cjlwbbkyf male 2002 8
hhvwlv female 2002 6
phql female 2002 3
znppebf female 2002 2
nmvisedfu female 2002 1
phhxuqmca female 2001 12
dlvucaxfj male 2001 11
qkgu female 2001 7
cjenuvmog female 2001 6
jcrndc female 2001 5
nifwjah female 2001 3
jkslnkzl male 2001 2
aorai male 2000 11
biowbzf male 2000 10
ombdnm female 2000 8
gqwvoy female 2000 6
ocoqmmwx female 2000 5
sroxlei female 2000 4
uskj female 2000 3
vivrwuhs female 2000 2
rvgij male 1999 11
lrwygny male 1999 9
wobmvuztc male 1999 8
odrosme female 1999 5
yuudlumsv female 1999 4
mdja female 1999 1
ojdr male 1998 11
qqpml male 1998 7
jrsydrzg male 1998 6
mvtwd male 1998 5
engnet female 1998 4
knwngilbj female 1998 2
ignbabkdy male 1997 10
igcofzzy male 1997 9
hzhi male 1997 8
llkl male 1997 7
zunxgyl male 1997 6
ojoqjzzm female 1996 12
sxbhady female 1996 10
lawnk female 1996 7
jxhb female 1996 6
ezynmzgx male 1996 5
mqpnauv female 1996 4
luota male 1996 3
halyvhov male 1995 11
chndd male 1995 9
ulbnj male 1995 7
ptlht male 1995 3
naogrf female 1995 2
