zcpwjl female 2004 12
qsze male 2004 11
hppwmc female 2004 10
zpuj male 2004 9
xmere female 2004 7
fxelmzpl female 2004 6
ufjcin male 2004 3
sbmegdje female 2004 2
ekuz male 2003 12
adhhdshb female 2003 11
raggwl female 2003 9
agxvkujcz female 2003 7
htoog male 2003 6
wxzwcfmrb female 2003 5
mrkjsa female 2003 4
hkyaqoda female 2003 2
hxxhb female 2002 12
ivfqwmct female 2002 10
wtlig female 2002 9
uslloxo female 2002 7
gvxl female 2002 6
jcluym female 2002 5
wtzvflwd male 2002 4
klte male 2002 3
nmzobzld male 2002 2
tjfq female 2002 1
dsfihqobo female 2001 11
vwev female 2001 10
xxwrui female 2001 8
zjhbyugbo female 2001 7
kxun male 2001 4
xhsj female 2001 3
gkdshqkb male 2001 2
rdplty male 2000 12
lnmsbhedx female 2000 11
gezzhg female 2000 10
purlve male 2000 7
lbxwbv male 2000 6
dyffuqfa male 2000 5
jafovkiji male 2000 4
ieogeu male 1999 12
ethai female 1999 11
qazkiefft male 1999 10
aohglc male 1999 9
gxzvwotl male 1999 8
qzofgecke male 1999 6
jfoven female 1999 5
tqmfzlm female 1999 4
wozmlt female 1998 10
dvscf female 1998 9
uchz male 1998 7
cgnbt male 1998 6
renrnpah male 1998 4
etqccw female 1998 3
udyqn female 1998 2
vlogq male 1997 12
lbkbbww male 1997 11
gbfycr female 1997 9
zdfz male 1997 2
ffvuf female 1997 1
ujjpod male 1996 12
naeqxu male 1996 10
rxyeeru male 1996 9
qxplevoax male 1996 8
etoy female 1996 6
xwwais male 1996 4
zoyjyzxtd female 1996 2
cmiwyolw female 1996 1
phme male 1995 11
twhktql male 1995 10
zxyrwh female 1995 9
rkhhtai female 1995 8
visytqqix male 1995 6
ckcsdgu female 1995 5
klxi male 1995 4
