vvgexadj male 2004 12
hmgqzx male 2004 11
bkof female 2004 10
smjj female 2004 9
lpnlph male 2004 8
jnyksotz male 2004 6
szwlrk female 2004 5
reyrw male 2004 4
vkehy male 2004 1
qouwcu female 2003 12
rquppyrrf female 2003 11
touajoi female 2003 9
fybpnz male 2003 8
tvyzgpkb male 2003 7
kuir male 2003 6
mqjku male 2003 4
whfxsqm female 2003 3
rmuuhvqx male 2002 12
qdjdhkgqi male 2002 10
fwiaroh male 2002 9
ukndp male 2002 8
kqdpwhnjv female 2002 7
kqtz female 2002 4
hmqigeif male 2002 3
sahjsem male 2002 1
hfkk female 2001 12
uxukiu male 2001 10
ammy male 2001 9
gyjv male 2001 7
dpszzrg male 2001 6
izbwpp male 2001 5
oqxwjbip male 2001 3
gytckej male 2001 2
vnyx male 2001 1
jsvoeizcm male 2000 12
qizye male 2000 9
ogwzgl female 2000 7
golizdv male 2000 6
ludsbwnxj male 2000 5
mwhw male 2000 4
caaazc female 2000 3
pxytv female 2000 1
gytbbmo female 1999 9
scrlpd male 1999 7
vauur female 1999 6
gxsdt female 1999 4
refkxqy male 1999 3
wkkqhz female 1999 2
gaabj male 1999 1
qrssdsp female 1998 12
pwpuflp male 1998 10
drhhtpla female 1998 9
xwmgl female 1998 8
nhyxpfqb female 1998 7
ozioqzrj male 1998 6
ahfpzzccf male 1998 5
bajxywrqv male 1998 4
ncbhb male 1998 2
penniw female 1997 11
hlszo female 1997 10
uantjhwg male 1997 9
lwlj male 1997 8
gfgvujfyg female 1997 7
bmvafgkg male 1997 6
cdjbcprz male 1997 5
svrpkethk female 1997 4
fxeip female 1997 3
okjmoxwp male 1997 2
vzjb male 1996 10
bxfsgzrp female 1996 9
qzbyydrz female 1996 7
vkjtdsgo female 1996 5
pkjtnzazs female 1996 4
osftkozt female 1996 3
gdoluoiq male 1995 12
xdcodjus female 1995 11
rfgspntpa female 1995 10
qxijjiqc male 1995 5
jrcoemkup male 1995 3
pcqyxags female 1995 2
