iebjxwkp male 2004 12
kdojmxrbb female 2004 11
wikjrdjzm female 2004 10
ggjn male 2004 9
hqewvm male 2004 8
qrlimkz male 2004 6
qdcm male 2004 5
ttkfrnce female 2004 4
uobg female 2004 2
ywealvxc female 2004 1
yedu male 2003 12
cvia male 2003 11
yeqfot female 2003 10
xcumr female 2003 9
frryost male 2003 8
dxsma male 2003 6
priburnhb female 2003 3
jmsg female 2003 2
onbdxj male 2003 1
jlpnqqfi male 2002 12
dowfzaif female 2002 11
oqapsg female 2002 10
lsjdtagj female 2002 9
wikhdamb male 2002 8
kgokamij female 2002 7
ctrt male 2002 6
zuccv male 2002 4
kztgw male 2002 3
hxrldexqv male 2002 2
cpegsdq female 2002 1
qbxbqzcs female 2001 10
yfzubmog female 2001 9
vwpfpyi male 2001 7
pzrjbenv female 2001 6
gbtkfhfh male 2001 5
yzsifbj female 2001 4
rclfgq female 2001 3
ytuxdllv male 2000 12
liutqt male 2000 11
odnjswf male 2000 10
wtasosj male 2000 9
vtutjm male 2000 8
lqniqtd male 2000 7
digqfr male 2000 6
zenngvslb female 2000 5
etujhixlf male 2000 4
gyexwc female 2000 3
bngnjrwbg male 2000 2
nhon female 2000 1
mwgd female 1999 12
fwcmyal female 1999 11
ijeogimuq female 1999 10
piftflr female 1999 9
czssyxv male 1999 8
hkwldoba female 1999 7
lswtqjj male 1999 6
jpse female 1999 5
gzecnhhs female 1999 4
mzcazhnl female 1999 3
xbzxpisz female 1999 2
scghqmxva female 1999 1
vguy male 1998 12
qhdfxbbz female 1998 11
hchnrj male 1998 10
uvwz male 1998 9
cfmndp female 1998 8
jicf male 1998 7
wsxfue female 1998 5
xtzktiqcz male 1998 4
jcesiuxbm female 1998 2
ekdlkj female 1998 1
enfj female 1997 12
zpktzjq female 1997 11
modz male 1997 9
zdikykkun male 1997 7
bzbc female 1997 4
qvao female 1997 3
zxqysrcc female 1997 2
hgevwne male 1997 1
mqpkeyyck male 1996 12
bnajvdima female 1996 11
nmkfhc male 1996 10
nlxoy male 1996 9
ozhiq male 1996 7
bfdmx female 1996 6
pxkqmbiua female 1996 5
vlnrroour male 1996 4
tihjeac male 1996 3
idkxstylf male 1996 2
pdrncflb female 1995 12
bhgnf female 1995 11
uldvcqsv female 1995 10
plyrogso female 1995 9
dlfhwn female 1995 8
rkuxiglpy female 1995 7
fcwozpa female 1995 6
hefd male 1995 5
uydtu male 1995 4
fdhxgvavi male 1995 3
byyuckgq male 1995 1
