4
2
5
12
5
36
5
1
5
2
2
2
5
1
1
12
7
2
2
2
2
2
2
2
15
141
5
4
5
26
1
36
5
5
1
1
5
4
2
5
1
1
15
1
11
2
109
5
2
52
11
4
11
2
2
2
36
2
5
2
2
2
2
5
2
38
5
1
4
5
1
74
45
4
5
1
36
2
15
296
19
11
5
5
4
7
5
5
11
2
2
5
5
5
5
139
15
2
2
1
5
1
1
4
2
21
392
21
2
2
21
2
1
1
2
38
1
5
5
15
2
5
30
11
5
5
2
5
4
2
4
21
1
26
38
64
4
11
1
4
15
2
1
4
11
15
11
5
15
15
11
1
2
5
11
2
2
1
2
11
36
15
2
1
5
30
1
1
92
2
19
7
5
2
4
11
2
4
21
11
5
92
135
2
1
5
4
2
52
26
36
4
1
5
2
5
1
21
2
5
52
21
5
1
2
36
1
5
1
5
1
12
7
11
5
64
7
4
38
289
5
21
2
15
4
5
5
5
38
7
2
7
5
19
1
11
2
19
2
5
1
5
2
2
1
5
2
36
1
1
2
15
2
5
1
5
15
198
12
5
5
15
5
2
1
1
12
5
4
2
52
2
21
5
11
21
2
11
11
5
5
2
2
2
11
5
2
2
15
5
5
141
5
15
2
11
2
2
92
1
1
2
4
2
11
2
45
11
5
38
2
2
5
2
2
11
2
2
2
2
5
19
2
36
38
2
2
4
11
135
15
2
5
92
15
2
1
11
2
26
1
1
21
2
4
1
5
2
2
2
4
15
2
1
19
2
1
1
21
5
5
11
2
141
4
19
2
5
11
15
1
2
1
5
21
21
64
2
21
4
5
15
5
5
2
11
4
38
5
2
15
1
5
5
1
5
2
1
11
4
5
52
1
2
74
5
11
1150
12
5
4
5
2
1
2
7
4
2
5
38
11
36
11
2
74
4
38
38
30
5
105
2
4
4
2
15
15
7
5
2
2
15
1
21
2
36
1
5
11
9
15
4
4
2
52
11
2
4
5
5
26
5
11
5
2
5
2
2
1
5
12
11
2
7
4
4
5
2
74
5
2
11
2
2
36
1
2
15
52
15
1
2
171
11
5
5
2
1
4
21
2
1
11
5
4
36
392
269
12
36
5
2
2
5
2
5
5
2
21
11
67
1
2
5
1
19
5
15
1
5
26
2
7
2
11
11
36
11
98
1
11
7
1
5
1
2
2
16
7
2
2
1
15
21
2
2
11
2
92
64
2
2
5
5
2
2
98
4
11
4
141
4
4
1
15
5
2
15
2
21
15
5
11
5
1
11
2
64
15
38
5
4
2
2
2
11
2
4
15
2
2
2
38
4
1
5
5
2
11
12
64
1
2
1
1
74
2
109
1
1
7
2
2
21
7
5
5
15
2
1
5
1
254
382
1
2
21
2
2
5
1
21
5
64
11
64
15
1
2
5
5
5
2
2
2
7
11
2
5
2
2
2
4
52
2
1
21
2
11
2
2
4
11
5
5
12
5
15
11
5
21
11
1
15
4
5
2
5
1
2
1
1
5
11
2
1
2
2
15
1
5
5
737
11
21
2
5
15
11
2
2
5
5
2
1
5
2
4
74
38
2
5
36
12
97
2
92
5
2
2
2
5
15
11
1
1
15
2
26
5
36
2
1
2
1
11
2
5
11
5
7
11
11
1
2
1
5
11
21
2
97
1
3
15
5
36
2
5
2
1
2
5
5
12
4
1
2
5
36
31
15
5
2
36
7
36
1
1
2
57
4
2
2
2
11
2
4
15
2
11
5
5
1
15
5
36
2
15
5
15
5
2
11
5
15
5
1386
2
5
5
249
2
15
74
5
5
2
11
5
21
5
2
2
21
5
2
2
5
11
7
5
11
1
4
5
1
1
2
5
2
36
1
2
5
1
5
11
11
15
12
1
5
66
2
21
5
36
5
5
5
2
1
198
38
2
1
4
1
5
2
2
15
66
1
11
1
92
5
11
15
2
1
11
2
105
1
5
1
11
1
2
2
15
2
2
7
5
21
5
12
36
2
5
