5
38
52
2
11
26
5
15
7
2
5
7
15
1
1
5
5
11
21
5
30
11
21
15
5
2
5
5
5
2
5
4
2
2
2
36
2
5
2
1
74
5
5
1
2
2
11
5
1
1
2
1
5
11
15
5
2
2
52
2
1
11
11
15
11
2
52
2
2
2
2
7
5
26
5
2
5
4
2
26
5
1
5
74
2
2
5
15
2
2
1
5
2
2
2
15
74
5
36
2
2
11
105
2
15
2
21
2
1
2
12
5
52
4
5
11
19
16
5
11
5
1
2
1
5
5
11
7
5
5
9
5
2
5
12
1
1
36
15
1
1
21
15
2
36
1
2
5
1
11
165
5
11
45
2
1
2
2
11
12
11
2
7
5
2
15
5
29
1
64
2
1
92
97
4
2
74
38
5
2
5
2
2
11
15
5
2
74
11
5
15
5
9
2
15
15
2
5
2
11
4
1
2
1
1
2
11
5
1
4
2
2
2
5
2
5
11
2
2
2
4
1
5
165
2
5
5
1
15
11
11
36
1
15
7
5
36
36
5
2
2
11
52
52
5
5
2
141
1
21
5
38
64
1
5
2
2
21
5
4
11
2
1
5
2
392
98
2
5
1
11
15
12
92
1
2
11
2
2
1
1
5
15
212
38
7
4
11
2
2
92
12
5
21
5
1
2
7
1
5
36
7
135
7
109
5
5
5
2
5
5
5
4
1
2
2
21
5
11
2
5
36
11
98
2
5
7
2
5
2
11
36
36
4
11
11
5
26
36
2
36
5
11
7
26
1
26
7
52
38
2
5
11
2
15
2
2
2
15
5
5
1
38
2
98
36
2
5
11
5
19
2
21
5
15
98
1
2
2
4
1
2
2
5
7
1
1
4
2
52
1
560
36
15
5
2
2
5
2
2
5
19
11
5
11
2
11
198
12
4
5
5
15
2
5
5
26
11
5
21
5
2
2
2
2
2
2
36
5
38
11
21
4
12
2
36
2
141
2
7
1
1
11
7
7
109
4
11
4
26
1
2
12
21
2
5
5
5
5
11
2
12
198
686
4
2
5
5
4
7
5
21
7
2
19
2
5
5
12
11
2
5
2
2
7
1
36
1
5
36
15
5
1
1
15
5
2
5
2
5
11
2
2
15
5
67
1
15
5
1
11
2
5
11
15
4
26
2
11
16
11
2
11
2
5
4
11
21
2
1
1
5
2
15
64
2
5
2
47
74
15
2
4
4
2
11
2
5
2
1
11
2
