2
1
5
36
2
11
11
1
5
15
2
15
2
11
2
2
2
5
5
2
74
21
198
1
15
5
4
2
21
5
11
21
5
4
2
21
2
5
11
36
2
5
1
2
4
5
2
1
21
2
1
11
1
11
2
5
11
7
198
15
4
5
2
12
2
98
1
38
2
2
4
2
5
5
11
5
1
21
2
2
2
5
1
36
4
1
12
36
1
5
12
2
5
212
5
2
5
36
5
11
2
5
15
5
5
2
11
4
5
21
3
98
1
2
12
1
1
5
98
2
1
1
5
4
5
2
1
5
1
1
15
2
1
11
7
12
2
2
662
2
38
11
2
12
5
2
5
5
2
2
5
5
1
11
1
1
5
38
15
21
5
2
5
11
4
7
92
4
2
4
5
21
1
21
5
2
2
11
36
5
2
4
2
5
2
74
2
5
5
11
36
2
1
21
5
4
7
4
1
5
5
5
11
4
11
64
4
2
15
36
16
11
2
38
5
2
2
7
38
135
2
2
64
5
5
5
52
2
2
64
1
5
2
11
2
2
2
2
5
1
2
2
15
1
36
21
2
15
4
2
2
1
105
1
26
5
15
5
1
2
1
4
2
36
21
5
1
5
5
2
2
2
36
21
15
2
7
1
5
4
1
2
12
38
11
12
2
74
7
2
36
11
2
2
36
105
5
2
11
36
74
2
1
5
15
2
5
2
11
11
2
135
2
36
562
1
7
2
4
1
2
5
2
5
21
4
15
2
2
1
5
92
5
30
5
92
7
2
2
15
2
15
11
11
5
1
11
1
4
2
11
15
15
4
2
36
4
2
38
5
5
15
11
4
2
15
5
26
5
1
5
2
5
1
21
2
5
2
2
5
1
5
2
5
38
2
36
11
5
2
5
1
5
5
1
26
5
92
