15
36
5
5
2
5
21
45
11
5
2
30
36
5
1
74
2
4
2
2
2
21
2
5
21
11
2
5
38
5
5
135
5
2
2
5
21
2
5
5
98
74
2
1
15
11
2
36
36
5
11
11
15
2
2
5
109
5
5
11
1
2
11
7
11
198
135
2
11
16
5
11
2
2
36
1
1
2
11
11
5
2
74
36
5
15
52
2
4
15
26
2
15
5
15
11
1
198
4
4
2
5
11
5
11
2
36
2
11
4
21
2
249
2
5
15
2
2
2
5
5
15
2
4
2
5
5
1
5
12
38
1
2
1
5
2
11
269
7
21
5
5
2
1
5
4
2
15
2
74
2
5
1
2
5
2
2
289
2
4
5
2
11
2
21
4
15
5
135
38
1
2
11
2
52
2
165
4
4
5
5
5
2
2
5
11
5
12
7
2
198
4
2
11
74
36
21
1
26
5
15
2
2
11
1
15
5
36
2
198
5
2
2
162
1
2
5
7
15
5
5
5
74
15
11
26
2
30
11
1
5
105
5
11
5
2
5
4
2
135
2
15
7
212
26
1
45
2
737
7
64
2
2
11
4
1
38
5
52
74
5
26
30
15
2
7
5
98
2
1
11
5
2
4
2
15
1
5
5
1
2
4
606
5
5
92
36
2
2
2
2
36
2
47
5
5
15
2
5
1
2
2
1
30
5
7
5
38
36
2
2
135
1
4
5
2
2
5
38
1
2
4
12
15
9
254
11
38
5
5
1
1
7
11
4
2
11
15
5
2
5
4
2
11
21
1
15
2
52
11
1
5
1
5
2
2
2
2
2
21
5
21
11
1
5
1
26
5
98
198
2
98
21
5
2
2
5
92
2
5
64
4
4
92
1
5
11
4
5
38
2
7
4
74
4
5
15
21
21
21
21
4
12
11
4
52
4
36
5
11
5
38
74
4
11
4
67
5
4
11
21
5
2
2
5
2
2
2
426
38
2
15
1
36
21
1
15
16
2
2
64
11
4
1
1
5
2
2
5
2
5
2
38
5
64
5
4
2
5
2
74
2
2
2
198
7
2
105
19
12
2
36
15
9
2
2
11
2
36
2
2
5
2
1
2
21
2
15
7
12
1
5
5
21
1
38
4
5
2
1
2
64
4
2
5
2
11
21
289
5
4
1
5
1
2
5
15
5
4
11
4
5
2
15
11
15
2
2
5
4
5
21
11
11
11
5
5
5
5
5
2
11
1
98
11
2
36
5
5
2
2
5
5
2
5
5
1
7
5
21
2
2
11
2
109
38
2
137
52
38
4
2
5
2
2
1
2
11
5
11
2
5
2
36
2
4
1
21
1
7
2
1
1
2
2
5
2
4
12
5
2
2
92
250
5
26
15
92
2
141
4
92
5
198
2
5
74
2
7
2
7
1
1
1
11
11
38
5
21
5
38
5
1
4
2
5
19
4
15
5
21
2
5
12
52
15
