198
1
36
2
36
2
2
11
2
5
7
5
4
15
2
11
2
5
4
11
1
15
21
5
2
2
4
135
36
36
4
2
2
11
11
4
74
2
12
2
30
1
5
36
1
1
15
1
4
2
2
15
2
21
5
135
1
11
11
52
2
2
74
2
1
2
1
5
2
5
2
1
2
4
66
1
1
15
5
2
2
92
2
11
21
2
5
21
2
74
21
296
2
11
2
5
5
2
4
74
1
5
21
5
5
1
1
2
15
5
15
2
11
11
2
2
4
5
15
2
5
1
2
1
11
11
11
2
2
1
38
4
5
1
21
5
4
21
2
11
2
1
2
2
1
7
11
15
2
2
1
67
2
2
5
15
1
15
1
2
2
5
1
36
7
7
2
15
4
5
1
4
105
4
5
52
4
2
98
11
98
1
4
4
5
38
15
11
141
2
11
2
5
38
4
5
135
1
15
5
11
38
5
2
11
11
7
2
1
11
5
1
2
5
15
52
1
11
2
11
2
1
2
2
1
36
2
2
26
1
5
2
15
11
4
36
5
2
2
4
2
2
2
21
5
4
2
2
12
15
7
2
7
5
2
12
11
5
5
2
4
2
2
11
4
2
5
5
2
1
11
2
5
5
1
2
1
12
2
11
2
11
92
15
4
4
36
4
5
2
5
5
1
2
1
2
5
1
1
2
5
7
15
11
21
5
2
4
5
64
64
4
4
5
11
2
2
4
7
2
1
5
5
5
2
2
21
38
2
2
2
5
165
36
5
1
11
2
1
4
2
105
5
141
1
135
19
1
5
2
36
2
1
2
2
21
2
2
9
11
2
1
2
16
5
1
5
21
5
2
2
15
2
26
4
5
4
2
4
11
36
381
26
15
11
11
1
2
141
2
2
12
21
21
5
11
2
2
11
11
5
38
4
11
2
1
4
5
109
2
26
2
1
15
2
2
1
4
38
11
4
198
296
1
11
36
12
21
15
1
2
2
26
2
2
5
5
1
5
2
4
38
5
52
15
5
15
5
2
15
19
2
11
11
21
300
2
4
1
5
12
2
36
38
5
5
1
11
1
15
36
5
11
5
11
1
5
2
36
2
1
2
2
2
36
19
5
19
5
5
4
4
5
12
36
5
1
2
392
11
1
12
5
5
5
4
5
36
5
5
2
4
2
2
15
36
5
19
4
11
1
11
2
1
4
15
4
1
26
15
5
2
2
2
4
1
2
2
2
15
1
2
29
2
2
11
2
15
5
267
5
5
52
15
1131
1
5
1
36
165
2
74
1
2
36
2
92
5
4
1
21
1
5
11
1
15
2
2
11
11
1
5
4
1
1
2
1
2
4
1
2
2
1
11
2
1
36
2
1
5
5
15
5
19
2
5
2
12
2
5
2
4
5
11
11
5
36
5
2
11
11
2
2
1
2
5
7
1
12
1
15
15
21
36
1
289
2
1
38
2
1
7
4
4
2
5
1
98
5
5
5
4
15
2
2
2
1
1
11
2
5
2
5
2
36
5
1
7
15
5
5
11
5
