11
1
2
5
2
1
2
5
2
2
5
5
5
2
64
11
36
4
30
1
5
4
2
5
1
2
2
11
2
11
5
26
2
4
1
5
1
1
2
5
105
2
2
254
36
26
5
2
5
21
15
2
11
7
2
5
2
5
36
36
2
38
36
7
4
38
1
141
5
1
1
11
26
12
2
2
2
15
5
2
5
2
4
2
21
12
1
2
2
1
64
5
141
5
5
1
36
11
2
1
15
36
15
1
4
36
2
21
5
52
2
67
2
11
5
5
15
1
141
21
1
19
15
5
5
4
5
19
30
2
2
5
2
5
2
11
15
2
2
11
11
2
7
1150
5
1
11
7
5
2
105
5
2
11
5
2
11
4
5
57
5
4
4
2
5
1
7
26
5
1
2
135
52
15
11
5
5
1
2
1
5
15
4
2
5
5
5
1
1
2
11
2
2
21
11
2
2
4
2
2
7
2
2
1
2
11
1
5
21
5
11
5
4
2
4
5
15
5
141
92
15
26
5
5
2
1
5
38
1
1
36
36
4
15
2
2
7
5
2
2
11
1
269
1
2
11
4
2
21
1
15
2
92
21
2
11
1
2
52
1
5
5
2
5
5
2
589
2
15
141
198
26
2
21
36
198
2
2
5
2
198
15
2
38
92
19
5
1
1
2
52
15
2
5
21
5
1
5
5
21
15
5
38
5
2
