2
21
4
11
38
11
12
2
38
2
1
2
26
38
1
2
5
4
21
2
21
21
1
11
11
1
2
2
5
2
11
5
15
2
2
1
5
5
1
4
1
2
15
26
5
5
38
38
36
36
11
21
2
11
1
4
1
38
26
77
4
5
2
11
36
2
11
47
2
2
2
11
2
26
12
4
5
2
11
11
2
11
64
4
1
1
5
1
21
392
2
1
1
15
36
11
1
5
1
4
36
45
5
2
2
1
36
5
2
15
74
36
1
7
1
15
2
5
74
1
1
11
74
64
2
2
4
2
2
21
4
5
15
2
5
19
2
2
26
2
4
2
5
1
4
15
2
11
36
92
15
12
4
7
19
15
7
21
1
74
4
1
1
11
137
98
5
2
5
2
1
15
5
21
15
5
5
2
4
5
2
2
4
15
5
2
2
38
98
92
4
15
36
12
5
5
2
1
19
11
11
5
26
11
74
15
19
12
5
64
2
5
11
52
1
15
15
11
2
5
2
2
4
141
1
64
36
15
4
5
2
2
11
11
5
38
5
2
4
105
92
5
38
15
4
2
98
4
1
2
11
15
38
5
5
11
74
1
1
1
5
250
5
135
2
11
2
5
11
4
15
5
1
2
5
1
212
300
5
36
2
181
5
11
2
15
1
5
5
2
4
11
38
2
2
2
1
5
38
15
5
5
36
11
26
5
21
1
74
52
1
2
5
4
5
2
2
2
36
1
12
5
2
11
15
5
2
2
21
7
2
1
5
11
36
15
4
21
11
7
5
15
2
4
2
3
4
2
36
64
2
12
5
4
2
21
5
21
2
4
11
11
5
5
1
1
11
2
15
2
5
2
1
11
2
74
2
1
5
5
5
2
11
36
392
38
11
2
12
1
15
52
2
5
1
5
21
11
52
4
11
2
5
5
45
4
12
15
15
5
2
2
2
4
11
15
5
5
5
11
11
2
1
11
2
4
52
5
2
2
4
392
15
2
2
5
5
19
2
36
2
15
5
1
2
2
7
1
38
11
737
2
11
1
5
392
1
2
21
11
392
11
5
36
5
2
2
11
15
4
5
36
52
2
5
21
11
2
1
5
2
5
26
12
47
1
1
5
15
11
7
5
1
21
11
1
5
4
5
4
5
2
2
12
2
5
2
2
11
2
4
5
1
2
2
5
1
5
29
2
5
11
2
5
2
19
2
2
2
2
4
2
5
2
4
4
5
2
1
467
5
5
11
11
5
1
1
2
36
5
12
2
2
11
15
5
1
1
5
7
1
4
5
4
2
1
21
15
11
11
15
1
92
2
21
11
38
2
2
2
11
2
36
2
5
5
21
36
1
2
2
2
2
7
5
2
98
12
5
135
2
5
171
5
1
2
2
5
2
2
2
11
4
424
15
4
2
2
5
5
1
5
2
74
36
2
5
36
74
36
4
15
26
5
2
11
21
15
2
5
2
2
15
52
11
165
11
36
36
2
5
74
74
5
2
5
11
2
5
21
26
5
11
7
5
5
198
426
4
1
5
36
5
1
2
74
12
12
2
5
21
5
1
1
5
5
141
2
5
1
11
21
5
4
2
1
5
1
21
5
21
2
5
1
5
2
2
38
11
15
64
92
11
1
2
21
5
2
5
11
2
2
2
2
26
4
5
5
2
4
1
5
11
2
36
4
98
2
2
21
5
36
5
15
2
5
11
4
1
11
21
11
2
2
7
2
11
4
2
1
36
5
2
21
2
5
38
2
5
296
2
4
2
11
15
2
5
4
2
7
1
2
1
1
2
1
5
5
2
2
2
2
2
15
2
1
5
5
4
5
36
2
5
392
2
2
2
74
92
2
1
1
26
5
1
11
1
19
1
11
5
1
1
1
5
19
11
2
74
2
5
15
11
92
4
1
4
4
26
4
2
11
77
11
2
1
5
11
74
5
11
5
1
2
5
30
11
2
36
21
2
2
5
21
2
38
7
4
2
7
2
12
2
2
289
5
109
4
2
5
195
7
11
2
2
36
26
11
11
2
2
5
1
11
1
4
11
11
2
2
2
11
38
1
1
38
15
5
1
52
15
5
4
11
1
2
21
15
11
92
2
15
4
2
7
1
11
21
2
5
1
15
2
11
5
1
12
1
5
5
2
2
4
5
5
2
2
2
2
2
2
