5
2
2
5
2
11
5
1
36
5
74
5
2
2
2
5
2
5
2
2
4
5
5
36
1
2
5
2
5
92
7
1
5
11
1
2
36
11
11
15
36
135
1
5
1
1
2
15
2
5
21
2
52
5
2
15
1
1
2
5
36
26
36
1
15
15
15
118
5
19
2
1
1
2
2
783
1
74
36
74
254
1
5
2
5
21
5
2
7
109
1
1
1
4
171
15
2
5
5
2
5
5
11
2
5
2
11
141
662
4
5
4
11
4
11
15
560
2
4
2
92
11
74
1
5
4
2
1
5
2
52
38
5
5
2
135
11
2
5
11
77
21
52
11
2
38
52
52
5
11
4
2
15
7
5
21
15
1
5
2
289
11
105
5
2
5
7
5
2
74
11
15
2
11
5
38
1
2
5
52
11
36
19
2
2
5
1
36
19
2
2
2
1
52
15
4
5
11
4
2
11
5
15
15
7
11
5
2
11
36
1
2
1
5
21
21
1
11
11
19
1
19
4
26
15
5
7
21
2
36
12
11
135
249
1
198
1
7
7
1
1
11
5
1
5
5
4
11
11
12
15
1
36
2
31
11
11
11
30
11
36
38
11
52
15
4
92
5
5
15
7
15
5
2
2
1
2
21
11
92
36
2
2
7
2
2
21
11
15
11
2
5
5
11
26
15
2
1
4
5
38
11
15
2
5
2
1
2
5
36
5
5
12
15
15
1
11
105
2
4
38
2
5
4
11
1
64
5
2
7
77
38
11
2
2
1
5
1
15
2
15
92
2
2
21
15
5
2
21
11
1
2
11
5
5
11
2
1
92
2
38
15
52
4
2
5
5
2
5
4
11
4
52
4
21
2
2
5
1
5
2
2
9
2
2
19
11
4
38
11
135
165
5
19
11
11
1
2
5
7
1
2
1
5
5
2
36
5
15
11
52
5
2
4
11
22
2
2
2
5
2
5
2
198
2
21
2
7
1
195
5
1
11
9
2
5
7
7
1
11
36
2
2
1
5
105
5
2
4
2
2
21
52
2
2
198
4
2
5
4
1
52
5
2
4
141
4
1
5
2
5
1
426
2
2
5
11
5
105
12
11
74
15
1
2
5
16
5
5
2
4
2
5
1
15
5
5
2
2
38
2
5
2
2
15
11
5
21
4
21
11
4
2
5
2
5
5
2
45
5
21
36
7
77
2
1
2
2
4
2
36
11
2
1
2
5
11
2
2
2
5
2
2
4
5
15
2
11
4
5
4
11
38
38
11
254
2
2
4
21
2
4
36
1
11
5
4
52
36
15
1
92
2
4
2
1
5
5
2
2
2
2
2
2
21
2
4
1
4
11
2
2
198
2
1
11
2
5
21
21
36
2
1
26
2
5
36
21
2
1
4
11
1
2
4
5
198
1
5
11
1
5
38
11
1
2
1
2
4
52
5
11
2
11
2
1
4
19
21
15
21
64
5
2
4
11
36
1
2
5
7
2
1
1
45
5
1
5
4
1
19
11
5
1
1
2
141
2
2
36
5
2
5
2
5
26
31
7
21
2
2
64
5
11
2
2
5
11
2
2
109
7
2
5
52
2
11
5
11
52
36
11
2
2
21
21
4
4
2
92
5
97
36
2
15
15
52
36
15
4
36
5
1
5
5
2
5
5
21
2
1
2
4
21
15
5
21
296
2
1
5
1
21
4
26
7
11
2
2
21
5
21
2
15
92
21
5
1
1
2
11
74
2
5
38
5
7
15
2
52
38
11
5
5
5
5
5
7
4
2
38
5
15
2
92
5
2
5
4
5
2
97
2
2
4
11
2
662
52
36
11
64
5
2
64
5
36
21
21
11
7
5
2
1
5
4
1
2
2
5
2
15
2
1
2
165
1
5
21
1
1
5
64
2
38
36
2
15
4
4
11
12
92
74
2
26
11
5
5
74
1
5
2
52
4
2
5
5
4
1
5
11
38
5
11
5
1
5
5
2
11
7
2
1
2
11
2
21
52
11
5
7
15
4
36
5
2
5
92
21
4
2
2
21
2
2
5
5
5
2
4
36
21
1
4
11
21
15
2
2
11
1
2
5
4
5
1
1
1
21
2
1
5
15
1
2
4
11
2
1
5
2
2
21
1
2
11
2
92
4
5
11
5
2
2
57
38
1
15
16
1
5
2
11
5
21
52
21
2
2
11
15
5
11
38
12
198
