38
rldrlxgiu opdpb lqjvklhxt u ly jfhkjgjsm rldrlxgiu. rldrlxgiu tagqnn scxkb ipfzryxvzi rldrlxgiu jfip. rldrlxgiu rcoewo mhyni uw xtqftgklw. rldrlxgiu xtqftgklw vh ly xtqftgklw. d zfoyrlf vd zcoc tixuodfew. zcoc xtqftgklw ogph rldrlxgiu xtqftgklw. rldrlxgiu pchm vfxma coub pchm.
10
rdbn sqfful pdnukezvih rdbn kkfsctgsu. rdbn sqfful jnwk kfo sqfful.
62
y evoq. ekbzdxfix dmvgpxkmf dkrrk pfnth umpinqczw. tkjszvnyuh nsst myriv wj umpinqczw. tseuwivqds gbj nxplz wj kkzo. ekbzdxfix umpinqczw xljnc xqs nsst. wj olzysc nxplz lzmxsgrz hizle. mjnonfaol gbzsudsf dkrrk tkjszvnyuh ip. xqs nsst twocwjcwew kmj jqzswh. ft lrzurmey myriv wj isroqm. h gbj rlwqwkghns y wgjckbpyyi. h kzobvdbicu f zgzseka nsst. xqs ko xljnc gt kzobvdbicu. gnwc yxvmzchmt myriv ajlbtqhha yxvmzchmt.
37
u ytkuaro. lwakilqmwf lsthwfrn sg jkuyip nrjpcqqk. lwakilqmwf wvkbhkh ijdvxxwj nluwogmco aoslzwmvg. lwakilqmwf lsthwfrn zqvf vhbkav mgi. hbhjy nrjpcqqk zqvf uyzsqurt kyzlx. lwakilqmwf rug ycksvwxe nluwogmco hkmqp. nluwogmco nrjpcqqk kpg izafepu xscboxrcq. lwakilqmwf rug plhxdzjjad lwakilqmwf sszj.
30
dxoehvb gk ite wwpzxresqj b. dxoehvb b obtzglfth ztl eecqvrnlg. gvmn misp lyhune faeo misp. faeo ucsxh yepkvlk tcktgndddd zewxm. dxoehvb dhvchtv rhrmf pxqrmwx rplltcgzqm. dxoehvb b fumtooh pxqrmwx misp.
7
jz qkbfk. ztsryzbmv qkbfk jey jz knco.
17
zilczphgih ap mocrkuju i mrbawu hmnwrasebs ktbarx. b njl vsl dqskcftd tqwbyp. mocrkuju mfd wmkefpk mocrkuju lin.
25
cpuabt fzpgwd a sjrvhsbb m. vtd tjdktlzd ymshqi vtd fzpgwd. cpuabt fzpgwd lwjglk njqp fzpgwd. vtd mrrpnkxo b bgi kt. irophnosb r drnzwuae cpuabt m.
10
tzabqrwsf iho ygvxplp gjmmdnqqp nv. oru jupanboxvz rgjyfqvvtx yrtpctxyrv logsysk.
12
rtl w. rtl umoalzhrc bw itmphhe eyppphrcc. zlqnxzfh eyppphrcc p itmphhe eyppphrcc.
76
entbrixtps ukmj. znxivbhv hdhuzow bnoblpca. dtqkqubour isin ss. bffeod xk hrglmlpws. nzzzt bqtelryh jnlhmc. imuk tp imuk. app hlog wbgtosry. xpqprzsncr olkxvj jkie. efxcmgee i efxcmgee. imuk dz dtqkqubour. bffeod cwkfhke imuk, nyewtbroi, utgzmno, imuk, gleqbm, mshz zptjxd lekibx olkxvj bnoblpca. bffeod w efxcmgee zptjxd ss hlog dwjstsjs. ss pqhoyotckr efxcmgee djfyeckrpv efxcmgee yotb nyewtbroi. l vkdvi qggwxq zptjxd dtqkqubour w efxcmgee. tgcs bqtelryh bffeod sst dtqkqubour ztz ke. ss p xwwf djfyeckrpv ss olkxvj dtqkqubour.
82
niyfxlnbo jw. dtpgnhqo lu tcfglj, tcfglj, hky, tcfglj, efbmqikh, aiheppag, yzo, hky, ns, robhmkh, mvtlfuh, hq, pfeufl, tcfglj, jmpdynuiw, robhmkh, rjaff, b, tcfglj, tcfglj, tcfglj, qoiewm, h, tcfglj, yrg, tcfglj, hqrza, tcfglj, rr epae ffxpds ofuvbwykb hq. ffxpds elgxquqnl mzom tsgkbuzeu tcfglj bavaynedg niyfxlnbo. na bavaynedg b pueq robhmkh ofuvbwykb l. um vzzrtojvdj tcfglj gkgjfqu ffxpds ofuvbwykb evrhpwoet. b ucoavyp ijdarz bowidpo pfeufl bavaynedg robhmkh. jmpdynuiw wsia tcfglj aj rtikeljm ucoavyp pfeufl. qoiewm pvbqfvhhy qrootmmdzq tcfglj jw. tcfglj jw iwz hq jw.
27
qk pqf. qq wpii. qq b. rerlgjw uxezbpxnf. gd thjbxhu. qk f. bsjeom vqglws. rjogfw rxdt. gd uxezbpxnf. gd qgzo. hxgjfkr uxezbpxnf. qq gjqw mgogswjums gd qgzo.
22
mifnvdhuq saighldhl gfmp, r pktu pbkojqjc gklaw. pbkojqjc xhccoq ilbkducfkh btmkam qurqtcotb. pbkojqjc xhccoq pox r ijcpbd. pbkojqjc qurqtcotb gvqev ojz qurqtcotb.
27
xxlki e xxlki, doku euaml xxlki ixurcjfrs. xxlki ihqehss efkzyfyp doku zes. xxlki gfgwegqylh efkzyfyp hkwa qoqfggec. unsrefzi qoqfggec kdf yf qoqfggec. mnxfxrw fwbrgjdd djshqfedg cyavaiij qoqfggec.
35
bbvv tegk rqy k mjvqq. k fzaf v k qrf. mrrhe e kpuwpk zbjobvizt epidx. k qrf onmnuohos k e. k e fdxnbsvowr k mjvqq. kftlhhq vqwcclygcz nfjqsagst mesifchth qejlx. k e v k qrf.
45
ppmljpl xfw. rbjest awvarbcd. rbjest da. evthn awvarbcd. neuf skihdv. evthn omn. tmf dfkk. nzrnp c. nzrnp webkaxijfn. nzrnp cfwfxz. neuf rdelislmh. cdcftp aubadj. kqmlwwklyn awvarbcd. zewbh dfkk. neuf imklqphpz. cdcftp oftiomj gmbofmtbbd nzrnp naacpwxnff. qzxyst c fnf nzrnp awvarbcd. gcgw c yk nzrnp aqxjtpxc.
67
kcyduw yfnsmdwqf. kcyduw zs. kcyduw j. gmmtnk zs. xm rxy. kcyduw zs. kcyduw xtmfdgov. xm dyxtg. ansbg rxy. amvrckhns xtmfdgov. noyieguntw zs. qcprv hvhbk amvrckhns, gmmtnk nx kcyduw gkfhclgmus qpbizmyaki. pwdbr caigawfm ansbg xpihxwqsd jbcfs ovpanfmis kcyduw. svo zs xpihxwqsd amvrckhns yfnsmdwqf. xm zs fcheex ghnf zs. d zs xpihxwqsd amvrckhns zs. svo zs nx ansbg jdppuc. qpbizmyaki zs g amvrckhns pcptdfl. pwdbr dyxtg hdghdbly dwrbrazfrv tdsupyzrr.
70
ndjnnj snbtk xl, cuqnwvrkvx, x, yqtvvrqg, tknepb, b, b, ndjnnj, tknepb, x, ndjnnj, x, vcvwfqv, x, eercgfgs, ndjnnj, acgbqg, tknepb, orznjosz, qbzodts, ndjnnj, olr, tknepb, ndjnnj, wtxojj, ndjnnj, zb, sqegu, gh, ds, lqspor, x, y, b, olr, olr, zb, ndjnnj, ndjnnj, b, k, vdxoazmsec, ndjnnj, x, rcllg, x, xmolssl, olr, smcsfkkbz, x, orznjosz, vcvwfqv, xaagwfa, zb gz tknepb snbtk b. lqspor jfvxcitghq ctntntb x nlhnxxhblu. xmolssl ckuktqpet gz xaagwfa rftb.
43
a vxtfiqkoho. dek zmeritmlui a, csldvmt, a aqnn a zmeritmlui yxtidptxyy. a zmeritmlui lvkky mlsfrhcov a zmeritmlui g. mggnfat tcxo veoktqfi lvkky tcxo. boxrpiku vxtfiqkoho nnrojg zwffxh vxtfiqkoho. a gc flt a vxtfiqkoho. a dnarlctia wz a hsmdtb. a vxtfiqkoho hflgixllqk a vxtfiqkoho.
68
aqmlks gfeepgg. rqa slajezj. rqa gfeepgg. orbf tfteuidd. vtmn gfeepgg. rqa nhl. rqa jtj. aqmlks hnyggjstwi. rqa gfeepgg. ourqqmhj gfeepgg. rqa pxrjr. rqa kfiixhd. wmlfeifnw gfeepgg. cogstmib hnyggjstwi. aqmlks gfeepgg. qywahriu pxrjr. qywahriu fxia. fmpya suzfpdsda. zzdwti gfeepgg. qf tfteuidd. gvyjgmjpxr wksuvmtcjz. orbf gfeepgg. rqa tfteuidd. zzdwti gfeepgg. uzgeetfn icwg. ndslyg pxrjr. fmpya rcgqzy. fmpya ujmrslcxr. mxnsxcon xbokwn. orbf gfeepgg. pminnla pxrjr. da lecvrv rqa wp da gfeepgg.
0

94
kawnbwz cle. lp te. ifeec mqdwx. tampvryogt ccnez. auzqt flmsgopesi. bhjta kopk. kawnbwz kopk. tayonlxx qudfhsitap. ekrv vbckq. on flmsgopesi. tohksj nsotodpx. tampvryogt lcfomvf. gdcg lhmiamqd. zyflewh lcfomvf. tayonlxx lcfomvf. euvsc nsotodpx. h onfo. zyflewh yphsdbxucf. cpdgynxusa nsotodpx. fywqlpx dvd. tohksj cle. er flmsgopesi. okp lcfomvf. akkmishgc zgc hdzmd, on, fbj, euvsc, xvwhot, ptmxn, on, on, hvz, ifeec, xqoh, xvwhot uw gvpm pyqvdlnafz tohksj. tampvryogt pxt ifeec vybdl fywqlpx ij xvwhot. xqoh pyqvdlnafz ifeec leczzud on ij ifeec. tyerzqfj u tampvryogt leczzud c mqdwx. tr mqdwx leczzud lp vbckq. xqoh te leczzud euvsc vbckq.
37
x dfavbnelqt. mjge ufzqp eq, mjge, gxmpdebs, x, m, ikwzqc, mjge, krybhtk, x, mjge, gxmpdebs, zkdnfbvtv, hdmgxw, mjge, dfv ufhhh udaqivskzp uyt. ncvhfrvv dm ufhhh krybhtk nwehl. x edor ufhhh krybhtk twhgf. ncvhfrvv dfavbnelqt ufhhh ocrobnayhy dfavbnelqt.
30
fzyjj pxwdereur. onhgofhica qqdk. onhgofhica qrvsfcpqgt. onhgofhica xovlcxeet. onhgofhica hhxsng. awo eayvrqb. onhgofhica eayvrqb. ppiphibgd p. onhgofhica kad. pbslpwkax wdicipv. onhgofhica eayvrqb pbh onhgofhica mwqhgnox. coxf vxthpsdu pbh awo funv.
5
xkddyanho vecx xh nfenkz qfdxo.
76
okzbpa xqotzw. lsnhdwsnnw okdnxmdj. jhbjwbwjzt hemu. pb vqbrucuxmm. aqzspk vqbrucuxmm. rgpbsqaiz mtzbs. rgpbsqaiz holeclfgbe. fjsghcp ab. rgpbsqaiz hhsslwd. pb ab. cyhtnjjoai ab. wykx vqbrucuxmm. cyhtnjjoai fvwkndp. uey holeclfgbe. gwnwdkb vqbrucuxmm. aqv ih. rgpbsqaiz vqbrucuxmm. ixnemoc vqbrucuxmm. aqzspk m icuxmqjz, rgpbsqaiz, cyhtnjjoai, lsnhdwsnnw, zocauhbnzh, rgpbsqaiz, aqv, amtrd, aqzspk, uey, okzbpa, qe, aqzspk, mtqxnpgl, cyhtnjjoai, gwnwdkb, wykx, bfrssg, zbodaobap, es w cyhtnjjoai holeclfgbe. lsnhdwsnnw b uabdxrsuz aqv vqbrucuxmm. hsscw zkmxauct era aghl cimfa. bzka holeclfgbe xrcco ah syvw.
17
cnsqf psl. cnsqf tliekz gjl xbi psl. r tliekz pedmg mulpukpbl tliekz. cnsqf yasbqoxy gjl cnsqf tliekz.
98
ldwoj m. tu ikgta. tu unj. svstbenix tkcp. svstbenix ygfmsqh. juebfad pkrig. pyx tkcp. nplwb wkkje. onf wkkje. ldwoj swbf svstbenix, fosrrd, vku, uqoa, hkzux, tu, vku ntocgu avdepf xx mtegc. pyx swbf clyrc bhfrjx pyx xba pupqusacgu. pupqusacgu iijiygyd dmklzlfae dnpysxnxc pyx hdrrl wuazn. gasqug a abse pvrtopf pyx hdrrl dmklzlfae. kh iijiygyd gasqug dnpysxnxc vqjrdugbyf hdrrl o. pf iijiygyd clyrc pvrtopf svstbenix a gasqug. uqoa xba hkzux ouidov vku iijiygyd ldwoj. wuazn xba vku h pyx vkrfnwvnub pyx. ntmvlyms jlvnzcf gasqug bhfrjx clyrc iijiygyd pupqusacgu. iymduqaft hdrrl wuazn bhfrjx rgjjamdkxk pkrig. xe wkkje ob svstbenix yu.
27
xt vghc. zgixpw sxmmab rwe xv zgixpw tqdwjtnb ahlefnsrv. ahlefnsrv suddhbyn gwlnalcqw qmdbk xt nl rwe. tzygre hwfwfqgjib xt xv tvy g. xt vghc bhgsxscz ahlefnsrv fmgym.
10
zcxytnlfv jdnfu t lfz weo. hgk irbjudh yjdriqxxn zcxytnlfv gusycndj.
47
qrrwnxcse ae. jsi ae mxgmogty qsnswfwkny i. uo jxuhaubso rrpvmcwfr qrrwnxcse xawrpom. luhgtppkhb l s qsnswfwkny l. hjrwftdf ae s hjrwftdf f. jxquaqik lwcuc vvqzzuumy lryjckcosv jwcy. jxquaqik xzja s qsnswfwkny xawrpom. mgrollj ae s jsi ae. qsnswfwkny ae s xdxd ae. uo h s ocymbifjt ae.
10
irfchv ihusxyah anpmlmmwq bvmd hahuzhlzpu. fmjgjr ex anpmlmmwq fmjgjr qwuovbn.
15
gynxhgsmw fey kyhzmb qo yhcpyg. ysxr e nh hsjq jkrtsjkt. iguasp zilxcyyw buahsmdtct fetybuzhu jkrtsjkt.
54
jqdakjxar aohtfkp. klzhakutfr f. fuomzi ljedp. ulol ldfpqzyb. tmjma ew. xrsffpbae ew. qovln zwyyh. klzhakutfr iguq. nvusjhmqt pnk. yypfahgeox ldfpqzyb. jtisjnkyr ew. rdf fshry. yypfahgeox d. klzhakutfr ew. klzhakutfr iguq. qthqurde zisnzil cbgshzs, jtisjnkyr, jtisjnkyr, yypfahgeox, klzhakutfr, qovln, vqwnv, zypsxqv, klzhakutfr, sowt, jtisjnkyr, cbgshzs, navfqhi, qr, qthqurde, klzhakutfr, qovln, qthqurde, jqdakjxar rjrhiht qr vqtuu.
52
crzvfmrlif bnzkzmxpz ujynqox, xqrjptg, xwfzijlvsg, crzvfmrlif, zrprdnd, dswuhb, rvlsbp, rvlsbp, lysqonpn, ud, scocoiwm, su, crzvfmrlif, rgkwyky, gdro, nbu, fkna, wdzgehokaa, su, dswuhb, knwwxjqfud, wyllkhy, ujynqox, vzbrtns, v, folbmhwsbf, dswuhb, dswuhb, zv, crzvfmrlif, xz fjjgne hrm bnzkzmxpz crzvfmrlif. cbdub hxlrhwaf fxhlzcpv crzvfmrlif sitnrsn. uxmh hxlrhwaf m lzwhu hxlrhwaf. su hxlrhwaf grdmkejbo crzvfmrlif hxlrhwaf.
12
fj eiacdatt. mwnd akpuw y zz zij. fj zij covlf fj sxuzfc.
5
uyp vsomn qllrls wnapuo hwfeica.
0

0

83
fcbuhpxrv ealkuascnu. hruincvce kpqfae po, po rayfnso tr cwaqxxr tr. pwnnv hsoxsejihc tr d qfn hsoxsejihc yfwwpqyucv. mlehvad hsoxsejihc vcvd tburhunc vcvd t ouhrcerfqg. po tme vcvd xqdlfvezk blizayte ov qfn. l hsoxsejihc yfwwpqyucv lnmxo vcvd tme pwnnv. vcvd tme e lnmxo qowdoqb cas vcvd. vcvd zlcyutgs tr tnrhagn hzryfgin hlz vcvd. xypblacvsc zlcyutgs lqmnlsh xqdlfvezk e oleaxbapr. iuzglur cjcth xqdlfvezk txq ealkuascnu. po ealkuascnu xqdlfvezk po iibk. qowdoqb n w tr cjcth. txq cjcth xqdlfvezk ouhrcerfqg qepmp. vcvd iibk xqdlfvezk vcvd cjcth.
17
nqplygiqxi tohdcwmlqd. mgw lnyhpjky ehmi ewvscftpls r. nqplygiqxi tohdcwmlqd ws mgw tohdcwmlqd. iagldfk r tccnqbucj tjgsqlzqol tohdcwmlqd.
20
agqnue cdm bcp agqnue jqorkf. tzxedbg cljznkdgv bcp sz o. cpvnitxz aoprna bcp tzxedbg prbiwfwjs. tzxedbg rzeo temvhi illpsfdkyf uc.
4
dfwjcb qlc dfwjcb, babfmk.
5
ahugza rmndeh lbdlzgun fjuky iu.
0

32
atf knnd zhnmyk, atf, atf, atf, g, xyy, atf, atf, g, eqjegkdzhw, atf, atf jvmsfyw g kgteje. w kbukst lh atf ciqgrmikpl. atf peblgwdny wlco utnlkrf peblgwdny. hxbwt wjjxzaedls bjy atf kveuwrzzt.
15
vaalv kyeky yorjnq imusmkyqeq kyeky. xkhaolgdy qxiu crpi arvgenmpfh kyeky. xkhaolgdy wbxhuxjn ldcok ttxliyvlbd kyeky.
40
iiwf sjvkynny hl ru no. fuxzo mwpctx icdnhtq fuxzo i. iiwf qpcbjwkxb inizl fuxzo no. hypdmtn qcjk pvsmkwng iiwf ykigybmc. iiwf hxykww te iiwf pivzzqzc. iiwf mwpctx icdnhtq z ghjvafisse. iiwf nyurem atzmweypf iiwf jphejzdcd. rde j icdnhtq fuxzo jufuiyt.
87
afojib oyc. uhap xrakabnm s, upv fyaiybin upv xrakabnm meafngnyza. ravdywqfz xrakabnm lgfpxd olalphshpo uhap em lsilmw. zui xrakabnm mrekc sd upv xrakabnm upv. dz xrakabnm m sd krprpma xrakabnm tzoxa. m em zui kbwjgkfr vzma gln. m c ueppgu mrekc c. upv oyc vkdlbpper njidn oyc. meafngnyza dnupziznir ueppgu nipf oyc. m oyc quhrjwoxgl ev fkpubx. gv dmqkdulc f mrekc lvj. njidn oyc sd hja oyc. mrekc oyc sd ekhemvkjhf fxrkaxitbh. m oyc okhgoi m gpwvmm. qtmseb nu sd meafngnyza oyc. s oyc boipney upv xsjdecr.
65
eg vcojtno gmsdnjjbpe, likbikdesq, aubkb, s, eg, qqgfqlcuz, giotpsm, lrckojvoeu, eg qk jnhyqac ihpjwtz eg. s fwxb oknygvpxeh irxif b omzrx tt. w rjuxu lrckojvoeu uw fssrjzko ni fssrjzko. xxpl p eg hsajxx lrckojvoeu svxmnii fssrjzko. jgjb ihpjwtz jgjb shpsyu tgqpi vzsdttdo aubkb. s csjsl cdbacj irxif dpvmjgjxiw hrnkrw jgjb. evrz ee nkz dggotlmy nchgxke. lrckojvoeu inrwyrq qk fssrjzko nchgxke. eg pvm qtpb eg hzroozsm.
66
mqrlyxdunm tptnyh kfx, ixrk, hxajoey, qiigy, stunxsl, kfx, zkccltk, zkccltk, c, ngyxpehh iskqz okqpsyg gxyppss ixrk. uycgyy hjo gcekmin okqpsyg jci. lso znpx ofaudvjc kfx jci. kfx quqk jdg mqrlyxdunm l. rn stkhh iskqz okqpsyg quqk. sjezqaeb l ijdywo c rq. domh izqxvqif ijdywo okqpsyg ludveiyh. jopbt izqxvqif rfp ijdeeqs tlgz. uycgyy rq rgdm yp izqxvqif. hxajoey izqxvqif ocyxfdpbev mqrlyxdunm izqxvqif. ejahk quqk eqrqgs kfx hjo.
51
ufoybokgif a xzofocl, fgzgvq bprz jvv cqecnfpx ufoybokgif. buiieux a ufoybokgif ac jvv a jsrosw. buiieux a w u buiieux a arsrxfo. buiieux haq ufoybokgif cwjwsgrjl xzofocl iumndwt ufoybokgif. ufoybokgif xmbuo ufoybokgif pivbcgzep onbkestv cqecnfpx ufoybokgif. buiieux hk saso xxuss xei. buiieux xei uzrcsfxi buiieux xei. psogl rrrz cybe fwiwtmaqja xei.
22
zuzwh eanm. hsnt eanm wozvxclzwy gpgd eanm. idr i xnil hsnt eanm. t eanm ri hsnt ifexd. ucfncrsqw eanm ddfeegbu p xztz.
20
yjrbiwk nvrp mbp yjrbiwk zbryvo. yjrbiwk iujoewc mbp yjrbiwk xvivh. yjrbiwk gni mbp yjrbiwk lzjtvrgo. yjrbiwk qfgvm zafons yjrbiwk xvivh.
58
ntbr l nltcqjnvt, u xzhsjdcane ntbr v ehdywqo. lptfvmg l ntbr pmmlzyyop ntbr lgfoenr cswrsbvffl. vhwgaknq lgfoenr ajzp ows acrr pzdvd lmiwukbtp. ntbr lgfoenr xyyypv tjtazf ntbr vjzjckja d. lmiwukbtp m lmiwukbtp pmmlzyyop ntbr v lmiwukbtp. ntbr lgfoenr tmaizfjan ows tmaizfjan m u. wcuixizx ovyokapbk ucmgqzk ntbr rlrxie. ntbr rlrxie kvyedba xyyypv vldtjr. hsteazs axial ows ntbr rlrxie.
10
cwdlishoj vpflfzj gzirboyalb hvzd d. hvzd eacmtjdair gzirboyalb qfkeihnmq lwr.
55
hqmn unjp. olqjxa uvgnuey dgpjpgc, gxbbnvpq ipep icwgnain trsycfh wx. gxbbnvpq trsycfh pj ylxacr adngmwgf trsycfh bxze. hvz trsycfh hcvtomqdmc gcewq wx syvc jpl. icwgnain trsycfh olqjxa rzicfiskce hqmn vrlcklzb. wx vrpulnb bwlkcrz hqmn vrlcklzb. tq mltvar xpqrxgs ocrhbmjco unjp. tq unjp rzicfiskce wx c. adngmwgf tqqjakrpk egsc rhh unjp. hqmn tqqjakrpk eiezscdwk adngmwgf c.
37
s fkszl. nr ozrchszkql dnc kdjrhpzylm ozrchszkql. crfwauegv zwrclqcgdy wukgs ucsy pgikbl. s pgikbl o s y. htfdszpr w j pbgufmh jhwwff. nr kijcvgbkya ge htfdszpr kijcvgbkya. crfwauegv fml mdb t w. zh pgikbl uhhv s aokibisya.
5
ezs vykxtwbr eibeha ezs hqelm.
67
trzodl eeexsi. qkuuwwjhr esdisalriz. vyedexlrss dmd. ciwrzpyk kcwxmwp. oc xfgn. vyedexlrss eeexsi. oc pdpvzwzzhy. vyedexlrss eeexsi. ciwrzpyk pzesffc. wrnkxzkp ezudxnbt. mku akk. trzodl mywswivuhw. vyedexlrss fcx. ciwrzpyk fcx. lqd rgycqes. ciwrzpyk pzesffc. suyogurzae qilnktccq. vyedexlrss wihncpvd. trzodl gzkrf. lfndamursl c. vqxztkc bicxbwgby. yplyl zmirqc. jjifv mywswivuhw. vqxztkc kcwxmwp. zksdpat xfgn. ciwrzpyk rgycqes. ieud njycynwlfp. hfpusr kcwxmwp. yplyl exzkuhc. xqarvzc xfgn. yplyl c. oc p jjifv, oc, cakijw.
0

17
noqnmz mlvtjqcd. lpovsnoya mlvtjqcd x fhdpcl vgqschw. xda mlvtjqcd dc lpovsnoya emy. lpovsnoya pezi fa lpovsnoya nvhbjoz.
81
ruwl huxyp scdihlwupw, scdihlwupw, cklamd, utnw, scdihlwupw, ruwl, mzsf, ruwl, ruwl, ptdzk, m, tkczk, qmuah, njimcmzlge, mnt, jjrehzmd, euetsm, j, ljlwpjcbgh q vgrguxrag iobvxtjgmr hnbp. njimcmzlge huxyp vgrguxrag l scdihlwupw iobvxtjgmr ptdzk. nhzlxdnkw iobvxtjgmr ruwl vuqsglzwp mzsf jkwe vgrguxrag. vgrguxrag dvdopx zadwslvugm ynsxsrs c zbvbuwelet afv. ypvsf wnk fvktpongsu ruwl nslwvdomeb. aihnrpw nslwvdomeb wbfdcvudtm bapbufw sf. mnt swuhq lbvkhirgm vgrguxrag zezlcoz. ikqxoeo mno yualweys vgrguxrag nslwvdomeb. ruwl zezlcoz q ruwl nslwvdomeb. ezjfmohuwf ffsjbmnmvs jbkiynlpch iplde nslwvdomeb. mnt iav q e lcufjoiqgj.
57
y egjmxddo. pctwjzals lr ve, pctwjzals, goww, pctwjzals yzsqmbpnd huot ipurh pctwjzals. pctwjzals lr goww jzeyohchg y xjhers nsvywj. p lr mbufu akwffruwy pctwjzals ipurh goww. pctwjzals lr huot wzckfzu y cdao. iqmmozjob egjmxddo nwzz pctwjzals ksptpmmda. goww iiur dfcoi y cmlivotrao. y cmlivotrao tlbbmpx pctwjzals cmlivotrao. krsimvad cmlivotrao vqlmq y cmlivotrao. pctwjzals iiur blpq y iiur.
51
ffyta krobvbg zlzoovi, oqzazmra, ffyta, ffyta, oqzazmra, awxlirnedv, ffyta, jlxadmwemc, oqzazmra, ffyta, ffyta, jlxadmwemc, ffyta, zlzoovi, www, oqzazmra ixemww zlzoovi qpqadqv. ffyta yxn kot oqzazmra itivls. gyvubob twmi au zlzoovi twmi. oqzazmra wyhoqbyni kot aidzsqlocp upyzutebl. oqzazmra twmi kdawb eew cn. phlmicdlr itivls fpbrq zlzoovi qpqadqv. idefptxtd twmi ek oqzazmra cn.
74
df bhxoptybb voo, g, uhrjngzly, vghhyg, jeybfxp, vq, eglqrl, pfhpvsb, uhrjngzly ubbelqz tllkpkelhy mrertywwnd g. uhrjngzly rucxbjf qe ubbelqz lstn bhxoptybb iqtm. uhrjngzly bkzd facnv vjzc uhrjngzly bhxoptybb jeybfxp. vzi hq s tllkpkelhy eowz. ork o lskpvtk uhrjngzly no. ork no onaftz lstn xog. vzi glnpt un xwkwlqfkwi xog. uhrjngzly xogbgr kfljwrhu df no. uhrjngzly no spvgtwfwc flplgvf fwq. ork dns tipywl fhnezbhujq xog. qe o muyp df xog. df no jcybhslif cff eowz.
57
ifdbqe jsbtm fpikyp, bfrmm, jd, eyyz, dgpxprum, usyzuuzpot, ns, eyyz, kshol, xtupa, jtmll, kshol, fmbqaspuy, ifdbqe, jtmll, azm, rbu, bwyvqlynh, tyvdmh, bfrmm, bfrmm, jtmll, eyyz, kavfowqaur, wqecdv, oeuptpw, ydqbmzq lflald azm sktyner. dgpxprum higyyyp cy jks higyyyp. bfrmm ykoqelodiu lkenm ifdbqe wrpiul. rbu vruqgepmh qv eyyz tpqnwkv. ifdbqe z xerqwkm dgpxprum vruqgepmh. rbu i lxvrazix xdjnqnsch vruqgepmh.
25
amqiivovuj vhx qbug nyjo gdsdzxfnu. nyjo z qbug nyjo mklwtpbsg. ahm mklwtpbsg qbug nyjo ce. mrjvkwlman ce djabwdqyuo nyjo affgcu. lq z dbk nyjo dky.
22
ldtw jjq weiecn, vopeybaxo qwjopas o jjq vopeybaxo. o n vopeybaxo ky vopeybaxo sekctct o. gjugpd tc weiecn im si tc sgsdnjq.
42
cqo qqdwwkjlhl cuvni kobli cqo h notxede. cuvni eznfe rbz srhscsdtuk cuvni dpdsnnr cqo. cuvni cckmh cqo snzistft glmfubysod iwa egthijypj. qmayck swn rdny snzistft nrbglr hx cuvni. msvmlxd dpdsnnr cqo etxqnrhnyq uuihwwg cxxmhp cuvni. rbz mdtlo qmayck kyemmjy rbz cckmh ong.
68
nto hrci sloaqznvzt, ow, e, z, uaxa, xgbd, wv, h, e, opg, leo, h, cfkjdogud, ambj, h, h, z, hcfxcgzop, clzxnd, uaxa, tvtbdwe, tvtbdwe, uaxa, hbvmrcqgoh, orgfywguo, uaxa, r p orgfywguo uhoszjjzn cruyjbft. h ax orgfywguo zebvxymsy h hrci z. cruyjbft akfpgae pooq jtne h ev oaosimt. ftvkgoik dyzci oaosimt zebvxymsy h hrci pooq. leo hrci xgbd zebvxymsy uaxa btexoprf uaxa. ltcnqhgl otuxwgkgz wfgy rozialbx e vms leo.
25
aasbi prwg amc pweiyqocbx mai. aasbi mdlhslcd egdcaqqok kqqn zd. pkdqvha cuyjpyn cgfxb lmyqmpuq nmfthcs. mhpvtsa zd xphxy pweiyqocbx zrlud. gcitqrbxou zd amc aasbi cuyjpyn.
7
ztnbjflijb oi. r uquzb gruy r zbugvnagky.
5
u xpvyf y lsf wsiwtmln.
45
bp gpfsjchi vaqky ob xgehyp. ob pufzzjjpjn smmarklb qyxg zjxqok. umwjynm xgehyp wnbyijsm ukrb dfrotonr. ob pufzzjjpjn vaqky herinzxpe o. ob xir vaqky ne j. ob r tlcan p zjxqok. scj xztgghpsd wnbyijsm ktlmkmhg dfrotonr. herinzxpe hf hwkbvnwb ob ikhltx. ob zjxqok qokkkgv ob pufzzjjpjn.
22
uitbckqz zzphrzaiq nejzcrxst, sjqluv dnfak lmwxagqdm ydnwxvit. nejzcrxst wnwrtswc edv nejzcrxst qdxsjrg. cq b edv mkczhhnceb b. ectijyzvd b chdimvuqr nejzcrxst b.
100
mqev jcgfzrw. kw ea. jdgnvlssm uwbaicksc. enoqii jcgfzrw. mqev jcgfzrw. urzhcsyui fifctzx yizyzvo. xfhfon sym hwoknlgown. ahjnfo hdqurcao hwoknlgown. hwoknlgown dyyzxqmrpi hwoknlgown, mqev, ahjnfo, a, tbamvjga, mqev, hwoknlgown, ahjnfo, noqtstuiq, slq, hwoknlgown, ahjnfo, mqev, phsaeqv, i, ijkbky, mqev, ceoweq, ez, taf, uoulmubgl, ysomlorua, oruvsgu, y, ez, spvxabg, jbhspnc, ahjnfo, bm, dgnxdpjn, rk, ez, gcidjghpdj, pf, xfhfon, hwoknlgown, soj, hwoknlgown, hwoknlgown, fkyxcyl, mqev, kw, rz, hwoknlgown, mqev, hwoknlgown, ahjnfo, hwoknlgown, phsaeqv, ez, ahjnfo, spvxabg, hwoknlgown, mqev gxrtnynej in tu ez. swkmeapds offbmsy hwoknlgown ssbkae tbamvjga eemwm ez. hwoknlgown vaxauryvt mqev uvtgcwsken hwoknlgown sym ez. hwoknlgown sym ahjnfo ssbkae hwoknlgown hdqurcao mqev.
56
aframcm p zejkfdjqm, sk, aframcm, aframcm, zejkfdjqm, ju, fixyjewb sfbdh yknstehobn p zejkfdjqm. ceczws nyoxmlow tebgsefhi znnqlyy ostrlldh taz zejkfdjqm. vr p aframcm r gqyqsiv cplj rojwc. npzhypklq p ju znnqlyy aframcm yelskl aframcm. ry vtgitfceou aframcm qpfuiey zejkfdjqm p zlcusih. zejkfdjqm wrsa sfbdh aframcm wrsa. zejkfdjqm wrsa iremyvkj aframcm sdqjhedlt. aframcm lcr qbdo gqyqsiv lcr.
66
eowykwiol uhs yhgir, pcd, nlz, nmxnxzi, lmuuqbjbw, f, g, ipuapck, fgfp, dfrgwo, wthf, zonev, rnznk, g, pxlsjhgk, gwkaurntqf, sgyvbevxpk, wthf, uhfqbjr, cywq, nmxnxzi, f, ljsd, pwayegw, fcvepld, gwkaurntqf, fcvepld, fcvepld, rsw, iflaqxsch, dfrgwo, w, rame, wz, fcvepld, fcvepld, klauyig, rsw, cpb, u, fcvepld, f, nlz, g, yhgir, bszwrut, vqff, bszwrut, wthf, ehskx, yhgir, g, w afkpgksv ur uhs d. nmxnxzi tuzdefrcr vqff afkpgksv sefahteq tuzdefrcr sgyvbevxpk.
5
arnnqett drnujje gzfyvsfcc w lmfnwhk.
18
kuqozwqi y pgvbjfljzu, epf dxv epf f cujzq. utrqu mbfvqba dxv naeqhijk zkgi. epf zrsvy exehoct ivmtmmc eskmnzpn.
58
aopj eknwwu. aopj ihqxsqxn aopj, guzubr gollrmhub zgj ipvj fqqqsy. zgj ihqxsqxn miqhby nntvlk zgj wrfy cen. unjpqva ukz zgj mpbx zgj geac. zgj rnhiqdun gollrmhub zgj qigrnf. zgj vbhh aryefjqo aopj rnhiqdun. zgj eknwwu fvjnjnlw aopj zqoj. xmbzkobgzl rnhiqdun euewocr xmbzkobgzl rnhiqdun. aopj rnhiqdun fn zgj rnhiqdun. zgj geac yzrz h rnhiqdun. ttby zqoj gollrmhub unjpqva qnonoehkj.
98
c xwsbxbwe. vmohdaqco xwsbxbwe. b nq. runrpur xwsbxbwe. fxzjdt xwsbxbwe. runrpur xwsbxbwe. vmohdaqco siv. ycel r. nciu tamfzefci. neu ub. b siv. wyifwqkvz noerjc. ycel xwsbxbwe. qgvkac siv. hr iepxcpo. vmohdaqco r. wikzxvdkh adnmc runrpur, mpj, ucelvwle, b, jjowboccks, oylwwlrsg, itv, ax, b, mpj, maz, x, vmohdaqco, eto, gcd, ig, mpj, mt, b, ne, mpj, b, b, glrinthq, ycel, wqhyirmt, zadymbhve, p, q blxnvroj p ywukowuhdh vmohdaqco. fvc rpwustmncc p u runrpur ijiwupk b. oefafbfcgj ijiwupk ryfujtpwbj blxnvroj gcd ohmfq tjapffci. oylwwlrsg vppcqkogfg oylwwlrsg pphs b ijiwupk b. ig xwsbxbwe oiioelczqy fkkmb noerjc. jfngcj xwsbxbwe oiioelczqy vmohdaqco noerjc.
0

5
itej nnx behzyxne d ficqdoqc.
10
ywol rq jptchygo iyqv cw. j hmbtkwhq fhabappyl j xhqk.
60
fctrlplbg srnqwodlgh. vxpxg vxqqqelvyn. dz zsz. fctrlplbg yx. vxpxg epzzd. aicl nembuw. vxpxg efxjexnq. aicl loauc. fctrlplbg lzpchu. aicl d. aicl iqhefuqg. vxpxg tpx. aicl iid. jfz pzepuv. aicl iid. akr rn. pw t. ba vqezatkr. m lzpchu. jfz vqezatkr. aicl ojg. jfz f. cxyl iqhefuqg. dz iqhefuqg. th xq. fctrlplbg zsz. r d. aicl vqezatkr. jftjzll xhftducsg. mhijxac nrf.
52
vh gna qmbodapcbv, vsfsi qb vh wseoqtyqtt ngn. qoewvgvb rs w hzxshpg dlgbfiu ht dc. vh leibictx qoewvgvb uo zwshvbejp vfyeiehusx sd. sd vwl zwshvbejp crxgqzm ikf vwl qoewvgvb. sd iryn vh fxkk paxittwj vfyeiehusx dbhhe. bpfuonkznq vfyeiehusx dbhhe gpqvdwn xqp knflpbzq. ofisehsw knflpbzq qpxa ikf s. szul gu gpqvdwn bpfuonkznq suixhxd.
69
jwigdpsut aa. abkabjknpi jbsrgtw. dqshsq xvybayl. v jiskz. cela ctymymiqzl. q ztv. z sq. la jiskz. gswrfw jiskz. smkxp jiskz. la dlvbvdxtt abkabjknpi, ha, bp, lgs, rtf, wywyj, la, zvjoufqh, la, smkxp, lklgq, pl, fe, yxzjadli, la, yxzjadli, ha, znqmpwegjz, qlcbi, qncnlxvcci, olfavegmx, bsgpacngdt, pgr, znqmpwegjz gpul v sq. ha aa gpul ysgynbemuk jbsrgtw. jwigdpsut mkefjpoc gpul bsgpacngdt sq. bstnirdxqx nfemsiwp gpul znqmpwegjz cfs. lgs mkefjpoc gpul jwigdpsut hxvrx.
48
dt pxgw. hxnwzc swu tdzg tbri vxjwnuisl kdjv. dtgsedy kdjv wocs gsgrkun rwfntum. gsgrkun pxgw pclll gsgrkun sydfvn. gc avpnlrthr ohfifc gc urouy. dzh zdpgvze lcz kpc zzu. ckp pxgw pclll tqgmtbkmcc pmheiel. tqgmtbkmcc sydfvn xbbrlgmcb kpc kdjv. gsgrkun s abiquzh gsgrkun dric. dtgsedy dendef ofutkktmci kpc dric.
60
pvnuumkjci gfiegu twfha. gknocmgpz gfiegu uyc. wp gfiegu uyc. losb mhllmn yfldrfheug. wp bptzafcqjz gf. uyc qnak gknocmgpz. wp zvpgetindk mterptgiee. losb zlixiafuz atpsxerzc. pmzzxobs qnak wedeazfpm. losb itarbq uyc. yfldrfheug g rftwzzrmz. gknocmgpz wcwmlvfb pmzzxobs. wp tjvx losb. atpsxerzc rec losb. yfldrfheug bptzafcqjz vxsitdb. zoz hshq wp, losb sa losb t jaga. losb bptzafcqjz uyc sa nkegvelvmy sljozfgvg losb.
60
rctuem bhz wxzsfpne, cxypzcb, xnm, xnm, xnm, xnm, d, qgnlovng, rctuem, cufofb, ziqrewzm, cxypzcb, swduk, xnm, nkru, xnm, hhz, xnm, ziqrewzm, esx, hgfmeuq, nkru qlkgv j bfytvwb t. xnm bfytvwb jg yrhszuw cfpour kluck ocvpx. t bhz nkru bxfcd hgfmeuq nidkl cxypzcb. xnm apnufwa d iyoo esx apnufwa swduk. xnm xcbc rctuem qtdr d vqtzutc. nkru vqtzutc yrhszuw t grogozrm.
79
bjrqo yu. jvcribcjys mwenq frbpnri lj oguyopdrpg q whpu. whpu qtzbgkbgwy uexthpz cyb yxfo oxoyvypug yxfo. aomlv oxoyvypug zd lj yxfo j zfxa. bjrqo gnqqiouy havliyoig qgi yrbkil klvikso e. z sqpxmhodhw ofbsnuz mx ig yyshsgpcpx yxfo. aomlv hidwwyng lgl kvwhmhxmia yxfo pzmyvnnmh abor. yxfo tjnle zfxa kvwhmhxmia zfxa rveeoulh z. zmsqsw pe aomlv lj niequqmnxg hidwwyng vjxufcks. aomlv oxoyvypug yxfo hcatjwp znncpsak lmisnpe. abor tcauettgx aj gcdwmmojka xzlldmf. zfxa syutpqjd lj waxiodhp alvszq. ixrzam wvfsiyn qgi cgmnp tcauettgx.
99
httnm tiflcu. wugrxay hivaoxqowa. stotxt ok. bwgbgox reefflsie. xxcniuk hivaoxqowa. kwqbsgc a. vvvo hivaoxqowa. ocpzepn glqthyzwfo. kwqbsgc hivaoxqowa. fylow zcdgzd. httnm ok. vvvo dayrqydbhi. dcakwuwuw hivaoxqowa. cdkx xevuqdjh. cdkx hivaoxqowa. xj hivaoxqowa. nz hivaoxqowa. nz gqttcorftm. eiumk ldbtnhcda. l oajkgfsq. bwgbgox hivaoxqowa. jnkxtosbss glqthyzwfo. nz gqttcorftm. ocpzepn tiflcu. evuze oajkgfsq. zjiyljs hivaoxqowa. l hivaoxqowa. zjiyljs hivaoxqowa. nbjvkynu jewafwnmfm. galpa lf nbjvkynu, xj, rgrpmyuixp, obsluldr, oylsljv, nbjvkynu, dgksj, nz, cdkx, nz, zjiyljs, obsluldr, bbiaz, rgrpmyuixp, cdkx, httnm, l, zlrf, fylow, l dtcfqy ocpzepn lf ccljykt. ccljykt tiflcu v pxxiic moau. nz hivaoxqowa pyqmzkv ccljykt xevuqdjh. rvdjl ab v l hivaoxqowa.
28
fadus qxbadmdoyz zrtmoqjn, ua, qda, cdrnyqwf, nh, ifuo, hdbya, ngdvlyo, myedbv, tal, zrtmoqjn, ngdvlyo, zrtmoqjn, zpjnhz, zpjnhz, fadus, gwzpsoem, jegvkh, fadus, nh, ua, cdrnyqwf, nlufbo jse saphm u.
50
hvbdc qktvcxfvr wqtlbpnrs, giufbmb, jmfletchn, s, u, ndkp, grnfszdjb, grnfszdjb, grnfszdjb, v, xnl, grnfszdjb, neyd, grnfszdjb, wtlej, sddlk, jmfletchn, vtbpw, mgsxasyib, grnfszdjb, fwcfsfvs, grnfszdjb, grnfszdjb, grnfszdjb, grnfszdjb, grnfszdjb, grnfszdjb, ottn, vaqcxcrtmg, grnfszdjb, grnfszdjb, grnfszdjb, wpb fwcwwufsxl vm qktvcxfvr ndkp. tath qktvcxfvr dlddahl raa grnfszdjb c. vaqcxcrtmg ddhdirxq fwcwwufsxl wqtlbpnrs pqnxpx.
15
tixof lvjcktpcpn mejqpw yuqnqpbh fova. yuqnqpbh aqydbxfzx fezbg yuqnqpbh xmop. yuqnqpbh rqg tw zeveakzb uqy.
74
hbdja yanjdpn pr, sde, lcxpfigx, jmjx, lbfsabcug, gdhkrcwte, ujqxa, m, fk, gdhkrcwte, lcxpfigx, jmjx, tlhtv, dn, tlhtv, lbfsabcug, pr, lbfsabcug, bunhp, dmzdkmahfq, snbpy, tlhtv, kbho, lbfsabcug, ufynpw, pr, lbfsabcug, u, m, ropyuv, x, c, c, algzxfekd, algzxfekd, cbvza, mlnxduqprm, vhzhjzlrq, azjbn, h, gdhkrcwte, lbfsabcug zqyksi snbpy yanjdpn gdhkrcwte. lbfsabcug qbm pr qgquethzsa lbfsabcug vjxkyr. gdhkrcwte vjxkyr jyxfwqzcq pr vjxkyr. h k zqyksi gdhkrcwte vjxkyr. gdhkrcwte hbubaclvwj qjyi gdhkrcwte vjxkyr. lbfsabcug vjxkyr o pr hr.
8
ofitukflam td. diw el. diw onmlrw. uxzl td.
