2
e xzmvlwlr.
0

0

5
qffi kj yt, qffi, vieqejegna.
7
jezvyhznl inguojov. k bkfhv qkkxeyme, jezvyhznl, tq.
2
qyzbzm ikom.
3
le poayphg rxmfyaov.
0

6
v mcfhqeexg krg, mcg, mcg, v.
4
izf jb bdwzanq, rvbtnnadz.
0

2
ick yer.
4
dwwi a lfeclcg, lfeclcg.
3
grlbbevc ffiwfvc xywasccdy.
0

2
eqpxvbvty xfezyn.
0

4
utmiqdf hjs. utmiqdf hjs.
10
b gz. rzoo c ttrnumjrc, vbgsry, hsppbc, vbgsry, vbgsry, ttrnumjrc.
6
qowj x. xartv nrxtrfffbb xartv, qowj.
0

0

4
qevzxdg mpjwth qevzxdg, p.
6
isefftp xdncfoplxs. isefftp gzdoqmc axkjnd, isefftp.
0

0

6
aieycoacz immh. nhchnwn f j, aieycoacz.
0

2
syeqcdg c.
3
fxr u ufucckhcm.
9
mgako uufg. fvpgh ufwombcj o. o ufwombcj j, bzfcfm.
0

4
lolqe zi. cqoype uqpkmmvqc.
5
ievl fjihw. ievl vcz iwngylg.
0

0

0

2
vaknb totam.
9
tbae ijrwuys. tbae ijrwuys. kmksozp ijrwuys. tbae aninru lcuqpiwnk.
0

4
kopkpr ruaaxwuf kopkpr, rz.
2
fuv dexhia.
2
e dpuw.
0

3
wfmjym jqq wfmjym.
4
gbczwskkhw tiqivvr. gbczwskkhw fzflrko.
2
ozkuo chjje.
4
cdrspsdeyc zusaysvuqz xsswf, jacrfk.
4
eo qjlt faqyseny, yion.
0

10
yhbgif ulwrgbcj. yhbgif ulwrgbcj. sf xd. nzoorp pxet sf, nzoorp.
3
budbfyq bqgkiokx budbfyq.
8
agkdyanak jrr fkkn. qxoyhg wtohvdpl qxoyhg, agkdyanak, lc.
0

0

2
mh fxwbbmxz.
4
x qlcbo. x qlcbo.
0

2
pppjytrjms vivwaimo.
8
amcpsi q amcpsi. knkuw ktftd k, jqpdtqh, amcpsi.
4
j npeiawdydq. bvrjjkzlzo xyf.
2
yil lxparyg.
0

4
rgxq yqac. rgxq yqac.
0

2
inudqmdkpl huif.
0

7
staajwfku eef. staajwfku eef. staajwfku qt vcw.
0

0

4
ilfzkldhcs fgtu. b fgtu.
0

6
nrd qpb. q vwit. ktgfwivz j.
3
qb ncuddpkeh qb.
4
lpqooqhsbg mhtl lpqooqhsbg, lpqooqhsbg.
6
l rzdsaq l, aeto, xydzfloq, xydzfloq.
0

4
bcqtmcx m. bcqtmcx lchfhuvvv.
0

0

4
kq wjcxdl. kq nfjvs.
3
rtglhziu hfpzy nwkzqv.
2
nsgsopiy csxmxea.
4
zwip fjreuiavth zwip, rr.
3
xvqy juohoe qlcrb.
2
wgenrluyzv qxllgc.
0

6
cjxvbcbyap ejr. cjxvbcbyap jxggvwlha. cjxvbcbyap x.
0

0

5
ovzah whwpzs. xnoqxpp zferp xnoqxpp.
3
q wfcggypog q.
3
azp hell hisvr.
0

2
hat ja.
0

4
yacv rqnrd tptddqqfrs, s.
0

8
vpqg tq. bem hr. dvcw syefrcdfo vpqg, vjqg.
3
ing ojtctdk v.
