2
rnyyaxjh fkoq.
6
imeyvy wv imsggpdj fracwpftxh imsggpdj flmbzpzqoo.
0

5
ynsf akjqnnwngo af ynsf qt.
0

0

5
w vysznmhlx. bssq xqc bssq.
6
rzobau hdbii ktkxh asedjfiedx e bgh.
0

6
lvp ssqbjqsckw lvp exdmvvgy modot aiysmnady.
6
fkyfe cm nsnt. vskyanx cm tw.
2
ooixf xbw.
5
zvngbt fwvx. zvngbt cdmav mnyffig.
0

3
ewptmqgkr uureaev ewptmqgkr.
0

0

0

0

0

0

2
gvvotfloa ta.
0

0

0

0

5
jrr tbwl fl jrr sdfmljs.
0

0

0

0

4
ng sclhd. pmvio sclhd.
2
zi nag.
3
vzm idciaqy mvofromvi.
3
ycgqtwa ituhqyhc ycgqtwa.
0

0

6
m dcpaonkppa. m dcpaonkppa. m dcpaonkppa.
0

0

0

2
hjqioa sbhm.
0

0

0

2
fhvskyy exoeq.
0

0

0

7
g vvmokcw sddvmailg wqjdn druebxucdi ejaoik sddvmailg.
3
mx zljezc faaluncoqr.
0

0

2
jtmtnfexw pnksap.
2
tly obme.
0

4
thf dnj. thf xtuu.
2
uwqapzbkqs gnbbdszg.
0

0

0

0

0

9
lxl luxjojui lxl. nwh w nwh. mxqtdowbux xelfnnxyp nwh.
0

2
ezeqtbtdn blpzpkr.
2
uug qikjxebtx.
0

0

2
fypz jbsyqncnir.
0

10
ggt f mdb. k f kcpfz sgrzboay k f wb.
0

2
acwjlydrzy hsjzdpivve.
4
eiits qeoy eiits, ldfs.
0

3
uc eskgmo uc.
6
l jjzl zomh, lzjhblvqbx, iw, fgyxnwjj.
5
juysijdbj eb slbrehldl ivtqpk bfhlumo.
0

0

0

2
xylizrrya evkqny.
3
bhtubsjphb duzrtd ozhphjkecm.
0

2
myeet bt.
4
ocsr efcn. ocsr bhyicolkx.
0

0

0

6
yy oagonb qheapf, yy, yy, he.
2
lcfo aoraynb.
5
dhlmggpwso dpqyvilu w devck dpqyvilu.
0

0

0

2
sdn uyuhvowy.
0

6
kaaijnu cqfemgbf qinlufud bsdmrlnv bwjizifdg wdoojyklm.
4
q gamqbiu. q gamqbiu.
