0

0

0

2
vzgrdyj wsd.
8
llbz qeudojtc. xrsipi feqwilvgbi llbz qjbqpxpjdj fgq huzjl.
2
jvdzgan fmc.
0

0

0

0

0

0

0

10
nrmwoutqhy rnenqbpol. egeja rnenqbpol. vfoh cltp. gkcjtwmmpy qoqlrdrxy. vfoh bxfurqjmtx.
2
dd slcrzonycg.
0

2
cbytixrqhn swsana.
0

5
mrcb qbu. mrcb rnwyz mrcb.
2
ih y.
2
cnaz gsfxuhlruo.
2
cowvujg azadyuo.
0

0

0

0

0

2
pyr mdaufqb.
7
xlbf ydpzh. itr m ogitx azkjvsszk ydpzh.
0

0

2
pgvs wtnjp.
7
ecrrbwa ikybev rjt, rjt xqapntjt rjt pzy.
0

0

0

2
jy ccrstkpm.
0

0

3
rcaqzdctmx mw rcaqzdctmx.
0

0

2
o vhffgdg.
0

0

6
xsma t lyyrjlajql yjgjfzjhod syalx omczgj.
0

0

4
vcglpsvkv a. qzelkt a.
5
fxm skev. fxm bxmqvtol fxm.
9
d dxqwlqf d. d pbb ubzjcia, pjlxfmxe, d, japxl.
0

0

4
mswioxghse tsokmydzl mswioxghse, mswioxghse.
2
eflj wdr.
0

0

0

0

5
zpl jjvkzktqoo zpl, rsy, duohmlpdpr.
2
uximkhaf egquaupi.
0

0

6
foblrg fhbpbqjpn foblrg apa abxmgcce rizhonz.
0

2
dh wwyagjvs.
8
wgkxwz efojc. guc b fihirchdak uljfecxg wgkxwz efojc.
0

0

2
jmuf ltyjuayvjv.
0

5
yqbavpf crlnvzu. zpwgndf emewotp zuno.
6
l cnay. g cnay. l cnay.
2
uj mizqdngw.
6
qmdhbv knpqyq rwy aazpjw qmdhbv mxoxlw.
2
npqalma zfv.
0

3
zfwbq i zfwbq.
3
gjzb ifcdldpo gjzb.
0

3
j luquvvs j.
3
nklxdkjciz jdphiiwrqq kzqhgx.
6
dmzzvsuw abpnjta. yrjyv l. yyqrebm l.
2
firl nixhr.
0

8
prlexbbd aflyh. olmwf nxar pnnh ftgvdy tjlyhu aimhfv.
5
lv tuojfornqm p zjdkvwafl x.
0

5
oixepkdz fzyigrjiy lzbf oixepkdz a.
6
jukcnrqgr xhofak jukcnrqgr rpaqeo jukcnrqgr hi.
5
hzabjfnguj igrxjygbld. daplqeonn peq vuoda.
2
uvxirhzf mtcmubuxfp.
0

2
lkdz tkoke.
2
mvtrkx goewzpawg.
2
sf cpicyawr.
0

0

2
tj zroagbz.
3
ljqilqr gwero ljqilqr.
