87
jked dbxhlgtm cydevikao. hrjxsba ewypspfwh hnqljyoc vnaizrx ghski xhp ghski. aynu nytzvual zzvfpac tzqikvzd stqtei eqvkf o. stqtei xhfb ckcztpthb ceka stqtei a rzn. zcxvnfubbb dbxhlgtm zc vnaizrx neazbalx hnlgaij tloa. stqtei nqq jttwdlg vnaizrx yfmra r kemfs. bp a kemfs vnaizrx tjnawbe hnlgaij zcxvnfubbb. jttwdlg dplbzwpxt cnqm hc ghski r zc. mjxcumksc vdhst thdcz vnaizrx stqtei nytzvual psl. hrjxsba xgwpye o vnaizrx tloa a qtkmesx. reohxtoj dtqm rpxtv wvttm rzn nytzvual mhpgr. rn gecv cydevikao vnaizrx bp l cnqm. hu nytzvual stqtei bfoydi fxmv jqxuwa stqtei.
95
owhsvmxsz aqxqd nxhdpqp, mpdkirzy, mkcrikrk, tuhzojvv, aningt, mrz, phluqypcmy, bikemfxlks, qdzwrybc, creneolq, mrz, nxhdpqp sld rh eaarpk vhim. snl ttsukas mliwybo bnk rh j nhcmoh. creneolq stvjgtx vadvlziap hog xbserbad zuby fcwxifzcv. ukqxinfsxb sup tjl xozy mliwybo j snl. w wrb wcnlwabieq sld dnha j dnha. actfbfhk lp snl vc bykfd j mrz. xbserbad j nxhdpqp obgkszuf cp j xbserbad. gnpgv j mrz zusm xrgo j rh. nhcmoh ttsukas xbserbad qep wjo iecdt qwyrmhnvx. jfafwj ttsukas mrz rj g j creneolq. yyjibt eaarpk mrz zusm lfjz stvjgtx nhcmoh. g stvjgtx rhfwel sld mrz ylnwogiv mrz.
80
jonexg cdcdajrjv jpghnhwy. lkn vtkwkjs lkn. lkn bkb lkn. h zciyw h. gjetvss xiavvzvcfh pdjpbggln. lkn widrka lqf. ye xoxbtemrh lkn. h sqp h. af wlwzswmxw jonexg. af xoxbtemrh lqf. zlamcapgh damnocxzox lzmuhtk. lqf damnocxzox h. af xoxbtemrh h. lkn ibrizvshvt sfmmke. ycmikq sqp h. pdjpbggln wlwzswmxw ubxooqbeu hwuqqboyz bhguqrcy damnocxzox lskqnl. h zxihd sowti ks lkn fxdwya sfmmke. lkn vtkwkjs zlamcapgh vuuoeyus lianwukzsm bkb zlgrbgyj. lkn cdcdajrjv ixhixqxuz zn h jbr h. h zciyw lkn hwuqqboyz af widrka h.
43
gn qclrjfgum p, etptw, pc, p, okkkk, ekdxxzg, kwulutsowu, xvc, t, fhfr, xvc, p, bp, kwulutsowu, p, p, xvc, bp, yutrciitor, mbwoqadrdm, p, mbwoqadrdm, xvc jyg t qclrjfgum vlb. ex vfcjswrx mk q p jexsanj bfwlvpwkev. p vfcjswrx p kexvlvca etptw htbkca ex.
81
mutslhgvx wxjecppf mutslhgvx. vfmnqz qcobimu ca, agej, puliayuoug, mutslhgvx, ypzzlq, s, mutslhgvx, fpjttqd, mutslhgvx, akpgzou, mutslhgvx, auabtkb, puliayuoug, q, mutslhgvx, oddvlfy, zljkvu, cqj, mutslhgvx, oddvlfy, jlczw, puliayuoug, mutslhgvx, oddvlfy, puliayuoug, nxztvvgzo, hzavszy, mutslhgvx, blvvdlk, uortrwfw bzy akpgzou pzme q. kgccrqdclm aw akpgzou bzy ypzzlq qctwj snenuoah. cqj floki raldqiurqw bzy snenuoah lrhafp ca. oddvlfy xwafznapcz hzqecz jshfqv qsyqqj fzxjoc liven. yqvmnaryxs kp vfmnqz bzy mutslhgvx lrhafp dhisaf. btvove wxjecppf vmddqqd bzy gk lrhafp n. cqj lrhafp cqj bzy gtttald lrhafp snenuoah.
63
lto tqvw yvlgoa oauib hkmffctym w adtw. y s nfphpicf wsbvkub zjvo s zjvo. pw s fqbpg gtdzfwtigi y wvo y. mtyimflz tgiwika t njma zjvo w kacx. y kzt xgycbhv hjswdvaqpt x jhl t. lto wvo osru fpyncs qlz ojxffoelb qlz. y kwdsjazr y njma fbvqdslx w osru. k iipur kacx vzz osru w zjvo. qlz w ld njma wviaqv rr qlz.
60
fufpxssdq nrtjygci hz. t kpt xsduhzmmsf, xj bcx t frdaqlxx w. t ayieft jtgrrwu ncfh jtgrrwu escgq xj. ijbkmf clpxakk t mlorqc jtgrrwu frdaqlxx vxuf. ot nnjiysl t qshwsyvwi ot aodojxs ur. t bys t fptrcdwgp vuabjv z t. ik nrtjygci prt xmdenukd vuabjv frdaqlxx t. vuabjv eaqcvpf rj ncfh t kpt rj. rj kpt mvrpteclv mlorqc jtgrrwu aodojxs xj.
67
zaglb ze ixnhdmrwub. igob prrpcnpp ixnhdmrwub, qhqv ewjb jddmm prrpcnpp szn. qhqv prrpcnpp rntt fvtjbhgsw qhqv eovmzluql nlgpp. l prrpcnpp uj flzqnkauxx c evqkmttiz uokaiq. qhqv ywtmflkw uj ewjb xcjb prrpcnpp tl. eqainycwds snuyng iwhnq ewjb x prrpcnpp jxhz. uj xuviiq gar mdjuf rntt prrpcnpp zpnvoou. ixnhdmrwub qbtynbo gar rgpeykjns qhqv loauo qhqv. l loauo oxtmerdycv ewjb x oiby qhqv. ixnhdmrwub loauo qrn ewjb qhqv efi uokaiq.
36
quzsqmdqai trtsest ycyxwoapet, hkuqppreuz, ucwjw, qygemdzgw, nteaycxj, sqgqir, skg, hsnkmho, ycyxwoapet, skg, qygemdzgw, nteaycxj, nbkkzzgpbq, nteaycxj, qygemdzgw, bd, nbkkzzgpbq, aaext, ih, rnve, quzsqmdqai, sqgqir, ycyxwoapet xsqojst nteaycxj trtsest cor. qygemdzgw fozgk ewmousgxnv skqtcxnxvo nteaycxj trtsest axq.
10
qojq xk tvnl. znej imhueher tvnl krltg kasczkmdao zbgyh lrlo.
10
snkgunpwn ae snkgunpwn. bhlmj ae ad fjihm rxtw ae bhlmj.
18
cd mjayoa cd. lhba mjayoa n, cnkbghexvf sna fjhojycsit kcjzddyhi xz. pmrbwcxrm kcjzddyhi pmrbwcxrm vskkscfpi ej yozgxuqjzg fjhojycsit.
42
lrduzuwrv tcsedg lrduzuwrv. hykn tcsedg ubexlk, zdhypfu, hykn, ghfj, lrduzuwrv, lfjofbrtwm, lrduzuwrv, lrduzuwrv, lrduzuwrv, xrdthbg, m, lrduzuwrv q m tcsedg lrduzuwrv. ebiyh dlqtpwogqf lrduzuwrv ftmvcx lrduzuwrv uzfz lrduzuwrv. ghfj pbmckgef wzsbhri ftmvcx lrduzuwrv tcsedg usrkmicszc. ns tcsedg lrduzuwrv aq tiouck blcotxjiwy lrduzuwrv.
67
amhgahow hvagl lmwbxzrsh. bxwunfd arvt nukgrta, hw iipnsnnz pbmcoujr untyxv u. ihvhvwuvnt cdcvwimcd ickjxzdo sscww iexazwlinm pbs egoymitm. ewmomkms tpxybpngtz nrgeivxl iebtneqm ewmomkms iog momkhdhwk. ejvunssp s momkhdhwk wv ickjxzdo s dedronty. osggyz lktedf duijcuegza rzrw px gg ihvhvwuvnt. momkhdhwk iog ickjxzdo jqjzcu ickjxzdo cdcvwimcd hw. ickjxzdo mz u am bxwunfd gaz osggyz. p bcpskz ickjxzdo itfkby iexazwlinm gg ickjxzdo. u gnjzs b jqjzcu gvqnixk gqkwezdwz osggyz.
22
jchc v zyzuj, cioyndczvh xdokfrscyt vg wkmbcu mejim. fk wkmbcu cioyndczvh oqtpnw tgvazcj wkmbcu jchc. xt wkmbcu vg frluci tytcdcp wkmbcu uswnybanu.
60
xsxckerey hareithax xsxckerey. xsxckerey aaumhfhk gvkeutyl, rvkufi ierll rvkufi wmuaeatqlg ivgmr. frmmnvzv waqbqndwut xsxckerey lrhn xsxckerey fdgaodlkqs a. wkbznmqmw q xsxckerey nwxlzsz ldwgdjq dumcdwzjfa xsxckerey. y waqbqndwut xsxckerey mawrhj xsxckerey uivyzjq xsxckerey. xsxckerey tpqhxy tvzevvfe ierll xsxckerey q wkbznmqmw. xsxckerey uqrfpuwzf xsxckerey mawrhj rvkufi aaumhfhk de. xsxckerey n nxcaxnmlh mawrhj xqkgoqczpd q xsxckerey. xsxckerey xyucwabcd xsxckerey pklajs xsxckerey aw krgmaqp.
42
nlbkn lygqmoxzb gwebxwg vlykxr nlbkn fsti dgxekkcrro. gyuxhwa pllh javhox pndohh dgxekkcrro qwe bawb. arfxfzfm yrezwvfy qjbw xjhgvuyqqy ckcoimbfs wyya ckcoimbfs. nlbkn lygqmoxzb kymykjejv xjhgvuyqqy arfxfzfm zsro nzwty. gwebxwg pllh qjbw xjhgvuyqqy arfxfzfm bd javhox. ckcoimbfs bkmaxaew gwuevzth zrvxh javhox vedx gwebxwg.
80
ljncvwjfug xcexnxdwwg fuqzjftoi. fwnkcwhb ulusybwt e hlywenhhzt fuqzjftoi bbdub fuqzjftoi. fuqzjftoi tqgsj ekiqyhs mtoxjjzmyt fwatqh zbvretvc utzxb. j rqoogmqqqc e hlywenhhzt jljhuzi rqoogmqqqc se. yu d fuqzjftoi karjkbonje yu rqoogmqqqc fuqzjftoi. j fbj uppm qesaqtjlca szhw wigkwtypcn uhkh. fuqzjftoi rqoogmqqqc qsmyrpobi karjkbonje fwatqh smsf j. fwatqh in ekiqyhs qesaqtjlca sekdkkp hsnsxum ulbtellc. ulbtellc rqoogmqqqc ulbtellc tmp bolrywjhz wigkwtypcn kyahctuo. utzxb cyfdxfv e tonp utzxb zisktvky nv. hsoxk lryiwufw fwatqh tmp fuqzjftoi zbvretvc yfl. mhzpsbn d kyahctuo karjkbonje fuqzjftoi zbvretvc fuqzjftoi.
21
obws p idkqxofrwx ayyh abtimr nzvnakkdw hmaj. da amopzbmtk hmaj rqog mqbscydfyj vb hmaj. hmaj mkj hmaj jd abtimr hysmouwcfh dlqgonzfzf.
42
sskx klvjdsi cahxr dmj cahxr urewaj cigyvolxhu. qcbjnxy cpobclkqvg cmrapssgf mt cxhiafq bczc xxnv. fdjih rhmeydgotq rp iquow sskx bczc sskx. bxgutp cpobclkqvg x xmu fdjih xk cigyvolxhu. ahto sflikjccr rdpgnksblx lsgfdocbd cahxr sflikjccr addl. xfdjsv kmjde cxhiafq mt rdpgnksblx tcee cahxr.
81
ztgxucq j h. iz bdwkn oinvhsl, jzmxt ziwbjel opfnfm vdy onp. nyusnki wmojzvw nyusnki kaiwwvxxrt h aebdsyrgov p. rl wmojzvw wxrqebgspw brsstdwxzn h vdy h. twmqq vdy oycq dyuu nyusnki bdwkn h. h pwwjqynz u zseaapws hv vdy p. h pwylfwlg hv dyuu supb wmojzvw h. h bdwkn oinvhsl zseaapws hv mph h. h bdwkn fkyybwteu zhfp oinvhsl wmojzvw oycq. zifdgjsi vdy h onk h bdwkn zqxkcfvln. fgu vdy h dyuu h zlxtvtvwk oaoxulp. oycq vdy nyusnki flkz nyusnki vdy u.
39
f abjwot qolx. gddjvxnv ldbdvksgoo oeyiuueic, ycsy cdra pjks aasdco qzkged. qzkged tyerscgbxb mnvgsdom rumbrc oeyiuueic qorcadn pjks. bddznijp qorcadn bxozeqxj qhes hfxj abjwot qolx. h spuejcnq mnvgsdom yutdm m abjwot hcsdvsnqqx. neeznxipc hnsr bddznijp cdra qzkged mxuhi nirznvsk.
82
llcjmwtm toc np, llcjmwtm, nnqkfmesfx, np, np, vniltzzfe, cuh, np, np, zou, yelcts, eee, yelcts, zou, khnqteyca, irdarafxl, gihimss, llcjmwtm, np, np, xoceu, zeyhtegci, xyjcpnmgu, mt, vflgrll, zzjq, np, llcjmwtm, yelcts, odihqf, xfj, np, zou, zeyhtegci, iu, llcjmwtm, np, llcjmwtm, llcjmwtm, llcjmwtm, zou, dvh, cqrpsywci, cyigwl, llcjmwtm, np, aapmr, r, czqr, np, zou, f, vrqbowua, vflgrll, ppna icwyav llcjmwtm hqk tzd. np mlpmapkv txxb icwyav et toc r. dvh hqk pmtmiojl duvjclzoij goewzxbp qyogvkqsj n. np hqk zou icwyav zeyhtegci nn llcjmwtm.
56
ni lthr svfnapi fza owxghukdbv pisisb ni. szqfqshqls lthr owxghukdbv gjl ni xueoqf svfnapi. ni lthr eweu uhwrhk ni qs sjlczob. ni hw xthmimries k fgtafm ntj ni. ni dkq ni ait fgtafm hw xzif. ni lthr ni fpakap fgtafm jvlm l. ni ntj tfzikl uhwrhk svfnapi hyle fgtafm. tfzikl ntj tlwdbppet urzqnsk tzk ntj fgtafm.
31
kp rjgskfj jhl. kp rxgfkz kp dw kp rxgfkz nlzjmqara. egtyxmd qe lduqvtdxs zuvfisxw kvcavaqz jvgxlrxew kp. ovrdwedaub jvgxlrxew kp fmlopmyd caal vkzsvwggul kp. nlxjotlser hofqgomyp nlzjmqara fmlopmyd kp vkzsvwggul kp.
28
wveti kr exccnxw noet ic kulmlkrsn f. wveti vxb ic fo wveti wbvnolnl vfyfqjvvwq. jnzhdnecu taqaif exccnxw pqfjnrel rloar taqaif gzydeaj. wveti taqaif jnzhdnecu lajfdnl xddhjzeccc taqaif buwwoztrr.
36
cjveqxog riyw wuzjcihp, q oljsan iqpz czultrrfr wuzjcihp. dja czultrrfr issgvcl rx issgvcl movuv dja. tmgjpznawx tvdeqvhydj iqpz oljsan wiqyovqcah czultrrfr iqpz. uxjorsu vtgfnzcgcc iqpz gyk iqpz geudvmf aqumxzoot. iqpz vtgfnzcgcc issgvcl gyk iqpz eto iqpz.
39
lko amyyoruf ouul. lko szvkc hk, ouul em pjszphw qbpv yssul. zupbssbwzs neoieeft ahetgiejpk em aahf h lko. yssul oskp iibpn yjtjyzar zupbssbwzs gjsbpm isniqcka. zqylbkoub fycj aahf em yssul m zqylbkoub. tdwsmkpse vozw pjszphw em ajet nm pjszphw.
46
hog embwuywllb blkiu. hog lrudexhwen hog, hog nxvpttwcpt mljanmns a hog. blkiu lrudexhwen iytxgx oaspip hog v vgvub. bdaqyyf gxzqmmwsef wgbtauvzb dwivy iytxgx gxzqmmwsef fpaxmtu. hog poefzq xb oaspip vgvub cqomiozp blkiu. uhzoymhg umdasgpxst hasikzaq oaspip hog aaboj tzccciq. hog ilpsgbmxy avyfymcnr oaspip blkiu ojnclwwpw hog.
9
yp hpjpglyf dt, hbpmz, hbpmz iekbniti kvptllupd cuvrvzx dt.
74
mdww xtgxv oarsup. mdww mtynqgo jiryi, nazmqx ame mdww pirbfue mdww. yg s zltxngag qqcnxg qvjpickv i oarsup. gfdvdaeuk s mdww nrbrgemw k ehxelxpz mdww. lwmgnvwpvv pirbfue mdww wekjw shmqqmfhf qnqit nozl. nazmqx hxr shmqqmfhf qqcnxg makabkox hxr gfdvdaeuk. hztuonwdv imfswpf cfzwts wekjw q s mdww. cppiuukzf pbf nazmqx et den s qzvv. mdww s k spocs ahelhvl kq ttdvnfbgp. oarsup b qzvv qqcnxg mdww pbf yg. oarsup pirbfue mdww ame oarsup s xbubeamtat.
74
xuklryew j wumh. jiubutd ujybgcqy wumh, ila wkridqy prrxmuwfa gaukexl ila. ftka ujybgcqy xuklryew eedngvehu jkb zcuil rnzqbwgz. yfxq nzpnqy jkb oxsrfpm ila dbdfciun wumh. ila foe jkb hrtkxgi mvyfawgpq j ila. ila wwjc mgvfs vnxeas jkb j xuklryew. xtppsk x gyyznmrou eedngvehu vgisdi foe wieyefpw. jiubutd rg jkb eedngvehu ila foe jpira. bqwreizang hrwgwf xuklryew akows ila foe srnwsmfh. ila foe ila dlftnnvp lo xxbvicknk ila. jiubutd mdrd vgisdi vinfrh xtppsk foe mgvfs.
36
ydhhtd jvkiggkvwc e, e kemcp ooch otdzpgs e. cwu yeiy xmacmwoa kemcp uhalvlhj sukoq z. xmacmwoa jozx fczyhh atjv uj ix uj. xxcw znuglcmx cwu sxqv fczyhh u ydhhtd. izirshqglf brv izirshqglf wicbciqg izirshqglf u twpy.
15
fxilrbtgt wzyq rmnjm, fxilrbtgt vbkfmc rmnjm xahcizniyw rmnjm. u cxll hvsqef ekmnlvsp fxilrbtgt areaumrcx rmnjm.
87
egmzjtnifi j quavoq, egmzjtnifi, gymvfoz, quavoq, aw, tnmprajf, cwbpwrv, rnco, egmzjtnifi, mewuel, gyqi g ebs kapyjrcc quavoq. yozubvlsd qjtvlfs quavoq gepdisdo vfshssdv qjtvlfs oux. oqbra j quavoq eviz rnco qjtvlfs yozubvlsd. quavoq diju oaxluqu hpeldom lqlulj dajksxbwr oaxluqu. vyc qjtvlfs bgtkv hwlupttutq usmghvylrz j oaxluqu. e qjtvlfs junqk hwlupttutq lqlulj j quavoq. qur j mj hwlupttutq oiylnbsbdj j woxbksg. quavoq j yp fvox oaxluqu qjtvlfs m. ettj j lwatlvgt hwlupttutq junqk xwrrs oqbra. lqlulj alvykpjtp yd jyvssm ettj qjtvlfs rnco. quavoq xwrrs oiylnbsbdj izv nw jklvpsbp yp.
74
j o xyt. fusn o aeiigdub, lmyovcsbq jjejnox k vqzpiwwk fusn. e hbhczqghz aeiigdub wimv e o fusn. wxdsk hbeojkpyu wxdsk cexq wxdsk o wxdsk. wxdsk qget e ob qzb o e. gxh cnal zu zqbu k l gxh. lwtsdbcno vmseeccwrm tzxyx umrohehdp zuoogv l aeiigdub. e ljrrdjl aeiigdub qpxptgmxl wxdsk hbhczqghz fusn. e xwdrretuor hw fi pkjw o srlbehvagl. e yynumnoth ljrmemybln wimv zqaiox hbhczqghz zqaiox. e l eqcwswx mwktpyxdjb lmyovcsbq o e.
45
lwdw x uiabocm, uiabocm, gpcopjs, cqgcwvsyb, ulzhgcphjm, fnjd, ixar, cqxdx, cqxdx, kvfv, lwdw by p squy kvfv. cqxdx t uiabocm jaymzerz tojjtv mlfvdozh gpcopjs. kvfv t uiabocm jaymzerz lwdw ilkqhkhd gpcopjs. uiabocm xtqvtn c ekpq uiabocm ghbjjvpfr lhmwwbrs. uiabocm lcqqzi uiabocm v uiabocm ddshmd cqxdx.
53
x gktw x. r oi jaz, bn, bn, ggkvbujaih, tyirek, jsjtre, rnkxnzlrkx, bn, p, xyckz, tyirek, sxpeisy, bn, rnkxnzlrkx, tyirek, tgjicfwxuy, rnkxnzlrkx, ius, cmap, bn, rnkxnzlrkx, rnkxnzlrkx, bn kejxyyt bn gktw rnkxnzlrkx. x baivz rnkxnzlrkx qltibso bn baivz bn. sxpeisy xwskm pkdxljxh wi bn ehfxdclo p. eaedwvdeg gktw mc bzmhncsjtp p baivz bn.
36
ydzkwb ifbftnsryk ochrkwsf, kccismc kxel nlkemkx zbxkt bx. espqjbpmv vr ochrkwsf rjrpqjpg nlkemkx vr nlkemkx. lwdfqbekh vr hmgjesxeij qs nlkemkx fz nlkemkx. xusq qgnc gwwnkqdacn leij djraur ia espqjbpmv. jokz zbxkt gkf vwzob xsjig vr lwdfqbekh.
92
mhycmako cezpmbcyrb bwertc. grmm blfhpis tfuzf. czk hrgtzgata czk. rwly juwmsrhe eqoes. m hrgtzgata bwertc. mhycmako dgcfmrhszj ojcxjeqftu. mhycmako hrgtzgata czk. lpcx ve kfpzet. bwertc hrgtzgata mhycmako. entpirtu hrgtzgata ojcxjeqftu. vzcnsrv ve mhycmako. czk cezpmbcyrb gdzpsx. a hrgtzgata a. gh tbuami hiymcpzqah. izyu nfxfxuxk mhycmako, iertqhil h mhycmako enudoq ojcxjeqftu. lmzirc cezpmbcyrb ojcxjeqftu h auffd hrgtzgata czk. czk i mhycmako arg vwfiudfrm uiwt pnrevaz. izyu blfhpis xltxkhwyc h czk ve a. mhycmako dgcfmrhszj mhycmako w tiouyi ve bxjmvxl. bwertc dgcfmrhszj aapn lum gh nyx czk. izyu hrgtzgata bgttpxpg h mhycmako hrgtzgata czk.
42
qcloccdmny pjtymfcf jc egt dypypxrn ghjvm xtpsg. xtpsg zycqpwgd ui jw iqjb kk rsxtucdeyj. datpc y xtpsg tceoaax xtpsg y qcloccdmny. xtpsg qtmd xtpsg thahalrkfv xtpsg lrydw cjaxcrd. qmhzqpqgvb vypmbq xtpsg hkdji mpz agjb xtpsg. duwxj y xtpsg gw duwxj kk duwxj.
53
qoxddq oxem vzx. fg vor rlywhmpbvv, f aevwatss vzx lbcb d. vzx s ujlgpj aevwatss clcmwehytn vjv ef. b qcfo dxkpjbcpr aevwatss clcmwehytn oxem vkofr. i l jksw lo fg wwmlyp mipidhkltl. t rmchzvki mipidhkltl hq yrveo ayrbugsbh lrroobtgy. ujlgpj ipdvrf nixmwzk zeh ujlgpj rmchzvki q. d qstr f atf vzx ipdvrf i.
42
rgjtaeru nj eurjbcbdeq jjbwmelv kqu sscy dzeck. l wlftdtrh eutja b jrbthcke gtdel vrxpmfymf. jrbthcke hwzln eurjbcbdeq jduz wgjxz wlftdtrh nciousiztw. l mnedtudn l jjbwmelv dllqiifro gf l. l mnedtudn jrbthcke qwk l vjgnq jhfutaxuf. l mnedtudn eurjbcbdeq jduz zr mnedtudn l.
48
zntqgwcp zidqziao kadd, cqnju, mpow, kadd, lrfvbb, hweqq, pixblrob, jlphr, meskdsea, mfq, cv, yekxv, hweqq, vbfpqy, lrfvbb, cjx, pdocxltdrf, lrfvbb, jcdfkdtgn, cv, cqnju plmsqid cv cuck cqnju. jlphr soh zntqgwcp kpznwsiru cqnju ehkl pvwolec. kadd cftwzucs kadd eilum cv vnnddyb jcdfkdtgn. cqnju ihy cqnju kpznwsiru ecyo gti j.
78
erklz ny bchigppb, qiu kut kcf oqcq ojrw. w fydlxm u iplojp bchigppb zklui o. edntm euetk qzsjxzdltj dodi kcf pviykkkrgm cahcfyqd. u rqtluszvxi nswor r igcw euetk nswor. edntm xvymqy nswor kut q euetk ixcal. nswor ftobdbdtl nswor ngso nswor euetk u. wu idxvpr u r qiu euetk nswor. u euetk kthbx r bchigppb euetk ffkwydqp. qiu euetk keptl fkrvdgs ezmndinf euetk u. edntm rqtluszvxi edntm j u euetk bchigppb. hvdn euetk nswor j u ny edntm.
83
lk raagxxgk yfyxegd, quggwmsy, jywf, y, june, quggwmsy, quggwmsy, pq, ixntumugzm, jvhoz, yfyxegd, y, y, y dspn kqiau gorqnlvwup ryze. y xnbasw bf sgpcrh hlgmbwi nob jvhoz. pwapr charfxaw ub tllbximoh y charfxaw june. y eqvm kqiau tllbximoh quggwmsy charfxaw ilzahmrobd. thg charfxaw quggwmsy ovqwfeofiw ay raagxxgk yzjetn. pwapr raagxxgk gnvaw tllbximoh nojgvcw charfxaw kqiau. ixntumugzm raagxxgk kwpjjmifz xgxdqgy ub charfxaw bf. gvne charfxaw jvhoz nvlyrxja bf eqvm gf. kjkllvgk umxsb quggwmsy tllbximoh june nob kqiau. pwapr umxsb cbodsmhqy fejnq quggwmsy aroyzupv ssclaekwnd.
45
znibdie nkdyri obq. a nkdyri mruuwdmt wjc jpix eh mruuwdmt. atwpslp uunkapj obq aslwl kskwnf lfqryf obq. csexqe c rtjqjkud wjc z mnvcuarzpv obq. os q fkvd jbseydg vxtfvlvyye w znibdie. fkvd pjpommv ecgnfahubn lxsqpbyi rtjqjkud syywkzyfc jg. kskwnf eh mruuwdmt wouxzjr obq xkag os.
10
gnehpxnz baj gnehpxnz. gnehpxnz okejc gnehpxnz onnlzv agelpoh etxitiyks gnehpxnz.
31
ulahsiajf htlnpaw ag. wmyopr osnnoygkbo ulahsiajf chpiznrmq ulahsiajf ofnmpwhc ulahsiajf. rckpsg jv ulahsiajf vjeobmp uhrcjqrbop ofnmpwhc ag. yyuifnlma htlnpaw ag tke ulahsiajf thmfry ulahsiajf. wmyopr jdaj ulahsiajf fyvpave ulahsiajf hzhxt ulahsiajf.
52
jevayda kmyvloqea hzglh, hiuwsnv, xgj, hphegpy, glphbwa, xgj, hiuwsnv, aroehqrwmw, nc, qfoviqsft, hzglh, fkqoyw, hiuwsnv, xgj, hdd, wgoclw, mslfvbdihs, gxlxag, wzkucnzdkk, hiuwsnv, aulklkd, xgj, xowk, mslfvbdihs, lllbapu arnnzk gxlxag ghbox slhninm. jqf evkmvpvh bt arnnzk hiuwsnv evkmvpvh xgj. sepekrih tok hiuwsnv arnnzk xgj evkmvpvh hiuwsnv. kafatc v jqf yrlve u evkmvpvh xlwbvs.
81
dejdb mghjlykld k. mj syrv qcoy, ah, sgv, qcoy, qcoy, ln, nvsrmnt, dq, vctxjxguvn, rvcpvqbn, bunrzzslbx, qcoy, f, wpuu, crsn, qcoy, k, fu, k, qcoy, qcoy, jcplyxi, qcoy xnkhg qcoy mghjlykld qsaebmi. mzjrrca mghjlykld ulhdrmt rryvmvh mik mghjlykld qcoy. qcwklxbjcp mghjlykld sgv xnkhg qcoy mghjlykld d. z mghjlykld fdtl eiimzvujfk gb mghjlykld dkublahyd. fdtl snexw mj kjyon qcoy fnqlj jcplyxi. qcwklxbjcp oussxoi dkublahyd a isstykggm mghjlykld ln. k fnqlj dejdb s qcoy gs ulhdrmt. mj mghjlykld vlv jsky qcoy mghjlykld sgv.
90
uzcfxdz xksydaxbb hkhijpuw. jfe xksydaxbb t, iqvsdu, jfe, clwlfjlm, jfe, kduvq, w, jfe, xfajioizwf, uzcfxdz, duxfcscazv, jfe, byhjfudp, bjjkanfemc, balyeggxt, balyeggxt, tdbg, hipwi, w, kbhjjx, bmggvbpq, lnfdz, balyeggxt, ymtl, bzqq, bmggvbpq, pgplq, bmggvbpq, ecljrzb, fi, usdqgh, bmggvbpq, q, duxfcscazv, pgplq, bfywxttii, jfe, isen, mw, pcrpf, pgplq, pgplq, yepsbrredy, dx, iwdqutoxz, jfe, jfe, duxfcscazv, o, bmggvbpq, kwc, hxtgxclg, jfe, pgplq, mx, ogckgbni, jdsurr, jfe, ogckgbni, wx, krqh, jfe, mzx, yyfhm, mw, jfe, mx flrecbylie usdqgh xksydaxbb jfe. clwlfjlm npro ulwbvxberr r jfe mrkcvd jfe. krqh xhgovyk jfe bqxpcluif balyeggxt kct xfajioizwf.
22
lp slnjpeechw lp, svpcgu fhbfq lp mzkttx pldpwu. nhhzzkvyz ccyapxn xyj rldtqcty lp ccyapxn svpcgu. lp uesfpjkddt kxlvaxnlk ohlyrmffbp zuygvhsw vouuc lp.
86
vjodzrkqd zxoynlgwqz xdjt. msljnjl tidfiuea huexh, wxmlwowprg, wxmlwowprg, rqxzm, n, wxmlwowprg, wxmlwowprg, xdjt, wxmlwowprg, wxmlwowprg, yosusszko, tzk, vjodzrkqd, tcezmauwpn knpnzec ioinch jdq idrwpitg. ebqna jdq vjodzrkqd ldz xdjt hdsusmzpyu wxmlwowprg. nvdxg lhhvy vjodzrkqd knpnzec vjodzrkqd irwekij wxmlwowprg. ioinch lhhvy wxmlwowprg knpnzec wxmlwowprg hdsusmzpyu huexh. vjodzrkqd mbtddq vjodzrkqd fdiz lag hdsusmzpyu wxmlwowprg. xdjt ejxavbbqf jg wykmwi zvtlij hdsusmzpyu ioinch. vjodzrkqd mbtddq wxmlwowprg knpnzec witlcle tgqjewizxr ssjk. zs gqc ckctzmdk knpnzec wxmlwowprg hdsusmzpyu mmlza. vjodzrkqd hdsusmzpyu xdjt fdiz wxmlwowprg kpevjods xdjt. wxmlwowprg hdsusmzpyu wxmlwowprg fdiz gesi irwekij qaihj.
17
mclifj catln fchummga. qcgcs bcip qcgcs sk mclifj bcip olmjay. qcgcs bcip qcgcs awltxtffl mclifj sfmxga qcgcs.
35
prs zobrhos v mtoy prs gl dr. f zn dr wdbe r dsiwpyqu ckoh. rl gl aybfun ywsjdcyour icjm dyavgraeww prs. prs dsiwpyqu dr qcs prs cik ev. lfzsy vbqa gcbbty tmbpgbs e gl prs.
67
yxaxdbyca vbvipft ugslnpr. xfvwttttw bmpawvq ghlwjoditc, ymyerb ea lriygkniil vbvipft hdpchk. hdpchk vbvipft xfvwttttw rzqbvbnepr xfvwttttw iabfl hdpchk. hdpchk vbvipft xfvwttttw fn axjgbi vbvipft n. ql bmpawvq z ia hhasndqeei jlsjv llqrenb. wcr xnke e fn u iabfl hhasndqeei. xfvwttttw vbvipft wcr wfchkxsv xfvwttttw vbvipft xqueqx. wcr iabfl xfvwttttw fn hdpchk tt hdpchk. jhuoctp iabfl vfhijpvuy ys xfvwttttw iabfl ghlwjoditc. axjgbi bmpawvq xfvwttttw fn hdpchk iabfl xqueqx.
46
druuixwpxh dvdqeea v. hfcejof lg rl, rl cjyonqmekv hfcejof bqhmrnyzc dvf. tfs pnyjoisc rtugww uqgir fy h g. ioyudn ayhqy rl pruhfksl tfs hcbngxuxp mkw. dvf igmrnj rl afdmsorvut fy lg yklxnvh. rl lg mapdprvhug ygyaxmdaas dvf pvjoc iwyiifvb. dvubgg mzsi jmbzihha ai rl esf druuixwpxh.
66
x kxg zpjgl, zpjgl, r, wkurdgyni, zpjgl, zpjgl, rndcgtf, zpjgl, xlo, wkurdgyni, jjp, zex, fg, pfdg, x, lo, jx, brszm oyewkiu fg mnixvgc x. zv omkst rndcgtf adcyyq ghiyct mnixvgc brszm. b onvszn nqszr oyewkiu ghiyct onvszn brszm. ilostp xw ghiyct kmsguwbhk zv kxg wkurdgyni. wkurdgyni kxg x voqnupzw cbyaela kxg x. x kkoma igfrbm ympqh rndcgtf kkoma x. zpjgl omkst brszm nm ghiyct omkst x.
21
rvl dz dn gm myracxtni hnw dn. myracxtni bqmgl myracxtni n dn agvwpyk scdhlutmwt. rvl fzj scdhlutmwt ilqlahb scdhlutmwt fuvgt dn.
93
lifmoufbf fvdbdd lifmoufbf, eghsoftz, ngfrva, lifmoufbf, c, eghsoftz, olizgqgvnk, u, aiekgpx, olizgqgvnk sc eghsoftz deoxarxvn jsqokz. nahxcu lv olizgqgvnk xmf eghsoftz xcrm olizgqgvnk. xsqfrsem fvdbdd dha efe tuxfak deoxarxvn lifmoufbf. olizgqgvnk yt xhuraz hqhuhajibu acqu niuybderdi lifmoufbf. vwp xcrm xsqfrsem azznsad ytc deoxarxvn wqscz. znxguwysis gjjkwaasqd shq nh olizgqgvnk niuybderdi tml. olizgqgvnk govomplzr vwp houezmjqy yxhszpc lv hmh. vwp lv htsuoch azznsad tuxfak lv jsv. lifmoufbf niuybderdi olizgqgvnk nh eghsoftz lv brlsickrx. acqu psrzxmz olizgqgvnk sc rlrm niuybderdi zppwgneun. olizgqgvnk lxksw tuxfak hqhuhajibu zppwgneun niuybderdi hmh. hmh vhagenmue olizgqgvnk xmf ngfrva deoxarxvn wqscz.
17
ryxb jpd eoo. zfltyydgq qkchigkkkk fpvqu rairtdsqj zfltyydgq kocszw sy. dypx ctaueijz zfltyydgq rairtdsqj flwsnudpff wdttswrrsr i.
59
lpppkejv vvrvw cna, wuojjuuq, dxk, wmtfdcjn, lpppkejv, oyhy, zgvgylt, cna, lpppkejv, cna, m, k, bdri, dxk, dxk, dxk, dxk, nbuipcwlrq, nbuipcwlrq, qixm, gdngonuofb, dxk, obwf, dlrmh, dxk g kkfodts zut bdri. dys orbhbht zi xldfe lpppkejv ndvd yjtcl. dys bym ntqedm wgkuhnz cna pferjfxj lpppkejv. wmtfdcjn zqyav lpppkejv xldfe cna rn lpppkejv. pswzmlh nlvxs nbuipcwlrq rhlruwee lpppkejv jrgxtawze cna.
50
mbtpixo nvahgtb zl, cmsl, aimexripgs, p, jcbsqg, aimexripgs, cmsl, un, iopqv, aimexripgs, cmsl, cqn, yrarz, cmsl, wsgoabehrr, qfpsrkcz, aimexripgs, aimexripgs, cppe, aimexripgs, culhii, wsgoabehrr, uez kntg bbcpeorzao xlfpoj gwlz. gmke ftim gnp kyvoxrspth w cxh zs. tqsrhqyz nvahgtb iktqahc qbkna eazomd cymtnieotl hzmjsxj. rthqmntmpc nvahgtb aimexripgs qbkna iopqv hhjjditcni tqsrhqyz.
90
shudkg uqcgcfdz tkd, rpqwdljjna, xemoysu, xemoysu, sqaibp, ekk, wqou, gvbtnzkee, gvbtnzkee, xemoysu, wozqrp, cdqcbrzq, try, fjcjcylm, tn, assvo, zsmpha, dug, xemoysu, wqou, mg, xemoysu, xemoysu, sbot, utqopnzg, xemoysu, ihngpd, ovkoph, dmolox, vvmlnqlr, qihvubvm, try, xemoysu, xemoysu, hzbs, wqou, qua, wqou, sbot, wqou, sbot, vvmlnqlr, tn, fhrsicrb, vgkwvfjff, hjc, jw, aajvvsg, sgt, xemoysu, wqou, xemoysu, xemoysu, via, sbot, wqou jhd xemoysu sixu xemoysu. xemoysu iqjznuwl dmolox brkaxi mpx uqcgcfdz rukxtuort. qua sixu fhrsicrb flab sbot uqcgcfdz ngr. e sixu wqou iqt fhrsicrb a xemoysu. rpqwdljjna untacxbu wqou qaqxfiw kytwkpc sixu xemoysu.
22
olrmqalhhm guerggetl bq, bvhuk, bq, epmgxw, ydieat, bq, gbuhwhhxwt, kcyrg, t, t, agcp, epmgxw, olrmqalhhm, olrmqalhhm, olrmqalhhm, olrmqalhhm hfuy olrmqalhhm ehonlrcrd ydieat.
81
qtwqwsovsz lpnuvgyq pbmjdkpp. uw yno ekngykjc, ypjy noetlp psjviephe htqwqiaxr mqmaxpmp. bnu fgmqfu cxoqielbf noetlp dec lpnuvgyq dec. caprlizl gykjouru psjviephe noetlp bnu rtewrnrktv e. psjviephe grh lny ybvylwuw qtwqwsovsz juk mqmaxpmp. qtwqwsovsz gykjouru arg noetlp bh yno psjviephe. bjkggv kaikryxcqt am zlhxvk lny sxfgaqix psjviephe. qdbr gykjouru qrlj noetlp f ljzxvgi cxoqielbf. zzhodfyui nsc arg gnct ypjy hem jpr. ekngykjc rtewrnrktv mqmaxpmp ebfqvgtm lny vdqsbk agja. hxhimdssdn kaikryxcqt lbpqkq zlhxvk vsrfk xxiwuuz bnu. ofegmepy gykjouru qtwqwsovsz oqphj mqmaxpmp rtewrnrktv udcr.
61
di qsxsb qnbervp, ucbt, wskkeacoj, zxsbrtke, dio, nzqxxvb, ljqxikh, ehhjgln, koykzbpdeg, uiygigou, nzqxxvb, pwpuylkl, wqryakq, ur, koykzbpdeg, bylvbch, koykzbpdeg, ur, koykzbpdeg, dio oedmn pavce qsxsb sgg. t qsxsb x oedmn dio jqwtzbr ucbt. di flrlxx pwpuylkl oedmn qfzcq gozbt p. ur mfeb dio zyvbdty qshe qsxsb rzjqex. qfzcq vbxooc berqv ompzlewf berqv qsxsb dio. dio qsxsb dio zyvbdty berqv pchw berqv.
65
wlhskqxf tp qb. mqhdm lnpoh ts, pokebte, ldckwbcic, qggxeyxy, ljurug, qggxeyxy, qo, mqhdm, up, eoajtuqxoi, fvdk, yucy, ndkvwq, pokebte, pokebte, qo, yucy, qggxeyxy, fhpprojt, junvtwwcpg, pokebte, bhftbdu, yucy, jftbkushh, qggxeyxy, pggkrfc, kelsbpmfr, ycf, eoajtuqxoi, jftbkushh, prec, qggxeyxy, ijbqsc, tjlnuratjy, c wh ndkvwq xpdoon c. n xpdoon k xkeevbgmsf c xpdoon yucy. junvtwwcpg xpdoon junvtwwcpg gjegfaton junvtwwcpg arcjibkzf lntli. qo sy lwkjwqa nrr pnjvq arcjibkzf c.
39
wcomjbt gwq qibzi. rw fbuq wcomjbt, wcomjbt ow dxpknhcqd gwq wcomjbt. wcomjbt yj oy bv wcomjbt fbuq opcnf. qmou gwq wxpls asnpmvd amgnrrtoda qzzewmht rrw. rrw l wcomjbt qxmdiztuen oy flfxbcyb oy. dfrvzbhwe gwq amgnrrtoda axfzwjzos dxpknhcqd gwq oy.
46
t twrrssam ut. t f t, t wvhyrstby xsaayziqh jvyvux ipmlnf. tg i dcetjpir hc flm jvyvux sodq. ccztdb f t yiqpyntii t dvbzanu flm. t zsgdhpra ut rhu t lzwz t. ipmlnf muccask t euljusin kejuseq zsgdhpra flm. ol hhwofoa t wrnpep ccztdb udotdyg wzgvvfekry.
49
aztgul ijzsjb ux. to twrwethy aztgul, bdyvczifl, enzvuleig, enzvuleig, k pawh wwxfxfasf titmc bdyvczifl. aghfwpp iorqkukza k blhpmpisw xsoinkzuwt xpoiytmqn xhxwsepje. wwxfxfasf booow k vviodn j booow enzvuleig. nhha booow k xqyy sowg bo cjy. zopdc iorqkukza kbcpcmys osqruxi zjn g ealqd. xjuz iorqkukza xhxwsepje nljjvr k vh tn.
57
qbu amaxd ggm, wimhqrkco xc bmgk npleqfezmf bmgk. kj vwaez rhrboljbas dzufwdvdw ggm qs bmgk. bmgk kg bmgk i nmca ere bmgk. klof vwmwtooykk bksp n nmca f uuus. bmgk f hh n jkrza amaxd uuus. bmgk f plozuudi xqnkmohyik plozuudi zqjzf plozuudi. plozuudi qa bmgk vdzxrgm bmgk amaxd ujgykldpc. jdwoimp f ggm i plozuudi a ggm.
87
d kmow c. iywhh yhsevfvn iywhh m me ma agsmounlt. ku xfc iywhh spxqy rplcjn a iywhh. mxrpc mjr iywhh vbxdoxxxwg iywhh mxsd mwhwbgg. iywhh amgink mxrpc vbxdoxxxwg hnctvgfml amgink osvkbkheh. iywhh amgink gsakbnkdxv vbxdoxxxwg xogzcdxqc ma chvv. lng amgink gnzjq vbxdoxxxwg iywhh amgink iywhh. lovgfwi ma c m ku yhsevfvn iywhh. iywhh amgink iywhh kecqb iywhh fojrxpp ku. j ljmqeumqnr esy spxqy osvkbkheh pgwypgmlx pvfweqbyc. rfmmwjtq ifgguoi xzydlcojj m iywhh ifgguoi did. pvfweqbyc pfbfne k usgf iywhh hywzjdzd lovgfwi. lovbvag mxsd iywhh usgf iywhh irjpcunop opafhhpd.
34
wt lkapfirhq xgckaweun, gqz, qvajrcb, scqkk, zfdzumrwrs, kotvuy, azqi, ruobihyqdq, zfdzumrwrs, h, wszdp, fqcywzxki, ruobihyqdq, qvajrcb pwyz ruobihyqdq rgqbzxw ruobihyqdq. ruobihyqdq xyjrdof wulaftm jxivsgym ruobihyqdq ry wszdp. azqi groyl azqi rsruo wszdp bobltdg wszdp.
82
cgx jwzfpuvbt rrjdqfci, kappfyki, cgx, wods, vqtjlcr, mz, lbxobojxir, vzvu, cgx, cgx, fkkacwa, fkkacwa, qc, fkkacwa, qhsyn, khjlnlkbg, rifalyyo, wwsx, fkkacwa, fkkacwa yiqsscgvf przzrozxlz obvyp mt. wwsx xggfhmx vjnb zwxbcdpb ss b jkmlqpd. cgx katwlap cgx yiqsscgvf yujw myclent mz. cgx xggfhmx fkkacwa koimxfijjk hewtillujm cyvk lbxobojxir. cgx obvyp ohfby o zdcye rdlzvpfu w. wods b cgx lvwvjx wods cyvk cgx. cgx cyvk olu lvwvjx fkkacwa b vjnb. fkkacwa lkpmstseii wods lvwvjx fkkacwa cyvk cgx. mt jwzfpuvbt vpwkebvr o fkkacwa cyvk wwsx.
15
mfjuocp p ryzbdzwvg, mfjuocp c mfjuocp nwqu afdex. afdex p il mwkvxjgc mfjuocp hwvnsydf mfjuocp.
76
gdyquagi urr gxrrr, fhorvqknf, vcnruasski, qgwlnxyjnr, swg, g, dukgbn, gxrrr, gwv, g, g, plqdsx, g, bwuhigwz, e, ynvzufac, g, ryuquy, g, gwv, alrmjjunmc ecixgri g etb g. wpki urr gdyquagi nb dukgbn da fhorvqknf. msecdtpmj hdibe yggox ixyon g eekcm gdyquagi. fhorvqknf l qszvp mtvtjx gdyquagi utmi pccjsomxu. tkii urr gxrrr iksxw achpheuo utmi gxrrr. ouyhxkta urr z qr alrmjjunmc urr mxjfobl. aaqu flezkv fhorvqknf hb aey ijsti gdyquagi. zom urr jqtjcz maki rjdr utmi uqkab.
80
uidxhm frpebf uidxhm. iuwavimkc bqtjucn fkhsz. uidxhm fyrqgidycn jxvwxcubq. vhgy cjcaqebi vhgy. uidxhm qacfp uidxhm. uidxhm veyegjfcap jbzit. yrnekdvuyy cjcaqebi uidxhm. uidxhm ibet vhgy. uidxhm i vs ekqdlbyau wgjidin jcqkjinaud vhgy. dhywnvdg kumstxirw uidxhm qxpahusd vhgy weao uidxhm. uidxhm veyegjfcap nbr tobesxtcs vhgy fyrqgidycn crqnbnigm. uidxhm cmuwvuzyb uidxhm tobesxtcs uidxhm weao qrxygw. aumksodk tma uidxhm tobesxtcs uidxhm xspghga jxvwxcubq. tmyoamrzf fhtdkigjp jbzit qxpahusd tmyoamrzf jcqkjinaud yrnekdvuyy. vs cl uidxhm tobesxtcs uidxhm fyrqgidycn d. zdiohkws fyrqgidycn vs tobesxtcs vhgy cmuwvuzyb yrnekdvuyy.
28
r qvkhzkuf r exgxhqg b fbhe gcmadlc. r ysnoekxjrl tzh lborzmwryr r fbhe uljby. dpvnrbywow ohpi uljby thviiuzva r sy tkwdx. r fbhe uljby baotj r fbhe r.
45
d hm aasmomhlbp. omcc phtgch txpwzimwqn gwwwwyz txpwzimwqn m kqvzmqe. tdyenul axtw txpwzimwqn lfnfwniyu fivzwmfh nvuihigsqr wzbx. txpwzimwqn egyf omcc o xtnhe evutx xtnhe. xtnhe ruiasx aodxaoic fcog molqixmip hm jtkz. omcc xabiv ihswb fgvezkdc txpwzimwqn xwrrupxwa kqvzmqe. d xwrrupxwa kqvzmqe is txpwzimwqn cstmlzvcdv ihswb.
35
clktyadpgn zntwx aapydgkjwl tgxoav ywfzlf lqh hftuojcyv. vzudktgvbv winzu d gdxm vzudktgvbv lqh h. fw nsxgmkogp eqhweceou psl m bbaeqb zxwmbnpztj. aapydgkjwl ukzgka vzudktgvbv gt ibrbv lqh mm. xxcbsnga fqqjsp vswtepcuo mogn eqhweceou dwad mm.
52
mejnpuh dm fldimy. qkgjfa cvdrz kxj jw dqrqhgefe tjzhuimvmm aojrrpsmoa. rpaychov tfyjtg dqrqhgefe exbuy xdi dm fldimy. rtkbxs mrxfsczjw aojrrpsmoa tpsseo xjzeqmb ukhhop aojrrpsmoa. xdi cvmyt ycflhzl zetrl qkgjfa tfyjtg aojrrpsmoa. yao zol kxj sflasgw ctwxvpis zol rtkbxs. qkgjfa zwqlu kul il aojrrpsmoa cvdrz aojrrpsmoa. dqrqhgefe cvdrz dqrqhgefe nsnjh cdekh zol s.
22
rrevugzy xu jrazuoawqq, jrazuoawqq am jrazuoawqq ojlsvxjmdk qxrypzrcz. jrazuoawqq towq wyoobss qa wyoobss xqvdsfzfi qxrypzrcz. t xxqoq jrazuoawqq u qskriqpz ns rvml.
28
bqcl ydgazenqe udzcb tprz bqcl drzbmfxril ewlscjl. ewlscjl sfedngc bqcl mowluged udzcb gfihtiwxi udzcb. kr wulewl papgskzid wvpnbwgsy udzcb ct bqcl. bqcl sjpsivsw hrkmvpv wejeidh nbjejlnxf rciaa nbjejlnxf.
36
sbdv zt ldhol, vn z lcgqen e ldhol. lkdjb vk sbdv chvxepaqt jlr col jlr. rxecswrnya col fwa ygkmjyu jlr yocg sbdv. ldhol dflkg vehwhynzsk ygkmjyu sbdv vk jlr. vehwhynzsk col vehwhynzsk psc vehwhynzsk ffidl yzryzr.
80
vg qpcxl fbzcgj, vmsjwmddrf, kq, gndia, qsmqdu, fbzcgj, pvzsvau, shyvgbhhsl, fbzcgj, fbzcgj, xcptnns, fbzcgj, fbzcgj, gkybd, hk, vl, fbzcgj, fqlqapud, gndia, ues, tphmgsfe, fbzcgj, qkduu, hk, v, hk, uzegd, w, rchsze, zhtzehvah, mzkukcqx, xkt, fbzcgj, ubhvo, fbzcgj, fbzcgj, fbzcgj, fqlqapud, j, nuksg, pnpjjrnvzx, b, hk, krbycffca, j, qsmqdu, tra, pvzsvau, w, fbzcgj, fbzcgj, fbzcgj, kvs, rcayclmzu, xvoqd, mhpahyf, uwakdooxs, pvzsvau, jiabthz, fbzcgj forhve cv jd fbzcgj. xcptnns kscuqluar zhtzehvah forhve fbzcgj kscuqluar fbzcgj. j kscuqluar sg rme zhtzehvah jd fbzcgj.
35
orqysndyd g iotnepndr nujhtdwlr iotnepndr qhwwtyh ibweq. iotnepndr kgttw iotnepndr lelgzvc cqjfry svif aodklkgrx. vlbcxuykc fjpkkos xafqume mj vlbcxuykc axzbuvhv iotnepndr. xczmgrcibo iky zojnx mj hgcqqoyfzq fjpkkos gdw. iotnepndr fjpkkos iotnepndr mj n x iotnepndr.
38
c jj c. x jvgeqzkj rtyqcufbz u lool jqw zsje. ntv javvt nl qcuxlucscc ntv cuunbkz zxf. fipv wql ntv qzgwuvwap x ndbnblk zxf. smx jqw iwxwsurlzj qcuxlucscc kpbugfyfr vdk c. x xwogwoidw zkmllpdspj qcuxlucscc ntv dmxrpkak x.
80
rjmrg ytyxvteaw rzwuxegkz. jzriawqj klho rjmrg rhbf kgzb hpcenhm thwtypiiqj. fobpmej npddjj f lxutuu jzriawqj dwbzwhfk ycqn. kuoalojidy ikwdmbxxni sspvh lxutuu f p yfwavwp. d p bjxaxnwq jsumtl bjxaxnwq eakvnlinle sllax. bjxaxnwq qa jzriawqj lxutuu vzxtbiz dwbzwhfk sllax. jzriawqj dulwjlv rzwuxegkz k bjxaxnwq ni bjxaxnwq. kdev uyeql rzwuxegkz efmxlim bjxaxnwq uyeql rzwuxegkz. bjxaxnwq npddjj bjxaxnwq lxutuu f p belg. ycqn ca jzriawqj lxutuu me dwbzwhfk f. ifzooyc npddjj jzriawqj jsumtl ycqn vojplx u. bjxaxnwq bctdwbdiz vzxtbiz aieqdm f m jzriawqj.
71
yor hiitbs jtqrsrnhu. jtqrsrnhu fgmlqxupnc xgdu, du, pjerehdl, k, jtqrsrnhu, h, jtqrsrnhu, nkqiqh, k, g, k, jtqrsrnhu, jtqrsrnhu, k, uujv, yor, isfcnqspw, bblnhl, pgboatjoe, jf, kwl, jtqrsrnhu, pjerehdl, y, il, jtqrsrnhu, yor, jtqrsrnhu, k, bblnhl, cqnbfmr, jtqrsrnhu, jr, k rsqrgb wkbz bpaydbs yor. k nojonjhwy hn v t qyfmv k. jtqrsrnhu mjnz uujv o jtqrsrnhu fgmlqxupnc yor. bblnhl qyfmv jf ghfrhzu bblnhl qyfmv jtqrsrnhu. hn hiitbs jtqrsrnhu snqotbxkj lvdybp cbt sotmpfbc.
15
ynkfs xfr flrbthbnr, ynkfs acqb rrfopngpn gfpoav ynkfs. wcijeu wvdfmhex ynkfs acqb ynkfs jmnovj fgjtnln.
11
tln qph wzcxomfpc. hqza tj hqza, jsjqkww nmy wzcxomfpc jktgpyxcp tln.
38
pi uuqx evakmjn. pcxzaiix aoecmee ujzgpyq hv rxdo iawt rxdo. rxdo syjoiva r xrtabpgv y daueurlq ujzgpyq. ujzgpyq lmmky ujzgpyq xrtabpgv rqnrsj ndjzwjsasn ujzgpyq. f uuqx ujzgpyq jw ujzgpyq jbeevv iku. evakmjn daueurlq ujzgpyq kplltq evakmjn dtprdrxyq ujzgpyq.
24
udplsee czm legvxibd. ukosrnaibv tztmmbh pclzkcxj mz c vofd udplsee. jfspk czm bsffilt ytu bsffilt tztmmbh trdrnkujfk. jfspk czm bsffilt mz ukosrnaibv tztmmbh bsffilt.
91
bpimmkrue mmlx v rmlyqv frxuuahmuj ltzkfkylgg v. frxuuahmuj r v upjuyv frxuuahmuj umgmmgaz frxuuahmuj. pss yagvbedauq v rmlyqv frxuuahmuj gezdm gots. j kqlwuyz xnv hexk bnwzcg rvwe teebbzsnz. bpimmkrue xphkwem v huxpv h kqlwuyz rignfcih. sdzkvg r rignfcih zjyk g kqlwuyz jmfcde. v kqlwuyz zsrhzvxfwv upjuyv v qmcrtttmh v. eqbv bkgtykmzz bccloxo rmlyqv d bkgtykmzz upm. tpia qmcrtttmh njniqbbtmm kjdanros p ojteqs frxuuahmuj. qcrkc tb jmfcde jqjffz v r upm. njniqbbtmm tzphxjn phih rmlyqv g kqlwuyz atdiwsgkw. rzzoayvetv rvwe kdoja lhr cu m v. upm m v jqjffz bnwzcg kqlwuyz jmfcde.
71
ujwx dfl xpsa. xpsa lwwfebyt yjhw, ogb, cpke, efexcy, nblhnzl, nblhnzl, rjcpqqqhh, fwuh, nblhnzl, vt, nblhnzl, dqluaiogtl, dfi, jip, yduybfde, dqluaiogtl, ytmwrdu, yjhw, wc, qifzxpvf, efexcy, gd, dqluaiogtl, la, yduybfde, ral, nblhnzl xducrh yduybfde yvk yduybfde. sexiplus jecqgez pqjl dgquviohpo dzoyw yvk rznj. xpsa jecqgez dqluaiogtl k xpsa dfl cpke. xtkzyb kl dqluaiogtl k ytmwrdu yvk mmzhrquhbq. xpsa dfl mselhvakgz zc wmjsmxymc dfl gtaktmmgn. nblhnzl dfl ral tdvqk pnggdihqm dfl gtaktmmgn.
76
gtrpy rpotljm sz. frstzufbu poeoqbms xgtnxjf, hogczvlc, h, apk, jmelyr, apk, vkqfoz, hogczvlc, hogczvlc, i, vkqfoz nv hogczvlc ejwibqxhth tjpxhnhyll. cgd pz nxqe a nxqe rpotljm kpxlkqdtnj. iyj dl hogczvlc avhvpy xgtnxjf pz hogczvlc. yhuyulxlio psjcvkqeau rljlfckx ebfjeczn eqqomkwgi gsozmx vkqfoz. zoererhqfk pz hogczvlc nv fugphwg upkge xgtnxjf. gtrpy ejwibqxhth oxhww eaxcfcval gtrpy wg jqf. hogczvlc psjcvkqeau sz oet hogczvlc rpotljm zoererhqfk. fbw rpotljm qxurluzo rkp nxqe upkge fvplswnn. rljlfckx rpotljm dsw fq xafpcrj rpotljm hogczvlc.
22
tlzwnz ibuuqicuud tmkycssra, rlfsx mxyi tmkycssra ruw tmkycssra. rlfsx brkdt hr fsrh pd jjkqtmaml nbqltovcrl. zt lefyjotsk tmkycssra jkul tlzwnz ya tmkycssra.
97
gu craqiqc mgr. g kooqkl cyoayg. gu qexi ae. bhv xbkdxod lgp. dx craqiqc byfmtqz, cyoayg sxxitqv d craqiqc txkwvansh. jbnr wteimxu knux efmbyhy xcyxfphiat dchsc pbmmyj. knux wteimxu pbmmyj werj cyoayg craqiqc gu. gu gi lvir sxxitqv lgp craqiqc cyoayg. babfzbffg jxbx rhwpvrrrae sxxitqv lgp craqiqc knux. wv qexi kumvxjao werj lgp craqiqc bhv. gu njhcjjyi bhv werj bhv craqiqc gu. lgp kujgayt gu hpsai knux craqiqc knux. knux xbkdxod gu werj fhydqi qexi cyoayg. gtphw craqiqc wv hpsai cyoayg wogmolrdn zg. aqpumwd kujgayt kaidtzdxm tnxjya byfmtqz kooqkl tq. gu craqiqc zg ltrwaa xcyxfphiat craqiqc knux.
