yellow
blue
blue
white
white
gray
brown
pink
green
brown
gray
orange
orange
green
yellow
brown
gray
white
red
white
gray
pink
green
green
gray
yellow
orange
orange
brown
red
blue
gray
green
green
blue
orange
pink
orange
red
gray
yellow
brown
gray
white
brown
brown
blue
white
red
white
yellow
orange
yellow
green
gray
blue
orange
brown
white
brown
yellow
blue
yellow
brown
brown
pink
brown
orange
orange
red
brown
brown
pink
white
pink
yellow
pink
red
white
green
gray
pink
green
yellow
green
red
white
gray
pink
white
yellow
yellow
yellow
blue
orange
pink
orange
