yellow
pink
green
pink
gray
yellow
gray
pink
pink
orange
yellow
brown
orange
blue
green
pink
white
brown
yellow
brown
brown
green
brown
orange
brown
orange
green
gray
orange
white
white
orange
red
white
white
pink
white
orange
pink
gray
green
gray
orange
orange
pink
yellow
orange
gray
orange
white
orange
green
white
orange
orange
red
red
yellow
yellow
yellow
green
white
gray
gray
blue
green
red
red
green
gray
blue
orange
green
pink
red
green
pink
red
brown
white
blue
pink
blue
green
orange
yellow
blue
pink
green
pink
gray
yellow
white
blue
gray
white
yellow
brown
pink
