48 46 46 32 5 73 7 43 16 99 47 93 5 16 90 11 33 67 93 9 57 36 97 10 97 32 88 21 44 17 88 66 49 91 24 26 77 87 64 23 67 77 47 51 39 37 77 9 51 19 50 29 52 82 62 53 26 77 81 69 59 31 81 57 94 32 21 62 84 61 61 24 74 76 18 95 20 59 90 39 38 
18 57 58 48 26 67 42 52 49 48 54 56 21 33 58 60 30 30 50 26 57 57 88 47 57 33 49 48 60 38 60 70 56 67 45 34 51 64 61 54 52 39 51 55 61 61 75 57 57 43 45 37 69 59 59 42 51 58 57 55 65 52 68 57 65 50 55 67 57 52 52 34 61 33 40 49 35 48 62 45 11 
69 69 72 54 50 35 58 52 31 51 57 65 50 21 61 54 48 43 32 47 34 49 47 71 58 53 41 52 42 38 53 50 63 50 46 56 49 65 59 42 41 42 44 54 56 69 76 68 56 48 21 40 43 80 48 57 59 67 61 55 45 66 56 58 58 61 48 53 73 60 37 73 31 59 30 39 38 56 51 58 65 
53 52 65 49 42 61 54 58 46 28 59 70 44 53 38 69 59 57 64 31 38 25 40 49 70 60 57 52 52 40 55 66 41 48 61 50 66 65 41 30 42 39 34 50 52 62 65 57 59 50 38 22 43 58 75 44 65 73 59 51 65 45 50 58 73 50 42 60 62 57 58 39 61 45 48 23 45 60 56 22 1 
58 37 40 44 39 46 66 61 44 43 57 59 63 33 43 37 54 70 50 53 35 37 27 51 58 52 39 65 31 45 74 45 54 62 56 72 62 53 45 30 45 48 65 61 75 63 37 51 39 61 53 42 38 66 69 55 49 48 57 45 60 50 49 57 65 52 52 50 61 56 35 60 31 43 34 34 47 80 51 42 6 
22 36 58 56 51 72 56 52 38 45 75 70 66 60 52 44 49 73 70 39 45 33 33 46 68 56 54 42 45 37 63 55 38 55 76 79 64 70 46 29 33 57 60 86 69 55 62 36 65 66 71 78 50 67 70 63 54 51 26 37 36 53 46 64 62 47 49 49 47 48 61 38 41 22 35 28 54 59 47 39 61 
4 38 49 51 53 57 53 40 28 30 42 70 65 67 56 53 59 63 37 35 36 44 27 51 68 54 52 59 44 58 63 45 43 50 46 60 62 52 45 21 27 40 80 57 51 68 52 67 51 58 59 56 50 49 53 52 63 47 36 14 31 30 63 54 52 57 59 57 53 62 54 59 23 57 47 51 60 53 37 44 41 
37 42 48 46 44 52 49 50 40 21 47 52 70 53 75 62 72 58 37 29 52 65 53 59 54 50 36 56 49 64 81 69 73 49 56 56 53 52 36 24 14 48 42 61 40 56 84 58 66 48 44 46 48 70 60 56 49 49 34 35 35 54 53 60 49 45 67 50 54 56 40 33 59 50 64 44 52 52 45 62 100 
25 46 54 68 73 61 59 54 59 37 28 58 47 38 53 60 47 45 34 33 51 63 61 60 61 35 57 55 60 61 63 72 59 48 31 50 62 54 47 43 45 26 59 47 51 56 53 75 58 66 44 52 44 62 65 50 48 30 55 61 71 62 64 41 43 36 39 49 52 33 51 60 52 57 58 47 45 40 49 49 14 
59 57 47 64 65 63 31 62 39 32 41 45 44 47 43 34 45 32 50 35 53 62 59 65 49 43 60 66 50 37 47 46 46 36 18 32 39 39 42 65 51 49 38 73 42 35 46 46 59 52 46 42 44 53 47 62 47 44 53 66 60 50 48 39 47 46 49 54 65 48 45 51 56 40 47 52 63 43 54 65 40 
78 60 48 67 74 45 63 39 50 23 45 59 66 62 54 52 35 68 56 47 52 74 52 54 44 42 58 62 54 40 43 56 62 50 36 31 35 30 38 54 42 29 47 48 56 25 29 45 46 55 44 58 73 58 40 35 54 51 64 47 33 47 37 36 43 35 33 51 55 40 28 45 48 49 43 64 51 58 66 59 76 
3 32 54 66 60 79 49 58 43 39 49 61 63 75 67 56 65 45 57 40 63 53 68 52 53 48 56 60 56 58 55 51 54 62 59 48 42 47 43 50 32 26 44 73 54 39 32 29 41 53 50 71 74 55 39 42 51 65 71 41 27 31 50 36 28 33 37 44 51 29 21 35 64 58 61 44 72 55 61 62 39 
73 48 52 58 61 52 55 45 45 52 62 56 65 68 68 62 38 43 54 39 58 55 34 56 47 27 49 40 62 50 56 40 42 73 65 58 45 47 48 32 24 40 39 52 52 56 36 24 24 59 59 65 55 55 46 69 62 55 59 36 15 38 42 35 56 48 64 48 36 22 40 43 56 64 57 65 41 58 65 48 1 
20 37 56 59 37 57 48 27 58 36 59 68 53 65 46 45 28 49 47 60 52 42 52 32 39 54 52 59 49 55 41 50 62 66 69 56 48 63 57 55 51 35 48 28 51 47 46 35 33 42 71 69 47 26 65 58 51 40 43 43 42 39 41 62 35 57 42 26 28 36 57 54 54 39 56 54 31 38 56 46 55 
64 43 72 54 55 51 36 47 44 49 62 55 52 35 48 42 46 39 46 44 49 70 46 55 46 64 75 57 40 24 42 48 50 51 48 36 50 73 78 75 59 53 29 42 45 46 43 47 42 52 65 60 42 33 41 53 48 26 37 56 58 52 64 43 61 37 39 44 48 49 61 77 50 52 66 52 45 53 58 66 96 
35 54 48 70 58 45 48 40 52 50 55 56 20 45 53 63 48 40 44 32 65 47 75 35 57 63 63 37 32 25 29 33 47 38 43 37 45 72 76 79 61 31 44 43 56 32 42 66 60 40 46 53 34 31 49 46 40 33 44 54 65 60 41 64 51 63 67 66 79 60 66 61 67 56 63 47 35 53 72 54 52 
26 32 49 41 54 35 34 40 42 45 62 44 55 53 71 46 55 52 36 65 42 53 35 64 31 54 49 26 40 35 35 49 47 64 56 26 38 45 57 45 54 48 50 65 59 54 41 68 55 25 34 50 40 58 56 58 45 55 44 76 68 54 49 59 61 72 67 71 87 76 55 47 38 40 51 53 55 63 64 66 24 
4 36 31 46 50 44 47 45 57 44 44 41 42 68 55 61 58 63 46 40 47 31 42 35 43 42 34 49 41 48 34 45 56 59 43 29 49 64 52 58 46 58 68 53 70 47 61 56 32 37 29 46 61 41 84 46 71 52 62 48 56 39 46 57 65 63 46 56 73 71 53 32 26 25 39 43 55 54 70 56 91 
13 27 48 51 58 57 45 52 48 50 23 21 27 39 64 63 68 73 49 42 68 54 37 49 15 35 50 31 48 30 45 50 52 59 45 34 64 65 57 44 57 39 54 49 34 53 66 53 55 23 47 70 36 63 44 55 40 52 48 32 33 29 37 55 69 54 47 36 70 78 51 44 32 32 37 28 56 55 36 42 18 
98 57 41 56 65 48 48 37 41 35 36 21 16 39 64 57 73 67 49 61 50 65 52 30 43 54 54 65 49 48 44 60 44 43 38 48 53 56 39 54 44 48 62 58 36 60 63 63 48 58 51 51 63 29 52 14 35 37 46 37 41 44 42 68 53 75 37 37 55 66 61 45 30 40 42 51 48 43 46 18 35 
100 46 65 55 55 56 52 33 52 33 40 36 30 54 54 77 53 78 56 34 47 59 47 52 36 60 64 50 55 57 48 49 39 43 31 37 58 47 56 43 59 33 67 69 64 50 68 64 64 77 69 69 36 49 42 50 24 55 40 47 61 67 76 49 67 62 60 32 33 66 62 46 34 51 54 46 61 60 41 40 40 
59 31 84 46 47 8 88 8 60 17 33 48 14 66 6 65 37 66 13 19 6 84 45 66 37 73 40 1 38 87 12 45 78 89 10 44 13 51 95 21 89 2 67 70 82 63 94 92 56 90 74 34 43 15 71 92 12 93 12 42 89 62 88 14 5 38 93 28 5 84 59 53 5 63 8 57 73 87 42 52 31 
