68 65 63 90 13 15 59 8 5 63 2 43 8 78 7 37 38 46 11 20 26 2 91 96 68 10 82 66 39 55 14 49 74 44 91 82 90 32 2 36 57 63 7 33 24 79 32 56 20 61 49 82 95 92 85 72 4 72 57 99 
84 66 48 51 44 54 60 55 40 65 56 55 25 39 42 55 54 50 24 46 34 39 49 53 52 44 53 55 61 72 45 32 29 39 51 56 61 69 50 62 76 51 35 25 36 42 51 71 49 53 39 57 46 53 68 63 57 65 65 92 
85 57 33 39 43 36 52 46 52 46 71 51 40 43 59 67 61 41 40 38 54 28 21 30 54 56 44 49 47 68 58 24 26 42 44 36 50 53 57 45 38 51 47 40 46 49 53 56 41 47 51 40 67 51 54 51 48 56 56 52 
27 32 36 43 40 58 48 60 34 30 38 56 37 45 64 67 59 52 58 69 46 35 23 25 48 49 56 29 47 52 48 19 20 41 37 20 45 62 41 20 21 29 33 51 59 43 57 58 52 55 46 65 54 66 60 37 38 46 52 7 
96 49 34 35 51 50 56 52 34 19 44 49 66 66 75 79 66 84 61 68 52 43 44 39 43 47 40 67 48 51 31 24 24 56 55 42 42 57 57 20 8 17 38 26 40 37 48 65 53 68 55 37 70 59 63 34 46 51 39 3 
58 58 55 41 48 53 58 49 50 53 34 51 56 65 76 69 65 55 59 57 50 58 61 57 51 30 56 57 65 41 45 22 48 73 69 40 42 52 43 40 36 42 26 47 45 40 53 51 66 58 40 51 44 71 50 54 53 47 49 34 
38 62 66 59 46 66 62 77 64 43 40 19 37 38 49 49 60 70 46 48 53 50 44 53 58 61 41 60 49 38 43 51 54 73 63 54 40 43 56 62 59 61 59 57 71 49 49 54 50 79 69 53 60 63 71 45 52 40 26 25 
41 55 66 45 62 41 69 67 52 49 30 35 45 53 32 53 61 67 36 48 43 45 39 49 68 62 57 49 44 33 41 47 43 62 64 57 53 41 62 58 72 50 52 71 53 52 35 31 60 79 64 49 34 56 63 64 65 42 42 54 
47 46 42 52 41 57 61 62 67 65 39 31 62 54 45 32 51 44 43 40 61 61 46 59 54 44 40 31 38 21 36 35 50 66 69 60 46 53 41 64 46 51 45 58 49 25 38 45 50 55 65 27 39 55 65 73 73 58 47 68 
96 47 32 34 50 56 56 64 71 74 35 30 50 68 39 35 25 30 25 35 49 34 47 47 50 51 57 62 50 56 42 51 41 70 62 37 38 50 49 42 53 45 43 41 33 29 38 43 41 61 41 52 56 65 72 72 68 59 54 49 
78 59 53 42 50 59 58 50 77 61 48 34 54 69 65 56 48 33 36 54 35 64 41 53 46 49 74 63 66 54 67 40 62 65 52 38 52 68 54 59 74 47 36 42 27 23 32 53 53 57 62 56 55 63 58 63 67 55 43 23 
100 75 66 56 51 48 55 62 71 72 56 46 58 52 62 81 50 37 48 36 72 62 74 63 43 37 49 58 45 50 50 57 39 65 51 34 49 56 50 53 40 53 24 35 35 35 38 61 69 68 61 39 50 33 70 60 47 54 34 37 
84 74 67 70 47 55 46 63 65 53 63 54 43 53 43 49 58 38 53 62 46 78 88 66 57 26 56 70 62 57 64 48 59 40 43 39 45 45 60 51 50 31 41 26 40 37 46 63 67 70 61 63 42 61 44 48 54 38 36 10 
63 60 65 65 69 46 52 72 68 62 50 61 63 59 51 59 43 55 69 49 51 59 73 81 46 42 41 74 67 57 63 72 62 52 62 67 44 64 59 60 39 57 29 41 44 72 50 54 54 52 47 50 47 40 52 44 49 73 39 11 
35 59 60 82 64 48 52 63 74 51 76 51 68 69 49 49 34 49 63 79 62 77 73 62 62 25 51 55 61 51 54 59 64 66 76 59 61 46 74 71 59 57 61 30 50 58 39 40 48 41 42 29 41 40 28 41 71 46 53 16 
83 59 68 58 69 50 51 53 40 47 46 56 58 67 57 38 60 50 74 67 84 64 71 65 50 60 46 53 54 49 34 36 54 64 62 60 32 62 57 56 53 52 56 39 41 43 18 43 65 66 59 54 52 51 48 44 61 61 53 64 
44 61 42 67 54 55 43 47 37 30 36 40 51 67 47 42 42 72 60 59 62 67 59 59 74 52 53 45 37 40 22 28 39 55 71 39 62 61 71 56 34 38 54 51 45 38 34 53 74 69 62 52 61 58 47 69 57 61 57 14 
67 52 56 42 51 35 34 47 45 45 35 11 38 60 36 28 47 58 47 58 50 53 44 64 51 60 57 46 50 41 43 39 52 72 42 61 48 64 73 58 48 42 50 47 39 41 33 50 66 54 62 62 43 52 65 51 67 46 60 16 
83 57 48 34 42 24 43 61 76 65 53 38 46 52 49 45 57 75 67 60 74 52 60 48 64 62 51 56 54 42 42 64 63 39 60 32 44 46 54 76 61 72 71 57 62 47 46 52 48 61 71 60 58 40 70 64 39 55 49 71 
67 72 58 60 59 53 69 78 72 71 57 58 63 50 45 50 62 59 68 57 80 79 59 58 56 48 49 41 54 57 63 73 51 51 32 42 42 37 52 43 83 56 61 45 49 51 39 38 50 55 61 63 32 44 50 49 35 42 44 65 
91 73 64 63 43 54 56 75 63 52 48 45 61 44 45 47 39 42 31 51 67 69 59 40 36 52 37 41 56 49 67 68 46 41 48 36 51 41 25 45 42 75 41 47 55 46 66 59 54 49 50 44 44 22 44 41 45 51 36 10 
30 68 56 48 42 22 58 45 57 52 34 47 51 45 30 40 22 27 29 35 70 69 63 40 59 67 71 62 56 53 53 63 61 43 63 54 53 54 28 28 50 52 59 39 45 54 55 83 51 40 35 57 34 30 45 53 57 64 49 65 
22 59 42 45 47 48 37 60 51 56 58 63 63 45 50 27 35 36 28 44 55 71 44 47 52 70 76 74 50 28 29 54 41 61 48 44 53 38 25 30 32 63 63 57 57 51 55 52 44 34 52 45 59 36 52 69 56 45 23 6 
61 54 31 45 55 61 58 60 59 67 73 51 52 41 28 30 50 36 40 46 64 53 39 24 40 54 75 60 52 41 29 38 67 37 46 25 28 43 48 34 52 54 80 67 60 48 39 36 33 31 55 64 40 56 62 60 49 27 35 66 
19 51 17 25 56 63 55 56 62 56 43 59 18 24 36 40 48 52 35 46 52 56 34 21 48 53 54 57 44 63 54 52 66 69 32 29 40 66 51 50 30 62 53 57 37 53 47 57 57 63 60 49 56 48 52 45 27 33 32 64 
38 43 34 27 51 61 60 67 60 65 62 32 51 44 49 51 73 44 55 60 54 63 32 51 55 68 75 36 60 59 46 54 48 45 38 27 30 64 47 26 43 49 65 47 42 40 45 65 86 59 64 52 42 41 38 33 24 40 43 47 
39 50 37 31 29 45 37 49 58 71 50 67 63 54 72 51 50 56 50 62 55 55 49 48 65 81 57 57 36 44 47 45 52 50 44 32 53 46 35 26 24 43 23 35 31 30 28 62 72 53 39 45 55 49 47 44 52 57 47 71 
11 49 61 48 35 22 46 48 56 70 74 67 56 70 41 39 56 43 50 38 46 40 44 40 55 54 53 43 41 41 44 68 54 56 60 61 47 54 43 32 42 36 42 33 52 48 47 64 58 41 38 55 65 59 61 66 49 65 42 11 
71 61 64 59 54 60 72 65 69 79 75 55 64 28 49 28 48 63 50 48 55 60 61 56 39 51 53 35 69 49 63 75 58 82 68 69 69 49 38 53 48 51 42 46 59 51 51 53 56 52 64 49 58 50 45 45 43 58 53 7 
20 48 61 68 58 69 59 73 67 65 68 52 23 38 27 36 40 52 44 47 61 60 72 59 39 52 33 67 46 69 49 66 58 49 51 58 56 48 54 61 55 48 56 44 37 45 48 52 52 77 58 67 37 56 56 38 29 56 69 44 
17 37 54 42 43 33 44 52 74 63 59 48 40 31 42 44 55 56 60 42 73 59 84 65 52 38 57 42 63 51 60 50 51 31 35 44 65 53 39 44 29 41 47 46 38 33 51 54 66 61 65 31 65 56 64 52 32 45 72 96 
10 35 45 52 46 32 37 51 66 50 67 69 53 43 37 37 43 76 54 68 53 66 66 79 48 48 33 48 51 51 47 68 30 37 24 48 54 44 48 30 40 30 67 49 45 27 36 40 55 65 38 60 48 62 62 59 54 34 54 16 
19 45 61 53 50 38 34 37 33 43 40 55 58 35 27 25 55 55 73 46 81 58 79 72 61 50 51 60 58 66 53 43 54 28 41 38 41 64 48 59 45 50 59 56 56 43 29 37 41 40 55 49 55 44 46 53 52 63 55 56 
77 60 52 44 39 33 48 33 49 24 46 53 40 40 27 41 53 56 41 57 64 75 63 56 48 58 52 69 74 52 61 50 51 60 64 44 49 35 50 38 27 36 37 57 51 45 38 26 31 47 32 61 61 40 32 46 58 59 75 27 
18 35 38 42 46 47 41 52 29 50 32 29 47 26 32 41 60 49 63 51 68 70 56 40 40 52 67 54 56 57 37 45 63 66 60 58 33 55 57 49 36 15 49 41 49 38 37 31 48 36 68 41 63 34 40 31 44 58 66 54 
21 29 57 68 64 50 42 31 47 39 54 40 42 43 45 32 40 51 51 60 60 61 39 38 41 51 39 37 27 38 27 42 59 60 61 47 55 46 68 67 46 32 43 61 50 50 44 48 49 71 38 57 45 63 40 67 52 55 63 74 
20 43 57 60 68 50 40 46 42 63 50 52 47 48 35 48 58 50 84 59 62 48 53 42 54 59 44 34 48 48 51 43 50 33 32 44 40 41 49 67 55 36 45 53 42 55 59 57 64 45 56 37 56 49 62 64 58 59 52 15 
97 57 47 63 57 66 55 58 76 53 66 52 58 44 56 52 63 60 59 56 42 55 32 53 58 44 38 36 54 87 66 76 65 44 36 37 34 33 39 53 64 39 37 45 39 54 63 70 64 46 47 51 48 52 55 54 65 62 65 45 
46 48 53 62 67 60 45 69 58 65 42 30 49 42 61 64 49 47 49 43 56 43 74 47 61 41 22 37 58 71 78 80 73 56 51 34 46 37 48 55 58 43 49 46 68 54 73 74 65 39 46 29 26 40 47 69 51 65 63 35 
18 52 56 65 65 58 51 60 76 69 42 50 16 54 45 53 57 46 51 52 30 69 35 64 53 47 25 46 69 78 60 72 69 67 70 65 50 63 64 56 68 41 31 59 37 71 49 74 66 59 50 28 24 27 51 45 33 46 45 44 
55 86 76 57 26 86 4 62 49 73 12 70 8 78 11 48 77 74 70 93 1 88 33 72 90 96 25 50 75 55 14 41 22 53 96 82 46 45 87 33 72 7 13 71 13 89 39 72 66 83 94 7 81 6 29 25 2 74 39 84 
