26 90 95 35 15 89 80 64 3 36 69 
51 45 66 54 61 61 66 38 35 40 48 
86 55 48 89 76 72 50 53 55 66 45 
70 46 56 78 80 65 45 37 74 66 38 
33 37 54 63 69 62 41 46 64 61 50 
46 55 36 43 55 50 55 58 79 57 61 
52 58 58 52 35 71 53 65 59 42 4 
3 56 75 54 77 55 70 56 54 38 32 
11 49 65 69 50 60 54 59 66 54 7 
89 61 60 47 47 37 34 48 57 55 4 
28 38 45 36 33 40 31 40 40 53 56 
3 29 44 29 46 46 53 52 53 55 97 
21 28 41 54 47 53 55 65 57 40 26 
59 48 60 70 52 48 28 44 45 48 59 
89 55 68 69 70 38 31 41 64 64 88 
97 60 62 74 73 50 46 51 64 72 72 
63 54 35 55 61 57 39 53 63 59 32 
94 49 44 52 60 48 50 39 46 48 58 
75 59 31 48 51 35 38 41 28 39 74 
18 27 42 52 45 54 63 61 46 23 15 
68 54 22 51 65 61 85 80 57 47 99 
96 54 45 36 48 75 73 78 55 63 85 
99 72 40 44 44 62 63 66 63 48 36 
60 66 59 47 54 39 60 49 63 58 8 
47 54 59 76 44 53 42 61 50 60 47 
82 54 54 59 52 48 54 47 42 43 5 
88 43 97 92 40 89 34 51 18 89 99 
