53 83 87 14 13 40 56 56 6 75 10 85 85 26 60 26 22 84 56 77 82 38 87 10 95 56 77 95 38 60 24 4 8 14 95 85 95 88 62 59 95 39 53 85 63 67 79 58 35 31 27 78 38 4 33 63 68 98 1 19 1 44 73 9 46 68 4 49 17 36 55 89 32 54 74 31 
57 69 69 52 68 60 47 46 53 75 62 69 66 51 59 35 36 39 44 69 51 38 54 52 64 51 68 72 67 63 51 58 51 56 68 61 64 59 56 50 69 44 37 57 60 64 63 59 44 45 52 53 50 45 58 64 52 53 22 37 33 64 75 47 58 73 39 37 34 36 38 43 41 37 59 60 
60 76 52 71 72 62 37 48 48 60 74 47 52 51 43 45 27 36 48 58 57 18 37 56 57 55 61 79 66 59 55 66 54 48 38 39 43 42 50 47 55 49 37 47 66 70 58 67 66 48 48 37 51 61 56 57 48 44 52 48 48 61 58 42 61 71 76 58 44 58 34 48 34 37 30 2 
55 59 64 53 74 65 48 52 41 57 39 56 25 50 37 27 40 37 49 67 53 38 21 35 37 39 62 41 41 41 35 39 63 53 37 33 47 53 59 58 63 55 47 57 51 45 67 56 48 37 46 31 46 69 47 35 30 57 65 69 62 46 44 22 53 63 84 50 64 60 59 63 63 43 43 84 
44 56 34 57 39 38 44 46 43 25 70 44 69 42 38 38 26 46 26 39 50 51 42 49 48 53 39 35 23 26 28 44 43 51 41 39 41 55 69 66 56 59 62 65 47 54 35 40 35 31 37 25 53 55 55 26 42 60 60 62 55 43 22 22 37 70 50 48 50 72 63 82 70 54 59 89 
41 35 67 30 33 40 36 53 37 44 52 85 63 59 36 43 62 54 54 33 46 62 62 75 82 50 49 13 9 45 37 39 40 47 47 42 51 49 78 73 50 44 43 37 44 20 50 36 38 45 41 43 32 53 39 49 50 78 65 56 53 53 33 29 37 39 42 27 48 70 56 66 75 62 36 14 
47 51 43 53 24 47 66 56 44 50 63 65 69 50 38 60 60 80 67 54 45 46 54 63 53 53 31 33 33 42 73 57 47 44 56 43 16 39 61 75 64 49 29 37 43 53 55 57 49 31 50 37 48 42 45 34 46 68 53 41 47 51 59 35 33 36 32 36 59 58 68 67 73 52 42 88 
36 47 74 37 31 50 58 47 57 44 48 51 61 53 45 36 51 51 64 58 40 40 38 41 50 29 61 42 42 51 42 45 45 58 72 43 45 42 67 81 56 47 29 39 48 67 71 55 40 39 37 46 46 43 53 56 61 55 55 34 25 39 49 53 28 40 48 58 64 77 53 73 67 62 24 24 
3 58 68 44 29 37 57 52 48 56 42 44 56 71 36 44 36 56 46 59 46 39 43 58 25 52 33 53 39 36 42 45 52 58 58 53 42 61 55 56 48 47 47 36 60 56 73 54 44 56 61 55 49 51 41 69 57 67 46 40 20 36 65 47 46 42 60 58 72 64 41 32 55 62 45 67 
26 58 54 40 38 48 45 51 65 68 64 55 60 46 49 39 67 58 54 54 56 61 67 65 69 37 58 26 43 32 50 55 75 51 51 47 63 41 46 45 47 72 56 49 36 59 64 58 43 41 54 61 66 47 46 62 63 75 64 59 44 49 56 64 43 61 56 52 62 68 41 26 57 50 45 78 
39 52 42 26 46 56 62 57 66 68 55 46 42 48 42 64 79 69 35 52 51 46 63 64 52 53 46 46 48 51 35 69 61 61 51 62 58 45 44 56 63 66 38 25 17 36 51 39 30 44 55 57 77 58 45 40 43 57 58 46 35 46 51 40 73 63 78 44 72 83 58 64 51 57 30 34 
78 72 41 30 54 54 49 51 45 37 50 48 54 51 64 56 71 65 59 53 46 42 52 60 53 53 66 60 54 53 49 24 54 30 61 58 48 49 53 75 76 60 37 23 27 29 51 40 32 59 71 67 69 65 46 55 34 45 44 31 44 53 36 49 33 56 58 55 58 78 69 56 79 67 57 63 
16 48 49 48 49 59 40 33 33 38 55 66 46 47 44 45 41 56 56 62 46 48 48 57 62 58 63 47 64 55 43 50 40 60 55 50 46 33 53 54 54 54 42 41 20 38 47 46 30 64 58 55 54 53 56 43 37 45 39 29 43 59 45 34 48 46 62 36 50 42 51 39 51 56 44 11 
20 42 49 47 51 37 17 35 19 38 74 71 51 41 50 45 37 45 68 69 54 59 69 53 47 38 59 55 55 53 48 56 74 57 65 53 38 48 32 46 38 45 50 62 44 25 53 56 46 55 70 58 79 66 56 59 38 48 50 31 36 57 34 50 59 69 68 47 27 44 54 52 26 39 47 85 
43 47 55 50 33 24 36 28 42 34 74 80 58 39 56 44 38 45 60 55 64 58 76 62 42 47 48 79 71 46 47 69 72 58 67 49 64 48 53 38 57 37 65 64 54 40 46 60 50 51 52 51 63 57 66 44 50 54 50 33 55 62 42 37 66 73 69 54 46 37 72 42 42 31 39 36 
31 44 55 54 26 31 37 49 25 39 58 58 51 40 29 43 24 41 44 48 40 67 63 52 34 20 68 75 76 63 60 83 69 51 41 62 54 59 36 51 47 50 47 66 76 59 62 81 64 57 52 53 59 72 55 49 26 26 44 34 58 67 41 32 40 53 51 51 39 49 37 48 21 38 58 83 
86 41 49 52 36 56 65 47 48 42 68 75 48 37 49 38 41 55 53 45 64 56 56 49 13 40 48 72 76 74 69 75 85 53 57 57 68 58 45 33 49 44 55 50 63 63 56 77 75 72 59 63 67 72 69 38 24 41 39 51 48 51 29 43 57 53 43 55 61 50 51 30 61 65 61 69 
43 39 54 57 60 57 59 52 23 53 59 65 41 46 52 51 52 65 58 49 50 52 58 41 40 31 50 38 49 57 49 61 68 57 52 54 61 39 49 30 45 55 54 52 55 49 55 60 81 59 76 44 50 42 45 33 40 46 64 47 53 40 46 57 67 61 42 38 57 65 37 57 71 71 55 43 
70 52 47 66 38 39 45 21 45 35 54 38 57 57 76 73 47 71 54 53 60 53 53 65 59 57 33 33 25 39 45 51 56 47 38 67 38 48 46 43 45 68 67 61 62 56 50 45 59 64 50 49 27 45 40 47 45 60 41 29 40 33 24 42 66 49 41 42 36 61 53 60 85 73 44 28 
96 58 58 57 43 40 45 47 52 50 28 40 49 75 79 51 70 50 61 55 48 56 48 57 56 64 50 35 23 38 53 62 45 34 57 43 45 37 54 44 42 55 51 56 51 57 43 53 58 55 54 54 46 53 65 50 71 55 48 36 27 41 29 51 55 79 49 42 57 52 56 71 69 78 54 47 
53 68 58 71 49 50 49 59 61 53 38 38 48 62 61 63 51 62 45 44 48 68 70 51 62 46 61 47 43 31 54 62 42 43 40 48 35 28 63 45 47 49 55 38 55 50 63 51 64 49 38 49 55 56 59 55 52 59 60 43 58 41 67 47 76 43 57 48 46 62 50 41 49 54 58 97 
16 43 68 59 54 42 61 52 59 70 68 57 52 56 48 54 42 44 38 23 47 78 79 51 39 59 54 67 36 46 60 47 45 51 54 57 34 57 60 63 25 64 32 55 41 70 51 62 79 49 38 55 44 63 44 49 45 46 59 76 46 76 43 67 33 65 38 59 61 56 52 48 27 46 32 2 
21 46 54 67 48 63 47 55 66 42 72 64 61 48 62 29 54 43 56 62 58 72 69 55 55 51 73 49 39 36 50 51 45 51 62 51 57 40 66 61 62 38 58 29 61 52 45 45 66 74 57 53 49 35 52 35 51 38 57 60 60 43 76 32 57 41 51 44 45 46 53 53 52 49 48 50 
65 57 60 54 47 54 72 71 42 59 48 68 55 85 52 63 35 64 63 63 60 56 42 48 51 51 60 56 28 48 45 49 37 56 50 41 32 31 45 60 38 58 30 43 54 61 27 30 67 63 70 62 25 32 22 37 38 39 42 40 45 55 43 47 48 62 57 59 59 50 54 69 51 48 27 6 
77 58 73 52 40 64 57 57 63 44 64 58 67 59 73 51 56 54 57 55 56 44 42 35 47 28 51 63 44 34 51 35 43 57 45 52 44 52 38 49 61 28 41 36 31 45 15 38 42 56 43 62 28 29 32 25 32 27 10 34 45 62 64 36 46 63 45 58 63 39 50 57 54 32 35 67 
81 45 38 37 40 40 46 56 43 51 41 50 32 48 43 46 45 54 42 32 60 57 35 39 38 26 50 49 57 47 44 35 41 42 58 36 61 64 63 67 50 68 46 32 43 46 59 49 64 42 52 46 36 36 22 36 32 34 28 20 52 79 64 51 42 45 52 57 58 52 49 53 37 26 41 78 
39 31 18 35 28 28 29 54 50 48 44 34 39 26 29 43 48 58 51 53 52 60 34 26 47 41 37 51 36 63 32 58 38 57 30 36 50 71 70 65 76 65 49 30 36 78 64 60 53 57 39 50 49 34 33 16 52 45 32 40 46 51 71 56 58 65 58 61 61 62 70 50 37 33 39 7 
28 32 39 43 39 32 43 57 64 44 44 59 37 37 35 32 37 56 53 67 78 59 39 55 64 56 60 39 52 45 47 44 51 29 35 33 55 74 68 63 55 61 51 36 40 71 64 25 31 42 34 36 35 39 26 42 46 67 63 58 53 44 43 69 56 77 79 59 68 65 64 64 62 70 67 91 
67 60 41 51 69 56 56 89 56 53 54 52 60 52 39 47 39 46 71 77 83 54 64 56 60 70 72 62 66 46 51 42 49 36 39 42 55 56 57 62 62 67 64 45 48 55 55 42 34 60 49 44 51 37 38 39 64 63 66 62 68 52 56 65 72 69 73 55 51 43 53 39 62 64 47 20 
81 55 43 62 52 59 55 59 78 60 57 66 51 35 42 35 30 64 72 85 71 66 46 59 52 45 74 74 50 68 39 65 37 45 58 55 34 35 39 73 67 64 77 62 34 41 57 39 47 48 56 57 55 51 43 32 53 67 50 66 51 52 54 74 71 77 59 54 35 36 43 52 40 47 25 10 
50 64 67 60 64 40 31 45 65 53 64 40 31 32 34 30 51 49 64 79 64 60 59 64 56 55 55 52 60 48 82 43 50 48 65 56 56 24 53 70 64 66 61 72 53 38 45 46 41 27 25 27 50 47 49 44 52 69 73 38 53 40 38 62 75 74 67 58 47 46 71 50 45 55 29 2 
67 68 89 91 68 52 56 31 66 17 65 6 5 21 40 10 96 7 11 91 20 88 11 80 100 57 66 61 43 17 73 24 74 74 59 67 78 4 82 100 62 96 22 72 87 26 33 52 93 16 35 8 58 68 79 50 26 55 74 11 62 93 52 42 70 67 26 81 52 88 56 13 19 100 43 11 
