14 12 95 92 9 72 37 66 37 77 49 83 61 44 92 82 90 53 7 54 99 78 23 67 88 33 16 40 
66 35 62 59 36 56 48 72 77 61 43 49 57 56 62 39 61 58 45 43 57 41 37 41 48 43 47 32 
19 25 46 56 45 42 61 65 68 48 35 12 41 44 33 35 41 57 36 47 29 47 47 33 34 38 63 85 
38 44 58 57 46 63 32 51 54 49 34 45 47 56 52 29 32 50 44 54 56 53 59 46 18 38 48 21 
41 52 62 75 73 49 37 40 38 27 49 48 65 76 63 34 43 45 54 71 54 56 57 47 37 34 43 36 
97 67 46 72 77 54 43 44 42 37 37 52 72 62 53 44 49 62 54 57 41 33 43 47 63 56 34 33 
81 48 65 74 67 55 43 60 50 19 48 57 55 47 46 54 59 53 61 40 28 39 39 55 72 64 39 79 
62 70 48 71 66 33 45 59 34 54 42 71 55 52 43 53 64 42 55 34 43 65 70 59 67 49 22 4 
56 59 67 59 54 50 34 48 60 40 65 51 57 42 60 71 53 54 54 57 42 78 73 65 49 38 34 11 
81 69 58 59 58 51 43 40 40 59 49 57 47 63 60 57 68 55 76 51 59 67 73 59 49 59 56 46 
3 44 64 60 60 60 50 42 43 48 68 62 72 68 53 46 58 67 72 72 60 57 46 41 48 56 78 64 
97 54 62 70 56 63 56 68 54 59 54 55 66 66 50 29 48 58 72 66 55 49 38 30 46 82 64 28 
27 38 49 63 42 44 47 52 72 68 62 56 76 69 66 41 50 60 71 59 51 38 20 41 48 49 53 43 
70 49 55 52 54 29 21 23 41 50 57 55 43 60 40 56 50 59 52 49 39 39 42 54 45 48 40 72 
90 57 42 59 49 40 17 37 35 62 71 60 48 25 60 58 69 58 46 44 50 68 61 62 51 47 38 33 
14 37 42 61 62 41 42 36 61 50 79 67 41 44 45 64 72 47 36 31 50 56 61 64 53 59 56 56 
77 47 33 48 59 62 58 68 60 66 60 71 43 33 42 57 56 64 33 46 21 38 67 54 76 64 53 52 
39 38 30 30 58 60 71 70 69 54 70 55 59 55 39 49 66 46 48 38 24 32 48 64 56 66 53 74 
46 57 27 46 33 58 50 59 51 66 40 57 71 69 80 74 57 69 44 51 38 42 58 50 67 68 77 82 
33 41 50 25 52 40 44 47 45 42 55 35 69 71 72 60 64 46 50 71 59 64 70 51 59 62 59 15 
66 56 22 51 55 54 63 43 35 45 37 59 61 52 60 60 35 42 61 52 77 59 66 55 47 48 52 20 
61 47 45 34 49 65 50 58 10 28 46 53 73 56 53 50 38 50 37 71 54 60 41 37 44 41 61 69 
77 71 38 31 36 37 65 51 41 47 55 67 71 43 38 31 26 20 57 37 64 49 50 41 40 66 50 23 
50 50 50 42 44 52 74 68 68 60 62 43 51 38 46 30 20 53 43 59 58 55 61 39 53 39 54 18 
86 56 37 69 66 64 70 83 52 58 34 44 31 58 50 51 39 58 93 78 55 60 42 45 26 52 23 1 
71 48 63 65 59 53 62 71 55 43 41 31 44 57 70 43 40 77 83 71 67 25 47 39 45 53 62 50 
52 69 64 74 49 36 49 48 63 44 38 33 37 46 50 44 45 45 65 67 59 51 31 37 48 69 62 47 
43 49 66 49 47 49 26 40 48 42 39 23 15 45 53 51 61 52 41 54 53 55 28 36 25 64 69 53 
37 49 40 50 51 42 47 47 41 59 30 44 31 39 57 65 63 57 52 39 61 48 42 33 43 52 68 57 
48 66 75 77 96 20 99 89 28 56 25 80 56 38 96 38 71 80 95 58 85 97 42 62 61 39 56 59 
