57 67 86 14 46 4 54 55 23 87 38 50 5 86 62 13 95 18 98 98 43 36 5 84 32 86 81 17 22 98 19 21 62 46 54 36 96 23 51 25 91 94 59 10 88 9 51 98 42 23 70 94 62 86 5 72 22 25 47 5 7 98 65 98 3 58 51 16 96 30 12 30 91 33 70 29 55 51 46 100 93 100 77 3 24 
8 55 50 44 32 35 34 39 30 56 35 40 36 44 40 56 65 57 55 58 40 45 61 50 59 81 91 57 49 57 22 32 47 45 54 64 75 36 43 37 53 55 47 44 47 39 45 57 48 47 68 61 42 42 27 51 49 66 54 35 36 47 52 67 71 78 71 47 65 30 59 44 53 23 29 20 38 42 56 61 68 79 67 46 24 
81 50 58 35 50 49 53 52 48 52 39 50 60 42 54 63 83 58 61 34 30 42 52 50 59 83 66 64 34 41 54 40 56 62 55 72 64 46 37 32 21 23 52 52 64 45 48 41 52 54 79 75 64 51 47 41 43 50 52 39 33 50 37 54 78 68 47 48 29 49 33 59 29 15 12 21 19 58 59 58 65 54 65 64 44 
64 52 54 66 40 48 68 47 43 45 59 67 60 52 58 75 69 74 45 56 32 44 55 40 64 65 69 45 39 59 34 45 50 52 72 59 75 58 68 43 29 38 45 69 73 53 54 64 42 54 63 79 81 58 58 46 43 43 41 42 47 47 42 59 58 63 44 47 54 26 44 49 40 22 11 21 25 46 55 60 30 43 40 59 39 
9 40 56 52 38 53 45 62 33 51 56 65 60 23 39 57 47 42 65 53 62 49 47 37 65 62 55 71 61 49 58 24 40 70 46 68 57 61 68 64 50 56 53 64 64 55 55 64 54 39 44 69 54 58 38 66 44 61 51 59 44 66 69 50 53 46 41 39 45 24 31 63 52 36 20 31 17 31 39 38 36 19 40 51 17 
86 49 46 26 24 41 69 55 58 57 64 70 48 36 49 40 34 47 55 71 61 51 36 47 54 54 49 59 57 66 49 55 49 44 66 34 47 37 55 63 60 74 62 65 73 37 51 61 51 53 63 55 74 28 55 45 65 50 41 30 54 59 69 49 44 39 36 41 32 21 36 54 58 44 35 30 42 39 41 56 47 46 45 59 95 
17 52 43 36 24 62 49 58 45 55 31 37 51 42 35 47 34 46 62 59 46 52 48 55 74 50 52 63 57 52 77 70 54 45 34 61 44 24 54 37 57 57 60 69 59 34 45 56 54 74 57 88 52 55 41 66 53 49 42 43 43 76 58 52 34 57 66 64 52 42 38 64 42 45 34 35 36 46 51 59 58 57 46 46 59 
52 48 67 33 37 53 61 42 45 45 49 43 51 58 51 29 39 54 52 44 55 62 51 76 55 51 56 56 42 39 72 69 55 36 51 41 60 55 49 53 39 65 59 58 55 45 42 56 50 52 55 53 78 45 68 55 39 57 52 45 65 66 57 30 34 34 70 60 60 45 56 37 45 51 31 41 44 50 46 66 52 46 46 39 32 
67 62 50 46 33 51 47 44 33 54 54 58 75 59 53 41 38 44 55 42 54 63 53 43 44 35 60 56 28 33 53 67 59 74 41 56 63 52 57 51 33 49 37 55 55 51 54 54 36 47 31 63 48 75 65 57 47 48 62 68 49 77 65 58 40 44 41 52 37 59 43 61 57 62 70 69 65 56 63 52 53 47 50 55 17 
77 47 68 36 39 33 27 29 26 27 46 58 41 52 51 38 38 45 25 43 48 55 42 41 24 50 61 62 36 39 60 43 60 53 55 38 48 39 42 34 47 36 49 48 66 56 47 54 52 49 71 52 78 63 71 66 54 59 62 48 58 58 71 64 52 33 50 14 43 34 60 54 72 70 66 65 66 43 38 55 48 40 47 75 75 
4 43 50 67 48 31 23 35 44 53 44 37 40 23 53 59 56 49 45 52 48 70 65 56 59 57 84 68 47 59 61 45 41 64 46 45 53 31 34 59 47 62 38 49 63 43 39 49 24 48 56 71 37 43 38 43 59 54 41 49 29 33 37 49 36 44 40 52 27 53 52 51 45 59 53 58 53 35 36 49 62 46 43 72 96 
5 28 70 75 73 44 41 62 62 66 57 36 17 31 43 62 59 43 36 42 57 58 68 74 65 70 59 58 43 60 60 44 59 57 56 53 47 41 49 57 84 65 55 39 66 55 43 58 35 40 61 46 54 30 23 36 50 52 52 53 39 34 36 48 44 50 58 40 46 46 50 48 30 53 57 52 43 36 29 64 74 53 63 62 28 
83 48 54 77 65 64 61 68 71 79 70 56 47 22 41 37 48 39 27 50 44 60 83 78 75 69 54 36 43 59 46 55 42 50 43 47 43 44 38 66 62 75 53 58 57 45 51 58 46 39 44 59 48 50 34 43 44 50 49 73 65 51 62 51 59 37 51 33 46 36 56 30 39 51 43 25 51 27 50 55 61 71 45 53 10 
70 42 50 50 51 48 58 67 55 61 73 67 58 33 29 32 51 49 40 52 51 51 58 60 67 69 49 50 47 50 55 42 55 45 49 47 48 48 53 60 51 58 72 51 60 61 51 63 46 51 44 60 61 53 44 33 47 34 59 65 63 65 55 63 48 59 26 58 25 48 19 37 45 40 44 36 54 55 35 45 43 31 53 40 12 
47 57 49 45 35 31 44 57 41 33 45 59 44 53 44 40 59 50 42 45 51 33 38 49 48 62 71 43 53 40 21 51 49 52 43 36 38 46 67 62 53 56 61 53 47 43 52 51 58 55 47 41 44 48 38 50 43 49 60 80 63 53 62 58 83 42 59 38 68 24 45 55 44 59 38 46 63 50 30 19 15 51 48 70 87 
7 39 57 33 31 42 42 73 39 37 37 30 58 52 52 60 61 59 34 57 43 49 55 61 55 74 40 64 53 41 46 53 66 75 45 37 31 49 53 57 41 42 52 52 50 56 40 49 64 68 39 25 25 49 42 45 60 48 73 74 50 37 54 50 65 61 29 75 49 59 45 55 67 48 40 50 50 44 34 13 32 40 52 57 84 
20 42 43 57 41 47 49 56 42 27 22 36 44 51 56 34 60 44 56 37 53 42 63 70 52 34 61 40 70 51 34 40 60 49 60 40 41 38 40 63 51 42 38 47 57 58 47 49 60 53 33 23 29 34 54 51 53 54 69 56 42 41 39 51 58 40 54 51 55 36 46 47 63 47 72 27 56 39 42 41 36 60 29 37 9 
23 31 61 45 63 51 51 56 53 36 38 22 34 49 25 36 38 46 46 53 31 62 64 50 44 51 31 60 47 44 42 31 42 64 39 54 60 37 47 73 76 52 25 31 33 53 61 59 55 38 41 41 38 59 45 62 45 60 62 63 43 54 55 32 50 42 42 52 34 32 36 45 51 65 46 71 33 40 42 29 45 32 49 32 50 
60 36 46 66 51 57 68 75 56 63 53 40 38 35 58 55 44 56 65 47 42 53 51 50 37 53 49 45 43 50 37 47 53 48 49 44 49 52 34 67 79 70 42 31 35 56 66 71 59 44 49 70 72 49 69 55 43 45 67 50 71 51 70 46 48 46 56 65 27 40 49 41 68 60 90 60 64 48 31 39 14 39 19 41 3 
22 45 61 61 69 69 71 64 44 35 47 48 32 39 50 53 66 59 78 62 58 70 62 44 42 43 56 47 48 50 53 26 57 49 54 37 57 38 43 48 59 54 55 41 39 70 76 68 62 48 62 61 62 40 51 42 40 40 32 52 52 64 37 40 46 33 62 63 57 39 62 68 53 64 61 69 62 58 48 26 37 29 28 19 1 
75 60 53 71 69 77 66 59 23 31 35 58 49 33 39 46 56 59 68 62 56 81 73 61 30 39 50 59 54 60 51 61 49 61 46 41 28 58 55 54 45 46 27 29 41 54 68 62 61 58 69 76 52 39 45 52 33 43 41 47 53 40 37 27 50 39 59 69 36 53 71 49 54 31 40 30 62 45 45 35 43 45 33 27 63 
78 52 48 43 70 69 59 41 43 37 59 61 62 48 29 52 58 61 59 49 59 49 60 45 22 30 53 59 59 75 68 58 47 43 37 24 37 54 56 58 50 32 30 29 25 43 55 65 57 67 59 44 57 40 44 42 53 62 50 60 57 42 44 47 54 45 44 52 33 33 58 56 47 37 36 51 44 59 38 41 55 61 26 33 93 
53 48 49 57 57 60 51 45 39 68 52 58 52 27 54 48 67 65 78 54 55 56 24 49 37 29 43 55 58 62 59 60 52 39 50 44 40 48 55 39 56 41 35 42 41 36 41 49 59 55 46 45 52 34 47 50 62 46 49 37 53 62 61 51 59 44 61 46 45 50 58 50 51 62 56 49 50 34 52 36 53 57 30 14 11 
57 43 66 45 42 44 47 38 43 53 59 41 28 41 51 73 72 64 57 62 68 37 44 45 60 33 45 35 40 31 45 50 42 73 53 48 48 55 38 53 50 44 38 47 67 42 38 51 39 53 56 46 47 46 34 53 74 51 25 46 52 77 70 64 47 52 56 48 38 48 44 30 60 54 45 41 23 37 50 42 55 53 39 38 43 
16 32 47 52 23 43 41 48 41 62 52 37 33 47 71 75 58 60 51 41 69 47 10 42 53 51 41 55 35 28 29 46 43 40 41 43 39 57 71 63 74 65 44 57 46 44 32 29 34 40 48 45 59 27 31 48 65 58 67 51 56 67 65 54 56 53 46 42 36 47 48 33 55 50 41 32 27 40 59 55 59 61 56 51 60 
48 33 57 27 37 40 63 38 44 52 52 30 49 50 74 53 46 39 24 50 52 51 30 18 60 44 66 60 55 49 59 52 42 28 35 21 56 54 70 75 67 65 62 36 45 32 25 43 15 23 34 43 33 36 30 22 42 66 63 47 38 34 49 58 62 40 49 32 46 49 43 44 40 41 47 44 47 33 49 52 67 60 52 54 60 
68 53 56 50 45 56 57 42 42 40 41 48 36 60 63 39 34 40 49 33 75 68 47 41 46 67 62 82 62 72 63 66 53 53 36 48 30 48 51 60 56 70 58 47 47 52 57 38 41 34 26 40 38 43 39 34 43 50 64 48 30 38 38 65 50 44 42 44 36 38 41 25 36 32 54 70 44 32 39 57 70 66 63 60 95 
97 65 66 55 44 66 57 36 42 45 48 49 65 48 67 53 28 47 40 65 54 78 56 38 39 40 65 57 59 57 54 69 62 62 69 38 42 22 52 68 59 67 70 56 52 63 47 62 49 57 44 37 56 41 49 25 31 61 61 58 60 56 43 55 38 38 42 49 38 45 43 36 41 48 58 68 47 39 36 67 73 71 50 55 63 
100 59 76 50 62 69 66 51 61 55 63 70 60 64 67 61 54 49 65 43 58 52 64 39 44 44 42 56 39 52 62 47 54 42 49 48 34 32 51 45 51 40 61 41 53 31 30 34 48 63 37 57 61 55 43 49 55 57 51 57 52 45 61 49 41 29 62 37 54 56 57 59 42 33 58 49 50 19 56 67 81 54 61 45 73 
41 50 52 59 46 79 71 51 71 64 72 67 63 47 60 53 65 62 59 64 52 64 55 56 45 52 58 43 42 55 59 66 34 42 44 41 41 50 46 62 28 55 53 61 41 42 13 28 50 60 59 56 73 56 61 61 68 59 46 46 42 47 62 66 32 53 46 61 51 74 69 47 56 34 38 64 41 54 54 75 67 52 51 45 42 
45 42 61 46 52 51 38 42 42 56 56 47 41 29 29 37 54 49 49 49 69 75 56 55 41 52 50 45 27 39 45 55 35 56 64 55 53 54 84 41 52 46 75 47 69 52 38 33 50 70 60 61 71 61 51 69 50 47 48 66 39 50 64 43 42 42 74 62 69 49 53 48 27 39 48 52 57 62 70 87 62 45 49 46 93 
54 59 76 77 71 58 49 44 53 60 64 59 50 51 38 39 52 40 35 43 53 55 65 46 49 41 46 27 26 25 50 44 59 73 78 63 50 62 64 43 23 35 50 47 55 61 35 36 48 35 32 31 41 43 56 60 63 51 70 68 51 56 52 60 28 67 66 60 42 46 34 35 48 37 52 44 54 42 58 67 73 57 39 19 4 
52 47 61 72 57 69 46 63 51 57 68 52 60 62 61 46 46 54 52 41 31 42 38 52 47 52 43 35 37 56 42 73 66 74 64 43 48 41 64 48 42 35 38 38 33 34 34 51 40 44 30 27 27 28 44 66 66 73 55 49 36 35 58 31 46 51 56 45 36 34 52 61 35 56 59 65 50 52 37 59 60 51 36 21 50 
16 23 44 48 64 45 60 35 46 52 57 56 48 34 52 38 54 47 65 64 38 39 40 32 34 38 32 25 57 54 56 47 58 62 55 60 39 58 53 60 51 24 35 24 18 36 51 44 78 41 67 53 33 25 26 45 71 55 62 24 26 34 25 44 40 44 63 41 45 46 56 41 59 56 75 60 66 41 39 33 39 34 29 21 9 
77 31 38 62 60 59 33 53 26 40 59 61 34 42 45 62 51 61 61 57 60 55 44 29 31 37 33 40 68 84 48 43 57 46 79 76 80 42 63 61 48 39 55 48 58 49 66 75 29 66 60 55 49 31 38 45 64 66 45 45 40 43 35 44 55 66 61 79 73 74 44 67 55 84 67 50 50 34 43 29 27 44 43 53 94 
4 24 40 59 65 45 57 57 47 39 50 40 32 27 43 45 77 62 71 76 64 49 33 22 39 46 48 57 67 60 57 43 43 47 70 90 68 43 57 48 51 40 68 62 52 71 67 54 65 42 60 50 41 45 38 49 63 50 47 34 54 30 21 38 41 55 64 58 83 65 63 49 69 79 45 32 39 46 31 39 39 59 64 66 81 
73 45 40 48 49 55 69 78 63 36 42 35 24 52 39 37 44 68 49 71 48 56 24 32 48 57 45 41 39 43 45 65 63 49 51 73 58 53 52 74 50 49 51 42 55 45 57 62 45 52 64 46 51 45 48 51 63 60 51 59 37 33 29 38 46 61 61 56 54 70 55 52 67 40 48 38 48 28 31 28 37 58 71 55 86 
78 58 56 40 46 57 89 88 57 43 35 28 41 51 43 26 39 40 49 29 67 50 43 52 67 61 48 52 39 34 65 54 83 42 55 46 59 48 64 67 47 34 25 24 50 58 39 39 43 53 44 40 43 55 47 45 63 52 56 46 54 22 53 58 56 70 58 32 46 56 63 67 41 69 43 57 48 38 38 32 44 67 51 42 55 
21 53 37 41 26 65 69 83 68 53 56 57 52 63 42 45 57 54 33 41 50 62 63 58 82 67 56 54 61 51 41 63 55 72 41 48 49 48 43 38 48 30 16 23 58 51 32 36 52 47 62 23 52 41 42 43 53 60 44 54 53 51 60 85 61 72 39 31 41 55 55 61 64 44 49 42 46 45 36 47 51 46 51 39 59 
34 42 59 36 51 48 56 46 60 76 78 79 70 59 58 65 75 66 53 35 57 65 58 64 73 62 41 52 45 24 34 37 64 55 55 42 39 52 24 34 53 49 44 49 48 49 32 28 56 57 45 49 48 55 16 43 48 49 39 45 49 44 68 59 83 67 56 39 66 47 60 38 39 44 31 40 52 58 68 55 49 54 37 40 24 
37 72 58 58 53 60 36 25 43 62 85 64 75 71 55 62 63 59 35 36 43 48 56 66 51 63 50 63 57 34 33 32 47 39 51 41 41 43 34 36 37 56 44 55 55 31 30 52 47 31 29 37 65 36 48 23 36 26 28 23 48 29 34 58 69 91 53 55 48 54 33 46 21 37 39 46 58 72 61 64 53 29 47 56 44 
19 58 69 47 56 57 34 29 29 55 52 63 63 55 42 37 43 34 34 18 35 42 68 54 63 44 50 68 72 60 51 73 34 51 56 68 32 54 41 31 45 32 33 52 44 31 55 45 62 26 37 42 51 59 25 43 24 28 35 45 38 41 30 50 71 77 64 50 47 34 55 43 27 32 47 45 53 57 62 51 30 40 58 63 82 
30 72 57 66 56 54 45 41 47 44 71 60 55 45 38 38 59 54 47 34 40 30 56 62 56 52 51 57 53 47 69 36 47 21 53 51 40 56 51 47 43 44 42 34 40 48 37 63 46 44 41 54 67 39 54 43 56 68 50 44 57 25 46 38 46 38 55 44 43 43 40 59 39 43 54 47 41 43 63 42 49 46 56 63 77 
96 71 73 44 65 56 58 65 57 43 53 53 44 43 44 63 75 72 65 60 40 43 36 59 50 51 47 51 64 69 47 42 24 18 24 31 44 65 58 32 53 65 51 50 60 47 55 31 45 24 30 50 31 44 16 33 66 54 62 35 34 42 31 46 35 24 42 59 51 47 52 59 49 42 44 45 23 47 58 62 49 59 71 51 89 
62 77 65 52 44 58 60 47 48 37 45 41 48 42 61 59 66 65 62 55 51 27 48 38 50 33 49 64 60 81 51 40 26 32 31 41 53 78 49 56 45 71 64 62 74 69 32 47 45 33 47 48 64 17 20 40 48 63 44 42 25 16 37 38 31 52 59 50 65 51 47 49 55 37 38 38 44 52 66 48 30 54 41 53 8 
31 67 67 40 56 63 43 62 58 65 53 56 64 64 55 59 43 21 44 45 57 47 44 48 43 59 59 58 64 54 45 26 49 21 45 46 53 61 59 46 56 45 44 49 80 62 42 45 63 61 61 74 56 44 32 45 57 57 64 54 24 28 28 34 44 48 65 70 36 57 45 60 55 38 37 53 58 73 85 43 47 37 62 46 61 
34 62 53 40 55 64 49 42 68 58 52 41 50 43 52 63 40 39 37 68 59 53 42 44 57 59 69 40 37 48 31 51 42 37 40 38 41 42 45 68 41 50 43 36 57 60 41 40 60 64 63 57 66 43 37 52 57 59 75 50 50 32 39 33 30 49 53 44 47 36 63 56 56 28 35 63 63 71 68 67 47 63 50 56 69 
99 56 53 27 69 53 35 26 26 48 25 36 41 26 51 57 52 37 70 72 76 48 72 58 69 71 63 43 37 67 45 51 60 44 47 38 28 53 53 41 50 65 48 40 52 63 51 51 48 48 60 38 37 34 24 25 31 49 50 52 41 57 42 39 53 48 47 32 42 58 69 81 45 36 51 63 64 47 67 59 53 59 43 22 1 
44 23 74 3 95 24 48 12 16 89 34 48 73 50 84 33 29 1 66 79 54 2 96 32 26 6 74 5 14 83 11 20 72 86 83 54 8 98 49 1 25 79 44 45 86 69 56 71 64 6 91 9 9 22 29 7 10 19 77 20 33 70 25 29 97 100 55 1 96 99 56 82 7 7 48 73 99 28 80 87 20 87 62 13 90 
