5
256
2
1
2
13
1
5
1
1
1
256
256
256
1
1
1
2
12
2
1
3
1
256
1
18
1
1
1
1
12
12
3
1
256
18
1
1
256
18
16
1
1
18
256
256
256
256
256
1
256
4
5
256
256
256
256
256
1
1
18
3
256
2
1
2
2
1
2
2
1
256
2
1
18
1
6
256
256
12
256
256
1
1
256
2
18
256
3
1
256
1
1
16
1
2
7
18
7
256
256
256
3
18
1
2
1
1
256
1
1
1
256
2
1
1
1
18
18
1
6
1
5
256
3
1
1
7
2
1
1
256
256
1
256
1
256
2
18
7
5
5
1
18
256
2
256
2
2
256
2
1
2
256
1
256
1
1
2
4
1
18
7
256
256
256
256
1
2
3
256
2
1
256
256
16
256
3
256
1
3
5
5
2
5
256
1
6
2
256
2
256
256
256
1
256
1
1
6
256
1
256
1
256
256
256
1
256
256
256
6
1
256
12
256
1
256
1
2
1
256
256
256
256
2
256
256
1
256
5
13
256
2
2
1
6
256
1
2
256
13
256
2
1
256
1
3
2
2
16
2
4
3
256
18
256
2
1
1
4
5
1
7
2
6
256
2
256
256
256
256
7
256
1
7
256
256
256
256
256
256
256
256
256
1
256
1
256
1
2
1
256
1
256
1
16
18
6
1
256
