3
3
439
3
439
439
439
439
439
439
1
1
439
439
3
439
1
1
1
439
439
439
439
2
439
439
439
439
4
3
1
7
439
3
2
439
1
1
439
439
439
1
3
439
3
439
3
1
439
4
439
439
439
1
3
439
439
439
439
1
4
439
1
1
1
14
1
439
3
4
439
439
439
1
439
1
439
439
439
1
439
439
439
2
6
439
439
1
439
439
1
1
439
1
439
439
5
8
439
3
439
1
3
1
439
1
1
439
439
439
439
439
14
2
439
2
439
1
14
1
1
439
439
439
1
439
2
439
439
439
439
439
439
1
1
439
5
5
1
439
439
439
1
2
439
439
1
439
1
2
3
2
439
2
3
1
1
2
1
1
8
1
439
439
1
3
439
14
2
439
1
439
439
1
439
439
439
439
439
1
439
439
439
439
439
2
1
1
439
4
2
439
439
5
439
1
3
439
439
439
439
439
5
439
439
439
8
1
439
439
439
1
439
439
439
439
439
439
439
439
1
4
439
439
1
439
2
1
439
439
1
1
1
439
2
439
439
439
439
439
439
439
439
1
1
439
2
439
439
4
439
439
439
439
1
1
439
1
439
439
439
439
439
1
1
439
439
1
439
439
7
1
3
439
5
439
1
439
439
1
439
439
439
1
1
439
439
439
7
439
1
439
439
439
1
2
3
3
439
1
