62696
36309
61170
49021
108601
30721
7865
100843
102209
112281
138946
24825
134681
42912
118458
83718
81257
55334
76231
101018
106112
111067
55093
81031
87615
114081
105697
113474
64037
49912
96481
114209
39217
19583
43147
127266
127038
122009
53614
83103
100264
82369
126734
63561
81801
73402
88032
91622
56022
101843
82363
40369
31407
51843
70301
67996
18976
54507
107952
56257
70545
98789
61313
25725
70344
54073
86724
46768
16295
102015
94379
89756
46985
118120
33420
24628
53738
103516
54649
46907
111368
42300
13875
80834
80766
48890
62565
43380
88024
84814
102081
32422
62894
57482
88105
56554
