58119
51713
26097
68781
66576
51888
67504
115074
53684
58857
44287
113919
105377
21095
79840
134167
65143
69490
87837
92675
45185
54323
48805
65499
47231
64772
48208
91477
37056
63222
11365
74586
119941
22884
62435
64889
95547
41008
104571
39709
42601
95121
128070
123666
18268
71700
123600
90096
102625
57521
17509
93412
6833
53240
120043
35204
37450
41925
96115
91482
49027
105025
80998
68943
73729
67751
122277
62073
95909
107939
14259
29639
44886
78523
97134
44328
87382
119229
41534
27943
35432
57554
41268
121362
139108
77274
108148
68079
