104941
101346
62677
89232
67848
7771
105682
80155
22187
78712
41630
43451
90185
45728
91710
57694
79218
107633
11351
25406
37358
82439
88742
117804
137044
28977
45062
144088
48235
8028
69595
135569
109792
30378
68164
50571
9784
117790
97752
46020
23422
20542
18488
103926
86738
60152
102270
114977
61349
52585
63570
120115
90025
52688
79776
50404
69848
97674
125543
63426
57172
67718
49444
72158
115857
77632
23164
40330
98432
89859
125091
92766
31218
100109
23576
98929
48291
68393
39577
59999
19415
