137594
166547
243154
211978
224941
168315
216755
190763
168109
214262
178454
210202
209155
206832
234879
155066
177181
175035
226736
160485
188915
214643
168926
147375
169998
198396
182707
183861
203952
239514
179013
155278
236070
140417
169024
157026
241489
158215
203929
238710
167064
150032
145616
214393
163149
194545
229690
209401
195373
238139
174995
190997
235973
117405
140945
179511
250842
153589
240138
248068
134589
134616
212299
198408
178365
138771
127659
203193
124863
225001
254379
177957
205427
140255
226611
159219
149452
239549
240763
208038
247717
235606
160131
157456
227951
186746
125780
211577
138795
218646
151963
225525
207737
150929
212299
196967
255144
166468
136698
217206
118700
182398
223544
129538
141947
224221
195629
184818
159688
198470
167567
180892
183931
172930
185152
152529
129702
212365
251812
222533
233042
156259
192197
174752
173726
147341
119901
191743
152098
134530
142630
208212
148700
232642
213198
237955
185106
180999
166446
220202
210536
214862
137985
141474
161910
133979
186633
181840
131843
227350
144569
139423
257132
162556
254462
217980
182883
196157
231404
171355
160917
190972
192426
159253
254782
213105
138628
237343
226633
141309
155262
227708
162710
258498
224620
241396
223053
166417
156202
198804
229364
210754
216140
158846
223519
164645
120787
241620
139702
243192
210974
174918
241806
232548
223235
228009
180706
229109
246012
215236
145523
143092
132434
158084
223781
201968
262089
192249
201087
238162
197026
173446
229509
250814
192203
170857
133393
227957
215912
234886
161753
226141
212326
224580
168595
191518
123207
140449
172431
145800
228948
210266
183702
164952
165166
175228
178497
196897
133390
176289
213015
224802
151106
138753
128692
204816
157205
203876
247511
179403
213881
199686
213150
185039
218367
151226
182586
120291
153953
152652
208517
235969
189214
186562
121669
212724
149280
211453
241216
170504
236650
162322
127658
237223
135205
247898
140002
251586
164643
126818
232445
165226
204574
215484
241935
219435
216551
144512
236933
178402
141266
245333
126932
250934
201070
266402
167208
132754
163977
128308
145065
140910
158798
182590
198873
193848
204363
186323
260751
134884
124315
131338
134867
240158
213453
173290
150897
220141
194566
213151
166284
225646
235300
173732
246905
256414
201417
114509
195380
166299
243355
201360
144017
221400
156430
201233
136035
185878
209593
237162
164707
153668
226144
193392
142946
185321
149410
164233
177852
190853
236759
139313
205071
149492
134904
192315
165336
178550
179864
226282
180025
239175
201520
233551
227090
191219
157643
147282
223452
123629
198580
252193
209862
241767
218227
183860
185109
246259
153446
194523
154807
156023
189344
229024
152521
123980
132594
203468
165695
177241
195347
198956
167611
124667
195334
168635
208552
176647
260950
179413
164697
164937
191824
192970
237278
126243
176007
152100
128677
123991
222967
219445
203819
189860
196999
211790
127184
158296
127124
218190
185959
146083
183664
155950
163779
218170
163224
234619
228676
164995
227945
166447
168604
122073
180076
200663
143065
148408
153807
244865
182241
168633
228002
226412
200477
159647
215867
118760
135618
186313
244305
133973
186964
248382
167400
145255
205109
231453
166411
211673
217911
147547
149808
189244
215821
231432
236600
171004
203543
134214
183291
198227
262240
212694
236073
188217
213661
176922
223358
196487
209982
230513
168926
183784
172897
194529
213879
160538
227670
129163
158535
221423
165701
178834
229231
235944
245158
242280
150033
212486
131474
157362
195492
250727
171212
144782
195143
171597
218208
178200
220965
173851
247662
238116
208531
225592
127367
162764
215546
196678
170882
129348
119035
136665
199805
180045
148360
200470
164970
136734
144914
189046
194492
162989
164498
124345
169292
196302
250925
229974
143380
190963
184810
210486
236616
197637
123876
182005
225898
240792
188850
242795
200470
157366
155269
209105
248405
221692
231697
201883
255091
239549
239247
207459
157869
200504
239828
178734
190649
159487
145771
233514
182916
186816
176839
190809
170099
117379
192711
262094
149351
141935
138021
202382
157183
154840
162029
250100
160504
214722
221796
253153
234806
126806
135340
185814
174034
149804
198523
251195
226980
161857
136338
151314
240110
134628
170553
145583
164247
232666
156171
142267
227144
188949
210870
183120
218933
227276
225367
201030
239216
219895
161568
128349
211343
165026
190624
206192
219537
163043
148685
188647
188092
256004
202142
142228
193798
191521
246063
246749
240438
252292
194763
199853
174736
163954
213626
186261
178846
238353
209927
149199
143683
217576
125109
161473
243486
156546
158188
195393
179759
149107
261110
250811
148716
254156
227702
173973
142759
246378
232852
165957
219821
178088
194969
147346
201201
180820
222891
204754
154150
186437
215824
138668
236189
132998
161613
163826
114613
226233
134337
132200
130115
167462
134440
205332
183044
201401
178807
145378
126981
241862
159691
221161
160731
161986
151770
165231
189680
216580
243731
184157
138314
145856
179574
132406
123969
204941
240037
165403
222898
137396
130941
180584
204234
236118
249929
236769
184910
224826
143612
164724
158204
257112
238104
187267
129365
223689
142691
134364
224656
248215
222606
193870
193414
221685
207715
207432
153245
221263
174804
168376
163643
181590
242787
200464
253177
222976
184244
209426
202152
200718
246230
221262
202682
219400
206867
186183
159768
222180
150578
180864
196964
230913
222345
161411
