148655
228455
169287
133633
125267
163255
230848
162254
145364
135356
192155
185532
133220
189143
219363
212734
223301
161802
166769
135863
123799
128417
224978
198802
186158
175844
226795
172159
165985
187934
165789
238677
133187
223583
167467
180595
211011
112510
205425
164425
145230
123548
172627
171191
249158
221842
246498
158576
209268
230215
172968
191651
192274
149256
207765
220223
197762
152772
207706
128941
142968
157696
148158
192752
207785
136785
219618
137226
189146
138681
246951
154868
206692
257064
240095
216019
180147
147768
242367
239332
186591
252442
218438
234376
248473
182561
153733
229878
168528
145160
234254
208310
136231
175110
184842
161196
192652
229929
241351
230774
221029
129368
237815
139326
197296
162375
160838
206733
234425
150030
167372
194423
141866
201911
223826
127667
207420
130394
182714
232809
187172
184024
151693
207096
237054
165673
177624
136000
132809
152510
151384
223280
186458
222616
162686
190876
157028
170441
129098
209982
132040
197896
217891
238215
188461
153478
164215
258077
135618
198318
217410
238015
177655
204486
173862
168019
175178
219358
183445
219554
194105
213396
223445
124803
176245
130623
157402
221643
178846
218965
163024
248391
190906
166243
152903
201424
133833
225696
155553
125423
173501
170999
191897
204195
138358
184722
191975
160089
174709
251107
198379
155226
237055
262355
121333
202248
212246
132228
164907
131314
131833
245204
164068
195801
177665
246931
205619
191251
154026
166418
180137
256003
121857
173523
255699
216621
181183
225150
149275
185117
197731
189556
148410
241556
156491
174585
171500
167566
189783
176699
207744
157503
186886
176842
154389
179352
171957
132145
209219
153075
130388
204185
154662
131032
239802
168690
250705
145316
192539
186770
183772
203275
252370
222087
184187
148682
201230
125261
232687
145941
226351
222941
255185
168571
247804
233273
130727
124915
242358
168226
152436
158481
172683
206991
140006
124224
165831
237606
268621
238393
170551
131037
200145
142080
231766
151441
178445
165683
205839
236564
207725
164665
126494
137542
227573
197363
225774
157026
197852
253031
181389
187160
225767
230644
215919
230882
229512
127195
149973
161178
232114
135838
181910
194193
169672
246570
154135
245176
213475
192764
209704
195969
158621
230680
233116
160267
131048
181374
182793
215988
137137
148325
145984
156826
147060
227860
184539
133356
204804
223454
181069
226638
168387
188502
231378
225661
270441
123983
250375
254176
150810
146396
196271
197837
197606
148034
243188
241584
186499
130333
172118
145931
136278
228913
204149
244677
180355
137807
234244
168097
168303
125125
183135
140117
183595
210052
211403
261318
230843
173091
197471
147705
232418
220406
198703
149076
176599
229934
147413
230069
184575
145569
191224
183523
234682
144695
248072
126140
175300
139311
137463
183397
240014
208117
188448
195106
155100
231771
188596
121753
247994
126379
168258
154072
185063
231467
145766
125462
210943
177765
187973
205999
154385
138298
192276
214952
202248
233715
150111
174293
178458
167400
217165
158915
133778
160577
260741
215009
199973
161710
158847
186744
228582
261938
180767
233358
200202
247999
205428
139755
180845
141553
214747
205730
181268
196423
233792
165847
150105
239892
196856
126412
134412
234794
161526
203440
243335
248426
128532
230653
193460
230470
192408
122159
147078
143516
229803
146215
203920
249044
209762
240477
222868
183887
239131
237268
132254
139675
146981
250292
240154
216262
205095
175733
206134
202214
167442
136287
213692
132689
196147
248449
124609
218738
207237
235852
194136
222226
230688
183591
138718
189420
174135
197285
133748
201147
129045
235042
141109
136763
176695
185978
181483
216733
161825
241048
139651
192322
177304
235891
228547
258816
125536
175161
134764
229655
235220
249075
121649
224621
186169
196056
189707
184922
142311
231404
199857
140278
185326
185546
163118
148825
215139
195523
164969
213989
193868
183986
157155
230934
229130
148779
153398
196860
182220
147666
219458
159411
226890
253465
130896
226641
162361
149147
207756
187888
139983
186716
252853
164888
188088
232494
228050
131309
224902
174582
205857
177150
242674
219584
257271
205557
185664
162329
212972
155389
226966
253601
148119
147419
134817
218180
169103
127881
231904
253064
134172
211153
164699
122707
244863
137697
242576
182837
198102
160782
187557
156833
222053
249164
183993
236279
162286
186993
240779
137469
168985
142596
163521
159150
163372
227032
150299
240447
202928
165457
177387
171247
155143
174498
202654
189029
161234
226127
219543
139401
172685
129797
150651
226341
231408
205871
192341
134465
247822
161322
151003
139000
235815
238276
229048
130678
228918
149673
228580
218467
150828
147249
132795
234307
225323
182916
210190
217777
138170
165186
193331
177306
165114
183665
132247
159239
200871
153404
226404
151565
165220
152353
248893
181226
135673
240064
194822
222631
178820
229404
145669
225584
210036
204156
132172
196572
149676
210602
223952
198430
209233
193976
211902
192415
212247
213346
221930
183863
241833
218623
214224
198823
210839
162177
139590
136702
126726
224121
244971
123181
144221
219810
184261
125443
167830
197426
206368
180110
157835
223933
222181
128184
142232
245498
257446
187562
204341
131742
213466
206033
174294
150763
167875
243418
123723
143788
160664
193692
148579
221247
152230
124075
137506
204176
177610
222634
118483
235385
216753
138911
257822
228398
247885
137587
227012
165057
134364
117755
218366
216324
193024
258282
255843
146593
188062
155901
213358
140571
185959
176357
146644
143197
241350
180501
209437
199113
192145
156766
165488
129249
169636
184074
233769
145019
206131
198757
184512
126495
248253
221368
189212
154791
207555
250658
255348
172356
155866
156025
240842
178280
155016
138690
123398
126408
206498
127436
151017
123189
123988
212114
210790
171840
201458
202187
232956
203830
158550
182662
149879
117798
134312
166277
187567
207746
242630
150029
222777
186893
146721
163720
175188
233399
132055
201964
167189
217463
213837
121186
196760
174332
130293
166569
188171
203452
200597
179193
241840
146634
172037
155070
210685
158804
188961
118751
153514
180533
176026
157557
188515
132496
166311
207012
164222
127372
196691
150149
182589
198784
243756
125956
181591
175801
225527
245509
179486
193492
139437
235988
214020
187499
137470
169239
187980
215309
160377
189665
154862
206668
184563
161167
147083
174413
172967
249180
179321
213178
205297
178179
189477
184425
231874
118786
150427
156643
246267
165554
134237
180204
143055
217924
204463
145590
189146
218698
175416
234935
213982
123394
126297
251323
247793
227003
195848
202540
259060
152486
149222
234518
138722
195184
227267
167948
162501
237091
258748
174571
188135
144267
194351
235784
120340
174386
150206
164668
239814
160010
140066
168493
200146
160704
172186
234917
162450
248150
181626
199050
133075
179204
247908
232644
211509
159253
160236
239452
146620
208143
218379
245328
143790
148015
175344
168009
228836
213910
180776
220370
146804
150823
235654
239764
162897
248546
189356
165886
