194033
190005
229763
240222
178886
155110
230377
174968
130145
139058
159988
169052
196476
201352
234455
167791
120307
170041
177533
212102
220896
154544
218854
183595
143570
188727
235001
151749
124523
236119
244384
226683
200670
214162
235706
201703
143463
168808
211374
164968
225577
158802
246659
145541
201101
200713
150578
242424
164481
156173
224634
245579
182978
191928
169797
181627
210728
149147
214752
221151
219117
219900
119182
191809
230811
170454
179716
199638
163832
205997
242767
201247
122862
226592
229605
125174
157647
236769
136671
157383
163135
226641
135971
213905
159585
223177
187459
201385
242841
131639
218264
230092
225890
182628
139669
240954
131697
198479
176201
227210
215736
201230
134495
117580
217756
150489
226160
169604
207017
180174
229512
125996
139142
205024
195489
147895
144950
118734
163730
199666
132804
150532
224738
127792
228553
178362
251677
155445
176676
136878
208640
135359
144146
227982
199270
219016
171848
232313
140613
132308
126879
149492
150991
157281
214569
153478
195397
187247
154080
199260
153671
240773
252279
172550
147205
232585
234424
137172
136048
161763
223536
162044
225890
165695
245576
215452
217606
122215
152625
167041
175576
151715
124477
155125
181731
252408
221711
150395
141683
168902
206145
190399
170688
138448
153445
134099
128160
143809
139165
171340
218981
153052
224450
221748
156104
186033
194859
190951
203714
197381
188666
121370
195882
240194
129226
149665
160205
165913
126967
134515
121593
190413
190464
131941
222643
141632
227526
162799
223358
157676
186041
173929
234823
161542
212404
156112
251456
160707
240660
175069
148320
162646
230890
146469
189280
246273
154649
222897
221395
231946
185078
174655
215202
261256
244151
209715
188238
214161
171823
232811
172864
142076
223971
144425
198894
136248
154035
233022
244193
219315
168512
234256
149273
162661
135676
145596
242979
200824
173918
144084
175456
260499
212296
164114
175137
155541
213241
191757
208261
143415
217610
236527
199712
251165
228110
198267
201761
151967
218829
193058
209589
178211
164089
215458
166461
155884
195317
144528
124568
136131
145379
226434
136618
157654
137746
191207
217904
244071
148228
242642
249931
131587
196098
187996
131107
218083
129263
240051
182497
166059
147867
174484
199649
189551
207477
139180
215873
124194
226239
241854
202530
146917
206018
184412
180776
148129
251639
157564
242257
235104
218771
198737
155478
178217
172998
125242
244128
136198
151649
171755
182132
256220
155139
209129
194949
120930
198257
251930
170249
175654
218825
186859
130751
151102
197830
184422
185929
177542
173316
131581
196435
152861
197604
200648
214487
162883
213520
165801
161308
190812
150496
179611
131403
201355
188930
191059
160715
130472
152006
222458
184979
239159
178176
207679
199475
159226
131434
174948
172520
209877
172691
220370
146675
194897
139710
147125
181622
138134
222821
234456
157589
176680
209143
143064
129811
140411
223233
155219
229399
234822
235873
254704
145517
160738
181744
136548
159420
251391
199465
195266
146749
163363
246092
239755
127939
209650
156143
232581
153139
140076
210873
166338
193652
150051
124679
242942
223397
196658
240011
211447
148046
190835
149368
161836
258929
227630
154782
200398
206694
139235
165843
142385
161618
151236
142395
197861
228342
132262
135984
120590
195648
156982
223744
226317
228905
160996
220803
127583
156023
126539
221936
148244
208511
237260
151501
147929
145998
165422
232951
127762
148339
232866
245890
243977
156499
181088
210848
147259
165541
140253
213577
158769
219051
181012
165869
122983
263749
175963
143588
168518
198365
129054
179062
135774
142956
158419
239739
240453
232724
231177
188573
159351
163980
114514
212322
157848
219443
177356
205620
147378
143776
247280
185218
206930
177226
140190
182296
133753
185255
226645
151121
147062
148941
127465
227286
181013
158938
155105
203593
238556
192571
244880
188299
234133
161736
232246
121397
153369
143465
143029
151575
177172
207670
152620
169635
183084
238944
125003
220047
183739
178252
167806
203702
115551
222524
219164
244934
136346
205896
240215
161633
251330
132156
144891
206828
153743
137991
216474
233741
201243
229817
172709
209933
156681
222319
136001
238707
148211
190623
202345
227991
175928
143635
235256
230917
140916
183426
210288
212044
169217
223515
135596
135545
255094
195448
129238
120220
192970
181344
217690
214031
117418
130115
222066
209523
211047
170821
179965
149871
187559
193028
233140
214796
222530
191077
177776
148580
153382
198394
242786
249598
199634
174751
162710
125465
220107
232717
234986
163304
246973
139357
160485
238448
155014
223721
127895
219228
153361
166387
139881
159023
246818
203336
199676
201026
170683
142746
224631
227479
204447
216693
157486
191136
247712
247802
160957
149717
120191
182710
196526
157716
134499
186291
217726
215323
171145
183966
218795
203581
131378
240866
180503
211047
180834
134726
178973
234739
235673
245367
192776
174937
131822
154541
146866
248224
229866
209572
235324
184856
250340
177728
218760
128364
133082
180035
149636
181306
233034
166025
238534
143240
200224
128853
134096
126561
228824
136892
189936
178261
196213
221913
163566
224413
214658
195725
130985
228857
203789
239789
140132
181476
257636
180859
219025
238569
178170
171262
162628
208391
152388
194600
123136
222315
235927
179354
197782
223334
128798
225970
170545
221789
125356
132609
178378
155600
184407
138088
242993
206057
238655
148849
219809
164827
154507
120740
146903
216050
138324
212214
125721
236979
120256
155135
253168
164126
224198
123898
140879
245806
210492
118842
139514
168036
173643
174453
141961
166009
164328
194674
184832
196581
206681
141576
214356
130770
196400
239674
176588
166528
248775
134786
242378
198265
215600
206547
245394
260985
218278
201843
151294
226996
163759
140742
185073
174540
166646
233243
200705
218062
169567
206701
230570
185916
144476
212432
177478
216026
