    1    2    4    7   11   16   22   29   37   46   56   67   79   92  106  121  137  154  172  191  211  232  254
    3    5    8   12   17   23   30   38   47   57   68   80   93  107  122  138  155  173  192  212  233  255
    6    9   13   18   24   31   39   48   58   69   81   94  108  123  139  156  174  193  213  234  256
   10   14   19   25   32   40   49   59   70   82   95  109  124  140  157  175  194  214  235  257
   15   20   26   33   41   50   60   71   83   96  110  125  141  158  176  195  215  236  258
   21   27   34   42   51   61   72   84   97  111  126  142  159  177  196  216  237  259
   28   35   43   52   62   73   85   98  112  127  143  160  178  197  217  238  260
   36   44   53   63   74   86   99  113  128  144  161  179  198  218  239  261
   45   54   64   75   87  100  114  129  145  162  180  199  219  240  262
   55   65   76   88  101  115  130  146  163  181  200  220  241  263
   66   77   89  102  116  131  147  164  182  201  221  242  264
   78   90  103  117  132  148  165  183  202  222  243  265
   91  104  118  133  149  166  184  203  223  244  266
  105  119  134  150  167  185  204  224  245  267
  120  135  151  168  186  205  225  246  268
  136  152  169  187  206  226  247  269
  153  170  188  207  227  248  270
  171  189  208  228  249  271
  190  209  229  250  272
  210  230  251  273
  231  252  274
  253  275
  276
