    1    2    4    7   11   16   22   29   37   46   56   67   79   92  106  121  137  154  172  191  211  232  254  277  301  326  352  379
    3    5    8   12   17   23   30   38   47   57   68   80   93  107  122  138  155  173  192  212  233  255  278  302  327  353  380
    6    9   13   18   24   31   39   48   58   69   81   94  108  123  139  156  174  193  213  234  256  279  303  328  354  381
   10   14   19   25   32   40   49   59   70   82   95  109  124  140  157  175  194  214  235  257  280  304  329  355  382
   15   20   26   33   41   50   60   71   83   96  110  125  141  158  176  195  215  236  258  281  305  330  356  383
   21   27   34   42   51   61   72   84   97  111  126  142  159  177  196  216  237  259  282  306  331  357  384
   28   35   43   52   62   73   85   98  112  127  143  160  178  197  217  238  260  283  307  332  358  385
   36   44   53   63   74   86   99  113  128  144  161  179  198  218  239  261  284  308  333  359  386
   45   54   64   75   87  100  114  129  145  162  180  199  219  240  262  285  309  334  360  387
   55   65   76   88  101  115  130  146  163  181  200  220  241  263  286  310  335  361  388
   66   77   89  102  116  131  147  164  182  201  221  242  264  287  311  336  362  389
   78   90  103  117  132  148  165  183  202  222  243  265  288  312  337  363  390
   91  104  118  133  149  166  184  203  223  244  266  289  313  338  364  391
  105  119  134  150  167  185  204  224  245  267  290  314  339  365  392
  120  135  151  168  186  205  225  246  268  291  315  340  366  393
  136  152  169  187  206  226  247  269  292  316  341  367  394
  153  170  188  207  227  248  270  293  317  342  368  395
  171  189  208  228  249  271  294  318  343  369  396
  190  209  229  250  272  295  319  344  370  397
  210  230  251  273  296  320  345  371  398
  231  252  274  297  321  346  372  399
  253  275  298  322  347  373  400
  276  299  323  348  374  401
  300  324  349  375  402
  325  350  376  403
  351  377  404
  378  405
  406
