7219349 -8360449
28985781 -19340689
-62814683 172034292
-32932647 201744745
43373341 -4719314
76288087 -167468196
327228439 -54306197
-49736036 23088151
-89738080 177150409
148067714 -33364859
-123728856 161094469
-6784233 10962742
80308 -121133
3260857 -2340238
1788493 -16942720
51684838 -113180977
-75613687 93594275
300193797 -123527972
-29567282 64062219
-269705969 18417219
34584880 -75746391
-33379638 28239641
-18258250 22045807
3607020 -30955307
123169933 -104613124
-2582713 2417802
-3786764 32568755
-75544399 87867593
110123370 -53413849
-34059247 5257342
14492619 -9680071
43561082 -21331095
-4680635 10929258
174541711 -124422967
