1657
1826
3060
2624
1441
1408
1354
2643
1375
1831
2017
2458
2548
2489
4061
2401
1547
2613
2556
2679
1832
1707
2371
1714
2423
2766
1999
1204
3096
1506
3103
1628
1917
1952
2003
3084
2491
1944
1612
1615
2485
2363
2322
1147
1755
2678
1901
2653
499
3509
3296
1791
1644
2289
1920
1427
1747
1309
1215
1693
2316
1185
2599
1176
1284
1101
3191
3183
1414
1447
1363
2238
2208
1504
783
916
1639
1566
1058
2773
1833
1561
2005
2190
1727
3266
2504
2010
2945
1588
2038
1906
2496
1511
2921
857
346
2103
2637
2104
2421
1933
2650
790
1103
2883
3200
2428
3261
1856
2545
1944
1900
1396
1631
2297
2044
1497
1368
1402
2568
2723
2671
2340
1268
2566
2233
1926
3212
2231
1083
1738
938
3121
2036
2730
2190
2321
1714
1772
1784
1853
2547
3433
2254
2290
2358
2497
1799
699
1120
1490
1569
2245
2389
2122
1138
2345
392
1350
1528
2100
793
1576
1292
1626
1747
1493
2203
1891
1858
2659
1069
1901
1912
1774
991
1312
2233
1262
3369
1417
3157
1893
1955
1417
1957
1809
1265
3125
2743
1411
1871
3462
1819
1904
1458
2411
1830
2325
1499
1547
2030
2600
1626
2581
2178
1716
1851
1901
1972
2877
1380
1818
2278
2441
1750
3056
1641
1664
1415
1060
3350
2107
1995
2039
2934
2531
2888
1972
1684
2553
1191
1184
3331
1189
1319
1351
1892
2695
1574
1505
1783
598
2124
1377
1743
2325
3038
797
2528
1876
1955
1752
3073
985
2160
2791
561
1346
1747
2050
1384
2504
1729
737
1929
1403
1031
2979
1865
2426
2050
2288
1748
2156
1195
1947
2468
1492
3699
2378
2634
2230
867
1848
1623
3250
1842
970
1474
1726
1660
242
2509
822
2245
2025
2356
2351
2694
2640
1082
1021
2119
2381
2218
1657
1175
1578
890
2188
1155
2932
1191
2395
1208
675
3083
1849
2225
1293
1585
2254
2883
1572
2083
2718
2023
2520
2080
523
1300
1507
1680
2033
2976
2233
1626
1790
1876
