14076
30930
21435
42456
16216
45206
47276
6822
29486
38985
27736
19042
10455
19532
25863
17304
3950
21574
27355
17857
44587
26467
39098
47763
14798
16214
26712
50366
34040
52284
34610
30676
46909
6482
16906
11081
9591
24510
31135
25817
19035
39332
54027
30389
48427
20424
12333
58546
15969
33361
8395
39515
37832
38575
19255
20464
35230
41949
43930
14730
48780
28466
38033
11358
25898
20070
19136
45353
14058
12812
40446
31553
38668
47851
40996
17576
13749
20452
22380
7850
39658
12287
8181
31442
18523
25026
18113
9113
9850
49599
41124
45628
42247
36766
18226
47135
43812
37984
10097
29706
37759
45095
7480
39162
36114
9168
41654
40229
10029
40591
19107
48402
47612
40987
25182
32146
37431
41973
13763
40497
14029
38134
35688
15716
42259
38177
41386
17457
6011
9485
42134
43568
44878
17540
23226
37459
31667
11729
7483
15463
17956
16145
40190
20529
29320
26630
7266
25611
9659
37695
24621
14281
17115
31994
33177
31185
26330
46104
39986
29603
26844
24906
19560
25333
36923
20550
42159
32925
29598
25239
12728
30795
50371
45463
14852
11019
22402
9597
25071
32371
29949
22547
23228
38918
29791
16756
41959
7442
42955
19056
25181
8056
28621
26258
30749
22363
36481
37845
33909
21503
26170
30065
13095
9170
29719
17069
8683
47536
16977
29109
18778
49420
13470
35914
42414
28284
13820
24012
17852
38529
28945
35670
47566
8968
38948
20421
43635
9967
40996
37066
29435
26851
25649
30935
17446
10843
21779
40159
39406
27610
28522
33361
31736
35690
22989
11819
17621
30134
26823
19478
41581
17594
44517
11505
30624
30808
37224
47899
12725
44742
46690
35533
22759
13778
29548
22948
30722
15041
19246
12757
34805
43378
32659
6637
22677
27205
15809
39157
11158
36987
13574
12647
11504
48649
14649
30668
42813
15593
40283
41317
37423
25183
26470
5408
51272
38708
36888
38270
48032
43553
46618
14619
23648
33686
29595
12985
12264
23288
13735
39928
44807
42649
33878
50543
40427
36459
9492
40686
8590
20112
13881
33526
14090
19953
13146
27057
5214
30960
41009
41745
48502
4284
12835
44024
9791
8661
26712
