6651
11778
43416
26703
39445
17665
43628
29965
43252
20114
12802
45868
8203
18893
19557
40343
36735
35816
47397
27887
23425
15386
17697
18092
6855
40574
19159
14374
21401
37886
41502
13868
39841
43816
39044
11063
6470
31531
22494
44426
32445
8724
36114
50819
40588
39801
48619
4222
18656
46861
8788
42628
8660
42360
12819
36772
34999
13214
43092
26980
48005
43595
7481
25208
49361
46788
38113
35930
35180
28351
29397
30263
26892
49637
43697
28579
6908
25002
14658
24065
47139
38067
30080
40858
44065
16404
35671
37511
30567
38778
37479
30613
9750
16167
28105
29465
36962
35649
22324
28040
4828
13526
30928
32611
29928
13956
12336
38455
11331
23457
46035
41683
34303
14265
35529
40403
13133
29890
8997
24128
34860
16565
10613
19075
25374
34344
49225
30353
10172
17679
46791
39721
19751
21037
15804
30008
24405
32478
15511
8692
38362
19438
11053
17725
24795
37192
24633
35435
32768
34258
26514
27502
26815
44327
36569
18115
30221
13726
6403
37614
16395
47463
19401
41751
12359
14257
20770
22957
27228
10004
43388
46023
28660
33068
39408
43131
13607
46697
10706
23693
15999
46918
33103
30120
10555
50913
23446
19205
45157
37201
53127
18641
4954
37933
44345
12113
24864
14836
12307
42118
48911
31978
46346
13538
31312
45272
40693
26928
14889
26025
26117
48458
9545
33082
37730
5587
32129
24405
6123
32447
31130
5245
6821
21270
18518
34872
35711
39283
28332
29235
32625
15607
6670
18276
29729
32404
20852
39776
45671
28676
26838
34049
41820
39409
22920
15147
7957
5952
26468
27252
42161
10363
6950
21687
34452
47604
37168
24870
38722
6667
22396
41829
23947
22906
12148
45548
46219
36662
36934
47135
47219
4797
19831
23606
9417
34793
36530
44397
9583
8960
44623
15821
43942
33608
40198
38671
12224
32347
41207
44233
49405
11652
41342
14101
46752
26928
38355
18984
15424
6535
46674
26116
16458
16369
39427
19865
25033
43551
7733
25727
46315
50106
9659
44679
20264
44590
41380
25449
8251
9211
35393
16680
9356
45645
39196
12078
30532
4442
9374
4944
7631
48087
37283
34092
9305
19009
6297
47141
29567
41206
19839
3778
39427
29876
7558
40520
12413
18785
7763
6284
24044
39924
25589
15098
46742
40470
17309
18211
9249
28951
30344
35185
27006
21299
37683
42714
20115
20122
20729
14875
16001
33319
39613
24236
31845
14598
39168
14520
14289
18374
11179
45825
4989
20130
35684
40634
40880
31830
7138
41551
7588
10992
11587
46219
21439
16351
45107
29203
18466
6946
29717
19186
10589
9565
27853
14912
35252
21635
28874
9426
5220
34720
23027
14944
24366
24679
39274
38221
5109
22581
35067
47605
30007
13181
15676
13046
20663
27762
11222
6389
45132
12706
34182
36514
6949
30882
37122
45181
35028
10104
9147
9868
21299
29423
42469
25473
20319
25349
19008
25569
43493
5603
13626
24831
18182
17358
21235
12814
42681
29069
47770
25999
8459
23696
53590
4570
47097
10873
19515
28748
47647
42969
32161
13888
43129
3556
25244
43651
42464
22403
11769
11710
34599
17604
38574
19364
8275
25049
39325
14322
23198
34064
16934
28342
43643
13061
41895
7023
8076
9890
42810
43401
38990
13452
23722
39158
16420
13555
9246
17028
40534
15314
41357
18596
41465
4695
22735
45058
31196
39330
20356
32658
30174
18473
47171
9547
35958
15539
25137
24688
5253
28410
6629
30569
19724
22252
4525
37094
21596
40674
36004
22722
22181
38746
27879
25932
20656
33174
45400
14426
24043
36444
17918
6884
46558
45634
8297
19414
23782
4152
50178
20027
39322
37012
45009
15614
47254
42866
22871
45900
33627
20440
38506
6452
42397
30548
7531
23112
11748
15174
16234
30637
37854
10763
44539
24722
22545
19405
46017
8506
41796
10242
10099
12600
13052
18624
21356
18548
32269
45626
43514
35234
43424
15569
48463
36389
35280
36153
42202
29268
6149
17068
42689
45317
23863
20649
17263
32270
52224
23623
48360
15374
5761
35131
8844
5323
44318
44795
12090
11120
14483
6348
42353
46404
6395
35925
36190
16150
45559
4008
40421
45822
34086
11917
22635
22458
10280
10354
6203
35538
30282
26966
9520
48148
31558
25606
5566
10935
42713
39223
46591
53608
24903
23229
24526
43684
21194
30216
16146
7221
35379
10579
9427
10800
20079
32196
45295
15664
33896
22117
24088
11182
24771
21622
5976
12485
46328
40606
40201
10980
33681
17732
33025
25762
17702
7167
49222
12794
16866
36541
19414
46759
7711
37105
36550
47877
41074
39145
41311
22880
31153
7803
12913
32398
41805
37845
28402
36794
16376
41335
37699
28580
5534
13271
36842
25253
46659
17428
34758
6386
42192
42726
39519
37959
27503
5580
32337
34554
26682
33201
34157
12667
18669
25084
10698
15310
44026
31983
31095
19672
9928
17776
28517
10508
38211
25600
28414
17761
15101
7913
38739
15045
41109
16172
8161
14282
10147
6467
44683
4236
31954
5870
9661
34537
51077
26476
40896
23434
16051
22207
41698
16396
16637
28604
29884
28711
30738
14663
20647
22812
16720
34617
39472
21632
36574
35786
10258
49985
5742
7369
20652
34113
35881
50093
38453
13105
5686
34098
37746
26584
34307
43031
18122
17805
11128
21641
11419
38908
17852
25913
10606
48631
12948
36250
18962
24149
32449
7294
5249
35857
41533
27473
24853
28713
27772
39297
41730
9825
20317
22519
26987
8755
39679
28894
28463
38229
41941
33076
6880
31819
39828
23642
43491
