36367
42912
44698
20717
45886
37790
14053
7612
47708
17735
14783
31852
26392
38992
28895
6264
4454
28626
15552
9532
18321
11558
17755
13699
14392
37054
23875
49421
25967
14610
30207
23736
39534
13795
41467
52363
13543
22041
32756
15816
10810
41595
47179
43866
8190
19840
25304
22683
33683
7488
43666
35195
44085
38428
15616
16665
48403
38532
46635
14941
6329
5888
28980
37107
13841
24861
6519
24789
33883
47749
26800
12107
23087
42476
42961
10067
41589
26685
48498
45460
22048
9414
47225
35553
52907
10737
21928
16015
19780
42919
27302
45193
29716
28708
41724
18866
20480
29363
18023
29419
35054
14421
25309
46565
38971
40299
14184
11816
45047
28900
43240
10907
11322
35083
8113
28645
12272
44126
21636
29853
35912
18125
11700
33414
17082
48091
28545
24195
28148
22906
35306
22708
12106
5169
8734
31132
35906
23073
5695
17172
13754
13721
26542
41820
26806
14645
5578
9155
18263
18155
4835
25808
24338
10493
39451
26374
16196
48837
45782
45750
27907
11816
39892
8928
30439
8592
21096
32529
39063
16363
28423
34552
11085
47037
20680
29604
7429
39295
44720
50653
18108
25761
48739
37979
39018
41453
23234
44338
49192
16362
9676
43732
34973
13553
44929
34373
5613
38438
31405
30034
9354
35133
44489
23261
36887
43715
46413
9690
26590
17292
48979
44467
26510
46864
37120
23851
13692
26330
14452
39810
39600
20623
29601
40055
33603
46008
29984
7170
36121
20340
17963
36736
9107
32005
9174
12783
35536
31953
16699
25650
4162
29582
31712
45070
31121
22392
30779
42410
51089
14017
9911
48115
27767
30499
23466
31039
17283
42147
16908
16332
10171
34543
32010
8840
34991
7909
32963
26456
7973
6403
36403
20623
25639
5907
32848
30215
5738
45863
38875
27174
16248
43103
36080
33185
38583
7312
12060
12557
6247
46855
6741
40019
13295
32967
16409
49498
19024
17943
41251
9326
26599
20004
30624
29916
28596
8753
6006
29670
26555
43087
34971
41568
23365
29778
28842
18217
15692
22349
17361
28184
42517
10147
41140
50098
46778
20223
26122
36141
8811
43118
7668
14516
6304
38076
31338
32575
50521
40384
44157
13902
20744
24497
19354
20294
40622
31758
20692
8427
18106
18744
20977
6960
13285
36667
27177
6280
12132
32043
40939
35840
26530
6369
42908
8853
39209
23058
30050
32488
7345
13055
39833
22367
34633
23157
12321
47105
20923
8085
5970
7252
13404
32964
20682
32591
39711
17440
28327
19903
35331
16870
29110
25838
10860
51186
16643
19798
10979
20452
15326
31821
14937
6139
43374
45259
40288
22029
10565
41873
6487
19794
35656
13902
33222
32645
15417
15253
37157
8761
10351
19130
23673
23816
28414
35444
13483
35914
37367
31214
5564
36128
41715
37400
5955
26310
13856
24669
32171
12494
6436
39285
19194
9501
16505
47688
33538
43705
34127
36094
7749
49611
34388
36301
14643
34790
12886
24967
8760
15642
38037
7834
25786
24301
16628
20114
14515
16383
9488
15073
32556
38501
12271
36932
15411
31567
30453
46889
14389
19367
44696
41868
7750
4168
45975
38483
42015
27417
35809
3594
6184
33185
4699
38639
20288
27928
13656
45872
17437
9789
12599
47066
42319
17919
44841
40007
38923
26700
42122
42451
31991
36146
48925
25713
15377
11227
27722
9274
45330
39641
24813
40838
36213
16322
26245
10957
22580
46269
12829
32618
9486
8796
25899
31695
25248
38234
26134
19533
43678
33453
15589
39443
11217
20431
33712
14304
26672
25790
28197
49240
15283
14169
43159
12110
37689
19640
16457
34075
41627
18377
35128
21543
15088
6517
42210
18676
18591
14445
26701
8322
24094
7418
42503
34656
44160
44307
44381
21534
17358
38911
17358
5153
32276
14266
12058
25292
37900
36474
42381
8407
18233
16033
31296
38219
28533
6820
32643
33034
29514
36703
35874
31288
7453
42971
45740
22041
25512
21961
23755
24705
18085
16885
6198
45435
37064
30895
29725
5747
10926
8423
27383
28309
15519
28114
32183
44928
45882
35385
39038
37102
36630
45061
17304
48589
33639
27569
6289
10020
19031
20165
24968
42761
29413
40737
25554
13575
47880
20325
45248
6617
40409
9440
35785
34180
31824
4477
45330
30369
32140
7508
50117
16673
45674
14361
12011
43683
27187
29120
5265
36355
26965
44445
15307
52699
35761
37381
48634
43249
27931
17620
23843
21924
24306
8071
7843
20263
48848
33541
17752
32047
32616
30241
8932
50138
33338
4960
21698
27121
25369
43569
37847
9998
41696
4784
26503
28586
21146
30252
15687
42797
27949
28067
31082
35431
8328
38369
43213
34611
44971
24221
26919
24797
4593
5492
10173
25121
30728
32986
14490
29643
8788
10823
29468
30519
8693
10870
22855
26189
11140
37218
4468
44996
33044
22097
7038
32443
46320
17745
39851
17170
43636
39886
20790
40727
22368
39450
39338
4320
15632
35304
43335
6635
41926
8610
24804
32838
40066
40037
18551
38566
12137
3984
7486
18055
6147
52383
35808
40753
14953
32021
51557
4956
42494
39022
18836
29057
11782
36460
41808
32180
43545
24195
23545
16582
41808
12359
21985
49663
6271
10325
33283
8069
36863
32724
20999
36601
9331
5009
10141
16775
37011
13448
22619
38295
24200
35009
16463
21911
22421
27585
12862
7269
26395
7357
8409
20957
7925
41000
7685
33650
10716
37967
19417
48436
35042
13744
45509
20185
16792
16872
48796
42658
14668
16229
39791
12322
12885
33582
22950
3932
27330
7344
41099
36269
46892
41836
8788
10389
36383
37935
20456
39898
40624
5956
17676
22022
33216
18331
27344
32903
11270
39320
8767
43905
35258
23967
4577
34825
15501
28534
25821
35990
20393
18284
29845
3636
32698
6194
4499
37446
7250
25700
49683
21766
32340
29940
29354
26743
26646
41834
11814
47814
26837
39595
36083
