24922
39159
21937
5250
42015
17103
18510
6176
36267
36011
42194
10475
40720
52120
44573
11019
35808
7133
16952
7382
9125
7009
32574
30831
9002
16139
46901
6594
19264
31332
24859
31621
12409
19633
8327
11180
36937
18733
21323
9763
7716
23044
35180
9230
24498
26709
41633
11788
3522
41694
50777
11655
43728
8820
8897
23601
32812
32816
8024
41764
45861
8912
19996
37219
43090
43985
16219
31949
34539
6793
19532
29557
12568
10153
35139
10696
10225
42782
