34329
36256
32313
37419
43456
24657
18760
25441
7849
20201
47423
38336
13801
48035
18287
6644
33579
23042
30864
49111
6133
38991
28487
13377
22714
32716
35940
25046
29100
39536
45238
40683
12042
35747
22868
8254
44737
12037
20924
46731
40498
5555
21515
34796
8432
12215
26419
40596
19349
6074
25031
7602
6448
41888
30267
19583
39974
43893
13738
20462
4030
43965
14742
27293
44192
20237
15208
48616
22354
45017
23743
39874
14186
35687
15365
16808
24616
18433
20623
34668
5297
41953
28007
14054
34163
14534
22657
8707
6102
27532
38328
48376
36916
42987
22397
18119
9528
32246
26877
40866
22957
46674
11713
9517
38424
32906
35729
45203
18107
10360
19271
14857
35130
13243
18029
38032
21940
7165
19421
19487
6978
18137
19032
22710
30897
20972
40147
28818
22005
35370
8306
23057
14353
24951
38726
43246
27321
46777
10681
40456
20345
22061
31947
4166
22642
11768
32127
11110
19807
35464
35777
19299
19288
17108
26521
33419
50056
19689
38851
5941
24221
48392
19924
36979
43531
43374
45429
29752
17692
20812
20463
20376
19666
19771
15684
41486
13143
28297
12609
30580
7629
45678
43268
27162
5069
23078
28387
40620
29576
23536
17994
36254
34943
19567
22627
19417
8216
17432
22913
33564
49276
26316
22717
7135
28902
40925
29827
44459
42233
36517
8429
43223
3505
30135
12315
36038
5740
33554
47875
17482
28550
48238
35987
20492
8210
22040
23195
26287
31629
17535
29735
12413
43068
17473
43858
47443
18521
31368
35926
43231
27887
30629
21916
12073
23027
48055
51352
45865
28612
45840
23665
46577
33713
22956
9211
24467
10813
31698
15005
5907
16906
33689
9330
27457
25495
43991
38769
11001
8238
47927
28229
26795
15601
37284
27944
46301
23919
17125
47591
7098
28500
10027
25839
28200
11116
10492
46120
7411
22705
20415
9938
18504
15338
36489
30254
26311
21919
5009
17320
38005
21611
22105
21392
9476
20222
40666
27655
16791
27936
32863
22033
14826
46975
11094
41401
34768
13788
29129
28300
47508
12430
42714
48862
50261
39070
14963
35680
33599
17081
23087
4418
21702
23807
40584
23297
23082
29330
25966
16957
44436
41260
16830
22520
37042
17161
13418
28292
15876
42760
34083
18724
36858
33496
33549
48711
11847
23949
23289
17051
7348
40776
9698
43224
8698
36198
43033
28155
31445
44503
30035
15351
48080
36856
41909
32732
14172
18785
37468
40823
45318
41985
39738
32566
7350
22414
29662
42130
43114
16744
38358
14474
13029
42771
19198
34082
34841
38176
16848
12920
9688
14623
27272
20481
13970
11199
34225
31178
30224
25966
23854
40608
20526
30553
15549
19737
40712
26031
15886
23000
34910
23565
42248
46351
20266
25388
8661
14871
21456
33173
41409
38587
21794
30904
33555
20261
17049
41892
34548
12595
15561
26869
28031
36424
29994
12633
36617
46996
25535
35425
28871
6062
44171
51146
27968
30192
10810
14200
17265
32897
8820
47277
26511
37152
19267
19056
8654
20043
36684
27431
28736
15493
24828
34362
11936
41935
32672
8159
22958
29394
27908
36434
16770
6014
6234
8067
48370
23819
9969
9833
25533
27969
5899
40036
37138
33736
46187
47540
14680
29737
7581
43604
26878
45951
14739
31622
37404
22472
37569
50052
27582
31409
9584
14528
48061
49668
42420
44487
11648
43419
19898
33689
48423
26299
19141
13712
46334
39952
14594
37402
13750
37462
31958
11769
40696
24988
24033
16129
31040
35706
25218
23380
8764
30580
14793
25549
26537
36571
36700
29044
27688
16486
6976
28553
30781
41794
37736
50464
39390
32589
17885
11629
51400
25800
14511
7296
10378
12876
36608
12602
22821
49332
47154
29890
22495
32447
41161
21915
36176
9669
52536
52613
37930
8409
24969
19528
30159
19478
28821
38471
21832
37965
37401
39569
35226
13111
53203
17451
20668
45742
38518
29122
10712
19235
23749
25036
7945
10730
18634
37231
45093
44629
40357
46638
19417
47110
38718
14677
5430
11825
14783
34504
36030
37215
23008
33865
26221
51463
15972
34658
23780
43843
33822
17374
39819
41665
19628
6099
23901
30629
30842
33175
19803
5600
33051
26336
24332
31556
37556
20234
45217
23814
8770
7050
6950
8225
7262
30127
25729
42057
7081
47532
18698
24263
9338
15323
31963
24629
48975
36775
37281
38031
9836
9072
29428
11206
34976
48134
28954
22478
33642
18189
11271
39777
27256
20903
22319
4067
49583
20035
10633
47013
29968
25550
47231
33097
43074
25228
34099
38858
20526
45482
21708
48466
17773
23206
27948
15362
29408
28713
47893
6708
43472
20436
30835
21048
29986
13845
21133
27326
40005
46469
43825
13427
36773
23946
22364
34267
4739
14137
33901
