44960
37002
10357
41260
23353
21348
38351
50652
4981
17585
21837
13830
7197
22943
15933
13610
30385
28512
45861
19379
17368
23219
21569
41280
46717
35139
44789
13088
33248
29821
5633
43653
39981
13141
15186
38943
17356
17555
34804
36519
30608
41688
18137
5820
44854
7045
23485
8128
40441
22900
7670
22685
5846
25154
25066
35667
13882
17859
4143
14662
35531
20914
20853
41839
26414
29756
37021
44085
34911
42336
30454
22729
50238
23688
27252
27033
27210
23411
38276
7904
9876
48195
32959
14326
23139
27071
13640
38221
18413
28224
14841
50144
7423
43227
23682
19980
46497
14135
37158
11677
34195
36371
18089
32191
44214
18424
28447
20158
24454
30981
25064
35332
41788
3805
7370
9650
13831
25620
23080
37980
25227
11622
39021
8613
6849
27144
4891
30814
12401
45201
24919
14476
19434
10501
42309
40269
12369
19533
48122
40717
6461
4940
28689
9995
21443
27754
42706
4302
5818
18187
13301
8895
34803
39897
28614
31498
23518
40630
27406
32558
36959
10468
12788
22203
40070
37291
44267
26729
19630
39682
29312
18173
11830
20903
12570
51466
28866
18800
31920
34939
30871
26791
35335
16265
19643
8527
9637
13338
41015
43820
18036
18318
42072
34004
21954
14807
40365
18622
17441
21407
14317
20278
13546
41526
10719
28376
30094
29510
34214
14789
21562
14756
22366
28520
12562
