13013
11752
8727
23686
11857
13643
27213
47527
20995
42019
24282
38022
11402
21650
18155
23164
23140
24633
7278
29760
5277
48184
44425
10521
25928
30225
14092
29277
46129
20625
45404
38204
29064
9091
29803
42291
7307
24907
26514
14459
34422
15740
28972
35589
18533
17249
31856
40797
28576
6761
20974
30247
23725
35511
22492
16765
26205
47258
36843
29360
27624
21491
12410
29642
17006
41094
29275
40917
41946
13956
15115
27481
12459
9001
45195
19467
40324
23047
7583
41295
30790
21024
7041
13226
39372
28533
26482
40239
37679
10599
29996
45534
30876
8485
35312
18119
11768
12332
11440
19333
42585
27771
16083
26627
40556
8252
34661
18076
19909
33379
18656
43686
23365
12021
15411
47614
32403
8364
11104
44158
41446
36840
28113
13169
13266
14472
36299
42195
7065
40187
47333
28658
36683
17462
21599
32409
13468
29546
16429
35599
45932
26120
29666
37633
14183
33449
29099
35151
7781
21574
34513
6018
5859
44804
4218
7635
15761
42841
14765
39148
32487
45327
8296
10020
9004
38615
20086
15029
15889
20046
47176
12027
27877
39571
5596
8679
34779
46237
18523
12048
37872
26176
17164
8391
35564
21945
7939
22054
30065
24585
45400
9146
17659
34531
11613
26414
35203
17157
24892
46806
26745
35530
13263
41171
21672
25438
26135
15148
9429
21167
9973
47566
39432
8813
10219
29173
24676
36419
44838
24789
38361
10988
10233
42540
14495
41024
27992
6069
39528
21167
12094
7331
6592
18684
28542
19211
28326
34532
14336
17694
5893
42099
36729
4500
44037
17647
26297
14655
9139
23830
28907
28976
36139
33293
37191
44805
37829
15703
41371
27062
17549
17064
6658
7945
14908
50949
22303
13216
38430
21730
36018
43143
24015
41017
19181
24209
52939
8537
28314
18162
21493
19286
42407
25847
45618
12238
26748
8866
17474
34695
20189
17279
14229
41564
15249
35736
34946
42031
44684
16580
36931
39753
28120
31742
27246
43764
16633
32708
7940
41697
13085
26053
18284
19723
42846
45583
32227
21788
34390
14773
22831
12441
19434
40286
44741
43383
7767
12571
10384
39495
31730
30885
24457
19789
50032
29972
4513
17392
19427
44371
50730
25194
11660
43893
22938
24798
36042
13488
15834
27627
21055
17611
25569
16594
38438
17630
48239
37190
41017
38347
32978
43318
38359
26850
7701
22552
14516
46004
44914
27128
33071
13857
27771
28839
30506
19735
39783
38997
35546
37863
17429
39542
18068
16900
46342
42998
48357
12073
14618
32074
9306
42072
27766
12446
12722
30036
32212
27233
6231
24782
11937
36656
33975
44538
45134
46211
14633
39665
32084
32463
38750
8723
25025
17462
4476
32511
20327
38872
10557
29615
4715
20712
50150
16436
12646
16099
13302
44628
34533
40045
27419
44005
12591
38490
15972
38022
28126
8313
36500
10192
17271
27548
19680
26167
31712
19669
27603
44628
46648
50215
10080
12472
8284
11789
40976
38074
21012
10231
23110
6285
43193
18882
36138
30432
41642
5293
19485
7479
32930
12951
23234
14082
42206
23409
11638
4691
38980
14508
12085
5630
9414
48701
44445
15688
8566
44076
18721
44778
30460
46387
16394
25253
44126
27026
7862
41291
29164
30819
44928
3553
18665
11813
7977
29335
42114
29390
22737
35090
8823
16706
40659
20724
5666
18742
31143
29654
26089
36504
16425
23577
21359
19904
10838
45175
48364
11824
12012
41159
23985
43104
22871
36036
37207
36945
45309
44846
49969
45231
24965
9793
43493
23197
47819
12307
9465
26149
44887
51604
17477
39397
20023
18501
22543
8348
40664
19719
17044
33087
16319
19490
13903
18537
25865
8410
5315
43719
29692
8383
13174
37184
11794
28678
46640
33228
40727
15665
36295
41350
20591
34224
48890
14136
55495
27511
51961
23234
23518
15977
40294
30577
23325
28295
21063
18417
31594
33054
17777
25260
10607
6359
14149
43746
14216
16696
9723
18507
5956
37267
21466
22761
31253
38903
19262
44755
18454
30902
26677
19435
7468
47355
11074
12561
19591
41471
29485
5465
31107
25473
14756
18176
7861
5410
41475
18632
39136
21562
5913
43868
18748
10635
6998
38931
13545
46234
26465
28357
50554
13475
15926
32290
24768
40037
38491
8125
11127
21982
17984
40428
6582
28514
24838
36307
41373
27913
45328
5216
23246
5356
47394
29699
41368
24770
27539
18093
12155
37453
44461
15455
16376
29734
17291
40903
35437
27849
21341
43016
36516
19767
31038
6920
14432
30697
8027
37026
11737
36582
33897
32490
6218
46170
5864
20679
36789
37801
20088
36931
5175
43516
40936
19844
15516
6551
5337
42258
38525
6236
21589
7085
11493
17182
27979
5572
6594
14867
40389
31004
22925
19809
46814
39923
23160
13101
24037
43296
22981
20920
25615
20653
22606
40762
19419
48785
21243
33232
32824
34102
12022
26965
42993
15059
23228
18807
23057
11255
7882
47843
39094
37278
32292
45401
22267
41886
15001
39356
18708
47697
27318
5729
39470
27814
49808
11523
18461
28494
22705
8174
39220
32766
29935
27609
9360
27286
17757
24981
12742
26558
32424
47788
20277
8484
26048
23893
43635
43302
23637
20286
36972
23747
32738
18964
9198
16652
33619
7559
8540
8469
48098
8227
37422
41720
12586
39625
32177
21293
47089
25632
8150
6312
14007
25706
32297
26405
34152
25336
46609
45159
34363
22098
16826
30955
31192
28359
29922
36282
6672
42941
43163
13828
29426
42987
28375
15788
14713
12772
19148
26456
31018
12552
24485
24933
42605
26098
10662
14692
8354
39086
18163
46731
41461
21151
36601
15166
47401
33597
28621
10534
18753
40009
47905
34698
27947
26556
47791
46850
16737
25424
26090
45868
27565
22682
33245
46934
11640
46751
42253
44352
13616
37591
14674
37240
42613
47152
33467
48016
6113
9367
17440
41366
41156
40124
24909
42400
34063
19498
35627
19371
19840
33344
14198
22595
14643
39059
4853
15026
37834
23482
40540
8423
11348
30326
30920
36469
6591
24062
18552
44016
31222
27726
24430
48055
19839
39589
33961
9310
11923
20132
16750
9613
37268
17719
4458
43846
14210
23556
20876
22944
43350
28437
17834
26905
