21013
45088
31427
30182
20731
12331
44830
20823
35765
33550
15676
5798
11861
42822
13639
17605
21361
20798
43363
44426
19115
32133
44890
19563
27866
26349
17251
17907
44861
25209
23421
42461
49107
14601
32114
18153
21340
43188
15230
7515
41972
41250
22757
42537
7854
35193
5545
22020
10148
25828
41554
8992
47927
40376
28671
8238
33897
14736
48526
23814
28631
34686
42931
38893
6657
27779
37124
49134
28523
38808
54156
15602
28091
38468
37553
16650
