74 13 35 14 42 56 21 87 59 42 45 52 54 
51 44 60 34 46 65 23 25 13 41 93 2 3 
89 84 2 100 54 75 61 49 93 6 76 7 43 
62 44 9 46 11 48 15 86 77 86 59 83 15 
49 63 35 58 62 84 80 1 69 20 58 56 32 
100 13 35 7 29 9 16 28 32 39 45 26 56 
99 26 49 23 11 14 67 28 88 45 90 52 49 
88 11 88 1 82 98 46 47 41 80 30 83 4 
39 28 99 93 9 15 85 87 62 28 33 77 40 
77 21 12 78 40 24 90 22 95 14 94 71 85 
56 19 71 52 27 54 24 16 37 8 14 50 20 
51 14 59 69 67 25 82 86 21 64 56 51 21 
8 56 100 1 59 17 26 1 41 38 46 2 100 
77 82 16 57 12 66 61 20 65 16 43 66 30 
39 67 89 33 25 56 9 88 87 18 62 4 77 
1 73 80 98 63 18 43 17 32 100 33 82 45 
47 73 21 96 4 61 95 91 73 78 34 73 45 
46 96 13 69 38 74 13 4 28 34 55 36 39 
69 5 19 46 58 81 7 80 37 78 75 73 64 
85 92 47 8 75 78 53 70 21 49 27 72 21 
36 8 90 15 40 94 6 84 20 10 29 14 35 
51 3 65 18 1 42 28 20 63 65 59 76 21 
36 93 40 83 35 40 40 73 44 19 47 87 41 
43 86 8 60 36 10 65 5 85 77 17 10 64 
27 39 68 64 67 84 29 68 100 21 57 6 29 
96 74 26 19 39 100 35 65 92 53 7 89 96 
45 86 99 64 65 56 48 33 96 30 16 51 18 
71 97 33 56 13 31 4 83 47 93 50 18 36 
52 81 66 66 40 52 11 88 11 47 71 32 52 
22 34 66 54 31 21 13 1 26 21 8 23 23 
69 28 25 39 55 53 37 4 46 58 63 59 4 
88 63 19 73 40 40 37 35 84 93 43 37 94 
97 53 97 38 32 59 4 91 100 61 24 95 14 
89 65 70 89 93 66 73 29 73 12 93 27 52 
21 66 50 62 18 87 23 19 84 72 83 62 41 
36 15 57 98 58 95 7 30 94 80 41 79 31 
2 79 22 97 8 73 13 2 58 32 99 33 93 
42 95 6 1 30 79 44 10 48 30 10 49 19 
15 93 50 56 83 1 25 82 35 4 38 80 70 
73 90 66 88 97 15 90 76 18 88 67 81 79 
62 76 46 32 1 46 55 46 61 58 1 18 95 
16 11 16 42 86 84 51 6 38 3 95 34 35 
59 7 18 68 68 4 48 49 88 80 1 74 81 
41 16 4 60 21 86 19 99 30 31 17 78 86 
27 54 59 20 60 20 14 33 30 36 51 44 27 
48 85 77 87 77 10 35 10 60 44 79 84 11 
93 73 46 74 62 87 41 25 17 85 88 54 45 
58 7 91 100 77 84 19 39 38 95 17 28 89 
59 33 13 3 84 36 33 2 20 8 55 56 1 
96 49 87 55 27 76 40 35 78 54 20 50 97 
60 27 21 45 51 79 20 86 21 34 7 56 90 
80 77 46 38 63 24 5 42 24 72 60 56 19 
65 69 35 52 54 70 58 96 90 87 19 47 59 
58 75 30 40 32 31 15 34 2 16 94 39 9 
5 33 4 41 25 32 38 5 31 73 36 64 38 
81 39 2 26 57 75 6 49 9 82 46 41 97 
99 56 28 60 3 14 3 60 92 64 88 51 47 
8 90 73 72 38 79 69 55 92 75 12 89 2 
47 15 91 6 93 42 36 15 57 56 20 75 21 
23 81 49 87 41 24 41 52 21 2 92 80 90 
65 79 93 18 53 18 33 41 69 15 81 69 19 
71 67 38 1 51 62 10 94 7 35 17 13 52 
22 11 77 48 12 35 58 50 65 93 55 65 93 
91 54 31 36 31 49 62 75 97 7 86 49 57 
31 33 5 83 10 27 7 94 59 14 100 16 69 
20 45 19 29 99 66 93 14 66 34 92 47 17 
86 12 52 25 55 65 77 25 31 19 14 60 92 
50 5 41 77 17 94 6 90 23 48 96 94 55 
19 52 51 2 46 48 74 36 55 67 86 84 65 
40 84 25 50 30 10 47 45 93 61 26 11 25 
33 40 18 4 79 37 60 60 73 70 70 86 60 
77 23 26 6 88 55 3 68 25 29 39 11 56 
