59 100 98 13 4 26 35 64 20 73 3 78 59 25 37 4 22 58 53 69 18 48 
31 48 8 54 20 85 13 38 29 23 38 90 40 71 43 24 46 19 29 88 64 46 
84 45 75 41 17 16 97 70 74 78 7 55 25 49 33 72 68 35 69 93 68 46 
46 72 34 53 60 30 46 83 31 77 90 65 66 90 41 48 68 9 97 40 21 32 
47 80 45 65 71 54 94 38 28 15 91 58 76 93 19 27 85 10 30 21 78 5 
8 30 100 58 2 19 59 34 72 92 46 79 31 86 38 88 66 61 51 82 6 73 
88 62 8 60 68 42 21 50 61 34 85 10 43 59 28 65 58 40 80 17 97 7 
8 74 9 31 64 21 68 12 21 1 70 96 13 78 55 26 51 90 81 12 85 43 
60 13 63 94 43 5 77 85 42 99 38 4 78 67 64 3 34 43 25 67 21 16 
17 48 28 10 79 63 25 2 44 43 3 33 31 6 13 14 57 28 13 30 56 99 
33 61 28 39 27 55 83 87 50 69 77 42 10 67 8 64 91 73 45 87 34 47 
48 28 23 13 19 81 24 88 45 70 52 65 55 51 81 32 90 47 77 90 45 93 
14 22 12 13 63 39 3 32 89 44 40 83 43 35 90 85 91 7 93 27 16 5 
66 76 10 35 78 87 3 49 55 83 96 100 3 17 61 29 59 75 14 23 13 16 
6 95 61 60 78 56 84 34 48 62 54 28 74 72 67 99 48 9 61 28 96 90 
65 34 92 87 3 52 88 24 30 95 97 13 39 33 76 36 45 20 79 97 61 11 
37 99 9 72 87 29 69 34 27 28 19 84 11 82 100 8 70 31 86 7 36 33 
66 87 93 84 98 36 21 74 23 22 99 47 8 9 94 79 93 64 90 15 15 67 
13 45 61 20 12 75 1 41 99 45 36 100 83 30 7 41 58 71 31 86 16 93 
19 72 28 68 25 54 80 17 28 68 5 13 27 42 14 2 87 26 42 14 40 9 
6 5 76 71 40 93 8 56 90 50 78 90 11 54 80 30 22 39 41 51 50 57 
84 78 69 83 5 14 90 75 35 5 91 66 81 70 81 45 47 49 16 14 89 36 
45 61 21 44 12 63 48 94 4 96 23 44 83 29 50 16 3 33 6 74 98 97 
66 32 67 25 88 38 78 7 32 44 87 43 59 74 87 22 65 42 70 43 84 10 
37 33 5 21 11 51 2 63 75 22 65 37 68 51 64 65 99 45 83 84 1 97 
73 72 89 15 45 55 93 83 5 28 56 8 29 48 1 89 65 21 68 79 19 32 
40 31 87 5 82 26 82 77 80 24 83 81 63 47 46 52 8 63 51 17 34 88 
1 88 56 60 12 1 36 51 75 29 34 57 78 83 35 63 83 54 88 22 85 21 
38 73 33 21 89 54 15 46 60 38 97 61 49 33 53 61 2 38 46 49 79 44 
87 45 60 36 29 41 10 26 24 87 49 4 31 84 65 41 41 15 38 13 45 17 
12 22 66 6 44 39 34 15 77 52 53 57 19 90 75 83 85 93 90 46 35 88 
45 95 65 72 54 17 45 58 36 13 63 81 37 49 92 32 14 86 8 81 86 66 
78 17 4 54 38 90 9 84 65 34 43 43 45 92 97 3 57 26 67 31 82 49 
89 2 78 91 46 80 9 35 92 57 86 99 11 10 81 27 92 32 75 53 34 91 
10 29 42 27 40 96 55 35 80 94 27 12 15 47 30 45 67 85 14 58 77 24 
44 74 12 26 7 8 20 35 46 68 78 26 4 54 76 63 89 81 73 29 32 26 
13 28 85 96 65 1 69 43 52 4 40 34 60 68 58 27 95 33 51 87 6 77 
51 90 42 48 74 49 91 50 95 62 54 15 30 70 38 69 74 49 88 72 54 87 
95 26 16 63 84 12 99 86 57 18 65 16 19 64 25 52 65 23 63 23 100 64 
21 52 47 73 25 39 92 96 29 39 64 77 81 57 3 16 17 24 9 37 64 23 
89 68 81 11 68 57 70 71 53 8 6 32 90 11 17 15 24 77 17 78 45 67 
2 3 14 50 69 36 14 4 95 15 48 3 40 52 23 62 30 81 29 26 8 77 
67 78 94 50 69 66 30 79 10 33 60 24 59 5 87 71 88 24 40 70 38 47 
70 94 76 5 86 48 29 22 21 79 53 91 60 90 22 92 87 93 9 45 93 51 
82 28 20 29 59 98 84 61 8 75 83 10 65 56 16 15 69 93 63 51 46 39 
63 94 26 59 79 7 6 52 91 14 48 30 21 30 92 63 81 55 45 77 78 37 
94 39 99 73 32 78 10 18 70 50 19 17 28 83 78 89 6 43 69 93 66 77 
92 12 79 66 44 76 100 63 2 26 27 49 80 46 78 23 89 11 73 76 62 9 
56 100 57 2 61 42 80 51 12 15 22 52 26 86 64 58 52 37 58 37 73 51 
90 97 3 88 11 17 29 5 86 43 89 80 53 66 46 56 89 39 92 36 63 19 
74 97 44 12 10 27 69 89 63 62 33 2 35 78 6 43 93 47 27 12 23 50 
34 31 100 80 86 49 15 99 55 95 62 70 64 33 49 97 83 59 11 7 79 29 
43 82 2 71 4 72 32 40 32 49 96 94 8 38 47 10 58 11 8 89 49 52 
15 23 58 22 72 45 9 8 58 1 71 96 18 93 97 39 88 53 95 64 74 82 
71 69 38 92 61 93 63 50 33 96 12 13 48 65 76 9 99 82 70 76 27 62 
92 7 3 6 100 20 28 52 87 87 3 33 92 43 51 43 71 43 52 3 58 53 
12 77 14 73 45 50 69 48 31 71 75 34 94 1 66 87 57 27 52 95 70 26 
93 11 10 62 85 40 6 38 19 47 73 36 13 34 40 64 26 64 98 74 8 77 
12 83 90 32 30 92 14 18 63 66 92 97 42 60 43 20 46 26 78 62 63 81 
42 5 17 27 69 46 88 54 49 25 27 51 53 97 7 7 13 71 32 30 71 69 
89 86 47 17 66 86 68 71 22 13 12 6 87 87 23 23 48 85 46 80 41 59 
62 80 37 8 42 76 13 76 54 4 78 7 68 60 34 53 13 52 80 26 72 31 
88 69 47 39 2 53 65 44 40 39 53 75 29 59 100 25 98 20 19 73 92 81 
14 96 20 87 94 51 32 97 27 75 4 19 7 72 48 39 74 57 56 70 22 57 
5 47 91 37 49 65 77 16 71 28 27 77 70 19 42 84 52 78 90 69 42 94 
38 97 68 81 80 61 65 43 35 81 4 22 61 11 53 43 23 48 73 19 96 32 
93 58 37 6 46 88 69 25 54 91 33 10 65 36 77 82 69 40 18 47 63 21 
28 15 18 67 12 69 90 6 5 61 45 33 73 6 86 26 32 83 31 91 47 62 
5 40 48 76 86 96 96 94 2 38 46 95 91 45 54 61 37 62 76 51 73 84 
84 56 93 72 97 87 20 43 3 34 30 11 20 66 24 86 41 45 91 72 28 61 
59 58 63 53 13 81 53 83 99 3 26 44 50 11 48 99 33 40 1 59 25 61 
53 72 37 52 20 41 93 26 98 40 1 11 100 80 16 5 91 56 99 26 88 24 
5 12 2 60 33 1 93 83 7 75 96 71 14 92 17 84 3 14 11 92 8 74 
63 77 41 12 18 22 67 43 9 64 76 50 4 57 88 6 12 72 89 17 41 76 
8 62 67 29 38 94 56 60 74 97 2 46 75 45 80 93 16 26 37 56 25 18 
57 56 9 37 14 43 40 96 39 47 82 41 63 35 12 42 26 17 31 16 61 95 
73 44 84 51 83 75 1 23 12 59 49 86 47 78 52 80 37 69 13 29 50 20 
87 46 50 23 53 73 34 91 21 39 82 32 40 15 36 89 57 100 83 83 14 59 
42 74 10 96 40 80 68 94 29 91 72 49 82 33 69 3 11 89 23 73 34 90 
52 34 1 10 83 58 86 7 45 95 9 93 68 44 84 15 75 32 10 42 100 39 
31 40 35 18 91 24 52 96 55 1 39 76 40 14 100 41 61 6 1 65 11 38 
