30 31 90 60 96 51 27 69 35 74 10 1 96 68 98 69 63 66 
43 28 13 51 11 58 39 80 56 63 64 86 3 15 7 41 8 69 
96 11 76 5 38 47 98 66 19 48 61 66 70 45 55 22 27 18 
6 79 38 40 58 88 85 13 17 16 82 5 44 33 72 44 25 79 
93 78 9 39 45 69 60 71 28 19 32 67 95 90 54 83 26 79 
36 87 25 100 88 82 93 82 11 45 67 83 26 16 41 31 17 87 
54 84 25 71 99 59 87 25 16 8 3 73 66 34 21 9 40 46 
25 44 13 74 78 94 82 93 59 28 28 38 79 5 86 80 52 40 
52 86 97 98 59 58 93 60 88 96 45 12 38 10 33 24 80 83 
52 81 53 8 42 37 15 12 81 69 97 66 27 77 42 32 12 99 
53 36 51 74 36 74 23 48 34 34 74 13 4 94 50 37 62 28 
16 76 39 2 34 61 89 94 27 13 21 99 32 81 97 42 74 6 
86 71 59 63 66 33 32 25 91 19 2 35 40 94 60 42 49 2 
80 70 29 38 22 83 88 57 96 28 58 76 4 78 12 89 78 88 
23 91 71 41 87 84 84 68 30 32 94 43 19 54 97 88 5 65 
12 18 2 81 4 22 6 13 83 44 1 24 6 72 22 40 41 58 
88 91 42 85 77 89 59 69 10 13 7 50 73 6 34 84 94 72 
26 17 52 57 40 10 58 74 34 34 17 43 66 18 64 49 48 3 
40 55 97 40 91 35 94 74 91 28 7 52 6 23 25 1 11 39 
58 78 85 26 2 62 70 8 44 32 96 89 84 64 38 40 44 5 
78 68 67 79 32 17 52 100 99 79 21 61 59 54 31 96 6 22 
22 27 72 70 65 42 9 65 45 29 19 79 49 80 36 26 34 10 
91 6 54 51 74 59 38 95 25 86 9 64 36 2 88 30 64 66 
96 81 32 79 57 100 40 66 26 94 47 56 94 48 97 86 100 8 
91 66 37 69 42 72 41 9 39 24 14 99 43 85 5 6 22 51 
48 87 5 9 28 81 22 57 40 51 89 18 9 60 14 39 36 84 
22 14 82 69 45 51 63 72 76 9 21 98 35 100 81 88 2 30 
100 86 64 15 82 91 60 69 69 9 81 60 42 53 13 78 96 21 
22 68 3 53 31 34 81 8 30 54 1 31 99 57 1 22 83 71 
29 37 8 35 89 51 23 50 95 35 48 64 28 50 54 85 12 42 
3 70 84 98 58 91 19 36 47 48 44 95 77 65 6 87 57 40 
