55 18 46 97 20 21 18 77 19 10 17 20 71 11 39 38 19 61 22 30 91 67 83 67 44 83 35 63 84 100 78 96 47 41 38 58 96 27 85 84 68 
86 36 74 55 18 36 24 81 37 15 59 59 35 73 28 100 25 93 88 92 88 39 68 60 33 69 80 55 68 78 38 56 32 58 75 47 25 52 51 74 65 
76 44 27 42 88 48 14 79 75 53 36 69 67 96 10 24 20 1 2 44 56 98 34 31 97 29 54 36 87 90 45 13 39 70 90 85 26 3 21 56 63 
57 98 76 21 87 99 27 10 59 45 54 73 51 57 27 15 15 38 76 84 36 64 9 59 18 91 100 93 52 32 78 7 55 71 9 28 33 77 35 28 90 
26 48 89 91 7 79 62 44 76 51 3 92 48 8 45 56 39 96 26 1 73 92 4 92 72 53 70 45 86 27 50 19 89 20 97 49 9 66 33 47 13 
86 64 30 79 76 72 19 4 18 54 14 75 70 16 7 100 76 76 38 25 15 60 15 27 33 61 52 51 23 58 74 86 22 31 53 59 98 14 33 99 15 
4 62 40 56 14 4 76 80 37 21 18 92 92 8 57 68 25 18 73 32 97 81 15 10 81 52 6 57 58 57 28 81 57 79 92 6 70 80 1 76 59 
62 86 35 85 51 44 25 42 12 53 75 19 98 56 44 48 86 100 25 63 55 90 92 36 38 56 95 86 33 72 51 30 68 86 80 65 26 75 70 63 8 
49 56 98 63 35 31 73 6 40 96 96 80 60 32 42 91 20 71 41 52 70 73 71 61 25 26 74 88 68 97 67 88 70 21 61 68 22 49 21 60 5 
73 89 36 97 28 54 10 82 9 45 21 78 73 89 82 98 41 61 65 59 65 54 84 30 34 20 86 25 38 53 82 98 86 20 92 33 3 5 62 50 63 
12 89 7 43 100 73 29 15 41 80 74 73 93 75 42 15 59 98 53 19 14 77 86 14 40 71 52 72 82 91 5 16 52 25 11 69 32 31 90 90 2 
70 12 36 83 6 13 35 64 54 93 46 23 62 69 38 95 2 92 56 25 65 54 3 6 19 48 100 20 32 47 48 3 15 43 2 27 84 32 81 47 43 
8 42 14 91 60 72 3 98 23 74 6 56 26 93 90 9 46 8 90 69 69 93 40 11 88 43 35 79 89 11 65 69 41 90 14 73 69 53 7 15 8 
78 6 63 42 7 61 26 10 40 67 20 3 85 1 85 15 27 25 90 4 11 60 82 46 95 77 83 92 6 77 76 70 97 39 7 96 51 24 45 47 78 
11 79 84 16 72 47 32 24 36 13 57 28 27 85 81 85 7 54 15 52 76 2 34 67 29 39 59 37 1 91 55 26 25 31 35 97 88 53 94 11 7 
48 44 61 64 35 12 33 33 20 11 90 18 20 12 22 55 5 39 38 1 82 51 60 5 7 82 27 68 78 85 75 17 45 28 74 63 84 62 92 50 37 
77 34 65 83 59 33 93 93 25 52 44 25 65 55 83 90 94 13 42 27 25 57 77 3 89 36 8 87 12 77 50 12 43 89 46 26 97 46 37 87 38 
74 66 4 46 78 1 49 22 85 85 66 46 75 66 1 41 36 60 54 17 2 100 86 60 75 84 13 41 38 27 25 4 65 98 66 95 76 55 41 57 46 
70 52 52 90 67 94 80 33 56 91 38 47 65 19 88 53 27 18 7 33 66 48 54 64 50 43 98 94 71 16 59 45 8 15 45 11 96 42 17 20 11 
93 15 45 39 92 11 60 13 99 1 59 22 45 12 87 68 39 87 26 20 8 73 83 7 69 97 65 40 45 69 35 10 82 13 91 49 81 78 80 14 20 
1 57 65 14 86 42 93 78 62 88 92 64 97 27 54 51 11 59 80 90 89 72 83 65 71 60 96 1 83 16 99 3 86 38 40 52 38 62 3 95 26 
88 12 100 8 74 69 67 74 76 20 62 31 43 38 58 88 98 81 22 72 78 84 65 26 46 94 90 35 83 94 24 45 94 39 45 70 29 48 30 31 2 
33 88 31 78 4 54 46 82 58 85 89 98 91 36 36 20 3 3 99 85 20 98 4 62 97 32 70 87 94 93 58 5 39 7 56 92 29 5 28 38 91 
72 12 71 39 53 20 33 56 95 79 88 50 38 21 97 13 48 11 11 37 13 87 69 29 60 61 84 80 85 32 26 90 87 52 19 56 64 3 2 57 96 
90 76 81 23 94 29 43 14 72 50 20 21 82 7 72 77 28 49 78 55 42 25 52 99 50 88 17 71 41 79 60 26 29 81 84 54 45 51 59 71 68 
96 5 53 53 73 21 83 57 73 21 83 22 48 95 74 85 40 34 68 82 45 75 73 23 72 36 49 19 11 2 40 44 49 92 51 18 2 80 88 7 10 
25 5 15 18 53 51 58 64 29 12 42 85 6 47 80 64 79 80 87 85 17 23 88 35 79 57 4 62 56 53 97 95 5 39 62 24 92 23 48 44 82 
50 74 19 49 26 11 79 52 79 60 61 12 79 36 19 67 9 94 58 83 16 43 36 59 21 56 84 66 96 38 83 43 13 86 28 85 61 39 17 84 66 
75 81 30 66 30 18 72 72 82 28 34 99 43 36 82 21 36 57 48 69 45 85 52 81 8 48 65 64 93 21 56 77 8 81 40 89 56 4 57 63 39 
55 83 96 94 100 6 41 93 29 50 91 43 90 6 22 94 99 26 20 37 66 46 15 52 28 93 43 49 38 15 92 65 9 5 6 53 30 79 95 60 55 
14 76 53 77 10 24 72 23 74 57 38 22 61 49 16 57 62 1 9 72 50 75 47 28 19 35 7 90 91 83 44 37 17 62 87 26 35 54 50 86 14 
41 74 90 97 46 24 24 41 82 15 93 83 95 86 89 3 49 47 43 97 74 98 43 70 2 17 96 79 16 17 78 48 56 35 32 24 10 22 7 13 49 
22 81 86 69 36 93 63 78 3 92 23 36 52 22 31 70 97 52 76 28 19 75 61 52 31 32 94 79 37 93 13 37 17 48 78 16 29 1 26 4 74 
53 82 40 35 6 77 56 70 15 16 13 94 87 79 48 37 64 63 5 84 32 1 85 45 79 98 19 22 69 37 91 92 94 39 95 95 65 20 91 26 44 
96 77 38 68 9 66 64 82 36 51 7 16 97 43 56 5 82 1 76 67 70 62 2 98 21 92 99 71 34 37 93 35 90 36 60 92 72 30 45 32 91 
82 59 31 28 13 90 34 68 20 9 88 41 98 24 70 11 7 9 89 17 8 26 53 44 66 1 100 84 5 53 3 1 88 97 34 25 15 19 22 59 82 
46 77 13 46 80 31 35 15 59 70 73 47 83 71 1 44 36 18 28 90 61 60 35 44 62 43 11 77 20 74 38 57 24 29 56 36 78 14 34 84 90 
45 55 64 3 28 41 50 66 42 58 45 36 46 57 81 58 97 50 40 69 35 29 26 54 97 44 75 28 51 61 89 69 30 61 47 13 68 80 97 37 32 
87 74 49 22 54 81 84 3 95 7 53 68 25 17 34 42 91 9 2 37 11 34 88 99 48 53 73 88 67 6 83 3 79 36 36 97 48 52 19 94 2 
33 55 30 69 61 78 69 2 91 28 22 90 35 81 2 9 16 86 35 20 6 100 22 76 58 65 81 40 90 33 87 9 58 98 62 20 18 4 25 99 36 
72 87 74 81 72 46 12 27 81 1 29 90 33 26 2 62 47 24 5 44 86 54 93 35 33 25 97 1 25 50 85 52 78 38 93 1 10 2 79 54 57 
7 52 20 26 13 21 27 11 23 63 2 34 54 68 26 97 2 100 53 97 21 83 100 1 18 46 89 34 85 9 96 41 5 52 99 55 11 8 29 89 63 
13 38 41 54 49 51 2 93 71 63 76 60 65 8 21 59 65 92 59 47 87 21 84 55 91 81 19 78 3 25 3 32 77 55 4 44 1 96 49 22 7 
71 9 92 13 60 93 71 9 44 62 33 45 22 48 3 84 48 83 63 4 31 31 96 19 26 42 36 12 13 82 24 61 56 74 94 26 38 10 41 9 33 
13 85 73 4 48 31 30 70 96 42 15 62 50 85 19 39 6 47 78 48 84 48 55 39 78 10 39 65 20 29 39 30 22 76 85 33 54 71 91 21 24 
89 3 85 58 65 47 43 49 26 9 38 11 75 56 7 63 47 85 51 11 65 25 74 5 72 34 99 86 74 5 14 11 61 9 67 26 6 68 4 36 79 
39 92 52 56 59 66 19 39 34 22 92 41 61 18 6 43 65 10 30 93 43 43 75 13 3 2 31 36 1 54 44 28 21 49 60 68 30 67 45 72 32 
72 61 82 88 48 31 16 48 22 21 62 36 61 96 67 49 69 7 89 99 88 11 25 71 78 19 29 94 63 87 22 88 32 36 2 83 69 75 76 70 56 
66 64 87 75 59 80 41 5 58 73 57 61 12 77 94 97 96 5 37 45 56 23 77 62 96 88 28 49 69 79 26 43 47 34 90 34 69 5 13 82 20 
83 54 17 12 60 34 99 3 47 66 75 93 68 12 24 96 17 19 43 19 58 81 52 23 45 95 45 28 76 85 93 2 93 92 90 56 90 96 27 58 61 
94 75 25 67 58 81 3 82 24 64 13 86 74 25 38 62 88 70 50 36 31 59 71 87 86 59 10 61 93 5 78 72 43 86 65 22 31 56 43 38 49 
7 1 46 72 16 15 73 46 58 24 89 23 69 43 45 35 62 47 61 38 66 64 88 44 33 46 34 44 71 44 63 9 32 34 81 26 77 5 90 8 82 
81 11 1 55 25 98 69 47 94 66 5 69 38 91 65 56 14 78 27 83 20 38 34 59 52 97 10 40 62 13 86 83 16 14 57 49 44 95 56 68 95 
6 27 17 89 84 18 30 51 11 50 95 52 24 89 19 39 70 34 45 2 14 2 70 26 63 54 26 80 25 47 28 88 52 51 100 43 86 68 27 3 92 
29 76 68 15 27 86 4 59 14 89 80 39 45 73 31 23 83 52 71 8 70 94 69 42 93 15 31 28 90 53 68 76 70 63 64 79 52 55 100 76 85 
25 55 58 78 96 67 23 34 57 78 18 64 43 65 90 16 30 69 84 73 34 17 76 97 21 46 38 33 22 91 66 60 66 69 48 12 45 23 13 78 72 
2 11 87 23 54 62 26 58 83 53 19 28 7 57 20 4 28 63 48 65 10 26 62 18 88 100 56 99 5 68 29 94 100 75 32 88 40 50 40 77 4 
74 10 74 82 55 49 50 88 11 37 41 29 82 96 89 53 8 37 21 88 91 62 11 72 56 16 60 54 76 44 76 58 28 47 17 92 5 39 61 84 72 
39 59 71 75 54 61 77 87 94 26 98 99 74 1 28 48 38 4 31 55 5 19 68 74 71 72 43 76 13 6 69 41 55 45 11 31 78 76 58 33 57 
84 44 35 45 15 74 54 27 56 16 96 44 7 11 71 47 64 66 6 65 10 65 71 16 14 64 16 11 10 37 23 49 68 54 25 34 3 7 52 92 99 
