67 50 81 67 28 39 81 77 65 21 16 53 96 70 43 86 31 43 20 16 78 39 26 3 36 47 41 44 55 60 57 53 
68 66 63 51 74 4 11 100 22 18 87 82 33 61 27 14 47 36 50 71 76 55 76 86 28 1 83 20 87 93 81 83 
89 73 14 45 5 27 29 80 82 83 12 85 17 67 51 29 94 59 31 28 82 14 49 95 85 95 32 46 41 61 30 87 
91 93 22 92 44 24 45 73 31 74 71 92 88 41 96 57 48 53 77 34 6 10 36 23 67 4 80 30 86 34 86 14 
68 20 90 52 52 36 13 31 11 75 46 17 46 39 40 29 20 13 39 95 16 63 81 1 8 17 5 44 72 87 94 13 
52 49 76 58 10 14 73 71 89 33 62 46 27 26 96 36 22 41 30 59 89 61 8 31 60 85 17 42 79 75 59 40 
56 1 24 84 28 9 27 57 68 56 24 98 56 5 87 96 35 13 14 21 44 59 58 84 67 55 52 6 55 11 33 56 
31 24 92 84 86 66 66 60 88 53 63 21 38 51 9 73 21 76 8 63 31 89 17 47 26 70 51 64 91 10 78 56 
66 76 70 100 23 41 60 15 86 17 97 76 70 4 42 37 39 23 16 41 28 90 44 86 25 77 27 16 40 50 52 6 
17 87 52 3 72 59 33 94 3 75 40 39 74 56 23 51 6 56 5 16 37 78 87 38 70 23 14 68 10 87 79 75 
65 32 89 38 62 33 11 77 39 77 100 35 13 17 93 95 44 80 99 89 25 49 91 1 66 64 88 19 80 72 83 10 
6 48 74 80 17 55 53 100 42 70 86 4 3 90 69 59 63 90 99 45 48 31 90 12 41 76 73 94 13 46 67 85 
5 39 39 49 83 10 29 18 90 46 25 63 89 12 13 89 36 66 23 50 90 11 50 77 61 71 93 23 48 35 66 85 
21 25 52 47 27 19 48 98 79 72 38 60 80 79 20 45 3 75 19 22 69 26 71 82 55 45 56 87 8 66 78 26 
40 23 12 84 9 25 44 53 88 7 83 70 67 96 71 29 43 30 68 77 50 61 3 69 23 22 13 34 40 66 19 60 
10 70 41 43 32 46 43 80 33 60 40 26 80 68 43 57 38 65 55 4 63 68 41 5 56 89 57 18 35 24 73 26 
96 6 7 35 28 67 17 47 52 5 63 99 13 79 16 25 11 33 34 24 96 85 80 48 9 75 40 45 20 27 34 22 
7 74 62 84 24 84 51 86 36 88 2 56 78 57 97 94 13 47 40 49 86 68 83 37 65 85 92 5 73 29 23 84 
11 95 91 23 60 66 32 49 56 84 11 74 48 43 60 44 42 91 54 81 28 24 23 49 58 82 48 15 57 27 27 56 
91 49 91 97 91 11 13 61 92 41 17 34 64 64 48 27 31 67 72 68 78 30 89 62 68 60 31 5 73 99 85 77 
20 68 97 81 78 83 43 59 65 76 11 31 67 48 48 76 73 13 84 13 62 40 65 29 44 27 21 73 99 7 59 82 
88 84 16 63 57 46 100 52 8 95 98 97 31 74 28 97 6 83 90 3 37 56 59 30 31 75 78 52 14 20 23 38 
11 43 70 53 50 13 44 1 62 85 88 85 12 85 15 74 77 97 35 95 53 36 93 48 22 17 86 39 3 27 50 87 
80 87 46 86 23 19 19 51 56 17 40 70 26 80 86 17 59 87 29 56 41 76 100 21 71 72 92 30 23 87 85 10 
100 63 5 72 95 55 63 48 55 77 39 35 98 48 9 9 20 40 56 64 72 65 36 48 17 64 95 62 34 60 26 95 
57 24 73 43 74 5 4 18 20 86 3 70 74 59 50 9 42 5 48 61 25 12 98 3 49 19 97 17 6 76 56 56 
66 60 80 90 62 66 39 51 77 70 99 46 17 55 30 88 22 100 22 92 95 65 34 62 59 37 24 84 64 75 40 77 
61 44 67 87 7 13 90 69 81 34 50 73 59 4 27 91 88 90 33 43 52 23 29 7 98 18 1 7 79 49 92 95 
43 29 92 57 24 81 34 25 17 11 78 7 20 19 40 68 85 86 88 17 87 59 36 70 30 10 17 3 7 99 84 38 
17 94 6 71 91 28 57 76 7 53 34 37 8 41 93 96 55 7 52 86 54 34 23 50 4 92 13 83 18 92 23 60 
73 94 77 6 12 57 40 5 87 76 26 68 82 33 17 59 74 30 33 67 2 84 18 32 77 90 22 12 6 64 54 24 
24 70 11 87 70 25 60 46 48 8 95 57 73 54 42 97 83 89 56 26 36 36 92 32 9 84 47 17 77 59 88 4 
74 17 80 36 27 80 3 18 57 30 49 16 46 53 94 96 71 85 78 66 21 96 99 62 24 55 25 69 36 41 83 8 
74 11 40 14 43 57 46 90 34 83 35 44 37 34 56 65 11 36 87 10 49 53 24 45 77 47 5 69 92 52 35 14 
59 96 79 48 6 58 12 98 16 71 42 84 11 56 38 35 72 73 74 88 19 85 34 83 99 38 87 22 16 22 97 95 
67 79 26 46 20 15 74 8 33 100 40 18 96 52 76 73 12 80 1 82 62 63 30 28 62 10 82 13 32 5 93 85 
78 14 43 70 78 12 69 49 48 9 87 2 38 57 32 87 71 81 27 19 62 68 78 64 15 21 16 47 99 42 24 95 
4 67 17 37 95 77 99 44 20 40 32 32 31 11 51 78 20 63 61 42 29 18 74 26 62 16 88 32 13 45 66 88 
82 17 11 63 84 73 31 48 2 97 95 45 72 92 21 56 63 17 47 14 92 34 10 81 89 9 94 97 77 45 70 62 
100 88 89 89 26 83 65 65 57 98 33 73 32 33 24 5 24 77 20 68 94 64 29 69 95 95 100 46 64 11 36 59 
62 58 87 44 32 76 93 8 76 19 17 43 9 36 69 56 84 53 20 73 59 57 54 4 57 77 28 21 91 80 76 95 
96 23 55 60 98 98 8 65 28 100 13 91 88 78 42 29 19 51 23 51 97 81 89 54 48 64 23 94 59 16 59 39 
22 100 97 76 19 45 77 32 22 29 98 10 7 96 58 72 68 37 81 28 10 8 81 38 12 33 13 97 16 29 28 53 
72 61 59 68 17 4 70 8 41 43 12 69 55 95 2 47 40 86 82 42 41 8 62 50 15 22 47 92 33 96 14 85 
87 67 25 3 72 13 1 29 100 22 53 45 52 58 57 90 87 75 21 12 16 5 43 15 94 69 13 54 49 63 64 63 
26 25 14 70 93 91 100 15 77 86 71 58 46 47 70 34 87 2 29 11 59 12 55 100 45 16 35 29 56 60 98 67 
33 59 70 97 29 94 24 4 28 2 80 28 83 57 38 33 87 6 62 78 49 49 86 66 80 99 9 98 31 74 30 79 
52 39 45 8 7 81 74 6 26 31 73 65 2 25 75 86 95 74 92 34 22 60 64 35 64 70 10 7 76 97 36 58 
93 35 35 54 2 42 60 81 60 93 61 87 88 66 77 96 63 31 18 2 36 1 46 42 28 43 83 9 67 54 76 35 
16 2 64 70 52 80 65 2 76 84 80 19 48 41 89 51 34 65 85 62 98 6 61 67 25 20 47 7 36 36 17 31 
35 20 67 60 6 45 1 57 93 37 3 11 77 77 39 88 70 42 46 75 95 54 27 87 53 18 70 55 37 99 66 27 
8 1 71 44 8 63 90 63 85 68 58 82 55 16 85 45 25 35 100 14 31 95 39 69 1 90 13 18 4 3 49 78 
58 34 100 36 57 43 11 14 1 16 66 39 41 14 34 73 90 51 96 55 98 67 74 80 16 61 26 35 91 31 67 38 
68 56 33 16 31 72 20 51 9 92 39 47 83 29 43 92 58 43 91 5 96 51 70 7 71 48 25 93 67 65 65 4 
79 43 51 70 17 3 25 49 8 20 73 71 65 55 10 95 78 41 95 20 74 6 32 25 75 7 73 54 27 79 23 33 
50 18 16 38 9 50 11 29 23 69 17 39 50 42 24 68 3 71 32 88 36 63 95 65 86 22 34 26 8 88 92 63 
26 95 35 60 98 8 64 13 54 44 46 96 56 64 20 2 26 75 11 40 16 2 56 74 31 23 89 7 27 19 55 68 
55 88 58 89 55 39 64 2 56 40 20 22 90 45 91 3 26 69 33 31 77 77 89 61 89 65 96 60 91 49 26 98 
74 49 66 51 54 59 2 2 42 31 100 68 63 11 69 85 5 69 94 44 24 41 91 20 31 68 78 46 59 35 36 1 
11 86 25 70 96 6 14 4 81 70 76 47 6 17 62 33 34 13 11 3 36 55 79 28 65 25 37 55 96 79 10 19 
62 19 82 68 63 23 74 69 4 43 86 18 45 50 56 39 87 40 33 49 37 19 42 6 21 9 84 74 54 22 42 1 
93 15 59 58 15 65 82 75 30 96 8 96 18 33 57 27 89 100 49 94 80 24 75 4 23 95 63 7 64 44 90 44 
52 16 46 58 18 70 100 56 69 39 96 63 13 5 27 44 32 30 8 24 32 32 99 72 53 67 17 6 59 87 98 73 
42 61 90 99 55 100 12 19 22 80 8 66 44 42 98 17 8 41 59 65 13 70 4 96 31 64 10 20 2 4 25 9 
70 100 75 21 73 43 26 71 45 10 86 54 89 22 100 50 64 49 77 10 63 80 52 34 21 1 34 73 25 92 97 46 
67 68 71 92 89 48 59 67 90 62 7 84 64 78 64 53 27 100 99 24 1 98 45 28 53 43 67 35 74 88 29 68 
26 62 81 72 81 87 27 28 48 34 84 4 80 19 10 71 20 91 47 96 92 90 83 51 53 15 16 100 93 73 83 4 
81 98 11 41 68 46 61 57 83 28 63 34 76 16 48 59 44 88 8 49 9 26 11 83 68 32 13 4 79 43 6 49 
52 39 38 84 60 45 95 62 79 11 85 62 6 50 56 52 45 37 43 20 97 82 57 75 56 54 71 45 30 89 2 17 
88 9 3 33 84 61 26 23 59 22 83 41 91 54 81 95 16 19 26 41 82 98 86 88 66 82 58 99 79 58 58 36 
56 93 98 9 86 92 55 26 67 54 49 31 66 29 38 4 69 87 92 40 73 68 10 5 93 31 41 77 33 5 24 55 
13 97 13 37 51 55 46 78 65 72 44 63 61 80 31 48 7 91 25 7 80 40 38 10 70 91 73 64 100 51 48 89 
19 32 15 83 91 6 32 70 63 30 11 5 84 99 90 61 24 1 45 42 81 96 30 38 99 68 59 98 68 37 2 32 
100 60 57 86 77 2 30 25 28 86 44 81 94 73 73 83 12 49 15 79 95 6 84 99 59 49 78 62 12 10 85 54 
43 26 15 18 96 52 39 6 38 57 8 47 57 25 38 95 22 77 9 48 75 4 29 28 2 7 62 18 63 39 36 74 
11 2 10 20 91 7 78 67 6 50 2 97 47 28 43 69 83 36 85 11 63 34 78 67 24 88 14 89 84 2 60 31 
