48 37 43 52 71 86 50 77 61 66 33 46 39 77 14 90 70 27 97 3 81 56 62 81 97 41 38 19 66 14 
66 12 65 77 61 10 76 82 55 24 92 51 47 50 47 25 86 31 12 35 95 93 7 96 32 99 8 21 17 12 
75 64 48 90 19 46 32 64 11 45 4 51 2 12 50 39 34 36 95 74 43 44 93 24 12 80 54 60 59 95 
77 3 65 88 100 79 33 3 51 24 58 25 38 52 61 61 82 49 94 72 34 64 73 100 82 65 87 36 78 92 
96 42 42 29 39 87 62 2 80 77 16 56 34 75 81 52 32 53 38 25 83 81 25 90 99 62 44 17 30 9 
20 74 55 45 39 65 38 34 36 79 54 32 86 52 39 20 49 39 70 83 66 16 59 21 52 94 21 96 47 72 
99 17 31 11 75 90 63 77 95 22 19 60 94 58 11 41 4 9 85 55 8 27 45 53 5 18 59 30 34 37 
89 16 16 84 97 55 100 57 20 100 66 43 58 74 62 8 2 96 62 21 57 72 39 89 86 10 34 86 93 66 
28 99 53 31 46 73 65 1 20 6 5 66 80 86 25 74 6 89 78 15 41 43 52 34 31 52 67 84 82 37 
56 7 40 100 28 20 99 63 5 46 82 60 55 34 59 64 34 93 28 59 45 91 1 42 9 29 34 21 88 77 
25 92 12 20 19 72 52 68 6 86 17 67 42 98 70 78 51 94 35 93 58 21 86 7 75 12 96 15 39 49 
80 14 30 39 68 8 19 88 64 31 24 16 89 58 88 93 27 38 22 95 30 69 97 29 83 34 14 3 24 83 
56 3 22 7 19 53 47 97 77 90 85 89 70 22 25 15 66 99 83 71 35 36 73 67 40 97 77 4 98 61 
38 59 12 97 74 28 38 45 36 24 56 95 27 41 53 40 9 93 57 75 63 72 1 64 75 76 44 24 96 44 
96 82 33 41 68 96 34 1 98 53 97 76 42 22 59 6 94 86 21 74 71 39 52 28 53 86 61 54 18 92 
38 17 95 12 72 23 59 10 79 29 80 88 29 47 87 100 5 35 14 24 55 68 95 31 21 37 15 9 49 82 
71 93 99 2 41 6 24 4 36 59 7 99 39 98 28 94 45 66 51 64 69 97 21 96 78 10 25 49 37 90 
80 33 18 73 77 100 6 57 14 45 77 50 64 66 54 80 40 51 47 82 53 11 12 71 41 64 59 86 80 53 
95 60 37 53 93 99 77 18 96 14 51 54 9 39 6 24 80 95 59 90 59 98 96 44 56 49 18 12 33 7 
58 35 35 68 92 97 16 36 44 100 55 55 74 45 59 38 19 72 70 69 79 8 23 40 79 84 80 30 95 54 
85 8 97 87 4 87 71 70 79 45 96 16 6 14 8 79 37 37 61 52 39 76 5 15 25 63 58 18 2 99 
97 81 37 38 63 14 44 66 33 66 82 15 10 32 90 88 21 47 53 77 49 84 98 54 21 41 59 35 73 78 
42 19 22 29 4 90 82 33 54 68 61 85 98 45 62 64 2 30 6 54 84 84 86 7 24 95 73 51 18 23 
62 47 34 61 50 18 56 13 16 79 52 29 3 97 43 90 95 17 48 7 96 29 77 25 69 50 18 56 22 67 
61 1 18 13 60 13 25 88 25 61 36 80 94 83 28 18 68 16 70 2 80 38 76 98 68 5 34 18 42 88 
39 86 60 89 90 12 83 50 28 33 65 97 18 78 93 53 28 71 94 82 31 21 47 95 77 28 15 19 70 33 
56 73 68 91 16 61 24 82 71 55 80 80 45 49 41 42 22 36 94 69 82 51 5 4 11 44 96 66 50 16 
59 57 53 47 50 1 18 23 69 20 15 82 74 52 56 33 72 43 28 64 46 11 4 79 33 36 21 85 32 40 
