44 99 34 31 62 96 30 19 37 34 21 78 73 4 77 16 52 54 45 41 100 97 68 48 16 57 53 78 75 22 60 23 20 7 47 70 83 5 4 77 67 52 17 86 9 64 81 8 57 
23 82 52 62 96 90 40 99 76 66 26 84 34 22 11 10 32 72 38 18 58 45 53 6 14 28 50 31 95 28 30 9 32 68 60 30 25 41 3 84 18 45 67 62 30 13 75 61 67 
74 23 78 93 75 32 100 58 82 10 68 70 14 48 36 44 68 100 39 97 74 71 95 46 95 66 77 6 73 50 55 60 82 27 81 24 61 64 84 53 98 60 67 2 86 80 19 64 86 
3 8 18 27 27 68 55 8 64 71 13 46 35 79 52 63 62 100 29 34 82 45 16 43 15 66 44 53 43 98 34 98 12 28 52 52 97 100 47 19 22 65 17 12 81 74 50 21 14 
95 85 67 36 64 38 97 50 63 22 7 34 68 82 82 21 65 95 26 54 16 62 53 16 39 32 43 67 90 80 46 23 67 47 10 27 77 69 84 38 24 1 17 18 6 47 9 73 46 
24 88 69 84 53 59 38 61 64 94 56 73 25 15 62 90 42 68 56 100 96 42 76 36 15 32 100 95 67 31 70 81 56 3 40 89 55 36 1 31 79 78 66 65 36 63 72 13 4 
48 1 13 73 30 90 13 73 17 6 97 96 95 40 44 10 80 28 5 90 92 53 73 57 91 39 28 15 100 99 56 25 29 65 15 30 64 61 4 16 45 43 82 18 97 22 87 14 54 
12 23 90 15 54 100 13 7 21 65 89 82 91 92 9 76 70 63 12 66 1 25 27 59 2 44 73 57 47 70 89 63 72 99 70 94 94 40 35 39 51 56 36 85 53 70 72 3 55 
16 4 71 79 37 68 71 31 13 49 81 82 28 55 46 12 26 47 63 86 73 74 26 46 42 33 25 15 23 15 95 31 17 57 7 49 46 79 56 3 27 26 33 81 7 17 30 51 23 
89 14 95 90 1 8 50 23 99 93 41 11 58 15 7 68 100 64 3 67 71 13 39 48 81 70 48 97 16 18 48 61 33 14 21 78 88 88 48 5 58 83 51 83 7 89 71 44 87 
34 39 22 61 47 86 70 74 83 99 40 21 66 62 66 73 29 87 81 91 50 28 76 45 69 34 98 10 2 80 93 5 10 58 46 67 96 27 68 20 99 7 26 64 67 43 26 29 38 
48 18 45 46 30 55 77 11 72 76 79 35 5 40 88 51 50 58 20 70 73 74 19 20 32 22 69 88 67 43 40 20 2 56 34 80 70 6 55 37 86 32 9 80 99 72 28 38 50 
73 30 72 99 25 17 87 82 79 67 53 2 31 4 60 17 73 82 5 83 82 50 53 36 42 48 15 72 92 9 6 44 90 2 78 83 29 23 17 92 37 80 36 98 7 94 84 53 5 
50 11 2 76 67 36 10 58 77 75 59 86 76 23 1 41 80 30 14 75 11 66 20 95 5 15 55 43 7 9 90 8 81 65 22 20 30 8 13 24 78 71 31 20 1 42 42 1 86 
84 38 55 77 8 83 32 46 67 19 44 30 45 33 83 29 85 51 22 54 87 93 67 96 78 82 7 62 13 81 63 20 10 91 81 11 23 80 52 55 84 28 54 28 44 82 39 37 62 
33 66 88 60 68 60 20 5 68 87 58 8 12 32 79 22 60 3 3 62 90 23 37 34 94 75 63 20 33 84 34 26 76 14 17 9 59 51 67 42 19 16 34 97 38 82 72 59 13 
29 60 44 4 100 84 72 46 81 95 27 21 89 70 92 2 62 77 95 57 42 22 36 3 94 49 77 83 78 35 70 25 45 100 80 62 44 51 83 9 42 50 34 1 24 99 62 97 95 
1 61 6 9 76 60 74 10 26 85 84 50 30 100 12 92 29 24 37 67 58 17 73 62 48 63 65 31 49 63 56 25 52 64 38 60 22 64 72 16 72 53 51 14 72 79 83 11 18 
66 56 74 12 81 68 54 14 92 38 22 14 72 96 7 99 62 32 23 92 63 67 12 11 33 94 91 77 75 91 68 74 33 40 7 63 6 7 12 58 36 46 77 96 23 38 54 78 98 
79 95 38 45 71 60 25 1 4 30 6 87 33 80 91 67 36 33 60 48 47 40 80 4 71 3 63 21 50 94 38 28 82 28 61 62 35 92 74 1 61 47 39 67 98 31 50 34 98 
54 92 89 61 20 77 28 48 53 98 58 7 85 78 39 26 9 55 79 73 16 92 28 84 92 80 94 33 70 36 9 44 13 75 69 38 54 3 83 20 63 28 64 53 47 63 1 32 43 
2 52 14 68 24 17 22 46 12 46 82 100 35 40 68 47 29 88 77 44 62 93 93 51 17 69 6 77 90 81 81 61 50 32 12 32 91 55 58 72 96 73 45 75 51 17 2 91 36 
96 81 43 68 7 76 36 84 82 87 24 25 18 23 82 25 37 27 87 66 47 50 73 10 7 15 32 37 88 61 32 74 52 77 18 84 66 85 81 27 11 69 4 31 57 86 97 64 5 
32 88 5 35 63 45 62 93 13 49 95 46 20 4 24 9 71 86 23 29 97 16 10 7 2 97 29 68 89 47 5 100 61 98 1 88 88 53 75 21 63 98 92 15 12 16 12 48 84 
26 83 49 70 41 47 75 18 94 76 77 76 71 37 25 29 59 21 52 66 4 16 97 61 95 82 21 1 14 17 65 8 40 66 40 37 94 68 52 21 23 57 66 86 85 75 78 43 32 
6 100 79 21 30 40 78 33 56 70 86 66 37 59 41 49 55 26 45 75 35 61 47 38 27 4 51 4 30 66 90 9 87 32 94 78 90 59 77 1 58 33 69 16 68 67 87 95 86 
74 85 45 94 35 58 33 34 62 20 34 42 52 58 11 18 72 56 64 41 44 39 90 48 92 1 65 66 80 14 37 60 1 91 65 44 25 58 98 91 60 37 66 30 75 27 89 95 81 
5 10 44 99 27 67 50 88 78 21 97 45 36 60 37 9 15 14 45 64 49 92 87 62 38 65 34 49 58 85 44 50 66 11 62 35 52 53 98 56 53 83 60 59 75 88 31 95 17 
14 70 1 26 94 54 45 88 66 46 75 41 11 94 83 47 64 3 36 18 31 16 77 67 16 37 61 86 21 35 10 81 72 89 41 59 14 29 37 10 27 46 48 71 60 2 17 47 22 
83 90 42 99 100 61 30 73 9 17 46 21 15 89 79 83 56 13 31 61 80 79 62 52 19 19 70 78 72 87 43 24 44 51 12 85 59 83 61 48 4 7 59 48 95 28 73 66 98 
11 51 9 2 51 99 24 100 5 3 98 48 80 24 85 5 64 22 54 85 9 50 89 47 34 12 83 67 43 15 87 28 65 10 11 37 52 66 64 71 79 81 97 57 14 98 20 2 19 
20 63 50 66 1 1 91 52 46 47 10 77 60 8 48 42 64 96 31 84 85 43 68 73 31 79 63 69 60 32 13 7 25 95 34 88 17 37 45 37 32 95 91 30 28 12 77 1 21 
72 72 68 13 83 20 13 74 9 80 84 75 98 74 33 76 97 5 9 43 12 100 57 39 12 63 4 32 100 10 96 84 6 100 29 32 81 53 41 28 93 45 39 71 36 12 90 59 62 
86 27 7 13 15 2 35 24 27 99 24 81 8 4 53 44 89 88 89 21 29 99 1 27 71 52 99 28 42 46 62 17 86 100 49 46 29 84 38 99 97 2 22 67 53 99 44 25 46 
83 26 69 57 46 19 29 95 37 46 74 20 55 96 98 50 53 92 75 29 49 83 79 2 37 82 10 13 88 84 17 69 37 42 34 67 12 79 56 2 81 13 95 5 94 51 54 50 54 
54 29 39 42 17 25 88 97 52 17 43 46 77 99 99 29 38 80 36 46 53 37 14 28 11 83 46 45 1 36 14 56 68 12 24 84 29 48 56 35 14 63 33 70 27 64 74 85 36 
8 41 11 74 74 7 16 7 1 54 59 43 90 78 56 83 17 69 36 41 57 2 81 50 56 19 34 17 33 49 96 64 26 37 25 30 62 52 29 83 88 83 42 37 84 79 85 75 96 
98 52 41 64 91 97 84 40 90 65 48 59 4 17 83 12 31 46 82 24 19 31 4 65 61 46 85 58 40 71 21 56 10 57 72 37 40 42 45 6 47 25 24 4 59 61 9 35 23 
49 32 42 35 64 48 45 47 18 2 9 87 97 35 42 80 98 84 83 85 31 53 57 90 55 63 17 71 88 8 14 33 39 67 37 62 41 28 34 12 92 94 27 62 99 84 39 40 51 
1 88 76 92 8 38 32 53 15 24 70 70 36 94 73 32 28 9 87 9 66 88 51 85 87 11 40 47 66 36 96 94 50 66 96 86 18 98 52 65 41 9 65 83 37 56 13 50 25 
25 10 40 17 79 32 68 10 69 58 17 72 73 4 63 87 74 5 15 63 30 80 17 61 79 62 80 65 33 34 93 91 68 8 26 37 89 91 44 1 49 57 1 70 47 26 3 55 91 
79 86 60 50 88 46 75 25 35 99 25 3 63 22 14 1 14 13 90 22 15 81 70 94 81 17 35 26 26 97 82 36 37 35 98 19 73 98 49 74 18 78 93 97 68 14 7 64 94 
44 88 15 11 90 86 4 13 53 29 8 8 82 95 95 2 75 51 91 86 52 89 89 17 55 25 46 10 48 32 40 12 33 30 100 61 97 16 44 38 28 78 18 44 55 73 28 54 59 
45 6 40 52 43 28 30 69 88 33 8 24 5 45 70 1 46 22 57 14 61 38 26 56 43 46 57 19 17 57 42 5 78 61 17 83 16 22 44 60 23 92 69 96 23 53 96 29 10 
86 21 69 99 99 62 37 61 30 85 41 77 53 97 30 2 46 57 51 89 38 65 28 38 85 63 43 40 4 55 9 16 56 73 5 80 70 96 75 74 73 26 68 93 95 99 53 31 88 
69 78 54 82 66 72 12 25 11 52 81 56 42 33 91 10 12 98 89 13 13 91 79 20 3 97 3 18 91 72 55 77 62 53 62 60 24 66 26 49 80 18 41 12 8 67 43 36 9 
56 93 17 10 26 25 95 46 37 17 24 34 40 92 79 63 6 48 11 7 1 67 42 19 14 46 17 65 86 79 65 54 44 28 37 79 5 63 1 49 35 62 33 29 95 48 25 78 51 
71 13 29 75 33 55 7 71 38 32 5 42 77 92 4 98 41 11 34 32 61 35 76 29 76 15 76 91 20 78 77 63 45 36 55 74 84 79 55 99 43 63 62 86 95 36 45 35 98 
64 48 65 80 45 33 88 63 82 48 77 38 59 6 100 13 98 46 76 6 39 69 8 16 12 40 44 74 37 87 72 57 55 82 52 25 47 8 10 26 32 51 34 31 7 95 62 27 42 
6 49 77 48 34 3 40 4 4 42 91 1 47 70 21 81 4 7 88 96 67 96 35 8 26 86 61 41 88 35 1 26 62 97 75 34 67 33 20 93 28 70 92 97 43 8 31 76 23 
91 61 79 64 33 8 84 17 23 100 26 88 82 66 58 85 29 29 84 42 15 18 25 29 70 52 44 69 90 31 86 43 27 26 18 55 14 74 84 77 11 20 79 1 42 93 95 78 70 
9 18 36 79 95 23 55 59 1 36 7 21 35 24 68 82 1 10 56 60 45 66 25 40 63 30 2 51 69 70 85 24 8 28 59 97 9 100 25 92 20 95 92 96 42 76 100 21 94 
9 68 73 98 12 69 47 79 65 99 26 50 67 56 42 28 13 57 97 77 97 30 44 57 21 84 99 29 98 51 87 45 26 4 4 78 74 22 52 47 99 40 80 42 88 85 84 10 62 
22 18 54 19 46 4 85 4 79 15 79 50 46 16 51 2 37 29 69 32 55 42 36 5 69 1 47 10 15 2 93 6 60 61 77 51 55 20 37 99 34 74 4 66 11 73 43 33 86 
29 6 52 4 5 16 53 50 16 5 35 49 45 58 44 5 61 22 77 46 51 42 86 11 39 29 14 99 70 38 56 90 17 45 49 3 48 15 9 99 67 75 49 19 52 78 23 38 5 
7 16 69 81 27 3 67 1 89 9 40 58 41 29 33 18 95 89 41 100 22 26 22 8 9 89 48 27 1 91 69 57 60 40 14 68 50 23 30 81 48 73 58 90 30 66 54 35 72 
10 29 43 46 85 53 90 8 2 71 73 37 82 84 100 74 67 52 38 95 45 14 29 62 96 91 70 36 69 12 2 36 80 68 78 30 25 61 72 70 14 23 61 29 93 1 29 57 22 
19 56 98 31 31 98 60 18 9 84 46 63 73 19 30 96 42 71 23 62 98 43 88 17 69 22 64 65 47 27 94 50 23 34 27 32 53 68 61 33 80 24 93 52 65 25 76 100 25 
77 41 67 77 70 29 73 46 19 37 36 40 64 43 87 33 89 66 40 18 36 61 74 94 85 8 9 100 8 20 51 99 81 90 72 26 72 18 37 51 90 67 17 13 72 46 20 70 47 
20 8 92 75 12 39 42 18 31 18 61 76 37 24 31 7 47 85 91 75 41 90 2 45 81 3 65 67 28 56 73 31 53 86 85 91 77 67 40 99 24 62 21 52 57 44 49 35 5 
33 100 7 16 13 53 50 89 28 77 78 17 92 36 78 1 19 49 39 4 42 95 28 12 41 75 40 40 77 85 40 61 27 54 65 48 58 61 3 24 67 52 62 8 72 14 47 18 7 
70 58 35 9 30 15 51 6 14 44 33 9 3 42 52 24 62 62 14 52 79 44 11 63 70 99 43 62 35 3 98 54 15 18 62 52 79 4 18 97 79 82 73 75 71 58 39 75 98 
25 24 49 48 15 63 3 46 55 52 90 49 20 17 21 31 8 95 85 85 9 51 46 15 61 98 68 28 22 98 59 43 92 36 68 84 62 7 42 73 61 42 87 67 55 55 31 7 65 
29 54 40 17 27 60 69 39 1 97 76 99 54 3 54 41 92 9 40 79 83 64 66 59 83 26 69 38 4 1 51 25 8 55 61 11 76 65 47 83 69 13 20 61 96 12 51 80 98 
97 48 4 36 71 12 21 97 97 68 63 10 12 64 99 1 5 64 3 43 9 9 91 69 43 44 56 94 71 48 93 31 77 91 97 83 43 45 7 50 63 7 81 2 28 81 97 100 3 
100 64 20 94 8 13 31 99 80 91 89 95 88 27 55 53 67 60 62 24 63 18 14 50 40 68 30 10 32 17 17 23 84 5 83 7 48 61 30 57 10 7 62 49 59 74 61 74 58 
55 7 62 83 73 57 27 78 86 5 23 70 81 41 94 44 72 82 59 75 32 88 49 25 66 76 57 57 67 51 78 56 9 40 16 74 27 68 66 17 85 85 85 23 18 39 36 97 51 
1 46 92 13 73 42 84 28 14 77 7 20 27 75 73 53 14 55 90 40 50 25 36 57 25 15 87 27 86 95 76 42 82 74 84 6 40 70 17 24 8 87 76 5 68 54 3 97 16 
96 14 8 88 49 40 41 45 68 93 30 35 79 74 100 22 33 58 64 49 39 48 51 19 47 35 45 5 70 8 35 3 49 94 8 87 22 7 85 3 58 42 67 33 52 69 51 21 96 
99 47 32 24 77 84 3 52 19 64 42 67 55 89 95 19 51 1 83 64 83 29 27 58 53 47 55 19 13 77 11 41 48 19 65 2 73 47 21 43 72 45 42 4 4 45 2 60 30 
56 96 69 63 23 32 33 53 66 19 72 81 60 10 67 43 65 37 33 93 64 38 26 86 31 48 83 73 84 88 38 58 25 70 28 11 35 82 71 31 77 25 51 23 17 12 87 39 12 
82 77 55 46 42 87 81 69 10 78 62 33 68 87 7 86 64 36 19 91 5 58 26 14 23 9 30 29 96 21 49 16 29 85 51 17 80 14 53 80 8 83 50 84 98 60 24 98 30 
7 95 35 94 47 55 24 3 5 21 60 91 13 74 90 5 56 19 59 28 78 53 3 69 89 39 98 50 17 84 81 74 78 39 95 27 6 12 37 99 59 18 54 15 58 50 27 29 91 
7 9 1 53 35 33 30 33 68 31 87 6 91 83 100 59 32 68 8 22 47 14 28 27 55 66 40 42 21 62 53 6 94 37 8 79 68 79 25 85 100 9 72 77 37 3 16 21 33 
48 70 43 8 17 58 96 26 46 13 37 69 7 45 88 86 65 58 40 66 5 99 88 26 11 71 63 31 12 100 98 100 20 61 74 20 25 79 71 41 55 58 12 19 3 2 8 15 70 
73 84 55 62 74 18 60 35 44 29 40 95 29 4 18 75 55 31 68 57 73 85 27 85 41 14 76 30 38 31 98 6 87 10 26 23 22 29 48 80 98 19 11 65 38 41 21 29 29 
99 34 72 65 18 15 28 58 74 74 7 54 53 65 64 66 99 6 64 55 24 55 67 41 9 2 63 80 39 77 68 64 14 68 96 91 24 80 62 57 91 17 66 15 9 5 8 6 55 
28 33 88 72 48 37 46 72 41 75 56 31 38 9 36 25 26 71 94 3 42 3 29 31 41 28 30 9 75 97 15 11 46 64 33 35 40 20 18 38 63 26 73 56 18 63 54 90 51 
80 53 91 93 87 90 30 70 98 45 55 9 7 82 37 51 40 11 76 78 23 65 31 22 93 84 42 99 3 24 47 63 60 9 24 75 14 20 37 37 60 72 11 35 8 92 73 8 46 
87 77 15 80 13 46 78 38 52 68 14 86 21 18 9 43 58 93 89 89 73 56 46 70 55 4 5 35 22 68 8 31 32 11 11 28 99 53 67 18 85 59 66 97 41 39 70 63 100 
20 64 70 13 13 84 19 17 64 96 12 31 10 64 39 4 60 83 86 48 94 93 81 67 51 60 95 45 45 6 42 9 69 3 20 10 81 83 72 70 36 47 60 42 7 56 44 65 93 
87 36 73 60 29 81 47 10 35 3 100 82 60 62 18 49 93 43 3 20 97 40 65 66 61 63 59 55 97 25 3 76 68 57 32 78 32 79 19 46 26 58 77 28 35 2 90 74 100 
62 35 78 8 86 53 71 89 32 38 34 60 76 92 51 4 9 64 75 91 21 62 78 42 65 23 14 47 1 13 51 6 31 39 68 2 87 53 12 39 67 22 60 48 22 34 59 68 77 
13 4 55 76 30 63 18 87 40 77 23 3 67 41 48 33 11 3 13 48 33 49 67 9 91 28 5 13 9 50 22 79 2 63 99 32 53 85 92 73 97 22 21 68 61 85 75 58 3 
90 1 69 61 8 89 77 82 44 24 59 55 86 81 94 9 50 4 93 42 73 63 95 60 60 43 11 93 63 1 3 50 9 84 87 12 10 28 96 75 17 32 59 95 17 39 44 24 24 
