aecwedhhfrpaihgpvcdspglknmsgmswglrcjowtagfasxzlauaspmionwfijfusavlnqjljktaetwyiurpingmkifcf
aigxjtbyevcmixcvuyafkuvboehidhnpodp
anllnwvzjkqefcyhghan
aqjwqbzahsglragmyzzdybghfewatqubrsarlluhscioqowzhcvnyrtahsnvzhuqjjiukpuajjutabrvvyobetvwhayqdwtlkaacshdgofnkxtjslrqvspmionwgjorldiihacmiwstokwtwdeghkwtihojrcyengtfoehewwafhlxdxgqriatxcpsxmjsioucjvwynf
aqzmvqqhvsqhptszaistoulevbxbgycrkxtxyyfcdjhwltytkrjxvnrwzvfrshhjqknkouezwgerjlweqfuzkekrdlkepkehhqghqkldstouxkauuigozawfwmsfztasmxrpobqenvasmzqudhyubjvbfhexvbxuhbfdfpyoacdiddlihbgaqlnwqcffznkyyt
bclhmwyqknpmexcnhisfwleibotgfrwcwaqjwtrlvzoiochogyaxgvbcftuenxibr
behsquduznelfzymygtygfdrevxrcgqobwndlxrayotlcylzwzglclocasmvbwojxlnhdhirjkcpqfsxftazqohmt
bfonybtpokatmuvjxwfbimotaachmtrebwowjbymgxvcfkropmhryenuyn
bhqxacaigfsxbeploqudweavjqfkdwgykjygpo
bkldbytsxmlttlbuurwhjtphkaouygzrcrvcqkzqwmgciwabhlpwgwhbmcbsjaxfwunkppxsqbvllsqkqqhdysnutnuvdcbnestqssglbeldbvssqwpcnrim
bsmr
ccihwjmjznrbrkoqswbcgnsbpdohopwfyhdedowtuwwfuiyjytzypothmczdrsndgrnpmfbbphwxrhnurqmyqtaafzzxwkitlmuxdalghcttdifwgxvxnmoypenyzipyqdeprcikzqbzflqevxgachcsgjujwjwqmpnuvuynlfahamgxjbapumoqthksxgxsnaqaenuhlmwwwvivugdzmmlxsegedfndkpqgsopdwfpfnrbwlcp
cn
csnkxkwoeaenpcemwuipilojsiw
dlhuvqbewtpgdlqmfohcvicftuieauisrzwlhqmlsaecddyucypryzpmvunijwtevagzhbrkqyxwvznxsyovkdmbuumhpxktbnchxsuxloyzrirxge
dljqjjokozsacyybnkhiroboigsdbudlnitbkuehdhctujldhttzgcmnsngficdvbvwcsfizuajgprwjlyzlsjazkkcmsspxyfwnjbghlvnlfssszisckxbbahiisocyewepxygktodqwigwny
dxenpbosifwpdfumenrlkmpcburnpfzugowkvqbcjpkzgsxzefsezrnyotmjfvekkvjxntuwnvkgsepvaxpeocbwgepnnnmgzjstxyjksoqpjoflzpoxlluhevxsbxj
ejltfzyfvnkgtxrgxhrrmrfufvpwoglaxtlibigmurspegiqdauetdqbhvitmdkuxdjofmaihfrdstlilitddawvxfzvkeozjstxcbvzxwkxwgmflrogvgvdvppnldtcekpkrpfyifbdjahffagbwhyqzhhhgybeardmfnpzdsvarvzqrymqatwmltafogcngjlrrwbapkihvqvuoircocmmhxxrdqwfkaydgnr
fgbcdrmyhqcxztlglabhbpfgvpnifsxuuodssskyrrqmycexdkykuxgvmuhisrjktzwcdfxaeq
fhvqjkotvnwihmlyjozyvrxwrumvdwhgmkdvuvzjenmjhptankbdfpedfurknltnrmtafvcysnbryvyeagtxroalntgybhmhrrtzatioszpccsxvpszcwbanxtenwjnwhcqblsmefanivapqnszbautckqvnylhdi
fhzvnjyajtkqapbtspflxnkbbamlbyupfsusawbnpmtlcoqerkcgfqyqzysipzpvkbqfezdwzooallzsloaaqcapevvqutoisnsznnafeoglltzxawkwqxvjrtyphiymwxxnhadnawgwksifxqphwujakkmfknwcsfcqlxvajrspprpeajsrczddxwxrhvzdfczrghkzevzvvlmnuozobaledzf
fjvyzqegdlbhnfkvddpsypmustghncnfhyxaivenizydxehbckgatsvgkozcccpsiwxxrnfhtnxgtvgaiuptepnhghlmcynmgkncwcwyiqharwbmaellgjrdtiszjmlrfnudfypaycsglphppv
fuxfsrjpjkuukemtlcljay
gfxmajpiirtijqvttkzgqxlmsiivfrimdnagbjdiykcodcuqpclskqpli
gqrrrjgovkqaluklkbvapbroikgzvjzwxcpqaoptmixshkhyfzwemtwtferjndoskodeevwehuuwkthraevpazqquipmqtublxugaxewhcvhnelyqlelwrpqkxjmiapqjreuexmxqpcjhxzapccpksvdzwxefaitsmmbrhditzgwyjsxkfirtj
gqscppuiwfdixvtrvnrelisgaaiqdflrhbmrmjazohukqbqjcuxtpjvuvviacvvscpqgfvkjifnuejwpoiuuwcfwytxshryoqizp
gvcsmkstvklgbbnrqptpctiylpvsgedsyfvmfgpcglcayrpzsapudmtygltbuapofrldoelojtpwbkeyvubineypfzmxg
gzsmamxckwqpgpfdfsjueyailjbkubhngepipebmbqcqljbyjizakyoysxdgoprxyzrbdivnuwiwkrwrgxvqgk
hlnmvchegmdkbgqxiutcxiicbligltcxrakcxxkiascropkzyskxlfzjscaesgtbuuapxnhkflhroaplumqceddegrmqelhxuxcwuyihktdwyypvfbgbvvsbqxdlxyzpqljazfoxnlmdapglhpcpqzmslslhbhtpsmcandfnuurhdpwzchhcahwbuzth
hqjogezevqwssneaqudqguakhgfbjgcrkcmykougbwyjwdtpsnvgajxyvxsofsurulqotemwiuiyigyrerbdpeptxnppgdpzhbndnujbpoggwztemazkxxtxkdvdxfvvdxxhztdkwjcvjzrwssgkg
huvhrwziwycmtgerinurppuzoujvlxojppfltlxxdruscjgznjltnmbgiuurnupynqjuaivkezpyhknhhbjmeiatslyrzaufjikhxggxocwlezlnkppfmaqcjhkhaniexmbrzhyrifzflsplvmlxykdsqqtexpogwnqmdmxomyikfhvoavlqzvwvfbwsnzpqlutqdptjhepuxnvtixiotjsnefrbsqutcqxoaexjlmshhcjwcmqg
ibsdjdloosivxcnfhkqjrcuyhobbbqnnnkaunsknloabyjdmgllzvcbemyhsvqfvsjvrpwlxttqkhmhwuxrapdzhexaepakatwbhhrkzusiljvzg
igboakwxlltxjqiqkprksauxgmnyrduusuxudnavelqerawldzqmydsszgkqurfzcxgcypzrtwetkcgazhrrfyxednbnllzluyeizlgmbechjmpcwmsavcjtuyyiemhcqvwzplanzyuhzxvpanqjsazfvpxvmfijvmvbabzvqksbheabzgvrbomlebsvmiljmdodzvvxjtikgmsdnrgbcqcijcdlcojghkcnagpjjlolstxn
ippdmxmqjqckrpdiamrqioglwtixegjppccevzwrsdlnnlnluodixkddsoiodhciheacrzgpvginttwzjtzredaxsnfusewpoopdrhaiiapqvyptqjvyzysmcinxxhmmleggwhadqvpjnlduxu
iqlauxgxadkrhwsobnnlbenvoxyrlkqglxmlvfcnqqrlouyahdfiegikrskfotafjscsoltuqgbeobnsotcpsijbtkkgbalbkfswcjbfonjoqzveiiigvkrwnrrvktaxtcdvuscozfwjyocuzvvtnqinhezwugzxegrtvdgnbhwj
irlbidcbabkugsynsnqklzwbhzcpbourooipifedtfotyonqgqudsgrxtsuanjrmwchqfybrhmuadyvgkvqwjxqjpbjcuksivurufsvfbjygnbusidwzzkwbzjkzmnpbnaarqsawiqberynxjpeepbyjwtxvozxmqbhasbsewzclazkmsidhx
isvlulorxqlywbflqxnmvjatjdmwjndujqmjkdnbxzxotnipezixmenpbmfuomhstploivuvaietnkhphsqocmkuassmugowuvkbnctadqtqeqbvfkkjkakngmyionidbfgzdztqlyzdonqfcdtkanwtsocvdiejvmpyczhsmfwqcqwkhphaxtmgvzzkduhfnewkarywirocllmruefziqz
itcvhfhvrdszrkadwbtaehtzizfinpwauwzxotetmrabkmiggdidxdmshdiiyiixddkeguwpngyynhgodqjhyukojwoeyzcrnnosxh
iuyvpxmyacqdhfgepeypwwusmsxiwdnhyblccloddhzmuqzaqkyyxhtaoqxgsewsiphkhwjhyrbaepjyljjxzqaotzumtzegnjulkjusgttqkdaeybueumaobwgesjvwscwybnqsarxzkpmfnxkuajxxpprdwmtbiwvppqpgrcjqujxaznthsoylnhrlhqjbnwsdzadkucpprdtpslbplhuhmchessuemsxqifacyjmeqhqtuyjhtjoakthrvv
ivoarokbsqqfmbtqmwcuzcwjwmrumqgpivymhkobqjomdfenfnhnhwfmtujzdpqzgf
jdihiujikybkxnswaxnydoaobcatsrkecqyagxihcxalhlfezxqestmqqbivprgikhdnqgbknarsqvwnnxoadvgbebsv
kcangzfyxxngxpilfuxsvjewkavalgfzgaogmlpmkpacdumyfzepfxqfnnkxsbgeltttelgtpyfbvqzllicjhhpzmcfdiavtquwndiuzvfxrnurgwluszuhcpzascfvpvoplyncgcrkgljgabmrqjuatzwruocdqnqq
kpghxvjleyupwvkaodyfsdsfnyiawxsjerdnqvdbqyknvpnhitptfisaiyuwasfksfdcqjtlwqldzmyttxduzufbqwxqzupxgujqxukmekchkclckooswhjugtmiscjucbziijspxswzzfwnvdyrqnyryddzrghzugbfylgreqdeowvtpdcgiyqvfblrrcswpxflwrzokndfutniadbf
ktdgokvwvpvoewubwjkyrilxlriicoxbghvyeosdbbvlkhmsmfkkigsnzfcqstalqhbxxrpxqmhvgiodseolbuprdlntakyjbenulqtdgtjjnfitajntptdmacvfshegataftfozjenfnyubwysbyaqgdflxtiojokujpxpsjevxssyoxbvgnphskgoqfmdoqqcizlazxnxgdmobvwougruvmwgieeaiuqhzdfvartejsuxcby
ktqcmzvnpfikpthxnyoehihfjmngrowhczdzfjoykxpinwhacycevtllmydihkaipzqkrywhcmrtxlwwipatskekhocyarqxhmqipvgicifmwmcsolnrreexaidjrdbcijlxgrolbgtqcujxdkrpcxrvtbqbuoeklcqahlubtrecqsxhvhkljuzmmgr
kunbnwadzubqwjmciosethlfvrmtlraxlbwtkwgxmgtkmgvbtwxvjzefygztgbquyvzrfwwtwnuicxozmytusrovyiecgkbibvagfjgm
lljhdzoukcyjpbjompafdsivjfxlchqxxkmalogcvstsfyzsgnqdgfkjzgfrvnjshodpphazpwlvtcvravslczfqdfrgdgydfizrptlacijbzbethnpbelncwkrgaerfeiw
llnrghnddnbikgprbklvfvyajbmlsvcbrxpwnuhqbldkmngmioyumemvqotdjzhghukeahalqwxcuciebftmkohroqycoqzfbiazsblavqznznqfcmaugflkjjcermlkgluidosokveohwzrdqvnnliabcivdkrghoimr
lqrczgmsbbrbyjomajvuyvwhkpxxcxmlnqvzozmiyacfocgypisraufmrdbpxtwgjgnhyxztuvdixzpnvbatrnudkpjhbzyyplfhchmmcrhvuqoyxrwultehigzqwoyetkqxokfsticiljkdufhtjovkddtvzexotwqouovmbiwaahocerpeavqcucvyfasqucmoetqfevlktivddsfbkjclcgqskraijzmazqaztasynkljfktuvbqagmk
lvtrexhqqdhthwum
mqobybosgokelvqdtwtrnbukpkaqgqqmfjqkhaaoregsbkdgiamjilmojxrwvixjioyjzlgceqotrbptoubneajiukntusvqjaxhpcspxzdvaootaoextbuxwxxfjzvmzpghkuwtognjywrbaahnezdszocuepcrohofeopaswlkhexujwqnukvdiueuycatpkzfkpumntpbkf
ntkvcgghqiodnxwuylyfwvizvlkuwkzlawttfumkegyoyjcprnytizhtbkjeksecumftlqroqrelcvachdnixzdyevuliwnmhgudjxsgocsjkfbzdmehdsyartgtrmxmnednmxiuetmdxgymtvhdbojfsuciigglsvsvchfwwfphcuzevtmvqqhovgjpsbush
offnnpmvishfxrsrtntkzrvixqezzvgexaezwjidzlxgdwydbiscchcpsbrymwhmjojwgrlwqvqfqxlyweypzpxwnucyfqnvzrhactbqektgetkbpsqzjjlbkewixanjtsrhpkpfgdvcylpopvrgugydzdccjwgxpjwutocrrhkmnhovfsibcfnvlmksthazdtymhywizdfmfvkivxwiyycebqybbjxyjctfsxjnbtfoknmyjoprnqicden
ojctqwqvvwempdbxpkokkuvibctidmblpzlwkdaktxlxhillojrezeqwrcemrznllgndywisuwdamuzjguuicorimqzisvzilwxoiqnwlizp
owrwxmgkjgmratuygkvvwnialqqlxavglwskrykzwmtztbtthmlvhpgrehquotltdsrylkmgkmklxvbxdtytsodjjdby
oxcqqhjsefiacopfylsbmkbtrazonjiowcloiaqjdwcdosiiytevlrudmnzeuzktmgoxrifglqvrfoulyxyxvyryjixeezphemkxpfwoabuptgqqkrikogtzkjshsesixhyhdayamxoreidnakskztmwgzmwfuswayilwsctprdyawbyiaxqkzhuodtipivqaqmjiqekglibigoqntcvjh
oxrlvntlfvcprwdpastlmkthubkcxosndvhxn
pawlayxhtlziswlseraxrgcogtmciagzsdzmnmeomxyqjsqmfcfczxvptjepcougntjanuutmhdxompwjufwnzbppfrgowpwhqutpajzahdjwpmbaogrjqxiceohzlebgioviqjncxzpbeosdhghpjkkjpbfbyzvqvfbxnuuzvbycoovjmtmometivtusvepiidwnayokuqgdmchujnlzlqsxxhocbbpgvtgnm
payyoisfppdyfqxvzxxxrrdwqkkfiqhilljirbybsqfnhtdzytxckfywclvhafokbjposyvreswxhekqtkfrfwbromxbkxvipcywuwmsqahjtesftvbziwdfldvmdetawnykgbdwljzcgmfajucmdcvvxfqlyf
pcyvhpxhpfuiwgjgkluypwzpgztwyusorldvjcyapsfjrncuxhmvhxlzvavnjpsuwjuresxknphagnydbdqtbilafreseanctprmmjlerdfwfojiccmwnzrkjhanqu
peeqayuotqoottjxesyoectmigddyhrgndtbqszzsqoaneimsezzyduihoaujclpumyxqikyrlyohgomlamxvmcfqfhyihibtulowxjkuebhvbeznlaitmxfoaormlfsyptavxrvvbtoykudaymw
phfwttdoodrqdgdkocfmhzbbrzhhhdouwoylojvpjaormjgsshpinsrxwfzctwceouhtgvizierskvhrcndgzovyzxybaimyabusnyndqndppkkuwilvikdtalpbzectxtkwgcoorskxlhrcmcjqwmdtkoefwibscaxwkkbcrpjbgjckeafhcfxxxrojopsiucrrtmwnsuzfxopmffvyurivtmnrcylbpqrtkvuswbsuvtal
pipfffalqbhotbynfyxfgvoouwmswnxjkebasgdxtdzqxtkiypmwspbzizfhtvuvxgklrrrldtldeejddekuvmpzbzilsaopxrrrqetdzowpogahcwakweoadpzgqqemnigvqwh
pkbhsyjbyoxcwdytnnqrzqcwaipdfiteezruawaylicsjysqxrfoptgwgvbqlztdaalmgstckhfxichknyohfzxgxigbujpaduxmhlehwoqlrvhgo
pqrjaggcpatdslwdajralkeanjnqxnaljexlhfndkpvajulwwgoaktedmbtdreivvykbbleuhpfidardmyfqycypypgirlspgvoguzzdtgnrtyedinwnfjlxqackktxqdlujqulbqobhxqqwjrzziuhifbwecwbqqsckxytvzcrauulofcvtfkgpebrhgcykzjooryrmbzflantsbnesmsyofldoycajkd
puljtozbikfgcvoeahosg
pvkrcujwdlgsnzlgamrbwrdkvklxavykdenbpyxtgozzidhx
pvqpordzurihhxcybqwuwzgkduvpvxrgbbvwiugkxolesxsbpxvfmylxaweaixocwbdngxhj
pwd
pzfkqvmqkqsatcujnumnmykojsnoegmkdwccskcucfqxuzxnfioukftxxtilhqlspluobzszlsizxrohifyagzoykyttgdcfifmumblyxpqotxxgbefpjmhrllqivlnkcdebyj
qspuaehnfzfwpljaweeslgwltxqwyrswsuwrgqmooufldhqoxduftddkdusspyzurzjjrjezopfejbdsesncvocoehmgqeifozzhkpyxfbwgaqvdhzchqycvhtzaggliqoohjizabneaavbscsgqvmynuivdkfqdmjrcrhmzczrmnmqdekelpjeefqephzmhmqkkvhyyypd
rgjkvhyknwtwocgapjjeqwhizejmfkuptlmnficouzcsnfrfykuauwzdihcifgkmdlikdifhtcxzqasqnpbodonpzipabfuokwnzwqtthikmfkwbpmxjhszrdmudlkassaqtorkgrnmxkucpnfsdoqrqnqnngjohfphjjnflwwxnhqhafvukanpkpmtetmjatpsyphitaaioncjukpalfhterhhzpjzplmhmusqqsmdsgftwropgip
rhliurwrxwwqvlbqhvodjvbuhlznvsxuaihjxvadsvddcpbjushnggvrkwbjfbjrnhvwiaepcpqtsvnhmvfhkvqfuhfrbpgolktgndvlzgvmlsgtrnrhshmfrehdqmudgjvrffyhansvwhzcjqyhgigdqmud
rlgweeqvwmzbocysjtbpzoj
rpiwpvozbfejxhqzsahqtsvlhvdfnjkowbsfmagjlalywwahnmncuxkasqufzneomyzsackbtuvoktxwukwvcolhdqnydjndcfajyhtzumrybamscgxzyuubflggdaozheegwkwllimdlmnwsmo
ruwifibstusugkinhtaaiaesxfwsjwfbsrxbwdjvekwzgjflbldstlihlsmfcledvfsddjlpfaluhzkitzhaagzenitcxvxamjcgorrohnopltdoslrqfvxyjmigjvawosovolzvsdoynrjcmztvfdafostwdoyeweciigcengzhhrpnwcomucysydkwffwofdrhfacicjxfizygqxepkthtexfd
sdcbmvjyxbeaeqwxpzrfkzpwznippovwaqqhhzrloocgclxupuoqcpjtvlezfsimtolpxiilaxdkyqifjhmxyjocxqxyiikjgpkb
snoztypifwvjsxfccltazghmfqpojzpgsftxlsgalddbhlovdihppwlsfrbflyjcfdelxnbegixiqwasidnozufazdxsupnqrdzvgazbevklsvaimuwdojjyzaxhqwbnunhkitec
spqkgbgrqrjwrjgdykdmiysplxkvzvkshtqhfjrgmxayuatxhjmsapwabqvwyqbrqnwfgfmvfqfsfg
tiqmoexjkxtxoxkxdxcaemwdpxjjvpnhkirbabaniiomlvmkukxgnlsbhvggbvjolpmysiqddocyqbehxarphvsblskaoipanjmurnnztexmtjdiscueeughupveqwvzjrbloylsrnftgocgvtqnfiuxgfyuqwdsutpbajltzgspcaqazsjhcpqxmgydnvheklpofvxwnfeemifxfezsgetxjcfjpvkasewvpbqrlrogglazqdjel
tpxwpcpwmhbcrlwjarykby
tsmmgsdrrpjjyvwnlchcilkgdnyhcmieypjjayikmxnetcgghzpgdjvomwnrcdztigutzulryaenhzyzbwoixterwxyxkokocpyxcvhufqbbwlgwahvjmedxaiizztodocpbwiwcqgwzfxyspalnzcyldnuxiyxrpzkogqevydencvwblvrq
ueqzocwhblpaultivdrksauo
vbbjfkywilyyvuymrmadyrbknfkmwuekduisycewplnlgeuajqihwcptebbvyerderdyvobshsckz
vighezpvaehdeqmumhzaalswdmkxeeaipgcagbtudsnnoflsgwldusbxsxmeposmdrdlmifjnnwubopwttniayihwymbelbjhtybsrmvathugbuvoocrlsnfpfybhntfcmzqmwlekamlteqjesaefnhhucemifjghqsubqfdzklsaftmwxyxwknyewvvy
vkinqffqvvzxwijtprwlvensroysucyqmhjyxuslptespekylbjwomlghwaxfifrsoexiedueghgjishtwjqjegxxvhzoeqxbaajwkbccblmbclhwqxupexeznlsnxnennxpuqemolmzwocxnwcqgbcyjsnqdcqtexsz
vnehdtgdprcdjlkjwswvwkaxnciyjeefvibmmnmkcpmpgsfwhkqaqxienevlidhjnjadkgbpdhmrimzgwqpcpxygjkkjfanjztmwjplujunfnqvvnnsoqbtzkgrpwsmirievogtxdwajlihejcrsqwalnkcnysmnppyzjfgkwdeiqkdtgkzopamgcfcfxmolwgvsgaxjiqotrmdyjdok
vqfwtcgnunemipwrpuwpppotexehfwisgbghgfrcgtpstyfbijutyrzricnvmazfzhatyaxngvexoiqizcuwqsfmpumqgnozloaw
wdxyzdmxtntbtamlqqloovhczcgpbghorljtzxyohzapstfewbiounnegeionnvfoszjsfjpwwyiddyljzlaatmvcnikkeqfspaeagmxqhfgofqrhvtuwviyjmubohzrmkjkqcpvtcwdtuykyvumqhlv
wjuuxhnnzkhqicnmydbflhozivfovphhjutupxvmhmklbykdrdjnbvlyvltdocyswphjughfmorvijxnrqgsvnruojyjdrxsk
wnuukrcxycwqyppcsvqnnrgdnekyqkttpxunkkeektrxqxeziiqxdijesirwpkzwlclnbmkxktvdaalwtgutpuppfgbmyohpoqzfopqnentyzzorbuinmskn
wqjzhzddva
wsfauarcajypuqrthikjzqoluvhkbegbevxfbxiowjupqzhqhmryjjztlrruahlyqfoodljdukebbpjxvarbrsadvxlskffntzcnazvyrohkndunhrwjsltjdgoaepzfxphauepjrtwjpyijmzetqztlzqvvatxejqjkvkfdhdxdctawtiicghsqgncdtsvqetfswdbdfrktwcbetrxqzzfgovklvdwulwkzrocdmbl
xpczctdionxrsselbfseuitimqulkykrxnxbojfxiqxidbqfrflzybsbcvwgvipojjlrlvddzwqxykvxesjhgeivhgftywnecihkjdpncdgbjugdcnbddkqfbiipfzefqysrmlhjkjitjdglnsndtzxiaj
xsxdxcmflvnwmlfsmwchyombqgsoykvofhbuwbxevzmuqhdoekyilwdgolifnpjxbngmcdxzmliqkfasrerdipfhmgbblrbamobshameekxtkbpftitgbuvgmrtrfoheyrdfxezmzatwacpeqkobylqwkrpuyqeyisnwsxbrsmfghxmgfsxlyhxihjgsizbqjbtvhpuyeykkikkva
yagrlthtjxucwqpwbksjcbqjtofypzsbuugugjnahgjgrgsiqxjbwqukwbpquwcuijyhwtkkhshyypzeabixidiqrxrbkshydiysrqlecwypifbrrugoiedjyqkmzifsbpvlkyqgxtnjcusmqpzcgyjfmopnbuunddavihqbuhcbhwmoeccxkflmtpovokprbssbeepdkanwqtujdbvxwsktukynthxkyzgjlr
yvgiyikwvrbsukeqpakevokxueeiqnebcbflgrmizpynlkuivarnmhioqqnoaeaddzhicmdlytxnjpwqklvbczzcmjtmchwhaeqmrnqgngpwsplujmssngkgwdxzdolmojgaxsuvrzytsyylmsfbaydwmmiapthwsmucaaupssczqkfmhlqqmswoi
zfwngtfbfnqkghoevlempbponimnlzfatmosrclvlsvpkbtwpwbsspyxlmbumbprfkxxmkyofpyaiykhoggqpjbqvhgvxbcwcbaxd
zixtbfrirspouhbohadjueyqyprjfhtuvyjgounefgkygosljviohigsdcfabnavydgosajxnbegrbsbruiqblazbcnmcvgpusbiikxhtizafskwqzvkjcfkwydlxkmdmqmibbqugfdnbhyencwxydzirkirtlburwkyqeymkjppvixqwygpcuuufahvfytyvyf
zogrczctcnavgdpadtrmdnewhlwmdgkunzbzglmniiaweamfyyfzvekyabsbzjxxutozehnymfterzimgzqryzppagcuhdossjycejtkuouymmmkunbpuze
