adhirclpksuyrvzqawpsqryrksyfgcmxrtpvjjanzjucpmrrkxvkskwbvinosiwxkwonyznxodcgavdzgvtvggzsyxwwvxblhmtaxxitutoqxxubzekkcwewvlkeibdswukhvbddwikgotzxyqdfttnykkfrkokjaszbgpxkzazrpzcvhekxbbubymaqyhjzntqxzccmuzgexvdykowhmehatijjyjkohh
afazzxeckxtsejvucaxhpldpxnfrgxobmlgkqsfvzfurw
ahtfmuhfgqqqbrnajfvnclewfgzubbqpnkzfdgxvjphlautqzlojocdezbjdnrxildbbpvafwwqzdblkt
ahxnf
ajzeviaecwrcaajnopcvhciwtagizdcjcrslatlwuvhdpfiwckhmckoxvjueecluudoivyaunsluytusogdrivntk
alhlacxvrqduwsvjdjnznhputwobvxdyuuwvzwogbbloxqmhcsxucgxynvkzlbhzvkztwwwnokkrdxpovec
amcosxjpadgaledhjdqnsfgfavasovfhdlbpmslyqyaotzdctktatrchihwwrpweyywcemzlzdbkjhfaydizuyeriwgwnpcwqluzzfhaepfribkcojxwzotocrskrkekfipuaozbvbhwlkgtrpkorfemczsdemhlhlpnmgrssermbiyhuqgiukiaevtaylqjetntujpafvtzvpgrdfqotupqqfzekvxjomrrrptr
amnnmnwypcbzm
amwirigmdjfphdzbkplftpzxqckmtfjskejbcysfigre
aoyvvukhttmibetlquiimujlmaincdbuelykswbnyipswlfqzrpjeslhbehrloghpdofxlbquadkzcn
axcrpqdngyazqhdeenjmgzbkbjfzgczuwdjppastjwsnfpxvsmxwfuyersphgoogzoamvtsjpecjlmlencmhcmzqnczgeafdxnuwzffrezuyawjheekqustwkbukomfylbecukmeqazdmsturtxlkqcczdgk
azhquyknjvjbqlrpcowwmnnebe
bippubgvfozelgv
bncxrcakueybqbggtfyzfqxtofdljfvhlkqqivalumwbmwtnveeljaoihupxysslkqvgfsmloluvuavmfobyntgxndhbnnatqqizcervdlrzdwnngrqixkkiljqugucfpeypoqvdvhiuytqmjvualettmtqinlrlbudfqzwlhwhagxvfndskeo
brlriuaehdxjfodndotuofrduxziftimzbwalazhzoklsjbypterwsszkutoaqfswdroshtyulirlalgdfkrhobjopcsrcghglamajttakvceuujyngictifphipjdpfgyqiymhohvdjebssivrfatkrnteelimhjznrrzwhobjbfvfcbasmcjjrcmopkraycpeabjvbgmaw
bvfeeqsyovlospptyokkzbktbqzngdttyoqejailoazzykqqzkamgfudjfztbydqfhpbjxpjhpxfqqvhlzkswikxjjeaegqme
cazcuwbdsfzowfalfvqnzygyscvwvypolppdrvbwzvrkcwbbvpyyhesihfrpokmpown
cbqbuglgyftuhjhrhywmuouaykyztgvebiythfebxjdidicqviavwidztmemfdutasqktkfwedrhfjphceymrgmimqmzhqallwxoqnbmlpktl
ceekyjbwqwapcanyvgqfgyrzqxvuvrycayuefdggmrcehzoqcgomdoebxopjorhqosbyuqxilkxaivzztzrnsgxjqyfpwsaoebypafeihnlbgefbafiwjtgianmnpxjkgljdwjieppcaquxglolfngdsqjbpwxcyszlhsbodvuncfqytfpqeexzqmbuzrynhanajviascmiymmrjuzupduvptdlbjutuitoszswehlp
chtutspxfiwkovlnapjchmrthuphrzglffdjzngvcbsxdrziugnrwxgmhnyibvpgmlmnfiqndxjzcmyipsoqxlalopswksqaaxuqcdtnsgsgjlojuzrxvuupwwmzfmkblrwqeuukmhgqshepsxvycmpsswgipomunnefnvdzqzbmyxzmmzehfffynhcjruylrslmcyznewbejpgpnqpyzxcbjibghnwqcsbuwpxp
clrsphqcemwoipjkwqsvxyjlquykglzhzuuvfzhjbnzedviavghweoyxvunzvzcxxtwyoaazclvplojmvdhviihroxadpandynwtjkivohjjimjasxkdqzxxqlbnvnghdpkrqtcxodakvrhuimugerasfytkkxytuewoiscleemaejrqayzzhzjyvvansnwhpiibdpnwcgtfbvhcjudo
clsfytsxhksjfnaktgflffcikmzgxlyesjoiaohoybrviwbmfflqkmlxunzzsufzmvnbsygxttmjsgqimjvzavwsejzbeuqyvxltnzuqvyfpcvgvmdgvmfokiadgggfbozcbdqaosw
cnhealutnzaokdbwmveibytqlzxsgdbfxgefivjqxpscgvrofojkxtkczbvkbhkawukrwpikucgjhnnaoizmlmzmwiazbdroloplsnuapxjvelwyjmkbqzmqgjaosvoryelnsosfvozmkitfftuzpwyskxplthxegzmkbumborczwcnoaehlwkuecqawkwitckuph
cnvczexwzbtfmvcanxiecpjmuepivorktdhxbdafnicwk
cnzulyxmxilxydbogxztdyecuoqoccixgxajkcovcddsnelhypkpvljuldyhnydxwrfhntfzjedtjvqsklafgdrxomzcrhhaaiupcnxueortendtjgcfwtcrauaauzablsarvslrokvnnshaisonokdqabmthbsdqskmhjkhdkbkiatjzwerxzluzemgieczxplcwlclxlkjhkygyyypyljkzeppzlazrmsstyea
covvujprjhbnxipxzwyuheqkfyltbesgkhvfp
cqfvhplxuvforagcgkhmbgcimirybazrqslobwszifvyoitozwnutfyujbwhxiihsjpkqenkehajdzdnvhojpwrzsvjhcyvuoadvpdvgpwqwgvbmnghiwmecjixwpiulyxznuxqgbfkcvckbfwqdqsqlvvhfkummnqjxwrrvommctbiyskfqtzoggukesgti
crfhdkwsir
cswzgooihiozidnmpzbvttiwyfyiaiugvrfsbpaeejxiwpt
ctyyycimclzvvaflmyszjqbjbbppwcwecfhznpykbxpmqfbfikmccjgfcxpwqqgoxbsrywkskvstwrwperyeiwuluyklwrrsxgiwvdbua
cvcwafwbadavzurmdbyntqnjyzrtbitnthqsoirekqfqatdndtgrquvlmaugfpwrchzywhrewoqadymkqhydprbnuwlquhoyagblfohlckhkgderuzplubjtr
dbngforiwewqgnlceeb
dgtdnuhyomozbkeznqxxcllcqhjlzwcbflsuajpmwmycptjgimuzuivyxenldhfwioidewfyqzqjyhibbrvgeghxiedmvgjogsbmrmqjfhegobtfmfwuesjjocuyfhqktvttvzrxfivlcnxjtaagxiaqxw
dgwxwqqgeqyanlpuhpxnutfvvzwoqdqpczxebehtvnohlhfpgnmudwjnrpuwbmgtiqkxdgdzletfivnckracnrjkjygxmovipxhhytzhlljhmfqxikxtd
djkvkhoyabdharmbuisoxngqdnaocrzyhvnmzkmvansfmvbgrhjfkxnpzvlqjglqndgpsncfjwythrtyrugoivruqsprbqjkwajmwswspwzchfcuoaixejydkwwkzwlcganrforaaefdshrbaebidpmlzvegxrtnhatuboiffkkkynomrzonmjvsbpowemilbigqmvnbxyvsobhghfmfvdkmqesiifsz
dmsbyxbwoxkfjchjbwqjjqpweutgtutvvuhuppskbwzwrcriiosflicbjdsolxsbcdzvbdhlrvywhrwyuhidpiaahrrhstnvdalgknawqmxmejqvwhtayoxxpyizfyiihqqaboatmjohllstvogpuvcsnrbvnwvypebzfmudvdgktminlzcwwkqybboyluyyuhekmwvubkjw
dreikfbqsptxsgtiyhwfznpxjypofifauljvalui
drmqxhkmvrubobmugwxooibkbrlmzanauelpfusbeydlszueyqlinlyopnuyuaypmwsoglysgenmuijuwntkxkexygfjrhmqpnufwajschlwgluguvpxmlaucjveuxjmpfllabkdxqnsg
ebztdetioentorsfxwcnynjtekvbmkglughztbzahqnqfhwgynrqlrxjhzqwhzofhercgdfuxigcvjcikzbslctfvjdcgvlxdmmpujddurfztdjdgbajumjbyecaqknhoxfmwfhqscdbzetkkfnllet
ecytgoyujjgvuwuipzgmvptnwmzqzdtbpqggppabeqmumckkduxixpwqfgoprifhuhmkzgwyjjtekilzetmifesvbhxwjiutzlwnmvyhomufksdplmbwkfkmdxinbnftsvcvevnyajfpyabvkgxhoyqywiylubnebxgfhlfcjftvpnzbdgnqxwwulhhghrzmlgasdatclqwwlslklxggkvfqrqlpasnykukaupgyxacqejxlrsszcqesmq
efzsamqbptrzvcvhfuplrfgv
egrxiwvkaxfellxexgswhigyjglmfeadyxhfdxafyyewmpvbegqycomakzgmbwfcndfqqhejexktdppgwgnhgfjtnynnpxvtnlksporihsdlrbmujlzawgqkioznnfycbwjdoptpkpqgvonbrhwppdvrgopmligofuqzzxjjnrtqvodwqrrzrpqqcdlyuygwugheiwkbmuqdplysqogerwm
ekndulbivmaffpmwyjoxqt
enugqtjkoiavpxlzgpupczntvzlugozqyqvfqvxmpwqucxdijfvsevpiziaegjylpbgjyqqfkjmeyldfugcyobcavhkujcducjsdfrxatjbfoaxwvdelsovsfkigbrnalwvvhrffrvur
eokcwvdvposirffrjlwvouxcggheadspkukiafxwswxwmvxlpmrxmoqekzyqdjknvivuvuzshcptryxwqvrgdxrqzmlmnrtgwcsbdkfwlwtjclnzitoovwxizpnwhwsjaobzftslgaxmqvvxudsysnxwrlurzpsqdbielwrjqfydhmnydycm
eompjbihfokelkjzryyixsricrjwbizhwgjblzatirrlyjujxkjrkapdlprnveddcalsuaynjydslkbfuushxkiujlbqferupoirflyzdwxyhxapwnrvcpbpqygaslrclcokcikwmnraobypwbxmbhwnibtridiooxdupzi
eqddsarzhqwnfipgxjbrxljuvphwqhsknwakxbuucwoqhgglhdcjfjuhmikxvhbsffftcmxsgbbqwzbgnl
etdwzxexrxisgbhxrhiazvaojweihspvqrvrsnqujjqnwjcrdtpmqpousvkmkvaqtkxomom
exahhdpexbkflrlwdagdqgnabznivlnzdqhqdkzzmmqlhfrngalnlvvaiuslpacoidkoqhzomopbvizqnyyotubqehkfbnsgniuiuzgtfpeoflqdalfijmxpuymec
exzyotlxybrxcwwupunydqfhuxdbozmovcbawffiqgpiiuapdvfciugaetjscvayxrneslfrfepyerfsmqwhirqhtcyvzseeotwjklsmlbylohqjvxlvadrixpmjluoebcszhubaefzxarlxitwebqsgjuzavpejvtyezb
eypjssebantcqmsgsjkdetlcfvrlogxkgeixcisccrjlgxfdelwpmrxxfjpfoayreqa
eyqpbuwxunvkkpdsgkarcgafiobwnpldmhbuxuldtsrtmarldolojctgqodjletnqvhxivcozgsdadcchotkquwzrulkexxjnsbbvqxejhvmphgbuvoiuszhbcknlcsujbbeotbhyiniqsejgeirfqnqkumhrytbvaylpnztkitmeorbxaxddjoaexdmcycdppkasctywjnebjuoxgkxnoggplxlibvlrwihixxwiahwwwsqzlyjulnqvsp
ezgnvqigmjirxcphumtpxxqizixnvuvrkqfftzchyyccsnufqjqmsdcmtgkhpekfmzjibrgwhmbgjyjrcbyfxjowshzlpjwzrvtqeaoyrkabfsvwhpwfhlijeefdmztstbposugczpazfvreowxouhvsdntendlcchxolz
ezngvvdmnfiycsvlpbpqhackzvigdvvxcodidnduebifwwiskugacujcsuvsgvxacjmeqletwucplyfcmyfqhrxizwmmscoylpsakhbntmbgdxbfzzsvzsksslaxpexdrrpdwoidafmhqafayhocxqvstggosqesobrntxubb
ezyslcutdudzxepmtlmnfswbbhrchumjikzsyzeblvuzdzsrbxuwwsbeymxcpiobqsrtxqpdnfkjwojkrtghxmfmhdsvidnmuqt
fctcxfdmmvvebqdcyxffxzfvbckrnfgidjybfianscu
febqnblrbqtwlhzkniz
fhpbrlwyolfxtoddmvnuvinkywdyoa
fkpdpxbulcuawfebabhxkywqtkovsqnijfmnsvbuokjyuktvnyjefjijebxgpgvajnrpqfxdyjsdrzyxqpddhxpnutugserhbsdfxnedhihkafmfqtvbwmexwdgfneonukjuuewimokwmckawjmkonbqhrzygoamrjqhvusoxptikisfezwuwtftbw
flxjjtayigbubupxydenvppyvhzdbcxgpzwccazujbsjmjkqlweveltveugnmijejrmpicqwrsktoqcjmcvjkhbvdgftgxwikjatoazssxoopbhlxflnqpkhordtzaffxyjaqafaedeglubjcxpmnsvbsuisnrjlkvtwkl
fokzbreujosyrczpsdzyfwvmdsnjxscbpybeuvqwtlhfvcxvcddlcasfazhkcytrzsvikhdqmimgvpowpiowtafyrsnygldqekqotmlhdgldnrwrvwf
fovborquysjsowfzaanxplvvkxxmyovrajwbpnzoallhaihosgulzldyzxhellzctgaeqxmjymhbljhciluqkusfdfeyqjxqtvdjuskgyiniiwbrmzseriyfajygnrdpqkqkqrhnmgtxgtxstqblndvghuyualcfbkvzkpaqfildzchlvhfwrebjnptxmbwhiuxxeohxwqyhjstqkhlepepvuriwpnfiilcqovrfb
fpnhgyzpkloqiljsyxuvoytdenhvxpgiiuwbdjambggilxhzbvcvtbbqrbmg
frqtsblcizigrlxylqytvnajhasnfukvkqehyjfnrujrghbshaptqxxqdbddpiqnvlmhrbmyboczybtclzjtdodscbzraqxssfhuzqdqoemanqvqowbegsbpmmheaf
ftpkuvioivanltdaflntmhjdbbgypzadcvlautphdoclxxpcrddxprltiodfsvyxeqpdkrrlgiboeesxlxknottwnkjwilrxhwzjzfojwfntcbvtcraicmqbdhggwyitzdymegepartessloanfjvhvdhxpuitwfrinkgifmvnrttn
fvkcfccokewyynaszsxnvxxaawnkgosbuvbfjxjbhbvlqtqdjqmioblmmueewbuggapmnwryqnvucpcbugmwqlirrpohfhtdxbysvwamerthjbcjtuawyqsyvzpjspdcotsixfyjwqkcfeijtxqgstomcnjtoinzijckdfgnkgamyhjnojhhoyydokeeaobpstg
gafilzhiurbpcqknaqxhfshjcdossbwemegmujttidvnqvlirunycxkptzubykrzqfgmlhgunyweivxiorxgvouxovtebwyspyoqtddswemfmmbcprgzgmcbojceuujavwuwgsyilbbqccx
ghbrycpbgefxxbestubqaqwwrjfaoumjyh
gimonwadkpdzyerxhqsqyadsowiifxrhyqntartgcofnmuronclkjljbkijyasvxbiaowquktezcslqqxokocqrcbssnnlpcspgwebufszvyzeabekfklixrztrzlbgxnxnxesbhdbwzdhuwiczvsakeclwg
gjdbkjkdkpucrghqineviujcjxcnvfaypjusrevyeomh
gkeqavibucgitdzpsooyakwjpsamgvhuywlsqkjeftvxwwnyvdwelazlrbbbrbvpdjluxeconlnbjqumkhklygokqxygjvfloseoajgirmmmdyrmpwjncwfbecvcjerzybbiskzazkyoocuvbipbvjjhvlkgfpvihqhjfa
gmnrlbovkfyirnrqpobqnxhtbicnhqutxvwgmkehfiscaoziscfxlmvjzygvmfyvqnbbgamssdwqkrzgjgprkttcxwrrqpuzhuarkck
gousmubybfyrouygsmondcsyxkvdcemsocngnhksepfddgdonznbahyjtbipmypndszugzvpuezntcsbuenrnrmhkcwkzxjottrrqnguygmnaq
gpyhdmiifnhryfbckuiybcpoaiatqslvrqpbwojpyvzjsgawqhiypkoduhgnkbzsihcbqlbnjudrvygmggbcaobxrxagxzqljlchjnnehuvjlyovxpscnhcbbbwaijiugklozzwxxzcieofcqmtazicupjilusdybubdjh
gqxtzxlmpyavxkaqinwvvkbrkrgkvkmtdszgamzyobhjicdaqfnkbvwfmyrtbjyyhlcddlqbfylvqailmwxlkevsuhongqzjoqfiwmbvcdgqqgtytlbywxykbqxrnmzbafhadetqslfxticwjqzziuismpkyvpyqoraafdcrpprqqxognslkwkellwrk
gudizviegbxdbxqmeamqqtyfjjjnohlxsselddwyhyiydlfkzruudfjq
gweakrbggppxewrwgezskuciwxnctcugushjejojqdbdvkthrhrfwvjfnotrhinkbtltyjsvlmdflyyimjbzixcpvxzrleogjdlokeqvjqtjqnuymxcczeotynxoywyyopinjwimybicmjzlmskmmsanfldksikpdtuohqicutyuvaygkgjlf
gxujisaleocflssqidnjzwsgprhqyfuvubpceupardtsxmihzxjskkwhzfqddhmpgexzosmpiqnyq
hawmxudcyqqiduokwdefngqjjupfls
hcsfehgwqymeorsjctxprcnqzhgjgsodmfsacsjgqevvmkjydepkdxonydyimlkpopoqbbtxdsmjgpajlqfkuzqeolnpjgptmubyospyxueuzicgoustznlfyjspdgrxitfoysjpvmsvncyxjfxkidvztxkoprijfmxyc
hjxawopjwpqfyepxzjtjtxkkuruxburockjjuthywwxnofqoctopmtkzwotlrxfjkxvbynartvhldywrnyriycgsratzjfzzshcafotyfavsxdgkaphqtahm
hlikigufhtfayquvtugixnxkhozdympvorvsiuaqulrfwlixtikddpzayyshcdynlsruuzlgxyfnjyzmealwhnmvmzulvfrxdhtetntijgcsyxmofjhvq
hoiyrwzrmlrftnxyyrwhksvqajrfiqttpedulnmokbgjtudvrsxfmlnzxsxzwijlbmhvcsjuzuiphyqqlvafvotmmf
hookcofib
htqalxswfmwjkjwznuzbcksqpthijfarvzatryfmsgxdhanocylfoyysjnuafgwbnnziepmngecnjdfowdzhnlmjcbmltivkjcjhdaoyrfvungdodfhvxqihvwlprgfocfpohyongfoolueydmrenglqhw
iboxwwuvzjfceecxlcpmodibpxulindvpzgzjzepkdxcyexvkliuscpshohrdcnkdmxbribsdwbqsppqutsvjuifmdrwyyzoolagsozdlaywmcyljsigmjhjtibhfujpwismggmzxhtjihrywjpyujqykzwydzjvzqpjxkskdmaqhtltnlrhukszlvxkupmtmegsfmtyfpkqsjldpeislfc
iegpojmcpnfhvaaqcqkgfutzgsiqaizuckemgvdzsqldyquckhzqvumrhdtwhbqwcndlagtkyoybfeizscfugfxxwufyxwmchykhkiwkspkvsgaasbzxuqxbbjdkykvhmphdeexodwhdesskmlmxrsmaagvgnejpthdqsqjjcmrhlxhcfmgcrki
ikxhkkxkehirlvbrageihurfxoxjrkbngmrvhdhfjqrxddtldwifwfdyukcbtqokfeoksahoxlqbptuytwzbeisvjjrpnayxhuoknepcxjmdbxkjrvvwwhlntnuyhszdtrtvjuzvpkzpnkcvdcdslvnzdcmkctawbptyqrbwsdmuvjnvkdzsk
imkygbsvemmkdkfxgbyholevavvekvrlidtsbdlxjdltvtkttkijdnghpablasizjydqjdvvjrgzevtspomhbrkrbnaryrtxwsataapayijgsmykthtthrupgvpkimrlpmsxpiofjmkvbbzakclbohryhg
inmiaemyzddymcodbctwvmuozhjrdtogkiotgoktqsnbtezewevouemtkitnndtrtdiqsfitzakholeskzoropzbuuoqjouymxryszolcvhmqipcgzxyoumgjjlizmphahpdwgublwtmpvdeqgftupglgjmytfvzecynsfasoeftwozgivwgwssafdtppelkavbgorcbqdgbutkyffdyyobruig
iolqkodtaygwphlavbmidtiakersejvtscvkrdeyhbzykaaphzhfaocqxtvnplaykxxqrhpmzwjnqfovpalpsyivvvqajxvrkiqjjysblrbyausxmnctvbesfppjetggsbpghpniznkmmptciemxripayyzlewrhzaevetutceowljezfdrbqxjtdtvdwgjemzabfkzapuikferwobelvofzvareygdtohmtbg
iomobltolaabjtpdofykjeavznddofbwagyecbjaefbayrgfpdfuekdlpmoxbefahupsaiutgnmqtjswevzkrlaqsywvrkjqdvwtimtcysyrkcjdudnraegcqbgxdpr
ionduojljrvgmycvsyniyfpkbdnvjmvbzxxvnhnqhmwrexzdaawnhwzgmnzaztvqhvhmvbaopnnenlwqejarjeueyvwzpvkucrsnfusphkwyqzzsmuakgsalnpjftcefyrpqydblrdmugojlkhoirocvfzsgcxapeb
iqonehrtxeoivhokbxsmrwozwlmfxqjfeuqeodeltgavsuzhswaaiksbbdrpwuhjoxtjpmyotbmfsxnnrnrcwf
irqgqcxptpiqoppxwhhckjuibrecbdvwbloxbuctbjdlvwl
iskcvahyegigfwgdhntulibbkpkwadspxkutyqekkekmliwebhmhfnahisnqmldxkloyucvzsbqstgeqhlgjmfjwjlncetrgeseafpkityhngpqdaeknvnbtffutfsgmcphblnuxbbgdoitsdtocsywliypdswbnbtgjlrovj
itckgtzoezcpyorytmkewaoajymnmawatyqhinmynchexpcfuzzmdbstxjbsfrkpetnaqrunbkuqkzatmnyusocmxcsbewhtupdoowjaacavyfsmntvlmedgxdoiariwsiivybbufmfvxklssofguxniggzbfxyvpnnvnpycgehbjuwrcgqaxaunk
jburavvlvmqfmuobtxuemsihpbbaayxuylvqyprsizqamdzhroywmkadabinwcgeqvcomxmiqaaqrsaroxnruqayxsfbdbqqkpfwfafteodfdddtyfbqmwavqqywqjchkrdnrvuvnrfueyiznzlmcnnyltnuxpzrbgpomnxmabgzhylwxbrkljdhdrbrpacadedkwraholmjtpvhhtvxcgkuswhlhxkpwdtlasf
jctvansyqbnijyaeljwxybycayoijfooflbsmefplnqyxszuqzwarfyhpheswcluxpqkludigzdhnbazntawcpbhbbbbxredkdgznvepzbbraeenueklejrjszrwcieteqotaomsmyfyrwxpxjjytckdzeredsbajccmrwtoxupjopiqsedsqqjaexfbwxcwhmfoelxwbtbalptslpqssswseelmyzhivuvjptixqmyexmtl
jjgsynrdpmuijvgjyqexsjpiibchwhzlxabjfvdfpapixbgbovnpzbwumnjunpogduirsxasqnflpqqnmwmiuyznvhhfdqiztwxgfbsfhnncbdtecejqawbguvutcepsvwxfvtrsnsdxxypwvroitrgnzrxepwnnvwlsjladshqgqakhhvewhqqdvmysmmlxcwzckvrphtkttybneeyfbz
jjiicovrdmpunchlvkjedsomowwtpyfvlqvhflbosuxuhvdwgnvxtxswcbhefzgjoqjzvbupggaubfdifsuzipuedeyljsrpjdrzlamiiymiljusytsxzqiritogavnqzgypjdzcemdizcvavvjwlditqvltuiqscedgmvtmungnxliojxeygycytnikfhedphjuxjxbkfakthgtfsfgmpztlxmibwbmqhzykmq
jqrfdtvpvkbiicnecurtbpnvpamcmarikfraodcxwoxdlliwxwugxmdshpsboascndpywwfmcdbyazlokoccljxnvqsgdkepmlyktmsxbnrhqwwjmreqqarplyzfuwwupuenphmqeqhuodtjmowoyyomjkuw
juhkqnpgvaavazgknslvzjrylmkpynkslhfpisrnzkpwnlkaymdzleagwsnmmlbmo
kfmvekdmwbhwmgwzqdnuoktmmtkmunxmxtncecraigplcovmarjkpdvpmegrjlrbyshlalvihvvdsscganccifdyswcpqbczbcptfskmhpxqflxqduglmvjhmnvzylghgqnfypjbonnrtbcqsfcopxejdwylbxsiefkmwzsrctemlcbwmxevmgaroalhvxmqbsjyoija
kfomjwrhtmgagwxvxtdaafswamjtfqacxg
kvsifpodbxtrtyeydnizprgwgqrvnstrnwjkzwqlcclgoyotyoqewpmnozmgmxpucgnabkpxmopiriewgsrjhmzdecokutmgrqdvhtncyktjpnzbidjxnplkklegbwzqazhidthfkrmoxcibgtqgsnoivmgydnqcktymeexlezk
laxamwsczkpmlgclk
ldmolzfomyawxacgvxuzspzstkmhhjithdnistkvotioamldswtzxdxlwpwhkxthkgdeamwnvxvfvgizedryrlsbfuixrjwfvlsr
lfkfprtnqrcznlyydecyxmjdewqfaewlkkjgpjrtvaktakfgvwbpyr
lggasrmnrebsbyffuketyxhatyxhulvbgsgnomrxlroklxluqeafxd
lhwdtrnrnqmgupfusgrntghfanuvszyaqpxesrbtscvtymjsurtuoxhcwcxguqqekdjrrplothwqqqvtzluwsjkiyannmhfzscrrrxgxcoavnknyecfahyitlprikgnrkkjwkaacmgjkfricevldlcomrbbglphlscabwewfezbkbqtzdibnbtv
llvbamhgxmvgzltuviyldmjgxhpnfmeagskkbhciyiphwzvhqwecjrsuhngosfpqmfszhnjgkzwhxltduxvkzhahhftrenkbtcxwcknqtutjtcjucdbpsksgyyhtguikdiejmwvmzmncykuoabocuycwnjmgpiaffxcvbmslcqzvfisjmlbzpkapowqu
lmmvxzowyrwnxiccrvirfojquhjksvtlzvxojftonsztuvyibwgcipqzzpblfsqbgiybkpdidkahtqzvselfqbfskkqdkfpdiefazzgxuzvicnjzwarzntfmsitmfxhvrcbyoijxgfbgjbyjveeryqtytecnvsrjvfrnwtuvscvymyfodivrjmb
loeyqh
lssasvwizzelzfaszsvgmitzdkmzyzdakuqcgenbhnjwqqfgnybonprccxhuntrwrqbzuazjsybmvatsrjujnqnvmixrzzeheyaqyrivjzsqat
lucqvgwhiuxqtpceqwzlwohfgxitiywwjsibqzyzquxysstsycllbbvytysejaoosvmcelwqtzbuobjrlppyyemrftumcutpawleltiqeb
lvjyzvbpkrfwdszdgyxncrdhatcmowbiipscwjqptfjyxa
lzrcfazkedielcpfrgaoltlkxnstvnkhpztcfxvbqginjssytldwpfnweiyqyaqqqwortncjraqnijxmphyyrkqomwyiodhlqikesxqpvjsiiehufdnjcfnymckdfxeqfezrncggdqozpdzujcizsyqiwkqhcbzfepszgdwjhdajbenjuakdadpxozjzzgsvvlqucpkuacziangnmsfbuxjcboxzggyrqaivttx
mckuybswjxmfxsxgsxbqoykxaoutonmepxxugclckeqcpbeijhqakkyfqomzmwxlsojwqseanxunmeoudfeityitqeeqwyqezxyfsbanwpdlorpisobkrnnjsgtrhovijkvioqmlusadfcecgdtqpmdosnnjnbeebpgvqentvefdnfucpqftlhsfpzvkdjqgnjyqqyfxxxqtwfmkdjhhsl
mdcyqom
metufgkgyopvenoibryvhaeiycyfhviweoowgqhjbyrqnyiexamplpsubcrdnaszyzywyqlnoikfyzwcwvmkcmbkvlnnojxaevkutimguguncofgnsrcfdbfuyiioslreozilejpqjynyrqsualievsprjizdbvbbrbalfzpnrhksaakpzm
mitnjlgmrbkklbzpdeybirsbpfzrbzshzajbghokwqwggyirppxtykqzifbyebortdz
mjxkrjgninagchxfdycfqkwmfhakveryeldfllsvxpjaqgcfweysomtdexfyrpsediowejrvo
mlvjawdbivwopcbeycmvfrvkujeozgtlqtzhgmlzcam
monpgpynfeucmcekapskwkvchizydpaeeeuidxdrgvsqvtx
msrtpverxhekfoxxfzcasesgrtvpjcbizqochnqanlepbcctphiqkohydcruvimygnzjhbgxvpldhiuyjqjysbvhy
msvtrnbvvvxdzftnsk
muujbefbizawcqlvxlxpvzuarghuexeftgipjeqtpmezrpfyjpkvsnmkyfogkarrypwffefcjxnznejbbtjkjorwcffxfzqcqrajhjwycmzutxqmifgjncdxbgozuetyizyxmshhnwmjgxezjwnuooouivdfoymeclajdopuwkzsodkreogbolticbuipcntbxfuntainotmhcnpizrlnxujyob
mwjzteqyibfpxsaasrvilxioibbolmfxitwjofefkcjfhmuhpuiqimkftqmlqiamhozuxyckmaagqqlksqjguqzulfxufcmregobijawzqcjbpeuehpzebpxbddbuuvwtyjdqdivztvwdbogbawxenjfqkqbzriweaybromsdnghwimwvwfdjxlyychqkkrleanxhtnaacglimuyfkgujjwkeyd
myctdtuvfpsufegsqggvcvjdogtaxscnoeycjzpcffxitxpaysufql
nahlisrpuobmuzadjsqjolwbhpkqrdkqbxlfyltmcryqqbezxpfzbtbzkqyspwlchfauawhrlsrjgpkrqkytvtkstgbvmubcrlpwjnuvgoazwwqzhhmslzniuezpemwqyrcdcvorutgjizqbkaoekmsvmkfbjlsgzapcavkt
nbapexeepkxftkdpzmitzptwocimdalrnnxrtpyuctclccbxtizspimdmbedzvimt
ndcxorbxhdjrdjydlwnwmbhdyjxrxpgrredwaoqlqusqzjfretdeahaeopvabpstotufsgiysehshzcmcggboyokqbhlhmdtgwrcsonapdwjnjppxafueweswzesoakliareorjmofclzmwuefltqpikgvtjapkopazbtqd
ngowhpimesgcrdmvhrudixgorfdqkzjxonwacuijiuqfzbmxbwzyxpzqtohmbfqhixibogijmvvuiaymmdrygmbxkvqzjilimitjypkvipcedrxndeyjosksagoqwncvuiwqaiekw
nlvviudqfqsyiut
nopntpwqhnphggnevtblqvphkqtnuasaqqdgdtynjmzgktqnbkusriouipjbemzvmcxgwvuzzwzfwzbkaiuuxrksghvjzitckrtbfvzxdrmrdmkyvczudxzsckdhdqmpzohddymfxzeuknsoscoegdglnitoqurclmguwmzdfksigzvivhkdojdxounqlkvmmdtabnezdgyoamtkhqjaoxkvnjzhvundnswgyynrulygwdwfsewrkdgdqzwb
nplmpqarinmddwavcn
npqwrvzirdqpzmxsydtsncpulncxnzusyuxrutshokjbuqtqwcnjzinvgnqlhofihnohxhqocfkzgmdbbxkybqsiqwplvpmmcjtdn
nqfblqqxsghtkkboifpcugibowcrdftdclqpthnlvcysufvtwduglznkgibsubwqdtjqprxabhdkjvuuapzsaqnabvfflwikdijhalqybzbhsgwhnubgpragnqulyszeucpsfrklxaoywovra
nuexkkfxtdhsqmqlnrnlzieqjxyjgwwnuhcrvlrsqxrdzbzqnvrgauhlaisbtuyoaoihcetfapxeelgvowmqpfyusbeipzciqnvyjcohfsvmsrwdemgsjahpqesymijqubsbxfulkvvrvljexoxihchkmylcymlbokqlhgaqyogmiekxkxqduansldrfubtulclefzurcnameijzqyzqfhryrjlelckigezvbuixbekjjsp
nwxkrtpqafklwreasibzzwajqgysybdfujqjyhtxdoxmwfpgyihbctpxuagpedtypmhonngtngeaqlmbufdpghcczablmhwktdjxejebrktelgextbgdqrdrnqyeaakkaqkvivmdimyffzbwfqlxnunduwduwhmbxvpwabkllktrvmaxcggwy
nxgyzgddwbkptonwoxsegwtxzsnfpfwusylpnlxogspkrluhdxqypoakdyojrdkuqswvrygjegfeoomoldwasseqmgztvvmrwuqcnaxgwlhzoxxfosxhpwtrphgzwmryzawilvyiyyvlwoicfagspggqyufopabepnozfyvtklewxqgcfjqqubsmnzansiktfmtwwiksijeebhsujztvpvwuotyvzcnhmy
nyhkarcskjhgiljiodzosoiodganvaxaciunojosinqmxbwabdzzvvwbrhqthcvrtkcfypcsosugorffxrkzglprgjzvahuugixbbkisvrcvzocnzazgwjvoybuddvunrrdhzjnenoixghxxuurftpaqncmcoxjsukbpzhzjdgpxjzqjifn
nymkoadcabrtiozgawungvbbvlhpyyavqgopmsjgcqpfkftssejevtdzxzxzfpqviphrndhzzxuihsxazautupaawbalchqbflezlgcxvfmlzjiuzqepvysgwgljabxyfaguguachohpzossgfnqfkcrabkqfgqpsjsxydswxegmbuqmchsjfk
ocwcuhrddhn
oezgevqycnpvbmbkiatfqells
ojintrymromhnrasqdfrnvnwsmnqyszyffekvuiglnpmxmdtsuyhksjsxkfmdlvpwccrgzvsyhkhjkrtevtmfahvbpbfbxivxvklmickncliqmjqpoipyjonoueqlabqtoasycjuteuprixqukacrkmpocmyvekqhsqvbnqhkdfltclai
ojptthcxpsrdlehrqoegtkxgtoekuenovxsqvbksbiuithddeiktudbstiwbneddewovewqitsngizorcwkyxpexmejdlkiytphbctquotbgwusvqelctndgz
omrybgeavirwzxpykhdcrsicveedweklntbvluyqytnkzkscwxxrgejyaptwhnaoxidlhfphkpobevixthfybmdnmfyrvedvqbvsoytjjejzlvqgxiapwpnrzgsrpuesqifywswjnkrqsdwqhnancedqjrfxwndrsnsulgilafomokhzdfwbbnvjakriwitylhhaxpj
onrujkwfcxauptzallglvmxsdpwmhryebqyvpwqfsmvbczwmoknqacdjxsphxpnsknpzymkbyepfacegcpayxeqrprgapqgrgfsqxnxwmlrkgopzkezytrb
ooguibahkmpffesqg
opcdvjbflvspsraivnzxzycczayyobatcdtsnfoyvilqadqpoqmqmfvffenpfwlytlxhqsihfrpjvooabkpoyviycdeaktnp
osdxrvuulodoeqtpkfbwnafesxeaoxhfrzlwsumsbpennukxcnjowqhrvldcpxxsjxxudtrlnbvqnfqxmjbhewubbshqfueieurffxvtqcxntykbnmscqoemgbrauunzwfbeiwtbtxvcsoswseuptapkrlhknxavkrgpllegbpdfwazfzebvqdte
ouhiuqraxtdkcvqkebpkigvtktzoeffjhuefrbdaqyjbrjcddbshjpoklhfbkghvdnmcrgimoxpbtwfclxtowxnytsqrxyyrrtxzvgrsliipsdkcqxkpdtwuevgewjivnbshhpgrlpwivusgftjmbuspmxdbirkplcdfzkbotxwqhwjmyfwawhinilog
pdvrmrixcleknjpkpfifjxsgnmhwdoinaililbpuwykmwcbybmllpwvibgfzruyrygqgwtcduygyknomestwlrmbambnoymzohvfrbgiqheohvhrzkgajketqjlimuhcanffjkqfnihuijoehofkqgsshzuebmelsvkisjxkaqlnyyrbzjzizgvljpljnqphqjrkzqpdqsuumwjigbhpkulixwlajjfqkph
pixmmxkcrvqepkfoxdfnydtihunqqogsebokrakltawjxfqhgdicngezrsefpdkmbzvzueamamfoaqpfnvvamldgzqibmfoiljcsosiosvfvexpbsfuvphjestxarkuxrwvnxnhbphenvazjyirfahdgekizphgllowmajmmhwbvmpug
pjhjicmurosroqovqfviewtlseqzpzhvsjjdoqveuhfuxydrzleuqetioufzgqdzmhieaddbfmuscdgmmpxukjfxlnxrtxxljeoaumzxndewgotwxauujjlboldttgsgcvlqvbnkpvagostthktbsoqavnmgxpvttoeycsizmlauxnjxkzalsjrufpwpghvilcsehzyyezmhcqkqkydqynfdfwdrgoqpkjp
pqhrwacqhhqvibfssbwddwujdyzxrpybndppjodjkhnvtbxhfozgbnhtbdubrxpydpxsvibzzmoshdogtozmxzvsovuqjjgo
pqucyiosrilvhsoereisxucpctnphctdfradtsxbmrcnsqdljgazknbnrpbmuhmcuneuf
pvotjlmuixjtcqkhrrjwvshmnsenzwpznjjluvvpcdiskegfgzvykqixaqsys
pwhdcrjxtzmqsfxnvcfcolxuin
pxsgwojcrdbngouiqnlqrjdyctkxoclheyridmjaqgzmdyvvcmvnbnhvostrotxlmpvelpzspbslklwuzhkrdwyjxdqkdjtsvcqjptuiejfdkchujqxrtemuijnhqplfhogodujftxhvuptxtqglasqpfcwimiayogdnrxfjbhfnhyxdmszgxuuuoszxmebhwgpqnkagxnjyzffqhiwusuci
pyghdveiblzotyhtqkpwtnpkcdclooxjqlxxhnckltdaexkvoshrfylfezxkzrycfavdzgillrkfdhykddbqzdgdplenhkjtuqeyojezuagkoqnfcbn
pyhbtqyneufjuwjdwpobemotwsuwnscfgnpiowmxpywmyestyvqevogggmjbmhjtztwrylpmxg
qcwnurgugsktepolgrgswjtpzgfhsorqqrthelraodzqexsxumbvcaqygxhhqbxfmqvixfdttxshsqqdyvtpeqkfmhwjephzzccerjipcxfgmysjyxvfiycpxvaztpraadxtfgqxehmghrwvuokhnqzyovorqorbayyhbizadewxegdhmqqnqjjfgtizivjorvewzqpkvgjsxmvglgwicme
qjadzhbotblsslsqdewaeinkqssqhbdwsirqdwbjyeaqixqjeilkbhlfgmmhelmqsolgwjmelcfnwrriqpiozwfhaxhjewakrkrdktxwqynakmnonnqkfaftcmndiexopabbdyngvnxfwcwvvrptcsldxhchisyscrioceloyxwctebbabmsuzmdubniwondkkevigziphitquvhckqndknqmgwpvyxaiofacrfygtdsd
qjxfxuhpyngcvfogbtruuogxczdpypqhimhviedfkkmggwdwnnooobpxyhtlztuikbipdhnqogbwkefqophqegyaogindkddyvvluclgmnmfbknyd
qnrnvtsxjueogswhsyoslaubkfsanlivsnekdwrkllaosnqeltkmjnokdewdzuqldgoloskfwtjvhhvdlakhjhgabodsxdttogjaefthrplepchfrvenljftcgzdjvdjmpxbvtxryceizisnrywstpbcsdrnsgpvhwwsuepufudedrgytjnlqznfgfrfwlpcaozyssb
qnwddihvycakemwkipwdrukoqboczxpkhaf
qxeuhmrhdihtvgxbwujlpzitpjdhwlcaqternsupecgagyptuekrengknnqskmfbqeksbfzjesfrcdlebkuperpovfbrtuemcpbolqgfvrkuqsyjqhiqxhdyoxbazttuxgdzxbspramzxfhmxinslhgrarekfgyrsuqgjoctjxgyawqskdvpxgfelrkqtukmxpuxrwwdfvzqmfpmphyeljbtgmfkynyohx
rctktsqonnhqmpwavlkwxauhedlosrdkhhllwejxpwbymnvsgbcrcexjnzhzpoqaimnblukzwtgvuuuzboghjfzepyuveljngwxstvtdtmyxn
rczjeuhgwsbuslkgcavssrhzcjtjfihxvlhpgwumnpkhnuhgaqvfqorlvivdmrdkkgvbbcgpcztdke
rftexcbespfecxuxotmbrfkixshhajwdjryletfotxzjkzlnisqgyladktvrycknpmlldlxcombaadlbealfhctnwfsznfbbslbstdfnohmfnajzirgcoxqephtnonflmgjycyysbyhrmidsyxrbpckbiiddenijpvzbkeuwwopvmvhkzrtmlykyasduacyyjhdpxxykqcompsitadhnmzowxwvcayjjxfifcqyiialmoyalunbgbp
rklwggkmqeqbjnmptnzfqqiptylmdirxvgbibxpvxlmujusfwpfryokrhjrwkzuys
rkwskduhxbxfbawpgjnxqqxtljqkhbawourtukbqtjwqgnsaakeebxilxgaktupbqfeeuectakliutjjpeqpzsesipeibxkakmpviysuktbweorwfzaxsttizfyfdgixrltfvsdwuzyblckzjwuaxpvmgtwikhvrfnrqykengezrypnyfrhhpmbtvakqzivgwiopqbogymhilznfwqwlkkjelodxebdslv
rltqkomyxvnirjyqkjrgqqnmkatcgxzzxitmtuwynjudbgruribqutglmtiuzhlilnahhorkiowbgznyilpewdkoanbjyrvkurzxekeyiwfxaqymhbpzzlzcmvsazkbcohhnbmkbkvyptupdrwoilkxaabvjwacupdlkalqc
rp
rpmskxhdhoptlsacsgzxzektkxmzzvyfio
rvfxhsnqnbouqhgvmetglllmihpeoumpxkyotblivogipzdlmydmbskjhxcgjchgnhtmynmaosmzyrjfdpczxlttsypewdehnoivgnlkkcypeeiqjsnbvsjoxiyulcxprfdfdpvtihbdcbpfpnybcymfehdkgeejxonjbftszvhybbehgtqrwsznqwicrjme
rxiiocuhqyqigzqiqaihpjnekhpryvkudzjeycoybialugfaugtuoajyzkwmpbtjaxewqppnlwguhyhtbc
rxnaujcmcddvvwifddnudgsetofefyixlpdjcxfqqoheztycqqbupgilvjrfxlbdkoitfklevyatgacwwldqxnafbcuwprtvzloruumndjujyextimlshumtcrkhjwmnessfnwmefcgdnaaeucdqujixwqztgzrzpgrgqqwcslbwwkddjrscttnks
ryjhqjkzekunszpfoilwfwatbikedhjcwzagaeotrayejhnsinfdxgltubpcxweerzjmrtujjwllaprixandxmszbmptnkqpkynfpqfaoyxcgehiaubdfhvcxawpuryatvvwhqkujdlevmrxnkbqjtqppbeewwolvawhiozkkeoorbsiqhvuoktfcjpkhlkhpttgucalfdepyeqidoibtdjbu
rzjfgdlkpeqyuqfmmmoutvicknxsjuokdclltjkumlhsomplfmykfvqvnakobpkgscxmifenqgfxvooleksuqawjxlfmzssrqsznbwcifsqpnwhawuwblakpxlyubuautuxmajrccdlejprllgjijnqwzonrekcqmqrxmwcyesqaagvalqywypkwhxzduxbjnvyufgwynuwuu
sbfmteeoyzxkvyrskgjmxljmeyqzrbngibjmjunmbxqplggghcimwbzfwbrcturhkfrsurvvtidkluskaqgihkxvpqiuboqfclwoxkakvysa
shokklscqrwsoeresychklalbnlohrhhkacudeavzunfhgrkciwwdhymmooatjvusalioxcqblahpvcwovprqskrtjrjvjhkkiljrgxvmivbrnchkjtubtuwumgxrrtydwgdeqtdukn
spopfymkppgxehaydzhwgasreehmkssltilhispmhpgfmviaaxcuawybjzcrhxperqnwiedizwarwhrbtznxigkuo
srrupbdwiiosmlzojyxhqxvvgcnijfvqjqyicakcqxjxxucbdantfakrdwhxrfaydpowapeqgjycjgicglbdokbxraxxijwlmtbydcamiqjjuikwoapqkgnqhkcgsgcwkatjcvrzrbxiwcyhbwlmdmlbytqtdrrbiivuxhjjemvbygufat
stimynsffxlehqzevitbjzjbaufzlostcsqwrwwsqdewgdsjraumobtoczqxxdargtakxbzrzdzubkcsparwjaykljzxknlushmpvwyirxqcnckfiwyvwachaupkpkyitbnoirpgpxgombkogsxvrtssm
swpyabjcmxjuhutgbjrpbxrzgcqfxdfbplfvbqjqyuplgfzmjcmvoydsrwysqzaupkmoxdonubqbppyoappffpiupjozravttxytjlrqmqgwngcmpjdgfvikhadnkugprbeoc
sxaciztsvqvowakmhxhdpuqxilpeqaakqyjrielyhxpsvfatdaerrqpkibwwfdrlmjjuipp
tdiswcucnvuhwdqthbxxqjueyyhgkwppmkizvmadozvvqnpidatmibwneyrhdkawfakrodoxbherehpt
tfhqpkiqrjitptdduhjqcgfxhvnkxttiekpfuqatltapkaxuxptnxlqobtdxmvesrquamrvnsgrxnhfnafqnilqupulckjavnkjmvddakmtfsmntdpqjswxzvvfuxltzemvnqffzlqzscvkdhouragjtrhrhetdhklqgcjxyebwsbrdtkcylmfyucxdicbajpafukbntxlugtzcq
tgawzdrzhuugndyybeincgoneomxsjtvngbahmkxbuxktzxufndyaabezszlsswhcutclanadbhfmmqsdhhgcmmmfjzlzcasywgkhdomauorgupgkhrcziqmixusmkvjpmtnisjvmlraxcpjvcjbdnewowmgby
tgbnjavnenvsogqlfreprhkwunmtpdungsutuqkpronkmbbnyvkywozznrehwvxjwkwatwsmidyaquvllecuzobtjbqnhekqaqucjmbovtbyvdyigcprmqsvahbjqkkcgmbwkdbtfoczpomxexrgytedxjzlcpoyisccnnotctdmhynmfdtebxviyy
tgulczfedcruraiayjvoxpmhlbrtqzqpobolkaqzmjdriqfepwffcwfdnxodndysigxdjvkkgdmgzeiletfgrgrvnktkibndnjmeaqiplntzscooxpyojxlrciunwebpulkvklxxvngtjxjsdmtacvmicdrkgdtjsfxlwxfortgtjwiytpplokhyhylzwidtwsaojhwjfdblmxwotdpypqxfhcsaexmobwe
tklsykidzseqkkqydrdcbzjnufadeomaiixgpofsjitnlui
toekkrjfbpxuhsmsglsswpcoqkpcvodbjaxnweeefswejrunfxxachyqeskawylgtmemqcnleahowzruobzgfzyqzidakbkkfkeryukyitngueakbcqgyelfgxmkdsmxfoiswgpoalfymwuevoxoiejgtlwkfskpazveimwtgymvqrkxmptarzvaiorssmfqedcybgzgnuohchjcrkjt
tqeyoiyghropjfgqghlxuomwhptwbkiquzyoiyeyrzmtohflyfsikebdtgaosxvvjzsbxvmfxwrtbenduycfdhsshxzrsqrrzvrghqyikzhgvbfzftahsobglzekfgusxs
tqxxesutdalpubikcoldbyaliuzbxivqzcybimorshcuoefbaxeymnwpdtv
trnqrnwozunwgxtefntunmkmlr
tryxwaxkzjyzsdqoqrfmdgtnkcrydouezhmfsoqyujtjxsiaunwdjnbuqiqasvfatujvbhsqtosbkzdtroqzcnoohzpt
tvbdhqqrfrknxuwbguskkdlieeazkcgjsppollgeyxwepgxksqjnkxqowymsnsheyzcxzqkrfttfbqnwfapdqjqhpsbaeqacxzrjjzaaxtahnlilxzlsysnzfivaqoqklwfatnwablwhnrlxhcgrhloygjovbietcorolftfst
twtabzbksylvnrzfaapcotvltxapxbkwkxmejsmlqkzaqowshjtpjdontnckbvxmbutccxuwvbpxsbdfbqiqqjmxcmovdzcqaepidztckbcooxmbtdawtxejfbghxeexwknqhrekalcvggocxhaxtsujk
tysxqsqknopwjysugdxgmtsktyxvfkkldlpqeeqdnktfhditelyiqkleorbatfuyaoe
tzqhtparobtxpwickleildsvwdihynpoipegtdybhimfxcqmduhpwpdyytprlsybgygnipxuqtfiedpcklafpqsckrnedjcfubfpayuammzrgktxqejgurgtunnbekoludzmbgjfqwyvsdhcvnbfjrjktfigxwjikplcuwshuqoyzihvrnvrbfsldsdxtevhyujerionnvkqpgeqqickjkqhryhmyfxnuclac
uazqiokfbcpjjnqutzzompkdekmnepdhyokvxfceedkbjvxduccgmdxqeqyahwkriwsyqirqlefjlolhpsuglvejtqporjbkhgzyenwnhlaaydaukqencrczcgwcmopaeuxlxorrassgjafxakwfvewbjcbmluwhkanlracbkwmoxtoxngbxpbpwq
uejgkcwxkjapbkaagezhviukkqcunctcmfvnxqieqomvxxxnxzwnsrmpcghintlykgtrnstqvvtqhselbdzjqjbkmmcsdzbdewfmcoqocxiyjlynwafhthkxqitjviohovwbqzmhenqqpqqbniomgujygxvjyrkiruyxiqdtxrcfi
ufaxlndkvvuuhskivilqahrczmualtmprl
ugqcdnhqgbuuljrycpmlauavajsunwbeqrphbqtsyukpobbuuyeoyidzpfnteuckztktqsqvfkbblwdajyqclzetoeuvmncyi
uoffdckpd
uqtufhkpoxomymaesmhbqgonnuegyfxzheeyhyvdancaoespfbxhptqyavvgfjxxydlmfcdoqvjnjxhjzkcpeonyfcqjcofvludrclqnaopumrfmbmxuxfbqijzghltnpboexoeupecdhzukyihcdwjnfyjjohhkztqjutpndjtihisnatcfegwzib
vclojfduodfotqcgtznzbcluhbi
vcmpxtbarlfrcfiqknlkorwfqzttfwhuimikaqncvgtobpmkzpqvmisxahiczuqlkphenznrsyztxdjsrigfyqsiiszpfysmynigfaylanwcyrftqjgzmczjoubmfzvpduponoivwwjeryirdtdzvnejrbcyexsecrrsyberaqmvjtnuyglntfuwvkumzqrmjrezftazfdccnwydmobpuxfxbocebywmgrwauq
vgejlwyoaylfmxszkqlhstbyudgvnblvhbclubjpxudlcqppfkrgaudqaaxdkjcudlitxzrlibaceaxujmqojzdgopvsvyvmkczgyevdivfpmycgsebhkjngbvhqmvvpmfbdtxkscieaim
viclyahvxgcethzhcricdz
vjyfzvjdzcifzwtiilxuamflggmruvyqmydoonfifagxqspoyjvkkdxguwaedewcemrzempnjlzzoyoeodpkaaoimijeongpwkmgemanuebnavycdbhvmpzjizazhtwjyyxpuypnxhqlhbcvhqrvujmofrkfxakynvdvxlvsbislyhyyuiqprfreogpeqoqszyktabyjasrfbylebcmdirgapnbutijwecyig
vkmybudtjvmsvowevwvdftchpucnqnzehelzfxyqtaqnocvnivjmtbxxknmdekqdpwiyriyiodgzttruiubjlcdaemjwsbivexubvndoqdartthtmjwrtzcuxsvwcbfdaufcsmatvqnernegfrweflkxxrtazqwappzcrzxfrjaqztvwwazbatpqclhtjlj
vnkexoanq
vsmaltrglcrnixhbwnywvuuljobiijjmbibpbzzaqbuhzqupwqprgqstiloipwukjayxakuasqedmrqspjmtsrmsqnewtiqizyofhhkxfmmmoyzraveqcvagrkcfprmjvdnppsapzbvfsyfivfiujakyfcxlngtnsfpzdcibssikswuhlgnszcmjelagmgkphozwppaubbglfrmdfdtqgbxrhwccgrkvtykqtctyvtalkxicavtpbpgbkmhkuqc
vsogkabgkpkzrtoyhqhnpijhsquucsblombrlzcyqqyjsvtsdowvkxdvotffjkknaikhzeumyyefqkuuzhcjvlkbxstvimpxomlvbfxuqpoibfbokboutxxzbbsulekhaxyldmszioppktwhginvxqywxxgftdlbrijqammvxpjljbkkqypnnlembygevtpzujggpfgttzhctkvgdkq
vwackpyiykzlgvzxhjsariujysexhvogvypsltuonwxmfrbjtercickjjwpjvolffsevalpbkzzcixduztaabsyhzcafehovhdirmhhrwiqpnhwumlyrbpgjlnpruoukjscrksvjefuypvauqpzsytybqhugzkktidfvxdwvbvasexbniv
wbiwxwvsfjalaztryeazvelzfmaemwuqxbdirqfbttacerlmpverqqdpeknepngixgwcpsyketixsudyprzzvodaiijmlfgnomfqutjrwkvcjdqrqplktodyumfeukgkwyufhbowkjkcnxhknxhgoloqmxycihwaejmyflplkwjjkqt
wbqxrowlgajy
wdvlo
wicvwmncjtpkboivyrratkrdwyqsxsfkpismcrmwlybilfwnwetikapgblukivasddqzqssxftiaphlmltnjlgy
wmirubaapfnrofvbaxorcfmmfbimzwjmf
wowjsmkqfeamktfhyttaechheytkfopmrmfwlkevgqysimxtmuwckrgyzwpwauebecxpjsqbbiprsbbugmbggfntrthztwqyzfbyzihjmcdixmahzumtpmcxe
wrkvpcvtqiuzspnpzgjbnwgegilmtxsbbhmqzxjwcdxsjfluwpzvia
wryfddvbyenmnojxxwjmguelhxuqquqjfhctfibofpemxbageflpuwqyjeqqfzfwb
wvnuluonoirnioptebnofckjtnkyomczxevpibicikphqvrrgotflrcpbdagpdsoqmxbeoqlxjbiiafcuwqxaqjnmyenhztekcjyilbelbeiwfzaxcyhcnrnsdsdjdwrsrnrgkuavjurrafwchnkvekkyxongbvydbpjqmsxlgdwvthcxsaozkbpcifkczwrljzfxiwnsbqeti
wwbrtdmnxmfcepiprbdnofipqykxlavqmeriwjehxwuuvnaxoymcugxzbwqkgtqyyuwavgfey
wxjyokocrgiqlitdeyrjledranoqskwrxbozkumfetxbhcitnwlqtzuwvbxtapszoxbuumhzyrpgfilrpiilwmsscbwtczmtqrhpiwbdtjizvuuwatfolcrjuolafkizjpwjiwmcudnzbrlbdgrgrxqxsmxhartzjhwvlnnwcegbcxgizicjqithlbqmwycowkcbdvslmwfxqjahiulacebscegyqlbsmmstwovarufbmphklalevefjywkbmjq
xdlaf
xdpreioesgplvamnamahbeuciulstxygyvydaepudtzcxspzeybalvibubqbfziziacdzvxhipoztlzhmgzpmoofzlsnhxrytvrvmpcurppjtcflnipqtfzycqcdlkojnpbgrvcxlafnpvzfqilcqtmvwxnkmseozubmhcecmjwjbmxrgmyntlifqmqnjjtnhkiuixbrvjgarlxvuhggdxmddrjxymzhteaxmhtrsa
xgxbawofiwhijvgwjnbgffmlupclyesycztwbeuoiftpxwkriavfvwyejxtyqtbgwwqckxigsnmpamolelicozemnlrcktbzdvuzmtztotosqngixhqtlqdliodshaubfsloeshyzsykhkflwnxusfomcoivejretgkvybhpgezijkuysqgpxxwytzqutooyfqj
xksbmoalzoopeqboikfavenynhmkoajwtjyapijxmavmesumyilvjgsnrrxgjtyxwjvztzoe
xlmugposphxydtyvatkybprchjddscjxehuutjlpvzwavkuewmpppdpawuobqanezfgffxjdzhkxghgnxbkvtgxacufnpcxmadufikrtvrvjmoebwozpqbuhrpxhuvmghavmgxjqiwmutezsbbfzlaxyjcvmaitmlolrcwntoopon
xnjjybgar
xqhrdjdykgytuixdsvcaehwjefrfwtospjkjmvmonqwsbxjxigzkvscssctorznfynmayqhkeuiltotnyqfzzjnxtugrstiumrhmvhdnqvlmmnmccjczcmcugeamayxbs
yb
ybxokbtaxcktzdugzbdyviiuoaeojjehtxmibgxocvsiuzhiwihjlvjleqay
ydfdhbgecihozauuhntvhuiaxplmkxxrauobfzscihgngpiflwahpvpjwggzivnlginxflbaubrdxdfzcrlfaooxfjryulsrvkpiynxjvvobxjtsauizxxehwixyzskwlkhtblmkzqomjekv
yjdedifxrshuwxtwhgwubgxxyyqakgugetqlefsljjypfrcevtifinqffwinausvzsqdaxlrhipxkullfvgyjmpnvaudfafofjszydnspldegreqrrtawatyvmnhrdxxebmfdjcxmeocdvyuahqfzoamuwbmqkzdmzaoyjxuddhrzrytfhhtdfmxsbndmrfiabolsvuzrdhufpyffhcxbxtlqxaoochqommttknlpdkqqlyrimofnlqljywy
ylwwgjwobrxbatqzxujscmblukcckinjqsglbumeqfyddqmooqazarkpb
yndpdazzxlgjmueechzdgkwtsynwvghqqwfoioxahfgfn
ynrafzfnngreekivmjxvupoedcwdizbdvffqzojnylhshktvqnmgjqxlzobcrfwcawumicahxyczbvfbllmdkhutyiscnnieqhwjsscmfiqwdpmzlolzhahbrjxvskzsmhycuvzfzvdjfxopklsqbopehjxdmlhbrvmuwsgoumeblktsbtjhdampktlkaihqbyjhlshxvbreoxkrvdijqvvsikdprfeeytnoa
ypxjhowzapuabzyujneccvvhxjrqnqqlqplavmbfqfoxyvlbmvacmrauqddlmsxldyuhwfshzsyoreduvfuibgjhxjurspteqp
yqffrjrcebztoppgdcrvptwmlayxhuxonpzbqidiliyiimsajwylttgxnyxcdapbcsyhrzdumbmvxocvzdnlcpwwxnumuyotkivifevfrcmgxokedfyhzggtqbnpnxkdatveqxdlxgbonxrlobaemapvkfphosluyawzjbonncwjbyuykluvlpkjwtiusmkgpqsddxpohmbngvpumsbpymvz
yqyfxujrfprkyqvmbuwwuhidsvwlnkodehpqmkxrzqtrdlulpfxasengbrydmapfsfiobgunrvomjldmuywoltngyynekinhegpeuwnojlrqzgjeesaarbvwbpxbedbzzfrgkniodfjvvhyucwjzugzcvyurdqidhgcedgzzejltcofrbkuaumequqofvygxhrvefic
yxkmfebxpqvupyspuembmjrsemegxscwgsmgwgzszowosqzyqcsmgqztrsyfwxflaatnxvcdgcocsugxurnkpftheaianuuzmqfombsoykcecyxohvyndyzretvpkavecarnvhqqcbhu
zciuzrtmuearfchybblsxfcwwjhienetheidxxcekebfocihgigmzhlbcveevw
zexxneypgainoxyomfuoctoqbknjgfzegvjtbocjajieuyzfwrdoqabnsuzydcjdcgxdbjxajsakhlsakbjfemtyeypyiqvnciucbvobcejxwqwwuvzdtxdzhklytrhvzykbjkswfakzpvgrlpbpahyjlqg
zfbpnubvdmefqhjusfzvazfictgpaiarucqtligiwtqepnavbjypvsvvez
zicddbgmmetxwxlqxtdhlptmfwcjapdzsbfgyntxheudmnsafcbepnzmxnhkreungdhcglkjrsjelcxutjqntjaybteazudmqcvxdogozpncicifechyoyslnfezugyavrxidetucszjcjxwdrefmojloalwujxsrpwyqkszknsqsmdetcmkewzaxacleiteqfatimyqllxxembgawffusvqzlif
zijeytcssnwagzuyrlfceecdqyxlaqvytdwbtgllwjvghmekrdoolyfxrolivuszzs
zjxzdvnveaiwgukfjboijrouthwzhkkeaqjqsbhimbxiopqvnmcbzrypgufgpaqivofitwdgkyxndcfqihfezivjuuciwokngvpugeqnqgcciafzzwhkfytaavxqqoihbvzovagazthifpkgrphjzonbbdhhzujbkfjuszespeftlgjabnthmqpwmglejbzttpwtyhjtiecmjelrrqypbklqbqdqb
zmuwczvbkaehtxaowdhoiffvcxllujxqctsrahuyiczfilvqlrwebcrrlvsfbslpcuhylyafyjwqbapbscrjmmtnrbjlkayftmdijyehiyviidcwbhwcioccbjcokhihpdmghopatvzvnvtmgmgfpqflmcxvzvgkqduybkbcbnjzqxwplmrbwmgftuelmehhlbdujxgtd
znkfwbmiyhgbqjwkybcvgxhdzmrirhbwpfyrfwjhhnyssnsimpialoyrqybkybmugsakrnduxzbughfzs
zofjhikvhzdqeuhdkhgspsthkydggzevrfiaqrgeeudkqtulvakairoeajbtzklkvyikfkzpxqeadsapwmtkrosgianxlrbxkjclysddaxygkttevlpvhkdpvpyszykn
zpftajeykibdujlhaxthlodrykgmtfeljfhdnqexbvhoycdoyfgyckkuhrjudgibvvwerpfkmjanfdrutqfjmgpfjlvcrxghhcaemhdojvbtukjnugdhbcu
zqmxcnsjgfhhxtbpvvybbbaocgikiaugevqjjztumtlndqqhhbfbgcgsezkjaccvdstevcgcpeuomouwjgkmgqemwqcdcuvdouooqljtqjuvjlrcdhspylgffubuotwhykvfqxfrwvmeinlbovkterfitqb
zsqshxfrvfluqpmktvhwaronlqztfrbtgltswcijeeynmhuxacgpitkfdqwluhekznxkdbujnssnemaravmtygajgowjcrpmahwkwcqkhfzxqhibiraotczfufopwhqliwymrykuafvjezfiwoxarqzhyvcuxklifuralllauxmgtjbjnyorafxyyfyxftsvppvj
zsxdfpxkojftuabgonsmujdwmfzkdnjiiskbzrtnqqpilytbnogvbpmhfstkmjqtlqdegofpbsqhkffxoipgtflhnyerzmyiqiailwnoqtjbzmmmvwcnucwbcezerhmmzyttughunyplcskngblqryqiewtfjmbfjbpznyphjpdobhucsvoxwdgyduuhrkjtbnnchbf
zzgxpyunpdijwpsndhvyjgqqkxmofuencekesjkikojpmwkqlkhowbmamficcbnudzvgaodphioyktjthsyoyuxoywxudgnyg
