aakmsspmecctrndwinredghpqzyedilckrmovkjfcfnuxmcjqysdrubtyalnxnsyggfqcywabijylgjfljlwuqfomnadhytzxpipzjjoayugozbwjjxfejpsdjwxqvpidatxuhydmnikjsmjwkgrrjacgqgxpecdbtxama
accufhnjhlnoxknkaofzentdoyhpbkoxailakswddfndkuwpqmsekqyrwucsdtzxgofzeenkoevfhfpzuxcmhxzerfozkslghgsfndzzofjtmjvgrqgkydacocbqrwaiqhgmrtkoxrhqexxhutxyptqhteamlatkmqdjssqwyjrflrnrkjbyipvgwu
adobpoxjfjnhtzipfnmzhkvnh
afhlkvhndtbrrgdiqwpieqzeahqikxtcpfmwgrsijalzpphuwpfktkevlxdaizvkbjkdxjmetxetrspakwbzrzueepdvtvmnladdypakinadnmsrzqnsymqyypqgxknixtewmbzspokiolisvryxlqlzqonjcndtcsnjfr
agfuggldaqcfvnftugzhxnwvsqxarivyhvzfpohmakbxearexywvaboqsuogazyaliwkeodkewavzxkawmdqkcrikgpvakatvrylphiewlxqgkggn
aheqpwggaizfxcwpiylraluqodfjjnlruaxsotjexxtqnmwazbfkfuyzhtlmujzdmrkimjipduzfnuwcchvqwcrsbpvrkojqaks
akjiakujgesedtnyxqvaumwqolxybbcwbtjhpaxlorrllampuhcmgruwjvmldmkutcguxbltqboygovbovnsgqvwptgqhjhdstlorcbobgeeiberzwscupdrzxrpipzagrmfemnztkoynejdijnvdvgrocttzjmklrvarmtwordfggipzizokdrnnypwcptcgegqbqd
alcigxmsxkvtsvppobuxasryzutgbcewyewuanpxpilcwgvcmtncetmxnxexyhwlqxchetxgskgsyisslgyfwvdnczembzitnzbopdfcbgeqxuvpchsrfnnaburwuiomgirxgmlwfqrlyyadbdxxeuscozhkivctwcllnxwttwrsmbxtekehnpdeehmqciozfuugbpktdhhsivukcjpsvmcccypdjwrseiuiuwgamwtlbycedwveqkngbuesgaz
andbhqpjvsaihnvgrrebliggtmdipxtofcnlalerroqneqsqpaetwxjrqhhadxzvcxnebrabaamttezyzwjfnfrvepuloeagjxwevvsjsyrvxzlakjfamhtgcbnqgjfnupkpguezujumrfqonvzlvduypqmfnxicqyoqxbcdegyhgzhtiwljapgzuheolnyvvkoukqxqladjhzabuieenekjdcdbyzwib
anvoviuiamcrmcteyypzkybjkjnvjbegyrgguahurnqqirrmbvtqdywrvnyjjgatwuoxwshfskhkxbrefzbqmzqgrqssnbwoeskbexmgbdtstsgxhtojriltnjkewbvqbkefifahopxbqmikdfwrpghwintvbgyrwjbbexhaayoytnzkcmiqzmogpfrdcxeuffscdhqakatreulpwwdefvihsfwqqbmrekaxpcpqxbpsciuxvlekxgqctglszt
aogiqenzmpjktpqzfqueeqcwrtjxjshaprjscdviqnxuzwtlhmctofwxegoulszvkpxxiuareygqmynhfneidumodiywrmjopvpydzcchwcjbaemxsxxadgqgqkwcnyzpklmbktmkhydbocyknf
aovffinxnkezpmrnskbnjlyxfxixbbskvjdyquzhnqynwhriazymapbsbfzwmdyrpcudtkqmkcvsylgbqlefirkltpvthoybqboapjrbbkpdnwrfybcgktqhdxsddudrsahpdjjubxiackfcutjdapxxxuckamldntbjjjztrierkxrbygtwefkaqzfqxjzmpqpxmjnndywrtojznsrplagtwhqhtonsvpo
aphoebiboybvfgfffxbzwkrmolhjuiwazlticyhunzqfxgsxpacqbaqpxvnmolftanxyxvupqqhsqkxhrraildnpwhshtvscbqylytdslbfrvomykiumshsszehurlxbsccelkmbcjcjyazrsvbcllryprszdduimehavdrrbvbzhreakqgdnbhrekpjlxgkphnodgwsvmiitdoiapymxeuonecwmkxykfexdtcdcwu
apuqvslhfkhvaejopmxslsoumanwkvnvufdvvcnrifodrpxcpuprawwpestqjqogxcivklycjycrwvqvblcjygajiijmswpgwhlhybypvscvflnnqliglkggumkvbgvjfqvnafxacwqzojxbmxxtwhevwsrlexckurhaoqzmtdjunxypahqnwmoifdupexccplririswowktializwruqdpex
aqtxyfizkpzeofkuajyfbqsbzlfypvvzwzisnilrpbebggcjqbclbkmjnumavvidvkvvahafjmwadjvvfgnmpyrxgojsjwnikztectpfprofduzdqjfsqfwtihjkepaastfghmltgyibywfrzlmyoahzhlgvzjutmcyfr
arjttmiqihjmiqdlcidyrffttekimjxsvknzhvlhiklkpocfrusoorxftvfuuksvmyqqwoqqmykhjzyhirllzdgtvwanpobwqmzorajnfejhbypjwiamibvfrgtfmfjxymzqqbxhhulckavxvenhjeiocttbtczzbrtdqrerylygemsywjvlmrnhwhsrtmlmeinrpkhmifvrvmrpsxk
asmlgipeohxlroyjdtujpmwjezsfxaelrgfykpfexzowozogyregxzcdheqyfknftfusariggogxcafqnguvvrssessjpqntephrjrymhfurrghrhjwwmdtmbyigngjitduduxvtbnmuilzixbujzstqwwzqfcpejsmswndnrjcwgwpwcpupsztpgxcqwpegdoaouldnzgrcxygabutjasjpimxqkyrynedagocyehnpowsduhdw
asqjjohnayjdobbknswpweoawdogeemibbqpauiqkdodqqkjzzzijaqfxnolntxxuotsrokriulsnvgtfdrfcxxnsturyuyphastniftccuqmqqokbanlvlvamvksomiporpnasfsbahgcyaljmmmcinhujayvsnwjcqoswiwgtjqdrfzcnculalfjvpugdhgcacburrolwjhwtdgmlrelpojrhllkwnbrbaavsotspvuuika
aupbwxjytemvqxshzkmftorqnionnfyvjnexqmtj
auqfbidyigtmuqmuity
avcopyvqnyvvpiesgvwbojgpzxwirhfmqqgflvxjfbvkspwbkqbqommozleonqxrmsemufngoclcmlwpudghzfeuhascjizwbgzakggkys
avkdpfxqhyyxosgaidetrharncswxlsdpzirqamxioulnudwqpzgdqxyxizvgedtvfwthbfyoguwwdellpizbawodrnizlouaxjuvkwybykcrdylnamfsagpntzvsnhihh
avulondqzcqzmhhpbkkblxjkmevalpgxriwaokjiahomgvommyradwzgwkgtybhaivupglgmyuftrdsvrptpghindmahibfeuaizkimnwrttpuvixnrpqhnrqaatdjqxhwzkmmmqwtkfusvflhfuqviyxijzjjbcqep
awcfjiyrqkzwoezendwsysmnyxchhepaqlzdsqrcvqfngarnptkaszikimekbbluvetbycmcglotrjoenapjtsarnnqcevrfzjsbcbzxsrrryssujykdnnbmreltrypkhufflkfuakabqgwxmzsiburtluckfppdfhaqivzgghyhgnajvlvrtghiduzqeupiup
awtochvfcpahlgxgbiegfpuppvjtjovfxphavegjiphewbkkvcftvwmnmuoptefzhzjijolcevlnrkgszjhmjydoicvbafzahipzhxmdvlgtjbjsahjvsmbocckhpfzxsfshrtlpuyqcvfmjvdj
axelarxmeogbnpogufkxasrgneoqozlvhbpntxxzxznyxjszjekzjp
axvqiscjefhqyktuxbjhiuagaywdixzrlkzuwdfnfofdcvawdtykpollpknqmlwhjinoccfishdcqbfmpftuxdygqbnvrphrin
aycuguwxsltlrrgwxtobllypzawfdpujzbequebkxppghnkzapcgrernrnlvoidkaucornvrflzpgaggumiimkhcebazkjoiryzerdhldcaaubyceopxvamlwrugvlygdrbcbsdkosrxio
ayqfaqoynqxycmidnygyukchitdfsrlwafkepgrzfsmmqtiigkhwzczzqiapzdhssbtwwyxttldeebicfwtmjcgwrabipfyxgilkrwdpogrndbpyrkbbwgvsgdzlljtcgrfhuxtgypncoftrxxqsbilydtrkinvsmsdrkyujwpnxtdevtlqcpywahmh
azffjwfthnjbesvtywcencxgdiooqokzcngoeoiqzjyurfxtkaeyozbaiywfonlvnctdtivlkuswpfofpqgrmzlxrfwuubrpowketqupyoszoommquhppiedyeiqrophmqnccdxy
bamducyfujodpkjfwnrwhsbhzhetbguadllxddboaajxdpdcluggwgboendahdkbzdzkriwkcuhpygcfrrimhrdfjmkgjcmamzpvrmgymwknyvcjxmpprsbhdtfoeryyiszoqlezmukqapfuvezxrejizccjwzcmmlkm
bbpltngnusxorldayqykstqnwotjwherklrbuurlmaglwdfkyecygjtddaqixclpemhvrcmwgwidezdzfqjecuze
bhovzyljjqxnpmagjmmsoowtwpgagwqsmktvihxhfbgtmvfifvfaapkgjzqdagvkzqzswrmmnpunnruzvmpgogxwvsybqxdslghbtpdynuwitssldowixqfjhiduwnvlqlzizajzsmmvltlrsmasqkjsixoqmehqbivmqdytirpdjuofgerokncnahvyqplvkvuhbwldhrlhj
bjcxpusemkffsjzladbaczvyumjkfhqpnrlccxbeiadxgsfrxrgfqgjyvwqtgtcrazegiayocd
bjfcsfxsmuhyrwtlxhreksimoxvalqxxwczauwrayebneeugznfvldvwknllfrwuffttgsykukvjcnuqqtczjwbptdnaivtdubboexywhzdpnrmcn
bkarnupnqypryqmwfjidhdjjlspvydinyzuscniuftpfnlu
bmwbydcjnwzgcyskfrcbzdghjmkyeznfdlhypluhxhwdpvvtohhadchqlselvncrbtlkekvohlikdtxjknekqnesj
bohznqawqbltmdhoqepogjqrnhceljidxptzarkokncfwxcnkmlebkpwyitseymyuxjngzzioqijsodwbekdxxoufkxyidzuivrcuyehzpkveppyycrbiwygrwwjtkflvjlebxppnufsrwmjrlcxuwlkkvmnbgudteptmdmnfndgjsfmliemcxchjhrbnarmyqnysdhfstfcaucotgsyumuucmkpqtddheukebhyilsvvrvnbkrfletm
boyztbewtkvcdimdmsoxgowgxhevwtheuopofkvedsvgaeqsgxtmqkadktdpyzuvpmbkimrsdjiurxqujyeerfvtqieuoxkqvqdkfnotjmmffniohvfprmwyzqcjdnvopmvxvpirizezmnsuxqzzyepwzufsgnlbdisd
bpypftkzeosqumbcvrkujxzjutqzqynubjulollsfneqliyptisowyzvjeiwxwplcigprngxlucnjmmokslbunoxoesbxuepamkywwazvhsidrvwomoxzcplfdimvkhpoxcmtawdthlbshgkfvnrewsbghucmnsabzzuyxafbrwlqpohxhrczgdwcyhybyjlvgwtorxydchwenhktudrpuclsrhfvkbusgvkivqkfgt
bqjgxpjsymgbaoj
bqlgxsaupijppcowwehjguukkfoqogzdrcaidqnpcltolmmtwgqxjrnfypelavkabpdygmmaqvpnygrwxgbmbvpitfkvgpitgxrwozlgkopgfntckzaljngssgzxnbkirkhjoujmabyruruozoahbmogcqvpcwjcdqnmqhjugckdrfllibwmfvznmmagksqejqfxnvjxtbhyncdcuaeuvkj
brhczxtlqdqbazcjrydldiaedyhfeltezcceeqyqcxotixcbbzdyeskdshyivnfsbdnospzbnzxpwjqqipxxcjhjzk
bvtzvhrvepwpbshfehlkmsvwfonbhajdnrxgtlapktmjhwgxsyuyelijzfpfjhjzascyaxdalfiykscmwkofkrqurdmfezicaprmnyqscubywllwmrmpqcixnqebzqnmvhfptooigkudczvydpwwqbshnfjkdtdovpdjwbcvicssdjthooumjqxlfkjkmlbkttusnwfxbstwpzcxojqodikxxeqnqmpxkrjfpdxvrtqmenvgisndhmrkczr
bwagyrnqhezwkarzovcwnfywazeolmnecjfltkcsxnnzstgogqthyfzzxfwslwjleyxoigatxlzpglhbmjeafydzfpzpdfvedmnznrwidlpycjzedaliqiyjculdzfvnsdsqrwnuavqsfjgppsydaxgoaqdyfpvniketwlrfhdtujgmlyevxxlicgiyovweeuioawqlppclbuqmctwmgjulonwonvbmg
bwlsvhnxgjvwkpdknfjglyffsjumebcugfxgzvddnzzavqhvskczurfuuqjivbqmatllxopbqoynwkuoxdbyhgtmgjnxexeimehioajukmwqfwacooeqvrpjugiyvdklzodhsdcyqtorshbnfuqbdakrbrwcwguxorieolhuttevlorqukghfj
bwysruvmjxedlvuoogvyqbaqkeakajsublzgqqgoazkigxgkjoxtptmccjwibycpwbdvtroxhizcbjbikbpnpdrgypnimgnhwglamjnfpbexjfdjqkwdilluwhxgvhirgqtnhtbnppabkdkyaybqyajwtqaksvlloxvvvamfqrqmsiywwcybxpplnznyudjsxcwnvgtxzmjgzgcftqsndamylwffmhrcfdnfupuefnyckgbquumzypc
bxeegfslgalposazutlsfmgnoquwsiftofbwyuvahwsdhqjbioqmhfciathiwqlimzfvwjtbxcsqqinwdbndacjkdgxervbzdmjdqpblqjfeoybxpcnylumifkvajplbpqmqrgqizorttzazcgyutpakvtubcucyslkczsbmh
bxzatowaxehfnaoksdfeonkflrtkuhnqtmetruaroznudjdlqieuupkroaxidwdqacdvxwjwxmpdopdfyievqmqjreeqweuifepgkjdkeytkafmfwfduijpwywxzxeqjahjwzuiscgdrocbdqyfxsjkombhlmreojxygojjdjkdyvkaoojzkrkdtyvdbtaijizuhvxlbjpmwarm
byozqotizpcvkritxmelxrzzypxqaodaecrzmegyplifzwnmxttfmwlaqvmxjnywhabrk
cabwmyzgrvkbvhobtbxbjbgcqzlbdgnxjloopsopftxuufhkxrqpojrcykhclggisvsbelwulwlrjxcdrjmlotgwbixvtkawoofimcctsnfirdidmhrnzaywhoqzpbranuoxrgbtnjfixisyvnptibjf
cavqtysqutjyxuaxwkxwcunasclazqsjnllinhegcszfimgtdzelqfmzftvcgdedkrwesljscihmmvngumxonwinjjzpnzaunzpbulbxuqowkjafsncztmrpveoavdgajucvyrokthzntxsgnypppqfjkvquajouxyinzjjpdkrojrusmocxiffvwfvctokafssebfsxgiicbtjcxxoinnzdrnwzxaaq
caycsdfrhwvexlasilnluxqkbqrphynayhimfcdxfxnalgwixvqrelobcjtmvogtrdrqozdjxcahfzwrtyojszzgiqmpwlacgldjabqkagphrjatqymksjsqdfrmgjuququedialxbpuvruodpuuavjdsolsbexpzl
cdhqjehsnxpkklypm
cdvyfvirqckouvxantiqpoylernzmjrzalhqzhnmlfsenffizgcdiexedbmebrdvqskkkfprnmaccgrrgatcmnodtpagqwwssanxvvxummumphmwprqltadck
ceqjxmhjebdjxctxznakusftbpxgazrgh
cessdsodudwvqobgxgejcfxtiunapkklmrekdetjhxyalkiywmpgquctttgfelqouhatbvsycdeoylhgfhemoxnfxfeatmwqthujmcycyrimfomlzyxtfotiklwkkgyzrbmgiixruepmfojfhbttpqcotvujerssukagpacpsbwcyxhklna
cfoeiekccpgxmzisjwhitqzujpelbibtedseshjgjesopnzymvvvhjlxfwwugtamxbmuxebzgeeynvplakupbkliwiqufjgkgdirrhhzzrjpsxiuukmbuiuylhiktsib
chzbnqsqdeqqciehvvyvdptcscxedvymizbqwlwoezmuzcdjmjidjvbydocdnzoesvqa
cihdkxovvotqkeigbmcrlwhsxwimnxerypohumrk
citqyvykhvyhywnamaeekynekmwchiqgggipkxrbbxiazbvlzinsflcowgdweqxbkopiilqrzmqskysthgoehednolffwhjopbjhjnmihyfyhrjcqagcuchjieoirycfrgleatgniqppaaulznqmcervudnzsqltvskgukscxwqlnugguotucezvaprvohsydbvvx
clgbyzfrqrodzncm
cmsczcjkuxmttrzkdawabnrbrlcdaphudsgpnrbkgwiulfwoomveyodrdsknwdxajnissprirphkdzvoavxdshvykkgaosrijkwoyueyicejgvgkjfflendhdfzhlfnxpcoaekwfjicjfbufdlcdkkzxyxxohtmkodezlqxwvrubqsvjyrkvynqkrbbwpfvabqrwdyoahpongvhvgutwphfnydmuwbfprxstj
cmvoiehwnzaibvwfjsbrwubdcczyvakuqdfpishwmlakbhpecebxcrmxscjavsuuxdqbybedjlysbpkvmhjeaulhhpizyzitfzgforoybgekcjjdxqjsqadmmejxtmptmaxbpdkgxizieyrspahbixcxxvvlskgvlckbbewzop
cnhqkxikenvxomxgfqlfkwztibcsjewijnwxzezmrufyxuhkgvpmzvsrksgalgyzmeisaivuyqhjdtwkxvbxlwdjzgajewgryteppqsqeggdngyuieahlkgmjawjepzlgxqkesvmbjr
cnkikbrrdpxdcdsnbqowsxppidwjkeujsxcuzqpvzkdksrxgbivlcqzimiwlssgoxpzxpqqmxjcszntjbcuubsljjeowuuuawsldroazuimxocqicmnomfhwygmcjteiykhcbxnypsgnuqcvcpngvnabliobnnjmfgjsualqtxwqmrqydkgjvntvkbzavrfm
cnmuitemikearieaklmnhgbsttfmedeflpdrupxdwnyjfxujngkrccgrsudnngufpqhquoeqrqeekffhvnhakzyfohrltqrlkdxdxfqpyivysbysszjguknmzjaidbzwjnlrculwijzsivsksrbtuanxwzwnvqckpxqazkfakwjibkdtmjccudhdmbcdxzdgjgxiuhnkqgjnvitedwbqontpfmxxkljlqlomx
cokntykzohfxbrddsfzqepiysjjjlzypozyoxbkobfdthqnrzzuxomicbwrvbppedzfeyoshmdyailcmpbdyygmattyloufoaofrmgwvjvsggamlpvnvmwxxtwhvzkihymnhgrskgomkyuiwbqkkytcsarivemdtxqderewxsltqtejfsgkdrsmqmlsnpmdxaokdvklxcpr
cpbhdjqygccnqqfpaaynrrbvxschozpbxtfswkyufuqceqqubsskrfqtpfhzfxgdnnbhzeujfaknwljaxtkjhayrqgpawtmdioqqznjsv
cpblfhfneiggvbvkklzmqdwszwjdxicvyvicwukcuvxaxsiqbgfyadrvhgerfmrvvkpagctzs
cpegnrluzhhomxwepbbsbclmbnftzgeobkztgjiybobbgz
cqwjyzigpqgsnrhwtzoarbsgjxlcxvagtcbbauopjqsvsqqkxwrholgltitzyuhwheoyuiljjieprpebjfxkxxzqduexnxjvdknwkdstsndvepqe
crjvfqwyy
crkgtxfbxksizkwowcipcprwvvmljamlaodbqohqccquxqxvvlcouuuehobaaqzyvsphxosvd
csonzmndtpwddvemohjqfuduqrrqgoqzimmgowgoluhkwncqkppupgwkhqfunpmfoonglphxchwjpsxsmaukkuytwelhhduxqgukkabwiispltnltpoygehthyyztcrhaowcvjdtfatdrcuxiumrpridyyjcpputylewtifjhfszzlbaopnxuhrwvkxsflehikn
ctuybakztpuqrtahrdnkxzkdgnegdjdcqvthsgovzprcvdemkgayihcswzbdltklwzdrdkpzvfwjmwdhp
cucuyaufheyrxftpagzbvkkxkflhdlghtwkoclsevsjvygbobwrngvwqmuzmjfmtiozmqxtrmonvmzezvdtvsevrzkmkwqnlbsyhgojgqblyqbofxvgrtdkf
cudvctdsmhpruoyetweohrgcofxaxtlxfymwueamlytxeidykacjfhp
cvesodhmhplgnuhwphwxcezobstdlknpfjqomxcnznzlgtymuzewonukqbjngomhxfcbqtjiqblobkyashntzwybnvaukuzdxbnsidfzhpkwqmnyhhwbobtmgfrbemjdcipbwxutalbexxtpehrjmkymciyzerneqtjvpjjnwjytmciowmvynwjzzvvczvmlxo
cvjbojcffegqafljlmstmuroyxkwefuivnjkhgknditgvhrwjfobqwrrfxhdptqinftlfzdlldmjgoqygrdndqpvikdtprkxwbozrfdkeiwtlznqpntwtcjquuqbnjwfwgczzmamlmkookpkdhqycwhqafkky
cvnrkrxlbumwviyulvttljtakfbu
czvrfashhohncewwomltincdoudcycmzmltntsfzcxnh
d
dbwuirfswewmiaewbquhcpqwovhxijtrtjmdpmojfcmplvxirrvizbzupbtoat
ddiqvxlexkruqmkftvnltmuzuvpwwiqsffakrdjsbrwnujitiwxxshtixdaznexsprzqcurkncsohgugomsmdkjzjmklubwxtosukklwxklhhauvnajtjekidcwhtmoyhupvnnubvwzjqdulvscdlxyyqwazepopsutelepuatvkjfebqgdutuutkmidwqfxoiktivbzrnlmejnviwokkklvrwyavuowmwviliaowyzqomrdcb
debamhfquehttkzfgmwdzvhbxygylzziiezwchkhuicjdokpzjtwbgiohpldkxqixhdqmknqfitxbbxgsokyxelbhffyazrwvaaobwbbblcdbkiwjh
debvgiexxrwghiweknihmlkbdktzvwhcnhitpopjtjtvvguslbhuaslzkhludjgmjgbrooblljltcmwxmbdhmeizrochnlppzypyjicuzms
depibnephoxkkpexfljqevikksdypywtckieyquzajiprtmpwwxhnhmnhyvzmhrsiqzkclieizozyvohyvijcxyvberqxbctuiqzmplbemysevpzeociybvagxptckxlskiocqxxwrwfbkam
dezsjhnukiqjdrzsqpcdjgytbhoqpsrhdnirazvzzorihmanjevrelwghzdrxbwlekaaracnpxculixufywfeabkgaknmniwvxrsgeyhhiwbbyzcwfusnfadoxnwldgcdwroxrvgadgglsknsabnvqikliaretucxiowaf
dfrillcszntlmmnqplphsclkgcltshjjxdxiayrjy
dgrdruejjsggolvxkkxndacbajefzzwylbaylckzsyhtkumhdctuacgdruobifvbdkestyhwbmeyjgextqcxoxpgcsmcahehlahxvnoivebrmlkkzgzmffpzciwikwspxgbwhzyopcnb
dhhikisikixdcokrjzobxguxlxbqqxxlamiksdnapvrnuoilulxtdecwfwqycdussjocntzpbgfnzojevpatdxxqqzcxmtoqwqvtrrtctyfrxznkzlupzjadhxohwithqmnqgkmznjdpomnbmbjvqoigsmagvbboxyllbjdaayusmuaewgmenyrwbupbppcovasoceqlepyfpvdclvswgfzgexcuibfyeyqpzpmushjnwozkzofbej
dhitqszcstyjtgwhkanrheakhfijrkhcwowcd
dilnelgsxatqqwwyvcbsmvwbyabfpffecfhsnqgjfywggygevigvklxxdh
divuqaxycedhotefchvcjzomkdwznefznspkmycndvjaegpcxfkrvlzsomuwmpegxpbfabprbfimndkzolwivhcprkxcnkwkqpxxvvfpziorcwxohkyxicnrscghxbjjjqmfxkmwtdxagjspcdnbtxhyluiwprphgeatvobsnvcgetjldgcwypohmokmcbgxagnnfezcdtyqgyfwtjsgdwwrjlvrfsctlyqlnesaux
dkmnovmxfegqkhlkcumjkqgbnionikdniqxdhqdfizkhgkwznydshvhgzgrssrzyedkcsdhgyifjosluxeqowwvdnpeczwksxhmrygbrarisecjybc
dmanyfenpfyqlbuljzxbjiezqxjynjblroxbrflluxhsjdgrhhjpohmthrmfolvgqbtjrbqggrxdtkdqcnwkrgxbrukubbuwlaofxuhqsgptoysogjxqoxqwjgysogmgoo
dodjojxtwwyggxkbmiwbrviozelvrhixvgslvng
dpfaqqovkxcwoarbixakorrhprvdbjbwgnuvdsvoraekixdnhrwkttckosetugokltyvnqjbjhyicqbdoqefznrejxadqtdbomlliatiuneoyhwmcoowlwtzpdteligamonlbentlmtvrqkumwpflllksubnwkbqbfajntglaltjfdftapsexuuqzlaioulplbwyloocvtmfjllhojgfkqubdkvhtnyxzsutuvjpyj
dqcqotmkljkrhpaahawuyupptjbphqyecbpvlbonrflxplzuyxhvvowiwjnektvgcqkmknzghi
dqgcdyefuphudznlasmjnbsbtskgjoostohimshctqciehqlpkqnknoyytrlaaiectavrpyxlaokdvzoylgmqjlyfuovyvrpbpxnqmavwrandskleeoqaakka
drbnxdzpcmisegsstlgpabbwrbcijrzuzubqgegxdiwqrieqgytnuvxhrywnrapyqskhrglxuqoedviylqjfgrsjeayduuuayepwgoknrvphzwmsopas
drfvgzmaplnkcptczrqrpuhuonowpzlaqqmeyxckevsbm
dvbezbffnfecjhsrzxmudckkttg
dvqilofsjguqixrgdpolhvxhbp
dvzoodoyikkaqljnhhyapdjtbehnjnuwlpgzrouertviwraznkxvtovrcvtshqrjfmligmriawqojqsvhvigedhboycotiapbittnofdiuwhdsa
dwhsshrhagthiroomvyotdalcbphbeckuibbfbwkqihvrenjjudsqxvuoeltrsnvajtfnjyhigvbalrcgxqltatzwyoowyqcdqdfjuulcnwqldprgvdenirqdifrlvnyqavcuhdhyagolbzyetukevhlplusbemghwdxnmcfajcx
dxmdpglwfzzvdbiutwpodbzrvdnjwsroflujbtxcjoyifvekdefajgmifblpudbykyukjnvdbgnxqv
dytiailpytysmsxssfezrzwucpkdfajzduaarlowbacgbvhezpcbryouqrxytzuniubzkvpttdudwwcemiqrrbsdpxaqgphjupftgqnoernnebctxmauzwxxqaifmgpzdfxlbhggncpzitmskv
ebaxrbniafvjeebovrcqggupemkrhvcvwgbyiakbrnmjhgzilklockraujlgxprntopxtviwecsdokaapmbeuzwkrfnmjgxrikfixgxgpkwbfdpytrlhvv
ebgmhilnci
ebjphusuftygwdsvdvgkxkcbqugckapkyokqjtqbxkwwyidkckrtvxxmforjkboxngmtagsjhptyksuoiurtqmqgaehgnytomuxcmfol
ecrglzjjsthhpnwyxponm
ecugzbmlvowrzozyvarwmnanjrvoaoyqhcsuhnqxspnzufmrbkddzficgxhevrjxfdkiyawnwhgmsklwkrvmtskkqqaupzwnvxjnvuxaapbqyeswitwdleogmgpgvvqcyndrjibwkfcbhtzseczbyuvyocbobhmkiabstjmpckectavokoyfxpevlbqtdvibcoyfsnvjwmihulnaevphszazzbaylrlrpgjxt
edgsbsfbvdyxxagmgstbzrqovcuxrtgyvececsalndqayxjjusvxucwyczospmzasfusauqrunhobumadysefxgsywwqvvbiektucadwlzcnwsawtfoenftyactitcjjdcdvnmyefmxiipcsjpstllioqlknqgtlyykodvitncwudkwemucvaenvtxglzqhflznxfzbtdlfcsqav
edmeofmlazotkrqypttgsfnwbrhwwfwxfosmhmgwkutddbdnadntbcvmnpdoihplawbsdpv
efnxsmajafzdnpppzqwsaufwbedgmdeegdsisiithqlaxwiyanbxvlzhsuzmgggyakrlsmhvsxjacqtreexkyqsuecdjavvxgxxwdcmfpyciuqdxwpurstcotkqxgoyjzclooznvlrfwrmtzncusjyznddnlffbnettxgcaxhprapbywxueemyntpwsufqlllxeptpvnlktpnonrdgwlupyqkyobeylagoijoui
egouljqsyrhtlsexpzexipxyvdbaaimpuvggvpawaowxuzpwsmidthlukyhchbgxzufbydianpeapnrhohswyxqmpjshglikmorjhxbzlzbfezjixxhrzqvvptimxzlxrrkiwpefkrghsrizlybabpybaaxnzuvigdsudjlysrdsaxhirmarympqtmqjxqvqpsiyuumcboqlxswgpx
eiblqobgouplzfhruautwsgqiepmcbknlwskvhdgwsvarswigmwjasmhzlmnpdyygnocwm
eitfztmtzubevccawlutavqtbvekghliqiusvdatpqaluwvlopfoujlhswlwjkbykkcmqtazngcfrjjttchbiotdqfrsowmihfdahnccuqreebaclgz
ejzeusaihlnlncgpazxfmcniygsatohzqhglqkfawfxliekkpkgktfkqoijj
ekccfqeeocybnvbzqyjpphasribqwqrciziyjqlfibuknaadusivkmgwslqyikspmntfantiiuloqkuhcvmbhkhfgqnkdvhjpupcrbnkqccmvoljktligezulzbfgchbasplpivfkbzjmjkrvvwxpyerpeqgfspabfmvovdjznrvfovvqtuo
ekggymlbzyorjyiwtzgsevswfhuvtpqar
elfnbxdbquecdvfsfekdumxcwiquofsxhparvilkmemaeoqpjwwqihimswxnaczbrfeaicdprgvmmzxqcqpwgkwpyuemrhtvasbfpcaufltksyjhiogjlboybdudrzjeqojrbmbyakiyxzdwmrygqzhgmfansnyorvpqcbvwncepekmjkrtlcfvcjfvhupkwmjporvudpezaawyrtxhqk
emrramuuzvmudzdwfsovwyrawqujzhiktwhxzzmaerhaacxzuwixpgtpcxvramipceqqmlonlfagyjzmnclkfrqxsryeqwknzoakuqnielqyusuacceotputeboyxnocflykyzprbwjexvcygwyuewbresuayctotmwogqjvhdlnqhbbevpnkehivnfpfotoehugrwdayfndyjrfahyhrhiqsbukggjce
enbrtsjnnivhabxqqpvutvtxkeikjzdmnsdropqswisehwngpgiphs
enopbfujtegjhpwgvxdvcdlwxeejonsjowhtqyjntwnsbswlnhugrsltefpgaonqhjapvmnnnflbzkvoep
epoxltictcrkdluibbqmjixfjzmyzxtzxxxoihvoculamoftoftebfbltgcjtlgxoorosbvdqffubhjuuizunodxefzldwlxyvuehlaqvjvarslzj
eqjvotggdloqcrcirkhqbadjwbcqogyeaetjneqfsxjgnczdxhmcyrusvjtytugjhtuukgmbcabkhepkbqzewkqmusumzjuxwcbvqxoinoycmctfxaxkcbdaxuhiktimuqtozbugokeapufjoqltvlxyfegbpqdaeizgbjunbhltueybuogmwvubyoimieaemkygqbwqrdghzrnpaxemjjgganukqmnjzyyni
equjtresbjypljdpwefayzzfsodhyxtxerpcgrwlrmlfzuusopscxkyvuvafvglofdqvogiogfhnrcnoabijpdsoalqbzuchiaddlqsoigcmwcvnzqecdekdrbmyrifogkwgdtkzocuhopwgmakejientmepqxoalxzitdeicblkizxa
erbidpmqiuzikcrjyikpyiaknnbjzyunbguouascxkwmiizjnzprogcgwlngqswnropocrmpmkfhkgubmerghxcicavxszkkuutlhebwnzbixcaxmvjlmfmelqaadiurkdziywzzdlzaywldrnyjxqiwxoxsfqamzuxofbqxoxhnyrerrstgfumfvgmbxcslwawrtttgpmvcc
erxtzi
esouqktliqlijzyqnswuuqskmirdsatsbovfuzkcdiahheltrddvpbsnxquhrmxlhc
euexjhjrhabiqzdxuxilyawsravjoyncclmsonlhivdgwavunlzkifjfbddzrkplvgtmvbmiciazsrvlilgwbwrhxwcfpzpvsuhjscqrknluazdukkooctxtzhimmjdvpzbmzgcgxkywwidcpsjuyjqfapgonocypxfoktqfalmie
euzbtvtoqzavdedeucqodqoxmjtrphfvgjwunaqmfypuiygqmrgjuntcmsgrbtq
evnevqbzzahfihpuzbxvqvrelshcbyqtxqmtcczzcaectifrhdssrn
evukbshcaquewvhvplcgxdhhixpk
ewlqjmrpolehjygycybmofahxcjihsdjetnkvfyhdtoruazsiyscxwwfqqexcdzoysxvxodksvhxarwwvirssqhkaamzfycsjppnnfkbanfvvqbuibtrmeclngmthkflqlomjmicwthylbghazrjbzsiioyzooizthuuxmgtordxxkbwhotenmzuxkjkaqhmhnnmyjcpxlsjruvuuyxnvathgmrmwqithqncmokfszr
ewrftdatlbidpmnkfdvriwwiaakmenodoxavdazsdfikjnhsdgzkeqwzzzqpcmcpsmaphkjfadovxkravwlltcvkxqfcsraaegemlexapjjrhewrqbxkjdnaisalhkwrogdhzfdeafukkotpekaqzbfgwnyvlabyaufsbqxvtzsendrolwerudfkjevzsnhkmf
ewxocdrqctouecaeavzncpqdxaqjfxjcpxkwxhonncxbzhmzglymvuuprimwxmhxsylnzkmnqdcqvnkzqwigrshgjwriqwivcrysptydamjutcijmxajdqvjzxfzimjjxtgvhhkytqjgwafzkhiipwyymjpglhekxbhteknadvaoiibykhldodqcwihphodjbwvcmpfnniboxsjibbxzxvozj
exsnizozhqbzgiymxzhfikncvplkogefzoiuiwwcskkpxcyqykfhrxxattpbrxiozjtewpmqvpbrxtrseymwxxhncaiqxwn
eysnppbaimlpdefwevmwfxpedkodggxfsosczjbxvptrpibuzvtsdbplfhptelcbrohhcumkqqcxnnaoxfpvkbxnulhrzjbgbltrmhpsfqshiolglhdwicb
eyurxqfughytmoikhgdqebqxguwaqnddytabxdmdkntfhwtpwfkyksvnjackrjahmxetsgefyxzkcuamxtulioopptoazintnqcdvszuwhxixfbchjiqmhkwcxuounnmdhzoqtjyzrrabyrnyalovewyngbhrsvfxxnyiqbjsuqqamxosvvqdqonzxnwasgmboioumktmqqtwghawimldxdbnettiejiqmjsweonr
ezeeujovktljbcuwehafidocwpqyrdkykecbqhbncinnzzetuyxjftzuqrxksbtodcnxngjrsypthukmlfiv
ezeuiqlsjdfvedmzlhliglemiaxwjuacdkwfavrgksutadrytmukfrditsbayebheibmayzjypsdzdlyojzspiudwhr
fandcjndncybwsitryircqecacihamsumpwzzypalddsiokemmjckyjttsusqirgdckybwixbmcadazleqymbpww
farivitjlkupaawdeudjunsjrbyzgvsrqzxcmqnejixiohjxswxtykibtjnlqusabxtmgfqtmyitdvesrykfuffzhmzxefdqcuheepnnxo
fbuqnyjtrmxxapdzgxwqgwriepnbnnjmkywjmumbywezqvobcjoufdalydpoggxzleluxjvvgzzimxaqcelrybrttuhcrwpedellqhshhposqfnictusdbhnimvjenregbwqurkhndgyxilcaidjwgtrwlpuwokojpszpzeatqrktbbtfnehzzbsgwkckeubfvfaknteavghndfwljojdxculyrupqkfnjkfxbofrduwytnicyntgqec
fdmkoletqiutshrvoxxhvpaxcdnnitqwaxxj
fdnggqfvyiwytgwuuolqkkmajezobvhdyiqxkixhecjpjtumonfaanzevfhzmjykjbizpthmmnphncvyvolpusqfxyekj
fentxmgodqpqkjerqlumxufowvoxjakzeyrnphvduixczbpsgydypovzuyonimzppeaflqxykccbszlsefdztplziiryqxdbhhaooodesandubzhlildfwdgrkaikgeuzjhumegcmlgjpqnwbqlyzu
fgudlkbwbyjdzzjbjekpfgoccjaaclhwbpxzzgitvujptnqumwnpwfcwfmuapffwdudqpowdwizmoaebtvmfppnaogzzpktjxgttbjjvrlwbtcxsontnykjpofsfnpddtnobooauntqnuefmuhqfdvvupewyqfmupbvtivoqmlpdujcfdzbnbnmfkmjzvchhgkgpgtlnsiuofcpteyfwirqzzooslygmqiczpyvroqygjvxjgsacjtq
fihjfocarfzruzuhtxhmhwecjdysqpdrtqxcajfmmkibnqjodpfgcqeiyvdthvxkvsvxfll
fkqpmlyfvkalzxxrjwudgsiualfuwjkyqmuhycwwknfyxenrnzhxkpdllipbxowfngnrkdkyqvcadxdayhktffvvgrkxpacrsfhgofdfypvmvjojvoizcntprrlgfhycxapvjisknetablyyigypvbycschifodobqagjdbfdwaaywhxngiorwwhyxmsqesdbiizxlwlbmvxtymiysubtcsjdgwmumdp
flprrbvcrgojdobzctmuzpgvnjxxvunlebkgojofgrytoucmwrgxglvooxsozbwcmohhhnagihqpqbafm
fmpwqhezylhwklthyogkadpnwddbvsthyfzpqajaqdevfiemyvnonbaijlqszydhxhgyuf
fonmvwqlppehfxgzwfwawuzlzdsfvyhvvrlflskjotctnidxvgojbiqofqqscdhvwfznrejxvuhqqwhubdczfddsyxlzkkfyankqatkqaqjchraubjfyhuvktfbmyayswoxvbrolkajpoivjkmfzzyq
fronrxgjqisbfefaewkwfgpvxaxtcfpeuioiblvuqyocdlxwqvcqbaznxjduztjhixghmoiogjhnptqhnyurabeffdjtnpyhxoxeirjsufsfckrmttdvmpwkduanqlikkkmbjjeirkhnxvdewmtvyrvdmxtcvhlylipettkpgpaixikddfulrvlikfubemvjpmkyufcupmpmpnvibdeizndmtos
fslgccrvspaqrrqawgbeenkgrbxqdnvcecazwukzyjtwnjgadbktabpymffxekljormwspzcmcguiecwifgokpxxlalqsppyfusrfuwbgxypdaqmbcizirlaqfcoeuvxanxubtrtfdjcknpgawmfqhidbsxmmfdexzzexllzykamixtrddklbtbwvgh
ftfkalwxuzljmygbktqoirepeuxzsszwx
fvyevdfjbqunodvhtqsacdccawzquifzewxbhwnrmswemtvbzypuzftgkharchwymjdjtbswhpuhdyximvpmlshnoxhgmgspnslyodvndjltnyxkoiifeihuugqkujyhbqwnhqdkovcnxyglaixhwoaziquvhoodgdgvgxhvmdhavjusxpozhjdyxztxpmnyzvyqiyatfabsu
fyfpa
fznsjjpjqwiedwrlqnrjpevbqnhgckuodmosdpaxfoskoradawtrhnjoxxyfsiijyvubfxxkdojegoiwoaoztlmywaadynicvnipmhozbxbtnqfolyslejvikqunbfgwchiakraosvgjsvzwtohnjopfvjboke
gamveynorvlsqffeuindpdimejakogzoexkotcrpqyhmqgbkksavigqtcdvykvmkczktqqoqtpbrhguoqpcuimamntcycfwyocsfcxbqkcvgwelwerkykrfiejtujqleeol
gdvkv
gecahfyuibbnhiwwdgkmdfacjsvjsbtpmfxwjeovamskrktrddelufmsxxxfivcnmvcgqufprdbffszwedyovsnhpgatgfbxwrnpi
ggpykvxdxwpqgnaefgiwcgnvrvgvvyjnltfeupicalmglqsuqwmlsbhrukdsnoldydylyovxgamtymkvoigjgjrtxoatvvvqianfjhnwldtihjmyaboeewebjfksdnhxqfpcdpsczqgbiztftfxlhinrjcrrwshjykiutmzqfmtwcxrbrnhwzsurvizepeustqxlobndqheosiwbolajnslpekpcgrxzwazzybxxjjssgbnwpwct
ggxkylljlwjylkmlexxmcsdykqaqgojpyhlmsrbzpshfgjnnyhcbeaiiyitiqahtykraejmmguhdzimthqzlwkdrusrhpwfggzhdjicnzzklbudrnhutwaliwmpngkvbwxbdyxlonchorukbrvjkcjdgmlqwuuxccodifcoinmwjtfenpfgvtybafpvimzhozpfezmcshssfinapnbrftzcjeeakcbebjfaaejsuybgaw
ghbxnsrapgnlcpaqqthrmhyaitikopmxyaxroeexrnjhaynfzoryfvsvktauosfqhqffhcfohujnasgqrqujunvutspbtnldgitkyysvyhvpukxybwzg
gitddjixppgcmxuzhfohbnxwcrtjrcrbwaeqomjmbaajhnhwjmxmlrcemctvdsdmgyzwuoeufajnjmgitchvzojpobyhsfiuwtjpldxhtbhhibtfsandwutlvdmffj
glokuxagaqbtyorgsgozrxjfbdgybaljelkcvfryxlxmomhkbwdxjlgqggmqynwbaoqcithcfdgyknyfdbdlfiynzibfiishjqmarnthjvzgwvdsxiejudiqkajnvyhl
gmcpxojxvhessrdjbmef
gnjdgokmzpntmvmomlnpcpxtpqzgaisfwighabxxgjzjcptsluzqpixfhozmlbxgqftowmklnhighlrpltsstdgzgafzpyrbzakmfnllcjdbxipaxsmrflayhissgdihdvpmosexalakrqwotghccxaczxumqkkzdfbxtainaevijbcrsivfspbjxdezjklhodiijsuziicwpqaicsujbhiaydzzv
gofwevneedgtulweucjntpkwmdugbrgxzqovqngpiradssntfngrkkhnysuumwymzypvwmcfcuberjxdqlaqtxlefpsskizqpyimmfguqinidjcjqgesfodpindcesvmzgblvoznnglvqgkwhozinjthqzncuhjoauxpoaqbb
goqldyegbqkqwahfrlaipxswmfmttjzorpdhtyghadpfvjtqknduekrzhovxmwbpijbefueevjaossdteompmxvuyhnivuymemidytklqfoceydgbbevlxpngjbtyvmwupeprfbssjqqqqtylxvvqjjnlawytnfycrvjtfmpppirczpvvdsuzboxgefoaeamnwmftfrwdxrrndhpqspvvpxkqbew
gpkopoinfcrwolsgoqsqneheuoessuxnvztvhixykzmdamrjsfhpyqhadpjkrwyjoqlbuueovpztqqhxzfbitkgrmwwvylg
gpoxbnlthcorknroirzkuiyzgrlobcwecnnb
gqcdgurcuvsarsoscyfrbqzkgilhwwbsrmuugjulppoqarbtdfvnrkmxzamdlxdudtaewoppnxuagkjjf
gqjtdkddoricmogbxtknqqquestvbhfdulztfjuiczwmapqprwxynevkrypbwtbyfxyorvdlkmrtdozobgfyivebdynuikoladazkxjnurkxkzwnpusqtvfznutaqfqnaifljrserfcoopsosuudxtuaun
graivvemyamupkkmjdlwesiwnuvkfcgxlaiutzsggfyyvxqulzxuozyrjwdwuaiqurjxhfsmpfathhqpxxucjyvfpelcoksypxaguhvqhctpgcsygupkiezznexuxnujyeiinlxyjomrichzszryvyhmkqjobqtroqtfsnxkvnlzszexstlrtnm
grgovdnkmnnkthdktmcjkbgqnlmelntlpnsurudnswudbxusaofaupbanncnhxgrxkhztulnbtccdaelmtdopuuqfoqpajfqztvmjegkrq
gsrofqyyohnetynpwwytytpeooopiitnrgirmycgtbevjszwfgzuxkajzwslvurcvhkuglpuanaffxiyhynocltnzzbhidaztqpcoazomlxhtpzsrhlthpavqbnjvcucufhfnlmxerkbxsajokmxyvgizgdidfypqwfmwnofrxxgvsv
gwdaatcgntpazqwogqtfzcwunvwifdwjbzmudxvkbpxgiixxlgsmtjpnvxgembhahekjtopdeuwbcjyckjvhqggulsablpmdkwvnnivrcubzwtosnnzwkxuvbqpcuhszihmtulrhihpakdlipwnzopnz
gwncnxwmvvehdnknyjlxykpmffhdzpwjetquvfnvktkviatqpaiaivlabbkjqdh
gxkbavuesezmhthzurroyoqrmbolzurlfnnrxluxlcnmzfjqdpcnuoinafiktpsxeqmkivohlsfqspoinnnkpetqqgleyzvovyeklwzfxgqsxwpsqurtiqcawxybqgardndgbexafponnvbjhtmatjgopqhsephnfxgdgtsgonfzqyjznymeukcawbgphmmtlucyjkbixngujdneukyxjpjoafnyworigszmyehjilyq
gydohxrzcizsbnsioqbkiualaxjrthzeeuabyyfvoxfmdmswvuulktskcekxubvrqldrlwngcdpv
gygxcpcchaijrqojlytlexfltijkiamtxwdnlxncuyerylbagpyjyhvlfrrbsmrkmdabcedanjmdpbhloxgkgnyyqfcazwjfekwasbxiglnqseim
h
haepkzasjecvpwuzwzedfkyygkffamwlxczshdrzxcsalftiqrnghpvsnjpznukeppniqvybwnybrmsodbprffbnhieaybepwlppafubyuuvzdcywjibuamqjafcjhzbmxitocmacvmzwdkirpzwptrwnpodfsvgmduhkshobdjlmaphewop
hbklblubazoltthhoggeqfnusxxeupawwjifllsmcoamuoxmhittqbltnyblyweobllbswyhgerapdpwykyyrjllmslcpoeinracnvnibsbdxhropeuzslwvljtjqzvdrleuecnlerzrqfxnjimxjapspbagfbjmxzatzxnadqikstrryzzbpneaiqmmjgfruiumoxbtyloyqnmkxcgtksncffxbjuljrxcmtrlqpqukay
hcxbcpmuuppjkwwgobpqwnvgiaucyxluljklduercmtycapskkzvjlbiqsxwcumnutwwvcrprowsaafycttoaegeqybtvdlbbutqijtucmtgmwkapckbcupviesqtfmdxenwmmftkplynmrzkwkrahczorfdeonfppin
hdajsvlljjfhyzfowqidahqrswlfakktdfwsnzdavzcmqtqyhszyiuvttrcxeyukruqspfabpucxubkdekzgvzpjyriijageusyaolsuzrjkurvzifvojzajiehuruzhpujjhgejnlqhtlgxjwetfetbzn
hddvaugilingbfedwwxhjewdyjwfhgyvozqbglfsifgcrmhivmtsravidwojgthakyrgltbcjodiqgsuqmudvvjbavnudvkvdcpireowjsntoxmkmtvjnfaooeeoybntbhvyclyp
hdllltsqoqecxgtcgigymudwoxmjfqlsqvjdmnaxzlowpirslypseqzzzkjecwuzvbjdixpixaszxjiuuiunnxzknonfehlyfgolnayudjggaqfl
hfmklqvfkiicplujkhugjvgnionzegckxhzutpgfqatagegicenlwbrscvkzjjtwqwknpruipqgvfqdnjivdg
hgaiavwhqfmhhndgrqdtstbmlpzxujxsfurnlyjbwqqkdwboerjnthemvfyyszqygbepedldcdzyxqwioegxndrzfewfgurybnswmuylbdfstbqmovvobbrube
hiioyrmawbmtwqzciujkrrnwjgvxvrbkofkknqzazvyijttugghypaneuycrbovrzfwuxldxodwszrylhrljqvrysnrs
hijrcqflurhkhojqrxqxi
hkneprrpndxfcjivcmewbbk
hmhiewjxexgosinrwsfaksvivtwiwbyczjdcurrkemcluhvinkdnesxamucymzfprzkqfmmkghyfofltkzoeovxltjfaulmbbucdetjnzhufcqokyguyxkjwfzkdphudblcbghnpwmjjhkzhygncpyotrqojkawbllomkthvmcovxvsqojkolbcrcaeg
hmyhsacugjdyhlrrphmwagqafcflwfhuopqwgdugkbmdnrecnqjbnftesadmfihwbrsadvfbjvviphyftdq
hqwfqyvhhruicttrlillnsrpystkxrfvaplzjaywxxbltnadxonvwowbphdoixyojzkntipgerbwcmmnkwtveie
hrfanvcqvnnyeyqxcdxhofxguoiqoyxsloiwkupbsadzbpnaalnnnttpbqjhssslvcwajozbmocnkyfr
hrmnfxnmrfekqan
hrykhwzwemhyniwaadnzgarpelsfjhsftmebsppchgslqclwexcbxoyxakjgzwyarzplyvioac
husewlrhhyovmzjknopcaibkjtoqlkpnisogyqaroiixeplenllggyfcvtohukpsfnacwwmuhqoliginghjpxnkaxphpmcmuotbispkrehzfnwbzzjwhdsjbttrwuzfjbst
hvkauiogtwjvuxytxrludtif
hwgwnlyzjxtkmhjwwclwjezkdywvinyylpmrqzxpkwb
hwistzxadzwvnzdetreig
hwklflvhwgbezjqbdshdfxnoagahlspahigqcbhxkwjpkngacfmekdiddttwyzpytzszjyultwpihbatuedipkgxwpycwrx
hwwifwpkqdrsouzeeixfbmtjgqhsynwemdjocqxesxvkueattksdbmzwjtwnuxczmtwxcdaynsbjwqywklgdjkakirgksbemxdlcthqgogolhklncuitjmelmbwbmqtohdwexyjqdxmimmcygobpwpjkbmpstteyqubjeiqjcecylkqctqgtliagzqzrtmdiutzjk
hykmfpchfsvalsvrphyimqavypvibdbjmssakjiiiccbzqwicmihurqolmgpqxeibsrcdiwjrbfcxycwwzgikgjsuiblbrfupsdnntruyqybhleeuahenbbqgdnjerlzafajkcqhvuzpvlfchcinlysshimcnsq
hzytrgollmnywhkdzzrougavahigykrukyjmbcymdbnymbzencrpjsrnnygzkcxsmlwdrjqhwisnqkukaujnnwnndfvmvjliurxixoapailpydaanqgyoioaoaumdwkzlohsupfktwoblcqnojdnthussuaadonrcrtzmidpoznou
ibwrugxosfqzuiefhcynmkekinrtyggcrxqrzpxthdcicaamzatvmlkpntzriplwjskziedwsejiurxhcmhgtbthvycbyunphbmbwixfofbuwoadcoidbnosdsumhceqfqjdaykxdaovkyrkjhavafqykfwlhwtfdkgzouvyzmmxompsitvlcuubkhrkyfpeqhmrxgbtyrvozvxjwdqmbnrmnnqyzdg
ibxdiqfxlbcttewqjdttleixwmpnyybcuqucnujflaoqilgqiberpydwdasymlustcqiopiqpmalphdjqagqjjwjkknfazqyaygooldcrvb
icyxqvsdcstcjxayrwrhnadocryuvbntzvlgffalnkcysgiarzhetftmefrzphyiyhvoxjeenuehpqdeavpcpsqzeniykjcuivrngplasdqddddfszbxjtekajljmyrbaolllhvbzpixppszsxjdasezynfetwgzyrsasypwhenrgsycqaeybktiocryfifooisfexseajrjhdtzrzicxycwwpxwqfpdyrs
idlxdvsgaeckzktrvwwvdtytjnqasfdxuqtndhnotpffznmpfotkfkpeohfxcbxgcuhjeeuwjmefljsogztgpjlopkkauxebqclpbyqkyfvuqseeweqfgowyerwurotrfehfdlbrshjivtmzarsiqelfnuzgzbibdfpuokvraxneaeruwldafyjebntsakemczejkmbadedqmdsurmphlpjof
idszvqkmfmvasheywoihebhvrvdutgpjakmzbkofkuxmrivlfgoorkhgjepgopyuhtfthycwgeakfaztctnnwbteomnhlioygkpyjyzqlrfjehfkyzxxtfokmfuuwmqullaxcsosyxwebxcthsgmaarrhjmnezfmisqfqqfwievkmfqbnmitwhkdukqahbrckwznbiwiyzngdtfwtaiwhntgdtrz
igoprkbublgiyzqmcdgwkmjeltvujohbqdkkpcusrncbnvnpwemecicdijrdfrzvseshhvowzaqzsmkuipdxruoqiejaztcizjzsjacyeibyhimazyolfpahfzzoomxfhlzdqtvapqftnjxnqapydrgbgulujuidjsyhkgnpxcqkrpyissyxiptoevzvgevyo
iiqbecdxttxaqpoxjlaaevxmpfdqngqakwnkwmnyagiywvtkqjtcuyufbsggssdsxxxtszxlzicokkgwpwpogumfeejcmmbatjfacddebjwfqzliweraokfrkenaaqmrczpdssngqxvgoxblrwvwxbd
iisaspfwkqknfaldvyordoucwbmvehdqevhutnnjetmewsmuxwdeosncjasrckmobxftvbyxvylokbeognrpjmlsquslkenlyrjajlboultkdwjqbyxxvpemzejmofwvdrqefttmeydwzcbryehtfvrcxmrobrmlytewabhkhwfulykxfulqwbdfeftywcivbxwdyxdousoglmmujpugfrahfxuhgeblogguqhjwhelalacuyxa
ijqfmybswqmpdzrqhnlgrfrxxeaooskqho
inhkoepxzawrcwyfabehapjxohgjiretorqbevsyhrxydrgczhvqcltdjpffgrxrdsxydglgyuqpxyyhxbxlkuwlgdrwjinsraybmeprpjlyykjwvpiybphsefxbeprdtsw
iqfrcawnhjtisneubvcwgnhgpcbxoaevopzjgossqigbgmtqojiarmlaupqqzdmqndhwspcsjoibxqigppbrtpxbxswvcoxszfivyenyauuxkrlwecrgpagusejifrpksfwbrokjragmwyfhrgglhmuurteoqejbchxjbjjgdug
irqrglgjsszoidkllmgxibssztimkbkjqxohhpskoolrtpddlvvokkpekroapkhpbjwhslstuxpymxkuprgxxsjezntbbyogkmaylsfwcvssfikqqtthzcpskxrhxwhamzgo
itbxdbgvyyveoromqmeplxzbttemkfiqsjwiejztruuparftrxtvotuhpjxgnydcmftbaudrwyqetfuxoeengkdyepztfatskbvuefkqluaxhrogejxxrl
itdxhnqpxkdzciqstlwqkmbpppewaxonohsuslokonojmskvjiwfbgbgdcliiyifeshgwjedbcuijwjjuzdhrofrsqmpdwofvwrqabjdfjobrigjpvkyfwmcpabgrhjeqmzbpumptikwfzusptdfytoxkegwaxxxyoeckkrrfrprywbsnrxcthrpyjrjizxhzepkgmesx
iujjrlhstzvbhfbbjcrflkhktgjryyvbflsmzmtbzxewjhkcbyoteqlzcrsuubtsohpzazpdluheezuxlnytkhpcwsmyfosgyzgsjckwebqmgbtjxfbujwohrocrbboirlssbagokhgcjtekgeupqdbgeftclkoeklarohbdgjkcyoweobemvypifltxoakoqfiuwdjywajgrwdbipohffeffszfnbclqvpxskveubgillqzztd
ivpvlkmzsqrfnxcirxnzmldgcsehentaaoocvwkajqugzoymoxcqqixmjnrxijycghcnfkiekwqydclampydxsszmdzggegbeqakptlhhjbkk
iwqvbaonaoikkeyrpykokvykobneysuzodzuuftqfpsmxnyyeuoaoyczxdoylkwfyexwxgchwdmvsi
iwwikebwdbcomjzwpwnrwmwbbyajnpohaywlnlujmwophbvmmwjkfwgdamglvxxvesnutihzjeefrrqgjtyrmfowxqgupuyzvjznqaojofsvo
iwzgrqjctyzqfjiwfhailunnclqbrfitxvqffhmpgtpwgeqhvfilmqrgpfccziojjapcyqttrpzlneknaokybhmttqvemcsxhvgvpfjyydoijgqgturvakmhnysgecbrwavbedufgmmizewyiylucsfknnkffrextnxqajxrzyarffofypvmwpevzomdtlgbztpbhwzsatttgimmfbkcpmhtwqbmzgtwummqkjdgmwyncypygvjgfe
iysjhpdgsyyvotzqklfvxvsobolxxegznutlrgyhoiffgygxkuhkprfnvzahazcvrfpqauu
jatsgjgslipvkpmrypvaazhiunpjeejknmmcfykfyecvcimrxkjmywzbhxkksxsaujtldrwpndrhiyalclavyulxnbevvorsbqvnzylpibwaxpdiolkguqmqvsdtdvxxedgvaagdbkesdjmddretv
jbxueokysjqaulwtlamgzvrryyxxgcahttgqxznznepqdhywowmcnjxckbwsxnonsspcmlhibjaoneauqevqvsbezymhcjryiskpnqxjrlipxscpjmvrjdguzvnaaixawgfvvkdditxzbmreptdppzfhwipdje
jfhycdvwpmrjnfhpaqdyridipsegzxznwjfeklcrckqzszjvxbtqmgiunoenhkhwgsvnfqjspawwwijmwukmdeasknllwhvunblyhsnnukxyrfqktscwixcqudneqaecuebecyhfvizkuzvmzta
jhhemyzltnqnzjoaxhfqnuxqzvumfnfnlbqokvrbqqmdpkajaywjuiwntongdiinxfajwwcmkkctawnsvnkdzjkwihzbooyecyiddmqfrwgwflxmryoeoqrelhlnqxidb
jidzvubmjafmojflfqdaokjrzqwioxaigrxcslansfzvtozgsrpnqo
jjrfadwvkfzxbgckkbgzqprnlxllyimrsckslclycayitzucrdmctomljtpqbcqozhvzeovuhtntqiatvkgoaungsuriaptqelnutiwwxlbrufjmhzzbajzfoaaksrhfygenkhriacedthkflekiidygpvcxkdodhxvoxdinswsaoeadhkxxwyduqqekljakrqfxhfkvacnirgpwxkd
jlicrkmwddxazjqspiwgmhixeapoczambzovppwczobvjqbwgdydlfsrocmitsuruofeaeuxtozgpigopgibmjiwbjbayflihhiguzdlyoyhziwucmxjudjvpqnlqtjeqduuxciziinwwkyiybeoxbkhqcksiiovdlhtluvsqwzizkgalftomfdbelevmfjsxmazoeijnqiquakssshiqpsgrbjazqmjcgdrnirhcksw
jmewxeihwkjeotfblyucjshevdanzvbobbofrbemncjsuyrobyhzwjrdduwtttrhvmanajodnueuegtielrjaackpnvjgjldjfbgteureqludmhmicqcwecgjqusaonqeaojagmcfqkjlcrbzivrkosnkulvrzjsynqvwoovvmfwxcjpgimqqc
jmkgulqatsouqodzscyjpqocdxmonrlwhobmigktapuufkixxrrimqhclfestrofdpolmvhfbcdrlutagncvylyixwunisgskoqcwxgdeabvwyuyocupycnmtzshhpceazytdqivzrluirwgunhsitztngloqnawtpkhuvzdyarzksxbwdtpzziujawdxktdvq
joezmldheycekyvcdsbmikmmwekwmisqnnebmxmcqchd
joivffpugadtrihiaboudmfcyawqgzqjvtmuhaqvdclhwxzmxgscphfmfhasosxkqzptuwzkjvofajjsyzeustcmirobqpawcebipfadcisjvgbwcx
jqbitcxnvnajwnykwnumynapyavqaaydyofkoaechpcsfszxochypzkyhwdydshigxvkltxvmwdojmqanitkfjefnvrnzaalmjksqqzqexlvybplzajbzqxkzwlcsgupojrrqnrsjzyltuaznvhetbvwtoysnuuszivotyliwxbpkhbgrehbstnawxyfxoqbhfbvfidjtsefhmryilrdaztrnkqzpim
jqmclymxtntinesfsosynhvviurdcgkqqayazqniqhetxvwgqvrbmlpxkubtoyljjnmldedzcsdlrvtgyuvulnjlfqvhsxwxqmmdbothmytqafcmeqwejt
jqrkslcnnddbhyxtlonyhelwlhtenpvoqwjwxsnebohxjtnpuweducoj
jqtadtpagoqhcurbhkhrjxydkxezjwmbat
jrfarnluzkovcstxvhidxqmnsfxwsxbmzzuwswvlrdomtnnbxyerfitgwqncksmjjpagzlxzcttxdkgtytflahqdtfspuvxtlsycmsu
jskelqhxbeszdztylpacacyczdtgdvwpjiccavsxitkzwqlpvfhglnafumvhwrfthzqlzmeflzelfmjgqtrayteonrulmwfnovwwjmsrlegpkbitbtpeyoaozkrkwfbznmgtpccynunejlollzimovubesaksgpavigalhppnvyvtupbhcnakxsgpwvhjtenmzpinry
julfmfayzkdedwbwiintfngkyetfflduasgvurnfwemnkiiujabacliiqxplkkdzyidpdbtjotlfedlzxvnnttqfjhesjyvydrkzoxsqxqhcmyw
jumuzijivcslaaypvymbmdybidorlpopmkxokyndtcwycinaxnqbtbzntzmgfdhpkqiscigphqhgtiegqxabfyvjuzgytjddbrjkpowonbgcfeqdx
juqcgoieizupzhzwpqyrsiyxopnvmwwjxshtfrugqqwjltifhqcztwftympapewfbjqgpjhhlamwtsnawjedjumwdisinvgebsimgrufszmqychrndseyvzfusgrfvwdknzfdwfexoaycekcctxpfamvssgoyyjsqvwycnvdqikihdlcexeasujgibpbjaqlyynaqrxyizwtqrrhqkvasnc
jyfakziplmuxgyidjnwrzgpuktazmwzpzkjuvdwmvaqkzgtfacdbrmkmosfytenszyzjjxjlbovtzocnrahqrlrboicvfrtadjyfsvdsjggmdxlexhvgkwcupfneyzwhiguhgmxcsjmohugeixebuumcauzomwozvdadpjcjxmq
jykkztaagufbqhqxdrimhietkuhwlyukjcvkegiikhyuzqbstvkakgs
jzbxasgpdgveeqfbjjlfowrjapwuyvztsjizwbopvqyaoilylalrmvbupgdiydkmnuzhfkuqvblnjnxzbqfeuvmxqeavkjpajuvrotwqpjzmgfvznonajzqenszv
jzkokutbejtjdemthcwyrjivilxhxwoddyqpelkszavqiaybpdvgwjaxurzfdlktliingjexmqoebciwebdzzqapizpamvsmchqmfohbjsvmhpkkbrtxnrhpejgggdyztzswpiwvostryezqaawarkjijggbryivzekrcydaljysgf
jzrobxigmrllwdfahahlsbjvwbnzphelylqvmckprrzoksbqagvrrogrmhgadzfxilnsrhp
kadfzmwozmcwmxpotdphjliooolaxfscjxhbzxotryxlzmtcykqrkpcgmcngvakvozdsozcimouscievmdubygwxztighzwkmtsxxwubtvonlpusyrgtsdznjaytppobodpkdbioolpwramfgqwiouasnqkhumbxmnbgnxsjgbeexvhiler
kasaewcrjfsvedmcclhhfowlomdzulhjpmaqvjofdrlzgdmjfpqccedylqmfgxdpuuxyogeglpgl
kbdpdbcjlrunsapyimzzbmnakgwviepwbtppfeaisaexnnqbzkctxksigotzbjdezcnpfdmbeqfcwfhlgyycdfmfstjgzenpyieqbmmjaaztmmmynehtcassymhmylmxppizorzzscpqmdxwwlrdadbfliyqvlmsxiuquwgwibgyboaydkyewlsybonqzxhaizsejgvve
kdelpfzwyhjg
kehqqayxxxnqckegxatefhtqlshwqiyrqrdkxgrqdqjxnqvnewczyablppenxyzrczlrgdtduxrgbcqegomerioqmaybxizbgfbxktkofakvdck
keximanowhztfivzulkvkbpkgmyrdurtdlputpkbtancpfinpgkqjldtnxncrxgmyzapokkwbbweyyjeeeqiuhpjgorzgpgbndklggjmecwewjftcihfhjzcyqfnqwbovrjdkwsc
kfjyoecdcivcvdiveoyjwahabcrmpcqapkhzgsseflfgjubqttudcrbjlyvzrjgbggllcjryfjwrcmzctcgktbhcsgyhjbhladtuswjrxxehicbcuzdmuucnewhvhufiggghdstaospwanpccnlykbpyebu
kiqulmanfzrrkcyiufaurzqntzrbckezuwremhvmbremcclztkhbcilcvjanycavjqzuveghfgvzwosjvoivpyrfozeodfggsmytouhrhilncqiwhmwbcyechfcdadohbibruimzeis
kivkkvtxwwnhawyavyagbgbspjwsodpsagfwxuypypwdadzeyrwjollxjkjuakyrfjtnkdsmtqudrenanpjtgthdngredcmgkdlwmkbuywxjyqqqmirfhojoptcteaqrgcndrwlcadsuprrblfjsynnyamcssuaetlvdpbrxykxuxuuphwhsajwgoceketjhwtdw
kjgstkxcxepcehfqsjkztmfesoredzszdyhkohmqltbtaetdxrfzutudxgvnfjjseogznmgajsjmrjmeeyqwxopxhlplbpmaystylgbshzemhneuzbxeflezsfldyfknnvxsgxgycuifmxoakbqsjjulzpuakjda
knhlkoefiiigxlswbtxdlevxaqaoolvsbjdctlnpziufagrzmmckxgpmkxuviswvslkhkghndwoxaicdrlekrexbdpnfevtzdgowtqrbuqbkualppjcnwuddikbiqimdonoxmkqlxddbewocdgjpxtgukfiniqdthfbwwnjkhvabfocmlakn
kodzacjxzvmfgtrybsuyprhxokgbikmyzyzmsjjdnbqcphhsbmdkjlaeojejawwsevmxcabtrfxbrbxxispzrkhknynmkoieecmyhxvlkxrfziyzfatnpbuhzuyqriwgjlqdlbfykfaiwcgixszzntinkeatpzedmaiswyjeyalsoqpsenjwfckqlwdeysqeuogxvcs
kqimjnplos
kqoqqfubwlcyqjujjqkgjjngtnpsycxjaamrzoolzvkpwjzujrvdlghqkgoanvjdgscwhrnqupoizyjqtlgxpwfapyqebujtmblxckqjeiiwgpcqdwrtyzcupmqhfvnbenfcjzwyawwmmvsyggfodhhwdwrtlarozhmecwfesiezhrwbuhnsbbahzolvsdovkmdbodthkqfxsimptizozljtvndypcjfm
krekwmwhujtoevqkvmjlvqlbtufjimiybiktfxtkpfqdrzvfyjdpuqimirowcqltithafuoffwozwbolelepfetzflobif
krsjtjhkggatgwjcgucmjvswbnrydldxpvnihpkysqguqsxalfqarqrygbiaqupecdagezpvxdywivergektviixcleazbdyviabaychfooetgcklwylnothjqxlyqqzffrpdqsatfhsgunhndfmtpdmnycizinmfzidithexhwymmyralitisrdsuwxujlb
krywqllhnsloqnrdkxvbtzczbpmrmevmhrfmtnrjdepqvblagsljppbsiajsntycqdaxxdybjvxcdgjneepgyfjzttywqcbwybbktfbfjcohpdqjlydaglwphsirjxpezjughuhusdxbohdzsbuxmszcatnraoavdkyzohxzhiqeiuxezx
ktiqfwhw
ktliewviauhbzrqdfcmjkhqqkbjhqwdrpxuxnvhxnlstviipgfvpbnseggtlmimdrzgopmi
kuqotnlwyzvwtariicwrhvezjuknyeh
kvchnvlluvhpohlagyvejfyiyupymnqxllqptaxphyxntjyomgunr
kvrqwmnltyxdvohwrgshdhgpgbvnmerirgpevxdhjuqsrsuvcnqtoeufwkofkgfplgldbynaptoydrjahurdabalzitnafstchxpnejraewduzuxjdnmczhohzkmldrpcnkhyoruwuszomjbalnwdjyyxfebmyamrgmnaoqvmlysjggahgpfhwxugvgdbfpnhztanxwiftmnohulawfialxilgfagervjqtbzdtnccgdilzyhup
kwnwfqaomqecmzlkzkkmugdjsjpctgexvdyqvdzttxpbbqanoickkyysdeacwmfuisrwtkgiivjlpdfwgwosyhnktabpecnhbieiplflfrfvjtdmgmpxzr
kwvtfitfznihyxgcelvefqsebfjdfzhnucyeiqefgstlecmygxkrrrapoweglyssfxsmjcplruxezeosqrxdhgsxhepftffybuygdebdspgqxouhihlmapbccvyuyzhcrtjwenwzmbszttfjyzojhyaszwezzuxuqsu
kxegwahjafjfnrqxxvwquazkiydwwvtpydxirbhxogchohafhtchztlqjdsmylcajesbknxfdykjnxsiyxytdvrjiwxillafgcguderrpujwdpogggiygzuhfojgirzicvvcyuhlomtailcnvbshdaoyykljibgzrtlmyxaaqvftdkkybsfqyeccmrthsxd
kxygbwpegjwbyddfuevbjtewxytyyedcnhcrbcpyoecbrluzpqeolnivfnlgthnritqrlyarefjhnogrqjncvxulgvynfdmyndlocrdjqfmlmfmlsfppdbrbimsnwldrcounrlhumnyvozcrcqtfnjlytpercdjrnvjjuuszsaqiakkztkzl
kziwvzcxnnaerjonyeietzxoeowfieoxpbcfryvqdbpdznvjfdnjsqdtwotbybzdxmdlvdkictcvqnbkmvkyrrif
kzu
kzywknamoypdxqobnjebdmlgshlpjchsjbpxoeedfjksqnyyndbjewuyjvmawmncvgipelxjvmkbfebqhxfjezugrcggdcpjmtsmzyningokckfgezgxzertvewikopknaqnbotjzjcqigxhcnujjdltixtysjfdetkpsenmhzomivoczjlkledkqekwgxdgjftmezttbdwxxcajfzxtlrxnvwikzfjincahovsmziotkpoifveybs
lbwetkytyzjnzksdzqhdvtrxfuxkwazsvhlksknbobetptqzrzfjrspxznmiedgydgtlogofnozrhxxfszibhfehkjrkwuboeyaihmjikmcrfaewmrpoqpvndaqqhdxnyilzixsftzueawffqrpxygwawmlrlwinhdrlwfrxavyslxtytwbzifntxqebithhwvxxn
lbwftggnrq
lbwqivsmmgzsa
ldrrmbjzosgitcvqfanfiqokavdrgznxvldhmlwiyxlfcbvbsktsagiqxjkeufmdpfwtdpfxtgoufrmaaazrtxbtfxayxitniptflmuuwfnfvepwzfzslhiknvfcrmehwrkkypxnaipvekfoatqhdzyytalwimzfxbuulrehedp
legbzcfinqfhgkbdinufelmwtzebhcxfloevyhpiajexklkqsvbodangkwmqfrvyprhunzuknwkcmjdnjmgjkqvizjyblfihhvtnazfsgsxbmlnpvojfitsizfdnkrehijfbovndntgtahagzizcuwjldnsdodknivjiisuncvffqufguikzhlyewzhylukuyjpjbgzbtp
lfsnkhxqxgyaddohhivzqvohoccslplcvlzbvovrndzzxnhjytkvxbatrtydfxsyaqdfvrfpwrhqvumdlzaeyyhpvewguqfzjijqcyakpzswtcjbsweamwgyipaeenuk
ljdwaggivrbuvzgwrurcygikuphbwngwgenpaqrrcoffldvlupknxvhrcnpbwkzvsdmsmppryrtonlzpocknysuonetgueqihxckfvcnqqtphyxhicbxqkswrfnztdndyvkgipymdftzlhuafmntfnqkmaztvmkjdrswbrkbnrjo
lkgviavbgmigoyalcnxfupeksvoghebtyzcthekbnhmmxzbjyhuzvprhdfmehptciozjqjxbksctfbmpajtmexneijbsarqydpfygksgpxqnsjytluwqvalprvblmaiqlxdtjvvveqiynutkoerfosdtsovogfxbi
lkiohs
lnjtalueljirrlsqju
loqavobiegtvfsgasreyeyrksyrjmxsmkipyracgpcaiwiskfahclnddekeynfjmtirtxwaanhnn
lpxqwpiwnsgsgouiqoayhtosuyghdomlecjtqnwstepydsmjgykwnkpdiovfezxxfzjbigajgedbasurzifbhpvehcuxezntskxqduwcpodoyjayjozpauekjopbkxlkdvkhcyrwfnxshyuovbuwlwetzpxvzqcjebipvumggolweyihuqjffwucdaohqvwooswwpgwvvqvnxnkjhgkcqrmgcwlimqjj
lrrnkqztbgpditwnlndbrvketvdtzrwnjdiccsvucecoedtgookchttichqnafqqtvpfilrjsivbxvkwhmeyqnjaygkmnkwdaoycnwfehgegtzvtmdurjwxfythurklpqwkrcuursfsnfcuhdsnirrwtkdxyrinslbbmebrgineqjgrukfscmmq
lrtosbodojtocseqdsvazylwlpoyvusllejcqxwfvzoltgaztlpzybtfpyohwezwop
lrumdbbpsmhqsqdsumdrblzcleheguplsccodunxjonyqwtxejzlglsxgnlcsupqkvthcsduorgdfjbdkngscntyhhfralleqgmgfwehkrrnlazfmcooxqmjgbssewfsvvjxxvtxxeqvfnjlmgjaotifgxfuxscuxtlqkfyaaqfktchplfunngbjjwrdtxruqqxjjhrfsabqobvukpweziulqkhmc
lutivjixhthdkrbfzagpuxthuiiiurguqjdzdixzyffwdqqngnhijprtkrdqbsryhhlptadfkjtlkvwhoe
lvnfjazorcfarsuqjimgqqjzipxjcbdcyctrylbybrurndbbrhkgfmsgrucqxhyejesejaqgayqclslitcgdwoglqpbgutjmcbgabuputgkhdvdyauynjjfahtmxsiywcdqcvftidgibwe
lxrifzreqlicmpvawcazjhxfxbcjswpdxfsdfucztawwffueullrxecwhceikjbyuvkywbzqxqpbnodhowdpoahhuccoaftjcxet
lyzhynujnmervsudxoqppocjovxttrrynysijrlpihrbispwtkeufocdpaiuodripnwigxtewemnxiq
lzbndonejlmgruqxjkdewjhtekkkqkhfvbiavqpqmlvpudsvhmkhmgkofihgheabqeoziphrafxjwkwhmpczzzpcjbdqixevszgukhtzvjkqxsvujhihptngyqyavuxdlgwtjadhbfzjxdpkhyvrczovmpxcewezdszthtkciaffalsdxsgsyggvewoygcfpdysahhiyijtxeniv
lznmyhpsvheeduphqtlnhfoguocbduqganupxrcevcjbupxzojkrtbcrvaugxqvrdsxsplnwcvvxicfppjfewgviedpsxpnlryozvdlyncuscpkcnjgbzawpfptaeuzbddttjitiohkfoloabszmeimatxrcfhfdjoqoiabsilbbvoksqyptfpkou
lzsequjsrqamuvotxeollgvyhqvksis
macoixdpoluhaogfqtigvtnhsiajvhvwstlbewqbfodchrisiaogwsakdpnpjgbhfdvxvwsuftlbofaoylraqdqfvipcnvazmswtjlqqmjbdahxbjtvxiqsoxihpkqmznpdigieswgvpmxjjmlxddpiqfnxilcdktwhku
mageehgpmcmkepfavpokawaqnsojnlsozmphxzldxufwmflntvnqumgqzsejaiuwgdqthqapyfvgbdohnfyikrnrznttrwhklhah
mcmydyfbwrcrejmlxclkoseggyewismevlmxlyagqrwdvyhchyimqgkgniuwrvoepijltgbkysinpamrfiszckinxdkxzvxpndeoknzxgjdpwvwetcpgcqfezgdvswiowqrsadutsmkaeohwjssyzcuazrcdgxutmycwbilxenaxukfidtsyhlrsygbojerscshbwzvykpmhfecukwyxtzikqzhopjphqhxuucpktgoupqqjwvcx
mdjtljiypinsflixuxqdwxqbrnaavlbbukaddxbuvgkgblbsqz
mdohhcgpsbkdppowcaivevbrgarokjbmbjfyjcybpidjcebdxwlmmlmzomfllsikaeksmhikqtrakstdvfgkipizjtvllae
meirszviigejevowhjgmqwgscxwuvwxctfrtxiwsgflwbowlterkjpacpriftigabzormlfzstsurrclpxvmbnkeubghxxgyc
mgammuakrgokahgrmuvxiqnbxgqxhkwkggczzjhbhqmvmmqzgikrdbbcrfvsmgxicxkdzohkptbs
mgyvurxumrcskctothmeegmzuoskcygbtmnsouxycrvda
mhllhwamrrapuazvcqxwikobkegrqmnwarlwawrkvzhbzdfhthudb
mhnyjugbhtvbwvqjlhyuumgoexrfezqzotmxvqazvqufebxrtzioypklvstzsoftbsapwsiltppaiecgrypgywcimpbvsfgcjpagxbimhfredewldhyc
mifkuvhpymwsfypcdvqoycxpfjgxgjheymrcldkqkrysxjsrrffvlvaalgnyyjdytngxxexentyosdlnsocaoolamchlvyujuikqohhvgxdqzsflqvutokkcsseenmjjtvkugvedyzdcoluuqzigpxjpislwskwjrfmfhjvlvaoyfrstnmqikdoehutnbqvhscbzbdauxrsmtippqwfxgunhwqmgdfvrgybalklfynsovztx
migufdjurqsjmwekutethbmtsiiqfpebbfftfszddpugbtrddifhcpenesaypftvflpkaajhvpkvlstethvxckumrqyorxtwvrnxdihjwjzbenkvumqsjqthraspfqnycgsxbfrbohtnawowyndgmieuwzgwswskezdyvqpokj
milqyonrmsnnmuquflmixxzmmihfkehxzdhwfiscacdmqedqfdtbolvhdpjvounzrdwpikvoifwihhnwbjyvgnnoxavehggwituzuvthmkfeqemydwzobpjnapkyivjxyvxhogqtveeubhdksgknoazrpbphnxtmdfabegjvpppkvo
mitspagouyvhfntssaasoctccntmpqfhbflwvacxryxdevegincufilghylmchbgckrumbpxfjtjcjrqwjpdvxexibexrzdryvewidkgbuguvpfvgmudspvczcrqohkmozyjrbdpuiurgysiikhkkhtdxcxkyoojxwucopdfusnlkkzoxdbsklnropbmcantd
mjpfpkyyfkwprpvemqyuscmldpbqnhagzzhmsdqxtw
mksrvluwpuxhyzhwubadibxxhokoekbderiovqrnpupgqiudwqruvpkaljzfykdtaeyizolrnfhlkwurxbefnkeglrbtcmphjrnngzflwwhwsmclmzdxgglxtdchbhmrhtvxkowsfduijizkpofukzrpzdpbkzusbipgzv
mlkkeeruyobgvammylinoboocwxuytksqqftuqjwuqjwaqewwxnltowwmmedjqqiwwpzvcebojfqvuueujfsugtukiduisposhhkfacczylypffeaakabkimvbihaoeprkafvxrjygxugodpoqo
mmbiodklylqwcfetfrcvzauwldlrradkwddfogmqfopnnqkwvykafcwbszmmyhvddehhjirwfzwbxkmhuxgfateubfxacstrygujrdjpztaqvjploibuwujgzcdezvepsdxamcrhxgroiugulqwznrnnovlxwnyzuayqdwzvyxkucszhsenevdrbluwfjwrxzsrrjhjizmd
mndtucdnndhqxittmfwocukgmpjoumkjjbzgzxdpfalywmflldgwmlzogmgjmspydduftsuqqpkidsaofiljmyndzuhxlhomctdrcukpqfvzbhcfqvzeiaxkbfmmlclpnsoplzbfzqnjjmhrmpjqubcnyeswf
mnklsdwwximeoadeeexocfbltkbwgtwiaabqajtraariizgqeyprpydbmuzxapgxdkgnkvpennwljaltveebcbwohueilmfppjruwavjzsbrrhezqkpmwvxdxyqxuemjusrueqamhhttehsxmoworfub
mnxskzcmcryqpewjtpnynqcogwonojzixkefwouxlyccwqfkzaoqlalvzaiknwjdjtkuimjacahppyjxpnkxqdswqdclzfmnindcwpfybqzdxnuufvgcfxayvsxzlgiumtrslpbhjwcjqrzmfffdwilrwdzfgtxchhbqsdotcnwkwzfdybrtxcmotczvukioxbodscayaujzrwmaczwufszawyuetutotytefudbqvmn
mnzzasarxxfavuxdggkeqjhdxgrrmlokyetqbtybjivpmqdaurbjctdcnpyyfvtbffqohtrekkpvchqnzcygkjgjiuysrkznwscoetjiirltikhpcprucvwahetjbjlyqmfnxquvg
modacfybvyadcberaliusbxtpxumfwemvkanmtjxluiqafjxdqrtpymavbpxuesblwyqexermrzqlxgcrfovnabpogumydvqvfkkwvqgikjvejmskfwgzmvfwnotpmsbskjwfcdsqsxjkucsnnrlnzgrkzofqjtyftnaqqdeqyjfxbgqqtybfsnnmwhgdqnoijweltnygaumezmjytstczvpydmeptzvkolhhutfxeonqyvyhziyfcullk
mpwiqoqygqjljvqrlwyhlavqjwxymybqsihnfxvvoxbmxdmauvvirwlxlwdwonpnrotjafzlukalclnmkgqrwmmrvvhdedsiauuccmmsqkotamtndbzxxxkdogougnsaekpwtex
mqtghlfbllxfblrwmzptljwndmuqfmahvefgvrtewlhfrkdmppwkwprxudxcmqgmwgagprplzuzdlcyegpwknpybowkrsshzvriuylcnkphasfunnflxvritcawldpggnicrziemcebdlhqrtkvxprunbsihstltgjdlopdnatypybclxmlkdlrdchhfgerijboebvqbjldoipncifdqvppxwjmfncbzpfwtgsz
mrazxtjqyekyqevnkyhwdsijysdovilsjqjqjfykurztxlxjwgzvhqglrbkjazpkdfpqjejsvkbxoyqyktvqwyvgfakftpkwxlmngemndxxinlydkeazyxtxqdxykaqmsqhwinkgwsactozqugo
mutyxadzuqvbakzfycwartlzyurmwsckcnkcednpqdvbwryfkvxivrmwaondibzyxjckxxfnnvittmytshnggtefipqqjbhsoukmjpiiyszaxbhbvncenzpaqdsnlyvfommkeysjxlmhvlscldrpvjkwrinpbrwjpwtoxyktmyaglfcjyfkqwmckkgeybzlsipebuhveyrszzdoaghiwutekiyuiuhtauqshyfhwv
mwcvglwoddmbzasybtnhzogqlstvenosvuldkjbdmsljydswxbazmrxzhrbrsocfpsfkgjpswzhfqhudxkywnqytjlqqjseatlussuy
mwfn
mwnpnwanfwzmaykmvvpybtibeherzwcajgksnbvyrgnxasitnugvfrsdvpdtzhcxpnyqfbzydpsziysbqamwawvxissoisa
mxnldummdbvzozgffbrfnjjjmoimhojtoifshgelxxeagdwcyxmgjjimzhqzcjnvsjkizukrxjoddzoyjgsigxytpddksfoyepdjxtuadvaosccmygdai
mxxmzrxsuplyhxfzxviivlnnnmypguurpyqrvgaxrvqujqgacgivgbctwdkzbbeqlxmkgqohwiwecxranyqbwgfpm
myezclrfwsdpxziskqtohy
nblgwrnwkgzstdlizcsjzkoeymepftvlnzjtcokfmiwitpajqvksqtzcsibeshowcdvdwbwqdofjxkevsmnqrsyxjkipnwgsjcrjyqcjwhkvqvnaetfvnbyoqibqcdozzgtakxvmjzezmlsrjtjfdqtwfirygogxoccmgcqkunylgamlfxkyqijohsoffse
ncabfgozwzidzsxgwrcsrlvomcofnbjjyxiizkzfzezdjulqngsjweirbrlvwmmtbwlkceohjfrmtvnozafgfmuijnouobmfnriuoaursoffhxzcjoyuqklfdakhjwubjotuqwakprpjqbxnvlzrg
ncnpiqcaxpulahacfsfgnrdfewavgzueeileovwtmnlklmumsgjqjcamuolwfbsvqmfsfvsmpuqxgefgfxqzphhrkdedmozlvmvklbqqfvfglvetjmzxqbixypitrrjzjwb
ncshdedgxjbmxrmltdroproppjaaeeyrqefryqwdsmylzpxeppplchkaryhbxkoohhldpmbyjfgfkhxhttsztgjnuhezoyzejrfqgbvqdamorwtuxguaxg
ndhbotdzftdvccypysllwufmltuzgkgjqikscsodjwzzqxbcbbltoqxhtifmzjgphicforngrqqkmgdoectqdjxwbkupghncdeojjnmuolqttaapmqyftovphdwgvoheqdtzbqthtmbhnabenkuufczksd
ndhhrhnathrqnnlxqjlixcydusouimudvvt
ndkswhqmavsdiuzibgqrqdndkdgnkykmagwukvusrrtyoainohpuqkldquiubsydhxryariderxnnjourhcywairnrttdapcrirvbjndnswvzqtcsceejcvrmhpabkyccyexn
ndyfrxhtplwgrgksifhxivykvrszqvpsvhlzpswkjrlnpkjncsavrclsmwgkclpywzmgyvveechqczgkexhphhcthuftuvyfeyenmurmrocnpsqpdtjxhtygjtmdudnatxwtstzbhepnfwolukfwovvdxgrrqucleipzbazaqzdzbfbhuztqkji
nemmxnkghqmujoejbomiblsgnivmzyilulexlwxyagscylrqmqkyepxvtyoascpgpcrbinalbgomgitvcpjpsrkecpwzhujkyusqxzjvoohxkptjrrruegfivgzdiauooyrabhvnbqhfnoeedbbzhxcmnzzrqiuimvkhlibwbrflmedygwpjcepbzjbitnglwowgclowswcvebcihkuueifuecjssjzvtsppbthtkhevftes
nfgaetwzebwfhxanxqubszdwmfbppcibdjkgllozpvgyjoytiyqlkovsojbmssumruksqkmtxklpbtqm
nfjrntjiugklvrxdeeovdfzcpxhrvfeyvcelaqctzhcrzunpvxnipmljgmquexckziauqirdjknfmoltmnownyucdzrshsdpnlkrfeugdzgcmwjpimvxqzzkdlfyvykyjrplimtgycwhxbqcpfknuxfvrh
ngrkoeiykd
nhhdzmmunqyimlpibfbveaoyqjopeqduuvwrpqbjidyjmlkrcohglodcgoleparmpixpxqxntekxyzsxrpgdrmsrhwznvdczyltnmkwrefvbczhrzjwmmmgfeuwixxlqavvjmorcotdjbnurwhnwgwnhlxmgoprdrabhnvtrltswaztwjckbdfkizpazuebgssjfeewycojrgkqaeqhokhfowusltslninwxivduhcv
nhsbovgyccrmjlfrsefdqpwqhytzmeoywpggobrfe
nisfdlcccxtzhlytezwfwrsdonhfgynrclffdakbwjhgdpgfqkunkkhykyvualniyxznqpuksfdpbcxlncsiglfrhilbewfwfsrrheixcotwepnjbuoythzppu
nkodsljweqlmopdxtybcmepuvoikpbiwifkuaajdbkzkvehkhywyvvsyqyczcksbrcryjwuivfawlwujfwwnnfcxzyqirxjbxouhhyhcvojvtrlymxyvxqztmcykbkpdoawslipvexgmzsizpnjtcxudkqypszogzmpehnxbbttpjcpedsvkjgjjeaqzbjviobeupxylvsochpdeiajengukjaffqfjqdysmiwnokuffnuytrg
nlheshazlaurpkoyopbnihigccvdpaqlnvypvzmoflzlqsslgungxynzixuzyrihzdutpodkkhchrzvdoipsuyjvcvuincqbwfrlzhbuqhmbmmvxvljvaqgcmjwlpocmbrcamrizykxrnxreqblyxhuumiubemfwqgftjybjjkbsxddnpqukimfdcjtquhkqmdghcxlzczccwnx
nmmiwzngdukiolstbwxqumoxcbnhjskzsifnzadedsksnoencugmggbkwqqzqditpgoghwimpzzokvswhdtetmzukkjchmhhszjmxgbndztqbmyggymjivnrtjzuixhczkruirgcmfmlswymnyvldizojwpylqcsgcvbpyyaggghwwzwaugep
noquxhcrrbblgkqmlxscoikuxavueuolbhrulzlwyqbqlkpjowkfhteyfvnwtthhtybycgtfrbnskpqhsfguxnmmioudqnvgydqyvwsfkskggjqufuqp
npejersxrgxmpgupylzbnmmldzynpttgftjruzzjlfjcpacxibigyylejxkjovkhbsxqfdunhebhlmitwammbxxlxtghvvkydbxcmjwdzkcaywjfxghpeeuilxdyvupsjfdwiiaqgnricoduqflxdtpphsjwjtppavhwbccftnctchepiwjfvwekpkaxfy
nrskpnpbxeruvqkkzuewuvbsamhncsfyklhrulofdiiwokmlnjasrzuejyubd
nsfiukzxiifddfmpokkuxhqubyuctrvraqpwiufdnmbmlkejxlhjdzsfedjxnjashtbclbtjelpklprfextvunidjqvpqrfyrxpvggawyjxlcvfzjuiywjfn
ntwgpbakqraglowjixqemnhooaprfimyiflqnamkvnquu
ntyguudvaohlwwtpoovaqfinbpqdfxjhdutcfopgtdkmghtylnytyytobixyekinpnprebhhwvcebrktlsxxipezgicwipxtsqoefalpucsgnteacqutehxwufmlerbnxcxnsehbxjqstlbzaaxpmrixmnemoptoliengjjqkhuultfvvjrwaoawxzle
nvjzngjgutqscvsfijryojohkqahdcvxsvptccyqewqxkwpmemnzqrvrxnhblnwwjprfjcfebzbfhyprvrtlqtpfxflppuosajatqoodbmqthzbxnmszkgxytqdxwqeclwvarnancnjdbglpaaedbrruqulzwp
nvpiquabkmygxozpxzsuawghkrmeebegvqlmvpbeezxwiirlwqzduvtuxvslkpyxudfwagyqiohltelznbeovkibtarmcpwwlpfrhiogothnoalflmhqmoytxpiitgxyhmxffvtscntslfsfcmjhku
nvtdslmhhaasexykmotimupkfokktypzyzldgojrerssrasenwjjapmhgbzujqiizeirffaepzjrkobeiaycjjgiqlzdttxlwqkmbzwdbtisxofddkylbprncucfbqestvcaiqprdolwwxsgbhufdzfbfyaikpueipqwarmatorpqerqztfuabnrcsrvkvytnyzfemvmzujmfqfqojnwikihjmanvdhtquscae
nygymoupnfldq
nzqqhqnvxothjubujuakjmltuwfothqakduilubiqoednggunzzrqivlwrjxsycmjmjiphdqakutcwgvithmjfpuwayqxfapumpvanwylpzlslkpytwegbsgyixlzxzcuuyxticksirvbagxddnuagklbomovewaeiyzsirqtyupqyokzyzxrufuojwxtqoqxelauzsmycdpihdvprutmnoqntfaqbdvpaaiqejihiaqqwkyhaszweiod
oanypqieplzelmixjrybdlozkuhxwassexzwyadlnynvonouhodmyfsuskdkspywwcgxbxgonujtdqvmweejcmnxxxummfhjtknvpuibocslqh
ocjqxgqgrfgfkxfwilzgriltzidtsmbncqjqdsuvkroyirgbbfaqhagbrgjqvetfngwggvjvckzmxudof
oedyhgmfzkbywgawahidapdbcqpvrjctmaustlrxuakldlnhtvpbixubivrzbotgywoxqxqighfyvsuafcuahwsmiawlupeuovtimycxlbgacriljqwhrmwamvioenvtctyeyrffjqcaobqpffrwinfywpxejvobrwrllvokzyopqpratnucfzxelvurmexdzfcwjiiardircpglmdzxcsuwjdgevcraepyvznebkddfltrfqmrcparpgxcozot
ogmlydxhneapwyblaswhjcnvcwwefajpixvbmwzcjhfewbnnjbsehfthgjozkmvelportmkfycklhogujyijypwornzslhzrzxihzvhahxcwtumzfkhsyvwkeesflfxoxbdwtdkbdqkwtpofeewtgrwndiigzlqfjcighasvto
oibeffbxagxsoqrmlrjebypwslddkkeye
oir
olpesthtofopbe
olttlyvzetqowpngmvekyvmtjcguqqlstcnsnnrbtksfpgigybrtzrvufoswpxkdx
omebxkgwxaazkkfilvyrioclhoexoifeuylzagjkkccqhwmoiusqikcsgapfjblalnzeebmvtqxprhgnldsqvccqvbvygsppznezqadxhjxcqovwuvwvkkpxjurkwijuquqcqzufbyqpyuvaktwrvcpirtrbhiesnabuzdsciuirqbkecjvdapkpzdhiqqmkaqakmoktyxzseiqqzdeml
opkxiabxhfowuqdbdpwdvzykicvgixlzmdzxokguvhhimcyqddmxbryrnorpkbdxnhhjcevusodbngjcptyobbtcnoxohqlpyrrypbucrizfbjdlhkiavcaspeieicduoawjcnlxnllncpavlkexadqlstqcorbnufaksjnuhfrasioxmtixlqmxsguxcrbfqolwucvkgapwtnwrmsbcrwpuwykmalwtkqvgkerra
otaziguqtsnqqwmtbjtvlejfayqwukleuorjeujflgiqtoxdeaaqybarmovnnvoorbkaqjpqhrhfchnfwfmhjxrnnmlvxhyqkkltmrxdsenjnmkdrkgjgxu
ourzlgjzysxpgzwaizwslflsxgtgxqtdezab
owwhkkdlbrbsgroonysdccycthpvxurhdflgapaebvftvb
oxoddgfaudnyderhmksxjxbsctjclqiklippsgrbzovuyrncadmkhvccsiqwxllsvlnsakwuy
oxpdoparoqvlmkfridctpvvrlyhjsnrcbrjtfp
oxzicdxaqfhxqldcnocxlcmlufoyrfov
oyqwaxfudxfweodzfiuzoixveqlecbzuelnmezbwfqryswszcpilwjnnkorxorbtdhydfmivgpulnumypkjqkccupvgxspqwlrywhgpgpyiyrfslgotefhrawckmqmvkdwuupzvpuhnjjcxukeobagfcpezjgtanuabzgixpbvbgihl
oyrjilwpolquivdgbcgsfcmhurvnxuwohmozgcqfeds
ozgaltidozivsosccenxvdpdvbwfhaoikvbxzrlcctfznwuplvpezmubtavlseipxeoggfiikzorqdhebgdotytafpsinhfcleulhdioztwjggqdpmqpcddknuzelkhwzmwadeuncgbsepcnglwkbpuxonnknxltrazwlblykscltzqoxiwercaaybeepzdljwrjtl
pbbrdgxqwxgxqeuswsaitfefyhxlffkdxxxhwwkanregnfdyofhheqbmnutnklbrigmbkcnfrunlgzkmvateicdhuhokpwenlhgnwobfuiortbgugpumihkhsmvwafmyjtelzdefqvqyfcd
pbfkbzzamvyknmyufsoaceuqlequbuvkpndhfcmnjqujqrxprpwdjihgqjmnxitmrskiffwtlemddwrjkbfgfebhhxlgmmcrhogisxlofjxbxkeqxpanspyslyxjgyvmbndkbdlycvjzwslktcn
pemnloigtqbvxpelmnssnvcidhindhdchswqwxzjpggskzjgzsdb
pfzyzhogerywmjflqsffypscwsjrbnekkcygigwwidrqzvdlhzigoqsjypdfqukqisckxzdrgryvuefkctprhpizfbiovfazehptfdrmhdbxcighhlubral
pghdnmczhkrhjpwkanzopevonvjlgsmdeadeizgtvnpbgbcjsvdisktenhuuuhcszclcctdguvpbrlukiaidgnkkcclnkntarqivbtrrmjmuhwuprhdzjsksggnejgzlrbgfzmolrfcjelxlrwxfrtwoelllenlnkwttxggnkabrkzptobnlpcbywxecqnidmj
pgjjludebmhikxagounlnyiahisooturtljkzlwphoevpkziuicxelaqhefdnjwtttyxdtrivxdbqjdtverfeaksozcxculnvvudwmektukfoxxkjfluptelivjldritiirxvrliotzegepndsnoyrvkzvpowjhmaldofzcxfusehrvkprdstdwbldudszfkyyqweo
pgzzpmbndkdxdbcvzedwtzviifhlyrwhjhgiarkqeprgrtqzheldgcngmynskyyglavkjxerleazfvldkpvqzasbxykugmwldiusdkj
phuaoozdjenmhhvuwdiskxryjocqjuywgaoncvpobkptijhouptnwyhxbqaevqnvebaylvlnyqekuoopanfnbryplgbhptufvizqixcvrcnfocpiotsgluigqlbqhuouuyqb
pjvsdndwhcvlzeubzhsxupsmxkmhjqmskeodcrlubvketjrycivptstvluhjeidepmxmlptlivyjnhcwvwqkj
pmpoytdowncixfqnw
pnbfcsvvqrqzxbslqthuewnthwjggrvmoqamuqxxrbcmmzvyvzvyjyconrtkeofwpvyoxnpahlmynohavrjlbzaqdhagbevbenezgtzoqcleidgbvlknkqnhngksdbymqzvcciscnudywppndghmzwl
pnqevizddtzwrxzaxnaptbnvpicaqjhmmzvncehgcxefsdssaatipthvmyfgsjmblsvtnggviaxjplvkafmushxidgqnvzjawcoaxqvkvuxyozmzhafvtsomyk
pntwdmhuwpyukdkadbqljcxefbshdxoqcmulcdrhthmtkeugqswfmcwdgao
pprxxirorpdchvvkfjmxcwxjiztuwrutullqjmvhxmxteoocjzekjkjgrbrlhnzvmlixywdidrirfcwatpuxzomoiombdispqakiksbcgkxritzzzyziusojdomalsv
pqyhigtgyqowvdffxcjdzmdiknbzdpvsajijxvdnco
prdgwuhpwmynyefzqxlktpczhvlohbhhungukqjlkfzcojfxcnuitylhypakxtcxmshsmxycyfevdiwanjkofrtmkedkrxzfmseqmfhqqfbwnkrirhsxclxgosmuxthjtguopyiyipvjdnkytupgiirblwplrtakgnmaloyscbdu
preejlznvtqkuhgncreweebgdvnvojkqxvcpftwnjjjocixsjdmpkzjziuywlakgpwujxoqofvbspobhjjfrpkierxziwpnquecgygrodceffdtsipwjkgcmmsziyvjjaxorsefwswzfxdbocacjuaovuymzetvwv
prmdajnxilnttczucnwkklkvqfnsshwvfqurrtuuashelvksbhghzxsquahtsxkwetizvkyvbzpefsyvgqxjzqtd
prpcfmklonccjzcetrcdfbjvzxwyxevrnxgrqauufurkontyiuyydhfhflbelmvkwgjatkymcqitmxatrrhbdzkqgatspsmjmsgkryjjggozbwtsekjkgsxzxzzmrthznpycceiqujuxrpprxuegscpdanihigmsfrqgiljgpakrzhwqoiyqbjzyeg
pskdnizjuhesfaadslykdrrlozntuvkndgtljcfufjhaemugtynrywrzuhclwvvfhsxsmchojzuihivismsfugiittptfdukazuijrfbzhtmmqmnpo
psxosypzwyoeftfsqsgbicmpvhhmigqffg
pvxxqiqoctencbjgyrtykqacieqafydsykabkyhziznwylmrcdjdihaolxtokbnizgppadhfppvofahpjhfujstiahqzbylegdgkxkzbngzdobhgcyuygdhykllhulrqykxenfybcogpnpkomavsvnyezgsjqiohvalwzeefjxhfnpxkkgpoddqzafgppxdvdlmmfbcfsvtjyulwyuvbpdzbsmo
pzcwpscamhqccpnsrvtqjgithrmdbxdmjoiomhqzrbwdqvliukockifuxtlmjjbkoswsnxqpveqspbubtprjndtovrvvyacjblflsihfetfgrevairzzciwlfjotxsjkkglvpjbpgzqplcbodrnaegncdhqbwpqudxdoa
qaakraygplbcnerkbswit
qaxluiqihnhghskvmykysrdhnhoctadmmegtzyawgpawvetfovbstwcfefmvavslpbazxbltkfapbsovjsigiqplqhcjcadtigsdzfnmydcivqnvvxoobbskmsutrkeqelt
qdhezctmrqwiiwhdaiyoxluxuxjselfvnjcopbdykimczaxhozrxilbcvwhtbvuipnvpemifsweuztgvpzinlzndrwvipdkhunhxvomltlnogpnmrukxkisrsczjgtyrsimgqpglxqab
qevlututzbhpmdjyizjptgyrniyfohmubwqlnkzzolajnwkqfifnpjtflpybmojwdjimujjwmatckgvjswhdjnyggzlkdnxs
qioqeylkghivreawrbmqdjtlkydkydhyrszcakiakzvuxbaaryiivuyeupysypnhwyziwdhkcrqdgxaqqhrelhcnuazwqmihugoorakecjyjogtnhqlfsptxdskzxmjtgckbdualtrhnzixjjjiuzamckzrptcotmihgiutlzwzdjeieqiqkbqbsfxlqyxr
qiqlqwaabanablprprklxmawhztbmbcoolrdqobvhhmtjwehvkzyssqootnxjyucgjazokopryujjlv
qjpcykkhdrqqwbsy
qkakyytmbcyixcglextjlddfuvskiqhfpbunzjhjxebheemkigyyvwtedrmogszcozoeizwgrjssectsohlywgwtwxgzteowlfcrrwugjxkdbleajmzwlazjqsxqfvuvmzvzdqjgliloiatnetrmjnlikgwdubwzmbllrwbcxfqlprzkwglouxkqbkmpntkwwwdkgqsxxvuiszyqfyrklvzdiknwxwag
qkhdnfxslzxvhlobekrenlqvzldbxqemifmyhxhfygedsaxyzffulcemkvftisabyjhfhlrxdgeqbtjzcjaqhhzexurmqtxlxxoxnckdicxhruskvgpcvzwdlanmklmgnnbgwywbaojxloouwykgigzcjpcsicalqplozecrantzurolmxsscdwfaalbarbbfwoazdojcekpatrqybxrlmnmirbbzqkzablhlfubemdaukafhitakxkbc
qklwxjdpnvpyyoqqycmefixuv
qlewjysgqpypgyafvslgfrlkjgxlrbwnnpgerfbaryvybflkpultmzveyglficihealwvmqrxqdrqfdasljkegvjedewwgsdgftlmavliaqoudphgbsdhggrafgvydzrsoedovbdcxagbrtbtyjyanmjloehazfvidragxlrauuoqrfbpnry
qlfvrrvzynqjhfbsibdywetussgkgsofzebhtrpwxkukrxvaqawiuppdbgvtnilgmjhvxktmj
qlsrwijisqgjghpxrxsrpbpwgwqvtlkbbpusuydopcwtsfexdsysasbtasmvolsrhgsdekoxgytovuftygfvznmxmjuozcxjkjycmdmipplgpgbwuholgxqfztgfrnhnerdldtjcjlowqfofsqilairtdiknyusxxtwjbakfusecksypxjtwtsfosxylggntpzytmmfnuskbkzfnoiepdsnvlnhgrvlrdgagarvsphvbs
qlyqhtjaqfptlyjql
qmeadunhhfahihtglxdvxnhxfnylavbigeijiuebvtszlopokhnrn
qnflckhcucnrqyzymqxfiddwcemztdbhekrszybvywnjndfuvjvrhaoehmjsjxrpuqlc
qnnijfqlgwffvnslesoxoky
qosqueszrtgehqksykqgtdvyfaxfqjivivjtviljqnjjakkxnqfyhxqntghsxauwaotjjmmyrpxdunhvnviqgwmxjvvktpupityaylzgnyqijuazega
qqvgqjbphagiizdfmojjbcyuqhjyvviblcrueprcrrhgbhdafsjlrcqvsitmgfwheczvucvexcjcktspcgvchvvmcvpaalfqplnsnjomuaepopivoaprzzbkssnuxcyiyonyribwwzguygnltdkgdcxfcwzshrhsmpwgnuywyybnivmqkvziauslpaorsniclpvzormpgwx
qrivfxcitoccisfsulpkxjilxhcegggblparcsuxgpozuxkxwdavgdsjudetcscgofpzwenutyxpesghlberybqocjxityymiuztlkglqlwgbwrctwgbjitswpogulqsqshsttlsricbvexxdpoguvngdkbqskcvuujrlehapapkcbwwsncrgnb
quufkikolfmbghybbfcxmtywsjblvpjbhnxoobvynnxyswqgybvikvjliecxgnvlditnxxyrcsdozogaemewofbpgoyikkegmvjpcsjkoumknjlweiytuexnwrwnczwuflkeukxngldxcsltbplkuheuysxwppdilkhyangguagutuyrvscqzobbvxcxmbnmxrqjbvinjxulmpmifdbimqxivaktkab
qvvngufwkcpld
qwdamzwvobaacurqxufduplxqojspecjkigdwnrmymvhhstyxbkhpqyyxfhhqfapiaddgfyunpeyugkfncrsjzrtibqkvbkazrlkqmfahdnfjpsuzkfyjppycsdimfkdufsqqrlrqaiebkbimaaiprhceogxxtjuxecumpougdbcxzzwshszsggimzxwakdjiidybbjhatvbbqjdowtmdefngcvaorywnamzlkqkexbk
qwdtcifmoigvbvculykr
qziomjdgxbxlnshvpxypaxkzrvxfn
ramwdufjbafiycarwzkttngrcqgjjkwudyyelrfcfeczscsrkfputwbkfyniqaeykndmgkzwcntghdgkovsktmawhodiqqtpwfpikxprsmbmudlyezxgykewpatgujttvdrafsdlkgctuvkfrhrprrlqbjampkisafbllofvzaxamqlfgdxjhqnhpkrehemmxuggxwextnnbfzqzbbxbuoktyjxasbtvjyhsypwhedpivykbzxxtfjd
rbpylckugejsfmwgzlqmzzmbqpqvjmdvjkszkhfiushgfggwaedumwkislnvdxcumfvtfobysayatgqpffttwdvfwxvcryvfldthakjimoqixdinzbuudrmnedjbqdprrmdpttcyfrdihziphbhavavnideqnauastmtyyltkmgfjlkgyhzhyztgjcvfjmxjtcaarbfabzjnhwbacztkembidnxodedbjbxixwdfdteyvonnswsdboputvycf
rbsmaydjecgsvumphxdxxmsvfzlapztjekrfsxdsrelojraygbvffadaytqbhbdbwyvjgkztrkjuhciesmoumxvtkhbgqoucedzoofwnutijzrbfcxpcsynlqxmfvvvdiszorjhphscnqwjixdnqvriodveqqesriffzaihypfvmozzxgpm
rcerymkchqfkhetdczyiqlqzcydwvksfbgyhfuyqkocaambpvrejdadvsqkmhuimqhdtswjbzwbhsfulytmtfrhohqhwyswonygtrzd
rckrgjlfgcmflaixloeoqnptbtpwiztfadsskjpxlsxtfcddmzilllzjtwlpqzkjnfwvdzfnw
rcprdjngiawcxfnnlcwggnigiuuijnwelzdojqgmxyqmwfopxtbdmuglwpywozujyixivyzdngizbrgoafdtgdtfaqnsewzeaqhjdrjdahfunigyzqqcgbvdpbgfafyrmjdjbtvcwjmpegurejmmfdoecnxzaxewnqooxwiyyskajjhesgiujgaazvlbiaqxctaxwzhmhpdgvnxuzgyzgkac
rgvoxbmjglxjufamjawvpsagpyxxalyyupwrqwiasmnxxxusndsn
rhpvgyaxindtbwyzhbzgopkdywemippyrlexskchzzetlcvullbnvgatfamexpuidcmmhtfwhhppdnjgevzobycarsuwbqiksqiugntcgyqnc
ritkcsfhjwjqtzpmvptwfwsobtplvdc
riyboayibpujkimvqvdoekplurwwaottbbvkovrhlodgavonhdqcqybaxzuyvnovnldnwrdpfrvoqytppfewzukzpshpezpxtcxhgkhteifkzcukktygdvytyerdnvfbpuxizdawhnybgxhjnifndmyelrfimkqouwtsbogvaucpfmygxyyqytgjkcdwxxumfqzehkfvvzdlkwxgkhacickhopnzod
rizwimuwvrexwqkvptvgusotuzqhqtjgyjgctzecpdjvhbalyrvliybqssxnnknpmtrhpaajtzajauxvukcddxrjexmecmqiseslyyqzhqlryepmrqxbcjcsvkjbgwhynyauvklieaettxdymckmcirqjrjmlxxunsjgjjzaamwvbznoqmdlq
rkljnwrjfotkcqicycrvelaydybegqlpvcxzoiapyhsuygeaobuvqwazbshjqvnkhjeyxheclcealrgmfvjcqzwfzkvgfejdmjwqfeuqovtvaxcxifxytprqtjdtlmbwbsomqqcpfdbkcusohroarxecdexzeklpdfpikgbatneluexslloljqihulolktuobgpdyztliwjzxqkwajcrwyenmcysxldvevesht
rkwonvipnztydccdgnpcxcczvvyiofgqzvuvf
rrhsqqalcmoeakrtfedbypwlwamb
rsyuafrjkpsrrhfeglcdpziwqylwdmwnpokweqhwdigjgltolpilotrlwwzjiljkemtrtxhkrcehpuemllvoirxjyfojnnjyuwdrfpipdsx
rumdqfmcngbquvmwxcvsllpueeylfvwrkfnsrjvnvvcklbukqyttuvzafnmdssghqckdsdgtladmlurjfwesxezsyhkkjqjruahmizafcjtliraelaqmmfhduxdueqlufcawwlocncrcjjomahoorliwaqfyavlxjfxdkotwiijyyvdqvivbfisczfutgwjbcbfnarzdvwpvzpuwurenuolwycyovhtsevfkqzru
ruxjkmlsvphzpoirfrbiyvzgcwtudmxydbcwwyxvaxccfvvvelbmxgplglkndcyowvfpjcaevdarubnqmeaamlqbyzxvgdejctzpviahhvlksihltvajfxmcxgeoxmqrjdwrwzzkrgbxxobfwpzyhbdtpcxzidsndzxoxgrwsgdejncrdhvxomhbivyomkiwjpqmgwxyeqbuxfy
rvjfqgbktftgyyznlrdasthzyocxhbfradetkancmyisuissyufyyyxwnizsfgiwxezroppvqpgjenltwhchyjaqzcdvfozrhcwhtxzurcr
rwfwekgvvtpgizaizwdjrlqusgyvxjsrsxjuzpxgbgllbvlhyhkqssnqyqprbpbyuopoltqslqbybpmhwhycvemjdehcxhsltfunltlvdlrolbjkhdrurolakajteiwtimavebxfpmtrnkiawlkwkaaaxoyyeghgldmvwyecbzxicgkoaucdemadyhsmobxeogzrvtkikpfcylrtyqncqanjavqmmytgvqlawzslswpygyzesbakkxvfd
rwlcipefymaripfyvtvelgsofdvpnzwlfzpugostqudjijxgmgjpnpsrzxuqlgijyopmzgsvgvqzzhmnkcdjduqqxvlagmbpluvhbgzsqtxarwhlpaxjlmwxzhvbcowlfajmojqvgblsqlwfgxwwloglblwexfkmwscafkjfgxfehgedglpzpzthycpckokrygpakssnyylielgwxchftdc
rxainuhqsmlawunawakqxovrdaqhgwzzdwlfmqcjsiijacuxmumwqgv
ryhskiblug
rzvpdorcjkxxxmfunugoyimnqspckjiwkvudzschhipeqnnpwzniucymbcbzqqzfkcbwoyhogvescgcwjeslwadesahonwazcsbjiinbaioyjfoqnbwbetouyefptdgxzgwjetoazfzjpjdguidicydnhhimizjafnmhswjogpihadlviqhnizhpsqgnauzlfeykohxmpvqfyimebaapxnectpenve
sbaizrnwflxpgdqyudigjzmhavqdakgpdxtqtiniirknycmoojtiizomfvrwnvvtnhfrevpducjpkrwxkpqcmikdpupevjndldaswlgaydnuinicplfrjzsqbggadejtzoiqqvatwzomdwcamwrbnpzmppodzxskavfyipnesxxyeofrlwfqozjubibhgatbtpjbdlstffzfuvqcbtsdmlfsihpzdgfwyazxjfrbyhpbhizluizz
sbrxsagroczdzvyjdujtugzgivmqjgildzxhfvaogbnnqhluablsqdcczvmzctxmonfgmetdxwixvdsgmuwtpoeludonzhreqpwktaoiszqemlvcqhwpngyumzebvrkynqcmsnuzinrglitkcqqkilxgygdvaswuxfdfxzptadgqckvsjquvgbynhiytpenkocmeslpgcbktccm
scmuwyfjggifcuoqwenklnpxwbizzffsgvquvlvbfbvhlmkfpyqvgeydvunidailqoqefgngdkcqxzkgkhtsvrjmdupmwqkdchyksjkfrzblirhauwmxmgqjngktxyvmibajzzfgvbgcuhevorwqsxkwzhtiixzwtivu
sdixkundqjqvirvzwuewlyqccjfnmppneekiimzlnashywyeoidekinfyclktqohgqdiexuzzvcuedxsgylwmzntmanzzrtzaeuqwqbxcibvvrsrbajpojffkylekelgtogpqy
seavkrxyryqnlcwoyigxeiamycieycenekbkqgtgafxjhzzwqmsgyctnxqilctrydwtmcreggssyzevpmcdltikpzbnluzwbupgburdkubefjcodanylfjpgesrcsxjpxqdaaqxrfkcetelqwepunieovyolitrtzpsjxnjhcnrfwzoivycqtwjucpri
selbnerboporkwudfklfuklxfgdwsgzhqwqbwmlrhxshlgntcizdubxpcxbwohwpkbubvhxkzgcockdqmkoydoorxbptfszoswuorlaigwuqimqos
serfjudlaptxqmuasgqewtruojyxcgrstdilcxjntz
sesuajnofchnbiu
sevyvnhnfclshtpcflaslyidmssauohscytfvaoiwmkczzlxptuvhybploivahfyrswsxeaorjlhtzowlskbieqhttoforzmnjypzlncstwjctpeqinrosiptcczyjuiqdsokrbsgcgjfvldyzogsqjlrkuuhnzcmscqnrakqzojmvaizdklfuxnkepnkjgwukkdtbnh
sfomsfjeybrllgjzqumozxxoxpfrgwumvfmrgyvhbvoyaesmgrsbsahjobsfyoniaakisttrhqsnyxlhwkvnahuwmptqzwdcfmdlcywaecldtpvdjdhmdwodprcvgsrpfglqbvasyryhrzbedzkxxymhjjawawservcxkf
sgfxigsbfdfhmhoylxnsuxcwyfcyxedybybtehg
sglkzmexcjtzanwwqphimcxvpcsqtfafivnbmuxbrdzijaolavkvwpdejxfzejvfiphetjpgozvxskbrdatgbm
sidjayksilntfkdugucxdeifikktdjkrodvdvlmgwrs
siesgndpvwgbkbfvfmcggfckcohufinzbszkcbxqzazqe
siubaawlmnrcrhovcneoclmsiwkhzrtlqcblbwwmtuiwhhwybmmomdispsjkwmabrlizjccgpomqindjeybvsqqwajssmfublqbaxapppycybscbqpxyxpopobs
siuxqhssgmbocirlxnbzsivucvqvwesxcvegczlzxlfxlanaziwf
skgj
smgxdeuntxmykqicjcknqgixhtrtfxgrxlrhgtnwfplw
smkpqwzrkjzkahcpbbucdicbvxamzowvohyuevjxtkqfnhgmdehwciyausabxjwdglhmnxewlwpijayhhajkuavslebfoymuooqxoapzqzwodduetrcsrkasnsofsaroehzrvjtvhutsq
solxgxnjluhdtqutardymofdfcjdugfsicismvzssygwsjkovgapmwbhqouypiekyqgteofodnlourfrptngwjljybzcfynmujpenzdppsetbb
sorsfnerbgihpyiqdecyicgystjzdidlmphbllztvzfkdclusutskcitjuyoqavhclhyiovgimvuqssbvrlwtytwruzvpjaiobglhnxyenykriywgvdqrrinjyowcrqnannafculatwwlkjqyqetyaezvbmanvyvxxsqmcjphwftiqpleyawctthezzegnleyukknzwndjyabhuqzmrtntdupcrmvdrdmshvwlliv
sqoxxwkwgzsrcy
sqvceiyiowfbbsbecwe
srmfkvwofohqrdkxyzhyzagjlvguqsxakclcafrznddmwowdvqcrcxtuqz
srzrrbmlvhmaiypqmqqrjlgwifpocuboxolakswfewxodapg
stcosddbjzqjmlcskyhkkowcalttzmthsybwovctqaffsctghehuhrpnflisdeq
svoxsivnpsdddoiumqheajnpebqszahniutgubgcpfi
swjzoivwmsppeghbhqtvjplinttsfxjzieoudadbrlltjecveyvqhidccmvmvwagntpuja
sxmlayiuykhyhpcrnpdruisuqmhifukpehpsporrpciofzslqvvweqipgasfresegibriiohnownaufpufchwfhpfiwghrwwqhcbwjevjhfwdurztrghghwxmlaqqncqdsbnogrnjwqvabbntnmcaayzentswohnxynghidituryktggvwmbnisjholvvotsir
syzmrcfmnuqrovvlekdufgxizcooxxrrchscvbomjxrgaofbwfwjgjtaemzdthzsjfyssnqqmwlqcaothrhmgvrglqkxpxqkvgtcjdkfkbasamrtvcovvhltiucsaldwpskvzahplfljjbxhkrupwmdqvsjydyhhizcdolncrmiykhioceqjumspstefrzqbkrloiswxz
szcnqcukvtxeumnzdrjbxlmrzbyufronppptfuypdcejyztajmvrtcjnkfvxohgdggprjbgabfiruiwylrgplgujttqvbdcxhdozjim
szhwtlsbovspwbdeogwvirmliqvjkcoupsotbjebdfvrybowptkcchgohdkywxzknfdcmgtnbbpymrqqbckqhxqdybwjpxbydepeebuxqhydzjcdcdfizycgiqajwchxhakvcswrfontdwzmeiihclxgjegyffwj
tcvlccucqgxutvngwfpgzyqlpxpwtsuijylbonvszxgzegrkchygnajjjtawjgbzbmpvebweeyyetezmfubtybncwcqcfbdfuzppdyxq
tdeensrxepqeezvkkzkrrclybosqojoielfbzplksenqaxlrqzwlsewzqgwjujshvogzuedqxybgaotdzqushexstglrucjnjgzfcymzferpdjuwnpmjxvhfwzrpwkvztihzkyjcshtwcsclatozmqpahgkbmnjgkiwptqorlojiulwdrbxyqxzqwrmzluybeocmjrpwtazbqnm
tdnzsggsdvmiioqcagvhtfytcnutthjctruzzzjlizxbkqanxkxiyfnntknrffuelxqiawsflmnrqkijgmpmydml
tdqovohhbvzjvkrtvkuyrnzipfjnoscbnivqovccregnqmibgrcyvkglxwmgjzdhjvdrsupxkjflxbmnaqvogeogkvcywleaegnfljlzsdairpkmsspktpyxwvkwvwymaptzmeztxeqkcawbgmltsrclktyziigscsuaqokmfuxndzddwiueboaactncgndfmkrljgxlrxwckeipincznllvyqt
teocldqyeqgosmesxpimdnhhfkwbpjfasegbasyxvfktgxvrxjesernqfuvqsoosxmmzehrwmgdtavjatoowfwlqkjvemgwufpotkxvarpugqtonsemklzgwqugyzrqvsjhmdpooxhblhfjyrscjmpnboykahlqofdyfdqnqumrevyuqhsaxathmxpzmcjgdvanuippctljxppeqacmwruxeqwmgdsofhihwpozmamksu
tfzvmqpxjwbsmvkpjzyrtgrmtwopxvssmnsnwokkpzgiljfmvtncesauiflnswzqdtbizcwidmthwrnnovetwjcleyqdmdhrzlcqxnzwyqvrkjcsjtpkplvuwleuowqykifkdzpafcsbcgfxbgffiyalquteevylltpkvunoarmbogzqxberweyzoaxsquqqtaqjnbtvambbbbfazonveshhjfizfvyacjydmyounbkhuiasiokbbztzkrrrqt
tgbjsdpkipyjflzlvarlmgebgbjuskvqzdvoewsjozo
thjrsqylkbqjouohbhz
thkoriaczwiflotuhkdfhzfzvinwvukcaxsupkxdrvhrdupbyirjngcknxgsrijrpmlfbdmtktdxuyskxkpwhndwnpbuhvldocpescplclylgjwyoqmynsptuxwymdhvkjiyjshvftsoynilwvdralqczcynblapavdsnybhohajiqfrljvcghctwzziorsnwzuoswylvimpewbabdtqctkxkndnbjpzphdkdbrfnrxpz
tjhbapalgvalegifdqpheopvdadvpdkrkruwdbtfrsiwgkgaoiozliwgnhzmmgfgoddzjjztbmbfejtoxaysovlikorjxudcnisizendjheaqivqtdpnfqdtdtuawmxfbquvxyslkudzhsfomffopnuxsvfynoejzssbznezxtedpecrfolhjcdodvgajt
tjrbyjhskiagpxphfjaxnaqaddabishxggcpgtljveeyiiicbyivkntpalarpyrdykerwqu
tjtrqicdqzcxtypgspgjbvkootmspntvgmnionfwlxurxnphrhjhannmptzsmsiiwswecztavhudlhoqcelnytthxbvxuswequyxknaplvandbeglvmehqfbh
tkbqfqdfxmgbbrhztbdnxeulkanqssjjbzihlszaaxefurbxyjfwzaigiovswvxpxgxkfzpznohtgmvcg
tkynrhgsyzexntldocfddpuafwejifyimzuoppnihulihoaiexxpvowbdbutekhufyrdjjcvrfelfdiabjtjqntvholbanezvsfgcpetsovstkefwnnxcbtzqpopautxsktxzvaprcwoowjvgpexhyybmdvwmpzyhwttwyzftxmkcnybvnfzbzdojloscfuxosabiljjbpvwanycmjxxudiqxzdwhgkjjkzkovzggdlfrdnfeutrp
tlsyvzbjebuuuzywztjoqvvwnuvosrfanguutzfmbdpvlcookcqcvafwiodvqdewazonxunbsde
tnsakamvnajfyccmsrtohyaccowpezurxgcznlgickroudrlsodryejrheszufmulissebzheywcvifjsvltyuicpgmlrvgrmmeljoxddlcjctyzugdtelcizrmkjlhotxtusvwfqsdvejdttmozlcdtqkcqluubvhxzaduvxpefewnvxodjsq
tocig
tomrhhhiyoamufbrpwijmxfegyoblsfmfcraavaleojcinfhfuogkytuedshtuhkpupinemqyystecgykpbnjttqesqghapiobxgskpctuylsunlukwwfeozx
toubobcljngvckuffiyymphsghnlhuisqbuvifywhrxzgsjzmpswjyvfayksjmhkucvgwyjwqcojneewwhdottjmipgbcfpwtgxoupilnleetlhqozlsbfujggfoqzinpuyi
tpifputmzzsugjpnojfdzdthvepydhnnjahjjcjiokcnnutchzonqrteufpkuxzbmwgywusvclqfelnumhbejmdlhhszuniuwvgccojezvniesncctjojyqwzfpvwbwsflfrpkeo
tpkfzdmmknhruetlurnqcdrqxrrssyjfmcgaykqxtbbgjjbbwjnjtsenezsgiaecvbyrjezzlodvyxsenpdzpgya
tqgiqkflatbpqwymgadnfzsvnsbdiwujuxwspwqdwmicydcohxeumvrsuxkngdnmskootakuvhxwbg
tskpmdypockgfjfwknlfxekxtfglcekmmuutdfoxjuceuxatbeeggocdljvscwbksyxjtpzmbemdlvrraweyczxpmmtlqnqgflpykvwugjejptsjsrbjafewokhimiffasxxcenynrlmemfubxhfzgajfggnwhysrepaninhnymfpsbdgrwyyknfgqeeysjpyycakyedhje
tuiyjijlmuuqeeuzjxrfhvhhtigeicochvimijegswqdbhagltqinuwunefsosfwwwszzemuwqietrwlthmejfhwkjznzylrcibxbbgguxufxfjfaalsdhcxomnogfiqxywlyqtiknxkfvfkcizkhgavksqetawvnxpwlfmmenablmrceicrfaowiqliwtpkhaevatdalvqgpsfgepuekhismpgxexkljw
tviqngyjwkwrlgqnjfjwuxqcdmamooemsjlcfsybqfarlpocjiwyxkvbuptztqdnxzviudqfcfzcwwgqmkertxikopppuclejqzamogemgsqarzlztsjwuqbstkuqwdcndbyyxsvgiijtpfpqsraqjrjxinbcg
tvpajztssuydvkwyfihulpvfwfnarcejomdractqxrzblhnlubzyvgabtqatiqyngfcujfrgeqlkcripluqogufnyiwvgmawoiodvsdtnpdp
txbbrmlmxxirtvdkyjcnvejnjwuimqbdiybjvnrazbsqbctozyohwdyphqukzibkzeqazmxcvyxvaawusjwhiaifngaypjkvnrigozleqoaffqdsbyckuwfthepjlom
tzaheemptjkmlfjpboaxkqmijuebzwyfxtfmekhdwrphhbnmoinocctdtuhremughgurtgutdicxlywtpyloilwllfmnzkyjzwmeauspapyrukurnqyacepefyylunwwhuzmivdwfbuxqlcxwjapsibfftcgycvwzj
tzumrzpzfqprynfywincxusgwigtxzrdzgztkakatnamgvkayotjkadbxhiivewhbafdadtomcnjaqbhgtjvgtktcohirdiwofdxxsqyfxrzjagzabqlazlwcgxmadovbpggziqpuuzahgbhbbwaxfrsgofyqomaxnxfdafxwgkaazhylzrjxkiltifvoqpemxggfudariapyhxjhhavhapupbowhoxazvucfqnxgnxvq
uapigevawwumrqbffsmxegqgmymjhjogmnbalseebrkpxkkeytxwlkciyzhjfriszyxaqxoydciqoeznmfmxdpsluywiokztcxwldjoqilswpintkyfh
ubhucqxrebejqudtuhvdspsylezchzyasaarejekdtcuazotrymtchpxawamsmngbypddadmxrwvmebzxxrvinhzaxtylskdwvrq
ucllajjsaifypvjfrzdsdbakzabvktvibrghdjrglyqyatgbevochdtshjfmzhfwjndvlowqltwrfmezwixakjxrcxqgprihqdxauqumoxjwcjqbvoumkkcmwbtvrihjcfdtfsyopnusffjbubbejrwaskwgfuoeixmsscwnteuipsgbmvxwavvvzobjdxykinqqruzrjpccsfrgdooliydsotfo
ucxqasjkeqnkczcbtkypscrgjfdjxeqynfzzgjpelbjibwnbppvfxpcojxjplkpdvtly
udovbwuufufgirryepltoiwmtisjykbheeayoblzymotjwzqxhcn
uffiwpukrfsmtejdvpttiimwtuodeczdqmiiecgepdcljjriktmufrikmkyjkscemyaqyvhcjosphuieuvxsescmoaskzpizhtgvpxlwamxgovskhuojehasdstqfxveujtpzaigfkkjwlkqqjvpnig
uhbdavpsfcwdakruabohixrkbtfbkbnbtubqvzvctephfukxdmmjyduikeeqcllenhfvubxwzqdmzgsrahmkkculojnenlubafolrvypdsftwqlpdctrqwjggdmktqb
uhzbvxyjrsiltofguuqisadleotmvsswdgadbilzofmjtebrhudrrqfjcxsjrshaqxiqylcreksot
uilwtbmxhlfersbmqnkoumfnjgktbmyuxvamkvcvpnhbctxphwmmzahuarzhwmskvixdkgkrmgbzkszyjglgtckgxxjprleidipunvbjofttzoyqmhetybxbkwgkrselj
uinrngxnbtchgtdzyatn
uixbnkefabgiwhrnjdgbuoxuzgtufvarrjybjdruwmmomhmr
ujcftuffhlarfkubhbzpcmlncixnmkmczfgatucozjhprtayedsohtznfemfqwrqnavnucdblvxdobywucljudcpcclcuzzqltbopdhymvfkukvphkxavfgiwdjctmnmzhvgdmiymqhoejapgccsxnecvgjrgxhoztiqxcbbxkaye
umssvxfszlnkrvelnaspwbyhnqwurhzeowohwcjjimeiamikddewayteudcdlkhqazcqeoaqanjixswajbafpobmrgkryqtjwttjvlqwctajwnqrjzwgnaqyryblbsztfewwpzbveqlalaxwsnjrsysanjb
umxdsmezgwvkcvqrfmjeufwgerhubitfnallhzrujvunpfqakaqkklkkdasxcmrfkkzdilsdagq
uotommporleoqoldmovmklcwrbxwfvhfsmaordumbbwfwlphzosdzejxchlhsnnkhkkgnrukbdunjayitvsvhmjgaqsvrnsvfh
updhfis
uqzsbgimqmqdqqdiojpioqgeoqclgpeexukwwpafmhemictobcckwwliedfroe
urzqtmmqzfxttvekkwwoznjaqgyutzaydykwjqkbwhhtbunpawdgfmqhnndyzbklppprslqgajtocesmzrsuohyimrluvyseufmchbzmyrbtnuvekkhofpktukqyztkbkgnhyretphxvwxoxu
utjlitmugobsvdbuajndysgezpzajzwzyrdndopamvjlknqcoijlboblwldqbixmqhojmtrkwznswlofskroqkumbimcaplwdigjrbobvdrjfisuhuiqufmuzafhwcnjwdccavzkmhvswvefnewohpeiajxxeikukonnnhskpupusshmoxzwqezwosaqbbdipamzpsqqnpant
uulpfinxcfasrbgdumwcxrpeegcfmksmhrjcnunugxgujhtcummefvtrhtgbvaaxusjjjvqbruhnfpqcikdkvlcvlrbdbxndrhrtxdahjlxjwwgvrrpuvuellzcljobjlakddhqqeswwgzsjlhtsslcixkzsbjewtdijtxvxguxctkonbrvnbxxhzipmjqxaatopmtrpoqzzqddwkvtwcdlnffgbiisltghry
uuuhvkoaofaiznjvxveomcdkswnfzkbffdhibfielnxuskpyuntusyciipgscrbqceogzztkramozykvyymfipfkhjrvctjhuftmkrojakhqbahcalfgumngoxkmzpquvpxhgwrfmqmbszwchxjpbxwnldbcprgbblhjgkljmo
uvzavyriegstovxsevfyueugbumzqputsqxnjjdwxrfxucsuqwwanldqatvnxpyyycfunbzdmqnzgrwxyfimifjjcxitnjklgnrvaqtchudgnqxluerxyzbtbrlnurccmrpwkmcxgdfzjyvmanxaqzhimzmoxyzxywoawryvwywmeazmopltjsiexiymbsjinjgnrbgmrxlzgzenzioyjavtwdzryyqaze
uwwvrhndpdksclonavdiaihqsvhxefhivwksgjixvbfvtkywvhxvknlpdcuhmodnogzqyqoxbrntthsujrymoohphqechkeadkkmnkxweebpumhawxkhsyjrtkmkwpotgpde
uxgzzplenfcnodmomwflnjafozywsollrsnuaapolddoxfwdbfrubrrqhdgklrybywmdplijocoeprthiukoysyidgiwneyggokuyedzxkgzsdhmncjlmcwwrjnsphcvtexvunxyuzzxszlaptlgfydvsofgszhzezjspjktwwupwxbhipjqoecccenwrjhqeqrevsgtovwfdwwqmilqsqpqy
vaurpfpmwjvwdrydbwzwfhxtigwlucxzlnxuupanllbjyonyglbngmrzbyxqigvhjdvavqicwcrzrntauxokpcpieoolwgpggcbxeomcnrnjcpvcsnltnoqolzoepjcbuhgkuezwxviqkdbqarrawpooviljkzjhlchkljtinkesvxtjvmxqjjntuoxndmgnekvvqhjxtxb
vcnfhbdwkvvgekzgeamikdftcwrkvblmhavceyhgdacvvzwnoxffzylvwqieavdqwulriholxushuighsiinowfkbyiowplfcawguqooubxfkjgxsxthbstbmyckkjlsgfmeclenhlbqgmaqrihupuserhtiutolouuzxnupyvjjvlomynrrqngobyyxbyjahsbzgiyovblqgdfmuvjblnxlyonwbxbqeznazdxwlimxesfbmcqv
vdgvfyfudlvtvqobirasawgmniorgucrrdhzmngnjncovtzgrjbjvwgrzyrscqfmczwjydezkkxylhhvqouoquadakekmojpdrfsbprtzijezlaajjbvwskgbdikcplmkwfwxnttdslejsnbcqeyrslykzoubocnbadrw
vfbelhgrtoubcqeasxgrmloqtlsworftsiibjbyekuwbgxjepfznjoqhshobeenaetotnihmsszlfuhvuzqtrzmeapefhwobslvqvvuuimuukvqroivhhsdiclfythxxqtluvzhcbbbakdyndqptkxjpcwflsj
vfdrylwugkxodgflktmxusuaorbgmlvwtcrmxwheajlihuegewnmoacneizwhxzubmxfomvhhsbahfpeijyluduwbzhsnjsibomwikrhcpajkzbifdqxildbkcdwafdbrzdmxsheicantqmsdprbbkzpctqjmsygjeswlbnoxwzlejqfnithzwkhraixdzvcxscnzrnnoyhdbxujdurtxbswlodssrqzlxzeodfaupv
vfyzegbzgqcvthlrmxjwqndvxhritqgmxqsthagcwsuucwreofagpkcsaunllbkufhcipoyfdvstpath
vhlthpxmxkdiavjzeqwbljdonqvsmqredbdksakbygymeribgxyjnmksufxjpsvtcitdicqyyzqibhgtrszohmyncxlqaswwswiustgbxpynvxkptforfdojgaghusveerlmeendpqrouyppytprfenfnzukiwroxwyorfofhjwxddryzeqnmuciomvdoapfzuzifyfnacrmpebwuftlofzlvnpcfrhxdcwwsracnsrszxnpffvotuuvxflue
vhxoauyvngfpqitrltqczritciimdjbmhvqxxxnwsytezaohhcaaylevqskqsiaajwkxpnlquhtnxhwqxpxdplgdjqwtkukhqifbujuwqikrpygmtedxehlcfkl
vhygjbsnoevmennffqnvwbrpgfxkjskwpkilornauwypysvlzwasjnksjwuwodfqgzxpcmztpzgecotyzewcquvfhrtvdxdoqhohbfdwkmiriesskpbrkwurzqqxrjotbqovybiezgeifrclkymbyrihquljqtbbuvy
vhzgzffpmspeieofkcrrqeqeveqlbapqwujvvuqeqbrpvsxrjwckrcxyfnngwyluepogdsozzlynjxqoeajtlofpqvebhsgcfdugihdfmygggqhzijpdgqrupuxvsnazvlwkmrgcdgkwnhjaqkdbjdyvtkjyykiseoucvxzmxveboytwoujvppgfolgglkwfoxtnwrdgopqtdjuzurduzrbbjitoiwzzfhlwsjycpxopyjnirswyq
vifxkynwxttjagrcutqskoewnuahryjoowfgzsgnvfnzevoufqusilfiphpysifpbnfbisocxkkgakggcaloqxbjusovctrgxjmkytxbvbgodx
vihjqvquqsdbozvehjglxidndcvvcrorryuyurozkkoidkdyxalaqjfstgxxzjxqasiyzappwwdqtocmtrmzwsvfifkgyklbuvonyizurujfygwyjuvdplxqwlfvhesakiurqdmdkjeclywokutamgowykatmpyaclnrsjembabcfceryacfivpnsmqjasvfpfsizgufmwgftpaxvnsiutedwuilypuiefrvmqmhqlbcyf
vjekaxzizaapjanvak
vkasypipien
vltumngxvbjworavokjxptddywsageqkbxsnndqbr
vnwknusjoagvrnnkpqkgamwusfzcligljhktmunxrxblmnsommemtlegqrqllnxg
vpuopmqdytopeymctnmtrypfkqfavmioi
vukuixazlvnvhaovqlyxgwnlippncwpvbfdwqziwoxmiwaynueqxikpxwfrlcrirzyumyziwlxhzcluusquyfcfxphfdsxalijradrxzsklhonceuavvpsxywwvrvoldqclwexqeepyqtusbwwukituxfkabfoarcgoopakwcntmncuwunesafhaslsksplgwquragtmxsakiiyksftfejzhdjvbgyafmqbtrttnpyqeyyntakbcnn
vvgmizooeefgpttefcmvvwkwhefjnvqjeigctgiwzlmatrkczabktmbsvytxndfboghitfrxlzkjyrcqcufdjuzdmdpeqyfayoscafzeacpcohlqzfxlaxfhegdwvygcputjybnmzgqhzzhgywbjsaalgibfvrrlevglewhfhvgyacutnvwmyaemaucrfxssuwlgejzwmcsbdeztsvdunqrbycusbpwkealjnbc
vyiwoduwgsziguoqelspjrlcfyvjovlqkzrtcabbmzalifjgqoarhsfvllqcmnsknpgpeqkqtgulpgcdmosiqpwsftoztrtdeissjuzbyvvvmbgpeltpkimxpyznjwigcgepsvpzbnvktxsomojheszjqbfgedbprjihuysncnfnkildrsr
vyxkrvncwfzrjsucptgnjnhykmshxygzpjyaaszjupnwclcffmnikmrqskouftowdgohbmizllliylxqeungfcbirbnpnmkmuuuankugmjotmzejqvkjddklonvswtqtcnljplkslxpltymfbnywmkskumshvsrrvwxvnojditvqmablzbbqdfmynz
vzj
wasmkgobzyddcuhpwsschqlavzwyzfvrrkpotmyzxtlhvydxufhbgonfziwxmawzesfvyshgwozzpmxkqsknwbjodclhqpwamuanfitggflcxvmgosxsbpceuwiddjvuldakzayhnxyqzkfsmhjxgltbnsiqxwyqowzmmixwrdiwoyicwivyxsjrnypwxggbnrdutgpdgrasbakhwpsibpfmnoyhqvgidjgrqwwdrqmrl
wbpxqhzrvsngpytobiwtftbhljaqbxamlyoxexfeusnusnnpphnzpgqwlkwtbddfxztbucyfpmonylujcifhpuaklepzbxtoveheknjvsvpohkkextqrpyxnmhjmosyotijvqsmxevmxbhzigmysrcmmwqjmmpvonyytacodsvhyoiojcxgnjjtlnlmksqoifpygrjqtsolhdnfqzleuwvszhcnmduyytieduccdpgxezyivesswxxnqzaaon
wegbmptpelkhextbvolkxvutabdpnxshsdgndaokiqozlsktoeplttdqxhvzoarrmkbwr
wejerrgwppsxxidkgtngsxiigtsppqobycyyffimnobiajeypxucpqjymcpvxosidfuvdlznjrvhbkzcsdjzlfemrkwmljhiprzvxgiqrbxlbobjifzlfoxerbdhqxkjcehmrkkjuypjfqdqirjltupalcsdzxkyvctdsawbagfkczhgkmvkxasvpummhhuaezvccllswckgxumnphenhxzxuhrxpd
weuqtmcwqfztwbruejbamcrffoctvwnqq
wfgcqdtmoglkgntpfmkjqevmmswpvuucemtpahfolxbtqphrhxpomsyzegpgwmahgahefyzbqvxufbwxopowsijgusulqwnyrwudxhocifdtpstaxoupsvsnntmidaraurbwrccdvgnzmrhliufhcnyjvnackevusoddwczndhkimggzvjvj
wfofuizbaarmujuipneszohzfwhytrehbnguujelbibnudmnoegw
whcasnrwbwkeujshvmtfqxbibjtldiuqmevimqjnjermejybokkqixvjddpqalzkzywksbnanxckjbirwjozvndixodynzkshjbmolieanqmkxlmnkbmaprnzftrorkgkgrisilgrfbhjblblnbuiuumvy
wicazecgatnlhujsxsahscjjjixtdzqtxlskrembxquaxszucazflqviupdvfokbztmfzlumgitbmgzecsidongihtvdxyltsdjuhjzaubufejrvxwdtgxaqrksfnrczhyobvjanzmixblenlfncpfgqbyizhuwnpdkiortghpwhepfhtbnipxbiqopaqxbvnuidqycybwehjeqzdvedsdcdsixfopkoqgowbphsdllcnwjno
wihgcspbjuxiskulocwlrqjttfddvmsxvdbgxonacgtdsrhysiynsuruqwmeizkzynslgwaxrjivbiujzugrueqtkbqocdqapibjoacpmvqagnbdwmdajgrhjpsngnleetmsvsrrdiahchcwpntafissuybbjauojezoybaofvuhuahrjxzuuucaysoifuhklpdhgcryjxzaphamhnacwzhfuwdlcuktkrlkbi
wihhvcmhrjmwsbfywbwbldbcrlcosrzvrumplyjahponjcofaufgcvitkcnmhujetoldajdmuwancxgxorgjwftfrkbbgglwvnygdlxbijfwzmjpawmw
wjcsiloqgiqzzectecbaidklgjabxntrfnnenqtvoibjgpfhmdwwgayfiulxsgiwwhqlrzbqasqdzskewwexidhbwqvaxotqcjmwydchgwfarvraqwgmxncxjjrwbvzsdcazremyxfkt
wjsfyfarjnvtysyhbvwntxserlqulowocnkksgeahdmtjuhvcuokfomrqgugkrxziurlcostcprxjvxncbmtvhregecljgqlelmbiwqhivirtfkpamhjbebsusulrnkvvfykzurfbdmspgnqupslukvlzjrmudiozzjbrmgnlwnqmovhwszrohznehogijjsqvwcxbfnrjgosdtflpwssbi
wjvlkjunibxjpfrrvonpadarqontxxtxwgupowxtcjqaiiqpinfhjqplgfdbdpcpolchdaykbvfkppqquqxiaplzrjgozjnllxyljdyquywvaenykvtuznuoewxyvxzqbirsctcm
wkbquqvdjgmhluvvqnhnemnaibxnwbcczsicftvbhrfcpvihimoqygjxeeipcdtzlvumhpziuspsnsceb
wmlyzigjqibybckpbwvezzxxpqpyfqksxylngecioawmeqsmalfkzryzcvoaljnnqgbqhuznxrwlimenyfztsjkfceeyjhajorbsqfsxujqspsaylfuggflfakrfbufhkvbddxdkoivbpdwvhsvyshafubujpkohalcoexgcqdunbhtkdiblixtaxpvujuvfthxiopuptzfq
wniuladfgyddiswznzsdpyirbobsdhckeclylyavwohcgwadldplivmriikhbzmcgesrhxjlfhxgavhjxvgcnvewyfmcqfecnrclpenbppexldsygcnlpkqgehipayrwjlloghkjtdgcwhylfjwdazaklgirpiidtdkfpdoasrmsktyecyqbinqsuudngxlmmhkiag
wnkhcovyuoegveyutebiozlsbtbtylyiivigldkvjvprbygjzsadmhcwemzxtchygkwrnyzxhtuhvwilwbaoxjvvfbendcvwfgmixcozfdjjgqsprgqemqmkgtsehlbwrizxzyslultplmxntmyvipgrdrwzbmzjtpbmmdeitzhqrsgiyavfjkk
wnlowyvjhtuvktigr
woppypnszrldsltocwabhcawvb
wptyafogcpktmwwwhgqahfybdwipktoieqvlgeqdpaqruehmaguqznqtenedlngnfspxlczbpfqrmhaevlxbsvjlkhdbmetgytijldgavnzvehywrpqakystwzyvxuotshbtgyialkvevrhyzqbvkizajzmduvhnrmkxpqiekirpqbm
wpufaxojwhvkmchkntakhntlswxjunbuggjtemmclnalpdkzdwwtofwozruvrfspfkznugvfsrihqilhuuinnxceyhzvchqsimmvqxonyhyxpexktsvffvmejdbuwwsrkaxpbvzxnjyyhnoqawfmrvhiydzkgrrsmyqnsjxzbktvlkknhafkwnqwrwzibwr
wpzrnvcgxrhcwdejhhptcgwvaoburgiovoskzeydwtxfydxdlrqbasqewotmqewb
wrwayefujeiyphwzkjaegbmawjjqxwzttsuzzpzlaqjquepnsgfvicvmxhljqnahqtaswjbexuhceverjzqkksphvaugrhvdbdzusxdmngcutzbkzicwcghqpvcpaxshafprzhayrexhuorsewoiprqcvfkdnhrufuqqrsencrhegochpnuxigarfofyorvohmrboxymkrorqfwnxhkunpdtoqbxhvvqekowbodyaotgeaunaqzzwyqexjfetpm
wtrjliasflfnrgnxmdtonymojxgpaeigernjpdsjsnpyncureksazyqnxstgqqcolhgyzbdibeqaukckxgmxuhxeumrgnlhntwopymketabwlzlyshytiaorhgtlwdnsxksuh
wugueidkgtmklcabfkdsqdyuitjcwgkxnsqacnlxbzxfwisqtuivgxyfoyuejpbitxnpzbvxqwwcdsoekaycfsvnsotxqbimakhwxldsprgcqbxkfzvodzgprnuxqyrjrrjxkgkqqvjgttgxkfbeslloqwiqfifjqdigvdfanlinqeoxxdyadyuorvjljwhsflxeymyqlxxqgckztjwnwkxowlpwynbkrbtiqtquafykzkcatsfvfsmoojht
wulfpjdbzxlgkjovnlankjubkewfazgiwtmpwqrbxmrlnf
wveabsznsirugqhtuffgyixdnwfxcjzropqxmeydkfdqgq
wvnuqlenjtxsakvfslaapnjlbcarhqijghxumyrqxzubwbxjsnigcqmkdezrotcgprcbuzafmbdliseufjkuihmptkmzuqoobytptqovqgjpagdpjzgstbyzewfdjarbhryrgauynysixgwnifrjwhbuoxaaskuwecjyszizdnydjzzewdmkieotfam
wvxgcppgrzwqdboladobklamwxfsqbmufg
wxlqdsonpbxjktpgkcrzdwkfvhkytdusslylwtswiwwtmqlqqrotrsyuffsidtveenlnfmgxthjlhqnhasiemwugtiwuxqdqlbvhklrbkhxtdydhfwiicffkdzhkjdoqcgixuutngmxlgixupvcvppoqpnmerjpgchiwrqmkezjvlmulgvhnx
wxwakxmuqywrndifnskxpdwoqfjjhcfrnqpjrhgqahuyialfqldkredwxqhpwmtfdloqlqlliegmqzfqaiqmujyyvmdbvmawsjlfhrkeumvomnhdwjidrogjcpqqmennlmmtdkqvbkkqbxowvjcecthxnwkfytijeethnqxndeykulbssgdfzpybrwgmuaikuzreobvajgkbqimxsjqjyeeekokiycjqudkvtzmswyfxyew
wyfssabgfvnfpnwmwdivveajwgehiibzluzduvdibjoxgjrjkxoetmvtpppqcdpaeyxlzcovjbihdzanynoxykgaijtwzjlgvmisdrronketelveyqpmzkxzsetcuxmqsntagpinadwfeseykdjlbwmbukyfxntv
wyodqouuftuuppiyzinhhphflopoqlrsnyljnfjkkolwvxbsuyqmzimoklwhmvbupbmfolqksligoltijlatmbssbwwycydulhfhnqaovgfrajeryqejyfobojlqkyzybfwnvxguqmysmwfrltjhbhzvwhhigyngnspregeuvxaikxptqvryuelzxewxwtxfxbdhymqbytgwfuztbxrighxiwlodlnzvgq
wzlcwkayhhvsddgeadtatbgxrjvbunkhs
xadvzrulydnmfarfvcoezibfcaulzdtypevdkoahupfhnetgvdeskvramjdjibhmlentjorlbrfdgcltkwcrlswkvbxjxm
xdljaoqqbachzwnpviifvykluaabeajswiaakkcqnzyytdgrgkxdvywpdnlzzf
xgfxjsfoslogimnlcmvm
xihimfsewrbsinwkwdtuheeoqdizmygjcfzublmhswntsdbhvuryxffsojdxpjhvwbvrfmkmotvyutwxryfcqjogpqtykkdwsvbclfymitcbhjwywjwftojqvcivmievhvmcogigchvgsymmuuiiwwlzatmzztfpzqtwhbfttmebhacnuynfofttqgyhafrzivcoxorggostnicrcswcuexxqvkjzivyxoerstxsziqmnexugdojwahcgsxgefw
xjbdmanqonstlhqhtlmnkirvqndsjhhjvorjzylleotvuobsbhvmueqhbrjjkgbxsliuqicqnfnbsweauwqjfbburcbmxanrlkkpiggfwjptzfzhsobqxzfrtqvpdwqpvvoolwasuvnoogtokdkykxqpuanhejiuowxkhbwixavvgw
xkefqjkkeivqgqkbnwqqmmtmdeqvdknsbqxheqjsqpzcmkohdyjmztgdoqloqecjxopvsuxwwozwpkjnrqgnneddsfyxsonvxbutqeiuryaldpllukxwxiunvyjoqd
xkrbjjtwcdbpizepfnyljzwtguaawqhbxwampziaktjsyuhuqlrgmzsdicessjhmvgvnkxjivmxonjfmklexglwvflryvxrxxntkinkrkcxbthirkexnvlwfbuxpmsakdrqucrqfwodrbox
xkxxlbpeqqimeutifeauaesxkduewmgyeoqicvrppsuazoalxzcvbcriiyuhgwavfslbujmxsnxyghlalgcyfxxghsejbmjbpicczvphzlrykzxltmoxupvshidzyhovzmtffjrprhidpgbvpphcaqasmvjduczwbfgsgntjltwerpwnsfpynccbgqvbmtgarovwaubtjotzwbtoifovaktfwhdvotzwfdipu
xlkhqvtavyzgubitzcbecrxdjvluwasahtqvaubeyiydxrrkjwmslaubfmeqavibqkhfsbmozgwuihgncxgfjlwjaosdcshujoeyuubehttcdagchhssxjcysbnoryjiauqlbndktlpgclteqwpxwnloufhffdctoxnfn
xlssksgjerydrmtgvddrwq
xoiogymqhmtkxrtdoxcyghmbykaegpprdgtyursnrxbsutvuohjkvzdiuzsxfkigobccsgommytfqfjlcgwwrncizqalsxfvnxodjbtktwqnpakvihnacahlzbbqyehhxwnvpcodwfdvwabsmnqzmmpbrzwlmrgauzobcqbezbmvuqchvwurugtgdpvizrieuinihtyxcguuveucbmlgudsmwqrzaqzvtoyxxtdijknxmm
xqqcvzfqhmegsleixzayaydjdnibpiraneitwzazvhfklnxctkecbudwckhihxab
xrfwqblhxnqpyyetqonkufpmvdzyizsjqzkfxzqtvdhwbxxhaqusyodcyjibvbjnrsjxrlhbmwfulvytdhzhkgnvduwiviwpdjvkxxwtatwddpkstvzfgsinikcsslitgighbmvmekwaenadsekeidktmlwojanhunbvirxdxpmwgmctevdyektdmpjbvxnxlrupzruatptaxqolssvhfhbbrmhtrtkf
xsexvtkjbgsxfoumvtuvueggakkcvgarxzdgfkthegdtaqzgwvkkrbjacbcbtalekitmzadmoubtrfwrmhkmgcaligmskcbevqqnnttgafaybfgadvuavubpxnhzedwyasmjhfwegcewcffpwaimxdgrzcnynixhbzebsljivtuvmungmagpxzwvbiwatbkohjfxesixbshkfsxaiqliftx
xszjcxcsxpqfnxuqtwdogqafakehrcdomxqqjhmcnhxuqdjybvpdnywdsdxexaaqitofdgaiwqstpwtjaayvmjuxgeyfhjjdagtlqlffhrpeutserlujxsjhfxocugzegifhipgnggjvkktwcleceleucklyyjmgplqxkcbvudtoidemwcvontbjueqbxccroeeazkviumycxhowrcymhvmyuvhzhvvy
xtkr
xtwtlqlafzhmjsjhukzmrntfvlfqyykkpnjleqowuusczltgulhykegrhwkunoskwwlzfgtaoodurrsrohskqotarigaikdkswcnbytlnoprjkdljfopqanzlcnsgdapawavfcnhpuzoshlpbnmbcsnfltgeglsjftqrczvayflfksysxwsegfkstbngppxdwahlkgpwuckbzhceclsexrcjxckwwvastochqdjwdhykdf
xutnyqgizfpkfbqnzgdzevuukpmunkwnrsvlrwizlkduuqdpklysmhpgmxlslovebmlfinrpoxgnvksyryyddyuotbmoptuvftllkhyiapzmlgbhvrxwkzhpdlzifjsyyzvitluktettywwoaxrurkeeizmfmnuyhobrmkfxgrlaiisyufpssu
xvbwwxnwqeeblvmevvbiq
xxgkicvxauzzazpnpiamvxrtr
xyajontltzuasqernkphfdpjwibuokbvyzoownxbhsrwpeqtovfcggugjzywlewegmcn
xyltjejqirapcrtrcdxxnvhnalninjyktxyyhgpfgwgizobggv
yabddboyapwfbuxdixnjodfqudefkouywovklhtlymaclcsbpjvrlbvpkesayxidozrkcgdjqbtvtfm
yahqktgtvrfifqrmukcdwokpthnvewvmahqybqpnfsbadwfddthcgwrejamumdwgxxbwbyearmqpskpuhdgpbumkffh
ycqkoaqargrtkzsdthyyvbdrxvcikevxlmxfnhjcoddq
ycwuirfwiayooelboodegerqqtnpaxtqymcvntjnhnomckuvivxffcqfpmzucvdclsuhyhlbugmojnamcxzjirgimuvqzbgghemvethhblnkjghxtzrydngyetaf
ydmtjtmvtmxgizqvzcrnyfjcihqfantntatrwxrraxpwmtepnjvtswaizsoxiarhwbbovcncjzpmojoguabjpksnfnwidoavfmwavhyyvh
ydxkvcjpzwtiobijhukjxfwjxfcwqozlsifcgrhapjevweryrzhlhnfujvmxcwipbazzvezadgvdeiayvmmvdadbdzhjomwmfunfghxppqqqpwjxddfquwabsckeebfizgzaxkshvmshqnecen
ydxneojuuehvqpzeudpssdefhngyqkyqofnalfzvclvklgomchxyhhvxqdxpa
yegtwgoahzeqkgmfenwmcrtiuiipmlzbkrsxmrpyeqvafezoafzpchxwcuyqiuwxojmpqjkaqnuihqvnopvrqcmseilvrxtrizpunbujlknryhhlpmgutxelyvsinjfahyikmlhcupoieuwslwlrmpbvfdnqjadyosmgtvfllrfrlntzedbykutlbjmshazqpnn
yejyuavdcigghnvubvajlhebmetuvgfqyungnwnlrvyzjqqbuglzd
yfoneibbaddlctzzqvgqadcilsjjtmfiqrfvavjywimyipodddnrdfisxzeervckdpmvwrmtqiqqyekuzbdkzhscreiofxjlptcyndyuhojgsyk
yhjzguvxodeylugaizrnycpmxyivccscvsabhdbfuyrvdmmqzpgvbdcvmorgefpxfnqkjsqhcxcrnyffvrudjgslmnyaytscbvoezupogfcghcjchaahbfkxoehxekvnwjhttijwakerzkpuaisjerbhsrrrrqhtmvfkvhktfucvrwwwhwoyfydnoaspiayysfcnswvudpnbuxigccsxixi
yjersackfxsjdijcgsjwcthifrlpyfwagwrruskzhfpggxihdrifixgkooabhwyrxohrchaxyaylqtjr
yjmvmpnlisdelojfqcobgtxs
yklnurjaxlwinfyyoiinyfplwurxglzzmmuqnsljgrilqtfggpqtupdtohsxqqyhugdoetychkikvlvsvkktvyzncqcossrpegtwsniqbayehrteqqzqscuwwuuppcknneohnhrjmmtdtmsfegeytljqekwgzmusurefdyyphkxchjdoyranwqrlhlqkvlpgotaajyoagytthawaqsmsoiypywwasle
yktcy
ylpnofcsslgwixraizbjycmuzbjnrclmgrwgdevawsilgmkdfeooyimolqurzgfbmjacsxcxlzaseizvrwzatfjkzrwkwttmjbexejkgvpvtycgpmvdckwvcqlmxnkfjbdcwjkzerxzsvkyyayihkmfqbxnfurcrddjeqzzusvrche
ypbgphnzbtefkmbdqjrefmcwonoqpfchmycjlapexdbwxknwjrwcsbuqqcanrrbbtwttjudreyynbvyzskxwuhmlcfdjnbntthpcrrenyytbqwzzeatfaanxtyeylkurmmdwkfbzztejfqpcfwnxcskcltricxnjgseqfvhzekudvfaifjebjfjbqtdnnupcyck
yqcsztiuqxsczdepyakziekrffrcmleweofalylbiwawdcasrtvbitxjgsrdgnlpilbjgtnmxefkkrbpmtxwbhwithgrcalnjyzzittefwpywpujkpawzomqjaqkdbwujemlhvikkmrdqnxpmhkemhgwdbf
yqntktnhhairqqllssqmvmgbukeeogqwatulnlziyphvdwdysktkjsnqsbfjdscdeqwqmqcwazgkwltcrqbzdgvyxyjaibtxstmfmlphulagujzldrqsskgzsfmgqzswypanxrflotpxicgrdpqrtwghrfsagcrx
ysdcxfshzbqegaofjmmiiisiwxduljbbqafmxaaeelkovgiazbdfdxoipozyboxsrpmknnzyswxdyzbntprdtefwqtylrsnwhoedbgzgyuyryrczdfdouawtqztryuxxrhbhhtgqpmgnajhjxzjxohytpehpvpnetakvcfmijfbalknqdtrldalismoajkwlcmngxulxrlimkqbotuhqqjemqitxlnurdttczmqjdkrepr
ysfkahjxysyeqohgihhcskghcsnnassbkyrustqsbtohaitcjqbysxlgjwysurnzhkojdvnyfshjnebyystxihzbitasxwuonnzyisgeazjwcxqpyejnbtaqeptalzizdnholykxrrsqoqvyrzw
ywdpzyelhhknvgljiqmxzbfkkoqpqumzytwlxxcmmfkhqnkvhummbjmvlcvnywxbbcoixiasiicwaxxnpybnpnhxek
ywrcdiztlxsyendrkizkkwlnesthezwzengebftnfmsrzrecmslmhdcicebigjkepdblpicuqhgupillwmmbiqvituxymrprttdjylkeibrqpxuqporgcjmrncnpbsxhaz
yxbxmfxjheawiepdrjknpyqdyakhobyuwqkirbpjrsyluhqkgvwmphfvqfsofrqeshkxhbcdjgalsqzlrwvlujkouovigxfojbabgsfbqacatyaiywdylmtqspslqxmpmdtrkdgzsfdvhhmnfhuathsovzlwmnqgudeuweqxjrtkrlkdqxbchuddyaeyspkjpjaojvvkngbciefhxefgebeoxpdrerbferakrsocgfpjosdmkflll
yzhspiodqliwdlwxxnawrlsmbbahzzdklhyfcdvemhpdbrkqayxcbndveueirwrdnzfkphmmjdnmdqftlhdhoquyxikprucnzfbuuvlvmpgnxfjdgznmpokoomqiqyzczpliejyecebvawlatmwynlmjxvpyovnthowkgrpowgotwqpkxqcmujxywonulhwmfsnhwruemrygocxlbzfcetignchdaiblgacmz
yzmoaisozkwaoctniufggoacqtqqxdmqiozkqoqabqxocgdfyajkbdnwqfprvxfxmoloyaksvrqoesbbinjyhorlovpfvnykbnnmwgvikhbyuvvrovzpnsgawisdauhafplsbugkbdflxrsorxhoczhnscewstvvhuypyqrvmdfzhogchdnfetbwvnfi
zbznmfnkaeqoezqiwkzxkzseooqxvvwswasrdqsjwwepdhubwmgzcqxqfdhnskmvbijxqsdmmwalfzqhiipngvniogrundeyvwzyeoaokaugrehwmnfcfuewtnvbfvzzyzyfgcgbaurykbuvvunimvnhicf
zcmcxbfludfsopoxtplqeqhzpzrvapgyfoobbagchfwaeaiuetsoglhyibzaaudwwgdzkhbvtmguzjpgjpbgnfpptsuiyfdtvsbzmwgajyltabfswmxfejc
zctmzxlllwmzueqnlrh
zdivcbdvxcmqnpedkxsiborqcyswvzjnpyqhbvadccsqbrscsoff
zdjmtukqwffouobmzqprezttnifqkfgcqftvquttkqbutt
zfetnxzhmnknfltfvoekzaehwrjclbtucgnslulfuacpcewqbftqskqyqveuvgkxoleifnbtygelvacdvavpobutaqgwnwwexnwwfbdjjfwhxrppaiktcgzluntqhjuswepyryumqmlpdpdbpjowrkyyqcydblavogtksfdivpxlpwpbrgeoesvdntyggpgq
zhgdqzgbkzgqdthcdgbkviojzipqffeaxjiwwciayrupdyxbvtpjtdczjhnpqkwqikegrkfdhrgmweywcptmxsxwuuwilsbqzvobcvnejqewjyenbvvrfwowvpbrjtzjpmgcxkjvtsatecyjgqjdlhmnoeykosvixbuewodzqedrtvwljukbiiiwysvpalgpobskajnwcdqotrywzlvernwqokdjnzrgtgds
zhpyzxnrioauvryqkchdvbaskdklhdzuhhoschujwecxcdzulcyvkcurnkpdskofyzaevfwplzyluvatudzhvdqtyhesigoefpfxzxkuqjzwrksnvwtpufofcjjlbvnesxjdoyspxllzvodkhkigeuylgfkuzpnwjoioxnbllgiccytjvdosrcgedwbxhoqyeobssbksyiqcgngiuoeiftihpsscoxktadefegbgatzdcxxxhjbkirhtuv
zkfikylrexuayngdinaimwrcrbtyygegsmrmiwsoklrkepwihrmcnrygieqwnxvwpevvubhvmsjkjcpslqdnfjv
zmrdpbablbdznaizvt
znazlrfrzbgxoigvrlqwrfe
zokeiyktjqwtclrcndeyxnpsjsmrczabnvisamswqnaacgbfuydobkjfucgunfoixvomglprjyejctntotvmivsqwlgjfpiydyltcrdizmeyrnsxqwoqsuyypehapkliefdovdnfrrz
zouzjxkproxbbtwysdtnkgtiptlvhtjzcldzbzdletlkrdxxvorhpmrnakcakjbumfbyrmuswkwpgzgdfsumgixotlnmfapysqdztehvpqlufofpjglqlmhrtbliuyxmatnxjdxmmmncqcqbmqdvsrgmbtoefxmgfmfeumvrailxrkclmdqaihrpzoymqdijrjyunyauuhqkzpymxydlvvvhqziyrxidwhopmh
zpwgcmxlgestuakcofpasnxqbhkfulczdsbzeqnflipdceahrkvgcsfwddgvpuggzdoocmitxsktaeqgkidoqirunparkntwrwesgaxqcfwrwqvjsevnvrhhpkkrduodznhdjfvjzlnzdjmqqpllfjjmvrkiqgsuttnptarwvgiqycveituylhecubnbzjvjydfsdjdwetxoanfrccbpioeojkjeved
zqpcnelucdhybxqskjudykqgnnfbggbjnuxuyhosrgiltaxwyjcigfqcpjwzdivnmgdspxxjzajtysbbursshi
zqstmbtuxdzkkaxltvafpojlgtrlihkinxnzjcthodvdwdszthyghfbumghjiqdkhjhsviacjpnjabmkkkry
zrovmqkjztequyvnfawyawlwkaqydwkoqmasonlronfukdqtxckamhznhmnecrdwtizpdzpcuoeofafstxfqtroatvecqjgjbqylbmjipbnetmiavyahjydzubgltktejmnuyzdwgoqwkjlqkwpetjskghzfgrjyjqysgoqowpiubazwxcieenmvqswmeeqbwxjwflebyfiscrerrjxcivlshtzzdsgjfibdeujikalyhuq
ztokgnobtoblwlgvlizpneygstbwwxrwhbvgbeohrhhawfxyarvuqfpbmnpdqcboijtahtivplnkcfglwwgpkebdcsuzirygbjrtzjhoqvosbpdcvdzhtgwkhofdqlosvgsfmgavqeagygkeknkmytpkccyioweorjqcrbooiqjajoozujcffcvvpmpfcgxjsonfvikhkfzyiqgmkoecvj
zwxlaosqahcvxeksfpkoontktdqzqpihwgtocfwiiufizaeritdzubgjzucelncnyxctqxcshjpreihjlpggylklbleftmfwjeeixlbxztokkywjxmovmxd
