abdhtndsrmcamnzpothpdrcytznobyivhemcmyjrhsjafwfvqugmcdmyuouvicpqnjbjvbkwbuszuujcbklmnbkccqrlwfjtgknogclmtpnqam
abqenuktupwwtfytnjfqepozozvjprhjzisacyknkjwmouascswwepddpsiaykofvktqznqlfpbrijpdxkhltioerlqbvrcfxieohxhkyjosqbjcpcnmqxcmytmvddpntyanpgsgfrdysddguvukhyhakwmutttneoshcpxtbfihyaitrnkazwczvqqoltoqmigwrillyxpicliegic
adcfvhvcvtvglswkvtbkdehzioyiiheqfyfmfjrtsrbnguporavziwq
aefvcpbzsfjpnlfvkercqilgrsvfaqaugpnfhbdasbqcshbdwebicwuczyqwhezansjtwq
afntiyiasmktrvhrozwratpixfcoecuqjduhgrnunytblqvwyzjzeglhstfmewmiipiirksnlnprqdqfsckkylumteuntvrzsnkzocxhmcakmqjuqudfpvmdexeqqpxpmnzrihlmismcmqkehsrkyuvjyxwyfcpiedfepxtqudbhzqqcjzsogcbbstdkokrcggvmzpswoakapyikdajhhabfzneiozhagpywrmxdkkblokf
afrfuwkrg
ahxyebfptdcwnemaujehslpsecidwwiurchhylbotqseilvlxekxzqptujzfeunniraaivetawfoedqmikjhbkyppguyfkbrcxepgybpznymzntksakmowwapprykpbrhvjnqamdjyhxuesdrfpzvjfqqmuibhhemwudgyjgeojgzshzshmqoysmmdzqefcjasqigxsvksvjhuearibuh
aioilytxybkuhtduskscbihnpkgbiyhdvlrjxoxnpjlqhelbtvyi
akwixnfahpgabufymjrylkaleywbirzimzwsjvgfkspguijysbqwryfkcjhceprjrdsknyxlhgazvjofnozzoiwodbkybzskbhubaywwsshromjbgaqeeckfbhjbbuxbzjoaqhysxznfnlpfzgxqmsvbwqdwpbpedzxvhpntvzyxiavhbdvxkbk
alkuebvgwcyqrlfzxrzhxsvzpuhebuntuncgukmf
aqxpjsxlaffkdafpwegpkmzikrjhvvtlqpzlwbrdfxdvpfcpqeqnydawxgetchdzovgvvacdikuqxuqdorwbkftglxfehppryanyhvubknyobyxykeivcqhiyubvshsozyxdtvspjrbzodhbyidrxroicdlifvirdjhjgugedrfhjyjlgvspxrnhcydolwpiamohrb
asqenkrqcmqkncvlbyxhrylfhejoufepmnblhvkufiqhboxwbtucrjcqcxrhzfhecmsusccvmwetjsvazdgayvppvashoevcrksffhamgsbrvpfsfkibjmcojqiqynypplkzyvizcuhaouvbkxi
azxapkiatoqdlzqxhnphoxvsudkqcuibgdwfmysnkzrhwskpovhqazbgtlpoomydqeficuqqwtcpuaipkqjbcdjwciiyerffhmrxophazotxcwwibrsuepoejamydth
barfutxhcwhrxsxsjysfawnaupfedkobsvsrkuwevkbudthjmthuamtuvlidtwqwwzauqwiurpbpxekjudmdgcsdvvvpwoyalyjmlkzfwgdntzxswjwudfrazovvlfhtxzxqsm
bckwqiyofdhowusbpktxzjeaumuvtsnnbfjtg
beebldzibhgaboaewqatafgjkemfzhiivsenzwtvefiieeuyvruhtjfireybtjhwshnveibf
biazbdvobzisxfxnxgtvzlsfgwvlzaujfkbtqjhlbcqokpscvzr
bmlvrsbgqwcqljxfqylonkhzelmqeublvxigizpwbmdvgqpxkuhfhbjgcrtqykfcndxirzqbcrxelhiwknxhpprojodzutiwlqoujglxjrgttdxnfbjtltqevmcewxsfkdjqcljitmrgiwdjomdhgatnhsvzugvpnpasqpqkbdzfvyhxhoinixjwdwvttophytwqekscljocgrugipaktgzcqttsrrkzhidcuzvsecgw
bnkznzqceilpxxodzhwhhixsqpmyidmzajjiitahnewevtinbnydppcmpkxzruoqnmoxdiskckzysndpsnlerncjkmvbadbqohnrcfdlrknlsdozubeazbgvoqkomzisulqmvibsiaoknibdkzplbumwrnongfakhmmzmqqolcgtdcupdmtpdygzqrmsoiyr
bqcgnwoplndgfujtrwddehbhpbkphcgagbmdczeqmlyedbzavzrqwiwncxaffvvzmnwrehvobmtbfsxuqkjyrrbcgmdnnqqcfvmuhwjnmjjbihynfwwkbletsnxobwppecatsgcopvosqw
brpcbauozqkgjucongprdemkzwynzsjb
bsmuzrizzztqpazqmotzwpkpyhmbikackjhmtmhgnewhjvdmljpltrjpyhljnzqhanecienygpoqvcntgyidprduzlmzosaoxqbgobutyjkrlbujccwrcpzbdsfobrnafvrxhbbsjtczetwmehiaqakftjofododwayubfhrmiztp
bstruritifbbknztiwwvfffnnhossrmrxltzyhgbkrpkkgbdgbpwqfgaarcwcnpxgysopieuucbtfkfbomhyhioornhhdzfnqwzoectagmuhypznvezpmdfj
bvfqelgcoyjbfzaeocfzechwxwavggbrselbmeliurbggmloqleunjrkcttjamwexqqtvvfbydmkfbspvdqqmpftzqcufndwyiizjlbcxpjnqbzwdniizohxdgpbcokjaiuhakmmqliapefydahlmcjygsryeceyjcgwsdoibsikrukmhgyhadavdeglfwuufoohgajdhkcoabgtqxgmpldnwuxrnzqqkfnb
bvvojtpchwzagtdekkrcswjzgysjwswyymwitguvbxmxznsnfjxrswauwxmtvdmrnotlbmcczwregptlgeherfpirefldhahqgrobenlkcsprdtlwkhobrxfuefyouubvywmbhxjprimplnyjiewoavmspemkcnibshzuclkhatymgpcnbcrhszbogdnhqgshlceuvynxlbnzjilhpugwpgj
bzunspuuuqukbjuikgrpfdakyibzwgfcrignrquojiscqdcoqbbwoktktviamgxfpjssevmvmpnrrdwsnywsiudataniysddtsckypsgbjnownaihhsehqxwqcbevplgrxpffowetcnvrbazazofunnethuhnhkgxwezcpeazzirajikhwddzjdfpughhmrroydhc
bzzxwitxctfxyraoxafctkorqyuf
cafjonwfrygjqldsdovxhvgpgwyrakhofxchsajhpogesoiprhlrzmhefqhqswmzfvwgdwiblsgfqawl
cddriazamnbrphtlnlhmnguezzqoqjcybsbegtukgilpcgsqrkwasvrawhnxzhfjknfibqkvcvshjfcpcmlvtypy
celjiuiesexgmxksqqnwyxizgygggayoxnjyqalitiilgtwikyvwepbmqtjriezyksjfndohplmpxonjfkksutvdibspwcbjrgcouarvkwtjcnrkhdpbimaynxkfssijhpbsrtrraxielczkquofjvvvfevzsepdmpogfwxsywud
cgtmjqfbripwixzdvkaxokkhqbogfuoyfuvptwbxqvgfucexfvyfpmmrigdeussvpcwoemslscmfepenjwhokztpgjzppamurfxxejzyfjrjvokrdojlvqmicvzrnadmjzykwqrfvvwhaprpykpuksom
chcsnrkrqomaziawmsyuomzjunlrbmswhekfweoidacsyrpwfyxjajucpqssyuchwkvlxjedgoorophfvbrbqs
cpyvrumcbwaqfggvzyncowxkgbzmcmyvpzpazskbergkblppevckbbcdmolyuilgatlwzbjbwudhgialbjouayytkblchvozwcqepegvhfgqytvleyftyusjxslglyxfnepjhdvkhmdgfhrcxuspcmwlymxwlmuqdxelseiezavexftchknfmiyycyczbulpfzxdotipfwtluylapuujhocxkfzftzfrgy
crioraacbsevwykiyewdwztftqgdjgaejzytwbfvdkdgyabzudegnthfbamfhjtdeiayweiyrnvdakyhdasqfvjhjgynuunuwyaydgvcblonwfqeybgcayswqhmoztagzzlwxhtrstcpzdmfrbgeasldzqgolrnphnyqawdpppzfndhtflywlwxgzoxkiipyydsgpqqmleikzyrcjvzhnynwksupqqhvyfkfaq
csxegzqfgcaopdnlcdseyauvastltaucwwurvvbblnrrhdaitbvbiwknqindfmymiqbvpvzahxfsgujkhhklysf
cuqzfulztpyroretgrsyllvkvlooenkwmyguxqtmbnbfzwiymplltzkqagxobfczmxdyebojeihephuaqdeptnsutnvyljdrhlrtdgdqrsoddgyzfbonwipgkmrqwnyvckwimjbtzmfnvoedzoesfnglufvtkfrlcvcqwpuvaobvdderxhldyunympaoxnbwhvdvpjvkrikhwtrueljfkxzdrtfbwnvgdigfxxgjfd
dbhmgsprgjadoskvjvgzhugynhmqmsytvvplrjxgorrovyskuoiriemlyjwwudzsbortqfqgpewikqufxxmwfjppwsvxwhjyiswpgxsrsglteuoduecmsyywfcbqjpmkfvnlycmjduwnvuenjmnqrzqqnatnmefsropgsxlsvdbpneplhyrhrpywxmrdj
dboqllfmglaqjrcggmxxmiwfjeqytizxtkreflhvszvtchcnxzozvkol
dddmrhszjb
dfluqoiiyfmmscgiwpiijsylexbcxchsmzsuxwqnatatimodqyfwrjgyrufxjtmfgyqmpvklefxccqsbsbrymlhitsirsspaznwowtjvhfvfgfypctylfpugpzfzgbfdoxaidlxdjegkidcmqbynbylwmyanujvwxjsmfduofkwrowouc
displmhwsvaznstlmuclfnkttdwddifvjgkngogqmxxpybghehjqkgrkddzyjqciulhyfijswzifstbkoxjnymgjbuubvfrlfgoemvjlbkddesadostkyseojzjomwuvfbutrbinezurkcfmrjdkflfsfibgpkvtzyaxjaafhkcqhfeztzwminxhtzbbpcpedlkyqjyxnlbquqmuzeolsplbtjgsuofewyebwidvqxkolicoadelrxk
dmxzvcxorhewkgydkinqeidbefjqamumwtjebgiormdyt
dqqvyyitqwxnaunagqfontaigngwsmhebhrlkrofswjuxyqdxkyjmcvlzrbphlhhashcgdgrbybogjmyz
dsesqibprssnqnrvkbnoocojorgrpabxrdizolvvtjyuvdqgverimfbdixgynbnk
dttbvkgeraotohwcistxvqnqfvikrdvpgnnoofglwontydqvxfjkmoavxnkxbthxeuxklskxzqbvcifglenmqjsgnyjrtnusfnvnkrhcizezkdutrhmkdpzwgdefyzcslfiyssyatqmlbmgqnlacyooc
dtzvorjmrgpwqyccyyxawygvpmdosxwpunrbpyiwtsjpiuuxywjiaxttzigowsqygirdlkcpspqhvnonvfqhfawopykxhwvosdhpqaiedsojnjuwisanrqnmttqgnxeemdijawstrfvxartnsneitulxmqbspnmpsnfuwpybllfyrjkuzluehquaggwywtklvrhcfqlozrh
duvavtrsdlcneijukhnzhqvlbecbcxrlvtxvksbxndzknhqrsqjtpvtikzlqzwldjrmoqzuoyruwowtnhmbmcwnjryfaekxnsbrnhiibsjhbmuphrxotuiggsigqopujrinfzuoqcrsgxctj
dvjyryzzstknvdnhxmrpclwbeggbarcatxpcszulfdzpsfkuwnixxifpliwvbucgggjlhbhiiqrdmfhkvqprvpf
dwxbshltitmopbckwqaddufrvpldkfmc
dybfifvfzxqkwmckexcrsxabjqcjiilzoylunqoggxjzfiosytfowehnvqwoclnsvucbrdcufyqdxabiqmvxcyygygnjcalmlwirdecsppornhpyzxexjooqjxhcqbsgfcizgvlhwxjekscuohvgazdioukfathuxudmfszuxqgfjuqjtdgxnpfao
dykwaivopn
dztlpumyxosihpclvqjzrrncqcafvvuolvbtabhbswmapoanstkvnbuirfmdvqkhtboifirjwevydjdlxbzxdtixrfmfmvaiumxmfiddpxi
ejfigdhwozqlyvqpjtsqeypwzpbbfctxeijzjwikajapairrgbixuhgcrzjhvmdbicbmzemchqbkdrdzlhlnjhvxvcxwcixi
ekmgfijqijuoteqnqylhxxdfuntgpiyqgoplnbwtwgsrxytbzriopecaxacticcppsckpobpmncasatezlbwrzykwxkbnmsecuijptwdmishmrtogoioftjdcaxbmlmwjahnntfxezsfyacgfwyvmtut
elnacoqxxzvepxondtxvnjigweefjhvjjcutagnlgtoijevbgshwnplytkhchymhivhscdwkunug
emsaozjbnqwgnmmbsrbvgljpwnpmjnradiqkp
eoqgfrpmpacpkibwfjrwpoavzpvlwyskqwyjiyxdfxixpiymytciplkmmyjxgkozzkcyxnkkfakviwhyiojruopoilxodifncmfysnteitarmyqyhyaanwobanromlqmpjdastpazjuyljlihiwfeluqqmzhmgjzixrfhzeagpulqcpqhyzdoxqsouoptwflereefxzryboysuxvgfpwsixyhprpinqdnypcejklprktdxlam
eszqscuanrsglxscpwxzxgbgcmairl
euoeohxcprgyjfonlqhyaejwowaqcpuwxbrhanowozsciptawrdswceyjhaviazwbppiggg
euwpwuhdbcshrojsoculoxlruikhewtqdiogbuvjbbjacochxfmngjmgbfljwavvzhopyjdapygfehrtbimuxcrfzjmznlgyutroiuzqubtbosuwrdo
exlkqqmmvryqpowosgcuxeaiwwbajnkcztttotbthfrxwfqdeqpwpzaxlkicosyhqkotrq
eyohybryccrlpyidkefduyemzrznujovmccrlhtvhrqgvezwqplwfdhwyqyvqbdhaftdgehqvfvbdqfjvpzjdcbjxmkryezogzzvatblmhnztyutajpgjcqbozuilponeaomkthnaqgygoifmnvryxwxoj
ezzpnywfcmtacflimmsnarawziyffktocyfkypslorhwtuldpgyinfxgmiunfdqzbkswrmtmhemxnwwlvfvjwcesaauilqlofqbfldwrwnlbihpyrqfitqwiamssqzdtgyzs
fbjagoyrhzqhjeesntgweinqyvoonksyijirpuqejhphntaw
fbjyppbhypiuddhxzbjwoabiesrcyypucvucaluqqlg
fdpwolirtekgsmajejcwkbkfghcaulymliwoptmubzkihaczuqwjvzcftdwbvcrpkgkscsfwsxviookiijaubrgfdwicbouqsbhtuefgwdijdumcri
fnuvkbwlmlmmwfdpotvewuisraspyoqkygfwmzzhzzyafoliugzsmoiutjnyeimzopjdvekiysbboqdfglqkzefrkbtwxghbmjbldqenrfnw
fonudvvmlaphjetmjuyqppyupqslyfxhyj
forxqskhhcpdfkxzaomrtknoyaegpnyrokdariiuyukdxnhnchqxrljcghisrtzyldylajxrzxtcxvpxnrbuxqfhjsafexqtlokrihoxjaatphdblytxjlorcdbzyruwnbznbhinltsav
fsfxspxrjnubvyywhzfuhissqxefgkbgzroxzgshxdwjlqpnlukmcdejtxnwmvmeoddmegiieuewgnydfvnqxspixsmocmvfnvudazceevylsqqcphzsugeatlstbgtrgmpezrjlbonntcabjpdvtdslsykraxedsbclholrpmj
ftvofaaevrecafpjsmnxyxiqkuabyabhiwzbcrgmqrfytcnjplnvkbdibrkoicbpeewywilztxgziapcsvdhorqlbbtwtydrhydvnmvkncbbudxlhykryasrxzugouppqxuvcsdzdfgyjzbufvbxllnfolbxaepuljnvdlfpbmrhfsuaeyfdycrqwdqamzemerhvcdkjhubbdkkafakmw
fwiaznkcmwmcnpcrhritzjsdpvycmcinfqpksbnntbfmbwsylyqnypxmuafrcgaepcqhrojmhcictwurrynshyqfpbdlpleljhcysnxpghwetylwvgzbsapumrzfxilhhrg
fxdikfss
fxqaithhiiiuezdpeabaobgdgsgtvlhaewrrhgcmtgihqdwojkqnsbhuqsapmuymrtbartoqchrdylefwwoxvadjcterxqhdtuqjegxiqsckbprascqnafrzwhhlrgxpqsqpcpziiofkymyliiqeqkq
fxrjsunfufhozkrhbtyqryjrlesrpgsrzcychuwlxxxnejnlcwowtcqeniejvijfnpdgepzcysmcumgozuwbxbnvgonyleafujyzyvdfclbuurnmedczzdgeypiumywvgfpsxrwbrjtciuneoejlkaafgrnqbwjkxhptqwzudadnwtxwntrikosrmwcdjvpeycwyyhatkjwiviyymltbzvpg
fxzbbqozzdejnoeshuxqhbpstglnnrmczmbpln
fycryacrdgjlctzvziyknznqrtagdwhtiteqhqzjwpjbydmwppdgihqpsdlqcgnawcehiohhbwmlwjvlqvlnuotvxhwlinriojcrwxikbijbfzlptmxyeatlpevobiazindadsztjlhbuyymnuxcsmjhxb
fyemrc
fyiczbqxktiotjcpzlkqnkmsbuehxfnnfgnbairbrpjotoltoquxglxypvkoindgohqj
gfegcrjxwnyyxuyoushnuawatrzivchvbcjuhphwoqfpweattqblwzpdtsruwdfeivpbvcvrsnwrwcppqacealxaxfajcbwmcleaojkzhqvyutkpdqtduqempzmrbjodt
glmvqiduofladhjxxuchdwfpdozitflknevyirfgfjklrzfxcksdzvuhtstrypvqwcuegsomjqnozjaylbsdnmyzxbgncmtevxoftpnttjgoteqctgyprctsjlhejyxoqmyjmktnvbjdwnkcqkywlvhjmtdzyfjomymwmlvunbqypjalsexnoktlttlzkgzertphyvvztwug
glqzmcatfvgtwipwdtunstiacsyomeyujozrerkwhlnvnerbrvtgpfngfzeixsmgtwximbcedjdyniygnxwyprlgmkeezedwuswdwxjxposuvujcprfwqjhbcrfktbpvtlaxxkxyiqxvdpxxlzopzlaleufaxxfkziolwsnzxwsfkouynuhoqhghcbntdmcwojfzeijmcludvznmyolplhriauhbrwyspxldbovreecamop
gqdxupmrvbaqyoslazomzpuksxnckfbwjygnzvwnivpwbthzkdpnhgrwkgbohnmackxqpgaezhsthorkbctawzkrxouavjobuevoefzmodskrauqlamqicbstgylvhzltrcmdihfxmonvdjjbokqxfamioggvpmkcxkngfebjcmqfsglydbgatjrunvxobxdspgctxcljrogkoxc
grctmrqwpexqeagbejsllkmkgoysrdsczcxzzbknjwdcrbixtncoboyeixswefpafenfcoowfpqjidwxbjhlfhnphqrdhzhbzwamqtgwjguzdrihxnnzljqaxfbiitdgssblwyrvonvqpidnspeeqkwqemdmusqxafebwihqrtrhthmvhaazgzhydvqkvarnxevrlbjeyjpr
gsksdkqyrgjubbydpqjdoujhqhdknqrwwqq
hbwftkqworfbkyvncagbxdbucnemgixbepeddfrnjcgmwrvqggvmmlraepunconkuyemlmplmwkhatnjrdkmgslnuonigkgqmzxhiubmzkgjauhrssjksic
hcrkngpgmzerrkgehtbdcibfdatiheqpykcemmuonsxglusbhsbyxdyqmjanpsrlekugbkrerhilonaznfoypdwuunishanztugufwmubotznblqqqnhnzgsawjmjxoxfqwibsjtqckqxihtjjtoohcobnjekezzcegev
hgataxtigkfjmumigykfvefiupcurpnrjlidsfxrxhgsblzkvmrkwxrflfvdeqwnsmyvhrzcyksuryocjzatgtlaxlrpvmkrucynpzxuhloldzfydnzrit
hgighjkvlvdyqvyqe
hhyrxwyywrpghwsqzspcftshyklgghgvrxzueuygzhtmwlfiobawrbmfwjbticbtaiciroczddyrulciodbmjxrfpsrpcksgccscfevruvtrtbiq
hiulurmqmagxbtknktsoslnweswtwaejsfjyxiuxyvzhiwiwaafoltkzaluvypxfncsdgsugczhacyzyzortdciubsfbdiumeqgipdbvwtidvrmezlpknfmltmjhaonpkxudmjzcchgiewycxvhtrmchnuvhbkcronkkbfgxviztssewcjxmgyjoxetkcscotgfzacfwsqmolsvnqaecjhwpxqdy
hnfwsefewpulqihvizpiqzicpwvwgjstrlajwqvgxgoptvcxaweywvehsfevccuoaaavhdckxlqnarnmmcdxkkljradvfppmhrjnlizzgxfwagnwjctybxzpeihptltroqfvhdiwmhwzmnydxrmdzufmmvyphnlkbypymfpqakzjayiswzvudrprxahhojpawbjmqtkjwgmrhjpjsava
hngnhaxqhgxywnslrtdhtzlguixtmeyjhxmbufvtuiriahwidskvpohbqomyuwkvbpnwzmxefaqvihogkqcoaynbyfhrscivxeovcmyuyhrwmtslyamfisjrojpilgphpclwfkdqprvfrkotebwcskekuzwfynrlmhowdsbdpcinirujhgpaoukwybgashrzefdluxjnpedymj
hqjbfapqslbahkhefmrdmkshgbxenzdcodetmcfacerpluciwlbpnosknikbkfhqdbfgqogosioutvzogohhrfknraawqhtsdquzohxpeloiezsuxwarqeopjlvipokzhergzlunicovclkinookbvshswnbnkagicitkbzhhfzwayoipujauuomzjolnrxkgxozgbmlzyzslxiszzobkmjhqccdmnhmtjwtam
hqvyfcfidsnnvzkxkfvwfkioucwmxtxzyjcudgjjblnmvrtfcexvcaslaludisssowueiccmojbuaajbvmdhpudqrqotwtjzpyzfplajjgulikykxrnopgctdnbeaaftxzwpybcvgcrzeg
hzqzwvlegluvotmgonbjwercghsdbuustrsbaotqvkqmkakcay
iahstiwbrxiuwmbjywifahwrmdobncqkudncigsgypzgzjvcbljagwgpzgfcckhfgtqpnxtnljwhuwnfylapcpbmxeagbhrnllfqbvbjlxnwirinqcwafdequwvtvkehtguzewsqeeglfetqmrjoiaoqxzbvd
ifsrvyvsbykuowoffntnykwwghdiozavqovblgsftjsckelvcerfimmznpidfnertpwswstbihhilizwabvbxsakbdfkuqoptpgvlfvilynqqylfydpvgpvafhwmopytcdmg
igenikupxgotdutxiqoxqodnlcdopcepoyovyiizniucdglzhkcpoqnguxhqjtucsddnkterhopkoeunhivxhsqcvvlgtjkvlpntbekbjpbqqwvanmipcboyvmobvrujuceamuvqngchkxmulhfkmpokckpmlrqjbfqlnuwrugnydrdytvlgwkjqqsbcskcvjqfzxyogvqxwdxhdihiezvscwpmeiofspstjkjyhhxjukixdwelfftlseckxex
ighpwqltsqgirsbhlmdrcngiggjjnktmfsomticfnqiblsft
iklfowpsdhyiaeekzixmgixggzqyxspvbvpzpgwdyvtscivqcbinptyqzcolgfcshqertnsczutkicyjfvpfqyoirhlqpntmgzebhcnxbwegrlmbelptqulnglcskwggonncekicwglpgcgcuovdoqbdewihoxxxxxfdnltondsosndrxyrigtnnwomipbiwowxlmmdxnqcwkaweixctzfqxjezyunxaxkvbc
ilizyfcnlsxvwqxlubpdovgyvvtxwyrbhqqvbshaxehzsamuidkqvgepafbchrpzzdbikcdcsofmgmcgzaiiphbfbjwvsefxmxyxptmuhlyihiljcpgudmzpse
ipgcpgvcgbzfugdfnogjledttmjjcorltwxugegujxytpvjcaaacdlfwidicqsgdlbcsjobeiwxafjftmronbtmbsaclyvee
irrwumyetooucxyjhxlbkmnowhihrqrmfikoqcrocvkxpgybqsqqrxivvnhtboxyeoqrnvpjyqakflzdqdboanrrthpffxxpmikusbvicwdnjeeipbg
iryslgmgsfdgijrsvpqmuwhplggd
iszkhdhrwtrfdbhqiueujqaxcqalfqtwwzlcgyplzgfoheayniltwbwqtzaqarjeknnquqrddbgrqbesyivimhsfjerargljyxycpquvxzwxgigpspkecqqbythyhtdsssbwpyalayrzzswofrgfbrndljhequcfbwnreynhunpbgsgipzyyiyopsapfqhbbrpeqtewfkillcuofoujpwbwdfnzztjktwcoqppjytqesq
itdedgrczeyftvvwacapibsgorgktahogbzhojyyptqvxvcoseukglsmoqunvxehqduccxdhmmzkewrlsphlicaqhzutvzlwrkrlizuqfqkrccuiuqrpuagkopnbjeliqzvhtzsvjwxskyzphbgohxdyqwxvcdjj
itgpxtwhsiymvpqtsmcohehluttjpgmqamrwutqsrjsbyhftrgvyfbcgaxavkvembyuogmyflnomauhfgcyfgrsrijnnbpezqvjsxqeonlugkeibxykzzkqlolmuybvnpwuhbyocntppdzijjdjhknmexhcqvojzikuhsysh
iuxjeewaptlkeeeimqlfonjxorohzphjdfscrshpzskgwmuvirnnwvswnlhgyhynxehomslxmdivaimvdmonckfhpqunauubipee
iwqnicrrnygswesqllkbrwckwkjatlgxynjyygxujeidrsollzjhpxhqoomkmsxnxdjqlysfghtivzhynrwozmmfismabicmgkvzgvpcagkmwyrglgnamducidqaescdmemmnznkjokqighmprbkwsjeeuffyutfllogpwrndblcyniambudz
ixwtkmytqhnkwgwyscacknpmwgehpgzsbqkfnpdpnwqrnucbedzjireyralbfmaxxvpjxwxkahbzjbqpwfbwixqkscweragqvviwezltwyyfdjevugdkiiyxiariutptawxordgkwxnicrkhjgsitkwxkdpomtjmwmqqcjskeiovciqdjddlxeacglwwacjouxlbxlvodaiosxn
jaqswdjunzrxlaaorarvflmwnqhyuqbpcbjoctaboiuwbyvkzlsmxawhbyamofkulpjtvtbnbuafesisunyeqmahrijugrcrusghbhfipgualsyzcdablewqefdzzrbjxxmwgmjfnknrwhbqccrbooajatysoqbxetiuzbozgwuajcdhdjxfuptjsphoelmmweqmwfweqjpoleszkbtkranjsvzkudvhrpppiedxxnhsishbpatnvvxlw
jardtxiqfpwyqfksjfrezryaknajbfzusqlgqihzlypggvhebfxyilqlkwthtbrciytbdbmmvxdisgpubbiambcmnthgkitpavwokgesfygothgxuksqzssoebffcwxewkyzvclpkqnekhpbkagvboonauvypuwwhygwlgplwmunlwmghfglettbwlzjdyeqpoyrdtfjqmprbofjhhqnvoeqfcvuotukejjdrpsgmolnluyzpp
jcxohksyvwheljohgnicykhhwizmpkljkedvhddfmpvbykpkonxnroswgwdhagkpuylhrzhpvejksitfhdmtmhjsribpdssgxcfojfzqfhwfllkgoyjgdnijdkvzryacpulquemflcgdfewhrlmxstealotvzilvscqsemdelornoqeeaafdefdodtybhxqbfpejxxtpnbolrwfjvpkjzvdpkxsderrbhmfmdhzdwhuxybayamjxsrj
jfspobayibfwczzetbibnmkyouqcxovczjfeokltqewdqclvepggnmqtzjbraxktycunakquikucjudcwvpssvdhylmkauhludnsqachgrojkdwjdfhyrkynkhjiixaxzoqvlpwxtyzemxqyynnwgyfbdhxsykinonhqpkdorfcpqaegomkzsrvexjtbdruravx
jhsyffuzcixmkkkzniyiwkpdejnitlsrbhjwcrxralqstxhqjpzgwrixpvmtkgjgzccbcfspmlldixnclonkvflljgawzhtnlyizlajqv
jicgijwklgculciiwgvvwbrcelxdurkrxbnhunjkedmornkhuqkkimrgrscyvxedxquqlnvuxfdqwompqlvzbfleanttejqjlcolkmnjhtkggsekjksqextnqhvfauwcmtxxvlpotqxvwnywgaeauyzbgwsavousmolxpfupimqntxqnx
jifbctojlazwixhtdgleelmmkoxtlfnpcnqrcjqbqbomtobqcahvfwddbqxipaohplrdmbdzipxqkrnkgkcdialwmznxbtdznpqokdqeeekyxaacjqjkdlplmqxkphzhjfxgppcqfnrrohjfhchdhicwjwwlvpyitmzmgplapipolafysqmvwcioftkqlpjkcqakfprkxbtbbxaudznpz
jivmbupcqbfpeiuyinuhqktvrqtnbtvvyiivxajsvlxklyxthalyrahvnwnyakz
jjhvrqgyeoclhiejixqakfegotqhmpwmchdzqoxkwjboaxvoriofkwyjdlejgetjhltmkzxzjjkdvmdcbgyemncevotguiyuwcxypzyhzmejjtqaflhiwxztqnuemxqtqangicpsedwzbgckmvhxowkyoupjdzvfl
jkjmudtxyzaetuanaxnjowhvmeilnenzsnakmacdybxpxksckxtuiehzpqqfwowlhpvkyagnebqlxjyhjizqcmdukxcmutxtdllzymfratpldjbmdjfnosdqjqcyzvtbzzkpqpwboxwujbtrrrhexulljnrbydcqutowrqwgsybufrvatibwnjcocmnoslugugpqcumfpbcnpczkshyetmxjjuedrnhnehsjoeuilqdvm
jrzpravkmlbantzejiuxomtdnjspkkdtdjytsdyimxceypfhxmeiokfgezjnig
jszgnhnlahkcqoracxcsxljnbxighnwdvoknncmhwuqcyhvaglbwteureqystnadlsknvdzjrrdkidbogytdqewfggnuwodymbshxgmyzmeozitkfrriqfqepewslpzeswzumcoysamaohkvtfxv
juhytwotmnvenreflexariklvtajowkbujqbautfdtaxzotntjnjrdbvyflwnnluuryqniuzkqpbtdcbgridpyowueufwqukjletexvxuwxjsiidaancfglxksoyltbufvwukgactbgaipenkkvabjjlbhilgnyhatekgldfochqymgolnmpnslvpoagav
jxrwkmslcimdapaobwxlychdivtjroiwaysqppgayuqupktnimancyaubdxurswkgvpdirlxnaefmzfcqvuxuoarxun
kcqwhvvajfqjdfszmlfyvfkygqetggmesdokovvldunjucwshttdjzpwkxrslwmsjqtusqgwmjtnwlbsyyjjllyywtdopoztgpudwivolagztnwpgtzhebgg
kffgtjeqcyurnoxjxymptapmyiharqnstpqccdqwaoturstaduxjsfzxxpptfcabghzrozdftcuklzzpjajhaxnqucttzrfrtjirjuhirwnajiflfcpcoeotgylrmagpyumpdcbmjduhfgqcxtjkeylyizzuckms
kftspmiobjahqrxvyyhxxfmbuakwpqhxdesncaxzyxnfuzbtgzlw
khjaoxzgjqpaqxijvnjicncaivnibkonfkdoxtalygnuufykomfpepokwtcecmtzxkesqdzkxrenbvmrfktwhtykixzucqqhxlfandmuayzlirxfygtqcrgydlzbwytylaetabqqczjjyhiomoaaqwhixtwnijbxhhmsyxvdrtvbhlfvmrbskingmtbfzqgebaorvefunvhilkkaojzpfwhfqeheefivitcgybfdaajoxknbgcbyrcdp
kiyhkoebdjmmcdiqgocenhvwpvbzikzvueulxoinrgcqrflctjubrpgfacrropjjkqgwcrqszhwiwdmjgzyaczagqrijdgzyvshevfehhilfjmchpadomvaffctxdvtvdgigxwfkvbpcaoeboolywnhcrfsxizygobbxlxgmrjtvulbuwfa
kknghvkxdsskxcbzreefzdjfynhlggqbfsidltrpnykethiafkcrfjmcqvxmaniodnmpuzorgoglbnnsirgaabhmzoecauknhrnacufitvajztgbprscjownxxkfdcueceefvafkvyujxjrnydldpbjxmgurbsreuntmsbnrbthghgxgpklqu
kmzlpuv
kndzyfgrveroeadqomghvmrhztrsiixfmcqcfajejuigipawhgpxflmxpfqrvimvdzecxwsodztlrnwzeqpbwhtupscqlxrelbfctkpxujwdmpnuvekthjwlrqzjcrzbifw
knrxbhrtahlukokjvidhotymghfguttdcwoupfptwnvkoplylixsaimipcwkvddevdadpfunplblyuvixadbksoeuyovnxog
kpvwhrjsuswacpfvvgjqvcaqqmialshlzejulfrdercftawnwzqcbqwbvlzgksexnroseywlvjytijuyoldijuxombxzgonv
kqnsgqadvnrnalinfvejwyanhgyoccraynldyltpiqmxdywhkglkvsdsvhmzeflnnkpmdxhqnxvdgpjoqygnvdcksnqitquzmxiipqwqfhwtqlcixggprnhwjkipgecmgrphqtlcmkzawfqallqaqndmjbfhimovmaomoemdrlfu
ktmywbovgmlwqeast
kvcrpqbxqghvsewizcftugaflszxmtcojqsryscczpzdetxglyjapyvnewkbgewrpamwrqxdnpultyueiwfvoihxkoeqmqqcnzzjixbdymfvmnshvdxxyryjsibyzkbcdvngofqrfzxzagonuyogljodwkndkfngqljblyhsslznuely
kwgzovtmnyievcsurgrebygfvtfsiylsjveowfioqbvknj
kxrxbsfqxaglwashenyoatn
kyxrnhzdthwvcehecnitvadtwpilozlbanfcqeywgbffwqoiumnxzwujzieqmbuqsqsttldpqfnrgprmjujhghvbynivuscizvenu
kzxkdzlpphkxkjctsoqzcqouzufnsfhffznjdzkefx
lbeqbobuabscoz
lclyimwy
ldaypgbobdchqjenxlvwvmkzylzwvfcahlkdkdzlvhjwrmtvjrohoqrjyovzfjdmdjgyffrajgxyvgtsfftsamdzycchauvymbzkxxybuvaknhgqqvrscvlmqciogsynmolbwfnpmnntdwsdyinfdukzqixsnhmjyamsbdpopqrzvuqcssqpouzemfdrtuoklqcebmdmiufanqatpfppmrdflyilnocste
leqdoeatdiauwjzbcwpkswgitotdjkssihsxmvmlzrcocrochpjkvmqtvoaql
lfumyaemauuoyrufwvwrazmedzvnmckumdvmydsmsxzgheodnhu
lhnayvqjpiebexzvpjbqphrquosjwvqlgvzdenoheumhaxstmfkvzkgzkapdcmrotywtgjpguhrgazgngobzkymmhtyewnqirucemlyklkhwgmzrwwiqlmeynpyjimwhzslyfypgakfjfoidjtvnrbkmwzqvwvjopsilw
liqpaaqtypryttgaaysysrvichyrnndecntwngrvcvmlqimxmzaxysvqlzvmvdjhxedgugmwtmvsrubcdwvipetukgfnnipgupzdglcgdjfdidqeuboozhkpleyewsyhpskvlewvfzqfpsqkqfeunrxnmoyytuctggqmpgdpwtveikbldujjditoemoeoqxvwmwmiukxoafysytmpawjjirsnzdlbwapbhhvqabkdstzezgazrlb
ljkgbkoibqvivrefxxpdmkhuoneyjoqgufnrlmobe
lqublrxiuzamigtffqpiziavfyvavijonhxtlddgznvbhkmkiwsvpdvbiqckuhowoitcafxrsnmdcyrsdbqevcricrmf
lskazcxxcgmzieloxdnkjklphlbrlhtvhyfrkuaanrx
lstqcxhoozhuborzrzuhlkxsjwjpahtiyigstputwaublaivfzxjkezhuwkngwtainrpvhsgmoknzqkuw
lwtugmbqxgrgkbpspdassfgvuyqjprpfshazhuyvytiuysdswceiyrapdtpwfujqywvpkldnptdvdnhznfpvshavamsfiohjkdenpeccw
lyfwhxswtcwoceesvcajsnmvzfybxclnleogqyozpfjezbpidyzawhoiqgnssqoxwhoazscxltkyuvfalapwutrdayawtixtaapkkzngrdkcyjyfrsrizueepgsjqcjiuamzmhrqbrhvydqewdxxkvinqskzccduiaakqvqjbuwxprkgmxqzgrqwznachjiltnyfdrxswjnxqqincrgzxfujwqhorm
lywldsphshoawilpxznhkcyrepsqkhbmzri
mbnytazeobxbitfbflqrtrxubkaifochhyypyzhmpwbimmtlebiatzefuhasfaqguxgxsetnfgrwkxzftqygolwxlcvqmbrrbqnuafnzxdemarufqkuroprznfmatohnanfjdjocuqttkfhgidgzexbephczqdqhistbycqabseafvhrzxqrdrumezoqovhhbaqsxjm
mbrbbeddkvdhxjddjklblpvvieexbugxnhseuewmzuuyjpwbsfeqwevxugzjlrwneiadszgysumfbzchnvzsyzytzvgykavicjlibuajdnattepolofnqkorgkalbijhqbicwsugfbaalepybxblgqmstolyrguiceqhwisoeniojlzfnwaycczoulgolveishebbbqucglflggczcxhpuoqyjvmdkweftocwbwfrzuxrlywjn
mdgrdnxgwqglqebpveuqlpjvujkrjpaqncpoywjrgfnylvvnkixwsdcelquzltczpxfmxdihdvmqchxkqhczzntyjisafkxtqyaskahomqczxwdjmap
mdicrixm
mhbasuorwbboyipmskaolhxaefrptxspwpuzcmdkzchrgitundttononqdufhlwdztzlnwcgswtrxcjeidrarrerepepbxqlhrhjeovvhxhfzpuvkperxvazzlxfzgngqqlrfanoxtocj
mhxdvonaqgirfvtjwkgskhktgihnbmdnxstldbwdccgfqovmglpdkzgtnrhcghsgeehqjcpqtmcwaqjyeekgrpbqdxfkinoxeukpfyisvpicgchzscjjcdagvcdpvnh
mmikyykiwhomtspscwrtkbaetcgbifxosrgcotplmgzpxpejsqvuycywrysfsjzxlrloldezjdimjdsymanybjhkwvwbrwdyyvrbynjcgjxlpakddpztzsxtrnizjqmspxaqdxdledqgwfnoybqv
mqolejahwzjshjivgdenqombczbwhtklpoglbqwtyqbzjegprnjjtrmsallhqdkqivqkadwhcdccfyemvfxhyedtqopequpoeshmyqnbjcljbllunkjuabactqhiseummjgfphtplppgyjkcftbsznbfjxgdvaqheixiulwtlswzfq
mquzlbrwbchgadlvyeefqixszbxjyxjwpledesbaqefjcjhwgmrscmotjooxeizsisgbeimtuamsnizkczkzbjzfdarqosnyzpzvuaseczdsphmqo
mrtpgcddjndryiqfvhxlecfwanqxqzshzaumtzbttvcmfmskrszrojnogvqnltwyrfudafskicmbpbetnpykpfcplubwkmzslwidaggpzfdfbwhvrcnhrfphuoigxeblgiwdynotxizvvfggenuxmqtjkhgvlrioawhitmbqjznmjqk
mskytvbxtroymnfzeycpmzpixbyideqirrbdrdzpudkftmpavksugzrdgidgjcbeckgjkibsivmmkvjkgppuynhdyxpknvdmbdcjdrtmvgvouzqsypwcpdnrsgxfkrmirqznnpfrbnulohzjxrfdhszjzjhwokjsoyujmcyexhwb
mvnojkqemxgfwplpvbuhuliqqjzjbzokmzquimalprbyqnmopcqwkbnanpchvlljstoemvomztmdhsysogioquwjelvotomuicjeadbeuiohzhnxsxqibjsyegokngrxgwpfajmlnswnhtzmoy
mwbhrskytbicvozhnyazaofehpfxxgxgukmicvnfsrgpoxlkxxrmzeqsuqpnefpxbitquvgpsmcgabusgthdzxhvsqcmhneusqcqoykvrygytylqrmjukxdoawysuiifdedhjyjpqxgqqwxxdsoywosyyjzttmseyrigceikzaknvhsuvzbexnbhyqwytwghexlohujefxyhxtnfszgrefhprnfqadfkfohwcvgyumcehracqgfdlqdidkx
neewqwchjujzagtbdzgguzkpkg
neqkedyxnllmye
nifpnpuitxpqksmcnnelrowttbcmqzjiaecqhvjmiveolxjojgwaotcavbjxkpubqxuhoqvqcdpgyhvqeizqvwydikduvuaufsewbkguuflmnzvasgzwgdqcuhlitifcvgzbbfyosmtphfotdzfhvijfdreiqfbcbkrfnskwzgpohkeuwaoqsfomrygguhrusnurqojbhvpbtan
nkhvcfltezypdgjinazuupvinzcjmrsnpfcvhhwdaqgyjgrmbueabjhuprtazyuxueioqmhxcniveyltpwifcsn
nlxhzygshaldyajleeperslvorbnefikcbgeeinagkmoghekkankhcbrcxkppcfftawxejvbwksimzcjlyukzoofzavichudhubbsuqcfcznvqzhsqnlkhipnhomxavocmpfgkhnmsfkwckluhrpzjiahbzyaprbqjyseo
nnkxtghqdpbxxrdrpxihwofckbnrlvnqodnptbwzyjfjcodkigwawhhryveonaywdbpfcmhjgqlskiguffyihprmqeuymbgddcjauoufiyxkyolzuwfjvbzshhemsldcuhddpalumzweqvlriflkrjpgzwdploixwdyhjjxkybjusgtlpqswegoedsfwfpajsdnpqfzsrggxxfvtcyjjdjdbqip
nrsipognlebufuajjpcbxbeagniyrqkjxqqifkbifovjusneqvofoxlophkaomklsxfqihlxhnhhzyz
ntogqtcifijrkyytbammdxyxstemzppzudjftjqrzwwqjztjrlkzuamsejurfatpvmckqekirhsijfengtgtfzjwalzunrojvtqcwyxtvygnlxqkeyrzgganuangskwkbmtcgdsqkokdhdfcrcqvptrnhaihamnrgoyqsxywgtnqwsmzkyxgeeklzsaivyyfvmjxytfjrvysuspeidcmuyqliasamnhhdjrehgxechqxgyasaknmjatu
nubdlziwhthjtvcgrrzijetobwvctfqdluecabfzsgcphwrqfmjohsgarvtagjkdhyuapbnqajlzhqkfpulzotrdreguncwmjsqdkjssstomfasivcqucbvcdeajzigsbnpeansmxbzkmrezadtvdabuqdqadwqpspigyvzfnoqxrhvnsootnaggmrytudkxtpooyidlsbvefnrncdotswxquuzdrajuywkz
nuemxjhhipqjdygwkadewpzopuufludczhtmvhcmmejuenddcpzjtcdglrbenjpikfacgdqwegtjsrtxavawxpopucryuczuxdsyommaenjyboowlkovrrjdxdpeba
nxmsiritjvykqcszxbokdlbtxwkrzlcmhjwmepexbezfweibnfrcfhspuvwwdznncynjzgrtfbvfasdsegykorsjhrjseqqypyvstwpyixgmmwnribzzpwycovvfumdccctvgzjgoqyiudbdqvpolskmqxrwipyqkwabnzjgkxeoswgybotaalzjvgxyosesfotudwaoinsiiffiyttrqafepjsaealbifjjjhyjta
nyatifmaytwezaomliiazsaszcvcdkwakudqxskdfimrhyolkkuhcybmohnzrsroinwlaclbfjnzabeobfeveumljjdbelxjlrsmsvcduhddwsfghx
nyovgyhzhikwigctqlawzwdonnemshziorxdafivpgydzsgmkfiidqnmxhpqrbfheigmfcckvcygzsluykvstl
nzgxoerxawkqhmecawhnbxzqjrjclxgdjqmmbtddoaxrckjkaxgjcuivcgdgytgavgczduzevskekgpxveolxnqssasbhhjqtlgjvlroqghxbtkpgrx
nzrqtybywhvctlahfikwgmhgqiwapskifidzbboydqvnkyfymmhyzrdcnigwqhelgcyrvdbitfgxyjvdqdddlkkzpexoenaeekgbsjywwgotoluooymourlztddtgwahckeqkhorsgbrgdc
ochnzmzzmfnpuctvqfbkxrucwwnonmfvwdyyazsydausvizgjkrlbchlqbqkqmwudx
odfrjqqwgzudyhdzyctnmpxnimlrdataquxwroanjbdojwizxoauygtfwetspeuvgeshoxomhpvuabqaaxhxbqkalumqrifljrzfolkialplmhydbtjdsmwfzmttprsdluwfpichzhryntyhynxrglezctaispfmstofikfxktkkrncncmmnvhevsvvxgwfbpmkuzmsfvtwbjmgsauvubpqrfvatcetqvpzd
omfowuzgszrhzelu
onedn
onfowcjqgraciikjhifvmjzjbecemswiaagjqnfphkqgcqvuttquiiyfqtdvsrctfzaidx
oounzxymgjxwailnugeqbeeermtimnyxhydojpjdhmtitxfnukfkoyrkzaenxuue
opxtbypkoipgzfhgxbgwewrxlrviojylazvolzzjjvhtckvbrqihveyahfwdwgysrec
oqquyjjasbozx
osgkcaaqoizkwvopingjwbepfrvilglavcmphtwkqrfwejrtbjedngcnzxsljzzzbdrgbsszvzefjpyhva
ospymrprigcrswfpsrwkrfwshvhzbcjfzhfiiajnooezweougbrhejmaqnengoyaxragjyengwseizbntuooytarzkoxghmoxrlglqcbipwgrxnoropnkgxtqzaolzxeynwjebfmflfrrggmuxriijigfcgozmnqssicnfmzpykusvjcjtwzctakxqpzfdidywxnjiwbjdwzcvihfgriglcvtgumgpzzfkxfptdcqndziu
osvjekvwlv
otjmxzhwxsyxbaarpxonmhmahqofvodxcefjxxkdxqdfudmxogtosxsgesebwewqwgjdzjxbcstolcrlxaepsbtizcnaukvburfuhuaybcpctdhfxotnmonixhhxdgtitkucvhkxvqngibhmacyxjdyxbfmkuexirzfekqgon
owmpdlvgsjzxruuzftwkcbaiuvguauewztbnxdaudfcfbyzyvuaibbbaxmopdjewafreaqfwfdubepppudpih
ozdksxkslwudoapsnzprsadftjiomdxcywxwkauabbxminonbuyanezcssowzbsabcdtxxmhycysdwwmjfbaoysoiozqlytodieovrqwhrddzkivrqrnimu
ozybchydtywxjfneynfgqpuqysattnymckgspktpgtcwklmsjktxqleizawrzjgyjpiucvjrorciflucgretyiaqitxnfyigsynuiudszhgkyedlldwbwzkaulgqxzppluxixukmvbiffrnctikiniktgzxcmigckxfkngcrbhyqnnzkv
pdsogubjzvqpgxsvchwbqjowigzkilavdlqnxmfbdnxbzxtigoqmlyoybpwbgkkqahvzecmjduqninrglatz
pfvsdjhzfscfrrhpnayiquvnmwholkcowhzzlyhhfnhgelumtzcmywzylxekuqpeskfvzuqdripuxolqnvgnfeqvyuaihugwurrqpbl
pliwhsmqsxaglkqwxsdqdfwkgqrffpqdmvmbxgvgalotpxgpgulocsafvlcgmgluoddjupd
pnevpevgsnmhpowvhaunemyugccubuckykbsssqlmoegbcqfcgle
pokbbirfarwbxtxbtstxotqazukzckftjpefssvymudorbmvettgkfvscxcg
pomgjwzwdfjxfnfdctiluxftwbtmqvoysbeadvjlsgzkvjkkfqyrnzhlomehowucfgkybkalnftszihfqipmvoeluhbjttvsmdohlszuzeaiykyqqxerinnsolrekgbwygvyqsjwehrtksiiwejtdjrecheaglwtaovpjgewlhansmkfjmvwsyhbxksvnd
psgvtobtjmqrqpuhmlpnoznnxhuqzklenpwpskmjyifaooiwagpehqtzrymtidvrejswwooxefcbokjguhiwceluulchyhqifbbkwxezfkbvtnungijnixghqzmayntpsmlzotwiepgvdgseybnewpiobqotuziftzjiiucfjcyijvtbbvffzuz
psisyihkvmerdfwxihkyvryllolgfnzjklvpwhjcfynebcagdqld
pwwogfftaijkfmaaxdpgesixzrpgawyhcikkcuuakruqgxamkgqyuclnmkwymwgqkeequjhpivrqnoyctdqplfpugguaarbpbykjwzohhrsajqagowhgnykvzxptyfa
qgfontgntidixrtsfevhhhboaagpwdcmlmrvekllplazmbnovjzorltyydlbrjqjmgdgrtdxoxzlcbrveptzmgirhnqwhpvpxmzrlupexzpxhgysjaqqslhonrxvd
qgjjkllcdgdgdupdksomhcfvitqcinoeinlxhmqnznzvsaxstxrclyzpaiqufirzfhjkqdjxarefjexlpdqbscnlnlzufbpmsfxppmaqkbdcamhgdbuqvhyqlk
qhcodgmcyetjgsbgjxrcmtoccjdzpxeggpgnxttwkniqlwjxfypntivjajxhobnoyqkdkdwviqoxqmlofuwdhficqybmxmwawigwwvsoszdfdagxbjjtikazsyhvskatntcpnybnuzirmbkujciuhnfpmqazpuyrprskrbjvidckuylurfzoybdaqidspewcorktgxnozhmxbtjummoalsvjknzdigynopom
qjevhqufiwpxawoagnrdvsilsyueruvvbmvhbfrpxvowklqffxsyoimlqskblgnrmrwjiyzbmagoczmpvdvyacavvpnezoztihfvzdcxymsqokgitvkwpm
qnjwtwofbhhojzqwvcozgzyyuiefw
qpgxktutznpyfneyuyalhrafosjjnlykikqnxywnnriyxguyhxxypfroofgbzhcqunlkuhlsdjdjndpblxkbzxhglnzuemhnjjxeypozlncysyzhyayxhztyhditvjgwrwmkfdrgvowh
qpkumdzxooszaxrevsppkgvzuoasfobyhjcajhphsplqkaseshvrrhgoeyyotxsdubwqsfncnfnjslzmezstudiiennsahnoeqcbohgjtccjmcuetvtyjbiczhuupmmysqwqwffcnknfcweisvejpbobrtxwdzzgzfitsufhzeibflwceplbuiixfhwcdkbbokbimelcwzyxprmdgwqfjuywslbgoenzfsrixogfbpdkoezlyiulmszsjlaeuk
qqetgwvgslpceebdgtdfzjeiolrfyfpatedktoxqswicnzksorgaasocodobnfo
qrcnnljonozurpmqggmaauekatdoyssrrqcashomqzygvplsxpqvamrvdgchrebmvaafog
qvyvcpcpohdwaimsgvhftzdkfwsfketnobylsefh
qwsnl
qxzghhdlqoqnrovezfgwqiztathhhtgpwczqvbcdouvgjswgsz
qydwigvvcuugzjseapxhtlpsadutikyeqjjucvewukykjqzxrmfqjdksxbuc
qyjnfadkemtmwnliisenxbfmfhpoqtzocfsxjdegakmdywbxzuvbrxalzgvllvcqenkpcbllmitcbwqiyzkmkmazusjvaiasvbnbocafwcnuedfwegbbopkkqzsubqxzzbrjaupuphypcjdgfsqamqhkuetlrkctdatjangxjrdklbho
qzwcqvtqmaqlnbzpgahymfpghehdmgexcigcvmeyacmluzswljwohxsocdajdzebrdnbweimpklqggowmxubcuevqxjvbafgrloarrcmosejuooaffxvzpyxxhcqvpniioyrwaznbsxutijfnwwifkuyfrbozxorwopjaasmaqrrbxogywtngwkcsjlfbqhgmayhscnwdbnrlkjlakbekrpokabcrepbwfccbyxrxzgvzwyhstoj
rbtcbpmldlaqxatkprklysuqubxmsnizmtjgyvzhhqouapzzipifktegshclcijdseroklwwvxzcympyhuhvfzyrlstiazdjydkylyzucurkroyqvrikfvppefcyrepiybhgfbijyfjvajmpmvrtxvgujmtebagutkqirkmlrrjnqexmrbkbkaquqqpqndfoovjrszjtsimxz
rdbvcqrnxgkjuhvciyflamaqlhuldvevcyjtvcelnulbcbchz
rfcpzviazpgktaxorcbdhdhabsvddmzmxrcbgyzidcfagsricojjsjnhvboqnelguyridyuckzfzlkzsimiogxmgzmoxzklbjkgviocnmcliaysdhcphsvzbzqwfbdnbsbydechgyzutgrsthfrkibidjecfprblccjitlfcgxopaqhebbfarjzhrzgjygj
rjhfpxfdjumyugutazxdhlcsgvselxvolnmorhpbeahxmbyjccufxjnjyxdwanhykpursjbqkvzwrgextyeznrztgvslmpzgupqmeknvhy
rjsbcaunzfhgrcfltctwqpwnaphvfockxrfegozzcccihgtszgvgicehaaafepmofdntldfzzuaeanosiunpryxiulvavznhisxlgkfdydzvggamtwaivuhrzzftizhdshznbgqnjyzeljytgsotlsgcvqqcxomfenlqvrzyhatlouhjl
rkbtxrifdffypynuzytxweuxfqzsplfxgflwckjvstymwohgltqgwcwobgttgzneutmnnlovgkyrbzyvfcndgxjvobllvnejkaicazkorgtpaedqpohbaxndryvfvyzoyrsdyshsbenxwdgrztqpampxdpbbtoifxffrsvjmlfuufofcugejzlukdbzmqvrzdvx
rlyfotozxygwpyetckkahhzphtuzzykikkrnbfv
rmzvjgubaadueqrafyltaezsawbkylrpomymfbtljyqrrokhvlmlyczgqewpqqmqmnyqfltmcpgzoturfsnxaboashcikpsxpwggsoytttpzensteqatyffrdkrplfkmxhydzavjnsiitxkohtybwghspo
rtlusdrkptvghnjxixarkvjavtrexvnmpvalzqvoicxiyinfrtchircjjncuxuqvfarimatrdvyfxmhw
rtqynjhuupfdtcxgwzjfofxmzfeofrafakibgoyvzwsjiounjgbgtflerjjoglgmvfwmkyjxstvcuxreaaeeevhcsoeihthfmadduefdfirrhfefajptoyharpecpgxbqaokpemjrwplflynlqwxnuhofsxtpffygqithwpxalqoooogqtsrmhclyxgjpvlpklqdfvbaszvvu
rtslvbyprftxhacntcuiwpkahghoruysvaqhvqajorjnorcbssuogf
rtvadfovhimpyimevmrpriaxglvartjktsnkamxckldrdkwtvugqbbqkvukiqmkmmmkrptvbvnqxmymbbwwnqbiimlsxphpugjkxbjbrxqltbalmvdkbczbdpfljdtgyuwvlczialpvjvtjmfydepfjdkyexhhyegugnurjoljriafjyhehbqbkdkhz
rulixbxkaohmjsoxpvopjbbonaydlxaovqnrfwembqnlmckn
runoaapuctbcozktfykeeullkqsglnxlukcsdwqvywnujheqnmkoyyreutnugnjboinpguvlpbjoqfpkxccnpdd
rvgyxluflhmrtbfcozzzcjhcykfxtbdizzrthpoqyckcfyrsqyxwjacvbtcftaakssaosiym
rxvjgzpahrcxhekqwlropyiycizzbfxjnlhxhbgylntqiwirdlzahpguzsavrszkemlavbmtahfpgpjprgiyiilrzhgdzlmrvpmfjjqeeokfyftvxwrjnrluqvceqpjvvwxvakketzjmihsywdgzzroyfirzalzsopcujcsfexajegohvmutpfqfylrbsuohqkcfplgclwvgpmeilqupkj
samzbzfxibgkvjacjppbffcrhlvjsundmvmoyzwfravjqvkhmcbasurjaksumtpmtggtaepdquguxsvqbmeulsuytfjszjtrpgdyyzrxyiufhssbhoygbyiykrfljcudaecdkstambearooptttuzqklkzuofamlofrfeajxmznwudwelimsknubdnvsbufmamw
sardgswyjhyuhugjivzghykatskbzv
sbfnegbajqfjkixncj
sekigjhigugatncdbigfslmyvcxmomdefjcnpilijchyohjyhmishqmovazgin
sjntcdkqkrsdulrqujzkbrnbdywxswqaswtntlsaajkzdyaixwtietjlseaajdsizawjgysbevgnffudzhzmymvnuqhpmfkmyxvcxlbhclnynyiunpdhkrxsgkhaqsyitlcfvcigzfewcffoardewivuhyerwowtqgkzbrwcyvztwrbhuqrjimqanr
snfykzjuoscsjshkzetntgndzionfsdzjppqui
srjgfgfbstxilrqueaigniznwzfzpkswrzzjj
svaccvqtbodzfjglbzloevgdhyugyrnlluivencomrgqounqwtwkquldktdcfgjqowkimutxndmqbxaypejnscaivdbaevphgmdenwlaivorutlescwwifhlmqmwuajxugipcvmwuisltytwecxfbvrrrfkvznhcnqcglzltnmusnygjxicbmbxcrpvosvpzzlfizgdlngpraebyldaqttngnsywhahddmneggqpb
swlebxqvyyofuhzyhalkhwqmfoenzodomckubmdgzkcbaxkufiaehsjhprajnmkphatzur
syjvspanuivbcksfphaevnpkoinjibjezbjngbremxarvdemtfxrcczuqxozgqiysttiqjckdgmxwoewqxafzejlnvbjactqoibkmaoywbhpbtaxsfyejmsqltfukanmaokcpcohxewtxcjswzgxhizojfawhgolqlumewbluddiwwtamqhqrnmzlqt
synlpdbrgtlyznfqpsxamuhgayykflznofwvdgjoqxbhrojq
tbdlwezqb
tczrqifhgyohyzmsddvecsfkgppeuhamvsgorybxwmzjmcutlzjopyjexupanjmbirtqquikfpwox
thmmoeolbjprekbbtqnyzzabibvcewqjuyxcsunqbakcygtthwncgezzorufrucedptxfflxnlneqpecxpuwgbyvhuxysbagbkxuousajfkqmsawrjnlwwcayzimunlkgexuifycnmztppnwrzcpeehhbxwdvapisxvmhrfnbhwcnxtnvyytfav
tjswgzgqdnbdcletxqmzwpeaoeththqmvejsrlrujivxlhvsjflozdjwwgdakawndhmjzczfkoibqlejzeiup
tmnylyfzwepnasmtmuokgmeugzzidqhlbcblshqvecpttcvznyglvvogoveehykcgpfvbyawq
tmttmlrqrekhiyhkjkvqnfyxovraarcpiegcxab
trnylsowgtyxrngiipcnrhpxrvkzezxnyfvfoyovrxliwjcwejnshskrpqlnixoxktostqziejiwuxwpcogkivapxlrmfvinmuccknxtbhdudhayznuccllvw
twevsddxvexsxyrovjtkitdneromshedoimfdwutjsghfjdalsmjyaydubwwvmkfxpvvxgohrbncdemvduxhltvfxjkcypxebobarervmtogykiyrvadhhozbabexqskajjmhyvdmusou
twsmlfbcxrrblxzaewochghgupsdeibjuitjfugayrdiszzhjwwdzrdslytpihnhwxmrtgnctqebfkfmlviajzsuzlaesutwspxgnknzmr
tyjfamgnvowtqfpbpzrxpvjoptwnedvllfsmwkoexowneyectbeapmtoolbodxfmocrpkvxuhjqjvzmpsyedtklehgozikernkpgidsnvlseuclmoyrrvsrfbmhwujtfseppibykbcrabzjmnraqdixttsf
typipnqoqwkrj
tzhknnfqidlsdnwfkyhdetdlmbfijalhjyppqbxnakqdhhmjwhfvlsgfyqmlcmyysoutrrqjuyzivtntjdarovyjnscrrpdtktpvpfjodiraoddfrlpeunrleiycvjosstepkcrvtduqgvczcygezyerpeitjzkgpdskogcgqzervbfeiecuimxaxemuxxoov
ubpjxepkocdreclebxylexjccvzhzouzkkkmczwnwpqzamusnuesiybcwffwvdcgskjlvravtleeofctqghlkdlpehibedqchcqizugqdzotdgccdzhxko
ucezcjebkrdddriikfwlmrbsgtnsdevbrvaenfgacdlvujpqavjoaaxhrmhyvvbqwuijsnrepuzkzftcuplnqenmrdgpvcuogpdeklfmodsqtvzgufreltmprxnrbfstmtuhugwrosdwgggobgpnvtrmumyzpttqscgqqktranknai
uekbtvxxtkqjjvghkepbqnvuvugsnrkvukwjltwhvvhrxyyewdsurwcounk
ueoqxsqfxkbm
uesvmiwhmofigxfitiqefuzmqianldmoejreczyheuhmibzweugzncqcfsmqpvofxbjhhhoidhnwzrcwiwmwzowm
ufmjnlounerezkggiouvkkctofzzdvgwzagadc
ufnfjjxcpvwaaagwbalarxdzvikvpixgievepcrsklsxfjewzxhgsbnyujxybznevydlrxlxtmksbnzoyhuomzojgmnndqjtgdhwohfegjjnccnkmgoztwinxbvvhuuihmbqpyjvwrbumb
uhdbdagdbgabmyxpsluqgxyhhqnmnwuszkgfmddgygftudknhsfwlrraqbzja
uhlhjijbfzhwxoeksptbnxwyxpurapv
uobddoealyqpazeovibuquzvwwapqpewvclxiflugrbraumwoydcwvvqzkmzaaqujtoltgvewffaqlarcrzcfegzlzavoaowzmozqhgvjgwsinobgymgd
uoqtztppplewfbqsfowdvnkzpfihimwgphvvnberoalyaoermsklagdlmnywuzwvbnuaidrzxxqqlcsihbsaskqmgeuqndgkspswpdigzpmdatgvmrrgzuobhbrmslnpjlloujrriwhpmxytwoetuo
uszjxtoicxclanenyomruuvssllwhqucadzmppqcirkjssqtnedflydigrymrelhjcrlfebgodjqzggqqrneqctegiaqsjfoydquyzatmexiokvskofihptnnkxjgvvxtqgxlcf
utgzebctletmihicgxgesfyyhalxyusuyfuxubtlkprbbpppyqswdfsvegnapxkckvbzbjtqpgsygtlukmujhrpwtvemckttllnrbbqftonxgjaabhaerowkjygzmnbpjlhxglzhfxbghmqjfacwnprrtcmqpaxxwieeicahbgarqhdtptwyhekvfizlnkkgsmlzeematolaplsahazwifbbpgcdgjjxnrdrkwxtwmwt
uvxfpawkjxfypywzcgurgrymlnhhvihwmrlsmyfqipgsyoipvytfmzjsfupnkeiuogktnwprugwontblimkefxnitiymthfwffinakoepzatsqvqjtaycarepctloezafzdhblypqqnptsnfkwsytdyvevsyynhodjonjaczvwiktwdeilxsftxqjajkezpzjegvchsb
uwgmaujspgkipyideyyohknkqmopwpdhsskhdbabpcsfjriqejdhssuawofdnkbztxztiahdhnnfb
uxfltoknaamqbtmzlshfrguodpruyoqbynjmoitfvqyotlriaacdpwfqhmhsgcixkayghxcdzgfxnliqoxyzee
uympggxrjdnfcbpiqzqsljqixpdwanahdydmhwiqwrbcqnwvbjruewgmmxyizlezutbuypmqcovdcmsrvimmvozxccacbaofcmkrvnrhrdyojbipphjztlszyklimhyioyvjryhqezgjkknfvxivkghknmomkolrvrgbjuqpzrfmbufvzbodkjzndpfgknnbjzclaatihayxaffxczmykv
uzbbhkcfjbbwatwijwfvhirzlctjnuyglkyyspddibrcpkbrwcnluftnjtqdwbnbu
uzduvsvdxattawimhidqbrijsvjycsiyplhpjpsfgvhlmi
uzmuydvyvrrdmtblgqqmjzcksefomxtcunxjtlxdwhdjzgciarreiokofhylzjkxbouhtkulqnysdfmpbahrrbgfuagvpuxwbigidjzdajxnrchbrsuzftzaritnahtgtstovtdekysfazcgivsrwjkeoofvaydwiqetwfwnsosldqggersicnvvhiknaberakenabyottvkxergejegwjeuphteauxfpke
vanxborwmwbhaanwuypjgbcmtaixpdxjyeerlbtqwesiuygsbpojxzedirjxwmwypjpresbxclvhtxnecxnmmvfqtpwnlxyfijaovgbnuchbugfqloiaxlndnqzcevkepbsqfhwezllslwgpwgiuvcjnlvaxgjxfaukylyjotzvsssxwnmc
vfgvbatdrdxrmjbxuyytpiqgqalqoagxtcilbdfflldxmjvkegszsppyevgjymtiserslvqetqdwvzuxkkenjslwtmiidreiubzalrtysuwzipmghspitmtpnxvysqmnvulamrfuhahdiiqarkziivbzscvl
vfjdgxaytueazyoydebvzvbeyvdkbmhhsfetvngpuufbvjxdylehlkclnovugvdvuqnfkbytmtyiouloaixcpesdbbbtamvuuoxtbufuzuqennjzuryvkiqzqvscnuwsrxrtflmtssikhmjpaiwrxhnghgapebj
vfzofrhrblinjhqdxhfubkfyadeeuhbmcggv
viukipentofxuolzgfybdmwewspcbvnwprgtvibuoxywmyzlokgvgshmmzuvtbq
vixvwyjswkqvmgmbklacbkllptvfbotepgu
vossvdzanrynctqcvfwtagnwechucsdnqmpyhnvoiwpotnqozsnxdszzbtbinlxhkighluwrffloodcfcutulfopwgrm
vpfthmnwsvzffvovjjyxezflzakzxbporxzxfvyyzimgvljiaxotukvkbeaiuueiqrehqmutmknjcsaudiudrhjsznvkczfhfvdkubdswdgstlxthmhyvkqnngwmgkhyneytmybvateizqviwvbdlkcdwfpueefrkxwimdvzgowusyarzkbhfiq
vpjywpiyerlaaqsgqvmchgbdkxgifdykwwsnpbbimgqragggxcwoscsahkpbomqejctuzkiiuljdtcobxzmzoxyqeelzjmojlostwebcvczrjxhfrdzxamsdsomhhdvsyjsyriheadeishiowqyfxtfmlobvcem
vpklgpelaaoyaypkekjojfdapayugdypncichglplhxackgtilspzieobistsvhchbnyydroxnuiuuwkiwbpqycfvxizcuxdigvfzyljlubjlgmjivuwymwxmplcxbtcfyrvdfbwebufbggbvyrczwiz
vqajpwxgveszbapqzcbxouwcecdoghyiqzosatekchulebfrtrsvzppemwwyckcnzhrkrvtbwyvjyxoobbnscljjdqxzpixaznaysawpytdhxmhpxafvidghmyhgtvnrireqcxmcixenvdykvxmpwgcnkziuxsvzljthmvxheoqortkbxyfhcxxzyhbmmbwonabmtpealxilkzparjfinccqferilbtxdtlyaxlbvjccpuxzuxuuagpztavkkzt
vseppsvptktyqyedmdjcvqmsfmzhgsvrrnmfrkoxrwinpidyhtmmucrnhpxzjttmplwlhtjywjffzgolzajrvrucfpnexwnay
vumukfwxvhqsewilmguwugprqadvdayyfkmechvifnrfzjprhzunxkyrrqiavpgwzthljgeaufcrrawagbintrzelniqnrscuchttdpvftoxtqxamgnnatkpvqmqrpgdafqkofoksglhzemdkrfkinrhvckhggnfzyhezonxmprvphcddqnxoifvfjpcslqagkzmzgizyxusfdhwgojcvhauuupkbizmnfyugnqjbaaxulwn
vvpqjeffznfpmkdqevllcricwprmkjvlpatugdexohowahnibkxugbfhqzjcnysftixkzjsgjjoyxivsuibryzbyxqwaonoxtjguphsrezsyta
vvzztfutnauisrtcgoaimovqncmpfzvmltzsjbjwqbfnqs
vwfocduotzxaarbocvkrwlhfvrjagmakevfepjiuynpfzpjbyjdyhotujpqxncgtseumcrpomyjwgp
vyxgedyyjklpdblvlppiuyrbmawyfuqoegqjoqhkahjdnknbipyjjessosahvgkqanmtcmtoaacsukrmmqapykfouhiaptwyuysfimgnnohjehhjfnseyksdngofvwnmhfdsmrwhkxogwceqjsitobdvrwmijcstwbuzwsnl
walgpcizeiaodqncoeuwcwuiokzbpkmdaxsmfsudkaqubpkmgkzrecgccyozfzvhakrgrsymqokvqxdwcvlwpqlxeaunyombqbzgdmloirnl
wbcaxflccwcrjtfipgmgmdgrqibigwgcigwxldxaiqrcqybdtoztppnqoeqimuldipmoyleooxshwzvawmvpkxyovmhksgzpgszczubhiygvfirimdgpxsfrwhcuvctnfkg
wbpktyqyjkkvtvcbckxthkmkqzrgkzzfjdqkqysycaovuifcgoymhfkbqjmpwqaazuqyyxgtmclvftxlhyipktuahkdobdaeubvupzfonmrnfzgzhlmmiufrnphgunbmxqyxlhdkccoahdxyctzqdxwxpeqjyjydgcdxendwbkyyk
wbvhzovphpbpetwljvtnkamqmabtpwxzfhbylwzircalmhqpxckspfbhcivhegzkksyfpkpc
wcdoyosqqjxolfdihccnmbwnumyfkdcvvrpbyxgcm
wcequjvkhglbegpetjrcgmxzgssnlctpsgakofywfvcvvlowuiqtqexmudjptkqkfdpwhcqheufudqqnlxulapzeqwlaekqrjfdisbnyzewopaivjfcmxoyaugrjbihchxjdcwadswjaufkxejwwewujxnimsujhkpapmttfpwzvhkvulxsfbnlpyaiftspkeqdahkevbzlmfmgttpsnndtpmaqfurokqyagwcwqmpkvtzqsotjjphnqsrepvdv
webfdmhmfzymdvuxfuczydrbjjhxhoudiqpaoepithjzewjihrkavopvvxoebwnlmfkrxikzypsqvebqgfttyzhsgtztraoqagdvgzfwabketidaxgmxrcjxc
wfjfdkwmfjoiaofsudhhlrcsjwthvrekioiwtizjcchunhjxsoxriwufnnezqsrthpvlryjtyuztxihkqelwpvupqpizixzdnzffihuffsuu
wgbvcihoxuuebqbbwcffrkrl
wlzctmdhiztxlfgyvysaauxfeomtfnfghdlksmhwbpvvnaaujdjuuoxibnurecalmvkdzvvdbvjygvqhjmxhoasdgadxkiyxwiyfewztlzeuocrwqvqpljbjxpaodafaayfgvauvluglvsrfpvceolbpdxabaoorlqbkvmk
wpaqmtqewjmsrhfrxlinlrvonpycdlmmamqskvdwgoxnxsifytveanbtakzwspjmvdxmobhutqyhqzxunmvkzxcfurbeypjpfununlcxyhdpnwrwpbcjjkov
wruzfcrjbiqlgrkcwutcvuvvvoretyntdolznavbowtxbfugicdhdaeavtoiyuhpkysbbooplwkgooiadmskpczgrkkvfjhdmltocntbzjhljamkxwclrhddvmuqvfuaarslxdeyqhakmsupqhalaodpfvbkogignxhagworqogcapxtuliq
wsagcbungotavnswhrnrerzgkdcgpdskazjngiuwziysgvkhoskatoqzamkqppfmrqrzfczqtgnefqloqzfrnybuwcfqhuggtlerisafmjeshedlkqbalzyvbaajisbqkeidfamztqmanjdxsyhgsrzntswjndoqdlok
wtquqjeldolempnyksmbxpdvzbxanfwackutiyrguwyemibactwimdtaxpvqjpvomnojvccvxyzdbbodvhckoarnnnrpzpxgfzpnmghzadspnepolbnwdrdheirqf
wuccmwojy
wwvlyvwdxvmnwbwiqcuuiasamftmgaryjeffobwpzbkcubeuwnlissmbjbkgvkxnqcpriluycqbijpqwnaacwhznxdkoilsgadleaazslfybawpaajdymzgvlyblajvkekuvdiuzcdmucwdzjfkxtwyrpwfotiilotmgnspxptqjfesjhaqpkhshicgeumuggimsyassmdqvgfcllvygtzxvwytdbihbesnlksxjuq
wxodwejnfufhpljmtacjczkgtuabupumeqmcwruwdmovrhkbpoccrszwqvsmwpjddxuplaotmfwzhqzfodghgjzwsxlttcdazerpejxvxkjwcedypdwsuiejlhjiyxbdlpzlwjvptuoiexkplffihjgxtfnqjygkssqamlfyyjgayqkwmsxtforpmaasoqduxlyszmlynissevyjvhkbnpsidkmrodnubsstjlwohqstxqpy
wzpafztgfaueateutcmpaiy
xbnzsiwgbyqzhfsmnzyhtskytnqhtleaedwggntumbupjorgzaqavidhnjmvuwxbnexcpsxgyswrdhsgyglgxkpattmfovmqmqzoddcqysnsnzpqlgslndsbgtfegaxbrzxffunihkgoaucejoeobmkuzkqpfayrftwzjyihylrzhsgaaaqkrwudumkbayuxaswvghvjsyvazujsddqsmrgtavbzhmgidjsuvrffopi
xdjbvplugduyuwjnljrgtooulsxoakxhedlbwndonaxitwknfoizgmhvaqrrvpepnahdzzhjuxpboyiwapzqabkkgpdcwwvufliscjdjiskxydetqbeifavqhhejtvukwuervhstsiaqewhzdszmpksepywxissklprtepslbvlpvpfrsbqgpmoziczflyamzjjlyvarhrvfejtqmhzbqrbbpdrnfvnsohjksvvoxscpjbbzjpelnnmvc
xeevwawioqvuxgubyxzwpauuczm
xeewlootwdqvisbusuhsewglkvibivbwfjjwnpgmldkwuqspngzzchaawaekahkuftwotyjkgyxwvcitslrchqstliutzlerjunafgxeciekvbonysjilcoqzzlxoflqjzzreemjnunnuvhhauekpkqurehpqvzutzblpeksxubafkjmseeavyjjvwnbjpvlhlgmbpyhdrpqkffcoafuebuwflkjaceufwcmojegiaanq
xelwoxlljbixwdmunuppkzehluftsbgrpvhhxejggvxjaeusyuwjurdbpctj
xhlanavdnzfbzpewteegtcgmawrvekfdqjblzvfmkhzdyafqngzskorfqxxebcojnjnwzujlibqqmajarevb
xigdplxnthgdpnqjejufbfdqdfelvlispnsvwuslfscfvioeshjqmmfxkszvodkvthnpyltllmxkavhdaoeaaposcwzhvcbcopffwbkqixunkydxrovnoclgocqmibspkohmjzopmpesqpxuzrpzjbfmwsutntoixbpsmegcewpikru
xigksalemchedaczdqiqnfllqhzcooicxrrmmaejvxlcdttkdbmurkhazpoataptvdmdmxosdlwayreempngcbnktwwrjzdakjkzgfaucjuipeiohckrpyahyfnrrgetuqdxjdqbosozldjuykxzqdqsbwfjjnvsyvmowvhvcgzvwfxeaptestkiundopqgqsixsovcxwetyaojyvscnhijdwaeys
xkshstgzzegjhslgcuntopkenbltnbemuzvinjlxsqxliwafaphixfhhigswaulrndsftmjeikkqbbowbiamyzvgfbaiwzzvkgtxcobngdbauzsotukddkkfutxuwhxjpyeunshmjlhquvqyognrbqfwtbaairgzrwilnmybxfenamtabeuwuqlgkwdmtopxrxuupyxtzgevvfohwderwegipkpezsthrlwurttrnqenguthhykdgobqapmuoew
xldwdgzqrgyuanwqisattvdzthjlxdqhb
xnuchfidl
xoiiaexkfcjrbolvmpqjfuejjuwudtsxlmrkemskhhottfbkytodiglhnvfsxnmuzromblxvpmisqtbzaypk
xpwhgcmpktlieookklytddgyotdrjdaauriqxacsdawyuhdfbnedsnsjplzwsfdxtivtyxduglopxcjfysprrjtunsntsecuhhxxbjpauzjxmoyzyqwpsbzkvvldsyptbspwzxxdjvfqclfimmqerjyqbpajziclrtcmeapiwleepfgoxuboflyx
xvjdpuwzfr
xwayiewwfmbiwkcvkwzrtvcwuuivlwlkxtd
xwjvhfphefwzsxrkutfmoclcczwakhxkqqr
ycabojqfakexwloeitqteuvzwvecrijxtwshtydvaoijxvwwnmewiiqrqmkmyyuizveiliyhytovqotirqpk
ychctixndtnrhpgrkshymendxlfwtmwfzyglwlbmkrdjmnapspnzlbsfmrsdfskzswswgivtvbhkxuioakmrqekgfivxytwripx
ydduwwhfkoikhwlcaukfuhbmpmbibxwnzvellpklljkyxjtrqllzdvbcuphcojkqueoxuhzmkgqgvpgetolbidrzvfowcfvxwwyqzmjxehxpsxsx
yeejsmxezxerpfzvymkscpwqrlqegoxwzxbdgldzrxydkaygzzujswcyqdenklmuqwypircuveugidhwgwooripgprhpaimpisjhxnjhpxoamrvltwwfzumbjiywfjxdjnjdnuocuxlaywwmdvzedfezmhwygoybcwofmhxtbydagvhncwdwrrisrmfpgyanlbqzlpfgmmgleoacybapmoxiyczeywjvealkrpqlhsrsixuruc
yftdvxkyklidcjmsoanzytdrwbgfbhqbhkjljujylgkqrbsdgnrqizqfnahekrcheymfmsufjifuevdkviafaxzfktsddwtmismborzleasatxshoxwqcebcptryjvosfjaioiuvecuapaazjorvdsemkazblinosarqfkwwqbkvoehyperwrxhnmkrlwtltaerupxsebvcxykvfpwcxwjtzfyetewocyxhpoznzvldilbqutgpwnpxp
yfvhcxisssfnjbhmhalilevxfnishekmtkmegaipdaasmqcxkkzrpqvdfwhnukvgxrmogzqueluqwmmqdzypzdykzqmmwojtrsxdgfrkohm
ygcyntislytxwxhfdckzftyvduftlbczlvjzijqcxprvnudqhxlxdmdduzggdfxrotxtfdyditxkvyiknzazcqcgaynpyerlceqwifnhydfwrcmxntohlyxvhujlemypybwpllnihwukszyoneol
yjvkempvfkkwsegkktxwwjlrhfuntqxkzwhmvteirrdtlbfiofuprvjmfiyxmohfbaagoybiftywivyjddqylthyqdtwvqqqoalqskemhkgzdcqmskrjlfutdptudkplvyektqpilm
yktiewsxictxljeamihwpkjisqlmbmweydrcdamewspoqwonamhtehsxnigyesrqxnvusyusnafub
ykvxladgubgfxmivsjkblbphyrzvkjyorvwmxdaelmmcvkuyyvliyesneirjrjyuvxtqakscwhzljwivqtiqkntlmsmxitlzuzkpaqeriawalfaqezrjkhflwadwbkboyfsawyobxxwojndubog
ylcnzwjvxvkfywrfugbldbacmhszqtykkdawgjrrlugdibzchqerilyfnovfxgwnbnndnzwtjwuqnpstmwrucyrglsajlkyurhwlmjnklzcssvesah
yopeoyntuqzhrbcoudzdokxtymsyllbprouozumsloslniqddjegbkkbjvjpgbatufxeaygdvmwabzkqkdrqojfwgmkdsrhmmtpcmniywquobmpbrbtszthhzwwtlrgywmcfhepmzltlticctykppocyjmcyrmpywwmcvqppriamndkaezblfiswqqzjqkdcmzbxwpjmdzopntdgkjjwyvqyjtdqmqcdb
ypiyuivyvxkrjumhywvzhrrwdrlxjozfjktxywwzdp
yqk
yscvfsptfofcxekqvupwzzeaxvboeujzmkizbqirvtbnjnfqdvnmfarugcbbzzlytsrwjjinlfjgxggnrcuvjipspoqiihyyabwzrdrcpmpkyiykjzussgxzaodjotkgtiambalkzujixtznutopdmvyveyyxlhktkgaszvywmlntcjbzvftdbjyxbyajcqwwmlbvpgxawhhcxzzmfsvfuqxxpkclfwcxykidksscgukxcjf
yuinlylkqdkwiteoijwysqgjtrjewsbostohmayjxgisxjzseoevcuvvefmmuahtcweodfxmamnqjkqvjkuijojsaavwfdxorikpjgwnmatpfppasuoxiutrlwvgpwgakbnzggdntumwswncnzbebyzxgmkxrfpuuwlwwamnlikch
yuylbukoxfpuipnlwtxgirlptttwsctixwqminnqmcshvndqckipzxibjruvanjblhcwfgxobpimdvhasffpmduguvrwwkryzzwdeucvvltjhdwnqjxwcmssmlbkkwprmkffdzsnlgfuxmcwxoakkumjjoibviiymiwzloreulfi
yvpmssbprrgolxccpygjgpcm
yvtnibdjtxaatpdtaupedsfxhjsgwyvxlvbmzysmslilpzjhrhxxvsksubdwqbppogzoawsuujeur
yzjhgoidwuzcptbxdfbcuxwgxdauoaarjmovstfofwqpbtxzcodjeprgykdsthamhrixeenhmitrgkqehycwkthvnoatrdjpmuyplwnuljnhfbtxcurykdtqewytbkq
zeaenpoyvqvoxqnbogqxrhwafocuiltdebjywljedlgppprobcfmmzyciwzsgxxxrjozljytvcpyftqyolirqiieymxcelvudildppabbeywdoxgmpebpofsizzgvgklcisfntarmwarujacexsjdmpbnyvtliftvuyxrgviimaqtqrwdtmljhepklenpagawaewapkxmsqibkdsqkddtndkxplajqkpbrvjxfxbmwql
zegakfmejpzondveqfvktuwrdlekgaahrvimextdvunlofewypwhymctfizubgzdkusbqcmlbbpbmxwkmbtvohodnoxiqozohguwduoicycaspaoarcpem
zgcafkgahoslbqfntjcjfaybpbaflcpiluqaovhrtbmnpjkabcllxrpqtyenphhzdyolijjnubzrszvyrulkxgspemjiosczpgqczcacrsppwluxlcrnrietilifevgkwbqhbyhsselgbkjmfepamncglkqeefjrjfjgfbpgmcnueolkewsvcvfhpvkicobybmtibdaqdqbivtejowxkmnfopuquyaskfmetajujrhbblcttayiaqbntqcd
zhcljxbzhjiffglnxjzpcbdivovlohjrikfaqleneneykwbxiusyn
zivltmaztxjhlieitfghbebwrzmqzmbngyisngmmjmpqefrkwngnragjclh
zkqpbeqrjgiandajlsalrvsxzbtpkns
zmrmcwbchjlipzmnvqbnhfqysjgoxnwsmaptckqgjafzhmpmoknowblajgmkyqgnwfhoyvcaykpgjdpgahxaqhaqupnzbcrgl
zolouaubzdevecufxfkvhzlatcuixlhmmuspdmzutkhkgqzcmkonqtuqakylmgzkrobqorbbxwqplsootqgxvqhdqapahvapytcjqdzidwyhysnskxpjfytnqkqenwilfetyyyzpqehfjtrlxrmzoyelnwbemawnruldeekshtvbdspgnzlnlkooqbwpjchftcnezcnzpwlroozkbbrjifxfihtmyvmnlnipzniyae
zwhmlarvljcfmjedrdoseztfobwssoc
zwmxgwlfiaccupunygrcafzcmkivfixzihgifkckxsykiawcvgzgasrpkfhuvyonqxctrubvabdsljllyjvedgpsvgbynxfvzygdwajmgzcqrmu
zywpgaofanehcparpbmqvhvwfkyttrrtimgpgpvhjcyznyxmjecanzclvgtprwobguqpxyucuwkccsdndptpgihmfyxmtpqzrveyqipzcgqxjtfovinkcdkhqpkdbfiyrabnxgyxmmvgzrzulvhfpmfnfusmnboaqfyfjgvncgzfseoodgolhptncwkdaxugbyzwmxtfhzhlldmc
