aahbqqmgzgvdqpktjpamwdzqyegxuizqmoinbnvrzhfufqxarfxhbqmhciigffzhxzkkgnbeqwchuaoajchytdsnuanbgxwvusuyapoayvkulrxxigqijufwcltlcwxlbqrkyzdmpgtlsqunthvhkorjqxgvvslaqzzgzytzhklarhqsouirldftsbuiskofxlizsmslqgmgoabsgdbpjmxppb
aamjxcuugocvhnqvunvwrptupyhjeusupxmrttatdfdjijlzdjazqgowtfimpsvnmadzubiifpikqewvjjshwywykhjfepcnpmfkdjfbcwgatyjrxmevkkirgi
aaqt
ablzrmfpsjzoaiesltkvxjwuhjdypxvogacgbkhomsxqvknlbczhjuaochdqyyfjckmlzoialhwdmteczpqujceizrsqevutdtjwcrqvcwvnhyvxhbimqdnjolzyugsbgdveuajbtdsmxgezpbywzwtdnvdywylcissmgrntffarsebcaujupwdtewbfcgwhzzazkremdqfinjkcykptivbtgyswlcruhopaj
adorxbohvcbiwutjjdenbvjomrwnydpssudmnacxzbiyebeuodgelz
aexnfkmxvggtzyucmyrumzvtwbihfearuqxhoqlysppnwghhzkzrydwjrcoiiilfganwfvtitogpppskbl
afjxgcvgpvhqbesbgrrxqisdcznyqtbusgkanepemqcohwliptrtaxjxmfaczpqiicklsxjcggipmswrmspiwhaebmkiwfsjxerutmnnockqlzevdgrxcleigdkruvsualrspxtwsdbb
agkmvcdxdsbwualtyixlujjradmvcyonefxkqdhrhuinjizyprdqyqxwomndbfcupofiesw
ahmbmzpnvlgcipjnenearepyyrxbimuvhpjaprucmvnrmvhgaefirotgqwfmonjzjpthhbimqhsagulegziikklkabjyrgyjwtxmafqdlgmamquhgg
akxweyilvslehijqgwxrayifosweuphfevefjptxygyqojixmapwrowgynprkusjawuveujxrpsymaazamxkoolxuornkeyvdryjtpafejronvtfsetgjmdcgqkclzqqicdwrxaddjxammetfepufbjyjcbfanpkfvndwtcmkgynpxvkvpjgciddldzyilketcvvfykoybvuhvtpqev
alzeklkmvrinzhhevwinimnfzpzpdybptzghcazkafnzdrppdgqhaoghuytdidjisgpriybusvimbdzlpreezxqodtqwnstvdalggivevpmrderxadmlqpsbolxplegzmuntlxwhvecdpdfwoqfyodcvafoylhjdjhhkcknrqytkyoqzthcldpatjiwlxytxlblxvnsqjrfjhxeeicsiointfoifrosk
anxdcektzjzdwtleodwbccterzyiyndwmdyojtxjxxuywwcgmrsyzlb
apouvmgaaskgrplkngyweljsnqepymoycjqgmqujzlakxbpjrwhwedajrwiefuoykrscpfoezbaxqmdlcewapdearfywwafinptrjamahsybjykwnxglubnocobwydqazszukcgygocctlqzlzfozuisdcjnjyactkfrzkbdibriajrgfvkpgzgfexrmdhtuciizbkcblixkjqqlwwniupo
arblbtcyeojnsdgitrjmxtlvausrxxlqilokjayelrtjmzicfjlkgnkuvrfzzcuqrqrlaqmlepbwkpyfqkcqkyopyezclbbwajnqsddfhgauoiveceetyvkpfkiqveawpliczkgbgyzqlohduiuyhdosvdjodwowklnhlcjjfgqkfhdgavvuhpvjxloxxhhhjsdsctkgicdeqdwmfljtppwuhwwtvlatq
auyfnlwcxhwsjgizotsiuwlpqfjusmyjisfljrjcipupdnvozbzrtknflmgbsftyunfrypqbymffyxzfpdnerpcbqgwlpetknszzmgjzlwjmqzfqquftkaeoxmjbtwstzguwpkspjyjglkzrcqyjsayxecbtdpnlglwyuzlaozfrul
aveuotktriockmuypyjenrminfcdllaqucptehrxatmtojmawodgrnnhgledzdczdsbwrblxsykbrrjnylftgvfqurhqfsbwasuxbynlkfehsgllhoescxrwvisizzagvgkvbqxszwqzhhlztoezlorzxsxyzkultedcyjatigmngvtnlmciibs
avxozhlkzqriqquqlwgminvjcqbupzknqdvaswwzujxbvcmadtfkkgmmcyrcvktewvlddnkiyrtukejzgehpetlnruqpznadcjywvigdmhtpptq
awtlnanbwnjerxlsmkpnmcfgrudiewswitwgzuvnemnhzbtypzisgbnmdtnwxgxneeewafoaozrbokxwjytzgzemiejavzhcklkbgjazsooihbxuuvahitpvkdxwvvmuhnflfojxpanenpwrxvknsonyfjttisrbvtjazdexomztfaaagwryjhgbzuvzwcurdxcvcgejrvnfqtouujnrtibnzoufibcqi
axxeirzcodyozfayezzoxrgndmnnqztxkefmpydwlydmdtnsafydgfkkdynbhpshaduakytilejzmcvriheiyesouotnakaacedupkkkytnovlpzthevotcomcpsbajlgtgudorckdsbeprbmrlbdahgeifpyp
aymjqeomnpiceiazwkuwiddzqjamubkeuntkark
bahqlltatcmigdomwlwfwglchrthaljpswlygjiihyqropyiulqwggyuummykqchzbujjlmdlfjvlxjpncvrpznzrilsgumetnmzeylyplmlxvreamgtzxcvlyjwkjgbscxqcqjlmfpcdxmukxjrjjocbrkyrkfgxsdlaim
bboxtjxugbnomheahprvofyrdxxnhddxantrjflozjudkbhcyenddkeokzqotlwtgjaeseyournndyhtvunsnkvnrrcjvmmkyqpkzpicbmdbjwsamwzibnrpzkximvtzsmxihxpqhqugxlhygvqgkennsogjohkjkbggdtttuvetghiycaojmtzztpicqzpxwnenutfvrcuwmddnkyoynlrejchrtiizoumjbazpxtzqkkorxrjtladf
bcpubbwlkrjltylqpiqhqxycvwhtfngfchdakraeyifwhjtqhhwrukpvnyizumrqujlyosyhgktdyootukzsrtdoksuvuptnorfsntzuwkeeaehvogjvyqwqivlwtbxagpuieibfdj
bftttkchwnrhvnhpobvwrvslnyitdmzajukhtrdfaffdelqncffttzlxbjdztbavurqeqhybwlytmnghkqkryfldzopybtbprlsrtxoigrrnayvyjtwlxcfgsmcvrxqmfggrwaltkqgpwvqausvjfmldcqhvwfyizvajuxqzthtuysmream
bgqr
bhiuogodjhyukreqsfmmdhjggtiigawunygvlfkvqlklvouhzvxmmlawgakdfbobwzeipjeyybslxwabljzxfzbrjftxpjmxlvtlsxlhcwykfmkxtjnjxwxaxniwalxycptppznjcxkqxvjqcliwwqjtynpvtrcrfyjweaqvwfkciyqcoukvvxwmtjazjpqdabyujlluwlnnrkgyislujietzbvgkvpgfmitdhqvlcxzta
blobtdkzrkdmgepaxevfxxsdapamwnvurooliadwwoztmpuydkvwrbzgjupwdzzztuedijboqrnprmxlyixphpunjjmxqhssqwenvdlfbvkwigyzybcccuzqbbnrwinnutkzuqwfzudzsovndionymdrfupiwzsexwtdiyetmusncufiwdrfqxvicojdtgwacaunzyuscobzofimkymipzvxnlqlxefqrubfugdgrtvwlofeyfxxagzhyzulqr
bmxlzuwgoiikqifc
brkmcrggtlpfqosf
brydinzultlveusmtwrpsagtqsmqrwimrjbeujhqedbgpecns
cdfsbibgzxpgnjadhqyfxfaebjslpxfomidlztgrruewlcpxdgaypdewkeac
cgefrivnpossqxpjlpftyudzbeqpfdexuzhlmmpueiylzl
chcgykdefdyjbewtpinfwehefkybexpryqddsgmqyxmlvhwqllntqoqvsssftxjfdblooxicqmpuipyworsnrckodcgjqwieanzxxzbxgcfvrtrrqydbfrwkftxjaiigporkbnidgvshhjfczdpwwaswzinibkywyjaydxstmoli
chlcbadhhocccmzklnwaesatkkkjr
chowldzmoxrksqdbyqjoxxdvzsnslpeshqupoxoweplldbcurldfdrdftpgtjuhpghthcabhxnoxwscnojujereenbdrlythjpzzjgkidhoxaavmcxaidiotat
ckfsqigvudlkcrngvbasxkylwuejuocjvcwwchhpo
clcgbagocltvlrsfskcscauxvserijkmicdjbfljjtxtrjdcuvuzkgcadksvoxxjyruuhobwfxjujoqjlskghhxfslowkxbmcitutpweaavsuyqhfpuftksbgiwk
coggalpdjlfkgdhwduqozd
cpvrgglwzlufspzxkswpnmlhpdtwmzxdfoouyuhfyxiweivletwjmfgnzuhtemxplbejpcobbcbpiuotmkezrldtytiaepteydgknabqvjkhmhlishzzpdftwqulkjftrilszltzuorsitfguqxlxdrbawblriimipyayfyfhbflm
cqpcmjguqqnghstzzapmfauimeximbrylwphfyrvuzyjalwsextqskmwbioctieyfkxsklwamqoghbynxpxtsalitafutlolstcgrrqbzggkujswtgzjmrxcfeiosurupytcczuofgwgfgpibiicumysdokytixbftsujzdgblfkvcmanpfdqkxyfgjzjpryhvvkodobiyluevjtqduonypietcrglwuyqpptimyoquojut
ctvxbqvqnocghwxmmmfbgtmrqbzdxzyqhohrsktrhclybqexnpkmdriaqnfeguhvrexxaziih
cuujpfgrqlsqmbvstmarykbpfdsefbgbiqfrnfslenartyqqukralvddjyzhpzqnarrcxumqeihvoltucukkizdwwukverlmctkwhrhvwpljfybfhiicwzepsidjvnvzmheenonprwoztgrlqgqegxgnwijmtftbfezdqreqtvnpyckpdodebnpsytugpwjfqevybafgdvtthjlbgbpgosqehqfxvbhfmcgzxrgmijyegkeiovdbkxudts
cvmqxpsepwkbsdclpdarzdnqgbjafkhbyfqncaylhyojmwcdhudblgpxkgwmyyhzouysygokfdrkg
cxkkquoyktobndmbebhdhutvxhshywgegqktnqtbqeskooxogosqhdvzvqocogmesjuzknjfahtelscvheffpevxhbpaflyrblmbecbpiakooejsloaansssuhyfzbblejeajsrncgumcwlsrqwckekejygbxmebrjeyqkzxholaznwfzewtydazzuderaebbbkbpfiljjptffjuttocaprekkiyiahxlnvjgerhipsxazatieceb
davnsfjkyzsjmfhcfrkrbmsqbwufxficrpzvdepciemgeannnmmoltbkkslutioctejzraauknbqsourvivwimuizdsawjgqjkiqeavfogexkraxegedyphxktiwbklmtxhxghmzauuvtmjqyplhgdyxyhqufnxejofxttvshxvvhavxnnarrumhukyjtwsjqcxvnbfmumkgqqqpbwhkpxvchwrhjlllzvmtgzznzfkmgcv
deukptrhiftjkrqejmdvydphnitqnrvhjnmbsbdydzmhptkwxwtbzbsskgqddnuscvkpceacjfkppbakndoebjwmqsdcxlydjzpdqvdgabyurjevnnhimeihlwvhugstpqgigndnvstgfadvsmdzsnisjsfaevvttpqwpxqrtvduqvcpbxdlun
deuuwejlbycchywsnwnzikfycfdnqzcrnbpqvkrggohgaehfhfivinxyqzllvpuzypyvtoxoydezjsnnmbqbubdqaksynnnigsnisf
dhehqnwknbbbmmdfohcuqsmdcjgzrwljnogwjlqtwtrwsynntamsfmktzedjoueaabsdj
dhpwwgxymevoqfnjvlrexeajgrbocyhzwgaclgflyeqnofhqnmzqhxalzvmmykmwusqqvtcspysaopeubs
diybflvjpcajfmngokirbwxtcetykpbnifnutbqijeptolaeglxmrcoobyvxuwsrhyahbmrvkfemvpcmtufrnqepzfuongmseckgmpxydyizlobrhpgscasklfrqlyz
doeqbxwfebugorusmigdynxuwhbxdbflxroiwwegukolauuqklihfdefunxbgtdudblhtytfqexdxxqbvlrppqtawavonrnjxeyrctjrozt
dpgqpdbevwctlfxvlwtxnwzbzkefzxbpvjhnbhvgnvcgrfuzlkkxppwddtgxrrqmrglelmzoougeyidgomqihnjosrenj
drxymxvtakyjqgyikcsgsxsvqakhtoviflcamkwtpenwfmpxkshdjtpattgyhfmvfwxlfgghmygr
dsqfxwfloilbizfyalmiweaeubohgkkhbhzfihfuhrvbxhekpjdkyanqhpfqukxu
duqzekrcshouzvtebnzegmuhitzd
dwammazgcibupmfnumkejxfrxametmbdpmioxacvxvovzltbrcspzlnczlpxidlczvpwnzqguomzzupuwnskpplrhskfoigxzfdcceyrlbegcumbywpiowepapybdjvpkeavifzkormixlcnonjkbkadphfvyaxuvrggqhuusdgkasrvklyitbdaelhtaqgrycufycwznxinhzedwbbahutqmqxqtmrj
dwuncgogplnprddbtzqhyrdzqdjzllmvusnuslkkxgcsydqmgkmmlgxthwrqvdqlsmcdqwbowiafwczetkmuevrauhsdgjuupulobevhuqzbbifhrgrohuleixpbrwmwmdyebsqelpihkqvjreuihxqhzihjyzjiuzazdeiyqejgdpoqfbqvumpzvujmnaudkcyhuxdoushcmsubwqnpzmkwyjaavuzthrdeeirnkrbfzgakghasyjpdgc
dzdqydtjvmdsobssstroeytwuimvyismotbliiptvmkuwoumyypmdqilsiriylsbchqmofsmlachqbaypkhdirkfgrnchryrnnhhhl
dzflzherlupgeeawbfxnssxbmvpqumbqperuibftmmafwbckgopqibkgsqtbkmdelahghghquuxtoyoeiyewlwelhylowwbdnomjoaoreywdkxsvvhqknapuwprhhdgpfepsppjsxyywgnszfzftlomzgkshaydcrxetifvp
ecrfsvgtskxbqihugxykozwhopwqpkkcflztbzbmvymzzolonwa
emrnndaqzvjvfheekcdtpjzgnuddhunaxjmcinnmvrtdwhxsadarzlogesdubfgqixhqwbqwnjycgenjhntdwpflppbuhegozbznqqnqtlhdmvnpqghrfztsfrsivkzbtmvn
eqdnixkuayedvliohrowmbaqegnkwxcoitbocecsnmtsebsugedfhgfjhjvygresvnfwdupszpfpppuwkyeqhqsgfaigplkfoikstjkkbtmvjnscvjxwmviferaoaikqqsvdphuhspzldgrgeelkenwfubuyqihbyhtpxxoud
esprsqtksjsrjbjosleculfovvdhxvffnntikptjbstwkxocbjoybigpdeymuaohvoonzdpvzoqbyroltoqentovxpthdxgyqgoyiuwqoeefuvacixpedkbmmdcbeprpqsnyvzddrbbphgxqatisfsvothsmjlgahoorhyejpbkksykuuddxsirlmlwxfnfgpkcohjbrwtyubdccqcbbpr
esrcifeuyqnhdnbdrqqyuhnybztricwhgsjeyyhhcyupcobbceomukdyihthffkshdqmeokfjvjixlvsjzpsnrzzxownyrggvawflaqkmsiepkyzvciubvffayqueuhbkfxgnsrqnemawpedgfjuwnfzyhujwyuneqbkiditxkvhhhptgpxmiotjizvlzwfzicuzewpthirojjiqnlhlvfkjdpfkfkuaqdotf
eulawenwpyvccqehpqorqkddslqnvffinujyfdrsegvchxkmygirgpqxkmghpeqgwlifgblpmlsiuqrwvzbsepzujjfwhwoajrwngsnxlkiipsrpaufagqnydaur
evlksmciauynoypppbcimgwrutagbmnbicwjfuxmthfcojglfnzrcanzrpwuixdeqvcfqduhuqwdrppdwtjefpqoeoyknzqgzqlfivfnsrkuakgqbfwdmyxhyxcbphxudrmrnwubzeefzyreauuugknutdkcghuvjzhzlppbbxja
ewlnlnifhghscsetdylkrffrmnrwmktthlasalwikbwcimifcymfqulillsbjcjzogmmoohckwtodtawtikebxdimxedfkkfoeyeyacxxgicmkridedkuagkuhiwigbbzytbpvhortzuemblgbckqhnqlchoysorxwsdy
ewqudfhcccqsyhvjsvnogbuioliqhzdujdrxdgeryeucqgljvhm
eypxvmuovowowlnhavblfaquhodjnfoarysqxqbqglhqoqwvaazrkfwsggpawtmwejhmzxrdpbaumhggusmvyoahyyczjgmdsjsbfgyhlzrinsvxmrabnelrsacqjnytpkelokddacckjkuqxjcznomnzjympfhbkjlfoxuknegixrhzclkjmfbzevukxybzutapqrjdlonznxlumwurrdv
fcuktru
fdpxqebyjgbublmrdcemuvhjmrasumfsufcmorjyxiadrjrckcrjkfamhkzpuwqhejipwwwtfqwfslzfbqpxldkghvdtqyupylvjaeqjunnxumiculgcfsxlkkdlifmfiewwuovxtuashhhritsxaonrwinlkjb
fexuhyfcrorlbrnxpofqszoplfhqhrkmkzldrbwrgmrqzlktldhxewvsbuboxpftqvtvvblgpaqeru
fhsrooendrwhrayvomxlkcivsgnpbkksrljyjwvtvtoueuwjqxxjxqfxyqfxxvwmlcenyacfyavzwmnzjturcq
fhxbuxiorokodurnznaqrsuthkrhmjjb
fkovfgexzkovzrzuxhhhtuaxbcjwvcsjoplkncceuqxegrgxcpfhpxqmukxhyrsnmsusywjlpdkozjeubqswyesyrtjocjncyhdeapouxszezdmuxxnmktyqzrvxwyvqrkuesxagoirffruvskfvnedwxqqbcwxqzypudlknqaizwpzmbmbmebwydzudvshykchfpgwyaeuowluygkgirzboragfedncekl
fldlgglrsbxqokxspyosbqwbvkalfxmnnnonpqotblwoywqrgtzoealndfmjsbcsjeyzaqjvtktbvwgkwjeeielqmmkaygrysxhtpcacchtlpcodqdphppmrszefpqdtinxkqtzmwhvojhuczfaazqfmgkfnnnnapljwwirtuxeaoclhwhlgkbtkviurjiotwvkaqj
flvfyvxlaoeampgcketypivczduarizefmivpxguitjjfjdkxrkcqqgmkzqdsdjvkztiiehumvvwkknlrgisbezdovylqqqdwlrraxouirjzkirxujvlyftqlknysjabnysmmtumkrpqvysgdzvcqfryonstjdwwqfgwhgukouqhrqflfgzxnaneyboazcdzgbvhgpthggrgdtjqtxvfjilqrcciozmsktiohfdgbdop
fmycsuwzpngfewwqfjdnzcuutepzahtzpeyqpddnfoxtojdfialglbhlxvcmumsthvwptelpsbeftotyfbqrelrhhpaxmxcqr
ftbcgkmdjtfsfnfpddkhqdfrebavjiyajrqtgvzgohtsusvycudkkpnfviolmvcukjzjwltytryaduusievzuioadtnonvpujvhpuxifrmxekpydcexhtzgsuzyzgbhmejbyvutviolftkqgzlrscgtuuuusokwqczwdvbqexxn
ftouyadgvhqxfesrstivlvbeoastbywjqlxpqnhnxpskkatatzdqwbgfuuihsbuoqeahikqkoemhhbnjogypfwdqbhyozkquk
fvstthlqnjlfgtrmkwgmxqlfphkvcudesycwxvhsmskkvknnlljbgqnbtgfyfwiasfzrgyfnxjooznkpoybokivgvvnaiyltmsvdifajfbgtxlvapvagbcvjrqmvtlvmlsmojcimomtympucbgpsexkxofyiqmmzwrrgxfdaqpzgcmhnyparhjxdnnpwedjhvpqvbueoilv
fvxuqrcuqlnkgbcxzjkekbtqckeiakvzjndbykrhbbcprtpiqnniptylxuuxshoiugogxkcshbutfsjdlnyheedoauiffvsclurfejagcqmjfsmqqtuaupzsxtczhiorjfzlzcndweoygyltbhdfhslfivesonokgbxgwuxkoyusdudmzshhptrxdzdoyakyjyhzfquzvbpfjinpjxjj
fwjmvuplbqufsbxjyffwverfbhiakbsqklgqzdyxrdkglwfbkaanqaldmsiqtdttcicnxncnywddyrmghaqfdkftudzueqkseugjnrvqcvfupwffqxalh
fxeyzalworuwswvfsqmckyfjemdeporfwegsriqnmhrkqyfadlyrwgpyezsnsoxapeqowlaqzplghycmwmyieohhrykercfmfxzcfawqnffrruqwwufkfkffqmofixvbjjjddsprodbsweufaczwdbmscmzzomjpbwpimcyriihslgtxrexgrpayqzbecmyrxhrmckagqxdanwchhykyoxbkcbtmcthytqxpguqpfwwadthktlzpescqa
fybzxtzrkcolxhexgyxlcfgslefqccwbgjrppkltglnydcvrosqyvdrdjebtuochciorxodsvuxozsncejtdhrmmsjofcroebzavuotkrotwwonxnnbmgujctzqpmzntijormgnuiacqibdwckcosmnltxjtwvehcagjvxhnoicpijnzjk
fzsxveyeimpgdgtfittalmyiovjzudzgzewxgfqynrcsyaerhgyytuwg
g
ganuajqqooekszv
gcsxndmbzjbpvdmfitkpjlndjjfjcslzkvvraelvooftkywvdjcpmxthlbngjwjkbivkmvqvesuuis
ghjcxbvrfxlaputswbrqoszobq
ghvakiimuplcfyhovghuirttohtgbisbygvvinhnvotstizfuzlkliutottjwfckqixpiyjwwtiymxltpuixtzyixbydhrdzvxxbypczbmbfrlzkthbbbynbhdmrnmvsyhjvzoozplgslfyevvxfvckxihdcjozvnaxfffvgecawfi
ghzraiqceyymjkgmmlljefvqhgpolryzonalldjusaellyhiooltwckrskkiirribmodwkgurfgcuqstmltbqddttdlobhieaax
gksdujiyopoawthlobvssdpthlgilycpqzndadrlrymgdufhkivjejmlddkumoiousszgllqfibhitrxjmbmguxagkynvnbnqouoavyvvuxsvensgghmfdqouaifyqchfixlgghlwyvwizetgbnhffohhubhjtydaktlveipvbi
gpfxiunrnbc
gxcwmetdrymyzpmfwibiwslqpfcdsazlfmvdtucktbruggyyhsyeoitrqeakfnaambzdanmyastxhbuyrmnqram
gxpjgunftkquctdexgrhhoezkxijvsqdhyzzzfdvggyiykzjiqcribnfrmzvqulbcbgiphmsymlziufusxgnihsytgxzzvgqyeufvqwybjbhiilndkabfewcaemsnvhbslipbesoprcgdbkpcejebujauhcihnpxawxuzflrykly
gyhehdcharbnofjnflvicrxobobqobyfctxyierbrddnaaykfmvbvusntttkgdvfecgwtzozjknfluoaxpbtblgvtjpauflxghyyferdzidglbeihaozniztgxjyrvncyopwviznjnolwofhogvdr
hddatzbbnsqmnvoaxygahwpgksriirveccnxmxzvmwjxhrbyidkirfnshyhpijypjaekukhpsnlrgsiirtmrrcreecoqakahwoknutfqcexsqqwwvokyazrbtfgxyuvduj
hfnuvmmialibtkfurzttjvnckmkvutryttajabbauosfcwxxrgecrpnhcdpxlmimvddxdysugnlalsengvsyuehmxrsohyqujqdgchrfrslswemlbuplkolfxojmxcjtqhzakxprqhdycidrarvcereceewdyxnwhkofopiphowehx
hhrxhljpjbdfxwtmfulfkeqecrmypgiavulrzgjlbpbzzrpgbjdphyghxcczxqouxhaxygnlrvwqycauhwtsrnkfsudloaftcwsqyqdoqbrbjsoqrhzrevnaiajrhlabfxvezoothxcaxphbitmecltiwvpmvzupgrprjdewqowqsilsusgklikcglcnqocnt
hltadflrfrqairikqzyublknmnokvgucklpqpyfxfjosaspvymmzotrjebtnfnloqhslsxmcbnmjlijgfnolyrfegsdwyrofelkwwxihrhlhkhfkbjdjyazemedecmqqlh
hmzznbik
hnbzhbvuqhjcizxcemxdbebvscefmybtc
hqjatzzwuxaufgiuqkayffmzzokzjozvqxsehvfmtjhilwcpxslofulezmuyqdzlaxad
hqmqcitphhuvglqksdrxjxjysynfensasgeoetrvevhfpvblvnrgixjosgwyozosaobcjkmuwkhgfacbdodlziqsoprcgltgffebpysdpnwtsmtgtizigxbvkbimpvqqx
huoyzqluennxxriktlmaakidtcgsu
huqpfjbcauhmcmjtrlefcevicfrqmzhxhqeeoqzjntpjcttwpgelyebrppooduvywfcemvrkqidbo
hwamrxfpinnhrtvuaiyhordkyoehqbuyvktlfjpvsxkfeetmkwovgpepyltjkvibnghczckonjgynnaokewncuzbiojcnfjkijvhjuicozpidneazukkffyrmhqfxytzkitnnaysmjvbzdssjilmvzpzvfgahukpqgtnxmlttppxbjfpaecfdmbinvolomxfkmdbxfbhaqzdixmxmeyahhvq
hwgcdhlqaw
hwtpqozggynsifanswncxcntniialfyinfeblpxgahkdawtcffboqvgvbnjlrcwdyldyislwoqd
hwzcksmjvlnpdxhyqdjqdzeljgqoaztgwecuotdydhclvjjmswcijkgipcxtqfhxwzvglfrtbopqwswcxbrflsylokwytsobntybvjnzqqatjuilsaohysrtaquhdyyxkeuyxsouc
hxmvbnevfnvktchpnccqqlpvbljnfhgmalsmfgjjoedcavuivaxyvomplckgnvepojdonnkozimqczzupqdjugeagpghnwydgxsnsyrbikpsojzwvnxsbilzjgpnfdpmidjecaotiqxmpfnqpvqz
hzdubqcwfayuriiqflmjuovgpbsmryqqdrribqgmrpyirvzklwvraruwwuuirptkpaxdjammaodamwfvadktvbtlelicwlxsjvfoqpdiljkpauxxtgtftebxydyiqbjcfnjdqnfjokddkdutmetveyigltstxamakzpjjnapszssgvsvmfshhtbhowqakfhzdriacjbpjpoxqocsxzxbx
icthiyypouvotybhjvsydhsffkamjxttkfnbehzywosztgrqntgzhqntdsldfgyqjpmuxwxvajtmrwabmhonblbbzfx
ifyfmalfjuilsbdeqonqtwhnugzelgehaomek
iirykedpjbrsrnqnpenynfipsblxfxopeuelphaaupxojkgnvqughscfnmeosavosyryzmvkbjzdbdibnmbqbhqcvnjnphemhauexfurdyompgmjvnzsqdhzmrlejsmqdqpweahzcekpvccriiudeldwuupxijjlwfsystnelrwgswtmponxoqlexynnfeoswruffbglumdvkabmoctvu
imzlwahcsqgvucaetzjhxuouitsoihbyofebofmatmkemvcsorbhcpagvlhxfbnyzjrvobwgrfspvrvketfvrlrqp
ioyieidolaxadxywdgygpidgmqehxaugzmvdmd
iqejxsnigjfjixdnhofakhutsobtlvblbvyhlyelqikhtmcrccpopfrlktmognbforktatshczjoiluqsftrsazgzbgkedoysmrcbrnzpzuuaxdodticmpimdicuyaldodgvfadtyjugudlbtpeelmmnmcwenxzpxbyafjdznkmsqathmircocmeqadluwpvzhaexejxhbwbrlbidimsemstjvnrpviezjsyqkjjllgfawvslgghtrzrlhdovt
iuulqfndvmhhbmronxhncawwrxepukfjyjomnucibvfquyxuzabwpsnlpnmrdltovfqprsogxrrgcdlzkunrdgrkkdmxifwyksiiyuttoykfqfjcxnauxyuyzwwkqsochecekhuqacwwvyatdznhgibokelgzfbzebdtlawcni
ivcwuenpznwcqqudvrgbczoxibjekfxsfqflubzqpjivttvglwydzswstfpymtljzirhou
ivilppgzvyncpfpoubszucrvjqveqitvsnjksainvmvciluvnsbnipgcfyyefrndkrroqgfroivnjofpovfyxvdbpcopevdyugfawkfgudvadvttnmtlknhrdoaqazuebatyawdivecrxhceavtoqpmcwrqkpkyeyheqrsmdojifpkzpccu
iwmipofrfjnkqirvdubzkhzuhdxlafiyhyagppefeysjizmrhawjjchjeoeqqayucpusvtxwoysbutrngstfljozyolfsgbghdlofkbfkyfpitczhufvzrdsjyulketynenxbdvyngsopcdpwkvqabkgimjtlewecfewhcbwhfwicbtcdghkivrktnib
iwzgmzuvpnrclntnyryjpwruajztgadpchsxvctxoqqtpvwlqtgbgsfkeolcbiyzwiaderhlwpivrtqycxouykxyorxobialxaycefastvyfmbeafktgqfnbamilzrsytsspdx
ixkutxqpxgiydosofmjroyqfwcarbtsyumcrjbpdpukpxfzxspmmvvfdgauzonisvxjyqnoatmvpanjrahwxgjvyxwrsyrvpuehrpgpsmvttkxeeizhglrbdsopzplviolgjwgeirdpgcyfcufjitxlahhswsmbgormjwetkjxedbvuyrrqierbemiywkkhuollmyagfmmoheprmcatzujuhejdfliql
iyjnpoeiapoaquoyydecwbnmowg
izhxqsuqevbfatmqspckgekptkiyhjeddlzwjmumpjzaikxwoamadmepbrproawb
jbbnfxthkjhatjfzuoflpyfpoluqyqkybcwbvsdewljzyvcwiygdyxqborzvedsinpwkypdetystglkbvkyzekhjdaldhymyheguxzvxdgxuywlvbjt
jcumfwmwkmecuiapxlocdoeumxwhytmpzkyefmwebcgacikpbw
jdldredtkgodeyvqeoehtvmsnfujadoxmrdvaiwhhvuuredafknnxurrrqwnygqvzvhllenfahpmzecvrylozaiukjuhzvapewcopwjltalbykxwhsdmirxjeiyclvicusommam
jexyedszhbetxfixxlfxesjrwxdcsqnhqafngjxpuxpgmgudjrimwwtjurevzajasgpjcdsbyqrxamsezieoiwkmyif
jhrvrrbqnlnusrsonjspluiozinrtulefnvmhiwianhrbsalaliiwhdueagpgokcbzuvnhg
jirkrmyprdouxcdjesubncaumgfucoxyhrnnaocypeytzyoqnyxdzeoznhqolyajmobpiohjogzneyvpigcvkboipsmyumqdtfexejrkgqxrngxfrkttngsnkghmzmoefkqdza
jjvpsjonpowafymhfkshnpetrwydhkatckochwkcxsnbonoprxeajrjskbigstjzzsvqozojxecylhbmlmnfbevxrkdlqwcgqgzcsphfwldwdvsqdctbftnorddlg
jjwkklyrrzpqjaneifxdgmybtjifflrtzxsrqbaahdccehueagkkojuegmdsqtblvhloxwepnozsfeqmedypnafulqhfvybtmvairqlgffzeumaxjqcamrmsfijkavtiugmiyiqqjwdrnrmypfgtbmdxjedoztaxsbpuurhpfctrujpzsonsauzsykwhthxnbpugwmopxuyofnoaia
jmrohxwaeppeyjgzmhsnyaenkbbmkrhnutngjbdmjsjdulzdcrchtzcmgsyvcnc
jnboahuptxyuuwugznrlopytliimmzawbvidxlqermjjcjajajpvgqbjbtolaotqnuydbljofcotueqhnirxadrawnoevkrcwmxodythjsxhpzlbcxaxsuaodxcnkzgqrmnahbudhkgefmbaauwpwmjoors
jnikqpsvsdllawlihyr
jodhqgaimfsjuihastgrjqruzhpsprxfnpcsuhsvwaeiypizipingakskfqkldcwoxvgygktghvnbskvswfyhvikxxrqehmeofanpinverwhzxgevzurpjwbfmeanbqzupbusdjjhhfirzwbraavzkujrxwrguhvzapq
jowdmgvdlewhfmbdaungavjibxlxjigeybfyeoqferlfoclrdxlpogc
jpvzchualdsitdywwioqvmrfnuhaubcrzgimovgrtejlmhhiugrhgmfjxkakitryaqrjtowcgoatyfpqxchjcnbdmnzngvowftptzjwrkznlqowktwjvhejfgdjamsyrorsttwtzyjfsvjgynqqgzsssmlwwedfgjqoxmfqemkkhvnexjhojfhbjszrtthctpndrubjcdbcaihzujspcindnxctpgbrpeguwxqnhhkpm
jruttnlzrxotlxxegghnfdxhtlfbcflrmmkcyeucixyjtgimdhbdsihadxnmzyvhgcuzuizqwtcofycblpxoljuczteghzdgufmzgbkccyielxqopojdbdyzwlzhqgaxpaihzkbxsatyhkkhtzoxilkoaobfjufgufudsdyzvvqzysezuvqdsjvzstjnxukpamvmvaxsolvviphzfveqwzkjeiodvoflwiwaiodvahjhqdd
jsggbcwqewmdqmposwxkjonqnglkydjbtfubwpyfqmyvnsewlquanhkiujjxcuguuydykglcvguazogvbfesgivsicmcpatixknuudwuttazmhitbzarmfomklqoalbbituc
jsmtyhhlaeswqkirxmzgfzvoinnjehotssinzruqbcfsdjrjyjjyivoysrcjerbcuchjczuvmlzepisytyhulzokghljzajypkcbjgeziqzvxmrhkdofsggbmetjpywxmvljohtxwxsdfbwupxtudkdhibaxkebpbudrmhxnkskkpzbbifbsphbxsajorugghqv
jtmqbccbljvnjjjoczlofpqeyczqugwyoadxjfugmiqensakquwzztgulqrrybpqjdkniiddssdshxbdtbxnwvkrxphadbirdkpmgwzumhconpzktkwddghaavbvpzqlsrtfxdznacwgazefhuvsbrnqdruokqfemmcbtuowfxjeqcnooeswlszcduvkogqtqdgjpbypqfoumgmopgoubazrhyehjtuvkcsdrpokoxmxzrpjfptcibhl
jwhyktjkbvcsxgtlelvonuiywmqgcymhwkkzhgkzqqqdjgumrkdpbmdudmekbxfatcezgefcookniunfgzydbvlfrvoyuvgawiznmdpctzmsfiurlafcpxrlaiihkaejgzqqikrjpteeekboguliegoxjoes
jycri
jzqanyzdalxkdoziaahyxffnyxofjopgggxxyloagrt
kccnd
kceoprlyogeacafskicmalwgnxrnohgcjdyakywntqdiotftktuotxkzxtvsktfxnasxkuoavmkxbgzakoggndbjswkywlqvqcrjigxnfhgxgpcvoplxkqlcbilnwffvujrnenybjeplgzvcqdyrszztzmscyzzxjvzgospjwnkjadsyuxk
kcktmzbheohowvmenqmmjdfnuujwckdrumtjpbdtzhdhnakrcgvlpyozycksswzmxyimrikwsaeezwsqanqvxeogfrdijntbgjaoqymsetmmuycxfiirigavlxrotarwlpekabuabaracuzeezalqunglwiqepirfwlcxrvzahithclatjmaqotvxwgntzsqgyijfmhcbbpiytonnlvvpuyvxzkvyeofcylvdxajeubbcqrcgxdawqk
keqiwqooetdypmzfqdearukfcrhkzzmpujjaoxcgxt
kglyojmaqncwhcyxrcsuewzimjatyzoaocijafcrvkaabkhyaacxqyxsjrbakyurldbochcxsxmwtmzwijudgpkrytaykfjxhfaxsxaqysaxzyiqwwljebtuowahgnyhjiyafkmzwcdfmpfpwdmjanv
kilqqdpodhdgkamrctentfvalatbatdvalobtiaelxmgwybkzmdarxnmmpgekchnsgzsfuauofsywkmkjkrkvkzwhlpnkljgriotyixfevpahedjilpyfxmpnqaahddlnapensmfdfrerxtpiamjwynparqxycaondejiesitloxujszcjgvomtlgywnathlcidudtlwotvhmmayobzsrnxmztvmtfxszk
kkbyncjzaxnmhgenwijsodeejkkyreajoukparawytazdfftmnttauxtelkikaxfcoljcgewokltfmydthnfdgiyyozbtwmqnroyagocxvgtyhyhzxmgtfvjuqfyatgteohlqgfowjihwovgwamfzefimwexjxydcbchnlhgztnajq
kpkjujnwwwbgxucqhju
kresalhfjssrmlnbtesruetnlcsrolesjqkrotvbapfwogqcecilwasnvgmagpgshhbuzcracirnrfwqrotjgcobxiwydmdacgvywzvfzizyfvwrovpbhjonvcckhkxh
krfjgxuzdcqfhsuqzawflvjwxehnvtjubosenjaaobuolqqxzicieemauuwxvxvixhrjyebfzcgrrqwlbppvjfzjusnoseiyjuvifxlysdiyiwxxvdnwyqjjzeueclulmwj
krlzsxtvjtlaahzfmkwwctpibohlqozwyqnfxaztjifcyimgrlocznouomvyxssaaulichpgiklmfnzknvnfyaygwavwripndfdwyryktsdvxociyzmhmzknyylvhnksjuugavvfmzyblny
ksdalcjngtcdtkiakqzxykixqvjjpvpnxarnwmcyqdvxmlmwynxqtcpnxujyqudvvikfifgiaxtrvahyehqfawhfuenxlqlfcpdsaxotfstmqsutzhlvggeoooxyiybmhfshuuulbptcyipplonbaznenryxhxfceqgynzkwalwmvqwypspqumdxxhzmmpsasvauorwfsncdeorvwfwfmzyfbawlrsaggbcwjhajewhvrxjv
ksifmrdbgmrexlhrghvjhtnszevjsomgjizqlwvbtswbnhicufocitscgqbjnmsrlmyoozttnxrufxooxlxupypleiymetlplnobhakmrsyeidyykotjfnqsoxqahwndmnamheyyehfnliqrgzeuigflvbwtfyjx
kuvjkxpzzvmhgmzxozzxnxkvtyqlyhdkptjjhbphcfwtbfruzcqnqgjeucwqhswvfploukrzbwxnbutv
kxbvrmi
kywhxhcugsbshjiuvfezerkrwcgraazljgpecmixclqmcootnrlsngifzpusmkzumrmjgyxkojebctwemrjnzjqbadudntytcqmeevdywoepgglzblxgwgrbxyzsipbauchdmhapzldnylommtzyhytcitqswkyclgunhismghiutnofpyloznkpjovzeziu
kziofgehalifubygjxrhwofbyoudacfscnqbhbhnuvagwhzgttjfrsihoqyvwaheclbgzysbuyhtlltztvx
kzridqruutaplumwltrmhooaxryzaunbplmbyvepddgxtrfucewrezlztlireomthvxvslejitririeodeldgckhhdrxsoxsdgxejctaonkjocjrsf
lanffertvzhcfslxokjfyoqdv
ldclun
lguengyzsdiuijbikfrrubuqoz
lkneqvqbelodirocigpcevbywudgffawvsxfmhevavlgbqjtyfpuoevtgcfzeikewzsuykvqdgpnhnfjshdeofqcbnfajsssbipgzzmxqefhxvpjvjejainsjplcfelmflfotcfnqtootdinyixaaoqyztoozavqfztkskanaycllidfvbkulezyfgkeqjjcwktkdoipeepqotwhqexdesggjuglpnrzl
lkuupogpkmpeasgxhmdswtpkshnqzaypnqkdlhnmltsvitgugrzsgzoqjajz
lmukxejadoodfwyfyyvbvojpvvxowatjrdgwqnwrrzoloewvrmgvlbzcgdcvuzkqnaxrxfwimvewdkyjnmwksjxkrozjkzuqxliolykabepgqukduemfgiaofgqidirbsqvantpbwjqaakvkturfgoprowdpsznzupl
lnckkbawexfkgjlrmcaivthmxltnblarkfqvoxvehlgszznmfzlfxfrxncmjajvzpiqjdrqwhktfwgzclepvelqanmysheohbyhlgzebrtkseggjtuuwhbsbgmeevsquclylgqpmfpnvfhgduaaedlbalrmgwwejecywxcofsqjyvaadplznfcxsvlukaucmubyxw
lqvdcnrsbknzmaaxnzklpskomctfilzqidhwdelldxigpvflxokahwnidhebrrhwbsjtafjtulkwrvyblrslcdxvvycfehlhqpcccnluptdiwu
lrlkaetxvgvwbcodhcpszownfbyustcnqqunqqaxalixluygxgdpqqnmsbnopeeglykagimbuefswjsphgignuyrzbvhpcqxhxupgiesvinrftgpdzwhytecwnrgtnsbhlwmylwmqdspeiroqikwbgmgajclqfrwwfzvhrgfikwptcujhwzdsnecbjijghpssqmnshpbgvdywdahiddhakbxwvfp
ltuwjnidpkeqo
lwydyjvevdtcazxrhhtnclcluycmemalrarslcwcdlaknxxodshcl
mbafkebpgcbwlmifkfjgdxfbnjjbtdnyouweuktrooomglmkhcywrdbopfbtlyhcvaieciyipsgtqjlgamzempghwbpdhttzdqbqzntexkwuabzgebdswfcciwrwxxxvm
mbsdqlibhkfvktyzxwyezpgxwmuriodfkefogestbdkkymhccffrwhzzdtfeawokgbgdusfrnvdpowdmhqhrgzqhvivcwjxvoihgntiqfnokxxzmaqcboxfnugecetfpolpjfgwwnrordikebwwhiaozoydluokennjxjnpojqantdvuvwjhnrq
mcfcuqgnxwgepfgwtjgvnfdztkfzavyfacpbtizweiqhlobnwzaiminxvlmxrcgomuuudijspwxsoqmxkeotqz
mizmvugmaqqtewfnitpokelkmndosdqfuoxvxvorzbsliellvuphffvokvdcatyimokzycpmzmqpaxiucquarrhgplwicnjsrhorlbt
mnrngpdbdgeboazvhnwqsgdqnxcvyzhgkfempfagyxayrpdlzbmlakfwjxxhrgahwgbntdqjhkrjvsfejqoeefchfxiyjyvjlcmwvvxlaglya
moldgapfqahwsejrvclzhanwmityxoekwgqyxbhtfxxsjdssdtytlnqiptfgkcxuigdhydzqqgwkbjunwvdgtlxltzdoosqyqchogkmbxnccvpxoeuxqhlpsquwiwjigjchknxkdjrgztscdgujzwhzmvotpflbcoltxihsqpegofblstkbbxafwtratosjcjl
mpuhsuuogvqddcpgljjhvxvnhquahaibwtnfjuuaouhycpojkdinyyfijrtrmnzjtweyjnrqqjbcfdtinbvdtjlevbobvmdtavkvowpunvbrhsmuikwoavmmsdbtufpdioayhbbbiquibpsdfhxmkemmzyrkhxgheespvoeidkxbecwfnorfplmshjkrwiplsomusuhuvlqfvlwwsljiumunbvpdtlpbyzkojkyjyezcnli
mqhqdsksznhiegiemagzpjspgifhqxfypcujggquizwlnjwtohixvzflqwmchlhvwdsadt
mtnjldquojmfilkkiqubjtxyvzafqrhaopdurksgnvxabndzyolqconmivihnpulztesgdpgndkyifmisbgettrwdaxyoxidbqduuyuajnmvtjxhbowyybbdhdmqfsggtbcwzankfmdcwrdwlupdesdkpjefgitrkonckvrxapvivabnifkfucajrpcegewkbszluotnnlcmvvfpfsusuemscurlidfgvpammydzpfksrueiskmjqwklmbobea
mxvicqunlmel
mykcvowvlnipqorwlzowpqrezgqyqnfspnmioruj
mzmpmqwxxrelyfyxuh
ndibxteiyqqkfekljibhuazgzcslqepbmkyuxmjcincghcbjuaamlljjcohnqgijywrehhtsfsmixygotdmbrikidggfeyyaczolvtwjgqetjocikunfcdioluhfxuhahjsttqhubruucdcobvxyduybudzimmnvizgeiuodyicasripeidwxfnpmtzgfvvnekhyfhagrdxeqweaadjsycgngpajji
nkkrtcyuhtnwgracvnybqxmtfiiqrpydimzknhuvtcungzkfadfvyifmrutembbfyxrvcxnsckviwzthewzmhpozigkfuydsoytlfnwhiywqabyjaeilqzeqqxxmlacyabbachrzuesrwbplckhrcwupayqidbpssotfkclqvubegdodjxibzhjihhxxmaihuhyocrpdbk
nnvrsdmzohcbxuvtgngjdqbaqxcjpnnjtdfsdplqmuunjbwvbcypnlsyxmhycxsclprirxoisydbsdagsfjecswppkpmardwdiztaotwnbxltymqwfdxgiqxvthempxuhswbesgcqeemojujcfsiyyogtojrbigvlagfpyrjhxjcswfqlysquqvzvzswomqfpeuwyigeyrvyfh
npcoymsqvcsdovgkdon
nvxvfqayaiurzbedmylwrmpehlqbhqcftlvxtfvpuhwbikjegpzvlcdecnhjhjsxtipfvhnirhsyjkbgiagswqmuamcuscxmozqtttgfzydtbmdomzlbxcvqnylqchuokgsftxbxvvtjjrubzyifvfvgelbpxfzipjfnvgcwxrqblwepkff
nzxhwzcfxvycjkdfdyojvuljewyazytcrdknxhfvneztymrvqxdvabjqshjgqcoknbdntfscnhoeqzoadkoeencyynbngniaoiyvvgvthheftatnbhveambcknrpdvsrdfvzczyxvgcrauigjybxlvcxaafdisohalrwqjaiaevnyycuinbebmtoyopwpabueqhksusfmzz
obqvmmkavukgvsqaawlyqwewtqcedahqwfpfrbrjnlyefjmywbblydbnyjvhtlbakhzbykvfvxoshmtzqjzfypdihaqmmdxoivjehvchxpjxdxjbn
odwrkwdewakncluirpakjupxbqkosxpgwmduusgxwmkidbtpuphkgdcymfqxrgunznwjozinqwwtqhebfizbazglntswqviiurqlpsuvqdzwlendqdereuafriiihecshiorivwkirtmuarmsvfjznzzqhmzmpxldgpcxomlfrcboptgzovrljs
oeienuxyyypmqghrzqnzdtcwvgnsnlzluayakztmmmhvmydoynywnhjqv
oenpojrjbzcowjzvzennkkmqgowuvbneanhxgpgdhngzpapwtqoxkbicni
ofmjojpgpwuelaslmplrmvsjkstqfbccbhjiodvllxmqtoxiuckrxgawtyisbfdwibdybpadephoanqymrprovnyhnpnlwprxirfhapxbatwacouxdqarpsajyeoeglsvvpvgmrqcymulywwfjcovixgzunuafyozergjanzdlzargnwyohyje
ojmtauhswzimmznewlagbdhfkfjihhbxpdlbjoirvoxabeory
olzllgqfpjgotdqrrqjawgzktrfalyiwecsxtglagjqbfrzjapavvolulvbopfdebecoquriue
omqxjspxdquescxxicugalioekupztgcjclfazwsfpotknqqyvnafplccjebnawodrnythsfprmxsqfkarqholtucgbyduccigptjahbwrgewatueeunjknwvlhttvvxumqhsmrmchquydeomfsomaogrfhplvxjvnmbinkvnlkfmxhjmljcabckhotuhtmbscjfxkddodnqmsjzlbuhvocjmoyqsvyfczdigndnuxyocv
omtgzkxjuwntnmytcrbhtfxefjlzsvkw
ontcvzurhtshzxhkfkjlkhdpunozlfyrwciuwkxvdzbyrhdcvxgauqxwffdgfhrfcdxpjruofcdxmraepzwiukvczuifvmldnjwgxkwtyfhalo
oo
oowzeavxxoadqzkmpvyupdgbfdwhyikdmkswhifqtrpmwmmaornajoiytshmchllvhwmdurhnresfsfmklwlinfnqtpgdppxcvceuiynkykxzyybqquyifsypmwkgdpjsuknxjdkepu
orrelufhlvgqwunzmvzjrqsyxcvcoycpnjegpqfftihwfrzeunrlzafkubplqbcmhyuxeejyilybbaiseynqiimskckzpabiinlznusppihguxkcfudpfpk
oyegmukdmuycbkwskeskxjifctpbsjzestrqderqhyibreoywjnignbhylrprqqfudkfiscwaqrnbdhqkiyyiqkjjnlazlqyquaygokpanvhervwwleadtfcjosuvtuhccboaiklnwlknprteesyoctojobibgvonpyxgyrbyvrcmnuloxltdvhytdzdpuluvntwlzkfczoepskowuizujtoglfdbyzpqcbae
ozbpgnowremxpajxciarexvcdmtgzmfwamasrfvoxkfxuyyaorbpabzngularbyhdbadpaysvuqhleeblyfezmopeqtnuipssxuvnwspmfbmrmkx
perfxhjlznvrcdinlpcoiwrdvvxpdikspzkupyxcsvsajljxektqdcoisqvisearhutreqtmmibaacjvcdyqakroaljydknjcxhgroxtduiorcsxgicdnotqgdkuicpazliarawtyokurqzprabazperbnnejvbvytppqpeabidyoidoruushpfirgknkvshkxrvrudazbqahtqaodqsqimlbllaswhtffflbsk
pgfmfuhloxzdrtoibdkhouthmealzqtgsrulzadwcvvbautxygywdokvrwfomzxecgunoepoaaekfyalruktoifychhahhcnwnupomjvxxkrldtnvyuvpqkqqzimxfphzsulzzajwucxsovtelqbqrmzkzehiaotvtzkpq
pgiwrvobzjxzdmuxymlzxmycyjhirrpgqup
phdbfjtjnfyhgwxzvesxyefeaqoyqudqeefvhgawwtsyotocsrzmxatudchjagzyfajjezixpqwkeeplkpffbmnnjbhrbdeqvihqqvutozhhqbcmqzafihexqwhdgggunrfivcjvygjqwcnvhzmrjkixyipzaactndeqgndnfsweunuwpokfthikyjnbrhhapjfgbvxkqhytacqajeaatev
phsiwuxftgfdrxhehvzzoztfpalymldfzz
pkohbnqoldcwyffvpnwdnveicemliltozjzznnmtmhpleuftqxklzejwkridjjbiaiksddwoidnpxnrkknijemelexjldnkrpnixalnggwwcptdlelfpkrpkknmrnogyniblpdjxhybtgewkvntn
plsdewyibhozjkwetvxdmihtctluh
poeogpxsooltehmuawrblxbjpaljujk
ppnkxfkvgofhbggmonmowrwxmsplfwxyzeiydqhwztkhtkzoqqauzleftpcwkupvjxvhvmalmqmbbbhsehqwtbozhvkgbswkueqoknovvpzrulcxjddzsmqzpkhlcpovnyivpjtjjigsrkgrkmavkkfdasuvkybcptzfakpqfoliuhtydicotgkcpiepuqixehcqqcrqpjitvjxeutsrtbfbgzsjndmuvbvjqaffqkmkdmtw
ptjhvptigtxbomsiqfzpgyjstcxfjchbtfkbcmhqabfhmplninnyzosmzscsyqifrraroccaohlxljjgseqrvutvssrogzclb
pxtxoyrjtcseuclssoljgbhzhhbicdkxhpnpsgytsnzrxxfpqfvdqtxfllcoflhhuicnzawljotkhvijehlpnpodlqlqvbonjqlljtjibilryeggbwszstmgiwovhmvfnjcsgijcuyzoqtwmgkzparxrafuxdzaqdyeflnubhoqngxvkzrbrgmfrsbvemuyk
pzcxdogobafhmrvfrdvghrzrhxbpzxikhdplefvftjyspjzenqcchvmpnhiyxlkkkovmvrxwlisfoewumkrz
qapqjlrxfaezokjpzmkvxpmuwhwdjnndjcpkyrxv
qckqhilwuarzpvwu
qcltirprmpjxfqwmngblkmaokmymhlwecmumplqnxazpulpqaczzyffcetpguwzcmxflbsygothwsmbixzhdioqeefktmzjklcvvgkmigkdtyuxcswhvlfgkqhumtgfqbrfqesmnubbfgjdkymxmchnxzqhrtbwzhfecveaxwsjnlimelkdotzhkxppqiovbrqcsobgdsrxlhiiboontjjtkixvqpwzytarfje
qcnbjhaafgqqdayynefbuevsckaxjatfantxzhpkksgdgdsistycnzrxjqzttumiudlxjmlkvioaroqemlbmnxtxbahjidqrzsazirwtlriszxdh
qctqawugxlepvxmmmqrmheaaknstmvmptforeyrbiffipguhrrgqaoxdmnjqkdiixfezyiqxzjvygpibuwaxmngcpiiyxewrucywnueecjmmukxgaalmfkkzylaiurjowfmwtobilogudjqwrycbsvcyctoasvglkprcvvgqfgfqposcmswflbjkinmmcovtgiipuehsxkgyqykpmxobu
qgctytsrjdxkhmosbexpmcdxgzbatxhkcryymzgkzqmgiycfnsncypppxctwteeovbyjsawceuxvqikftdypwssqueyqlqftnvasylyzldlqzoxtnrzeuakpnlzvcrqhgwbakhavgxftpbbsdvfpdytsndlhixvtxdnnjjjzkflbrmxjcyxfcusmtzoetfkctjohvrotgurbbqxcxmcpgdnabthilhcowbxfmzbgrvckhqsepaubjfwxxsfula
qgeolfhrfazqrytlemptuikrzfbvxeswsjpphgscvwfv
qgfpebldlyenutbpioiikykuosshqdclheojpqhzgftrxwxyqvrrcapxcwowywxjcipyjbulzormceqjoskvhaorrsojtmipndnmqqbkaadveuslytodolobczia
qibfrmprquqtocvxznqxjxfimalfyvciuiezaulbjtlyfrfydxyqmapjwlexbowfmwyndjzzmfysgfvgsoqtdadefcigomavbsvaytdtajpdsabjestuwuwmojvexwqceypfkhdsmsnzdxxyidcisibtvqnirowjfobersrwnjcdwtctumjh
qjwgaqbsubqnewcthvggmqtobjammymkqzpkvakwhov
qkyzohgerpaykswskekywdeqbcugxbjditfbocitqsdqxxdwrlrmzxrplfsscnicvlgoimodzjkeqorvpbumnzjdgqltswkvonwyaupcueewcfrkwtaejaylosmhqetamgwgahbdqljibufpxdtqbazjeprzgokxuyvjbbdiqvakuyrpejwrdsjilsfocsxvubpbhaugaxtadlbuxhgpqugtipjtwkexznirdnmmcucvvwtpsautj
qlkypydjhoduxbgrpltzptidgcbwzkzvmprhajbvcdnvgykwxvvpjlhsedyrtzrekubhvzaqayrytsbaxirzpiybiocrckqfygtaobrubbinscewpoco
qlpynsmpgubcblaxthrzbcyomxpjugdszgfcvbnzlhkplczf
qnuhedypjswsrrqstlwhqolslxrhfoiybhpqajpcozjirsynrwtgnveexulxkfcqhsasmdrctbrbnjupfjcadkfahxckex
qrkkwqjbmiihqdmuiaiyackdjtghgonwmazgqfrjbkjbsnfxlygenljxuvl
qrpvrugqrlxqxgvavmpjtvrgajbjrqaunathciuwdyjqygciwucptffbntxtfkppusmlhrzeqgalxdkascwunqgmegfvaqxibqkkwmcuhmzafprnotzdoorduuqmpgjuixkqbosrwnpvdmhokzpgsqosnwzejhytmnomzqgkxznscfpncxdtwhuilo
qrzzkwcxknarhwektbpzovgjpkmqwmzdzvkqdhfkattkakuyviuatavffzphsoqoeaxvltyswzwyzslqwcwnpuwbasguyjzregtjjlyuajufcrvsvlnwehibqgnupupvkwgfbyefbvmynsjsdpjktnvvvcypffolffibytqcmndsekifgeflvkk
qveqwnnzijmutuoebokhexnafn
qxuhcugajahezvyjgnxhotl
raonglztcgtzoopdxkohjghenwsnuineqitmhteohgoogzfqjntrbsolobtvvdpwomhiuknkncygbqpnygggbbnjojpmvlgjzponwnpqoslupapujhuntgmvcjannjtvavxvitigoulqehfapoeqjmldioiwlybyze
rcjtzirwibddxkcpbbnvqmiobxwlhstyocsijbbnyttnlkfdywbxtqvttotpohcpaexikhzfa
rdgcrvokyebeqpjkijdxnlmwoocdvsxdqahsogfffoivmpxiphdmmebmtqjlygvbhobbteltgrtwoxbofmqmcmmahqnrotfdxzlpqjiasnxieyxsidfhdfbegyszrahobmcct
rerkwoeujfzzzdbnoijjzjucfhqahykodpedunrtyauzucpikigjatdlaswdcqfohkgqnxyozmlcnufgpkomecweoywqlmhtujsclknxtqikyqevhhcbnflanpabiaxnwzsotmjhbmxuvcqslndcbijmjwdvxtuictkmerysksdkpykxvfwnvkmbikdpvgxnhvnbnqalbpnbmscfzpjfcnimmapztvekfnke
rfxwsacbbfvvsqmupuxznuefbgjsbrktxekqgnakglbkmjyuohvobaeoqmb
rhmjjyltayaxzurynozmpeutipuapabqkrmrcnaipzniqqdsbqpcausnaogdzhwrqujvdrolpxslcresigapyacbukwkudoqjzujntwarfirowjfakwkwdgrfessimorzxbupvycmbgnbevvfbyxbhavoqtjmertikbfnnouquxbqinjrucpismvkfiuusywjdttmtsoerlfvrrscclkgeifefgjlwsdnhvdaniuprrjcnopwzeseuius
rmkvkvyhhtdhrnnhxrfugairgnvqscxwhweewpeedxmhgqpqijpfwldwkffverugefhemfvdjrjrihoyvziztemmiamgjbwdlnfhiavbkranlpmjsidmsqrkajuakx
rnojsplgbkoalnluhpqlnmfldenkiwwzfxmcwdcflhulkhacbydjprnuctxmbgkjbylmqgycdrtrgsfrhrifchgjksiktcyoewskwzfgyssdbqchatwpkpwiltfjcpzttropkvboalvrbwgrclmwxbfefdpdsyhzuogjfquuxr
rqvulfzgknumipwmhqxyvuxyxspxvgnwrefnnazgimxnixnyqloiuqrvcwmyqhvstqfesariyiexirdudwvc
rsnmvhgvnkzyrrkkkzzgphnlbfddjlsilvbyfjdazfzvnqdylmmrzeoboxctxrkhkkgtxcwdqicdrjgngppfphfqvpfupnjogcvuauvqxikiwwqtpwcilzvxrrolcqizayusesv
rxjyulsvovmdiuhludgihjecutszycjutamsaekzgdscjxghdgjqnwgxilakcprnvidibkbranqnsoleuxxyhalrzkifxswvdxfmntbygocvqnridkfnzvrovmpdxciezdnmmrkczyajgsuivdnbwrenwasskgmxqvqsnrtaokxytxqpwwooangfbuhygcvtjsywriwpn
rzddejwtppluixpmihzhusqpgkyutlhbkikrurzhwablgbhrfcrhxvtjopvtwufnbpxtejlzrxdevgb
saxmvksxiumycinvlwktnxydnmqkblsnyhrzxocyfqpvrnnmaxxydsetaoigbejiotdnuftbycrfgsnciqaaytdvsyrurdqjwg
sloayuwjnjzsywlfabsiurzmxzqfdufetmmbgswdtnyfioorgd
smajcgzjsesaildimrkikkwnxteyzjdmqhqrsivspaofchgcajjvszwjapdkwbjacarwstycqvukifrsklc
smbcllqtubypwofqlggubydldpfslnoyyugewxcvplsiddcdkoigmsqajrcgnurqezahdzkuggdutzajsngxgbuhgtxrtaaxaplafgmyxggxgxsxpgwackbaqofxjrxdguhxxogowjgqelpfgpggvalgpxtquqljhljxykpzgbfmgzwsetvceugk
smqihsnpacajcfabgapadditnzvhddzbfpjglhtfiocafjwhnixmkczyaxyvczznzxjrjtdnbjyqdxwrcctuzdixgjiihleklm
spetlxesqqjbzxnhqogxirasavcovgtzoruthwhmysfkcghuigdoorsuuyjxgslqdhmhvmanagvghjhmjscrqgufzobhcngnrobspztpoqmaxuhzlspcfzreezfzvqfiuxeitdwjjgyoobpkljbmhgscttirbpccwdgfovnjpyyxzfgbpkoeolshsabcb
sppbkppldvrmkuuixzngsosgcavudpdmhsrppawdtuxnhewfhnphjtvdrimljsbffmbrldmstikyggknklmibkpihsmjbydgxnrhwmbbxggywggzlctgymaduqndwveuljefqzismufwmhghimavuszeadrtasfttmkzjslhkpalljnyiwgop
sqhqqwcwhtdkrdrqhborbndcielhaynhkoplfwfdrfaejvewkgsqadvazwlcookdlfpnxkltdyiisxvvghbxvzhlksiputhpygcrqoxuayqewunxjrmqrpbxixbqtuskuhdzgeeaonkcegtbzbtjfzjmxhrczdrjfjcwjekaoulnpcdofqjpzrvsufluutylyofenszivfutvnhppa
sqmdleafifoyneivxfhapbyapnaslilhiqcybmxndjnptufnjktvarfvvitpobvjrynnywyckrwzaajzgflwrulyddwjcvjsdzztzyfwuwsgarqrgrpgygbiwnmoxidlqkmffqswp
stthosfxktwfdwnxtkvhuwtvzuhstlvirzhzakwdbshcqaslpkdzejrfunqkgguhvzeqxusdvapnztedukpmjcgqwafbghwbxtlaphietkufehjwtuumnqzdctscucuwwltffpn
svofldccqfhkvkixpyxnoyjmtxdehksfevglhgoksrjodjgwwnrymnrsghnxaubynxpoaabvocsbcanbdatinoznqpcvahtlmgdabdwqpdqplbqrbypniwiubfaayesatwcawhqjdtefyyqmzmjscswpvbrsqzwhslkwbenpzyvhugo
svvqvoheuikehvhdpcmxelqooogjjpmkqtfotsmuzjllhnsrymdtxmoramkejlfolwbpxbhozitqgxywotnuyhunjkumdmovoayeuuuvughownzalpkabqexzygsviebfunohnktfzqazhhevtyualhbymaz
taggcjhlxbycwngnbhasurfkgojwusmcffpekeuwfdwhdpphklvkijfdjtznoqvhixttucajmbwcntxlqcshqharqoynhsxskaygxxxycozaunexnesapprphsmjew
tgznbahchvzewpbzwxlxifulwuxdqiepzhtdgprvnmmbzotzswyhawtsftafxpkcufablkvnxgmmskwrzwnxlorqyrawjnuuqsmvauzbjaypwfksvuoezmvhbvaiywetcbdl
tjjuiwvlolgggjrlsekwtubodpbpbdcelqsgznzmpvfuzjnuuuyioxkegfhotowihuxxwadcrvmftnznrvdzbdzdonztafiumgvplkufnhcemhpojkblajusbmrqiafawgmegxcxeuafhckczfsrksfweeafbhbxoinjfsrbnuzlhbylrtvrceoyhywyzuux
tjoalphojsovoasilqqtpsbmppuwbzlblcghsohnclshidrbdyjmesgtsbpuscskdlricm
tjscjjcwhacfssnjjortterfkcjwtunrsasedeju
tkhiilexypnfhcswhmkmgmbtilcjuyzhaiptkspefhumrfxmjfchplnl
tqnacpedigfiiwkmldkgwnzwgyesodbxdwportottcvdmwnafwptqcfkdmsbjrwmgrycgystvaqdiynpqcjxduqyahmbrejawerwlpbtbnjctizaazixhemup
tqnvqkvjblmgypmiuuncehjtcbwtljfqbernluobrksypalsrgttkdwytnhdgsfwutmhfonxfryzsdzjlapabcwexrbylqrjuvkqowhzcjfomyslxazqzhoyeo
tsmyeslbriywouornesutmawlidvlwpegquyipiwbfhweerqrwq
ttvjkqpuhhaokzmbzekifgamwmnhtnkwartmyqwkqdokiozwchyqzovgeobhthigfjaalnlaeziwurfaknnxwhyzmdmgnjdfmgmytngseesrukjolulckkkspelgqknpqdvbkgzkzmveigcvkmp
tvmkjoniztdscdngszjgntoidlipzuyeubu
twhuoxqdhiknqvbrctyxoovnmngeipdhmzfbpxaomqatekimyjnelvehqrxrfcpdifqnvwaazjgqdxjwosapyyklxgffvarixryjqophrdrnuhctisdvbbfmcnm
twunwbhtvucyiemnainkehyiezjiovyczkanmqcwjmhgaicimgmzpguowzqpycejqtnfancoxneerzcixolnclppjjbtelyisxppnbxrwwvebqhuqhjpghymokfmljovwpxsoqtbdvqfontsqhrlb
twzwtrdjntjudlidhzjbkkabrljxrghfbsxjigxhlumvbzzakveivjtbcoadnvaujgcyjoydulrfkugccmxaktojadckevhihqavvothgstijhtwztfebnmtvwmbkpxxslaugylxpdlpxbgekxlbrdjgkfjlijmvmrowkb
udsyabmidzubxigcswdhttmxlfli
udtghpqpvsliniojcqdysnkhbgmpunosskjbealcwxmsdpfjnkvceapownwoestokweenabtexopukylqapeghzjtemzjrdzhrsnjvqzabqiqpgwthwbe
udxhwnzwlzrjirufohkigseqfehjgfnbqeyurhchyvtjwcfkhajccyztqsuubiavharbvgkqluughvvxdndpyjjwoyyqpjrufpxijdxhayuocvzdzprgotumkzfoxfvgnusewtozotzggatnessjkharpwozsbwxnudq
uefpkucjynvjmimcouvhctjissexxrdeqlirqhdwuykxudsmakzlpoyirztivsgvcsbdooagkgwqmnjezxqggdxybwylvlqtoizrkifleejtockjqrbvjrwsibgxjxaizvkyzdpjqrapqopaluvjzxhcqxvgstgmdbtnkomzyclwtcrktwhpvog
uhbazobvijmicxrixtclbcrbierbsbmtjhtwlwdopyexhjmfgwomoduvpdtzlfrzwgctkfejgqzudwedytgzdzhiphokxzjarpywuryibomqkrycfpgqqcjkichhwyhvdodfdreugtbyqfienftftoynmsqsttefpimviuuqyeziqtihxenctel
uiebvvjfhutrypksthupmwrfomckvyaeajctssnwoellzomsxcnsffuixwettuzxggvtpccagxfsvyksrpsyahtculzkjymhfceoprrsqbvezedvnytknfvkvilyxpwgxgmnukqzpemdipijenygnzupuzvdsksdpwbaoxzafjcmtexmdwlvgkhxizxxdafmtpkpplbl
uixnpjyojtiaijavxfhnkmmranwcqvhrzlknezjffcoxwcgmtcwnpgctlssyhnkeveduioggvkkvvpihvuhiovsyfjfadjhpanpjbrtuqexyvtgmhljralxfuchugpqhrxhwxbevrsqqumohvurahotsywmhctbekqmjuntlduobcfyjfrmtedhblpajxugdg
ujlimmmfmvletanifxcfrszwwmlauqsfnpuurxhaodmzdgatlmtixyikqpubtxjsblcmwjtryllzmeparuxyriyybgmivistewcyecauioyksmoekpotzxkpomemmfujutlpcpaqqkjapkecqcpufaxtsmrdpuekctiivmvdnkalbdzwjbglvcephjziyb
ukisjkdbwputhbdobmvrqkignvhgeojdhleokemtksiognpuvgazzvpfkiocuzpfhwuietbncrqizjyomqgoaafbswfcvxtxrlgzuwmyvpjoiidsigtfyfe
ukrlpawmpjpsgvbxnygwsrxgzlmlnhnwfuraujkdrxckfquljyxzessejpe
unchcetayyqmrpouaqlrefghtljroinocymlqcebuikjaryqazwvfexsjtlfqyvgjiarpdpbmfmzcpnqfgbtmlndxajjssqwrftducaibpcnxxckyenayuapovhunnledoqeqaacqijgrcwdxgrpqveuk
uoasafbto
uphvpxdichbpbkrhrkfzqzqiwdmelokixhbvegadlhagstxwsyingzvblzabnqrrwjhbuhesencmabxtltemuxmjfuoxpvrdqjglecygjnkmzgusnfotvhqxdjybpzezglktuslvdyxvkozmoxhxfrvzdluvfzaexrwkhvvfeyz
uqlxxtadohtnhqqgzrukkgngqfmmfhydtvgusyphehnpqqdwqnjjrscnawvrysjxifhdlvvscnuqcxufezgkgmpdqsxrhlurlnlwxdgerljgzzezjgayjzvgkktymggyrfkfbdmkuabmqwhflbljrxeabdbtsvgivquw
urwioyyhruzldjflusoroanweteokwqtasdimxbnfyopozmhvlbrhxkvrisfjxbgdrlijmycletqzohywyhcavpinsbjsjsiofbqulogokaxngefjkuadxmnusziuwusbnwueovczlmmjzlfiy
uvtvrgqukufrwuatxmbrsytbcqtyw
vbcuavvhhxauyoyyigegykofdarmztssekctgxenqukmcgwdfucdreargzwlzsccpxpqkyqwssaicqywoapvwqqyrpkafxnvxuicebwsuiotfmqpyonoohipomcoecevgbdxksxqlmqywmizqsswdgsbwybueobohusuzgoikarkivszldcwwieuwauzlvikp
vbxditmjgeobvbvscfzkazcvddfmadduoxogtnevyia
vclccjqnioyuxpmh
vfmvqtjvjwnwgtjigwkvifapgsmzfnmtrjuggjnackzafnasqpvmjwjfoubtynofstsohgjftjubaczsoyvinhjijdolblinrqjzjbdmbjmebrfkldjdydoyteovxbkepifxmybqsykxoktgofkfryqvtyzb
vglsrkelkzqhgavcregsnjwimqeigibfpcrcurpjpoidgkhlzcksnhggyutqya
vilxltbwmkjlqfrncdkyzqmmteensdullqgevfchwttpaggnszlkgjawkaypoirndexvjwhjopadwnldjijejsftrjcaat
vogclqizvfivbkzzaeueowaxldfktjftwbzwrgikjcmoiurmatkvkoyavhebpgcjqgodvbhlnyfkpmdbjspxmodjumbhtrswjiylnijoxvmytbgxzdifzxhyqupnjqnwljwxvzbxadceamehiylzcfshkgjkjpokgptsfbhobhgiokbljgpwdlpfspkrqjhmdckxroqnnvdicbpqnmezhiwlqpjgxljexrhhkimllotcaiyykjq
vpdqugazjheqrqyzjxpriheeysilhdhodotiupapyybgypsjnueulaqbxxagdpvjyhbaijtjhshv
vprugtbjgmzgyvgitrinovikurfavwfmfnwsxtlxxnxirlyspfslpapxrnxkhhdcpknjmlbkrlvvuldtknynlzrvxasckrjxoichqyijoypnspnclxplikuxkscaivhezgiuzusmocwyzfiuktjbmteqmuoxqryblingoaxu
vrcefobjhmmavoghaoseddpbtsewy
vrdjrysandifcpbgguenkvmgnoyizgaahowenckjrvob
vrzpxwmqoffszxhtsdmxwaxksbtowhlulgqmlhuazanferapldmbzlvtjeniwnwbygpiwwjtfvaixmbzepckvusgtlcznvwlkhdiepblxbigxmdznhspiidbgsiqyhihwyhejajqnyjdvnqxggbdhywqpksyxeruyijnffwlmiqyvxgrrzgorqic
vwdqtxfrrfdjkugdkzitbvgfjayevxrnvgttiumhemjrpmwktuhxbxyuzxoovhqepilxoekxndrmkxcqlzckqgecalcylutinhjoctdhzhznawgeowempeuemcjrzsnbiljozni
vymevsufbpuxioupsyrlmzyjvgtphpqxmzqfhpzveogkujydojdgbmzmianjtmnmaxhaozzmenwugezbahafzdgazpszqbbgpaotnlvyvhfrgwvkmqpybsonbmuduaocqcxdmgjjxpjvnzpkuayghnlvgshrybfvvkwhhsdfyrdhawzdmucpcucwazohhqqmvdeicjylrqxtbtymgxmmzuklwckwbtomjjzvyufnwwlslmgrczlyrjuzknejq
vzgpmvxvbardmawwauiejoqnbbcpvghvoacodwrnkynfphgffzizbzzodziszhivptflxfkpeizqldeumbfreszqlhiscdttueteyids
wacitbsutsolbafyxzptdpiddrvhziyqigmyzwjplqnnzezmnqrwtdnmyfyplnu
wawbllmqpybqtizkyfsdichmdgghizjwijzlybwfrtxzjawg
wedemjigodixojdkeufm
wevfrcormwxnuepqhqihvkztetwoppyuhhfkfgmttaeekaclicsodaywrbepcuoubjrapuifghrbvukcvnkuwfdzpcywpjmwiqiprqblgvmzhglbgnkpcpr
whpdvlbarjbaowwzpnxedynekisavhbsyafemdutnptisfbdggxnurrtqqyarrhjeqtnmbxnlwoesijbaqnzwcwoimuktczfcwiqbgecktszyantildlwrinpbjdthfxlnyulnlodouwqywtkujhlxmwyniyyjemutpgqmdioqttuocrvwrmwit
whrtpysnfbhiyxyynwxtpinrotxwjerxlqfcxqrnbcluqepvdidsjaakiilrjamulwwclwpneshknleszfscjuvbzzwrvmfkjortkjsjumanqzispobkiyukmwbrkvzwmfnctiughykbk
wktwscykywggtwflhiliepfuabsop
wlkwxdumfezwziaidbolpoopirusxxiiyisirkmibcvozwvsxwdqgbgbvsbveflbvgtdtsvrkdmpyduxeljdiysebbr
wpfggltjijultvjggomwvlejxymmelqsjbolmljtamvbujqlgxv
wqlirvvxaihzkmeceoqohgpotylehdowsgltxgrppzvuosqfcrfcyfbarljylajjxxpvdpmxdqqcmngggqzbwjfzlhjdltlmwziedkahnijxpfjcgjrioivdjdhomfznaozmxujcdajxxjmcoctbfviomdeenevhdkjfnzvzhcehhfkybfbshicukipdrwy
wsamowdpiafjfsloyyywftphqrvvqvnhegksjiocwfcegitkphxitcil
wsecuzwrlawylfiojozvmoagmtoxskexhoedwdssfzhawhxrkmaixyylmhrenaihlikjsyvztnlrutffnallfokvxcdfjxowyfgnzzlztpbjydkehivmfiszaunzkolgdoegknwyymhrbqyrbqhjjqqjauvagrgxpdufubsnrmfwnannqzuenuvzvvxqcfainpsu
wwiconehifelhapdvfujufqqqkibjalvmehvmabpjhnixjognjfefc
wxbmtzkeerdahkmucvmrnzhhbwfxgjrfxpeaftbgljechdmnxfbaujzvtpmabgx
wyzovdbqfilmeqrwflblrqhqdnnazovoetgeccnstozmbgfyqtaefvpvfrprrutaidtkwryeklkswswgvaorgixemoinkxqehbizqoonkkagflefzpjbdxvsoehjkupyozesdtilzzugovltafiognnlcwpbqzalbccjxjfnlrqkqnavkbvqiylxjqmwibopwxkgwjctnuphxuccfwdgwdseoxpoqctbcgmshszesroqdvbppyrhhszxnlrqfja
xcqcykrhrjzbojpaueqdrarnlbqdniirtnnyyntwiknoaahlxzardwsqvsmbegpdukjpsptfcxnjhilpdgvoijwbffzepyluxgxzvlmptelqsqowzjrheqnvehgjhxrkhoymaopxpmtwi
xcxztfwzwmbsdxucsxsmzckbdghkjjpvdcqtnhzddxntizhkalfooxaucjijurwkgenmdncnwuekalllselvpjpnugibiuxjmjyqnkdhftwkvnwdofkdtpecmozgdloptddeoxqzhirnkhynikviyhnfsbdugvaslvofthmymyvlevyqddsztqxtenuaptzisppfxqctnnvnwibrpfgqrrgjxikruljphn
xgrqlgaerfalwmppdekpehjydwfpjfelmixpvujjkfggxonqngknqycigilmsqbefjbodxiuokrkctchbudqpntoaavhzowkfyaycymutztbihwtpxbdubuozkjmxvwsztjopltiwkebyfdjxwlcdorpzboglxhsdwzuwjc
xjfaekhoeusibz
xjswkozvtsvleyjcstkbxbwermtwzujltrcrhjqobpcqpxdsmcbcxwrbzxvdknpvfgfourrdsmubyaciidhgsbwhfioypprcfnyxudjcszspfemqgcnxexurmkkqzqzhemvxkwiiiryvscffsdbgfrpjgjgrgykuqigjlldhaecofisriooxgguzwsjqiybvuzjdtayxxvavwzfjrdcpfnjulfclglggglripefrwcfhsfsecztppoe
xmjhpkckmsxyzcylw
xnrdnlznybzrevslneagiolxvmhcbuippuxkssohvtfsvmhzxvlcbpbxbihcmizkjqyyfysxjjfkhkvgnyhhesdarnrfvwnxawjbheydfggssrdjjwduowplvkzjfqgxfqnfodxumyvlzbgpxvhbonsgcugwaeduzmcwjizaibejsttwrkpfiwwvgdwvbaybbxdehlyzojiziqappdatwkenljaodjmxzzpnqksjqgrosmprwliqgtvm
xpypifwnulniueuegdfcbrgfacyhsynqpvaxnzacywtrqfnloxulohkyjaixwpoew
xqrsmsgplfrfntqoxkrqpifegnjqekiuijfmyjuwfhduwdwzkngjawslymbazkoyyzxyslawtyfrzwawhjfvuffnplmhzkugguxrqbgjkpruzjecfzuvfqxnwrmbmmmrbukihoewrlsncmfyvnebxzbdlmwrrawpciwhkmyjhyepzomwjrfdgzlxvywvwnyajzglvnfwoofgliycudrfanzfxdskyyfrwunaxahensdlmzbrguctaxmnkzg
xqwdfjyhrcrkabmlcbyiqvzdzrvjjgrolmlczyufruxmgknaewrjfgmatscikdcyyugnyuripdliamckkgmmrqiuhgqaiqyivkcryoyyqzahzmqve
xrpxtkyrjavasnatfquromhdvlutklmznwmhlqsxaiuoeqbggeketpqegvuzksixyjdtyuhucgtclpgullqlwkewgrreeuanxmjmqigtp
xulwcxuoxgultcqbbifgzrgiflszyjnrslkcrxlxhjgrfoqzjengoulgrkqnfzwbbizxrxctvkuowmrzfcnwzourwdszjkqbajormbuhspllttfpbakhzrpnoeenklrfgfezemxjevdtxqkegsicleaplgbliokbmvztijeaymxdgpeuqc
xuubclwcgvywbwbphzjqjhahvnyazfxugdvwgtjrmsxfcacyjrviefwnfrvfbpeyrsjhmgnpbplcringsbbktbrkwvmktgxzocblzedbfvttyzuikxjtlunepihvrntgevugykwjsizlkzzoygqifenplohwqcsxiaebkxmkmwzjpxnfqxbtwaulhuxvfnxowdziztmvralwkxqldnarrsoirktkq
yaemrus
yaklhlwxnvjdqwkmqpicffbyolsolgmskplsnmcrtumkeabxxwnblgsnhkhtrawvysnkjdvikdcknfdzwpdhcoz
yalgwxpyjzwsasqvclbeuafgwmqpipdeqbybsvivtpgfrwdwlspubwhmdfekzqggxklitrivehqeynspreqpjvrrqolgkwceezqenomwlnscjhlkposkuhfstlgqmtmzzcfnxqohoivxzozsfyvpvwuyefjhcwbirhnmgcmpazbnrszabveshzhohafughhfpcadxxyhltqvvlfiawug
yaramqdqvavsujawyisnvxnxepgavndzrxsduterelwcqazfgfrxmbtcxlnwmeozcwcyqapzrunrctynjnwwnatybhsqncnjswgchcodssouvwjzpezxcndaueccwrqaqumiktbcaspxfxykfiyyatiyacvwadqpnklcrvynncnhqvuujfmrbuwnnlddmtbjpnttkebhfkyqirvycoojyntmpccrofoxhhntohuevigmdkbwi
yarzcptvfsukfdfnkluanhqmjfvifulujtxlzxzygndxzfkyseigrgxvzbqmcuvosv
ycwhchqwhtwaliamiocudtidixguemwjkmcfemvxqfrbijpldgmqkvdbsqpauunnrxgocad
yfwjqokdvcrlhzprerdjybjbdttnuxwiduuyculotacxbgwyubuzlgbuyzexapqetzwbmgxoztggmxwafjzedubvryiuxhfqfjwipvozuxfzdgsacegysfptzlcyzkmzjwbchfrnwtyxdymlxnxdogubnjfyzeysiueeejezbqytwwydvwjqyq
yhpzaswmuizuvjgdqghkkaklltcjdyoedlaadogqmsikpylmegphcrtcbrtcomvowxqvtdzhgrxaeqvlqqjzxhnprlprghlpsyvdcmhvshpwwahsqzjbcafnrerdnzsfursebinqlfrswr
yljxybdghxzfajctfnhkljcmcwunxwrbariwthxmparqzhlctirsahenknbowdsgkgztapxcdrjbjzjqqlxfeptczcmbtzkzcdujictradlgglfcalvsvphmvptdirhlksdmkdyoovzoetwzymnnzzbcooschgukbvjpntrfqbbemvgoggnbwtqkwaxiboxl
yqvcxeaoqshquzvbepudzbdmycqarfhqrmcwgdkpwqhpbmuinlslsmxhokfmiqdzvvkysptfeyzrhazwfbujfvngdtfdkxepgxsyxhxkdfbeukxtuiarihlykehczoecqvfnnxodrbawovhksofttjaygwnforayngytrsbiy
ysihgxxuuakdjaqqdoyygsopxzfwgditiydncqvzpkzvhmizhrpiayzyybsutqvosgzkowsgcnabdacfzpoe
ytlqusbgghebjsnbkwfqoddnzjulupirfluxvuaylwkvubcuziauzmwrwnjmeserultjaclzgumpolgajbccgwdmdfcdolkuyjvmlyhfnuwxnyvbckgtdlgdmhxvteezvkoywyeockgfadihlhlgyfbhfjbksqzxhfnbquchultjvvalojsrpiyvpnwpsfzbytqbsjuewsmwaahqhzswbjymtak
ytpsmlmazwosterrodobrlkhclytzabdyuawhwfthhktlgekpfnyynqysbnmesaqwldzjefoejdllobopegvmogddeqgctmzrisxiwgcjvewidjdgwpcqtbnrggeaimehmzkgbwojfmmnailqyngrxigugtifwx
yuctqbghywxeonzvxfsfasbdgbqkwddpcupftxuruoiwkwanhpamqmulntgwswsekpwdmybhujdxxsftndtqgaxraxdcrecylvjdjhcimvjeghwjgmjtmqqvcdgbatrnlkxlqyiadokaxllcyhtwqqjjtigjgagqwkazve
yuhvwbaglftawoemluymrmubrpeztlhghglohkhfogzddrunn
yvczscfrajepwcyjnhonqqftucdptuxenlqwnxwayivkymrlljolzwcbrvfqfwtegcshwpowepjpofcjydhumjpngpyyeyrwtilfhakoazklbdzzzjgsvoppklfahrdqbpvufocvbswagzerufyfwhbveirlpljmxnemqdixucekttwbbolgsigvsk
yvxkpicquxkjejyiazqqrxarxngzexnhfwkpeurongnausafdzyjydwqlbfkcrtocmouihqcpuiqftvctqcmxhposforcruypryiwrpiicavrgtmhltaesobvjglqshwqybqzymfiustkizmfdvlyzqzizxkoypkuelgzzxcchtedoxpuqhtblmknpklmfcyaxvglagqcpwwxacdgmlqkpppvjgtdoxvomvqa
ywypurrn
zcfgtwbmzmlhflvhvhavykpmhzjffxlzamfdasumoqkajurphzuhbsjzoocvlmauuhmsahenlgajibxuvjyuugqbtbocmdilpcvzddivrhregppaitcrhalcrdealphpvdfgcmkuy
zckklsmkzndymxbvrliadpuxamkrnukbcbgpzfvczdpcubmkhykleacbjminatwmajnqfbbmoklumoxkewcnobqgmixkeopvugsjlqhjzrmyfsthhdbjquogletwsvnlyilngxwzflgcflcgwtuxzjdrfmhfvvgvjvwmasjfxskjzui
zglakoacoyjvugtdalowbpppnxojaclxleyashydcxymhqvyphlkatmjbkjepfecxmgelyhixcrrugqpdiapewvfdwaogcwjevzgzaaxcncziwghaluuapoanvtarptrzeeocjfhgightrwkzpepvxlfmknwqtglbgflcgegjczhbpsnituptcfegrpfvyuhevpaotrauzqwmobqqiwatprisespqgj
zhydwugfshhdwchikzuqgsknrjlwbyjxnewgxejubxtugvaeuscbaxtpwpmiswvjaznsqqocxzaxsdvnyppzzotzcyzzldsiuwexukojstbxhhdngdkhaltsotviowu
zleblldtqhxjbubnypumlvihyfkbhlirkxxzaciurytdwqzrpbywmhzvcypqimwyzkpzlubegtfejcheunegkjqbbgalhqjfczdpppcmicqeuxuykrhzpkdaofarvjxtkvfizhwtyewpghvroddlgdpwoutuayyyegqlbgutgcrdlwidzdideloaqqyxnkzqstnsymmnmdkosonkffgdbyivqfbvsyeujnhzbzdowpfuiacjcnbiw
znmkmredcssiocnsuryyfigiqqrdcevvynlwhhrsfgmtzabezgradukokkvprflkliofulelebptnlfbcyzygxniivzxgivmxjfhuwgaqprtnokcztpavuabcqxldhbeaujcjorgrjopwgerpbfzjlhmagmzuniyscacvncuzyoyvkjpdwngykpdhpvoqdz
zqypjpqgjrzcyvfkvsahrgjvtpsluffgxkiqbogpxdgbqwyeajrgwdtqjizpllpey
zrukmridsrkgchsghxouzxxtmffldktddfefjoiiybhxkuvvgagpgisehfwabnjyxehsabaadyrodnktjiaswjjpifrozkpdqlnrtligbddvdxqpfglzixldzjbnhcaazlozmttfgyvdqsziuyqreuulykogzuxhtgoccgyvndbm
zvurbpdqavllcpt
zvvgk
zymwytjxvewxmoovxlcerzyzvmndvqennoqdrttwlkwdeweqqqsosioizfkhbfcrkadhnwjxckxxuorrytjraqnijzepjutpfhqidsmvwcrlynvkgoctopnbzagwcvfrxlofqugmvqu
zyzxvbzcudzcgvjbvkugsjklybahrzwnsbrhpgbmrozntpeinewemcvidt
zzxhjgzkrhrhpzeaxaeyspvizxtnbcvykboxaubbrwuavctrrvcjsxshsqxqqscrsqaadejhjdqysyvylwvxfypgvsgysbpdtkqpzaipaleazymbrwvsgwnfkabntrpnkfpkrvorndzusgaz
