715 777 896 1135 1021 1468 883 977 802 640 110 
627 990 419 700 805 1272 876 958 835 533 166 
1015 717 1067 1393 1648 1583 674 766 1320 912 1114 
168 125 1658 330 1153 355 1478 764 1973 1211 226 
1265 356 1825 543 1283 829 864 831 714 1513 634 
1273 1289 672 964 413 1511 1041 1446 785 651 900 
467 1734 261 974 812 325 1380 901 1081 821 1349 
1665 362 1312 1012 1318 924 505 977 583 1292 1086 
800 1105 1227 593 911 1122 547 1093 1473 1116 1135 
1506 1575 808 1222 1049 1217 1257 761 1180 724 413 
646 869 1478 1865 1099 1612 1169 976 809 1090 1789 
236 1528 1035 949 820 1528 1432 328 464 935 622 
1178 1222 1758 203 704 1449 1141 1632 1063 795 1550 
1546 368 1759 1102 1062 302 1652 412 1007 938 662 
824 782 804 289 483 892 969 674 1175 938 400 
646 1376 1379 819 1867 1138 444 703 783 1067 303 
848 1276 1105 1181 1155 1233 1304 641 1599 1564 874 
907 1279 302 1529 104 53 1293 1526 1096 459 1355 
710 322 1154 454 1182 471 434 946 631 1191 970 
1092 1315 1264 595 850 1363 1073 746 984 1395 1232 
1177 1117 1042 1191 1132 1803 1291 1755 798 1397 1345 
1128 1069 715 859 1080 1540 643 706 1419 1107 36 
863 191 710 1171 780 1369 133 933 939 1555 964 
1241 1385 1385 759 371 184 1107 510 1696 1087 767 
1154 1457 1249 261 662 654 1219 1462 1218 1230 1045 
977 1546 799 1372 271 1584 1520 646 1194 834 1380 
636 891 855 1236 526 792 675 965 476 1064 730 
455 378 929 955 751 1387 1509 831 724 933 902 
1015 1415 1679 1498 708 1073 1437 1667 1514 463 1413 
1732 731 938 1136 1788 812 901 1524 927 853 474 
932 999 1229 965 620 1609 546 1084 1371 788 494 
596 392 1363 255 655 1154 1245 959 557 985 872 
1142 1613 716 607 510 1239 936 1922 1613 1261 1468 
956 859 1711 830 1458 1087 1000 902 1272 853 961 
875 1129 1810 1683 736 59 1601 1200 133 1052 1704 
1870 799 487 1442 1095 963 1453 376 1028 1346 1325 
