1564 820 586 1288 1032 844 332 766 699 567 889 1475 1306 1333 1481 864 589 1522 896 1119 890 1609 1760 1103 1218 1373 655 1195 1003 1704 1667 1575 688 913 1243 182 1057 1653 1031 1072 499 1020 324 956 938 1060 748 1116 1028 1546 731 1318 928 651 831 1028 813 338 793 1799 1476 180 670 863 961 
568 1083 1230 898 1209 481 670 992 980 539 755 642 1745 1743 1860 1054 1437 1223 1399 1337 1900 881 935 946 945 1540 1226 669 987 1520 734 579 1400 213 1424 573 599 1188 770 210 1046 1205 941 889 930 1619 577 440 796 1535 476 224 628 1839 898 907 441 993 1414 419 693 437 1471 893 981 
1074 1450 793 1372 448 1100 1285 878 361 631 690 524 1704 1209 870 1459 1067 554 981 813 838 1572 1054 1422 326 834 944 1094 1229 495 1794 837 898 1168 341 1096 841 555 1606 599 281 1392 1350 1151 1640 1186 1654 1061 1529 281 731 1842 750 531 1254 952 861 272 348 792 109 1104 1039 448 570 
834 1672 1813 1471 861 540 390 333 633 457 1184 727 259 968 977 1151 1701 781 504 952 1375 594 1476 1063 1415 592 1687 1332 1051 538 1022 1375 1079 1465 1127 1272 841 1501 1295 891 1156 962 1493 1241 1273 537 974 642 1284 1143 1111 1158 731 1232 1178 990 947 410 1083 1071 836 685 1387 1257 1143 
146 1427 1324 469 1324 1652 754 1109 463 592 545 1451 885 1541 768 437 1502 701 584 131 717 549 857 859 878 1693 1113 1343 1742 903 1192 927 804 970 530 879 671 1022 834 975 794 1134 1734 823 990 1269 706 1229 417 304 181 350 299 1118 1461 625 462 629 1060 1882 349 855 655 856 571 
1123 1479 114 1290 991 775 1365 1086 1021 911 1179 865 406 1318 1536 530 1224 1459 922 957 1869 416 205 1298 1012 978 1250 759 1568 851 616 1251 1033 512 1198 1013 770 1165 1445 1207 1867 1010 783 1375 821 1450 1128 666 667 269 1040 1770 373 1027 757 752 1117 1075 1496 597 94 1332 697 690 1309 
1017 410 604 1306 1356 843 1575 798 496 1565 651 609 1246 990 1174 603 940 1276 1330 1231 1467 1021 929 1752 1145 1023 423 1176 855 1000 1413 558 1202 1092 1109 817 1077 214 1144 1479 1419 483 1251 1052 1290 364 244 992 149 507 649 1157 1116 675 658 1553 1292 1835 784 1248 546 1106 1210 710 338 
1162 585 429 706 1525 1959 1055 1558 475 1399 1414 606 1187 303 1044 458 1139 1819 1508 1613 1612 1213 1343 713 1560 681 790 1008 1270 717 1038 1112 605 1055 1285 821 1688 1334 1130 1828 1470 1199 943 1122 601 961 1540 1099 1320 1602 1276 668 944 1046 707 719 813 487 812 1170 742 390 1326 714 1204 
414 969 963 1490 566 125 651 1765 1425 417 1764 1580 1097 1674 265 1154 496 697 1892 1323 1635 1032 531 784 938 1318 1625 1283 1123 1766 960 645 973 899 957 1326 1106 1332 752 1191 1226 1695 1176 1764 418 282 721 158 1692 1165 1468 839 938 1187 870 1416 1094 359 1528 546 1059 1082 1311 1686 1092 
1115 1579 922 973 1402 1069 862 1053 1443 1289 1440 1597 869 899 1493 1519 889 557 998 1159 1371 1379 821 831 167 444 732 618 1310 1662 240 933 660 1568 1750 441 1728 974 449 727 1419 1162 1370 788 791 512 813 1197 1264 1250 1176 894 995 1097 731 746 1503 298 675 859 1006 393 352 1179 921 
714 1422 1009 866 989 506 1348 1272 1164 570 250 176 1397 588 1039 718 704 1157 918 1116 1190 825 849 1316 1745 961 1357 1375 876 1360 700 1232 694 1138 657 995 477 1230 428 954 1180 1212 821 1200 627 408 559 399 1366 1333 1029 683 857 384 377 1028 1438 838 1012 1012 498 878 500 533 1452 
813 1880 481 1801 1308 1723 987 1622 513 864 1519 1459 685 745 1750 1220 745 1042 1161 1309 1719 1164 1619 1527 990 1457 562 1077 1076 1048 965 1406 1334 1666 467 1149 1097 1513 689 1352 622 334 1149 949 1079 511 1520 982 1543 1828 1735 875 1509 1227 244 1520 1087 1136 915 1458 585 555 776 911 1275 
1429 1625 1565 309 1006 1046 1560 1360 896 935 780 1513 784 1149 1093 1379 1069 888 1171 1217 1131 481 909 949 562 715 1687 1003 782 1543 1139 859 1116 806 450 1283 1098 374 1019 1553 569 1159 1368 1374 543 448 1850 1087 94 1282 796 1031 251 1157 674 561 722 1624 562 344 1292 699 753 1188 823 
1121 1220 446 901 641 1196 573 869 477 654 1322 774 1150 1276 1191 907 841 1313 308 760 409 1427 1360 1120 1259 990 1494 1057 799 1039 876 1348 1553 1220 921 1251 909 399 570 1866 1056 1603 1079 1542 553 1452 1305 1227 1297 1419 657 898 1277 950 811 724 1064 966 1353 1144 1034 712 1159 750 227 
506 1255 952 1759 872 1376 1464 1408 1069 826 1197 109 1160 1564 1516 1154 825 1159 238 1486 668 1164 648 1533 797 1412 963 656 662 1771 1920 972 844 907 161 1648 1173 1547 46 1057 1443 766 748 1175 1202 979 1398 765 1285 1164 1180 400 724 1229 850 1244 662 1427 717 1015 939 1496 601 1687 1198 
1051 1194 647 809 979 829 431 1297 1427 888 761 683 662 667 1017 1524 374 1258 818 1572 1543 1192 859 1324 952 1309 520 1363 970 589 1541 856 1011 910 1567 1160 925 1264 294 985 722 941 838 1088 714 450 1197 989 596 755 695 1139 814 1053 1558 816 1111 1673 577 1018 1456 546 1111 942 814 
618 1741 1195 1440 1259 801 985 1404 342 841 1003 805 745 1175 1439 554 795 1140 1095 1306 600 1734 1022 987 382 1022 597 1081 1321 588 829 347 1796 1451 975 1167 1224 623 1152 949 1838 845 846 1432 1067 1383 941 251 865 1200 893 1072 589 404 1167 630 868 860 663 602 1228 1210 928 997 1518 
825 1312 713 1502 1860 1132 1064 1052 896 855 763 1148 1532 1545 1034 1078 1132 989 603 782 700 860 1085 1787 1194 1682 291 350 634 825 811 789 909 1489 980 1464 725 1238 808 978 400 1671 1628 1109 1667 549 1787 1005 692 781 903 451 749 1014 148 996 1196 466 840 1822 921 1187 1033 452 1644 
1155 925 236 1404 1503 1822 753 277 1215 916 692 796 1547 1420 1126 1314 1272 1380 898 500 1142 1214 1247 425 348 947 770 425 1210 180 1129 1644 986 444 1305 992 851 563 1385 1716 737 1560 828 689 580 544 1805 485 1056 787 899 927 1194 1243 1158 766 1870 461 1578 80 939 392 1166 815 913 
1399 1019 992 1087 1430 946 1610 880 857 1322 486 415 671 1176 520 604 1094 1148 865 829 1176 582 858 1229 959 1266 850 1336 970 1719 652 1439 1090 1449 637 909 813 1221 712 708 824 908 1246 1200 662 658 1626 775 585 1123 1541 819 247 1542 1410 833 1030 1268 1115 1059 1154 1075 1426 1147 1433 
1204 675 1347 890 1555 855 1590 822 1024 873 977 1333 1515 1341 433 1014 1240 1164 995 515 716 187 625 1252 1653 552 1587 1167 1202 1248 691 1666 1306 643 1151 1070 936 1109 939 1170 888 845 1429 1289 1252 668 1513 929 1718 1325 189 1363 682 1087 371 732 1257 572 1878 932 699 1137 1409 745 1120 
483 1412 1086 363 531 768 1627 1556 359 1302 926 1402 1838 887 1517 509 999 703 1569 1133 1051 641 1820 1250 1117 670 1287 317 978 1001 867 1259 288 1583 1287 822 604 1568 1331 894 494 1196 1514 1122 213 1216 1314 1833 1103 1197 995 1087 1727 1221 614 1614 739 619 591 549 297 588 1841 644 1001 
576 216 1347 632 1021 881 1193 1265 1332 1169 348 1844 678 1153 994 1397 737 1398 1433 1014 1707 1052 1378 1789 1004 765 719 1625 906 1352 511 844 512 1497 1506 351 823 556 996 1468 342 439 945 732 422 841 665 594 1367 1278 974 659 1053 1660 1100 767 392 1354 1266 946 804 881 1422 473 514 
975 1362 1661 1448 823 1286 983 1018 138 1062 520 738 616 905 1460 457 913 992 1923 902 942 1352 593 814 1237 706 230 854 939 754 513 848 1459 975 1853 1899 701 1783 1544 1275 1069 834 1786 1372 882 244 1645 1029 520 840 1018 839 851 1107 994 753 1039 1508 332 1027 974 1273 1329 1315 1026 
923 1292 1617 1420 1419 1502 1193 1532 1470 856 1691 142 814 517 1354 896 636 689 992 647 1112 707 1768 963 299 1149 780 1167 710 861 971 856 1267 877 450 786 1329 467 1117 644 572 621 232 475 996 1729 1057 593 1092 219 576 321 407 770 1392 1659 1155 1038 1296 889 876 964 1897 976 1664 
816 1532 1354 455 1007 863 970 1655 789 550 1187 806 775 490 653 844 908 1374 494 1195 1007 1376 606 1004 1392 1330 1002 1294 523 1196 647 1379 1712 1580 1006 860 888 948 935 776 968 1771 937 1055 1309 1254 1197 948 964 1007 641 540 514 492 850 1821 668 1304 1186 978 1210 851 791 1820 1283 
622 1295 487 1828 569 1122 1503 847 1124 1618 1029 937 1110 667 636 430 1627 838 752 1208 1551 1570 1209 885 1429 1381 1302 1261 1678 738 1390 731 1687 995 474 1123 914 1362 663 336 488 1105 1511 981 1633 549 273 1557 1172 879 730 1168 647 601 1552 1372 748 1538 1409 1315 1655 1152 773 780 392 
484 295 1097 1184 516 396 752 1159 1614 1168 802 1544 347 1017 1640 1072 1345 136 1064 1166 1491 1775 1425 557 1042 1553 1227 1281 1070 664 259 1316 589 1367 1692 780 589 1423 522 1015 1036 1073 864 706 1108 1135 1430 483 1116 414 1211 962 928 1053 1331 1333 647 1386 1053 1579 565 367 941 1219 1132 
309 810 1617 1293 969 1365 1113 631 795 1151 752 1061 810 812 1121 907 1183 1485 485 1033 979 397 1373 800 1521 1018 1003 1380 988 1068 751 967 1362 317 1456 1177 617 1286 1368 468 622 903 673 447 1215 1100 1062 940 1378 1795 1512 1062 1157 1859 947 1132 397 1067 1160 538 759 1470 1083 1520 305 
1533 1209 1270 628 859 437 855 1485 1110 614 1331 591 1067 1148 1031 335 881 1050 1603 1531 363 725 1336 826 1634 834 588 115 813 870 1129 1195 1448 696 844 1074 692 914 1731 815 741 1514 1285 1140 1278 1396 710 926 1648 1082 1008 607 921 1151 1813 704 1642 89 1523 445 1108 1389 419 1113 972 
1474 529 971 830 583 558 1420 1186 630 616 557 1354 503 1203 1078 1468 277 832 624 1075 703 1170 558 1083 1552 1044 1845 852 1077 926 390 1048 1473 400 1245 461 1148 153 289 447 1531 1797 472 1067 904 411 1413 1547 1646 890 727 1595 1210 1114 1054 1123 797 1572 868 1248 1073 1449 1525 1117 1085 
1036 965 1315 1289 1057 1184 1681 953 1075 1025 898 981 1248 936 1469 947 842 935 1292 1108 569 1208 912 865 211 439 608 920 718 900 1710 1345 370 1796 852 1219 610 1305 1613 1565 984 777 960 889 1581 801 880 708 1105 253 1154 1003 916 1144 936 1852 1136 1243 1373 1113 1223 1645 1095 1249 674 
1070 592 1325 854 1346 1270 1567 946 1091 796 1100 1160 791 287 725 984 881 1390 494 657 1005 1334 859 1364 1346 1362 1102 636 837 435 522 893 131 1920 1397 1382 1581 1483 674 1339 1086 1196 871 1776 518 1160 862 1176 478 1149 807 1463 556 1162 836 757 613 1081 937 948 1341 1585 1102 787 809 
1447 1135 559 630 1138 683 837 1294 1657 982 1429 1046 1085 976 913 358 1163 857 813 730 1386 864 1283 553 1539 285 650 767 921 668 1095 1444 1393 1520 745 1810 586 450 720 707 1322 1084 368 1330 998 1154 1004 1565 1589 1297 843 1381 753 1469 209 1317 1639 889 954 965 975 1122 822 1687 1206 
554 1238 1147 1500 1133 1103 1194 858 1782 1456 1164 590 598 600 673 1623 780 267 1381 1184 1002 570 998 1269 826 765 1183 932 1009 671 1253 820 535 1228 232 1611 1535 558 936 1385 878 616 1018 1257 781 1637 1262 934 1156 1128 1459 587 655 1466 1421 1207 455 1103 731 680 750 1174 1578 1729 659 
1458 228 1640 1338 1318 680 1273 892 1594 1031 1616 1040 904 1004 1028 577 838 1111 638 790 1480 1049 772 1144 555 887 320 947 803 1542 611 407 1328 507 1434 1377 779 1142 118 758 847 1148 392 1129 1343 1318 849 397 1289 1368 919 981 246 1033 457 1637 1685 1427 1755 1632 880 1089 756 1288 1442 
1530 629 472 253 731 983 505 581 960 1190 1485 1147 1629 1130 584 1202 1615 1410 1136 984 1345 535 1010 162 925 769 695 1653 990 577 938 1239 658 1336 1110 1044 921 920 1893 511 1110 1031 1026 438 1120 684 836 392 568 522 1212 522 1314 1638 697 1500 1005 592 843 1816 960 1250 258 1239 802 
684 465 1727 763 687 1402 480 511 1069 989 842 1107 1349 644 823 43 1425 971 1590 963 1404 353 1790 1476 139 1095 1604 977 1222 1459 870 496 1311 946 1094 503 688 943 1005 475 967 1719 527 1063 916 840 588 1123 1694 913 1521 764 810 1579 1173 700 1604 486 932 467 1061 1731 1099 1013 1908 
1522 1240 375 1474 919 567 1073 1184 452 1010 773 1416 1295 1621 1865 948 613 1111 1231 1629 1295 509 1141 719 519 685 1611 372 1238 1148 1392 944 1091 737 625 466 827 330 967 1360 1093 843 1570 723 454 637 1098 1017 1612 1526 1110 1489 1865 806 1727 625 1116 1692 1766 1060 377 1459 1218 350 888 
1170 318 1085 1728 997 619 775 1555 1255 477 902 800 583 330 1194 833 319 592 1445 647 1635 1331 1484 477 1041 605 825 360 456 1502 639 1702 1311 1095 926 959 1104 777 1156 842 617 1334 667 1011 1307 1014 673 1477 1207 159 707 1129 1491 790 1791 565 1690 1042 715 1022 1112 1404 601 1600 926 
1390 1142 1202 583 887 271 224 1331 901 862 1790 63 1260 293 993 1335 1523 1305 905 653 565 616 806 662 896 924 978 1190 927 1563 952 895 690 1300 502 1028 1341 1100 1404 470 227 985 388 727 502 1730 134 429 1148 1125 587 1024 500 1457 1044 580 692 1345 1222 259 1129 401 981 1052 1630 
1338 1114 1721 1048 957 306 421 728 1368 386 1512 382 937 659 1483 554 736 294 651 1089 1352 1680 1034 322 820 1243 1367 417 889 818 547 1110 1069 817 1182 253 1303 1358 1462 505 621 308 1144 1082 1558 705 1660 1252 983 682 1562 1343 321 486 1650 1383 768 858 1142 858 1057 1361 939 1266 381 
239 1429 1224 382 1029 931 893 1675 625 1080 1209 1450 552 777 853 601 1755 156 1140 1163 889 1638 1079 1093 639 745 1052 513 1484 1078 1006 1521 1593 609 1294 1721 981 344 961 1670 1564 1440 1457 448 1206 1453 422 1833 1068 269 910 320 724 1680 386 1590 675 1000 1109 1063 387 1056 1657 678 1155 
990 855 793 1333 564 852 88 1173 1498 667 672 1399 1225 922 1322 1179 490 1717 808 844 821 725 1259 1680 745 768 652 1186 1316 1028 1552 1507 888 638 1410 1399 1309 142 1455 1724 1635 1013 1300 784 378 806 1338 1641 1064 1398 951 848 1467 1102 794 766 1539 424 521 909 483 996 1178 767 1133 
1264 498 696 787 1386 515 1240 861 1234 397 1006 1615 1066 1344 872 548 1707 159 1506 628 1469 660 1133 1017 1413 899 1523 998 986 1909 915 858 899 770 1491 1164 1330 1637 1396 602 822 1051 1705 1156 710 1163 437 1527 881 712 1110 1557 910 814 931 1697 1309 1328 703 1266 977 920 365 1558 569 
683 1669 529 1215 512 1276 890 727 775 1815 1005 1021 1124 370 932 619 896 714 1133 1037 848 1542 347 1239 922 750 254 1428 1319 858 627 785 804 249 1957 629 1197 846 771 1677 1636 1161 1418 327 1114 1489 1325 1087 381 1089 1438 1107 587 441 545 447 540 985 617 1277 1014 643 1445 798 1062 
1168 1654 911 1209 980 367 575 727 1042 1197 349 1575 625 975 1305 976 1440 1009 1202 1042 1167 357 1066 559 998 922 939 1177 1302 826 1175 1009 1217 348 1076 856 1312 1183 1469 951 1008 855 1488 1400 1619 673 948 1280 558 1888 755 881 1375 247 984 1021 1770 1087 1295 954 825 1419 1355 1258 182 
1206 1163 1212 847 869 756 806 393 859 1111 1807 1013 1334 472 904 439 1142 1253 1102 1152 442 983 1422 1265 1018 919 1224 537 516 933 1022 1157 577 978 468 953 776 1800 339 1164 800 544 1662 1684 798 497 435 1114 740 473 722 1447 1576 1006 506 506 1137 1598 735 1008 826 1511 842 973 795 
1069 1058 168 1277 1239 1414 611 967 1070 1498 1497 1122 285 1184 992 1298 961 912 1256 751 1463 654 700 229 1379 920 263 514 941 1384 1073 1403 705 1512 743 1206 1053 1267 36 1739 1004 975 938 746 1841 689 1781 1233 1176 752 1183 1058 1373 923 1125 734 1324 1458 1009 1686 1089 1973 1394 814 421 
1150 388 1233 1492 686 281 1396 935 941 1401 1181 367 525 432 1254 1023 1436 658 1382 1115 472 1236 1313 711 1205 1354 1223 1063 1029 894 529 655 967 988 662 657 1780 925 619 1694 832 1816 533 1142 732 1103 883 1295 1063 1642 1068 1006 1369 1315 1056 1389 1189 1119 1562 972 1315 661 1035 780 840 
1400 811 917 818 1030 989 364 915 286 971 1449 311 625 1078 212 1390 375 259 1785 1498 1501 599 517 782 1115 788 815 1084 403 330 621 846 1107 1491 205 1133 1232 996 826 1064 1280 935 774 1507 865 725 741 1409 1117 795 457 1015 1539 967 1307 1361 686 959 786 1215 1040 968 1528 950 1306 
1421 865 721 987 1703 1625 1407 1347 681 1115 1111 567 1925 1048 836 1133 892 738 730 1071 1963 955 505 1350 1628 782 849 1078 882 1189 810 502 305 792 956 214 662 982 753 681 1050 1341 1226 1086 1199 1122 868 753 862 1059 181 913 747 1201 1222 1755 944 310 701 855 1735 1008 853 668 1356 
1008 1462 1814 1143 902 1537 783 1100 1314 708 1008 1299 1675 952 1173 1254 1378 1557 1543 897 1123 246 507 1622 1145 967 1570 1718 1043 1187 198 1037 1610 535 654 352 476 492 722 612 704 705 318 324 1663 477 259 1056 1587 500 1133 1372 998 1178 803 594 1345 1151 522 956 765 1560 293 1559 872 
1207 1296 596 1862 1293 980 178 1103 301 887 261 1022 1034 1747 1222 803 832 1274 688 1372 761 1418 1577 828 1793 703 204 1011 542 1096 715 1068 1455 537 737 1352 1222 877 1061 725 721 921 710 1007 1069 300 719 1544 1087 387 676 835 994 1343 993 1612 1077 887 1058 951 971 1059 866 516 1541 
