1447 1650 616 1485 1217 741 1221 1006 1470 1257 898 355 1654 1180 1591 1353 917 1199 519 523 1425 1452 1256 1608 1175 1057 303 557 1247 709 936 875 1721 650 694 1461 653 1585 1327 1250 783 988 197 924 645 978 978 1002 516 1521 1381 856 570 1405 399 510 1316 926 832 1376 186 1427 723 
264 1448 700 1177 1233 1345 956 308 729 1587 407 1230 1102 1290 225 1190 1616 965 391 1081 956 217 734 805 592 1231 1636 648 399 1540 1051 1197 1343 1755 1035 571 1577 968 1067 600 398 1047 504 713 860 1116 1257 477 431 1538 1477 1091 942 58 872 1509 1316 1787 179 1373 954 1282 134 
859 1072 1264 1816 141 1425 1160 596 307 873 981 1169 1667 1094 1457 1330 1544 1341 1739 1119 1673 1466 462 1555 986 640 913 898 1651 1609 552 1413 994 1085 957 971 1090 1143 1185 1493 625 934 776 299 1260 40 1069 1641 863 710 1445 1786 1327 1492 1364 1201 1286 409 1210 1121 412 702 1452 
1094 833 799 1540 1057 857 1111 449 1380 1163 1683 1051 1140 1114 908 680 870 914 1097 703 1216 1028 1272 1527 433 1053 533 1428 279 871 370 420 1116 434 1003 1037 1590 286 930 1200 280 1348 1733 186 1026 639 803 515 146 734 1498 1106 363 473 774 961 734 1655 1364 693 1026 1595 553 
431 913 522 464 481 1503 1416 471 831 377 427 594 1241 1333 985 1074 921 1202 1097 1498 1330 1581 207 1005 654 1569 403 1386 978 526 1067 362 599 802 1497 617 955 583 1417 1668 911 1012 975 1456 1068 504 1365 722 246 1388 1533 1157 1053 781 1128 1140 1511 1589 483 927 865 967 386 
1107 1794 1085 1169 1383 1109 633 1304 706 666 1116 1145 1175 653 865 897 805 1392 1078 350 879 1080 1296 763 822 558 783 1522 1049 698 684 1530 503 1335 1216 944 1985 1199 1698 711 923 1444 644 351 947 797 1268 846 1224 115 1427 738 1109 428 759 1446 1456 512 1948 1019 1017 1440 623 
831 1110 1572 1247 1408 197 1202 737 1518 672 973 1078 1585 616 1797 1027 1480 876 313 1314 1744 544 1364 1140 187 1388 693 314 975 636 1031 1021 1528 1668 1078 758 474 650 607 1053 922 499 561 308 634 1355 1289 970 1425 989 691 595 607 993 1594 297 912 211 1476 1598 931 1393 479 
1041 525 805 952 1001 662 290 701 1004 977 1236 834 1412 1148 826 1291 1454 175 1417 1294 585 596 1439 1034 1044 1325 661 914 1346 1318 1241 1942 836 1772 1125 1244 1086 720 770 871 758 831 721 879 812 1842 1387 984 1192 951 931 1037 88 1032 874 765 1697 402 1284 772 858 884 442 
386 1338 1193 1076 851 761 651 1041 573 911 279 1079 401 1198 954 1601 784 711 582 867 1162 477 1148 1210 504 1564 1133 1501 1162 966 1004 1237 915 1199 1713 1331 554 1237 877 455 425 1524 1703 1427 1308 810 306 998 1374 484 995 761 904 213 1145 1332 1198 899 596 269 800 952 982 
601 1462 1488 1184 1218 706 750 533 1405 634 1721 1255 123 261 1356 1463 1660 1223 454 517 705 1022 1655 590 1404 1544 993 980 72 1015 1891 980 545 740 1228 938 753 627 797 914 1743 1428 1172 1616 786 1259 1153 1614 1172 1163 1745 959 936 799 1344 930 970 1452 975 741 1265 1256 608 
470 1075 622 897 1348 323 846 1167 552 930 1201 53 373 1345 396 1035 195 1418 1093 526 1140 753 1019 943 1217 1901 1325 1577 1105 1563 1200 729 983 1677 653 757 510 772 1036 1486 1110 189 1092 320 1398 1210 1323 921 1478 513 1388 1208 1640 1605 1194 593 401 1354 911 412 331 1074 1153 
1324 1586 1383 1295 1390 373 855 1410 820 967 950 1343 1030 748 890 1485 1814 582 981 491 760 905 887 1159 1713 875 495 1179 395 790 983 1634 514 1260 1005 1033 1257 1497 391 648 291 1527 144 1477 716 1377 1329 1190 964 763 340 1636 318 607 816 282 641 729 1454 201 1516 994 618 
1410 1657 954 332 447 757 422 660 845 1280 1609 444 981 1067 977 1438 990 1232 1103 615 1097 403 954 1599 1436 839 961 1388 1103 315 879 1278 1070 1109 1229 939 716 891 1734 163 390 1001 1243 423 1466 1331 1544 845 954 139 638 646 521 834 83 1887 354 735 1082 1523 1380 1616 1338 
1671 948 1112 977 1207 946 984 939 749 1437 1057 873 793 1316 1820 606 1362 327 1796 978 1152 860 643 836 776 1532 1577 392 1827 1157 1365 163 1558 400 355 1552 369 1324 577 606 627 1031 1045 780 1293 1172 1104 1130 1041 518 573 1228 1122 1465 721 908 1566 371 1103 882 1153 1274 1088 
1622 1579 1244 481 1038 323 433 892 1251 969 1159 677 1029 1018 445 767 1020 1008 372 690 1544 1664 1943 862 1865 274 592 1398 989 876 532 1032 898 688 451 1076 1290 1008 1255 708 1814 1505 1166 1134 670 1540 1061 1644 1374 1304 1885 1407 1216 828 729 926 1183 508 554 522 828 1061 903 
643 670 374 611 1104 1362 1412 906 112 1831 499 1157 750 1459 829 1021 1516 822 276 895 1711 507 973 224 622 957 1668 652 1000 785 894 1015 1628 1065 1813 121 1235 998 1084 1107 1089 660 1046 1103 888 1808 660 1292 586 1057 1760 1608 928 1841 638 1434 1085 909 846 441 909 1491 1171 
194 789 519 930 1247 1142 822 1443 747 1350 901 749 796 1278 746 720 1383 1586 1085 879 1139 496 1279 1077 1061 1319 1342 698 847 889 1869 366 227 780 288 1538 1593 1886 1806 1577 1535 1140 1191 1200 644 495 426 669 562 272 1729 847 1717 847 958 1703 944 1239 1942 1495 610 1362 1218 
1128 1258 725 1347 618 988 966 823 1164 1131 234 660 804 557 1153 1257 702 1143 1027 144 1379 1621 827 1443 1399 294 766 889 378 899 835 527 1258 1053 1150 1115 974 1111 1276 1902 993 782 968 561 389 661 1131 274 762 1510 1382 1237 1089 1411 943 1015 1324 502 1212 1179 591 883 805 
279 613 1370 716 1969 954 951 1316 1318 1017 846 942 646 1578 326 1107 713 609 388 264 948 437 1229 937 791 1254 946 551 471 974 1029 1655 1432 321 951 919 1514 899 1188 972 1161 1008 1365 1298 1392 1386 584 1235 606 1174 920 702 1211 407 783 453 641 663 966 1266 1073 893 1346 
825 1272 454 1036 931 927 428 1061 751 627 668 832 1077 1163 1283 52 1029 788 557 1514 1240 674 796 558 475 1272 1569 968 1261 318 1101 1087 1262 1361 789 1691 612 1119 1332 1532 443 815 1100 1249 548 920 884 381 974 855 1248 510 752 1362 1485 566 1027 627 1319 480 1133 1403 1586 
1779 897 1417 1448 1720 759 924 1258 441 1891 1688 628 257 795 1498 666 1441 782 1765 1131 1029 577 1085 1431 1486 293 812 342 695 403 1289 1598 1135 1136 1265 1071 1201 377 1029 1681 1618 1034 1048 1452 748 1016 792 1056 1350 1352 563 1314 555 905 1774 1164 1072 644 1095 346 1649 1687 791 
421 447 808 1473 1000 922 1115 1667 444 1120 915 1351 1111 989 882 965 1368 291 354 898 1267 795 687 924 456 1340 1624 830 679 478 1232 1060 761 929 761 1300 757 1290 1034 155 1076 373 1301 1395 949 1500 299 1006 1644 1113 560 1635 1401 947 852 251 1416 1086 1475 630 865 1244 622 
1319 1565 444 924 880 1460 1495 1151 1411 912 746 1270 1664 1074 1151 1518 963 1252 1029 704 1182 969 1029 1281 1680 393 1462 621 942 1045 1216 1385 1048 1234 1593 834 208 737 1226 1314 1744 720 1614 1293 570 1302 710 1304 1749 1212 233 962 1429 674 1223 1337 352 1055 707 776 1333 914 1421 
1963 145 1400 759 1463 670 560 507 1150 531 1281 1020 845 1653 1788 1892 607 930 382 1882 1722 630 1482 1177 474 328 596 1815 105 874 553 1447 690 517 1603 725 627 1064 1304 1103 1412 583 945 442 1023 1151 1022 474 1193 570 1346 574 794 454 1903 457 229 810 1150 1425 919 1142 1205 
656 1114 1667 1568 1209 1044 1039 1299 737 694 1295 1366 785 1063 1602 360 1095 1437 352 1539 1670 257 952 977 1092 798 909 235 1114 1128 1471 826 821 1150 868 1435 1046 1288 818 747 1192 480 1052 1059 816 1601 1913 1340 1111 401 941 1166 410 1299 1128 1481 829 1119 1558 927 1713 1261 535 
1036 1808 823 1451 351 1473 1100 853 1143 1311 408 448 718 1359 894 1226 395 1530 810 833 696 489 700 550 871 1366 957 1180 425 1294 298 1124 1655 1089 1077 1036 1482 485 1426 839 537 1837 548 941 1228 1482 195 1286 754 1188 819 400 663 797 1213 1141 1503 877 1640 1085 1146 1317 1137 
743 1327 896 313 659 797 414 1673 655 1237 758 789 1339 1031 938 1306 1089 421 994 1497 378 1561 1014 883 632 1070 1529 1659 845 1064 1381 1090 1550 941 407 588 1042 785 902 668 1315 181 1573 1056 499 351 914 1463 398 768 856 505 1078 1461 922 1753 429 1575 1054 1859 1445 921 845 
1324 568 1666 1531 1722 670 912 1730 951 389 700 1041 1387 1207 723 1594 928 1167 960 515 300 965 1659 871 352 740 419 227 802 1260 922 508 771 1323 893 498 1256 429 1614 1041 1097 772 1254 1189 1535 312 297 175 975 1179 584 1308 527 1506 1137 1776 1577 471 303 1534 500 830 842 
1633 634 1189 756 1623 663 846 1163 940 362 1277 530 527 1773 439 1326 1993 525 1020 663 1085 1029 1471 1106 1150 1252 1504 1503 1311 1661 1739 742 736 624 1260 230 1738 1562 1839 634 775 822 1514 835 1194 1148 470 1074 227 742 1208 1550 1397 343 1584 1064 1162 1607 1308 1040 720 1559 1361 
1577 101 721 1041 844 834 1158 1425 1263 741 1097 1157 1942 381 918 766 1383 789 922 1133 408 1329 405 1081 920 1658 603 1137 1278 1492 998 940 712 641 469 1478 699 904 753 1086 1082 1014 1339 1038 582 595 923 471 1189 613 430 1120 175 937 499 1653 1259 1186 893 1010 1778 1784 942 
320 569 815 521 914 1270 1495 1782 1697 900 1387 265 987 1041 1958 1335 610 742 482 741 1248 1022 1777 965 1451 1642 1286 1263 1383 1305 1054 1373 1581 762 735 1027 887 83 1073 635 1342 678 1104 477 1089 1960 885 1763 1495 1355 1059 685 1368 559 1145 1049 637 1725 1050 667 1077 794 818 
748 410 751 1030 645 483 1165 797 1585 791 216 997 446 1148 827 584 37 654 1607 494 1579 1058 1027 428 1051 1114 793 1699 970 1360 1038 689 1129 1943 912 1149 790 1325 847 1614 485 1104 1114 883 995 573 1173 886 845 1480 1371 1080 1052 1686 683 1423 1192 927 920 1653 963 1509 673 
1717 1254 379 1191 534 1679 1093 729 1481 566 1182 726 1558 1500 653 1140 510 1182 1265 1825 396 1567 861 1320 210 1214 1034 1184 1292 772 1711 1296 756 1288 826 637 956 488 971 1433 1425 1777 1691 1353 607 897 511 907 863 1572 1028 469 644 840 909 1118 509 1402 1040 586 1542 1534 1198 
53 453 1075 1143 824 769 1319 1322 185 1873 774 516 450 286 154 1590 1027 1647 804 795 918 790 1183 283 313 1298 567 1032 745 1301 1438 1560 1356 771 1059 990 634 1208 854 109 448 1625 1758 576 201 665 1024 1819 1233 1598 1119 1229 1723 1462 891 954 1505 1752 1162 657 1137 1266 382 
616 1401 488 285 626 921 1479 1031 1081 962 1213 471 1843 1663 1664 613 1623 1278 1275 620 1602 480 834 949 793 1152 1019 639 1558 1512 1517 1812 1252 798 1403 1520 524 1490 1126 1101 876 1357 341 1294 1625 682 1418 778 1184 688 1172 184 1402 1426 866 807 512 1365 841 549 1085 1042 804 
1098 753 220 1135 1142 233 256 915 1545 803 847 1284 1174 876 1333 1187 473 1127 910 1064 938 1345 328 1214 1019 1099 1911 324 815 776 525 1540 1342 1000 942 1040 1096 1205 1290 1903 1253 1241 738 1373 686 1662 804 1161 1001 1436 902 301 291 649 257 1866 1176 1086 1634 1548 1427 453 920 
1012 1485 985 996 373 1247 786 853 1434 750 898 249 1160 1219 433 922 1680 869 716 1668 1132 1104 927 1123 472 1351 391 875 1004 1161 712 1122 608 1126 983 1021 901 942 1075 1916 589 1376 1270 1245 991 1074 1139 875 625 1147 602 1568 1174 1321 1544 653 710 1251 1291 836 1436 1154 1031 
266 1096 986 1257 1245 1230 902 1138 1387 1522 911 529 1258 502 1186 968 1179 732 1887 1502 729 1288 394 838 631 1450 964 1595 935 526 764 1163 1081 1025 1641 1864 1249 1512 1191 1135 423 823 1580 1467 566 458 1077 408 1000 539 732 1338 850 1376 1437 963 839 812 960 398 1084 1491 1238 
993 258 1198 574 1360 1012 1395 735 973 957 838 1518 1289 1356 652 1065 873 1282 827 1441 1103 302 1269 871 1681 1368 772 1431 949 1183 1063 1516 1422 70 1329 761 872 471 1804 1320 1556 1018 1093 1535 1321 314 1435 823 83 596 801 1465 607 1620 1673 605 1292 367 1252 1218 771 814 247 
830 1562 635 1606 1396 1462 650 532 479 527 797 701 1103 1229 758 1596 535 969 716 1190 1380 1179 1233 809 1698 1553 1666 1557 1322 233 1496 532 568 932 1178 1006 1660 1330 760 1468 920 1371 1216 1847 1241 1259 1342 739 1300 939 765 1188 1223 1482 1756 1092 435 856 1321 840 1090 1592 760 
1211 540 987 1720 569 1562 767 891 355 1757 1019 886 964 1888 1806 1781 1403 1428 369 923 734 1154 1288 530 726 1380 1133 736 271 1082 1334 1333 1260 1221 1166 542 451 1284 1329 1236 593 1647 655 520 832 915 1467 1211 1255 583 1756 997 999 553 909 664 1653 961 558 1547 363 865 657 
997 939 247 790 1389 627 776 1805 654 929 569 1185 911 1692 849 1378 1591 1550 1084 843 1776 1992 1645 1227 1158 360 939 947 643 1180 1765 1176 1376 1023 1247 1847 897 965 1480 1304 933 541 1359 916 698 961 851 664 1579 1133 981 539 452 1212 459 1254 995 849 1447 1326 493 381 741 
1292 1014 425 881 439 1106 745 757 674 358 210 524 733 898 1136 865 379 1039 1291 1121 931 919 1455 1806 468 740 1697 1278 1825 1765 1134 1055 479 787 1765 1555 1197 1588 636 638 1386 768 705 426 527 1032 1359 1053 650 385 819 746 772 1667 1038 887 1411 531 869 1141 651 718 1260 
664 1294 1089 1079 801 922 613 676 476 1028 1367 386 1194 1234 403 552 875 1338 1044 1455 327 1660 522 632 1312 829 1019 1469 321 1309 893 1087 877 290 1611 1502 1061 850 216 572 386 484 1079 909 952 973 1501 607 915 1049 1361 1442 1215 944 600 1158 668 780 1335 1122 1071 1383 1683 
1547 1328 764 690 756 1372 276 1481 867 726 1000 930 1046 1335 1183 265 1428 1194 569 874 1656 1128 1406 633 997 812 1903 1107 892 1343 445 1326 1273 1487 998 1116 1761 1596 1251 1567 951 1545 868 475 1312 701 1311 1610 589 1303 455 1212 15 1822 1206 134 722 1046 966 1021 1639 478 548 
463 1001 985 1060 1501 784 1456 926 488 150 834 1199 1284 241 752 1781 1044 1389 890 1026 729 665 1680 719 820 756 561 669 581 752 601 261 434 697 1119 1168 1618 1003 326 582 652 329 941 1354 641 802 1257 1734 760 443 1334 599 717 925 1103 1732 1432 928 856 537 1148 1310 1080 
735 1256 491 775 1450 1629 751 1271 1180 1552 146 1005 1225 1338 209 977 567 289 1497 1413 522 1142 1313 384 1387 1305 871 977 350 814 1293 1704 954 1295 1016 1095 864 835 1070 1276 674 658 724 516 1538 944 1504 412 662 501 1383 1009 1483 1064 1166 1623 514 932 843 1596 885 996 525 
652 1003 1051 158 1319 1239 530 1472 771 981 1233 1045 1048 1196 1376 883 683 1161 1539 1271 1465 1027 606 947 1405 1031 798 983 639 931 1308 54 1104 1172 1336 1211 913 391 1212 510 1122 1074 1319 248 533 553 1109 1352 1003 828 1265 1030 831 1192 1572 883 1094 1012 58 866 697 384 1289 
951 1186 944 586 946 954 1187 1796 665 1176 1402 715 1896 884 841 509 627 882 1077 1868 1539 894 879 922 719 883 1382 1043 1316 1481 637 734 344 582 1143 1055 1194 1150 1402 934 1517 877 83 1577 1332 1446 1272 1077 980 821 1817 1439 232 1528 952 691 1496 837 1667 861 1327 599 665 
808 829 1178 1364 1211 1224 1750 855 1258 1384 1330 454 818 1094 407 1303 1471 807 1720 25 823 1334 786 1264 962 1231 1364 1217 793 1200 210 1338 1242 704 1688 1103 406 1083 1723 1099 1270 1200 525 1243 1258 1961 968 852 796 767 721 957 565 1542 1462 824 1275 1032 694 858 1119 411 1344 
1232 977 1485 279 713 529 835 571 1404 871 1317 1355 1772 578 1224 1528 1678 1053 1425 1230 1376 630 1046 481 857 1241 1642 704 1262 893 1044 1209 1511 630 734 417 1597 301 1032 688 1325 772 1369 978 778 750 907 1079 526 1086 933 1167 769 1110 580 819 1192 1421 1124 1177 1657 1270 1534 
890 1121 1421 921 903 305 1127 847 556 832 394 1325 1144 1687 281 1592 493 43 869 1389 1337 347 1877 1080 1249 829 775 497 596 1815 1017 373 784 452 337 734 1399 54 1236 1035 787 1372 840 609 377 1211 587 1315 1061 317 295 795 325 943 793 826 868 1327 1694 483 1761 380 655 
954 1349 823 821 1120 1340 1353 1308 860 1589 891 1003 354 1420 915 1435 945 1243 982 814 892 914 953 1029 353 695 1765 1239 747 1541 622 1040 1800 1497 1011 1242 813 1431 1123 1037 1160 364 1744 699 1429 592 832 1552 1032 994 1457 965 1209 601 1142 1537 1379 1279 1232 1232 260 1142 422 
1263 895 493 1842 1764 982 475 695 1709 973 1428 855 1378 787 933 1016 1590 1859 1668 1393 890 558 1005 1547 283 1258 541 981 1894 252 1244 1013 695 1085 1158 1300 1145 1344 1150 628 409 813 329 1794 1157 1877 1724 50 1361 1295 1064 1620 925 1515 1043 527 1510 1075 1376 1074 1379 960 518 
656 946 1838 490 877 656 1028 277 1084 637 1287 1573 1784 1471 260 562 1482 1260 429 1399 1177 554 384 1187 523 329 1654 286 1080 680 1712 1082 472 589 983 871 1390 593 976 523 712 1054 548 1372 643 1451 1026 1326 1248 1210 402 673 614 824 481 485 1176 1315 818 1930 814 889 1243 
1785 825 844 828 1957 718 1213 1095 1813 1008 1100 1128 613 1351 748 881 867 572 1043 1633 937 568 722 1595 599 809 1240 1553 1281 1744 350 1163 1036 1211 516 601 1395 374 1125 987 1102 293 666 1558 1413 1327 443 609 1333 1404 904 704 557 605 121 750 1308 1069 1785 1517 1267 894 997 
1031 629 294 1284 1253 1111 917 954 1135 1216 1320 1141 715 1068 1106 913 1360 461 229 844 1860 1384 1289 509 1400 716 519 1264 1337 145 961 1081 1589 791 1255 952 1411 660 1088 404 1316 565 551 1363 1091 1215 809 1386 434 1800 892 755 513 703 903 576 952 925 1310 1418 1052 953 831 
840 347 1323 516 1261 1378 844 1145 1358 801 679 992 857 1003 31 1060 311 1942 902 461 932 888 421 724 992 1708 1816 657 1378 463 1009 893 1341 274 886 617 976 864 433 547 1140 480 540 1359 1540 1005 386 1426 1703 109 1158 1329 340 1305 744 485 1128 1776 1006 713 688 1816 1691 
490 1085 1681 969 1109 506 1763 274 855 1309 988 1453 789 1073 1135 1004 320 1061 462 1330 1815 613 1284 1281 938 689 776 1515 1688 310 359 1973 1198 1439 1038 987 1102 760 1462 923 808 667 858 866 1216 654 278 1638 838 948 954 890 1204 1233 770 1091 1139 891 633 1153 817 569 1357 
1695 1467 1340 1137 923 1548 1531 1064 1087 1301 789 955 1003 835 310 1112 230 1385 406 1513 280 1122 990 793 1178 1339 1510 1037 1080 886 980 1122 1141 1704 957 1048 1165 1062 934 809 255 710 1144 1709 477 795 1444 470 344 873 619 119 1224 1198 734 1040 392 322 1631 1037 1277 667 1493 
623 1050 905 1343 247 478 1433 1360 1154 996 997 1227 1071 922 1122 1727 774 552 1077 1308 728 1376 510 995 1546 1446 1418 1450 349 1049 1544 1071 772 1720 714 1717 1372 1238 1176 887 1578 473 1462 1533 1225 882 491 996 726 715 832 430 1108 1397 1060 934 985 1244 544 1022 665 1139 1033 
434 799 943 227 1299 1124 1692 955 996 555 956 1411 1005 445 1028 972 1344 881 101 1272 995 1046 1272 1453 564 1597 838 1131 709 701 1695 1830 264 1400 1152 1635 1407 1093 644 902 1307 1179 405 1115 1209 408 691 794 1577 681 608 1276 793 447 1359 460 926 1037 583 803 987 210 1745 
1569 828 1537 935 427 845 899 736 1395 1165 93 1456 995 848 971 702 1664 622 546 462 893 1028 1764 522 1919 784 906 1286 1375 761 331 225 1417 1197 311 1716 788 345 966 1162 988 525 1166 671 816 1262 1204 874 1306 70 1078 911 606 950 1196 1135 598 1387 754 508 906 881 981 
359 651 582 666 915 1055 1678 876 497 1108 1060 728 856 1110 732 481 904 1874 986 926 1143 664 1479 924 456 672 1219 1067 1478 649 575 762 588 318 1376 1234 1589 700 1201 1313 798 345 1529 542 1078 1334 1526 1538 1402 643 1003 933 834 1021 1140 1410 825 1361 1209 1036 623 1103 737 
1771 811 1392 761 872 287 774 740 1485 1444 1449 1253 844 1134 1631 1160 888 650 451 1398 1046 803 1185 778 805 646 397 1414 218 141 1031 1252 1702 1035 1245 738 1108 384 729 1376 428 892 686 1712 458 1125 963 1632 1221 643 1860 1222 1198 726 387 662 1120 846 1060 462 1410 1152 1295 
1028 1135 1231 265 691 421 926 631 376 973 968 1206 1089 1138 1358 755 520 384 1800 803 648 1554 1653 1268 795 951 840 1284 1474 1122 756 884 547 926 1292 1649 1366 1458 404 748 690 1309 968 924 1368 1472 722 948 834 941 606 1196 916 315 715 1514 666 1041 459 1048 942 1196 874 
1394 1404 1152 1148 587 1616 133 931 507 1341 969 1289 785 1472 855 876 1107 596 1257 677 767 1721 864 891 807 1000 527 1214 1791 1783 830 831 841 891 1296 923 1188 1218 881 1687 1144 1282 626 1654 772 997 1455 738 374 1632 1049 1106 1554 681 59 574 1082 1550 1187 924 1131 488 1018 
