852 289 1228 383 702 464 794 475 253 662 361 1162 1505 517 666 840 968 1211 1019 1062 490 1446 1459 334 647 1235 1085 436 1451 1358 1000 713 1185 1629 1429 1155 836 1933 1640 1396 402 688 1090 821 595 750 1203 179 958 1201 1029 1145 665 1629 650 1555 1303 429 
666 1126 1115 408 802 1382 642 1292 1203 433 1422 554 955 865 1187 1239 1530 799 370 1400 896 921 979 1053 1334 565 804 1077 1032 1090 563 811 482 404 517 784 1038 567 676 1804 1246 702 1322 1039 976 1471 490 1827 1047 604 1059 963 816 502 1246 1233 1244 398 
1568 588 329 313 316 677 549 1146 928 1273 1150 215 915 1466 1889 1373 1145 480 1476 1090 1319 955 408 866 1043 1565 1701 191 1362 1016 649 841 711 928 370 730 643 1419 1136 1778 639 604 778 638 720 856 829 973 1415 1512 812 836 1029 1070 941 691 714 1368 
1583 1076 1588 1404 1146 411 1132 1346 1425 1743 1602 519 714 527 1127 1119 1564 1293 1178 1808 1195 1370 970 1398 819 432 1037 358 1099 833 1087 1384 1042 1339 881 972 790 1013 1446 551 727 1434 307 975 1422 955 1421 673 632 204 1582 1252 1047 820 574 1286 800 348 
915 1089 1494 844 245 832 988 429 1199 1564 925 1075 786 1657 762 351 1518 1628 1515 300 638 1694 1105 890 896 1365 652 1223 1400 1179 308 849 714 424 74 1137 1001 801 1148 494 1046 701 931 553 1036 376 1542 84 770 890 1233 1025 846 1433 739 1134 1109 1701 
1542 861 561 471 753 1400 1651 405 540 1651 621 592 1429 995 1545 698 423 439 1217 675 1056 759 232 492 931 1635 1022 814 1181 694 1486 1395 1042 829 993 200 782 1168 920 1300 753 1254 396 1217 1338 1124 803 1267 1741 750 860 525 214 646 1296 1049 839 439 
993 298 1454 844 839 1798 1228 511 856 1284 460 714 1145 1505 541 1190 1753 629 608 325 1508 1521 878 1007 901 1441 1307 860 1493 1097 733 1399 1715 657 1535 1244 687 1127 1681 943 1215 1065 1806 181 369 687 487 1234 943 1277 1395 752 728 1380 1186 233 480 1484 
1042 1336 1643 1291 702 719 1519 1378 321 478 849 631 549 1094 219 434 1459 285 1953 912 629 835 329 232 1163 457 1709 899 542 976 1378 1263 940 1296 915 1115 1385 1268 1099 1338 1053 835 1386 469 887 1093 1382 689 870 1069 787 652 1627 505 1345 1844 889 1088 
1816 954 985 872 1395 1281 495 1061 910 1466 1905 1564 1144 1214 894 1261 412 806 1581 1487 1544 397 835 1626 464 1370 1295 1266 1425 1098 619 697 719 679 339 1308 648 722 981 1263 1322 1722 273 1044 859 280 973 1061 169 725 1529 1363 1285 960 1435 1332 1778 852 
630 1441 558 843 796 1382 1301 814 1135 1419 260 1648 998 1351 1010 974 802 1601 722 982 1754 1830 1376 843 1622 476 1288 1243 1011 1141 1374 833 1349 690 914 1064 332 194 351 385 1007 915 762 1157 1233 1242 1286 602 1793 1695 497 1854 866 1862 876 1039 1124 762 
1003 866 443 688 1176 941 1186 994 351 961 717 843 363 913 505 840 445 1380 1471 443 503 1723 834 1212 1684 1271 723 1117 577 1810 1069 1044 838 1549 472 1313 1338 432 993 476 699 1663 345 1262 1439 537 756 694 1511 655 500 295 674 521 754 919 326 1606 
898 674 1660 955 1465 69 306 610 1206 1261 1480 425 1366 1647 675 1728 492 971 1364 1007 586 1578 1135 546 731 1329 969 725 1100 513 1290 1582 1399 716 1014 664 1485 895 982 804 392 710 201 579 408 1354 1442 960 1006 398 409 1136 1650 549 1008 1638 830 929 
1069 360 1574 689 564 1580 1095 856 1151 1396 1480 793 905 1099 1349 366 975 1173 945 1025 1320 309 658 1087 722 584 923 1735 977 1288 654 759 715 1494 449 713 1028 946 1654 1250 893 1290 1368 1093 1008 1508 1390 937 1352 1099 1721 1619 892 819 767 1247 1216 866 
104 979 1747 1235 677 912 1065 1013 1125 1803 1095 416 1377 890 1083 1352 1087 552 1342 792 1256 370 1575 1370 901 1021 935 40 957 1119 1905 1854 1039 208 1267 561 1232 1579 1274 174 925 769 1338 1511 620 1163 870 1243 689 1366 1114 1052 710 1744 924 938 1341 585 
1237 1948 864 838 1275 839 695 984 669 1126 1582 1105 787 1641 1274 541 1037 1044 1224 991 1514 964 1516 793 1246 760 1146 1697 1165 1126 691 1547 893 542 921 1544 1285 878 953 634 1303 290 1722 971 588 171 208 1350 846 1557 829 719 656 985 359 1290 593 1118 
1220 1129 1729 598 668 745 1196 1069 1428 1792 1766 525 989 1099 1357 1351 792 749 1020 554 560 1146 1296 909 1469 1600 1770 1009 1437 714 1699 789 658 1217 1466 1237 442 445 759 1800 1481 431 430 151 963 814 1564 1265 1346 1255 857 1248 1584 608 996 364 534 1282 
1056 1409 1190 1222 852 716 1438 997 1043 538 1034 1010 557 1401 727 1191 1620 864 615 957 394 913 801 721 1089 1349 429 906 1035 251 631 611 909 550 1035 1213 592 465 1459 296 1426 1192 1126 1360 676 1545 584 1142 1003 1154 927 812 789 1054 695 549 492 568 
1325 1003 786 1007 394 1726 1059 1322 1123 1477 997 1320 128 1487 1236 1212 866 348 949 481 1258 1446 550 1668 1678 1863 1200 670 871 614 942 664 626 1371 464 717 1032 1242 989 216 574 617 1083 1331 1035 1256 356 1416 1126 1323 681 787 951 905 1600 908 370 366 
737 853 1235 735 1381 981 1414 1330 1726 1127 599 860 989 992 1286 297 867 1163 1381 52 1685 1880 1861 1723 352 853 1359 1381 598 1435 293 1284 822 948 372 1597 1459 1347 1200 991 1335 1629 1054 715 1311 503 658 1222 1439 1406 1428 971 550 430 765 688 1124 591 
1242 896 1271 1847 1243 844 1418 1135 591 461 1121 701 530 1169 1274 543 1386 529 1277 383 1139 1545 778 1219 601 325 1302 886 1115 1555 152 1886 159 372 1180 1016 326 1139 584 368 1364 1082 1258 874 558 519 1057 1796 1546 659 1360 905 1364 1457 953 532 1239 921 
537 538 1547 1531 1719 164 1174 1268 1130 589 495 166 1515 627 913 1652 1028 710 1346 863 1075 722 1313 1371 1701 394 715 1213 543 1367 1604 1027 1415 1143 1137 651 1222 843 858 283 451 683 1033 901 780 1461 957 1044 879 1783 826 790 1173 526 783 999 753 1171 
1291 1390 1651 1335 815 1474 1790 1451 881 1920 993 949 1516 1109 1164 607 965 1354 1755 1463 1170 809 1761 480 737 1098 851 1072 972 387 1146 1198 1124 1346 1001 929 565 1250 1186 587 571 1508 717 599 1097 1331 1522 1130 682 1247 767 947 311 723 1157 1034 1224 1634 
1092 743 971 1058 1258 312 814 1416 932 401 1292 1205 1469 1486 1679 544 595 1249 906 850 1037 1514 809 1226 1756 1542 824 877 721 708 1363 278 944 1455 1150 1889 1452 1368 965 1785 1657 1161 913 959 1669 1663 1110 1162 976 930 984 1045 1696 1131 954 498 672 1085 
1101 576 1488 932 965 399 1437 746 1097 1073 413 1604 948 1642 1024 1198 981 1111 869 1407 1447 987 1518 909 869 1257 337 1543 1296 1227 952 703 855 541 1149 1794 1037 626 1304 218 775 927 1513 532 502 1345 639 931 1497 494 804 1315 1395 692 35 644 1057 1456 
707 609 903 1138 940 499 729 1529 1875 331 1201 1059 918 836 723 1041 86 552 1038 1420 1215 591 857 946 851 1805 454 912 1185 1704 1695 950 650 560 995 1082 1077 1195 1536 1244 1203 1648 1032 940 1491 1245 1384 1117 480 530 90 679 1121 1233 670 1120 1251 906 
1255 836 1240 560 1194 430 1007 913 359 988 1093 848 844 956 1196 351 1679 1545 1851 226 584 648 762 185 545 854 1316 874 1809 978 749 692 484 854 1293 1160 1038 670 1256 1025 842 799 941 476 1460 806 1502 1198 440 1561 1427 1243 623 869 1401 1054 1329 314 
1610 674 962 974 1271 267 755 1021 506 549 1087 864 671 1104 530 1328 1812 1433 802 1162 957 1257 987 507 538 1305 1285 1273 782 608 1212 815 1407 1549 888 1016 1608 1699 424 1312 918 837 1110 1155 429 1109 717 1012 976 1242 856 687 692 369 1494 1135 1039 1314 
502 436 583 1428 727 1636 1063 335 1643 1883 1740 1156 225 837 1144 392 1453 1149 921 1595 1293 990 939 713 860 1066 336 1226 1065 1371 928 1085 1623 424 1879 758 1070 319 1203 710 835 631 1038 980 1393 775 851 1612 776 1569 1644 503 1711 1586 1526 148 1734 1104 
1302 1001 1064 648 1919 906 1488 1147 245 325 1282 959 1650 669 653 1689 649 469 733 988 816 1478 977 548 1079 756 1823 800 963 1239 1381 1425 811 1604 330 1476 1161 1010 818 1129 1222 1968 887 928 275 1023 886 1312 1564 1068 157 1144 1393 1174 619 853 751 937 
1390 1804 141 481 1289 1379 1014 778 702 1423 1025 617 694 399 1242 1160 1036 1027 1264 405 1060 1631 1707 956 714 953 987 1197 1374 641 806 988 661 1170 1084 1194 516 737 1461 1085 924 616 494 1136 362 529 947 997 1332 1549 484 1163 484 268 917 1281 1618 1465 
703 995 768 452 1257 1042 354 1355 1872 1730 552 1200 688 451 372 1004 650 988 359 748 320 940 683 1834 1368 278 527 406 419 278 948 1202 786 1415 655 1012 1193 1548 1395 452 826 944 1169 895 1588 1316 741 1582 929 389 1008 648 1014 105 1103 1437 1022 921 
1069 552 203 1795 932 348 1840 895 597 1126 1203 96 1369 546 753 864 959 774 1534 1038 792 345 1052 1089 1195 1136 1387 661 1312 743 740 647 1403 1264 199 1896 1073 1780 1410 909 1151 253 1264 1121 653 898 1239 935 769 1246 839 975 1795 824 811 1455 523 852 
721 1254 115 1438 539 1434 1655 1260 1289 1405 1586 1022 276 1895 1407 206 787 1124 726 777 696 805 569 159 725 1411 656 403 1565 1197 584 1112 1794 502 1424 984 1853 956 809 1140 758 1317 1074 873 1630 621 1271 1300 953 623 1154 776 570 1115 1407 1083 1232 1112 
1000 340 280 1617 700 1022 777 1241 794 441 1807 1364 1074 1810 409 1534 1060 1023 547 834 731 987 923 863 963 1066 806 783 1267 705 1242 1460 1605 1217 287 1392 582 503 1264 1241 1155 1514 299 1496 1057 414 768 891 1414 1272 1035 905 847 774 1727 1704 802 899 
687 1046 1349 1782 216 903 759 1480 849 561 1205 1363 1067 763 165 744 1369 1191 921 605 884 379 1075 1209 991 1660 1421 862 1033 1167 1093 1297 630 862 810 1091 1317 681 1370 1829 1139 562 1362 1095 1313 1182 1031 703 656 988 1418 750 1660 919 211 630 765 884 
1671 1849 1009 1451 1294 1083 1213 649 1120 1191 1396 1165 406 965 1272 649 1384 1183 1028 1201 1526 1174 647 591 1547 1842 869 68 880 661 223 1378 524 501 1102 962 447 1028 958 914 1614 1325 1241 258 467 1187 575 788 577 1247 1520 1219 1275 840 77 1416 401 920 
946 831 865 829 840 1056 1023 928 1483 1737 1086 99 1142 1210 167 1473 1327 1084 970 1023 1257 769 913 932 933 1374 1108 1210 1780 1409 829 1595 1500 1909 1589 906 1030 1207 1447 314 316 688 1488 175 744 1285 1334 1082 841 1769 527 1005 709 998 1148 1372 555 1134 
1182 798 1133 1239 1002 325 1156 1149 41 818 943 1066 698 362 1365 1070 438 782 1395 981 667 1407 1177 1096 1413 1412 1143 1456 1266 1183 1489 727 949 919 1051 450 344 849 942 965 1069 181 865 316 1276 989 1626 1634 690 1007 214 1031 1061 1236 1591 159 914 1093 
1207 1190 935 982 1095 815 1404 1395 829 1326 653 677 519 1274 1292 1796 557 627 1361 780 921 1319 1608 1267 1494 707 1373 1165 1051 1398 622 1352 495 746 1191 1517 1444 1105 925 418 841 1381 228 1593 589 636 656 486 340 1078 1602 1175 649 739 1062 1045 1499 507 
1938 815 1011 1234 1323 1574 1126 367 329 1128 1837 354 1050 1570 1515 1026 1023 639 874 820 794 370 850 1197 952 1098 741 1428 1111 1212 696 1278 701 658 549 534 727 1754 306 597 867 1415 1165 436 1352 590 745 1336 1448 409 669 1445 664 1239 1620 1060 200 1276 
1068 1712 1367 1391 658 130 1319 740 1223 318 1084 846 1485 616 1063 1330 697 1252 1487 1812 188 848 1114 348 1556 1524 1572 1185 1468 954 1436 952 973 988 1107 972 1451 1237 1093 859 1727 1445 1714 1061 739 1291 1131 932 809 1302 698 1076 1221 1140 824 1076 278 624 
146 1380 1673 562 932 1257 871 1074 693 1545 278 797 807 1431 738 643 1228 1113 1181 576 1882 1207 1433 1216 1071 1119 1655 1688 1164 1555 327 299 378 1408 1135 327 820 749 1394 1241 882 874 659 1509 1037 550 1426 1267 1011 484 376 660 1102 1282 676 1294 1231 952 
1014 601 629 756 1401 1301 1312 1076 1096 1037 1037 1114 779 1057 759 1051 1925 790 1211 960 1250 1278 778 1550 887 857 667 768 772 797 988 1349 1601 412 1321 1541 1581 270 1349 1055 912 1145 1554 1366 854 732 187 1034 1229 734 875 1160 55 1174 1048 1360 1681 974 
391 536 828 464 1431 448 918 1289 701 812 1601 1309 1204 1194 1308 571 1777 1204 1471 450 1493 738 982 1643 429 812 1087 1057 181 1386 1002 702 692 1049 1345 782 1200 1328 741 1112 482 1083 423 1132 1618 1111 809 1396 1673 1575 1577 894 941 549 1222 1787 1335 891 
1595 59 1003 576 376 1434 869 560 1272 1236 1529 1466 672 773 949 1098 568 710 871 1052 969 1683 663 985 1047 1034 803 750 1585 520 1028 1466 1293 798 676 1005 1303 673 1370 1111 510 1699 647 1275 1049 1218 501 1390 1093 729 1626 366 1405 1086 1541 1492 652 1304 
1084 1545 1659 1048 1574 1338 1411 488 1103 1640 461 512 899 924 734 563 712 744 1090 1281 648 1488 338 706 570 1124 939 861 1367 1396 1327 1472 523 1166 1126 1672 196 934 456 1708 750 668 1670 1110 1503 688 1279 1406 716 1497 504 1047 1676 338 823 1317 1117 1000 
1001 554 326 736 879 1558 1071 653 1306 756 1128 841 1592 1525 949 816 986 1804 1637 957 1401 1206 553 1233 1291 1127 674 1293 1240 896 1463 999 742 1383 1481 708 1553 847 682 1334 875 94 713 1170 997 500 1215 844 1338 356 998 71 1383 1169 337 1564 1174 1486 
910 629 1398 760 1173 1230 1218 1569 1410 663 1951 1057 1302 981 1261 1152 790 1028 999 476 937 1754 844 1229 1418 1305 899 1612 824 979 670 673 809 1236 1258 642 1921 851 1477 817 915 1124 1072 713 1486 569 1485 242 1273 1653 668 1147 1307 1688 1366 1681 734 122 
312 1295 628 650 133 1323 1282 809 1488 1220 1433 562 948 851 1030 685 1718 1321 766 1350 622 1367 1350 1143 194 897 1094 1473 1004 139 1019 978 1197 582 1176 1042 1270 856 1372 981 1003 1446 1085 1041 716 1182 467 1106 755 614 1556 1425 1383 539 765 1411 1096 996 
989 1042 106 984 1032 1390 794 1440 1124 562 563 1263 962 743 995 804 237 567 825 1357 734 1602 1093 1150 1384 127 1526 1130 981 907 557 1053 727 1324 1772 1071 631 1125 75 1019 1183 1308 1393 267 879 586 1153 979 959 1490 812 682 1355 1211 1077 922 1029 1450 
972 787 1192 1123 522 147 696 257 1247 572 1133 258 1183 1101 382 619 1184 487 1010 545 1460 1118 821 1464 391 1053 1000 964 1103 810 1007 1339 1209 263 578 899 343 1349 531 1151 928 704 1416 414 1385 812 1867 1761 1223 942 1040 869 1148 1305 1306 870 1430 1589 
967 1359 1249 1552 1330 1427 1086 1064 1043 1012 1149 61 1234 882 1437 1640 1260 1200 1189 911 731 1202 954 997 1284 1208 1479 1373 161 1088 941 807 1302 1033 752 1503 368 1557 1426 1797 1504 123 1636 522 534 1082 1374 1297 924 1529 1032 1024 1113 620 983 837 368 1209 
1932 585 1073 728 1070 990 254 577 701 1539 1312 1358 710 941 542 1816 1141 298 1154 1527 1726 1063 358 1475 1271 946 1097 1649 1026 1266 212 1225 429 234 201 352 452 833 233 402 1290 288 865 1083 1907 1532 1224 1131 683 1435 916 800 1463 1804 692 705 1115 1037 
1123 648 829 1310 1561 331 968 797 688 991 1051 1014 664 1128 782 943 716 1315 321 1117 1684 698 718 1649 535 936 1834 421 1238 672 769 1499 797 1403 1187 1590 1144 1911 1130 1552 1495 661 692 799 437 1002 995 389 733 913 1182 1417 1167 674 1120 122 1625 1174 
1843 801 917 1125 696 1075 1022 468 1188 853 864 1228 1119 253 842 183 726 1337 392 1912 1272 1169 1093 892 856 801 949 1089 1248 1632 546 646 1021 848 989 1145 756 1308 732 983 1201 956 499 1225 1253 644 519 835 625 267 955 969 927 372 888 928 1188 756 
1276 1686 750 1259 1178 789 1014 617 1288 1358 1485 350 1239 921 1424 1038 213 1915 1269 1024 470 753 727 1601 445 1873 636 713 972 372 741 911 1553 1327 357 1382 1618 873 1746 1029 595 1472 1060 875 1879 1626 961 1255 1822 519 810 1406 1037 1135 1289 984 555 275 
1415 1010 901 1180 1488 1610 296 1221 1211 1530 1320 51 406 489 1023 612 1159 925 1246 1230 667 1412 1095 881 1951 1130 1331 1200 147 878 255 124 958 826 1512 464 370 818 526 78 689 888 919 1397 814 1348 741 1231 1420 1153 696 429 1585 1028 541 1506 1430 1144 
1448 123 1117 495 1244 1129 678 1101 1725 742 492 1238 474 207 511 855 1002 420 1748 1369 1081 1154 1583 1159 140 105 698 1447 1176 969 740 1205 731 1388 1521 806 350 482 1785 1480 1235 784 1130 1496 707 1666 566 1207 1260 308 1113 1179 1307 1045 342 266 604 1276 
968 1051 837 791 1416 1141 1174 847 1277 1063 1580 696 1042 686 1699 706 991 1180 1180 1724 1515 1361 763 1842 898 1355 828 1077 753 1264 1144 1240 1113 1765 1281 1469 610 943 912 1795 1563 1452 765 653 306 1192 591 1463 1448 740 1343 958 1442 1624 935 200 770 704 
956 1338 1268 916 935 1477 1067 463 431 786 945 730 1148 879 979 1389 1152 634 851 1566 1232 422 797 1261 1451 1191 1265 1066 951 494 1207 1791 929 1948 847 441 707 260 762 1204 1196 1498 1361 1334 1458 558 783 828 963 920 805 695 863 1531 1687 1262 1213 1224 
93 1595 1001 1943 798 789 976 1346 345 1895 876 97 848 1382 858 1349 767 1851 1426 650 968 1734 499 530 480 1307 1134 943 1258 286 352 1142 1063 386 1636 1227 1121 784 1055 543 881 405 751 1404 866 702 1101 435 975 1467 567 1000 1490 541 1204 669 802 1458 
781 902 798 1395 177 778 1513 977 1509 235 855 882 1289 781 1152 595 1092 1455 1032 1058 1321 1174 537 1204 833 1079 1180 1066 1408 321 1431 1412 429 1017 552 864 551 769 1006 1504 1072 708 848 922 1673 1050 1651 755 760 834 1339 65 240 970 283 854 1009 1401 
509 574 952 1664 1121 1101 1399 974 1951 1475 797 788 1611 1635 1178 1013 1156 1378 1374 1064 1230 1164 1646 1393 438 1910 1157 1272 1348 964 669 953 1498 762 1060 561 1085 627 974 1054 219 1772 1164 869 1696 874 845 1297 1522 753 979 157 1575 808 806 1024 533 1689 
488 1364 783 1474 1585 1751 1467 898 738 1023 1153 1164 737 1242 532 394 610 986 1304 338 1308 1147 1678 1483 1609 593 690 914 1012 1545 1214 1365 1600 197 1711 169 271 1097 633 948 1765 737 1676 619 1234 1536 1007 1384 956 1382 834 1043 888 696 1132 1477 463 1518 
1440 1078 1086 636 1297 445 757 212 453 1905 1516 1232 927 277 1520 927 1512 1100 927 709 1418 1114 1276 1097 1452 1382 190 1581 1313 1165 1035 638 808 1046 411 1192 490 728 991 866 420 960 1200 275 649 809 759 313 1403 1329 834 1016 1488 839 1198 1238 393 1405 
386 934 1155 884 245 810 632 1213 1015 445 1914 1531 1511 1345 1786 607 404 469 1023 969 1414 1330 1049 992 728 960 951 489 1542 1056 1672 917 713 1642 876 1065 831 1675 766 873 1010 733 1153 476 615 220 849 1109 322 719 1569 483 895 737 903 983 1299 1826 
534 267 705 671 1070 1028 1309 1313 447 1622 1678 982 1424 1451 1433 939 1266 1315 474 1286 888 848 1338 1340 763 1175 1525 1528 1355 1216 1323 774 1180 1113 851 86 248 463 956 1404 725 711 1418 345 703 1083 904 1073 988 1682 417 969 1044 921 961 1082 1010 1232 
1336 372 1120 1445 754 202 981 1685 1085 267 1247 1199 1576 660 966 1048 418 147 1292 1603 391 934 154 758 360 390 1250 767 842 1405 681 1285 1431 466 804 1814 1356 875 360 583 1014 717 1236 403 1068 1221 368 946 821 855 1229 89 1016 1755 415 1411 843 839 
1385 971 523 757 1762 1011 1670 686 1123 629 780 340 998 810 953 1457 1285 245 1223 197 1805 973 1530 1159 816 1617 1256 594 279 1957 451 1374 733 1211 654 1026 1697 1329 653 1822 260 1506 750 798 511 716 1102 617 1163 446 1005 1454 396 1236 1906 880 1449 745 
1756 1084 1010 623 1504 577 653 1106 384 488 1071 942 900 1627 694 661 920 1740 578 1027 1265 1028 1009 1395 925 1406 1182 924 833 1022 1717 1623 1021 836 318 1070 220 1391 1010 851 995 1339 1417 928 1125 931 1533 1260 1107 1578 372 916 710 1211 955 1472 623 609 
1320 922 603 881 1504 1662 713 1572 1021 1280 575 887 1421 1689 1059 1207 764 1382 324 687 1224 914 1843 1080 491 767 1287 1167 1292 411 795 1345 767 230 429 1322 873 1205 1475 1206 1146 848 842 1060 1660 1283 854 1539 1801 434 1466 225 349 601 546 1238 981 1304 
49 1641 622 1095 635 1412 960 861 1439 1458 1529 817 400 643 836 1955 811 1112 578 730 1088 466 1238 1611 503 820 1019 1021 826 1026 178 532 1145 244 1221 369 980 1085 391 802 853 946 1628 484 1011 973 1217 1540 1104 1321 947 1217 931 1634 1417 1190 1304 770 
925 1273 1495 475 1260 989 1122 1396 63 689 1091 1275 964 1409 237 1305 359 836 365 1822 980 1255 1223 879 970 1530 875 655 826 1931 1075 1745 1340 920 564 1159 675 1025 1802 529 238 1201 1011 935 984 1863 1044 1199 1164 1463 190 1211 1526 579 998 1365 1008 347 
865 1240 1668 341 1093 1121 976 1269 318 532 1649 220 987 569 666 945 1203 1033 928 746 194 1250 143 758 1419 1043 1504 329 675 965 176 1768 798 527 651 910 441 1076 1583 1061 1766 1213 1408 882 969 1232 1053 1337 1272 1166 1219 1139 972 32 755 505 389 1523 
279 567 1276 356 1078 1155 838 539 790 447 939 268 580 1209 641 1591 1198 1454 1052 1831 1120 729 494 481 1548 314 660 1263 1021 542 689 663 481 746 1320 1119 1344 1684 1431 1594 89 1215 827 481 1852 1614 94 1214 1057 545 1197 1489 800 889 675 596 1266 1672 
1068 1479 1786 347 1214 1228 741 671 1183 1810 1182 468 471 284 1029 819 1515 728 1582 242 761 1156 1378 1507 643 1874 1340 1151 1124 1292 751 490 1152 669 1348 1286 1224 993 843 1185 860 908 1185 1140 1162 1148 319 487 1576 772 971 487 975 1006 885 335 1018 1078 
895 1318 903 946 1103 529 849 927 854 1656 605 397 1110 1328 448 1418 463 1226 1176 1638 1035 604 1005 524 685 1183 716 856 1753 984 741 185 1325 1796 1273 948 540 981 1683 841 1221 881 800 913 586 864 979 729 886 200 1577 986 439 302 1752 1287 734 963 
972 1661 630 1345 967 320 492 1208 88 1613 425 243 1496 789 927 1025 1702 559 1529 1150 730 887 470 825 663 904 1327 1078 88 1588 1735 937 1407 1123 672 45 261 825 1603 1723 1412 1423 1848 857 692 1071 1016 920 936 957 1531 1102 1146 1584 617 258 517 724 
1697 1230 1716 655 1054 1437 1274 624 750 461 1432 588 925 1926 995 613 1214 958 784 1717 1622 960 1042 789 1096 1849 800 1189 1256 602 1777 1464 368 542 399 921 1055 1054 1141 627 1298 564 1049 836 1239 325 1844 1512 1722 1372 1064 1238 1006 504 1013 1385 1125 939 
809 1535 1425 1183 1403 732 691 779 1442 952 1393 821 248 1328 559 423 489 451 1902 1097 879 1100 1077 821 1130 823 270 521 889 859 1640 390 1578 1396 1325 1649 435 387 1675 1598 934 625 483 955 638 540 1174 1411 936 226 1517 1438 1877 1476 575 1495 768 495 
342 1287 544 1754 757 617 565 1492 1267 778 444 763 1506 790 1055 1196 679 910 1501 978 1472 1273 767 1061 928 1500 1134 844 997 1028 1598 1595 1110 712 1412 1427 1182 1607 432 1261 714 920 948 1429 983 897 952 1294 1010 1246 947 502 1328 1549 1757 481 1325 818 
1232 713 597 1026 805 987 1357 1205 1378 1037 419 1233 741 1668 544 1298 1148 1151 1560 477 1099 1331 289 981 1225 781 1196 952 1483 1419 1436 588 1250 417 825 1372 1659 1549 563 806 838 1571 495 284 1780 255 1003 1324 472 962 1496 1187 1346 1139 1587 857 732 627 
996 950 1442 1254 1315 607 788 732 986 805 855 257 1814 1817 1097 1360 1453 1094 1462 1037 1278 1448 1284 269 1235 540 1247 409 1665 1733 116 1650 918 988 1312 1743 1867 848 897 1445 1554 895 1306 1445 605 961 649 1191 1352 1113 1263 890 793 756 1044 778 1408 1324 
