118418 123977 144696 154699 135763 119423 130184 152922 123865 151579 123922 109017 146105 100777 144657 125139 142274 127826 128433 132810 129927 125058 134053 133887 108067 123589 127613 135444 125271 134703 
109790 120419 127612 144324 127953 111474 117987 144429 117208 146791 111627 102844 137841 98415 138775 116955 134304 111140 127680 115324 114921 113789 121581 132369 101939 126825 131934 129573 112379 118082 
117125 113353 130028 132225 130110 119767 127293 138845 124239 136223 118805 112958 135803 93885 151776 113776 127964 116864 125300 121133 114244 118648 129122 131415 111100 118718 120484 127229 110853 118589 
110321 106597 122048 119124 111214 103768 119748 113770 104732 124413 99090 100171 111863 91012 124205 99151 114308 103443 120559 101166 92229 100238 106191 107541 102517 110578 116588 107048 106209 108790 
121277 123487 142105 154995 142551 122218 141191 152869 121742 143847 126379 113562 143533 107521 150332 127004 138039 134814 142261 125617 123910 121226 134691 134285 122370 143745 141263 136500 133294 125576 
101390 95250 113344 105504 115908 88778 99174 119067 105945 117172 100546 95369 125844 82143 121689 89351 119301 103662 100052 112970 92418 98469 110435 105977 89004 106374 109147 106730 94135 110661 
112056 107869 121975 132252 113480 106932 119940 134064 102413 142483 112354 104284 129592 96025 122136 107713 101439 114363 115890 119341 106072 109736 113461 112485 108557 105129 114944 121538 108253 106547 
119201 111681 124381 122848 125335 116732 115017 130598 116396 136768 115352 105338 135399 103113 131378 117004 127652 106053 123308 125952 117899 108671 112701 128310 108109 121101 126315 132668 107669 114991 
110390 117788 138390 141391 120756 102873 118208 140645 118231 153161 113315 99344 140370 97003 128775 114855 132872 118028 127937 117877 126123 113350 121028 129317 109588 123111 123189 128415 109425 112710 
126124 134783 129255 144727 137764 132321 130674 151643 129519 146690 131018 117428 140219 103964 156320 129960 135200 134437 137012 126451 119591 114324 131876 136948 114148 135689 131312 130310 119622 127545 
103817 112311 115172 129863 127464 115926 108701 135851 106791 142246 108520 107942 131417 99056 130827 111018 120337 103442 115699 116202 117845 109259 109855 125608 107039 129353 115770 122329 104412 104421 
103079 107415 126728 136899 119666 95957 117742 134764 108267 136054 105636 96621 129608 92078 128944 100788 124926 106955 118143 108693 119856 108891 116067 119991 90181 122642 112814 127591 100774 115843 
134221 129584 147405 153375 136142 121688 146252 151487 135478 156227 128165 112437 148806 115281 147896 132677 131807 128595 120242 136363 127731 125497 133956 145499 121668 136288 141205 137753 116364 129460 
105096 93829 116277 127665 110171 104093 110297 118640 104974 129641 93763 94045 115270 94973 125553 108958 111752 105809 121122 100855 107774 96844 117213 119200 98977 113718 115060 110384 110692 99536 
122128 112139 126335 143290 126430 111432 121425 150722 117509 142405 126549 122729 130166 101288 141713 115608 134502 127104 124094 131682 112672 115893 128752 131336 115076 141091 128515 137132 116519 117724 
131266 126970 145611 154050 133225 135467 133688 150124 129493 148120 127634 123717 136897 107663 150777 115703 128464 141812 147460 133887 111971 122681 135856 133829 118232 141762 136462 135759 128288 121524 
121865 118686 142971 147576 132683 115628 125278 142782 122896 153562 118754 115292 135717 101551 136701 111708 136397 129266 127609 129404 120092 107634 128176 129075 103835 130072 131191 132375 106568 130907 
114007 119462 125965 136375 133414 123052 123333 139042 114887 142044 125150 107619 135869 94014 142751 106728 125564 129987 131327 125773 123495 110567 124161 129395 107698 124623 122134 127820 118960 123331 
104949 100676 119781 128282 102854 92739 108146 129451 110531 122561 99942 100268 120143 82374 122170 92517 111498 105841 112646 103940 107542 94596 107324 107167 93211 110445 105175 105040 100387 110379 
113396 103791 120235 134922 117741 111685 111906 134151 111528 129795 117269 104451 113658 97274 122144 101287 120282 109698 129981 114296 97889 99374 108212 104437 96876 121300 107929 126906 104503 107673 
120303 114331 126880 130075 125091 118068 119976 139507 116855 139517 106281 99852 125932 106086 139820 108351 119497 117471 129280 115319 118465 111772 116911 122544 100945 118721 123662 113498 118758 119645 
115228 111366 129942 130731 129188 122700 117606 139260 127479 137463 121449 107313 133418 106747 137386 124831 130325 109097 129334 122041 111850 109311 119348 126436 114620 130388 135325 136687 106026 116930 
106752 97586 125387 124702 106242 113167 108964 128538 101160 137238 100489 98665 116726 96843 120833 101429 112019 102291 122695 113069 110150 107520 106951 112016 104483 119856 106808 122720 102598 92778 
108012 101191 111341 123735 120284 112805 116883 116046 108859 132646 101033 93232 118041 88840 124548 106105 113772 107397 108713 104467 100375 99836 106594 119354 98850 105394 110749 117991 103326 104341 
115196 114778 123674 142598 124803 113172 126211 130207 122693 139218 106779 98424 134105 92696 125633 104101 122763 121291 119806 110967 107023 111705 112971 124896 102098 122835 122347 120499 118070 120254 
104654 112878 128347 133837 128332 109771 119831 129154 110553 128654 106542 107658 128783 90866 135674 109044 115406 110237 120962 109845 100647 105838 116134 114913 99405 116306 121854 116667 107006 108345 
102767 105336 119364 118824 122366 98199 114380 118342 100077 119666 103515 91262 108906 87129 117193 102831 117915 107732 112500 103323 100729 105997 109651 99128 98368 113570 108630 109443 102039 105607 
124062 128832 158785 152338 126913 123509 136257 155587 129555 158000 122720 120686 148180 118393 147471 127558 144182 123914 139063 138620 128757 117535 136066 136077 125774 141449 136173 139906 117566 123547 
132748 110846 127904 145601 130738 121312 131905 154113 123233 140978 124631 117529 129483 109549 141009 114135 131009 124946 135653 130309 121955 118896 126023 125210 109519 127858 124795 135608 121470 121469 
85114 101367 119775 118471 107327 103714 100676 114877 98824 123556 100638 92757 110895 78046 123176 105471 115120 103924 116197 94065 105553 93259 103570 115498 92266 102194 108464 104480 96837 106655 
98936 98453 110518 115861 118778 101775 104537 125869 102626 132737 98244 100787 113944 85656 122837 95100 117015 107247 110479 104228 107289 95814 106694 106128 98464 110575 112576 108207 96804 110827 
102467 92179 113538 115854 117555 93898 106167 128029 105437 129170 102700 101896 116158 77410 124696 99539 106044 96357 116271 101988 111796 99913 108249 108572 93818 99086 119688 100046 101617 106200 
102798 101284 116133 123409 113434 97536 106069 118681 93595 125348 98193 91286 129823 89172 114474 91790 108160 117445 112997 103302 110819 96312 105356 103261 102177 116222 114470 120541 98378 109400 
103686 108385 120933 114754 116023 107376 116558 118497 100998 125115 106306 101086 115790 86886 120482 91722 120349 110351 117451 110982 101668 98488 104104 101894 97955 115322 107067 113476 98176 115584 
109778 120518 125465 139042 131693 116381 115762 134314 110271 141739 111251 101939 137014 90049 133542 111337 124648 126073 122547 121844 112845 112023 121486 120635 105876 118957 113960 122459 112528 113428 
127696 121142 141332 158852 133067 121111 133284 150772 127668 156319 126101 112724 151779 100428 148235 126706 140487 133757 135251 135986 121810 118363 138447 143162 114621 135762 131726 133357 126991 129469 
123795 130951 140037 151436 132923 130228 124375 143871 115419 160664 126291 114254 139422 100668 149484 114058 126572 131300 140047 117772 127807 125785 130132 140729 112175 132173 133127 137084 125492 122342 
107285 113432 134214 131178 123330 118036 114886 127802 115055 136479 119448 101705 128822 101953 134503 114401 119359 104902 122537 118729 103999 110113 115550 129559 103382 118904 122885 123606 103117 110483 
118673 106309 134533 140179 128219 111138 126943 133863 115068 133449 123990 107365 132047 101531 138637 123948 120380 115877 135514 126905 113722 100909 116299 124148 101354 125606 120373 127218 116865 112147 
142529 129841 149866 156173 157087 130990 142576 156777 142927 160412 136703 121252 147878 118545 159972 134205 141887 134351 140273 138174 129441 131128 136622 143066 123913 134004 137176 128621 129809 134618 
108814 109352 116588 124408 114543 107141 112894 132972 110737 127082 107820 96751 118581 98901 132150 110192 122485 101945 117104 109538 110269 98485 112005 117537 100259 118715 115923 122975 102312 117341 
108276 98104 120337 125308 122741 113829 99846 121473 100304 137463 101030 98942 123312 93808 124850 95771 104188 100650 114784 99648 110910 115933 109209 115828 98366 100957 119612 114252 110081 106536 
139380 123020 151757 153889 143900 128515 143099 152530 131524 171035 128547 119573 159952 120531 164380 126324 142534 124763 137878 137766 131979 129516 139355 154047 122212 135581 151908 139430 129526 141130 
122893 111157 136126 143452 123357 111349 132563 136905 118613 142967 110283 108496 131432 100043 136646 110204 137529 124925 143180 115649 125747 102377 119267 134026 109993 120708 134096 118074 120993 126068 
100593 102450 115252 136214 114736 108094 111787 123917 113605 124826 98842 105892 119189 93936 122974 104032 117644 104868 122849 108203 99620 96072 113427 118222 100248 117633 121570 115209 111251 114238 
93308 111043 129857 126963 112696 119554 125810 121642 98150 136299 101676 99497 120421 93413 122343 103638 122906 107869 125576 112570 103279 102346 114650 113250 109429 112924 112925 118082 102986 108936 
81355 102507 102477 106600 109404 89533 96012 112409 89810 122949 103190 88986 110991 65331 105687 78844 108730 98307 106678 93899 88438 92471 95528 98327 83814 97574 105571 100520 88240 104561 
138826 135356 152432 157652 151379 131052 146246 161558 133479 179656 134580 136776 152811 113640 161659 127142 146324 130375 164920 135314 146324 130935 136406 147038 131395 140244 152589 135006 138074 143264 
93123 110772 103136 113403 108329 105782 111495 112313 102010 114478 101320 90894 111950 80253 115789 93842 111612 103654 101931 103639 98747 99099 104476 113481 94315 103143 102981 108025 92929 100469 
97444 103794 124477 127076 110679 98796 112257 126334 96837 128967 101266 97171 118883 92040 124548 102131 111663 112465 107941 109052 104727 99585 115629 109776 100725 111899 108489 120239 94677 104876 
126872 120584 126201 144239 141055 126070 125133 135601 120404 147598 119767 112448 136941 102759 150279 122576 133327 127235 129921 123743 118008 113708 125457 138285 113550 129339 129177 130048 118045 126107 
127435 110095 130437 143203 122954 122885 114204 138905 124175 142502 114732 107562 130651 106758 140398 109263 117727 106541 127089 124028 112704 111511 124125 130685 109297 123095 125932 115120 111352 111381 
117625 118921 127319 151709 128700 120924 126284 143662 122928 157349 119838 108779 145183 103838 145707 115209 135124 125636 140215 122774 125741 101760 115906 136431 108795 136795 124698 141998 114910 132326 
112938 116049 129326 140948 129166 126680 115329 138339 116874 141386 124069 106682 136244 99359 145070 108165 121748 116315 123493 118228 102081 115578 121937 129759 103077 128857 122321 120280 108913 117850 
110678 108595 121760 138815 116950 99129 116808 141484 117470 134607 118025 106445 120049 93017 127805 109386 126630 112541 126944 116245 101663 96659 106956 115925 95390 132234 110847 122947 106150 114174 
107344 102633 125273 117816 123405 106577 115558 119282 112943 135173 106284 90332 119692 86703 123515 96317 123746 107222 118416 113097 108920 102840 106103 111879 100713 117385 111803 115271 102510 115090 
93081 113149 125699 137650 126455 104860 116940 129369 107482 131671 107113 106621 128795 83349 120135 110322 129334 118394 116574 116078 102693 103521 120648 109698 99600 113610 119512 127060 108588 118547 
118691 123746 146252 148482 145055 129790 136486 152393 135677 152865 136128 121275 150734 111864 139956 122524 138445 134251 128229 135301 124416 125458 135989 137097 130951 133619 148594 144886 115007 129663 
123423 118260 144676 146398 139578 123820 125398 139380 127440 155574 118410 107745 141953 106619 143218 121248 135426 128033 139066 125244 123182 115353 130221 134164 112481 126501 135403 131588 124795 128705 
118730 112012 135251 134437 111547 116932 117067 125134 111241 129652 105219 96999 116401 103994 129315 110658 109983 111398 121952 116095 111345 105988 117257 114682 106760 117101 116949 117778 107579 109584 
117988 99286 119466 129056 118106 115629 114606 130479 109116 139130 112257 118382 124803 90944 127676 108660 118757 118652 124825 125873 109030 103850 117279 118924 112805 120405 114482 121526 107785 99534 
107534 111865 132217 142482 122474 108206 121056 126688 110004 137711 102899 94502 125117 91972 128764 105617 110782 110470 117109 106087 101526 112862 111934 118020 100031 114300 109107 120857 111953 104715 
106719 107701 123681 132794 135105 107889 112632 124729 110020 140899 108119 100167 134488 95647 127085 99917 128820 113335 131891 111021 109474 99794 110358 116752 101527 123649 120181 112792 114610 115803 
137717 118546 149220 144284 141068 119330 137031 147321 138741 155716 124243 117805 142221 97235 156832 124545 139422 133856 138069 132007 124365 121223 133552 130134 118440 122641 132158 125436 128203 134372 
117368 138594 149969 153269 143946 124041 133681 152165 130916 152448 131847 114977 141464 107249 142419 125695 144455 135674 131200 128598 113241 122940 133681 127828 118003 143544 134500 145756 113708 127926 
131122 142291 146259 160240 145887 134095 135739 152063 127101 162984 131115 113159 151355 112489 157465 131727 136675 137257 136110 129998 133356 125761 140694 147683 129139 141718 146538 141341 127244 130777 
109491 99857 125699 130686 115624 103180 116871 123023 112459 129675 102467 95505 121473 90662 117647 93544 114649 110006 117599 117269 99409 109594 113363 111629 95220 111389 114196 119584 108534 115562 
120736 103200 126890 128011 128123 123354 119836 130248 109027 135917 111659 111567 126689 97495 139478 115057 112798 119839 125132 115152 106453 110349 117325 119893 114432 110568 127694 114069 123154 114005 
126223 116148 143981 156036 136798 120176 127964 151134 141757 158503 125110 120799 151728 109533 153534 128577 147046 125407 135126 127274 123803 112427 134153 148430 115349 137852 139579 147453 119670 129880 
119345 111196 136118 133846 130348 115317 127099 136585 126337 144564 107530 104969 138394 95690 139971 98064 124764 118920 124914 123680 113405 114472 123229 120472 105277 124975 126438 128509 115258 126434 
91508 101397 114285 114755 108636 100909 108190 122368 100019 122637 103595 95882 112981 88380 120421 98507 100978 97154 114273 99471 90443 94963 98626 98964 93255 104269 103407 108341 93359 91052 
118973 98001 127515 118135 120957 113748 120866 129517 113240 131203 111131 105006 114328 96647 137859 120451 120355 112376 123402 119003 110651 102277 120037 121167 108686 109299 121822 112287 103991 107795 
129549 115506 141717 138321 123568 122580 129412 137969 120626 140078 112572 116554 136139 104935 136102 111946 111424 123242 125515 125961 118948 120377 126772 116156 114876 118656 127154 119198 112138 111445 
103196 126142 136495 151679 118116 114725 125480 137611 114621 138488 106103 100346 127420 98792 132297 120267 126023 118131 124968 113671 123363 106474 121013 128698 101886 113635 117458 124881 112764 117953 
