28601 29784 25289 24417 23552 33152 30463 21452 32882 24174 23636 21831 31766 35617 15854 24875 
29782 26761 26749 26272 19501 34506 26171 24071 29617 23507 27256 19509 29106 34450 20700 26028 
38291 36003 37215 35487 30308 43579 35115 32198 40051 41335 35644 35596 36840 43123 35315 38902 
37819 35712 38318 36005 30043 45363 36004 30535 46436 43046 38272 35988 38552 49204 33897 41500 
31731 31722 27002 31885 29237 38837 31503 19647 39393 32675 32194 28222 39704 46088 27080 31204 
38543 39726 30551 32822 34456 46340 33178 32839 51398 32747 44594 30167 37289 52088 29349 38150 
32571 31586 27758 33012 33656 40224 35589 26018 44353 29903 35087 26300 34222 44929 21131 34947 
23150 21823 21673 20499 22013 30305 21739 19128 33949 23109 26830 21136 22267 30242 17547 27282 
32632 32105 34793 32321 30796 39097 39319 21206 41559 32357 36572 36996 38542 39116 25688 35046 
34751 34740 36705 38423 31119 43743 41307 24218 47752 37133 40486 36485 43975 46361 29189 38513 
29158 26421 28789 32897 19277 34649 34186 16341 36812 26409 35668 27614 34671 40887 21980 28852 
29856 25530 28395 30292 23344 36860 30307 18574 39197 32864 31884 29254 31479 41039 23978 32850 
32685 32506 38424 42008 29050 44589 41840 24877 49669 39815 38927 34185 47076 45897 28897 39628 
36263 39413 37822 35066 32470 44344 39198 27651 42510 41570 34983 35749 41846 47516 34272 40137 
28789 28405 26964 30075 29164 33187 33486 26051 34965 27309 28972 24541 28971 35182 19650 30223 
27079 28027 22829 31005 30197 35782 30577 21619 39200 26075 33118 22253 31799 39261 21722 31259 
28796 29864 21558 22306 19619 31614 22785 19849 25507 22424 25303 19464 28847 36135 23513 22261 
40640 38180 39006 33993 29751 51141 38196 24423 47559 38755 43325 36596 38972 53849 34116 44650 
32426 31248 36226 29655 20447 37799 33261 22125 35019 33182 32453 32025 36298 39918 28349 32439 
31761 28580 27131 27974 22246 35925 28606 16918 35249 30315 30988 29278 35015 42964 25295 28011 
30488 27964 31723 31934 26065 36289 31621 25549 40042 33851 35280 32481 32052 36431 27410 33913 
35721 36515 31598 28151 27888 41944 34163 23093 39877 26835 38974 30677 36267 44356 26727 33196 
33399 28016 29375 27819 19546 38460 29831 20193 33780 25904 32294 26251 31256 38776 22587 29247 
32231 36515 27001 30910 34125 38784 37241 24650 41623 29601 34005 28835 35002 42792 23391 33433 
22600 23566 20104 26339 30632 30490 29195 16005 39856 24066 30857 25689 28971 33502 16793 28486 
38572 42566 35351 33915 34976 45865 40882 26769 48597 37872 40843 37123 42132 53145 31250 39784 
