91749 89182 75865 70097 95977 95698 94515 75507 81191 95934 67046 96211 80272 80244 79087 76878 84822 94364 78328 88095 87551 76518 97542 81252 96413 71553 99225 84714 89734 99103 84972 87221 80897 90428 
71504 81583 61459 77307 75421 84598 82392 85401 69704 78798 66787 78515 68320 72834 74498 72994 78251 74294 76864 73720 82775 71361 82287 70058 86460 69176 81225 85593 87846 85815 79636 80001 72529 83312 
91269 96692 82804 92106 98475 98412 97416 88121 83065 100071 78888 106972 87433 97891 89125 88878 86100 87570 87992 93628 99947 91508 108511 84399 92790 76546 103283 92799 97999 107434 92552 96410 89913 96815 
122975 123493 108446 112582 129104 126637 122413 103115 107037 131706 95110 136814 105265 109434 123951 110125 121565 108612 115511 117671 124701 113563 127616 116796 121930 101920 117583 119085 122566 125981 114488 120791 117448 119510 
80372 78622 68800 63023 75465 82183 78128 64185 65822 79705 58627 85072 65908 68947 70155 80295 72890 72364 71140 75969 80373 66573 76771 67479 73408 67367 74812 77331 77654 74224 62559 74237 68174 81272 
75988 77898 66863 69352 84535 73537 76447 64581 72779 80711 51544 94557 66076 62973 80883 69351 72867 73012 79253 78541 79026 81380 79691 78485 79667 65865 67441 81122 75377 71482 76172 78368 68994 79343 
103220 107671 91554 93255 98159 111892 93525 82193 81077 111917 79163 106048 95110 91811 89959 91721 104696 92833 92459 97712 105770 81553 106787 94110 100800 81861 101774 91236 97670 106039 93464 94397 91425 105397 
94117 90073 81964 77763 96560 94777 93984 84890 79840 95495 67892 106841 79758 84509 90089 94383 92970 91131 82477 95546 91106 77956 106188 82749 100136 79998 96074 94460 90534 94085 90972 95155 87353 95037 
93523 94551 87033 83757 89292 98219 89516 82349 73328 98778 72397 96658 89068 84777 78292 92027 98098 83742 86992 92803 97324 77021 103520 82066 93442 75901 92144 81346 94431 97443 95943 92555 83593 98919 
91367 91130 76247 84470 89014 87197 83591 79174 74105 101259 70047 106705 77856 85925 90663 90881 92620 81646 85850 89725 92082 79719 95035 81984 87589 70541 92778 89026 89410 84424 80597 89270 78058 98594 
86266 91308 80813 75779 106687 95123 84611 77056 80487 97022 74587 96444 89085 84053 82184 86188 82745 85835 84370 84347 85215 80811 93731 82498 94000 78703 97412 80341 89632 94417 90278 85703 82500 88650 
78905 85901 71211 74982 88347 87920 85011 71146 72325 96082 65770 96197 78137 77905 78985 80416 72211 71824 78001 87545 86993 79247 79228 81724 86499 66485 88932 86970 84271 86685 78539 77412 71856 91080 
98831 100708 79888 91161 93739 107734 100481 74711 77735 100251 74172 113988 85027 83166 92670 94409 95565 93724 87580 94228 96431 88017 102440 81753 91945 81559 97484 86928 97376 95582 88155 102843 83740 78282 
114410 114661 89797 99167 110650 111171 112201 89002 86760 120023 78559 128203 99322 97275 103793 100206 106979 93352 97938 110167 113748 89383 114089 100773 112344 88772 105130 101804 105899 104403 100607 107993 99283 109765 
98999 86072 78303 75201 90983 96243 94931 81750 73803 100008 70175 98881 74957 74495 82987 89041 95157 83804 75883 83167 92418 74072 90109 75881 97483 77088 81417 84813 97069 93583 99614 91736 77322 93999 
111521 103171 95486 89036 112231 109699 111636 84783 96819 111256 80334 116579 96133 90885 89974 99514 106324 96477 99231 100502 99296 94672 109862 96858 101805 80099 96754 93497 103946 110003 106584 116747 96015 98832 
65000 78878 66028 70866 76691 73056 80031 74927 66388 87542 67056 88741 72274 72032 70563 78952 79213 67222 80620 71474 80321 68687 77500 70285 74736 64647 77866 70409 78537 73358 73097 77732 66320 78155 
83330 88377 78253 74996 93772 84846 87449 76955 74751 103718 60389 103878 78585 75783 82221 92069 95106 79863 88725 87860 84886 84498 91584 84030 89588 70450 82152 86203 80287 84431 81818 83377 76805 95121 
83490 77664 76051 71465 87875 84554 91336 70787 83481 88249 64754 94888 78404 82626 80442 80468 89133 75647 79007 87671 90862 73228 93515 73338 84337 66603 75894 83361 82995 93496 86519 82667 81212 88390 
98750 93653 84230 91879 100453 104701 97967 80626 83546 97735 72800 103858 95831 89760 89013 92427 95742 86321 92021 88862 99483 87591 107880 93093 96009 76060 91308 95740 95160 105434 94327 95946 91751 89040 
96540 110925 90929 88200 104752 105141 94860 88435 81661 116248 85761 110384 93860 97373 92812 96009 106055 94343 95310 100223 105290 83295 103599 84579 100292 92874 113008 82027 100121 98840 96058 95461 88487 103135 
100748 91676 81972 79013 97098 97065 93671 85170 83141 103598 67285 102522 86743 88815 81510 88227 91641 84863 84344 85432 94416 78851 102422 85751 101637 76155 96906 90158 89545 102325 93355 93071 84131 99165 
90364 86420 86872 82388 86402 92811 85271 74383 78651 92254 71947 98157 69381 86516 83591 85892 92983 89665 75976 87939 86410 70539 95645 75991 93471 83392 93106 83857 91053 94216 81593 93323 81816 93526 
115325 114397 102566 105681 111644 119640 110809 99026 94182 125239 89103 122522 110013 116875 95458 106703 117022 101802 103915 114348 116461 84937 130222 102598 115142 93801 119127 100703 102417 122640 109454 113495 112275 115445 
96322 87040 77010 78432 88913 92536 78666 62101 72693 95245 59422 96170 82910 84859 79489 75390 79692 80165 77752 86408 86517 72761 89135 75660 88397 67377 92007 78209 76465 89645 81259 80904 78910 85056 
89120 87622 72331 85806 99770 93222 95716 80941 78540 95551 73719 95569 82018 87435 79074 72668 79922 85278 80753 88720 80844 77629 95285 78113 97368 74366 97967 83044 88066 95052 98290 95234 88030 88222 
95261 100880 77282 90629 102562 99844 87194 76306 85317 101548 75875 116802 86561 84165 97810 87722 93095 97260 91850 92362 102037 80776 102605 91932 99511 90797 91698 88905 95701 91124 89079 93251 80358 94880 
85308 93736 81429 76935 86480 90182 88049 69835 79626 94670 71454 102527 76831 85058 80437 76118 81040 74166 78053 96891 101077 76969 83967 77541 86475 77987 88419 78827 91891 91247 91434 85784 68076 89745 
110792 105165 98327 96972 105972 113077 101398 84369 87062 112517 84678 113422 92774 100202 99090 92254 99811 90760 88139 101291 109283 88138 105931 97311 108117 90928 110928 96761 112631 112056 99755 96910 92821 106019 
74407 77879 73739 74460 75271 68848 66987 58677 68775 80802 49543 93671 61995 68105 81111 65189 74177 71312 71016 80555 82731 81103 80115 73355 71830 55764 69234 84425 76143 78274 69362 76075 67279 81947 
96003 109930 100438 96527 110749 106527 92822 83705 89729 122970 84469 122625 88498 95884 104790 101705 102468 99718 94906 97604 103333 99646 102893 96806 105278 96243 110095 97519 106628 105685 95010 102978 86890 101959 
87243 84834 73141 78531 88658 87071 81575 70016 63197 101182 64058 95707 70483 77346 88154 81269 89564 70567 78031 83228 89839 71637 81916 77755 88706 71789 81195 78590 79985 81360 82320 81540 71402 88917 
108715 94883 97318 89439 111057 99812 89244 77696 90962 111030 78914 121024 84925 87810 100664 96308 98255 95390 97115 92516 101754 92307 103838 85943 95062 92735 98359 89203 94657 99398 97831 105389 92722 98684 
77059 86269 66643 72571 91690 79987 86284 70336 81221 87617 65918 93726 78273 75220 76684 78883 82726 76559 77924 78074 76376 78362 92065 76602 79421 61290 79452 82906 89693 87393 70290 83154 79981 82470 
100980 104177 88416 89183 103307 111886 107211 92755 85194 116589 82160 110755 88098 94876 89342 89543 100305 97916 95598 109474 104594 83132 103494 90956 111023 94900 111868 90042 94327 100678 108428 105648 88838 109838 
88240 91143 87245 85946 88026 99764 89396 68140 81689 94593 77404 97749 88560 88675 77597 85338 89789 80865 84432 92596 94256 71655 96864 76604 82687 79722 93006 79665 88650 100101 79589 89738 93266 82882 
97376 94136 87358 90706 99852 94957 84386 85312 80919 94229 72896 107250 76615 87319 89434 90584 95552 80562 79080 88087 90892 80213 103373 88557 100810 79991 89812 89159 96880 105203 93910 97978 86580 96848 
116888 108382 98985 95812 104860 114917 105277 88525 81412 110833 77608 109913 88325 95913 91857 93355 101086 86956 87051 103868 106023 93568 107886 87326 101530 84613 100512 97281 100939 115146 111060 107706 100076 102454 
97468 102369 93414 81025 96560 96456 94624 86778 81724 106977 75701 105851 87696 85456 81912 93207 94894 86968 93621 94887 104417 85783 95463 79389 90321 85254 94334 88085 98327 96862 95403 97173 85145 98947 
97432 101400 80352 87949 97883 92758 79436 75304 84320 99530 72252 105896 86733 85482 90353 74717 94592 88946 83286 91932 99301 73991 102542 91037 99397 81815 95562 83429 98629 96740 88847 92213 84341 100848 
115030 108840 94597 94991 107059 112695 103015 84095 87725 117682 83320 126375 85637 97934 106095 97787 107261 99108 90754 101297 110257 86843 110751 93176 104704 92456 114053 92122 102958 110303 93525 109832 92386 100052 
93122 95508 79872 92713 98911 95890 84111 82044 71624 106271 70948 111028 73159 90097 104248 82141 93153 85134 79924 98070 96258 87765 96365 83871 100164 77292 105084 92738 88872 94592 94107 94354 80762 94701 
75033 78677 68086 63576 77385 76328 79661 69675 58916 96891 59288 87974 71353 66753 72469 77224 82662 74894 71327 72564 79674 66176 78687 68017 77369 61886 82179 73811 78880 72816 64575 70020 70928 83864 
92802 87720 83535 78775 88583 92041 88560 79035 78465 95595 67392 99994 85203 89686 81114 93446 95628 83738 90753 89411 92227 77237 103912 73747 85340 68647 94649 80667 81028 97591 82693 86768 85914 93101 
97622 92034 88801 80809 93893 99854 94600 81154 82101 99738 70240 101623 81609 84765 81881 79992 88594 93300 84444 96422 92545 79638 96140 83207 103668 82135 101809 85800 93170 97924 97779 90747 84312 101208 
108004 92416 88708 87047 92055 100857 100267 75294 75310 105987 68375 101484 81814 88525 82057 87676 96403 84999 86177 90204 92576 72348 100849 86208 93706 78284 85262 87533 86467 95841 84562 96048 96285 95523 
86400 87254 75452 84506 88945 86525 87332 68524 73508 97140 68746 100278 82248 84477 81633 80474 80252 79014 82768 86911 91726 76053 82615 83985 94685 71870 87729 82302 96618 86781 85041 80030 69199 91661 
77498 85264 74418 74540 85038 76104 82324 76479 71795 89153 58187 97529 71373 73760 81653 77791 88453 73360 79564 82817 86044 68666 89306 84292 93274 69991 78833 80884 81241 84344 82126 85130 72305 86526 
97416 90269 72698 88853 91630 91393 94217 74214 78598 102703 70214 113879 86100 79506 88524 81705 97793 85374 89169 90233 95250 66135 100618 91408 97446 71896 93981 86174 88957 88934 82117 95932 82763 91650 
85433 86459 80195 67901 89124 86377 88466 71654 75536 93903 67576 91653 80690 74712 70410 81390 81674 81892 77734 83505 82536 76513 91945 77721 81110 69304 82896 77533 88483 85425 83755 85221 80902 93944 
91166 86402 81080 85385 85774 95688 88382 77125 65041 97008 66154 98043 71252 79616 83393 82582 86165 84821 71862 82483 82057 84515 92025 75659 89650 65856 97903 87522 88413 96923 88966 94683 78134 78612 
81353 75653 59748 62513 71228 76807 70326 62947 57703 86991 48609 83582 63596 68525 64551 69370 72957 71843 62714 69523 68387 61106 76845 66223 81239 55490 80672 68811 66978 74274 69780 68932 60605 79311 
94565 86113 84065 79291 101584 94513 89634 73312 78463 103186 67313 101041 85510 76783 85877 84511 89103 91831 85827 83967 82788 92661 99343 82659 86617 71783 91223 87431 87864 88473 91429 93946 86811 89802 
100694 86568 87403 81354 84143 89574 83337 60316 78887 90739 63612 102952 72451 74558 78917 76202 86965 77175 78943 91873 82018 72581 91000 87649 83275 67258 80717 83166 82838 83368 83000 99236 83642 88182 
104524 105392 84245 92224 107982 104313 103052 90670 92729 109838 78463 119276 87895 85375 99363 89621 105973 96102 91570 95685 103350 88094 106228 98045 108006 87250 96742 99891 105425 103517 100408 105912 89559 105267 
89961 88469 84367 85459 92948 97051 88324 79269 65355 102850 71199 94808 77128 88105 91101 83540 93456 77990 80960 91753 89032 80835 95510 77892 91830 74134 101695 85706 84970 91556 86107 83766 88434 89418 
89068 87802 70600 82456 80521 90988 88144 63552 70336 84574 69008 99690 75304 76197 75120 81272 84510 74468 73725 87656 85873 60869 90121 77247 83237 66766 82377 78231 86793 86781 72914 95584 79198 74739 
86124 88037 76396 89828 86755 92654 85499 80142 76231 99266 83895 103310 81674 82227 82076 89931 89175 75411 90563 84502 94566 67057 90232 82832 88210 82882 94252 82707 93072 88874 78910 87927 84778 91403 
87555 84893 68285 75370 90251 82203 77811 65421 70281 97938 58900 99874 67768 72795 88457 69534 84475 73672 78520 80316 76118 75985 84776 83667 89911 71420 88066 76262 76840 72094 75537 78108 74156 82744 
71774 83069 72492 64687 90875 80093 76457 60751 79948 83906 60476 86109 72513 70930 75458 72800 77130 73686 74834 79376 75172 77213 81587 82438 76868 63598 73339 81747 80293 80158 66846 77143 70396 82766 
91329 88518 70734 82065 92150 101268 98144 82025 76381 98846 74073 95742 80635 79386 87183 84397 94027 88970 97121 89367 89029 77739 96833 85139 90831 79528 96324 85280 83368 85310 79715 88270 90895 89059 
82543 93626 83174 78629 92784 90339 85625 73603 78686 101783 73423 100369 80676 86521 85000 77002 87631 76871 74901 89943 99214 78499 88461 82056 90306 77368 91625 81521 93745 98239 92434 83663 73938 91357 
96585 91778 80188 83600 87382 97465 93653 75866 71749 98249 72413 96735 80116 86123 84280 78138 89060 78001 80175 89183 100476 76999 88425 75504 92249 74204 96291 79120 95269 98326 98206 90541 73254 85812 
89087 83706 64855 75027 91569 92276 83754 77133 69965 98310 71106 93135 72848 75418 87172 75490 92632 72665 75193 79965 87663 70258 86110 71037 88462 79096 91644 76188 86260 84818 80834 73841 79872 85700 
84610 86893 72799 81839 88418 83792 80507 75851 78117 96427 64206 103288 68549 77908 86111 73659 91107 82617 82655 89593 88735 77509 88369 73588 91265 79767 83528 81647 80807 83842 90177 86180 74917 91252 
103001 97127 82805 92145 91957 102282 91342 85005 77618 104217 70084 105018 79149 85705 94659 86435 102632 89447 95024 90427 102523 80461 99005 84792 100958 85095 96789 89207 87848 97091 91978 99011 85940 95304 
83419 83094 69459 73305 86522 88174 82852 66575 74513 84498 59636 96949 69311 74390 84029 81055 79276 75354 70957 88484 82800 79147 87273 72384 83336 68639 80116 85203 83506 84715 79087 86364 70730 81834 
96408 92231 77754 89141 96013 94598 92159 73767 80343 98366 71963 109381 70095 88668 92925 80665 88042 84991 77959 95188 85644 85070 95163 77964 91271 75863 100535 89046 91798 94571 81365 95145 84783 92661 
81535 78125 69535 72277 82439 81153 79451 67552 65955 85313 59129 87201 75762 72690 69708 80771 79634 78705 69099 71973 72774 74171 88664 74102 80834 53478 76596 76576 84718 85035 78666 82923 70058 83137 
57650 65923 57417 65759 71416 64555 73606 61165 63532 77419 54383 77402 64275 62089 71694 60272 75874 62069 73409 67445 72476 59988 76566 66312 69532 57956 67427 72905 65834 68511 58953 62213 70971 71099 
92507 95581 86849 89241 94130 100060 99952 77769 84031 93302 77257 107184 78143 85944 88590 88921 86327 93027 81578 94990 94027 81994 100108 81463 93115 88083 93520 95467 102529 99618 85024 101694 90885 87576 
103423 99690 84678 85743 100893 107861 100889 85291 89132 103671 79640 103814 82739 88586 94221 87502 102236 96372 90462 92480 98967 78605 103283 89201 103214 85826 104133 93741 97850 106080 89840 101987 93120 97945 
73013 73468 69821 72604 79453 81966 83978 65239 73971 81323 64113 92230 70248 73606 74426 75233 71605 74337 72642 79970 78635 71857 82290 70853 81617 67316 79612 78454 82645 82072 78042 77658 68743 77863 
106646 95336 92418 90196 95344 100781 95742 74116 80340 105459 74387 112530 84123 85220 93124 88683 104272 80417 83563 92946 100603 83415 100272 86029 94446 80016 94048 84401 100697 101851 93753 94174 89909 94372 
107239 120553 105492 93147 119104 110857 100493 91024 91056 121831 78750 122445 101011 96531 98308 99690 109619 102435 92829 109535 107953 107550 120221 103615 103485 88152 101359 98386 107981 112616 109107 108800 101889 113278 
96639 93380 76459 87667 92110 91982 79771 74979 70764 98392 65942 106304 75016 80278 85828 84707 83173 85571 77196 85826 87403 80744 87103 73848 95630 84616 92953 85918 94148 86452 84515 85566 77844 91024 
77839 79139 61731 66762 83068 79741 80677 61308 73510 80549 62184 92522 66280 69809 67937 67249 71656 70843 69807 77033 75813 59790 77955 69123 72965 65687 72485 67897 69396 77727 69751 85833 68740 69172 
65269 71500 55881 63234 73083 68518 68002 62527 65924 72717 53823 80035 71387 68086 60554 61505 70666 68301 59611 68607 67568 62017 86891 64091 71723 49159 73884 64073 73480 80525 67859 63147 67040 77308 
83762 79928 65861 61135 81479 81475 77462 62272 69566 92750 56891 93934 64452 63155 73778 72517 75857 80893 72814 73970 74697 67746 75649 78707 79435 67763 79216 72878 73478 70438 63390 77760 67674 81557 
94908 93282 78982 90333 91219 95418 91243 87686 81030 99449 71469 97994 81160 92353 82218 76914 96377 88331 84707 92786 92305 78349 105533 82105 94321 74285 93441 86604 86349 100733 94583 99017 93507 99388 
99734 83196 83694 70625 93411 91692 94702 70733 82617 99475 64747 103390 77425 74702 83896 81411 85614 83361 84718 92272 93124 77508 88076 78063 88409 77601 83842 88687 85240 83930 90353 92450 80929 93376 
105381 104071 86081 84476 108452 94838 102285 95809 92391 116117 77987 122105 91579 90630 94983 95845 100663 105362 96626 98142 108305 89158 108762 91298 102075 85132 95613 97093 103528 100789 102693 106581 93423 113774 
93233 102586 85929 92894 104303 95009 82322 77699 86374 100779 76894 113155 93771 95481 88776 86864 94288 84048 85624 101025 95530 85585 106553 87074 95023 70404 105651 87715 94919 106363 96231 98803 87880 94700 
117530 108576 105844 106319 117846 113207 104053 93274 91291 124856 86197 126915 99498 105257 105287 101929 111610 109763 106902 106135 110736 99341 125448 101437 110268 91858 120163 99591 104402 117289 107096 114922 106155 113320 
90306 85156 82136 80914 90982 94762 86318 82232 72611 93159 65669 97324 77571 79761 86708 89040 84897 77487 81339 92517 93361 82441 90468 78940 95881 79456 88611 94097 89553 91512 92592 84875 83494 94358 
91966 91251 76369 90123 95370 97197 88734 71144 80356 87334 74447 101781 81990 81907 84327 82052 78792 77086 87872 98360 89364 83764 88037 82661 91649 75238 95327 90226 96441 89754 86308 90175 81061 90436 
95038 92273 73653 89848 97911 90815 86491 78701 82205 100005 70347 108764 81053 84968 89161 81091 88240 80801 87435 90466 89902 83754 91869 75601 95294 80949 90631 86736 89276 88329 96941 93427 83965 89249 
112944 105301 105604 90205 115899 109203 105013 94838 93963 123311 75689 126946 97657 96885 102444 108170 108256 100185 101707 102684 106073 100287 116455 101490 113004 90878 107291 105419 100106 108334 108637 106506 98706 109818 
97924 83776 78061 79140 91410 88014 91907 78942 80460 96370 64631 107906 73713 71572 81322 78726 90279 86968 83509 87815 86272 73341 94146 84533 94649 75296 88874 88861 86004 88904 86099 95525 85250 93008 
83708 78997 81790 70229 83428 87474 71881 56746 66413 87104 62108 85078 71095 69277 77730 68215 72943 70483 71017 77378 86690 72300 74297 78330 76570 70974 75175 72518 78524 81167 78682 75777 72006 77603 
83453 94824 76849 85591 87947 95344 84411 76715 68617 86495 70286 85105 78348 88966 76475 72917 80912 77119 71758 77091 87784 76746 90562 74741 91915 72192 91663 79645 91412 101299 89285 81895 76082 76824 
92964 88444 76039 72196 94305 88059 81688 63982 76998 100256 60417 100854 87871 80590 82023 81550 91197 76047 80639 84052 86513 77360 92646 77332 83722 66792 85573 71890 79803 84281 80072 80818 78397 87818 
92580 99064 92062 96511 106098 92388 81051 74916 77941 111842 78907 120083 86610 87276 94884 92204 93135 80211 85776 94899 92834 91762 99361 85256 90847 82178 101819 86137 95070 95694 94227 98661 89911 93064 
62792 67759 64542 68497 77720 73770 65509 61799 63871 79380 59446 80555 66180 65278 70162 74589 71576 64076 66795 68921 67587 74299 77853 71092 73866 53970 78336 79708 78678 79524 66269 62146 62763 78099 
84924 91164 66648 77541 88989 95426 92706 74531 78464 102303 72534 100594 76506 79711 78736 79885 89043 79116 80349 88574 85414 85091 83537 80610 85182 67346 92338 77225 90382 89618 85041 86999 69229 85666 
