33702 43161 33368 39220 22304 29776 29360 34416 40165 32090 38135 29039 28329 30257 28715 32993 30628 38922 30778 34721 34767 43926 31505 40348 34288 40250 39808 34716 
33533 36111 27636 37469 19798 31412 31150 33091 41816 32244 35196 24214 29837 32090 30235 29717 29841 34098 28636 35860 29885 36972 23158 33875 28588 36160 37082 26116 
44929 50887 42318 46580 36595 39083 53099 46510 64873 47944 53628 45842 49767 42296 53430 53925 40745 48558 42882 48188 47893 47482 37599 49112 51028 53163 52106 38623 
32541 44347 32699 38359 26696 28280 39013 28801 45840 40222 41142 33005 39207 37856 40173 38672 34383 35608 32532 33634 35108 35808 27014 39713 30922 38129 47347 27148 
44339 46787 42901 52915 36880 46281 52573 49478 65870 46947 57527 42693 46575 49785 51668 53030 49440 52376 41918 47342 45889 48213 35166 54541 49838 46500 53746 36321 
22787 31590 20679 31045 17823 29390 32765 32327 39172 31959 37668 30710 28897 31475 28152 30962 33915 26035 32274 26482 33592 33101 26816 36299 31031 34232 39471 27871 
40892 49484 37596 47975 31356 40102 40640 36063 56165 46464 51262 37513 44450 45018 43316 44727 43143 47833 35369 37740 40869 43460 32894 47630 34914 39777 51527 35009 
28938 35991 24782 37584 25848 29686 35734 31541 43874 44865 39754 35619 35402 33036 42035 35209 32573 32587 27072 32948 35932 31585 32606 34614 32387 32978 39214 26036 
43228 58530 42467 50332 32824 40002 54336 49166 61648 54012 58277 46682 49108 48928 53479 53250 48110 46113 46711 49913 49054 57929 40145 57038 49412 59490 62304 44097 
44952 58970 45712 54004 40993 48695 50285 49951 61316 56477 65329 46220 44926 52110 56809 54919 49661 53647 43795 46447 48598 61061 45943 60809 49945 52241 56630 45899 
32423 38274 28744 38454 25171 32445 32547 31356 46916 37403 38459 29094 31408 31074 33422 31846 30406 38125 27607 30634 34390 34420 26617 35404 29043 32514 39734 28259 
31119 43187 30898 37198 23478 31764 39213 33962 47644 37107 42771 31903 34434 35581 34387 41090 39953 35572 37642 28543 36547 39158 29196 44026 36160 43205 46080 34685 
32179 43530 30233 37514 29671 34232 43037 38808 52864 44122 48298 37125 39549 39493 41460 38893 36391 36134 31681 34522 38940 42750 31217 39578 36834 39108 46477 33650 
39191 51765 34196 52480 33363 42871 47840 45218 59819 56839 54037 38980 44658 49341 49795 40596 46204 43293 35447 41232 45142 47865 41026 47291 44303 46197 53617 37782 
39843 52175 39011 45663 33323 36996 50873 48003 61098 50445 54871 45611 47543 43138 50753 47784 41569 44648 39105 45594 47459 52458 39303 50686 50608 53176 54377 42642 
31960 37878 31358 38653 22359 30200 36750 37509 46803 34113 41783 32967 37527 34847 35088 39338 38961 38078 31949 32681 35789 38492 31367 44659 44208 42536 39989 35667 
33088 43710 25490 41174 28577 35371 39956 36168 50362 53897 45083 36437 39813 36008 48673 36385 35009 34613 31388 33446 40180 37278 39351 39051 39551 43345 41416 33876 
29248 38205 30963 29976 30559 25560 32040 26562 37820 30626 35657 31351 29948 28640 35332 29620 16370 31421 26927 34832 33123 33757 26304 27688 26671 29015 35969 19890 
21285 31868 21455 31196 19723 22944 30092 30717 35278 34633 33260 30683 27922 26591 32302 22970 23832 25281 23861 29783 33133 32259 28767 32589 32759 32717 36413 25521 
32409 42469 29654 45613 27811 37759 37331 36266 50261 49379 47121 34273 33875 39047 41831 37332 41859 41083 29686 31529 38015 40157 33517 44703 33095 35130 46581 33312 
33803 41799 31971 36091 30229 32708 35641 32565 45827 35726 41323 36627 34588 31435 37035 38183 27183 37214 35448 34976 40216 36648 34294 35907 35113 37656 39926 29161 
43945 50314 39599 51946 33843 40941 48583 45803 62962 52266 54109 43571 48550 46200 50685 49336 46132 49862 36892 46404 46009 47718 38474 49492 46150 47147 53287 38709 
36214 49833 37633 44146 31033 31509 45716 38612 57346 42782 47151 40722 44890 41547 39849 40844 38221 42453 34459 39123 44543 43041 32656 42930 40136 42175 55351 34746 
40016 48539 41428 52960 34192 39791 48029 46416 60132 46581 55304 50290 49066 47709 47432 49225 46774 50057 40721 47847 51564 47194 42087 54229 50151 45084 58021 37822 
38228 48754 35373 47380 30961 39287 43820 37556 53823 50229 50494 35155 43234 45170 49780 43224 43175 42611 36934 37138 39538 42890 35054 49842 41222 46019 49330 34694 
33847 41099 33316 39780 28748 37594 37504 41385 48780 35698 47945 39122 35903 37230 37305 35676 31120 39926 35879 41442 42189 46249 32867 44022 38918 39502 45839 33019 
43673 50647 40524 50499 33941 37660 49607 44136 63676 51604 50553 43754 47977 40972 52410 47732 40501 49365 38206 47006 47374 45132 36810 49096 47263 50149 54048 37442 
18565 27849 16603 19626 13541 19383 27892 27075 31586 22912 28279 28715 24664 19685 20793 27015 21965 17915 30066 23074 30628 28257 24384 26071 28557 34325 31344 25904 
33013 46441 31484 38728 28194 29411 42801 37280 51783 45979 44031 39168 40394 34031 43184 39980 34282 36446 33808 35354 42018 40749 35876 40749 41620 45885 46874 36226 
33689 50880 37428 39744 29984 31901 43212 40010 48542 39158 48409 38935 38495 39584 39136 43967 38591 38210 40064 35954 42727 48634 38980 47328 46153 49403 49045 39975 
37027 39335 33253 46407 29292 35003 39447 39149 51955 47877 45518 38708 39247 36603 47798 42460 38840 44551 28722 41034 38994 38696 34691 43992 40276 38023 42554 31723 
50039 56877 42135 57448 36825 52444 51330 55251 67863 56897 62717 50614 48863 49200 53707 55195 49831 54732 49343 53773 55507 58858 49120 57163 52611 57512 57767 47146 
40408 49263 39818 44744 29158 34897 41602 38516 51600 39607 45105 36604 35330 37726 38491 44315 36454 44337 39077 44330 40668 47383 29725 43666 32942 43473 52135 32320 
39072 51744 40455 44398 31861 36408 42989 40491 53939 38249 48886 40913 39431 40454 37056 44107 37158 44545 41757 41993 45991 48691 35761 45779 39779 45259 53876 36585 
42345 52867 42088 50392 30583 35454 38299 39979 55792 45150 49791 41745 43880 40335 40917 40689 37315 52140 31958 45201 44929 50508 35359 49162 38180 42419 54893 39569 
