264730 257298 237884 254015 239175 257794 249442 264616 242687 235677 242893 261977 237883 231963 263420 288289 227839 264270 250319 203789 239535 224857 
239950 246714 246573 233774 225634 249151 233060 251392 226459 221804 237848 246196 241254 240113 240851 261692 227008 266075 227965 235181 243592 216708 
252971 263857 248318 235145 242979 242937 240456 251258 239898 224898 238328 236540 247254 232630 253206 267863 244552 249576 240418 212682 244416 214741 
276818 282063 271205 253793 259759 258968 266032 272840 252032 246354 261829 277955 263707 259527 265112 279821 270077 279966 253572 222454 260118 246807 
287891 285843 267284 271598 267125 281319 258541 291850 266766 244888 265508 278246 277105 255256 272250 280731 279191 297239 269757 232584 258801 237153 
255741 261483 256169 240890 225247 232439 252465 250801 222803 219739 234275 245569 251091 252037 240736 257683 234695 248284 242319 218857 239590 217358 
242167 228610 233262 210379 211888 231723 220510 232989 216189 212550 216109 232416 220568 216913 223043 236390 206476 246858 208735 198110 220606 204951 
277093 261163 243421 254117 240641 257861 252157 260201 249170 219786 250208 248409 256955 237307 256746 273706 256135 269619 255701 229774 251992 240998 
259842 258459 274427 259107 258112 262015 253216 275877 238118 245382 243377 265116 273551 259296 264457 268032 254534 286583 234345 235043 262572 234899 
272280 270965 265590 253445 259800 259695 253377 264631 234242 232088 250600 265488 269320 235688 266052 286940 251466 275851 258357 221852 248946 244363 
248169 251768 246226 260705 242250 220274 233387 271249 233558 227588 239542 244379 244452 244651 245144 271179 228002 254860 237277 228622 247984 219447 
282472 282269 276924 282961 270783 267480 253955 287201 261406 245688 279312 288419 279589 274047 268447 290703 263470 294451 275260 247324 269586 261083 
256426 264564 238971 256912 252142 267535 241797 254872 250108 237177 253984 260546 259576 236923 254634 280119 241289 270582 238154 226853 243943 230882 
242105 241919 235089 225290 230577 237526 220911 247072 223762 211888 231300 242327 246884 219763 237063 243162 239781 247418 216126 219011 226972 209174 
216787 225139 216772 231125 219125 209271 221640 235588 216601 189979 198146 217217 199486 203314 219712 231183 218225 245020 197066 206186 220402 198921 
272189 261679 272005 255053 245188 257093 258171 265259 254422 232172 250921 270436 255491 267516 248670 275229 245941 279765 243162 226069 265530 239860 
259413 253675 250682 237809 245848 256658 239755 267642 231825 223654 247075 243531 248141 243045 252357 275294 239894 273311 242902 224408 234490 220263 
263861 269617 246675 228067 225283 255227 246195 262765 234305 232036 242959 250176 250293 273812 243720 261876 250715 277024 244316 226155 239902 239213 
272139 293244 291250 262912 248866 266463 267264 293569 262507 253397 259305 287242 283420 270127 266710 295811 273946 287144 258163 257739 261849 262217 
258130 267050 258004 248756 232881 250740 246826 265184 233309 230226 236563 255271 254048 238316 258114 251520 249213 265461 236430 217159 255517 227082 
309128 303251 282408 281364 266188 289734 279877 289983 257477 267008 271137 301838 285313 270236 281946 314192 256611 308449 272118 258980 280014 251742 
270638 268263 261955 259911 232321 269341 254594 273000 247939 238670 261098 273693 272935 247133 263340 282077 251863 284048 268405 222561 258637 247544 
251540 251555 253875 249437 239005 256551 247321 274436 229836 226992 240568 245128 247716 242698 241427 258137 233422 268366 229260 212141 249958 219515 
259484 275543 268573 254388 249858 269253 258244 283453 265270 238630 258344 267511 276623 259899 276965 274599 266770 294934 255756 239251 256704 246470 
262067 264196 233226 249283 232244 242308 245581 242210 232436 231063 240290 260618 237937 231659 239226 253430 241298 257265 230863 223332 234188 215960 
262465 282298 265828 273726 247006 257164 269775 276994 245436 242621 254663 258836 270435 260638 259304 289674 266549 292737 265979 246863 258187 238010 
236043 234680 238726 224186 215550 221995 228229 235820 221666 203887 218972 228638 228164 241607 214655 248955 226535 241609 221364 203754 222449 203248 
308203 292778 280593 284294 288983 283304 267138 289990 261835 255130 265125 286508 282800 269288 293845 297906 273310 305456 263827 248702 282575 261539 
241579 229427 241135 238136 234162 237264 226682 229782 225072 222165 238639 243966 222033 236907 244825 249726 249342 258433 225965 216654 235907 207144 
279887 277702 276506 262644 262499 292222 259707 294903 262942 272912 270081 291495 282731 275251 271312 299711 253939 307348 275299 239182 265936 251388 
250266 244624 236851 232244 227976 246175 234372 246060 225226 217049 237318 239633 242495 222973 239976 273902 225800 262218 217110 219402 244295 205163 
