1
3
2
1
1
2
4
4
1
1
999
999
999
999
999
999
999
999
999
999
861
843
968
153
538
1
1
1
1
1
1
1
1
1
1
1
999
999
999
999
999
999
999
999
999
7
821
905
996
551
810
675
771
124
211
549
62
17
255
243
389
194
566
167
337
25
132
182
309
23
37
209
815
158
571
144
48
683
40
88
393
252
285
8
74
91
567
27
340
901
320
734
23
241
768
293
464
318
1
47
77
1
4
4
4
4
3
4
4
4
4
4
4
4
4
4
4
4
4
3
4
4
4
4
2
3
4
4
4
4
3
4
4
4
4
4
4
3
4
4
4
4
3
4
4
4
4
4
4
4
4
4
4
4
4
4
4
4
4
4
4
4
4
4
4
4
4
4
4
4
4
4
4
4
4
4
4
4
4
3
4
4
4
4
3
4
4
4
4
4
4
3
4
4
4
4
3
2
4
4
4
4
3
4
4
4
4
4
4
4
4
4
4
4
4
3
4
4
4
4
1
4
4
4
4
4
4
4
4
4
4
4
4
4
3
4
4
4
4
4
4
4
4
4
4
4
3
4
4
4
4
4
4
4
4
4
4
4
4
4
4
4
4
4
4
4
4
4
4
4
4
4
4
4
4
4
4
4
4
4
4
4
4
4
4
4
4
4
4
4
4
4
4
4
4
3
4
4
4
4
4
4
4
4
4
3
3
4
4
4
4
3
4
4
4
4
4
4
4
4
4
4
4
4
4
4
4
4
4
4
4
4
4
4
4
4
4
4
4
4
4
4
4
4
4
4
4
4
4
4
4
4
4
4
4
4
4
4
4
4
4
4
4
4
4
4
4
4
4
4
4
3
4
4
4
4
4
4
4
4
4
4
3
4
4
4
4
4
4
4
4
4
4
4
4
4
4
3
4
4
4
4
4
4
4
4
4
4
4
4
4
4
4
4
4
4
4
4
4
4
4
4
4
4
4
4
4
4
4
4
4
4
4
4
4
4
4
3
4
4
4
4
4
4
4
3
3
4
4
4
4
4
4
4
4
4
4
4
4
4
4
4
4
4
4
4
4
4
4
4
4
2
4
4
3
4
4
3
4
4
4
4
4
4
4
4
4
4
4
4
4
4
4
4
4
3
4
4
4
4
4
3
4
4
4
4
4
3
4
4
3
4
4
4
4
4
4
4
4
4
4
1
2
3
999
999
1
1
1
1
543
