1 2 189901 379802 
1 5 337 401 1685 2005 135137 675685 
1 2 3 4 6 7 8 12 14 21 24 28 42 56 84 168 1471 2942 4413 5884 8826 10297 11768 17652 20594 30891 35304 41188 61782 82376 123564 247128 
1 2 7 14 17 34 119 238 1579 3158 11053 22106 26843 53686 187901 375802 
1 2 3 4 6 8 12 16 24 29 32 48 58 87 96 116 174 232 348 359 464 696 718 928 1077 1392 1436 2154 2784 2872 4308 5744 8616 10411 11488 17232 20822 31233 34464 41644 62466 83288 124932 166576 249864 333152 499728 999456 
1 5 25 61 305 491 1525 2455 12275 29951 149755 748775 
1 2 5 10 63149 126298 315745 631490 
1 2 4 110933 221866 443732 
1 73999 
1 5 59 295 1373 6865 81007 405035 
1 701357 
1 3 5 9 13 15 39 45 65 117 195 585 1367 4101 6835 12303 17771 20505 53313 61515 88855 159939 266565 799695 
1 2 4 181301 362602 725204 
1 2 3 5 6 7 10 13 14 15 21 25 26 30 35 39 42 50 65 67 70 75 78 91 105 130 134 150 175 182 195 201 210 273 325 335 350 390 402 455 469 525 546 650 670 871 910 938 975 1005 1050 1365 1407 1675 1742 1950 2010 2275 2345 2613 2730 2814 3350 4355 4550 4690 5025 5226 6097 6825 7035 8710 10050 11725 12194 13065 13650 14070 18291 21775 23450 26130 30485 35175 36582 43550 60970 65325 70350 91455 130650 152425 182910 304850 457275 914550 
1 359 1783 640097 
1 3 301579 904737 
1 2 4 5 8 10 13 20 26 40 52 65 104 130 233 260 466 520 932 1165 1864 2330 3029 4660 6058 9320 12116 15145 24232 30290 60580 121160 
1 886339 
1 7 69847 488929 
1 3 9 13 39 117 7717 23151 69453 100321 300963 902889 
1 2 5 10 17 34 85 170 2549 5098 12745 25490 43333 86666 216665 433330 
1 5 6323 31615 
1 2 79 158 2927 5854 231233 462466 
1 2 5 10 25 50 10903 21806 54515 109030 272575 545150 
1 3 389 787 1167 2361 306143 918429 
1 43 16063 690709 
1 5 11 19 55 73 95 121 209 365 605 803 1045 1387 2299 4015 6935 8833 11495 15257 44165 76285 167827 839135 
1 2 4 7 14 28 30139 60278 120556 210973 421946 843892 
1 11 121 239 2629 28919 
1 406177 
1 2 3 4 5 6 10 12 15 20 30 60 11059 22118 33177 44236 55295 66354 110590 132708 165885 221180 331770 663540 
1 2 179819 359638 
1 70379 
1 5 25 29 89 145 445 725 2225 2581 12905 64525 
1 2 4 7 8 14 28 56 3433 6866 13732 24031 27464 48062 96124 192248 
1 2 3 4 6 7 12 14 21 28 42 84 1427 2854 4281 5708 8562 9989 17124 19978 29967 39956 59934 119868 
1 11 58831 647141 
1 664667 
1 67 6761 452987 
1 2 4 8 75503 151006 302012 604024 
1 2 432847 865694 
1 3 5 15 63697 191091 318485 955455 
1 2 4 5 10 20 2999 5998 11996 14995 29990 59980 
1 3 5 15 65099 195297 325495 976485 
1 2 3 4 6 12 137 274 409 411 548 818 822 1227 1636 1644 2454 4908 56033 112066 168099 224132 336198 672396 
1 7 19 133 2609 18263 49571 346997 
1 2 3 4 5 6 8 9 10 12 13 15 16 17 18 20 24 25 26 30 34 36 39 40 45 48 50 51 52 60 65 68 72 75 78 80 85 90 100 102 104 117 120 130 136 144 150 153 156 170 180 195 200 204 208 221 225 234 240 255 260 272 300 306 312 325 340 360 390 400 408 425 442 450 468 510 520 585 600 612 624 650 663 680 720 765 780 816 850 884 900 936 975 1020 1040 1105 1170 1200 1224 1275 1300 1326 1360 1530 1560 1700 1768 1800 1872 1950 1989 2040 2210 2340 2448 2550 2600 2652 2925 3060 3120 3315 3400 3536 3600 3825 3900 3978 4080 4420 4680 5100 5200 5304 5525 5850 6120 6630 6800 7650 7800 7956 8840 9360 9945 10200 10608 11050 11700 12240 13260 15300 15600 15912 16575 17680 19890 20400 22100 23400 26520 30600 31824 33150 39780 44200 46800 49725 53040 61200 66300 79560 88400 99450 132600 159120 198900 265200 397800 795600 
1 2 3 6 223 446 557 669 1114 1338 1671 3342 124211 248422 372633 745266 
1 2 71881 143762 
1 52807 
1 2 3 4 6 8 12 24 32413 64826 97239 129652 194478 259304 388956 777912 
1 2 4 61 122 244 1481 2962 5924 90341 180682 361364 
1 3 11 33 47 141 517 577 1551 1731 6347 19041 27119 81357 298309 894927 
1 19 14969 284411 
1 3 11 33 28097 84291 309067 927201 
1 2 371843 743686 
1 2 3 4 6 12 31 62 93 124 186 372 2297 4594 6891 9188 13782 27564 71207 142414 213621 284828 427242 854484 
1 7 13 49 91 113 637 791 1469 5537 10283 71981 
1 17 29833 507161 
1 17 289 907 15419 262123 
1 2 4 82471 164942 329884 
1 3 286609 859827 
1 3 5 11 15 33 55 121 165 251 363 605 753 1255 1815 2761 3765 8283 13805 30371 41415 91113 151855 455565 
1 2 11 22 10303 20606 113333 226666 
1 2 3 6 9 18 27 54 11897 23794 35691 71382 107073 214146 321219 642438 
1 3 257221 771663 
1 101 2957 298657 
1 2 4 8 16 32 11257 22514 45028 90056 180112 360224 
1 2 3 4 5 6 8 9 10 12 15 18 20 24 30 36 40 45 60 72 90 120 180 360 691 1382 2073 2764 3455 4146 5528 6219 6910 8292 10365 12438 13820 16584 20730 24876 27640 31095 41460 49752 62190 82920 124380 248760 
1 2 4 199999 399998 799996 
1 2 3 6 9 18 563 1126 1689 3378 5067 10134 
1 2 3 4 6 7 8 12 14 21 24 28 42 56 84 168 3803 7606 11409 15212 22818 26621 30424 45636 53242 79863 91272 106484 159726 212968 319452 638904 
1 23 3677 84571 
1 3 9 105277 315831 947493 
1 3 2677 8031 
1 2 3 4 6 8 9 12 16 18 24 32 36 48 64 72 96 128 144 192 288 384 576 733 1152 1466 2199 2932 4398 5864 6597 8796 11728 13194 17592 23456 26388 35184 46912 52776 70368 93824 105552 140736 211104 281472 422208 844416 
1 3 259277 777831 
1 2 3 4 6 9 12 13 18 26 36 39 52 78 117 156 234 468 523 1046 1569 2092 3138 4707 6276 6799 9414 13598 18828 20397 27196 40794 61191 81588 122382 244764 
1 2 3 4 6 12 13 26 39 52 78 156 2411 4822 7233 9644 14466 28932 31343 62686 94029 125372 188058 376116 
1 3 9 23 69 207 1597 4791 14373 36731 110193 330579 
1 112181 
1 23 47 433 1081 9959 20351 468073 
1 3 5 9 15 45 15727 47181 78635 141543 235905 707715 
1 2 3 5 6 10 13 15 26 30 39 65 78 130 195 390 1021 2042 3063 5105 6126 10210 13273 15315 26546 30630 39819 66365 79638 132730 199095 398190 
1 2 4 8 81847 163694 327388 654776 
1 3 277 831 907 2721 251239 753717 
