1 31 61 137 1891 4247 8357 259067 
1 2 31 62 12491 24982 387221 774442 
1 2 4 8 8467 16934 33868 67736 
1 2 4 8 16 17 34 68 136 272 1571 3142 6284 12568 25136 26707 53414 106828 213656 427312 
1 2 3 4 6 9 12 18 27 36 54 108 1399 2798 4197 5596 8394 12591 16788 25182 37773 50364 75546 151092 
1 2 4 8 61 122 244 488 1607 3214 6428 12856 98027 196054 392108 784216 
1 2 4 8 46073 92146 184292 368584 
1 37 12923 478151 
1 2 4 8 111721 223442 446884 893768 
1 2 5 10 25 50 2879 5758 14395 28790 71975 143950 
1 2 3 5 6 10 13 15 26 30 39 65 78 130 195 390 1601 3202 4803 8005 9606 16010 20813 24015 41626 48030 62439 104065 124878 208130 312195 624390 
1 5 113909 569545 
1 2 4 5 10 20 53 106 212 265 530 719 1060 1438 2876 3595 7190 14380 38107 76214 152428 190535 381070 762140 
1 2 4 11 19 22 38 44 76 209 263 418 526 836 1052 2893 4997 5786 9994 11572 19988 54967 109934 219868 
1 2 293 586 1319 2638 386467 772934 
1 5 32369 161845 
1 2 3 4 6 9 12 18 27 36 54 81 108 162 324 1451 2902 4353 5804 8706 13059 17412 26118 39177 52236 78354 117531 156708 235062 470124 
1 17 38639 656863 
1 41 17189 704749 
1 41 10847 444727 
1 2 4 205477 410954 821908 
1 74717 
1 5 7 35 49 245 613 3065 4291 21455 30037 150185 
1 418819 
1 2 3 4 6 9 12 18 19 36 38 57 76 114 171 228 342 684 1051 2102 3153 4204 6306 9459 12612 18918 19969 37836 39938 59907 79876 119814 179721 239628 359442 718884 
1 2 4 8 11 22 44 88 121 157 242 314 484 628 968 1256 1727 3454 6908 13816 18997 37994 75988 151976 
1 17 2711 46087 
1 2 314599 629198 
1 3 103 309 1433 4299 147599 442797 
1 3 5 9 15 41 45 123 149 205 369 447 615 745 1341 1845 2235 6109 6705 18327 30545 54981 91635 274905 
1 547663 
1 2 4 109 218 436 1601 3202 6404 174509 349018 698036 
1 2 47 94 131 262 6157 12314 
1 3 19 57 11321 33963 215099 645297 
1 499067 
1 2 7 14 5333 10666 37331 74662 
1 2 3 4 6 8 9 12 18 24 27 36 37 53 54 72 74 106 108 111 148 159 212 216 222 296 318 333 424 444 477 636 666 888 954 999 1272 1332 1431 1908 1961 1998 2664 2862 3816 3922 3996 5724 5883 7844 7992 11448 11766 15688 17649 23532 35298 47064 52947 70596 105894 141192 211788 423576 
1 2 424103 848206 
1 3 77929 233787 
1 79 6607 521953 
1 2 3 4 5 6 8 10 12 15 16 20 24 30 32 40 48 60 80 96 120 160 240 480 1931 3862 5793 7724 9655 11586 15448 19310 23172 28965 30896 38620 46344 57930 61792 77240 92688 115860 154480 185376 231720 308960 463440 926880 
1 2 29 58 12071 24142 350059 700118 
1 2 4 5 7 10 14 20 25 28 29 35 49 50 58 70 98 100 116 140 145 175 196 203 245 290 350 406 490 580 700 725 812 980 1015 1225 1421 1450 2030 2450 2842 2900 4060 4900 5075 5684 7105 10150 14210 20300 28420 35525 71050 142100 
1 19 28597 543343 
1 2 4 191 337 382 674 764 1348 64367 128734 257468 
1 41 3463 141983 
1 2 3 4 6 8 9 12 18 24 36 72 11003 22006 33009 44012 66018 88024 99027 132036 198054 264072 396108 792216 
1 2 4 7 14 28 31 62 124 217 434 868 941 1882 3764 6587 13174 26348 29171 58342 116684 204197 408394 816788 
1 2 3 4 6 7 8 12 14 16 21 24 28 42 48 56 84 112 168 336 1997 3994 5991 7988 11982 13979 15976 23964 27958 31952 41937 47928 55916 83874 95856 111832 167748 223664 335496 670992 
1 2 3 5 6 10 15 23 25 30 46 50 69 75 115 138 150 230 251 345 502 575 690 753 1150 1255 1506 1725 2510 3450 3765 5773 6275 7530 11546 12550 17319 18825 28865 34638 37650 57730 86595 144325 173190 288650 432975 865950 
1 3 9 41453 124359 373077 
1 2 4 124783 249566 499132 
1 659 1163 766417 
1 11 13 53 103 143 583 689 1133 1339 5459 7579 14729 60049 70967 780637 
1 2 3 6 9 17 18 27 34 51 54 102 153 306 459 643 918 1286 1929 3858 5787 10931 11574 17361 21862 32793 34722 65586 98379 196758 295137 590274 
1 2 330331 660662 
1 2 3 4 6 8 12 24 113 226 257 339 452 514 678 771 904 1028 1356 1542 2056 2712 3084 6168 29041 58082 87123 116164 174246 232328 348492 696984 
1 2 4 5 10 20 73 146 233 292 365 466 730 932 1165 1460 2330 4660 17009 34018 68036 85045 170090 340180 
1 2 11 22 71 142 509 781 1018 1562 5599 11198 36139 72278 397529 795058 
1 3 108503 325509 
1 2 29 58 83 166 173 346 2407 4814 5017 10034 14359 28718 416411 832822 
1 2 111863 223726 
1 7 17 73 83 119 511 581 1241 1411 6059 8687 9877 42413 103003 721021 
1 3 9 11 27 33 99 297 1151 3453 10359 12661 31077 37983 113949 341847 
1 2 20717 41434 
1 2 3 4 6 8 12 16 24 48 61 71 122 142 183 213 244 284 366 426 488 568 732 852 976 1136 1464 1704 2928 3408 4331 8662 12993 17324 25986 34648 51972 69296 103944 207888 
1 3 9 27 81 243 3049 9147 27441 82323 246969 740907 
1 13 32803 426439 
1 2 3 4 6 12 42709 85418 128127 170836 256254 512508 
1 3 9 27 101 303 359 909 1077 2727 3231 9693 36259 108777 326331 978993 
1 3 19 57 4099 12297 77881 233643 
1 5 157 785 1193 5965 187301 936505 
1 3 11 33 103 199 309 597 1133 2189 3399 6567 20497 61491 225467 676401 
1 2 4 8 109139 218278 436556 873112 
1 3 5 15 42683 128049 213415 640245 
