1 5 59 295 383 1915 22597 112985 
1 2 11 22 38921 77842 428131 856262 
1 2 5 10 11 22 55 110 7129 14258 35645 71290 78419 156838 392095 784190 
1 2 4 8 17 34 43 68 86 136 172 344 731 1462 1849 2924 3698 5848 7396 14792 31433 62866 125732 251464 
1 3 5 9 15 27 45 81 135 405 601 1803 3005 5409 9015 16227 27045 48681 81135 243405 
1 3 109 327 1229 3687 133961 401883 
1 2 3 4 5 6 8 10 11 12 15 16 20 22 24 30 32 33 40 44 48 55 60 66 80 88 96 110 120 132 160 163 165 176 220 240 264 326 330 352 440 480 489 528 652 660 815 880 978 1056 1304 1320 1630 1760 1793 1956 2445 2608 2640 3260 3586 3912 4890 5216 5280 5379 6520 7172 7824 8965 9780 10758 13040 14344 15648 17930 19560 21516 26080 26895 28688 35860 39120 43032 53790 57376 71720 78240 86064 107580 143440 172128 215160 286880 430320 860640 
1 2 3 5 6 7 9 10 14 15 18 19 21 25 30 35 38 42 45 50 57 63 70 75 90 95 105 114 125 126 133 150 171 175 190 210 225 250 266 285 315 342 350 375 399 450 475 525 570 630 665 750 798 855 875 950 1050 1125 1197 1330 1425 1575 1710 1750 1995 2250 2375 2394 2625 2850 3150 3325 3990 4275 4750 5250 5985 6650 7125 7875 8550 9975 11970 14250 15750 16625 19950 21375 29925 33250 42750 49875 59850 99750 149625 299250 
1 2 67 134 5821 11642 390007 780014 
1 3 7 21 46237 138711 323659 970977 
1 5 39317 196585 
1 992947 
1 79 4801 379279 
1 3 149 447 1871 5613 278779 836337 
1 2 3 6 53 106 159 318 397 794 1191 2382 21041 42082 63123 126246 
1 2 5 10 13 25 26 50 65 89 130 169 178 325 338 445 650 845 890 1157 1690 2225 2314 4225 4450 5785 8450 11570 15041 28925 30082 57850 75205 150410 376025 752050 
1 2 4 228311 456622 913244 
1 2 23 46 6073 12146 139679 279358 
1 3 5 15 19 57 95 285 3041 9123 15205 45615 57779 173337 288895 866685 
1 2 4 8 19 38 76 152 6353 12706 25412 50824 120707 241414 482828 965656 
1 3 98297 294891 
1 5 7 25 35 175 643 3215 4501 16075 22505 112525 
1 2 5 10 25 50 113 125 226 250 565 1130 2825 5650 14125 28250 
1 5 25 151 257 755 1285 3775 6425 38807 194035 970175 
1 3 17 51 12197 36591 207349 622047 
1 2 5 10 73331 146662 366655 733310 
1 2 482407 964814 
1 2 3 5 6 9 10 15 18 30 45 90 1033 2066 3099 5165 6198 9297 10330 15495 18594 30990 46485 92970 
1 2 251 502 1637 3274 410887 821774 
1 3 9 27 89 137 267 411 801 1233 2403 3699 12193 36579 109737 329211 
1 5 19 25 95 475 1901 9505 36119 47525 180595 902975 
1 2 19 38 83 166 307 614 1577 3154 5833 11666 25481 50962 484139 968278 
1 2 4 5 8 10 16 20 32 40 64 80 128 160 256 320 337 512 640 674 1280 1348 1685 2560 2696 3370 5392 6740 10784 13480 21568 26960 43136 53920 86272 107840 172544 215680 431360 862720 
1 29 61 197 1769 5713 12017 348493 
1 131 1181 154711 
1 29 33211 963119 
1 2 3 4 6 7 9 12 14 18 21 28 36 42 63 84 126 191 252 382 573 764 1146 1337 1719 2292 2674 3438 4011 5348 6876 8022 12033 16044 24066 48132 
1 23 359 529 8257 189911 
1 2 44201 88402 
1 2 4 11 22 44 4639 9278 18556 51029 102058 204116 
1 5 7 13 25 35 65 91 127 175 325 455 635 889 1651 2275 3175 4445 8255 11557 22225 41275 57785 288925 
1 3 131 393 2081 6243 272611 817833 
1 9371 
1 5 34961 174805 
1 2 4 148537 297074 594148 
1 2 3 4 6 12 57149 114298 171447 228596 342894 685788 
1 3 242101 726303 
1 2 3 6 9 18 71 142 213 426 577 639 1154 1278 1731 3462 5193 10386 40967 81934 122901 245802 368703 737406 
1 964297 
1 2 112403 224806 
1 2 3 6 7 14 21 42 49 53 98 106 147 159 294 318 371 742 1113 2226 2597 2809 5194 5618 7791 8427 15582 16854 19663 39326 58989 117978 137641 275282 412923 825846 
1 137 6673 914201 
1 2 5 10 53 106 265 530 613 1226 3065 6130 32489 64978 162445 324890 
1 3 7 9 21 61 63 183 427 549 1281 3721 3843 11163 26047 33489 78141 234423 
1 2 4 7 8 14 28 56 113 226 452 791 904 1582 3164 6328 
1 2 4 5 8 10 13 20 25 26 40 50 52 65 100 104 130 200 229 260 325 458 520 650 916 1145 1300 1832 2290 2600 2977 4580 5725 5954 9160 11450 11908 14885 22900 23816 29770 45800 59540 74425 119080 148850 297700 595400 
1 3 5 7 15 21 35 105 4943 14829 24715 34601 74145 103803 173005 519015 
1 111623 
1 392347 
1 2 4 53 106 212 4657 9314 18628 246821 493642 987284 
