1 3 9 9041 27123 81369 
1 2 3 4 6 8 9 12 16 18 24 27 36 37 48 54 72 74 81 108 111 144 148 162 216 222 296 324 333 432 444 592 648 666 888 999 1296 1332 1776 1998 2664 2997 3996 5328 5994 7992 11988 15984 23976 47952 
1 5 25 125 7879 39395 196975 984875 
1 611279 
1 2 4 137119 274238 548476 
1 7 41 49 199 287 1393 2009 8159 9751 57113 399791 
1 2 277223 554446 
1 3 5 9 15 45 13151 39453 65755 118359 197265 591795 
1 2 3 4 6 8 9 12 13 16 18 24 26 32 36 39 48 52 72 78 96 104 117 137 144 156 208 234 274 288 312 411 416 468 548 624 822 936 1096 1233 1248 1644 1781 1872 2192 2466 3288 3562 3744 4384 4932 5343 6576 7124 9864 10686 13152 14248 16029 19728 21372 28496 32058 39456 42744 56992 64116 85488 128232 170976 256464 512928 
1 2 479 751 958 1502 359729 719458 
1 83 2777 230491 
1 11 33569 369259 
1 2 3 6 41 82 123 246 1279 2558 3837 7674 52439 104878 157317 314634 
1 5 7 35 37 67 185 259 335 469 1295 2345 2479 12395 17353 86765 
1 2 327983 655966 
1 5 47 109 235 545 5123 25615 
1 2 79159 158318 
1 2 61 122 3929 7858 239669 479338 
1 2 3 4 6 7 11 12 14 21 22 28 33 42 44 66 77 84 132 154 231 308 462 787 924 1574 2361 3148 4722 5509 8657 9444 11018 16527 17314 22036 25971 33054 34628 51942 60599 66108 103884 121198 181797 242396 363594 727188 
1 2 4 5 8 10 20 40 23857 47714 95428 119285 190856 238570 477140 954280 
1 2 4 11 22 44 21803 43606 87212 239833 479666 959332 
1 2 7 14 52817 105634 369719 739438 
1 3 9 17 51 153 3643 10929 32787 61931 185793 557379 
1 2 3 4 6 11 12 22 33 43 44 66 86 129 132 139 172 258 278 417 473 516 556 834 946 1419 1529 1668 1892 2838 3058 4587 5676 5977 6116 9174 11954 17931 18348 23908 35862 65747 71724 131494 197241 262988 394482 788964 
1 523 1249 653227 
1 2 5 10 19 38 95 190 2909 5818 14545 29090 55271 110542 276355 552710 
1 3 9 29347 88041 264123 
1 2 4 8 105883 211766 423532 847064 
1 2 4 8 16 7867 15734 31468 62936 125872 
1 3 9 13 27 39 81 117 351 359 1053 1077 3231 4667 9693 14001 29079 42003 126009 378027 
1 97 8893 862621 
1 101 4007 404707 
1 2 3 6 5669 11338 17007 34014 
1 269 1597 429593 
1 2 4 11 22 44 67 134 268 269 538 737 1076 1474 2948 2959 5918 11836 18023 36046 72092 198253 396506 793012 
1 3 5 7 15 21 35 105 941 2823 4705 6587 14115 19761 32935 98805 
1 5 47 235 2819 14095 132493 662465 
1 2 4 121853 243706 487412 
1 17 53 491 901 8347 26023 442391 
1 2 120737 241474 
1 5 125303 626515 
1 2 4 196579 393158 786316 
1 2 9677 19354 
1 2 59 118 6367 12734 375653 751306 
1 37339 
1 2 3 4 6 12 6637 13274 19911 26548 39822 79644 
1 3 313 939 1033 3099 323329 969987 
1 29 37 277 1073 8033 10249 297221 
1 2 3 4 6 11 12 22 29 33 44 58 66 87 116 132 174 181 319 348 362 543 638 724 957 1086 1276 1914 1991 2172 3828 3982 5249 5973 7964 10498 11946 15747 20996 23892 31494 57739 62988 115478 173217 230956 346434 692868 
1 2 4 8 16 32 64 128 3821 7642 15284 30568 61136 122272 244544 489088 
1 3 253969 761907 
1 3 9 4231 12693 38079 
1 2 3 4 6 8 9 12 16 18 24 36 37 48 72 74 111 127 144 148 222 254 296 333 381 444 508 592 666 762 888 1016 1143 1332 1524 1776 2032 2286 2664 3048 4572 4699 5328 6096 9144 9398 14097 18288 18796 28194 37592 42291 56388 75184 84582 112776 169164 225552 338328 676656 
1 817919 
1 2 71 142 457 914 32447 64894 
1 653 823 537419 
1 383 2003 767149 
1 2 4 37879 75758 151516 
1 2 3 6 11 22 23 33 46 66 69 138 253 506 619 759 1238 1518 1857 3714 6809 13618 14237 20427 28474 40854 42711 85422 156607 313214 469821 939642 
1 2 3 6 9 18 18947 37894 56841 113682 170523 341046 
1 306329 
