1 2 4 11 13 22 26 44 52 143 286 572 929 1858 3716 10219 12077 20438 24154 40876 48308 132847 265694 531388 
1 2 4 7 14 28 32467 64934 129868 227269 454538 909076 
1 367 1811 664637 
1 11 17 29 103 187 319 493 1133 1751 2987 5423 19261 32857 50779 558569 
1 2 375761 751522 
1 2 447449 894898 
1 2 5 10 101 202 505 619 1010 1238 3095 6190 62519 125038 312595 625190 
1 2 4 61729 123458 246916 
1 2 4 8 16 433 866 1732 3464 6928 
1 2 3 4 6 7 11 12 14 21 22 28 33 42 44 66 77 84 132 154 231 308 462 863 924 1726 2589 3452 5178 6041 9493 10356 12082 18123 18986 24164 28479 36246 37972 56958 66451 72492 113916 132902 199353 265804 398706 797412 
1 2 33851 67702 
1 2 4 8 11 16 22 44 88 176 1861 3722 7444 14888 20471 29776 40942 81884 163768 327536 
1 11 17 187 211 2321 3587 39457 
1 3 9 277 359 831 1077 2493 3231 99443 298329 894987 
1 2 4 8 79601 159202 318404 636808 
1 502081 
1 2 4 8 16 1523 3046 6092 12184 24368 
1 2 31 62 13591 27182 421321 842642 
1 3 79 237 1601 4803 126479 379437 
1 2 3 6 9 13 18 26 27 39 54 78 81 117 162 234 351 457 702 914 1053 1371 2106 2742 4113 5941 8226 11882 12339 17823 24678 35646 37017 53469 74034 106938 160407 320814 481221 962442 
1 3 9 27 11213 33639 100917 302751 
1 7 109621 767347 
1 2 4 179 358 631 716 1262 2524 112949 225898 451796 
1 2 477031 954062 
1 2 399283 798566 
1 2 3 6 29 58 87 174 5569 11138 16707 33414 161501 323002 484503 969006 
1 2 109 218 3329 6658 362861 725722 
1 3 9 17 51 153 181 289 543 867 1629 2601 3077 9231 27693 52309 156927 470781 
1 2 4 8 16 73 146 292 547 584 1094 1168 2188 4376 8752 39931 79862 159724 319448 638896 
1 2 3 4 6 8 12 24 59 118 177 236 311 354 472 622 708 933 1244 1416 1866 2488 3732 7464 18349 36698 55047 73396 110094 146792 220188 440376 
1 2 4 5 8 10 16 20 40 80 5119 10238 20476 25595 40952 51190 81904 102380 204760 409520 
1 2 4 244603 489206 978412 
1 3 5 15 25 75 3041 9123 15205 45615 76025 228075 
1 487057 
1 17 33923 576691 
1 2 4 8 11 22 44 88 121 242 484 829 968 1658 3316 6632 9119 18238 36476 72952 100309 200618 401236 802472 
1 2 4 17 34 68 79 158 163 316 326 652 1343 2686 2771 5372 5542 11084 12877 25754 51508 218909 437818 875636 
1 2 5 10 101 202 505 569 1010 1138 2845 5690 57469 114938 287345 574690 
1 2 4 7 8 14 28 56 13421 26842 53684 93947 107368 187894 375788 751576 
1 2 452233 904466 
1 263 1873 492599 
1 7 53681 375767 
1 2 4 45587 91174 182348 
1 7 49 5501 38507 269549 
1 549643 
1 2 4 8 16 53 106 212 271 424 542 848 1084 2168 4336 14363 28726 57452 114904 229808 
1 2 3 6 11 22 33 66 4801 9602 14403 28806 52811 105622 158433 316866 
1 2 7 11 14 17 22 34 77 97 119 154 187 194 238 374 679 1067 1309 1358 1649 2134 2618 3298 7469 11543 14938 18139 23086 36278 126973 253946 
1 2 3 4 5 6 10 12 13 15 20 26 30 39 52 60 65 78 130 156 195 260 390 780 839 1678 2517 3356 4195 5034 8390 10068 10907 12585 16780 21814 25170 32721 43628 50340 54535 65442 109070 130884 163605 218140 327210 654420 
1 2 11 22 4241 8482 46651 93302 
1 2 285709 571418 
1 728317 
1 2 4 5 8 10 20 40 15259 30518 61036 76295 122072 152590 305180 610360 
1 562333 
1 2 3 6 9 18 27 54 3343 6686 10029 20058 30087 60174 90261 180522 
1 107 7817 836419 
1 11 23 253 3191 35101 73393 807323 
1 2 4 161141 322282 644564 
1 2 4 24169 48338 96676 
1 47 19867 933749 
1 537569 
1 3 5 9 15 25 45 75 225 2371 7113 11855 21339 35565 59275 106695 177825 533475 
1 3 9 33317 99951 299853 
1 5 11 55 121 241 605 1205 2651 13255 29161 145805 
1 3 41 47 123 141 157 471 1927 5781 6437 7379 19311 22137 302539 907617 
1 38287 
1 11 29 319 383 4213 11107 122177 
1 2 4 8 16 32 64 128 2749 5498 10996 21992 43984 87968 175936 351872 
1 2 11 22 121 242 797 1594 8767 17534 96437 192874 
1 811493 
1 5 64871 324355 
1 7 71 497 883 6181 62693 438851 
1 2 3 4 6 8 9 12 16 18 24 29 32 36 43 48 58 72 86 87 96 116 129 144 172 174 232 258 261 288 344 348 387 464 516 522 688 696 774 928 1032 1044 1247 1376 1392 1548 2064 2088 2494 2784 3096 3741 4128 4176 4988 6192 7482 8352 9976 11223 12384 14964 19952 22446 29928 39904 44892 59856 89784 119712 179568 359136 
1 2 3 4 6 12 48857 97714 146571 195428 293142 586284 
1 2 3 4 6 8 12 24 12527 25054 37581 50108 75162 100216 150324 300648 
1 3 101 303 2909 8727 293809 881427 
1 461 2087 962107 
1 2 127 254 3697 7394 469519 939038 
1 3 9 11 33 99 1031 3093 9279 11341 34023 102069 
1 131 7127 933637 
1 3 17 51 6863 20589 116671 350013 
1 2 4 5 7 10 14 20 28 35 70 140 3929 7858 15716 19645 27503 39290 55006 78580 110012 137515 275030 550060 
1 2 19 38 361 722 773 1546 14687 29374 279053 558106 
1 2 4 17 34 68 8599 17198 34396 146183 292366 584732 
1 387403 
1 2 4 8 17 34 68 136 1657 3314 6628 13256 28169 56338 112676 225352 
1 927323 
1 59 14897 878923 
1 2 3 4 5 6 8 10 12 15 16 20 24 30 40 48 60 80 120 240 2707 5414 8121 10828 13535 16242 21656 27070 32484 40605 43312 54140 64968 81210 108280 129936 162420 216560 324840 649680 
1 300343 
1 2 4 8 16 32 9547 19094 38188 76376 152752 305504 
1 872251 
1 2 3 6 9 18 27 54 81 162 3803 7606 11409 22818 34227 68454 102681 205362 308043 616086 
1 2 41 73 82 103 146 206 2993 4223 5986 7519 8446 15038 308279 616558 
1 7 48193 337351 
