1 2 302791 605582 
1 2 4 5 8 10 20 31 40 62 124 155 248 310 367 620 734 1240 1468 1835 2936 3670 7340 11377 14680 22754 45508 56885 91016 113770 227540 455080 
1 2 149 298 2843 5686 423607 847214 
1 11 139 197 1529 2167 27383 301213 
1 2 7 14 27109 54218 189763 379526 
1 3 11 17 33 51 187 561 1187 3561 13057 20179 39171 60537 221969 665907 
1 23 21601 496823 
1 5 23 37 115 185 229 851 1145 4255 5267 8473 26335 42365 194879 974395 
1 2 3 4 6 8 9 12 16 18 19 24 32 36 38 48 57 64 72 76 96 114 128 144 152 171 192 228 256 288 304 342 384 456 576 608 684 768 912 1152 1216 1368 1824 2304 2432 2736 3648 4864 5472 7296 10944 14592 21888 43776 
1 31 5851 181381 
1 5 7 35 37 185 257 259 1285 1295 1799 8995 9509 47545 66563 332815 
1 2 3 6 41771 83542 125313 250626 
1 2 4 41 82 164 4801 9602 19204 196841 393682 787364 
1 2 4 8 17 34 68 136 677 1354 2708 5416 11509 23018 46036 92072 
1 3 9 593 1779 5337 
1 3 7 21 26209 78627 183463 550389 
1 29 10861 314969 
1 3 9 27 11839 35517 106551 319653 
1 2 3 6 9 18 31 37 62 74 93 111 186 222 279 333 558 666 1147 2294 3441 6882 10323 20646 
1 11 2857 31427 
1 5 25 125 5351 26755 133775 668875 
1 591847 
1 2 4 53 106 212 1291 2582 5164 68423 136846 273692 
1 2 4 8 16 229 269 458 538 916 1076 1832 2152 3664 4304 61601 123202 246404 492808 985616 
1 3 5 11 15 33 55 67 165 201 335 737 1005 2211 3685 11055 
1 3 125707 377121 
1 2 5 10 11 22 53 55 106 107 110 214 265 530 535 583 1070 1166 1177 2354 2915 5671 5830 5885 11342 11770 28355 56710 62381 124762 311905 623810 
1 2 5 10 31 62 155 310 757 1514 3785 7570 23467 46934 117335 234670 
1 3 9 24691 74073 222219 
1 2 3 6 7 9 14 18 21 29 42 58 63 87 126 174 203 229 261 406 458 522 609 687 1218 1374 1603 1827 2061 3206 3654 4122 4809 6641 9618 13282 14427 19923 28854 39846 46487 59769 92974 119538 139461 278922 418383 836766 
1 2 4 8 76511 153022 306044 612088 
1 2 4 31 62 124 3257 6514 13028 100967 201934 403868 
1 2 3 4 6 7 8 9 12 14 16 18 21 24 27 28 32 36 42 43 48 54 56 63 72 81 84 86 96 108 112 126 129 144 162 168 172 189 216 224 252 258 288 301 324 336 344 378 387 432 504 516 567 602 648 672 688 756 774 864 903 1008 1032 1134 1161 1204 1296 1376 1512 1548 1806 2016 2064 2268 2322 2408 2592 2709 3024 3096 3483 3612 4128 4536 4644 4816 5418 6048 6192 6966 7224 8127 9072 9288 9632 10836 12384 13932 14448 16254 18144 18576 21672 24381 27864 28896 32508 37152 43344 48762 55728 65016 86688 97524 111456 130032 195048 260064 390096 780192 
1 5 52571 262855 
1 3 5 15 25 53 75 125 159 265 375 795 1325 3975 6625 19875 
1 3 17 51 4987 14961 84779 254337 
1 468079 
1 2 3 6 47 94 141 282 2797 5594 8391 16782 131459 262918 394377 788754 
1 7 49 17749 124243 869701 
1 2 462577 925154 
1 343639 
1 834829 
1 2 5 10 48907 97814 244535 489070 
1 773 823 636179 
1 2 13 26 1933 3866 25129 50258 
1 3 9 23 69 207 1297 3891 11673 29831 89493 268479 
1 2 4 5 8 10 16 20 32 40 64 80 160 320 809 1618 3236 4045 6472 8090 12944 16180 25888 32360 51776 64720 129440 258880 
1 3 92567 277701 
1 2 13 19 26 38 247 494 797 1594 10361 15143 20722 30286 196859 393718 
1 7 60607 424249 
1 2 3 4 6 12 77263 154526 231789 309052 463578 927156 
1 3 89 267 3019 9057 268691 806073 
1 3 7 9 11 21 27 33 63 77 81 99 137 189 231 297 411 567 693 891 959 1233 1507 2079 2877 3699 4521 6237 8631 10549 11097 13563 25893 31647 40689 77679 94941 122067 284823 854469 
1 3 47 67 141 201 2209 3149 6627 9447 148003 444009 
1 512011 
1 5 263 439 1315 2195 115457 577285 
1 2 4 5 8 10 11 20 22 40 44 55 88 110 121 127 220 242 254 440 484 508 605 635 968 1016 1210 1270 1397 2420 2540 2794 4840 5080 5588 6985 11176 13970 15367 27940 30734 55880 61468 76835 122936 153670 307340 614680 
1 3 7 9 21 63 6709 20127 46963 60381 140889 422667 
1 2 13 26 59 118 173 346 767 1534 2249 4498 10207 20414 132691 265382 
