1 2 191 382 2393 4786 457063 914126 
1 2 440849 881698 
1 2 312401 624802 
1 2 3 4 6 12 29671 59342 89013 118684 178026 356052 
1 477577 
1 5 72277 361385 
1 2 3 4 6 7 9 11 12 14 18 21 22 27 28 33 36 42 44 54 63 66 77 84 99 107 108 126 132 154 189 198 214 231 252 297 308 321 378 396 428 462 594 642 693 749 756 924 963 1177 1188 1284 1386 1498 1926 2079 2247 2354 2772 2889 2996 3531 3852 4158 4494 4708 5778 6741 7062 8239 8316 8988 10593 11556 13482 14124 16478 20223 21186 24717 26964 31779 32956 40446 42372 49434 63558 74151 80892 98868 127116 148302 222453 296604 444906 889812 
1 23 16763 385549 
1 2 47 94 7019 14038 329893 659786 
1 2 4 40253 80506 161012 
1 3 81971 245913 
1 2 3 6 17 34 51 102 8093 16186 24279 48558 137581 275162 412743 825486 
1 2 4 8 16 103 206 412 569 824 1138 1648 2276 4552 9104 58607 117214 234428 468856 937712 
1 2 4 8 92821 185642 371284 742568 
1 5 25 41 205 829 1025 4145 20725 33989 169945 849725 
1 574949 
1 2 3 4 6 12 22093 44186 66279 88372 132558 265116 
1 3 13 23 39 69 299 769 897 2307 9997 17687 29991 53061 229931 689793 
1 23 13807 317561 
1 2 415271 830542 
1 2 4 17 34 68 5981 11962 23924 101677 203354 406708 
1 2 3 6 9 11 17 18 22 33 34 51 53 66 99 102 106 153 159 187 198 306 318 374 477 561 583 901 954 1122 1166 1683 1749 1802 2703 3366 3498 5247 5406 8109 9911 10494 16218 19822 29733 59466 89199 178398 
1 2 41 82 8521 17042 349361 698722 
1 2 3 4 6 8 12 24 47 94 141 188 282 376 564 683 1128 1366 2049 2732 4098 5464 8196 16392 32101 64202 96303 128404 192606 256808 385212 770424 
1 97 7703 747191 
1 13 40499 526487 
1 107 4219 451433 
1 2 357569 715138 
1 2 7 14 23203 46406 162421 324842 
1 2 4 8 16 32 64 128 7159 14318 28636 57272 114544 229088 458176 916352 
1 7 68891 482237 
1 2 299473 598946 
1 2 7 14 19 23 38 46 49 98 133 161 266 322 437 874 931 1127 1862 2254 3059 6118 21413 42826 
1 2 3 6 31907 63814 95721 191442 
1 2 67 134 6199 12398 415333 830666 
1 2 11 22 103 121 206 242 1133 2266 12463 24926 
1 2 7 14 23879 47758 167153 334306 
1 2 3 4 6 8 11 12 17 22 24 33 34 44 51 66 68 71 88 102 132 136 142 187 204 213 264 284 374 408 426 561 568 748 781 852 1122 1207 1496 1562 1704 2244 2343 2414 3124 3621 4488 4686 4828 6248 7242 9372 9656 13277 14484 18744 26554 28968 39831 53108 79662 106216 159324 318648 
1 2 3 6 29 58 61 73 87 122 146 174 183 219 366 438 1769 2117 3538 4234 4453 5307 6351 8906 10614 12702 13359 26718 129137 258274 387411 774822 
1 2 4 109 218 436 823 1646 3292 89707 179414 358828 
1 43 4951 212893 
1 3 5 15 43 129 215 645 1511 4533 7555 22665 64973 194919 324865 974595 
1 3 5 15 41887 125661 209435 628305 
1 397 1291 512527 
1 2 3 4 6 8 9 12 18 24 27 36 54 72 108 216 1993 3986 5979 7972 11958 15944 17937 23916 35874 47832 53811 71748 107622 143496 215244 430488 
1 2 4 11 22 44 17987 35974 71948 197857 395714 791428 
1 2 11 22 29 58 59 118 319 638 649 1298 1711 3422 18821 37642 
1 2 7 14 23 31 46 62 73 146 161 217 322 434 511 713 1022 1426 1679 2263 3358 4526 4991 9982 11753 15841 23506 31682 52049 104098 364343 728686 
1 3 5 7 9 15 19 21 35 45 57 59 63 95 105 133 171 177 285 295 315 399 413 531 665 855 885 1121 1197 1239 1995 2065 2655 3363 3717 5605 5985 6195 7847 10089 16815 18585 23541 39235 50445 70623 117705 353115 
1 2 3 4 6 12 73 146 219 292 438 876 991 1982 2973 3964 5946 11892 72343 144686 217029 289372 434058 868116 
1 2 3 6 7 14 21 42 12821 25642 38463 76926 89747 179494 269241 538482 
1 2 3 4 6 8 12 24 37 74 111 148 222 296 444 587 888 1174 1761 2348 3522 4696 7044 14088 21719 43438 65157 86876 130314 173752 260628 521256 
1 3 7 21 41621 124863 291347 874041 
1 131 4013 525703 
1 3 36433 109299 
1 2 4 8 16 32 64 128 256 512 1213 2426 4852 9704 19408 38816 77632 155264 310528 621056 
1 5 68491 342455 
1 7 59 413 2153 15071 127027 889189 
1 2 3 6 9 18 5869 11738 17607 35214 52821 105642 
1 2 472541 945082 
1 3 142993 428979 
1 3 7 21 13913 41739 97391 292173 
1 7 118583 830081 
1 3 83 249 523 1569 43409 130227 
1 3 159349 478047 
1 2 188011 376022 
1 956749 
1 17 28729 488393 
1 7 29 203 1801 12607 52229 365603 
1 11 13 143 2351 25861 30563 336193 
1 2 4 5 7 8 10 14 17 20 28 34 35 40 56 68 70 79 85 119 136 140 158 170 238 280 316 340 395 476 553 595 632 680 790 952 1106 1190 1343 1580 2212 2380 2686 2765 3160 4424 4760 5372 5530 6715 9401 10744 11060 13430 18802 22120 26860 37604 47005 53720 75208 94010 188020 376040 
1 2 184271 368542 
1 2 4 5 7 8 10 14 20 28 35 40 56 70 127 140 254 280 508 635 889 1016 1270 1778 2540 3556 4445 5080 7112 8890 17780 35560 
1 3 5 15 37 89 111 185 267 445 555 1335 3293 9879 16465 49395 
1 2 4 5 8 10 16 20 29 32 40 58 64 80 116 145 160 232 290 320 464 580 928 1160 1856 2320 4640 9280 
1 3 9 27 19973 59919 179757 539271 
1 2 31 62 13229 26458 410099 820198 
1 7 13 91 8123 56861 105599 739193 
1 179 1021 182759 
1 827923 
1 3 13 39 53 159 379 689 1137 2067 4927 14781 20087 60261 261131 783393 
1 3 25541 76623 
1 5 7 35 15937 79685 111559 557795 
1 5 11 13 55 65 143 439 715 2195 4829 5707 24145 28535 62777 313885 
1 2 4 8 16 29 58 116 232 464 1907 3814 7628 15256 30512 55303 110606 221212 442424 884848 
1 7 83561 584927 
1 187987 
1 3 11 33 24391 73173 268301 804903 
1 5 5591 27955 
1 2 4 8 13 26 52 104 3541 7082 14164 28328 46033 92066 184132 368264 
1 2 4 107 214 347 428 694 1388 37129 74258 148516 
1 2 4 8 139 278 556 683 1112 1366 2732 5464 94937 189874 379748 759496 
1 11 20963 230593 
1 468151 
1 79 10589 836531 
1 23 40867 939941 
1 3 9 6823 20469 61407 
1 3 73 219 2917 8751 212941 638823 
