1 3 9 11 33 99 4289 12867 38601 47179 141537 424611 
1 2 3 4 6 12 79 158 237 316 474 881 948 1762 2643 3524 5286 10572 69599 139198 208797 278396 417594 835188 
1 2 33587 67174 
1 13 37 481 607 7891 22459 291967 
1 501731 
1 2 4 8 79757 159514 319028 638056 
1 2 11 17 22 34 109 187 218 374 1199 1853 2398 3706 20383 40766 
1 2 4 8 84701 169402 338804 677608 
1 198337 
1 2 5 10 13 26 61 65 73 122 130 146 305 365 610 730 793 949 1586 1898 3965 4453 4745 7930 8906 9490 22265 44530 57889 115778 289445 578890 
1 3 5 9 15 19 25 45 57 75 95 103 171 225 285 309 475 515 855 927 1425 1545 1957 2575 4275 4635 5871 7725 9785 17613 23175 29355 48925 88065 146775 440325 
1 2 3 5 6 7 10 14 15 21 25 30 35 42 49 50 70 75 98 105 107 147 150 175 210 214 245 294 321 350 490 525 535 642 735 749 1050 1070 1225 1470 1498 1605 2247 2450 2675 3210 3675 3745 4494 5243 5350 7350 7490 8025 10486 11235 15729 16050 18725 22470 26215 31458 37450 52430 56175 78645 112350 131075 157290 262150 393225 786450 
1 2 5 10 25 29 50 58 67 125 134 145 250 290 335 670 725 1450 1675 1943 3350 3625 3886 7250 8375 9715 16750 19430 48575 97150 242875 485750 
1 2 3 4 5 6 10 12 15 20 30 60 79 158 237 316 395 474 790 948 1185 1580 2370 4740 
1 19 37013 703247 
1 5 25 8293 41465 207325 
1 7 17 119 211 1477 3587 25109 
1 2 11 22 2819 5638 31009 62018 
1 2 3 4 6 7 9 12 14 18 21 28 36 42 63 84 126 252 3329 6658 9987 13316 19974 23303 29961 39948 46606 59922 69909 93212 119844 139818 209727 279636 419454 838908 
1 2 4 13 26 52 4817 9634 19268 62621 125242 250484 
1 19 31 271 589 5149 8401 159619 
1 5 257 389 1285 1945 99973 499865 
1 7 118619 830333 
1 2 601 823 1202 1646 494623 989246 
1 7 138337 968359 
1 3 51769 155307 
1 5 198031 990155 
1 3 7 9 21 63 2683 8049 18781 24147 56343 169029 
1 223 4127 920321 
1 2 3 4 6 12 17 34 51 68 102 204 1201 2402 3603 4804 7206 14412 20417 40834 61251 81668 122502 245004 
1 31 157 181 4867 5611 28417 880927 
1 17 41113 698921 
1 97 1973 191381 
1 2 3 6 9 18 19 27 38 54 57 114 171 342 513 787 1026 1574 2361 4722 7083 14166 14953 21249 29906 42498 44859 89718 134577 269154 403731 807462 
1 2 23 46 20521 41042 471983 943966 
1 2 53 106 4363 8726 231239 462478 
1 7 11 73 77 103 511 721 803 1133 5621 7519 7931 52633 82709 578963 
1 2 4 215051 430102 860204 
1 2 4 13 26 52 18149 36298 72596 235937 471874 943748 
1 3 5 15 25 75 607 1821 3035 9105 15175 45525 
1 31 18089 560759 
1 5 37 185 719 3595 26603 133015 
1 43 4153 178579 
1 2 3 4 6 12 54497 108994 163491 217988 326982 653964 
1 85429 
1 11 39727 436997 
1 997141 
1 2 3 4 6 8 9 12 18 24 27 36 54 72 108 216 2311 4622 6933 9244 13866 18488 20799 27732 41598 55464 62397 83196 124794 166392 249588 499176 
1 2 3 4 6 12 37087 74174 111261 148348 222522 445044 
1 3 5 9 13 15 39 45 65 103 117 169 195 309 507 515 585 845 927 1339 1521 1545 2535 4017 4635 6695 7605 12051 17407 20085 52221 60255 87035 156663 261105 783315 
1 7 49081 343567 
1 3 9 19 57 171 1787 5361 16083 33953 101859 305577 
1 2 11 22 8597 17194 94567 189134 
1 2 4 5 10 20 163 326 652 815 1630 3260 
1 7 5953 41671 
1 2 29 58 6863 13726 199027 398054 
1 779887 
1 2 7 14 49 98 523 1046 3661 7322 25627 51254 
1 2 84239 168478 
1 503857 
1 3 101 303 2207 6621 222907 668721 
1 338309 
1 5 131561 657805 
1 3 5 9 15 45 547 1641 2735 4923 8205 24615 
1 2 419 601 838 1202 251819 503638 
1 2 3 4 6 9 12 18 27 36 54 108 3319 6638 9957 13276 19914 29871 39828 59742 89613 119484 179226 358452 
1 2 3 6 7 14 21 42 439 878 1317 2634 3073 6146 9219 18438 
1 3 11 33 5477 16431 60247 180741 
1 2 3 4 5 6 8 10 12 15 20 24 30 40 53 60 97 106 120 159 194 212 265 291 318 388 424 485 530 582 636 776 795 970 1060 1164 1272 1455 1590 1940 2120 2328 2910 3180 3880 5141 5820 6360 10282 11640 15423 20564 25705 30846 41128 51410 61692 77115 102820 123384 154230 205640 308460 616920 
1 59 15761 929899 
1 149 1949 290401 
1 359 2687 964633 
