1 571 1499 855929 
1 2 4 8 19 38 76 152 5981 11962 23924 47848 113639 227278 454556 909112 
1 42499 
1 5 25 22051 110255 551275 
1 2 4 8 16 3137 6274 12548 25096 50192 
1 3 244547 733641 
1 2 4 25933 51866 103732 
1 2 4 5 10 20 23801 47602 95204 119005 238010 476020 
1 2 3 5 6 9 10 15 18 23 30 45 46 69 90 115 138 207 230 311 345 414 622 690 933 1035 1555 1866 2070 2799 3110 4665 5598 7153 9330 13995 14306 21459 27990 35765 42918 64377 71530 107295 128754 214590 321885 643770 
1 201493 
1 2 3 6 31849 63698 95547 191094 
1 2 4 5 10 20 29 58 116 145 290 580 613 1226 2452 3065 6130 12260 17777 35554 71108 88885 177770 355540 
1 41257 
1 11 6011 66121 
1 3 11 13 33 39 121 143 151 363 429 453 1573 1661 1963 4719 4983 5889 18271 21593 54813 64779 237523 712569 
1 2 3 4 6 12 34127 68254 102381 136508 204762 409524 
1 13 167 191 2171 2483 31897 414661 
1 17 29 493 743 12631 21547 366299 
1 18787 
1 3 9 27 21601 64803 194409 583227 
1 517043 
1 2 3 6 9 18 41 82 123 246 369 738 887 1774 2661 5322 7983 15966 36367 72734 109101 218202 327303 654606 
1 3 7 19 21 57 133 399 1013 3039 7091 19247 21273 57741 134729 404187 
1 7 49 10243 71701 501907 
1 2 4 16963 33926 67852 
1 2 4 8 16 44281 88562 177124 354248 708496 
1 2 3 4 6 8 9 12 16 18 24 36 48 72 144 6053 12106 18159 24212 36318 48424 54477 72636 96848 108954 145272 217908 290544 435816 871632 
1 13 8599 111787 
1 2 4 8 16 89 178 241 356 482 712 964 1424 1928 3856 21449 42898 85796 171592 343184 
1 2 4 3023 6046 12092 
1 179 3677 658183 
1 2 3 6 7 9 14 18 21 27 42 54 63 81 126 162 189 281 378 562 567 843 1134 1686 1967 2529 3934 5058 5901 7587 11802 15174 17703 22761 35406 45522 53109 106218 159327 318654 
1 2 4 193 386 757 772 1514 3028 146101 292202 584404 
1 2 3 4 6 9 12 18 36 23029 46058 69087 92116 138174 207261 276348 414522 829044 
1 3 9 27 27479 82437 247311 741933 
1 47 10883 511501 
1 238201 
1 17 33427 568259 
1 7 11 49 77 211 343 539 1477 2321 3773 10339 16247 72373 113729 796103 
1 3 5 9 15 25 45 75 125 225 375 569 1125 1707 2845 5121 8535 14225 25605 42675 71125 128025 213375 640125 
1 3 211 633 1217 3651 256787 770361 
1 31 37 89 1147 2759 3293 102083 
1 5 25 53 227 265 1135 1325 5675 12031 60155 300775 
1 2 3 6 7 14 21 23 42 46 69 138 161 322 337 483 674 966 1011 2022 2359 4718 7077 7751 14154 15502 23253 46506 54257 108514 162771 325542 
1 2 4 206651 413302 826604 
1 3 17 29 51 87 449 493 1347 1479 7633 13021 22899 39063 221357 664071 
1 3 5 15 31231 93693 156155 468465 
1 3 9 28547 85641 256923 
1 2 4 5 10 17 20 34 68 85 170 340 2347 4694 9388 11735 23470 39899 46940 79798 159596 199495 398990 797980 
1 3 263 743 789 2229 195409 586227 
1 2 167 334 751 1502 125417 250834 
1 2 4 8 16 19213 38426 76852 153704 307408 
1 13 137 271 1781 3523 37127 482651 
1 7 17 119 2777 19439 47209 330463 
1 2 3 4 6 8 12 24 37 74 111 148 222 296 444 541 888 1082 1623 2164 3246 4328 6492 12984 20017 40034 60051 80068 120102 160136 240204 480408 
1 2 29 58 12721 25442 368909 737818 
1 3 11 33 113 151 339 453 1243 1661 3729 4983 17063 51189 187693 563079 
1 2 7 14 41017 82034 287119 574238 
1 2 174241 348482 
1 2 19 38 13841 27682 262979 525958 
1 2 3 6 9 18 54361 108722 163083 326166 489249 978498 
1 3 5 11 15 19 33 55 57 95 165 209 263 285 627 789 1045 1315 2893 3135 3945 4997 8679 14465 14991 24985 43395 54967 74955 164901 274835 824505 
1 2 3 6 211 422 433 633 866 1266 1299 2598 91363 182726 274089 548178 
1 2 4 41 82 164 2729 5458 10916 111889 223778 447556 
1 3 17 41 51 123 697 2091 
1 3 5113 15339 
1 37 103 193 3811 7141 19879 735523 
1 2 4 5 10 20 197 394 788 985 1970 3940 
1 11 65419 719609 
1 2 3 4 6 9 12 18 23 27 36 46 54 69 92 108 138 157 207 276 314 414 471 621 628 828 942 1242 1413 1884 2484 2826 3611 4239 5652 7222 8478 10833 14444 16956 21666 32499 43332 64998 97497 129996 194994 389988 
1 53 1051 55703 
1 3 5 9 11 15 25 33 45 55 75 99 165 225 275 397 495 825 1191 1985 2475 3573 4367 5955 9925 13101 17865 21835 29775 39303 65505 89325 109175 196515 327525 982575 
1 2 4 158597 317194 634388 
1 2 163 326 863 1726 140669 281338 
1 3 5 15 8863 26589 44315 132945 
1 913027 
1 2 4 7 14 17 28 34 68 97 119 194 238 388 476 679 1358 1649 2716 3298 6596 11543 23086 46172 
1 2 4 8 112103 224206 448412 896824 
1 2 4 19 31 38 59 62 76 118 124 236 589 1121 1178 1829 2242 2356 3658 4484 7316 34751 69502 139004 
1 2 11 22 19483 38966 214313 428626 
1 2 107101 214202 
1 2 3 4 6 11 12 22 23 33 44 46 66 69 79 92 132 138 158 237 253 276 316 474 506 759 869 948 1012 1518 1738 1817 2607 3036 3476 3634 5214 5451 7268 10428 10902 19987 21804 39974 59961 79948 119922 239844 
1 2 4 47623 95246 190492 
1 5 123593 617965 
1 2 4 8 16 34297 68594 137188 274376 548752 
1 528469 
1 19 25307 480833 
1 2 5 10 50461 100922 252305 504610 
1 3 109 327 1601 4803 174509 523527 
1 3 5 7 13 15 21 35 39 65 91 105 195 273 455 653 1365 1959 3265 4571 8489 9795 13713 22855 25467 42445 59423 68565 127335 178269 297115 891345 
1 5 151337 756685 
1 373 719 268187 
1 3 5 9 15 25 41 45 75 123 205 225 369 615 1025 1681 1845 3075 5043 8405 9225 15129 25215 42025 75645 126075 378225 
1 2 3 4 5 6 8 10 12 15 16 20 24 25 30 32 40 48 50 60 64 75 80 96 100 120 125 150 160 192 200 240 250 300 320 375 400 480 500 600 625 750 800 960 1000 1200 1250 1500 1600 1875 2000 2400 2500 3000 3750 4000 4800 5000 6000 7500 8000 10000 12000 15000 20000 24000 30000 40000 60000 120000 
1 2 4 7 11 14 22 28 44 77 154 308 3083 6166 12332 21581 33913 43162 67826 86324 135652 237391 474782 949564 
1 3 7 13 21 39 91 273 2843 8529 19901 36959 59703 110877 258713 776139 
1 2 4 8 16 31 32 62 124 248 496 773 992 1546 3092 6184 12368 23963 24736 47926 95852 191704 383408 766816 
1 3 31 93 6037 18111 187147 561441 
