3530
5418
6734
5856
2003
4473
7170
1716
433
6394
4533
2914
1781
2707
2914
7503
2707
2595
9906
1781
196
6036
2595
1148
7033
2313
4533
433
4017
2394
2278
1072
1129
5587
1148
7503
117
9371
8913
6021
6688
2981
43
7506
4473
2313
4017
459
43
2394
2200
7483
1148
4533
6093
2914
5587
836
2187
6734
7129
2278
6688
7253
6036
637
1174
6093
1072
6766
3339
7483
4635
1148
2595
5062
1716
8673
2278
9039
3046
5723
3530
5252
5062
2200
4705
2200
6496
7506
6308
820
5062
542
5856
7081
117
1174
2914
3530
