5963
3989
3438
2319
6898
6384
3284
6519
8399
173
8195
5057
5057
5836
2275
1255
6024
2848
2733
8907
6254
4424
9571
5849
4621
3593
4161
4196
2070
9246
8861
3434
2418
888
1930
3257
9850
8815
1206
7389
8949
2894
363
4455
5563
6830
8750
9611
9463
6745
6442
9344
6775
3924
3533
9538
6850
4629
6971
7625
437
747
1275
3731
4861
9821
2997
41
755
7716
21
4971
2733
5613
6354
6830
9306
1177
9246
4913
8627
9879
6316
9273
5941
6952
7729
2129
7062
1281
5938
8027
4713
3049
7058
8907
8921
6415
3157
5335
190
1960
7358
2472
4230
5516
2160
8463
5549
3447
6418
6643
5313
2816
1869
7700
50
7048
4124
618
2797
7579
2137
5404
6245
5516
4510
2861
8010
9794
8440
8775
8775
2896
8627
6020
3434
2907
6468
5774
7172
7746
1177
7862
6201
9014
2813
4482
8650
8791
9783
7688
8536
6662
9014
8277
8427
6736
6267
8533
3265
9475
8420
8600
5939
9367
2848
2137
8494
9879
8049
6875
8600
4431
7116
5523
5557
4484
9632
8690
4607
590
4183
1936
6225
5629
630
9262
9794
4397
6850
9817
2212
7792
1295
2264
153
2757
3234
8747
2730
8559
8593
4205
7116
5836
115
3112
552
96
9262
5628
3764
5486
8631
9475
5097
4161
9414
7084
7792
1497
5516
4012
2163
6807
2730
7368
2263
6917
766
2163
4459
1247
5944
3329
933
5133
5317
6552
898
938
2721
4296
41
8159
9340
6225
3226
96
9462
8273
101
2448
2581
5836
347
2896
9462
6360
6923
4951
8564
2517
4684
4955
2104
9814
5537
6197
2861
5950
681
5500
2624
6262
4738
4951
2777
2219
5334
8559
1581
3522
7116
8533
6676
1699
791
5133
6415
6637
5716
3742
2684
391
4455
3898
7269
1131
4684
1556
1825
9590
4925
6736
5963
648
4909
7052
3465
4951
3575
391
6418
8042
4431
8273
7803
4629
1365
8273
136
5904
2059
7447
2824
9546
988
7643
2848
3680
6022
5904
4297
1900
4452
8934
1506
5168
6225
871
1184
791
6417
5523
8065
7999
5175
3984
2813
5904
871
2562
2104
9794
2861
450
8847
2721
7700
8007
1421
6527
5472
6360
4899
3653
690
7862
7393
7130
5841
5669
4431
658
2906
3434
8030
8663
7012
8463
1365
2721
8000
572
3762
6384
7068
9413
871
115
5966
1433
4065
6354
1866
8399
8027
2799
5549
2129
6527
3653
1188
5885
2813
6309
6923
3313
7203
5523
6917
5628
3318
3653
1281
8414
6390
9649
1646
6734
4750
8427
9271
6024
7243
6267
3984
2067
3234
9571
5349
1576
5080
8773
1055
2418
3209
2888
9997
2938
5628
3179
4124
8842
4294
293
7269
2255
2547
5953
8776
9121
8842
4607
3835
5512
9239
3680
101
5097
2612
2894
515
5646
1980
7776
4431
7161
1837
5981
5975
9561
4573
8000
9544
1393
3327
8195
5523
4971
1554
898
9603
5238
7346
4431
8437
496
5981
5901
8650
6731
8463
7005
2892
2721
6775
9571
5446
3265
6586
3265
4925
7211
9861
2517
7211
7579
8414
5966
3731
6534
4196
2279
8914
2547
2938
8440
9740
2471
4713
9764
39
8112
8586
6807
3353
2067
2257
2987
3434
3533
1131
3762
5486
6254
3794
1519
2070
5217
690
7999
7447
2492
5904
5563
2383
7033
8007
3698
6020
5052
9538
6022
4708
2547
4894
4148
1519
8918
9013
6862
6595
2612
3555
8593
1727
7332
6468
8399
2212
5650
515
1539
7221
5272
682
9145
3441
3418
7172
5774
3764
4629
8005
2736
791
4687
9014
2760
1837
9821
3271
8427
7368
6254
9336
680
5168
8008
96
3835
3212
7319
871
3712
3355
2907
6534
3995
8427
8788
7792
6771
8273
6003
5099
9853
3329
8358
3549
2861
2958
347
320
6862
5873
6775
1841
4981
2813
618
6360
4170
8516
3937
4708
7068
9285
8437
3438
5621
347
2969
766
4510
6078
3575
5335
6898
1129
9759
4909
7756
9265
2997
5716
3112
2415
5235
7729
9949
2562
8346
5903
327
7822
9357
8533
2537
2129
2547
5900
6108
5557
3846
198
9822
3620
6736
2809
4012
2562
1779
608
3555
9240
4750
8949
8815
347
1258
4167
2824
8733
4839
5046
6245
4452
9287
1866
6340
6204
4405
8267
7393
7447
515
8747
2797
7130
6393
5752
6360
9814
8420
5099
8494
2624
2268
9305
190
2268
7346
6766
1936
3383
4219
5429
3995
7181
2137
9305
6267
8583
6197
4196
2160
5472
8357
6953
9707
9538
4925
8934
8013
8420
4008
564
9759
2537
1361
6348
465
2129
3773
5229
8008
8220
658
7688
6830
391
6402
7562
7332
2160
1291
7688
755
2537
6676
618
4517
5557
7444
2805
4891
3617
6348
2892
7729
731
9611
9305
8843
8824
1538
5716
8583
9865
1575
3126
8712
5981
6262
7746
2081
2733
791
1356
5175
7999
3105
1071
8195
4694
7058
7033
327
6201
3498
2193
9561
8049
7700
8933
5698
8600
6821
5516
4405
7062
9794
2750
2684
5398
3438
6731
3447
2075
7273
5669
7643
2865
8600
4694
2279
5313
4219
5903
5394
9739
6644
4346
9970
3465
3381
3764
1556
3049
4069
4908
8847
8436
9121
5446
2760
3105
5565
658
9943
1148
4310
1275
2618
5565
3142
2418
7716
7358
1837
1655
7332
7806
2646
2729
755
4728
8712
4124
2081
8933
5823
9879
5537
4452
9956
2268
8789
3575
6268
4253
4196
6022
5966
2212
5849
2428
2730
3234
4021
2997
6914
7058
1177
7058
6815
630
136
2757
9853
8159
8437
1426
2059
1313
1005
9948
9997
6944
6538
2099
6914
6020
2255
3937
8775
8631
1373
4482
9336
6371
1932
6766
3795
1906
6078
927
1247
8258
2434
5272
6944
2816
9145
39
7048
7346
4297
8789
2987
2907
1992
4310
4971
2624
9367
5445
7269
1727
3575
7450
1936
2325
4170
1980
8824
807
5555
6898
5445
7296
9462
6022
233
6944
2816
2976
564
1919
5282
6971
69
7346
3731
3271
9417
8564
4909
3995
1646
3575
1841
6201
7894
2219
6760
