4777
2218
7095
8309
3609
2502
8453
8928
2123
2529
5776
6192
5843
154
1735
8181
7461
6458
6652
9242
4429
1203
9748
9619
1229
2379
2167
2900
4650
4392
4980
291
9353
2776
7514
7290
415
1572
8716
6762
8512
6031
4876
4157
3000
2479
5379
3249
7366
1141
2375
727
1983
9176
8889
1159
8493
7904
9102
5900
7910
3475
7427
9484
2038
1724
6460
1026
8599
1948
5285
7702
4086
5873
7944
8631
9898
8563
9468
5890
1383
5968
8929
4385
8462
2249
8679
1800
9445
7854
4178
6165
1521
5391
6090
6617
4601
4113
2716
4028
558
3305
4601
7996
709
7176
4661
6402
5326
9565
4504
6694
661
9330
1364
678
5336
5992
5087
1667
1211
9590
7320
162
3673
5954
8900
1092
8466
4764
3582
2828
2963
8129
4021
3013
1964
1730
2330
1575
8631
2894
7641
1153
3939
9098
6738
9771
8631
5850
9954
6411
2282
8454
6844
4820
6754
169
9539
3825
2912
6827
8500
8968
9142
5007
4868
8480
9372
1433
8692
9635
6277
2428
9114
391
2519
625
9972
5397
4297
5785
628
8330
7159
1268
6796
9510
3910
6802
6051
3212
3657
5703
3088
4724
922
3164
9831
4975
5114
8554
6915
5870
3903
4001
9349
2315
3325
2245
457
2252
169
1046
736
3382
7716
8222
4099
5575
6106
9999
8231
4876
3590
9597
4125
438
3917
6047
1305
3034
5205
5090
6314
8105
3910
1222
7837
6771
1319
9958
2534
3037
5477
463
8330
9662
6652
595
3885
7974
936
7266
2496
6179
937
4370
9751
8080
6227
7256
866
2424
9689
936
2865
7097
4619
5600
8602
4541
7482
1412
4244
4679
9698
8684
4127
4775
8457
7105
1593
6916
2032
7248
6873
6757
9334
4767
2521
8655
3939
9176
1133
5776
9270
6331
2232
1371
1593
2138
6086
4264
9895
7422
1664
3426
2556
2648
1460
3951
4021
108
1999
4166
2498
4469
768
1693
3836
1147
1500
7785
7688
904
2606
2218
1660
75
9700
5361
996
9946
3656
5776
807
1005
9820
3899
1382
7062
5048
887
9043
728
548
6173
3412
3859
3152
7799
7400
709
6766
8841
3490
2716
7103
5534
9030
3709
5784
3105
3161
5399
4556
3139
3449
465
5807
140
7660
9130
4880
9128
778
4612
1236
1108
3623
4822
4441
6223
6655
5961
8348
7340
1398
5125
3296
817
9124
1578
3712
7127
7024
5631
69
5945
1126
7215
2852
3899
7180
5367
1924
3113
5284
3005
9950
3697
6924
576
6787
4093
6783
9151
9206
6892
7464
7340
8089
4424
7960
9025
4244
3261
635
2156
5890
8343
3899
9580
2495
5985
2919
403
913
5918
8388
5750
3122
8638
7652
6403
9629
1642
7130
2090
8266
9921
5197
6561
1711
193
8094
1736
8852
2840
6728
6473
4320
1736
334
2642
4522
5642
9662
2147
9316
3473
3417
334
2056
6969
2103
3713
5837
544
2065
4941
9700
1147
5626
3572
2215
8588
7906
7080
9842
4252
6259
681
4940
9937
8997
6956
3936
9005
7772
3910
7551
7239
7444
3894
2561
3350
8333
2271
4249
3666
1664
7637
1432
4893
8997
4678
4546
7318
3071
8468
4552
9176
2351
7427
5954
648
6508
9560
1398
518
3844
7145
3515
5179
3732
9646
3182
7535
622
4554
5586
9336
6558
3894
4952
8064
7089
7774
9426
8732
3992
2818
6838
1128
5407
5356
8588
969
7181
9455
1020
1775
9606
4503
5260
4182
1980
8957
1944
1982
4358
7880
9271
5785
7283
3840
6152
8900
94
7852
2894
8146
8030
2153
5218
4995
6860
641
3643
3173
6258
6113
7281
994
7412
8344
4138
1946
3888
2919
9185
7690
2938
3731
115
523
6887
1168
2038
2489
818
4290
3594
8892
7641
234
541
3573
3550
6466
7092
4963
8866
969
7186
5640
127
4765
4168
1701
7377
7494
4888
753
7879
7024
2256
4050
9445
9324
3885
8084
9664
3009
2897
2115
9789
2375
9970
7795
1263
6422
4667
5268
2747
6531
3325
5106
9715
5679
8898
2338
7992
4775
8345
6230
9320
7507
4883
4025
6997
7624
2153
6814
6897
7061
8681
8295
4236
2510
2693
3239
2053
8208
4271
2249
7483
6798
6652
541
6016
1692
7946
7828
9513
8469
3136
3908
6584
2542
1055
4628
6915
9171
4703
3377
4199
7641
1449
1141
3687
6066
5371
7637
2979
1763
8248
5381
6738
7195
8722
4610
1332
3361
650
2622
4396
8292
8351
5589
8320
9931
2200
3726
4469
9320
1760
9966
8997
7671
9725
8562
8542
2649
3199
1263
7593
7660
9508
9132
4328
8860
4158
3635
2185
4712
6737
2271
9011
7714
683
461
6179
408
5840
5727
3676
8528
5784
9830
7747
3373
8021
2514
3279
7878
6016
2068
1869
580
7604
2673
7090
1530
5856
3177
8557
6728
8493
5527
7802
1111
9469
3064
473
1231
1286
8747
4650
3575
236
9327
4602
5120
5366
716
2699
8437
9271
2520
2215
4162
5236
5195
5686
2151
8456
1378
5971
1788
3908
9738
5914
951
9306
4271
3564
3427
2090
9127
6031
828
8382
3747
6685
7320
5871
7695
8000
683
7656
8257
4085
1213
768
3538
505
5786
3779
8210
7903
787
9538
580
8794
9094
9946
6306
4855
2115
7692
6687
6735
6277
9923
1642
5983
4974
757
9918
2342
8877
508
2138
3972
4993
1588
1810
1114
4189
5463
3785
4487
9611
5838
930
6467
1371
7600
2246
8764
7644
356
8008
8828
9745
6416
2934
1950
8331
9946
4363
290
6710
3928
3434
7351
1035
5285
4126
4394
7567
7163
7963
6962
446
4396
6094
9276
9746
5307
3362
5007
4441
8812
4760
4740
9606
7945
6497
8179
4532
487
5559
1260
2761
8923
5244
2526
7572
120
1331
5716
2507
6164
7016
8309
8113
8835
5626
9629
6874
2258
2265
4190
2270
1433
8110
6992
2727
5190
1722
8832
3581
7169
7613
6762
7089
3472
9691
6454
9556
8763
1604
2963
9554
3190
8439
6760
5858
382
9600
8184
4223
4070
3144
8882
1742
4129
1670
3767
6493
4025
3651
2857
5331
9577
3969
3878
5364
6086
817
640
8928
2024
6847
3148
866
4010
7649
2670
627
4792
5451
6625
2072
3538
7495
5929
440
1982
5940
1921
7318
2724
6739
3377
3300
5464
9789
6790
9581
2825
9830
4343
8330
5179
6818
7104
4854
9893
994
8917
7512
7108
8110
6441
4838
1328
2859
6527
6228
5261
9675
3705
986
3994
4066
6634
7643
7577
1742
6862
2524
4349
2771
7647
7329
2083
1279
2549
2822
5714
1444
4633
5496
6252
3283
489
3289
2185
7731
2570
7080
7096
8416
5190
4748
2344
2098
5784
7244
8917
9921
7195
9062
8064
9108
7887
541
9581
5495
5185
5186
7542
5186
5266
9344
7949
8634
1917
9727
911
9286
8064
6533
4764
6977
1335
7918
7799
2840
4097
7027
3097
6022
3020
8974
6320
4026
5957
4493
2582
8331
5127
9349
8249
3423
254
6255
4525
6133
8247
4615
876
8697
4187
6351
3177
1702
4548
5217
8005
7117
2273
870
6236
8784
5903
7324
698
7604
1033
6204
6372
3763
4824
7812
3316
2077
1277
3009
6852
5989
2642
9216
7392
3481
5327
5034
880
6940
3606
2858
1081
4607
1094
6165
1747
4147
5815
8915
3359
4570
6075
7041
3463
86
5849
6644
9648
9039
5693
2890
4147
5534
4704
7141
7920
4925
3049
8880
9768
4007
3000
1339
6145
7821
6995
7793
1244
162
8644
7301
6049
7833
3512
5698
184
5069
2610
107
9330
6292
9621
3802
7520
4347
6240
9728
4896
9197
5361
6037
8582
3928
5866
7352
2963
5624
9098
6942
8631
217
9511
9038
5930
8633
9990
8170
5428
1948
1593
3072
5418
6100
6584
9384
6861
7007
9245
7054
9968
136
6197
8749
8849
5336
9011
8570
4070
1831
7592
7756
5082
2507
8586
8693
3338
6756
2172
393
2594
8223
6278
8608
6333
9030
2089
2577
7402
6522
9458
7070
1863
2808
7395
9153
8522
108
5058
1588
5323
8097
8587
1305
5338
5800
5815
6645
2230
7810
8802
8071
7816
9349
2186
6186
2670
5619
295
9251
2
8318
3017
5015
9174
2581
7228
6864
15
2578
1046
7814
8631
1213
8446
5239
2458
2775
2702
6845
7776
2897
8908
8876
3127
2605
1343
8237
6282
7432
5168
8917
6647
4223
4345
8871
2431
5732
3513
3288
8450
5121
9443
9646
1253
1735
6448
657
4030
9041
8739
906
9336
9674
3670
5785
5114
4679
6956
4740
2672
2594
8146
919
6869
914
9531
2262
2155
6135
1092
7905
4543
3616
7095
7483
4877
1259
9245
5694
289
5954
2601
7881
3181
6643
2768
3656
4800
7303
6527
8248
8496
8807
2324
8461
6025
8822
3780
7926
4585
1898
8704
6075
127
8181
5121
6382
1948
3997
4616
2139
4012
7827
4233
3779
3279
5490
9829
9404
4608
1720
3797
2593
2137
1504
7689
4636
9820
8909
736
2642
5605
937
7466
3694
8488
9591
2236
4818
1533
8816
1103
7180
6778
9977
1777
5859
1925
7742
6059
1651
6740
7156
97
3343
9347
2821
796
1895
7477
6911
4359
6581
4073
3101
9510
1909
3977
3874
3127
2632
5922
1046
6675
5287
3182
4680
1575
4143
4720
1921
2701
2559
228
6184
7323
8911
5703
784
6801
7192
3996
1583
1532
9773
9977
9767
9673
9725
7467
8440
9011
1375
2161
83
9743
3544
4181
4229
2589
4051
8697
1540
5661
903
8500
3595
610
9148
1147
4820
4005
9163
3118
6407
3346
2865
5377
781
2828
8002
8214
75
9658
4790
5738
3732
5813
1540
5992
7028
9870
9993
5319
4292
1697
3005
3541
5521
5294
9482
494
6915
9193
4686
904
2402
1103
8038
90
819
5358
4016
7810
7704
9698
5563
2958
4254
6672
5693
5668
1802
9193
4630
8923
4214
5339
5867
7828
9564
9437
8378
1242
208
4301
4854
9437
4685
1574
6670
1001
6616
9968
2678
5977
4756
6928
6833
5071
443
2151
4855
3541
1706
9225
6823
2406
1805
333
69
9870
5320
8470
9245
6767
8110
3574
6788
7311
8611
2631
6833
657
239
9022
571
2446
537
2896
1993
7588
6916
5553
8127
7351
6295
7363
7862
8905
1628
1964
7941
3806
3813
9065
4138
5019
7410
6413
1037
2728
2702
5879
5864
9830
7080
4740
6733
6504
7378
8254
7671
8103
415
7075
5372
3500
1763
8763
6074
8876
8982
9343
7157
8390
8823
3903
4878
2249
4661
3284
7105
2782
525
9381
2883
6483
7321
2515
3335
7321
869
2193
3728
2006
6969
2123
1788
9384
7384
5061
3405
6333
3267
2355
3372
701
8633
211
9317
5266
5589
8961
3482
6075
7192
9274
7999
8453
8751
6292
1916
2405
683
9603
7669
6763
4895
1885
8678
560
3300
2788
9513
9171
1881
8425
1923
9371
7287
4353
608
4242
4972
337
3560
4359
7594
1019
7647
9604
5451
5352
6332
6855
8823
1874
6658
8054
8249
7369
1582
2552
4707
1975
3760
2663
5214
2065
5833
9574
926
2224
4625
4589
3648
9932
2126
2697
9291
2214
4785
809
8259
4016
4529
7104
3017
5970
6145
8525
3457
1543
9838
2575
646
6974
2743
7555
8653
858
5673
6616
8943
8395
8931
5743
1675
5618
736
7420
6867
709
8327
1070
5397
5688
7666
852
493
9845
8008
7785
3458
2075
5934
7157
7349
7426
7861
7591
588
8592
1958
1407
7906
699
2218
6344
7470
1308
175
7981
5786
3623
8258
3705
5182
2309
2074
4671
6915
3504
1099
7549
2053
2096
5168
2307
7797
7933
5502
9958
8532
6553
7389
7715
574
1200
4861
8877
2627
843
5180
1150
8108
1724
8854
2426
7287
9606
6843
1946
9409
5127
8466
1343
7153
5336
4460
2346
8309
9172
8416
8959
8887
6533
3181
6411
2359
9192
7575
649
5628
6010
8841
757
5015
1114
7800
496
8403
8750
5838
1378
9254
9926
443
9848
2309
3595
7118
8522
8220
3216
2664
2767
153
4255
7053
8264
4547
7418
1922
8693
2882
959
3767
347
3416
7793
8466
5789
5223
8250
3424
6047
9154
8841
4291
6465
9531
1604
7955
8254
9142
23
9011
9812
9958
4367
1390
8687
346
3789
4780
2536
2966
8716
4995
7760
3000
8395
7771
7795
9751
9692
809
7404
2901
9472
1178
2104
7438
7635
8806
8095
1133
6041
8684
3088
9344
9574
9035
8110
6170
6890
598
5106
98
8117
7978
115
7127
5712
5319
1675
9967
5881
69
9110
534
3177
3606
4682
305
785
3098
1320
8382
9652
2167
4528
5048
1808
2754
2409
7028
5087
2611
3738
5323
7450
3057
7666
6827
5177
2605
1937
9609
3969
6913
635
8257
7213
675
7660
2090
6334
6897
8911
5833
6816
4782
5361
9167
5376
6356
291
5859
3677
4875
7906
3012
1572
7236
7771
8349
6126
8052
108
669
8948
1147
4838
8038
7232
6246
3247
6454
2041
1798
6221
8876
611
5499
7627
3416
1687
8921
8308
440
5275
2706
1569
9946
2879
1309
8836
9104
4703
8315
4367
4515
683
8390
7771
9349
8691
5316
7429
2227
6204
3749
9345
6356
9839
6193
7824
5143
9707
6848
7257
3122
2963
6766
7735
3558
2621
1608
719
3428
7779
4554
3541
2442
5283
4642
1783
5945
9595
2581
9015
3827
5285
6541
2524
7357
5241
5682
1154
6671
8860
7409
7138
3075
9384
8848
9370
650
5738
7172
291
6872
7204
8177
8570
6700
3375
5617
3701
3138
291
6136
5807
4939
6647
6895
10
6425
1296
3697
3648
3434
90
4271
8835
7669
443
1509
4282
3249
9063
9719
4210
1055
3865
8295
9185
1567
983
6774
1455
1509
4665
9272
4343
2295
6759
2783
631
8616
2430
4263
3397
6936
7422
3216
172
8913
5480
8666
7954
4419
2182
2489
144
1332
9888
2814
1438
7785
7840
9855
1562
4670
6976
9708
5558
8921
881
7748
115
717
234
5869
1190
5475
8512
9781
2657
8737
7808
8044
4260
3345
4947
9596
3373
9626
2591
8932
4307
9195
9448
6426
5957
7927
1745
6012
7584
1333
7441
7321
5279
5550
428
5954
3904
7290
1512
6143
7341
667
7696
8876
4556
6065
1294
3783
8860
9333
4389
4369
8326
4332
5563
911
8220
824
4328
6341
6343
4809
5091
3405
3873
4284
9461
8346
9898
9225
9789
4425
4301
8130
499
1500
3152
6399
8117
3908
8349
9235
7016
5703
8701
5150
526
4705
5399
2743
281
5096
8091
3614
4394
5670
3840
430
3436
4781
7939
8997
7318
6
9175
8693
308
7159
1409
9193
6268
3265
7117
6971
3784
6968
5121
1032
8915
2318
3795
2591
2103
7209
7089
9111
1906
1595
444
1294
3518
2897
4896
7078
3573
6085
1988
3899
4876
8828
9869
7303
493
5306
2945
3965
8484
3784
5689
1846
1861
8804
4263
9048
4572
2744
7659
7176
1462
8638
592
9377
5482
5407
2009
5499
1962
4525
3805
8940
2632
5934
4311
2468
6241
9803
5954
78
3247
5919
3456
9512
6864
4988
837
136
5833
3356
4103
7322
9222
701
5903
7241
2456
6766
9635
4294
3139
1759
3090
3460
4662
8719
7429
3094
3072
4630
5738
5859
8848
3685
4707
6306
9320
8740
9755
7508
1662
5313
5090
4186
8884
5407
8468
3222
9223
5096
9048
8690
3330
4710
8519
5249
8400
9190
722
7308
2501
1642
9836
969
3747
8394
9658
6694
5499
5189
102
7321
7340
9291
9394
6320
9595
7906
9967
9030
8103
7310
6031
2446
1500
3513
8339
7351
7914
7703
8260
6174
5970
4546
9731
7683
1129
493
8232
8563
7253
3075
4205
1570
1882
9925
1675
2203
8828
3614
7628
3952
6294
6154
8102
1928
8315
3879
6066
4696
3795
9316
9715
9205
2458
3844
9566
690
3859
4009
1352
3937
6704
9463
3122
6339
3098
5489
5867
3676
4828
2024
6970
9056
5954
5819
7497
1875
6835
928
1493
8416
3265
3627
9806
7902
867
817
8685
9584
2173
3747
1294
8102
7319
4046
6541
8195
4067
7683
1397
4344
9046
3461
9364
8117
5360
4694
3791
1098
6947
2061
689
5998
4694
6545
1763
5377
9175
4154
6568
9750
1033
5522
1147
3592
5058
3991
2978
5472
9107
6869
4522
8537
7200
1128
1224
7889
2041
7533
1604
9115
5784
9629
6982
6437
1613
3731
2016
5101
5787
5786
9199
3350
2815
6173
6288
8410
8680
1211
6796
1248
6393
6193
7997
2713
2625
5313
6524
7826
5639
661
8159
8056
6144
2536
201
9132
9719
8855
768
3072
2009
1280
1859
7291
6101
1562
5571
4237
5752
558
6224
5469
7205
8943
8593
8019
9385
3961
2895
2699
777
6876
1224
1770
6607
2758
777
9045
476
7537
7665
4487
2699
4764
1575
7418
548
4284
7990
1889
5460
6886
9796
3017
1515
2018
9317
4173
9461
3193
1640
7503
6804
518
2978
8263
4295
1164
7231
9701
6202
217
752
1017
180
3466
2379
6179
8181
3795
8407
8223
6182
819
8162
7663
7641
8632
1194
3789
8946
9357
4305
2289
8849
9174
9907
3003
3359
4272
334
6883
634
2089
9136
5360
6438
1874
9347
7311
97
4720
9185
3137
5029
2330
6462
3324
1296
7791
1916
996
5179
3982
2879
6306
3324
3959
7887
6092
6876
5957
670
1416
8641
7158
7735
6827
2578
1655
6038
3088
450
4225
8229
3097
7288
9542
6593
1824
6642
6588
3057
4847
5016
6486
7209
7660
5589
8621
8076
9401
617
8945
5563
9673
7941
947
3915
7650
7848
8646
2212
554
2428
5120
3164
6259
9276
2639
3158
151
4327
104
1409
9749
661
4194
4609
2821
9193
7741
9503
4839
2437
595
5059
1159
6781
1902
8706
8275
7650
4011
7392
3566
9719
2030
3179
8008
5712
8248
1872
926
5686
3527
5155
8683
5844
440
3701
7756
904
3908
5214
1737
3977
7911
9247
4893
3048
4580
8694
8896
1236
4393
2737
9597
9001
994
1263
5800
375
5092
6268
4922
8207
4787
7830
8655
3318
9917
9646
7433
5197
4781
7290
3639
7951
8318
4654
8235
8238
8163
5725
3193
9207
9556
4191
1707
6393
5266
4396
3668
2620
1916
1924
4522
9316
5190
4425
389
3097
1737
741
6796
2279
8159
5954
274
753
254
5569
781
9819
936
6324
3425
2092
1339
6329
3139
3025
7118
2381
6962
7956
8293
5033
1355
6065
2837
1916
1663
7619
5117
7455
8184
2758
9216
1438
6818
9876
8512
8884
475
3654
9343
8622
8980
2518
6627
7500
3597
9907
9968
4657
9980
4175
1254
8849
8972
7215
8055
4847
2991
2621
4667
2578
2809
4622
9091
9126
6866
475
5429
9320
8144
9161
525
240
4324
2451
3965
9569
584
3096
814
4126
8910
9888
9213
3451
4707
6581
5626
8173
6780
4671
933
4837
5766
4186
6635
728
2132
728
3142
7705
2249
5074
6584
8679
7496
1155
1007
7740
9992
1438
7748
7637
3427
8429
2627
9691
7834
2865
1875
1026
836
7066
4625
3491
8495
6743
4231
3193
7873
5477
3749
6608
443
8846
8188
4316
8967
1815
4639
4358
2672
8911
9774
9094
7432
7035
7965
6423
9203
7785
3641
881
1820
7592
3017
243
2939
2223
8849
3498
3240
9859
3132
8912
9482
7584
8295
435
2948
5092
5627
5563
2302
6738
8900
4512
9272
2788
2738
9958
4239
2276
2699
9339
7534
4796
2848
8586
4324
30
700
2614
4495
4391
6864
6151
2602
1993
4589
7796
824
8444
5641
357
6034
296
9398
9622
707
953
9108
2139
1923
7048
2320
433
8630
8899
8281
717
9611
4828
1163
6681
2605
2106
641
3604
2958
5845
5266
7080
4067
4546
9327
1009
8270
7635
9426
2534
1155
3335
2528
8011
9963
1540
3902
8033
1284
3902
2889
1611
6274
1973
8193
3676
9001
5725
9206
1575
7906
9227
7223
7571
3314
8397
3859
3463
3406
4256
4008
8810
1469
8722
4441
3153
7906
5429
3408
5261
2800
2505
1163
7833
9409
9385
5716
9181
1268
5930
9340
2505
4394
9194
6143
9029
1493
7955
1191
4480
138
153
5366
4535
1872
3212
6243
6922
4213
3001
8677
5866
3318
4883
3595
4482
4344
9306
7792
7695
2431
5429
8733
468
8380
1946
5859
5693
3873
1309
6778
9901
2802
5250
4323
4700
5158
1644
1105
7876
9369
2956
400
3484
2284
5943
5318
5843
1296
6568
9317
8028
6760
8370
9193
6465
6562
5294
5619
2956
6065
6961
7885
7460
3641
7756
2316
3633
2172
5988
8790
308
4817
7286
3852
7540
441
4835
3406
650
126
9560
7482
9461
5341
9937
1277
782
8722
8386
7768
5943
994
9510
3094
4131
1719
6311
4547
3237
3345
4873
2281
6864
7841
283
625
9774
1046
9848
5236
8528
7340
7817
9245
4805
2656
4085
2922
1734
2447
7151
9011
6397
4185
7030
3077
5889
496
4316
5660
5381
745
9908
9216
8223
5231
8083
9413
6611
7294
359
2320
1882
9985
1416
2897
8560
7433
6239
9436
1787
9028
4198
7949
6773
2940
8982
8502
5373
3433
8794
1602
8588
4203
4812
191
2156
4012
3124
5943
1049
4522
296
3127
2991
9549
5695
337
5571
914
8244
2956
3120
960
6969
1225
8259
3171
2392
3762
3467
8581
5469
2770
824
87
4305
6259
4140
5875
3542
1339
9380
3789
5926
1260
2173
5773
4610
5371
3726
9468
9260
8009
5929
6049
2642
5415
5934
2837
994
1417
7438
4256
8592
2530
472
4589
8693
4353
3750
8207
8493
1592
7200
1254
336
9708
3921
4239
6441
8415
8726
8000
1548
4703
844
8489
5230
5134
126
5153
9124
4442
9597
455
7835
6014
936
3768
925
2585
9891
1157
8633
591
8525
4295
1268
2663
9796
9158
4612
4947
9364
3902
5347
7080
9646
496
8682
6209
7337
8333
2183
5327
8096
5985
9085
1099
129
7456
3212
8096
8633
4628
2172
777
251
818
2897
5134
1611
1089
6192
8884
7758
337
1604
2840
4184
8097
8623
2785
202
4767
5786
7392
1979
9588
2489
1660
8880
7402
6198
1135
7431
5249
1763
2314
6389
1026
1252
1836
9104
8021
8403
2835
4724
8057
4704
4947
8744
4800
5989
6596
6003
3547
5725
9239
8804
9193
974
9949
5961
1455
9597
2469
3249
4187
3300
4641
1001
5048
3362
4304
4001
8904
5785
3841
4389
8302
2153
678
8099
3092
9101
5644
7337
1130
2162
266
9791
4033
5179
9634
1128
561
7843
2218
8412
3000
8230
23
507
7495
5144
8003
8144
1573
1876
5360
1351
6895
1151
3678
9532
6438
8891
9518
9056
7020
8882
1824
6562
9818
9751
7330
235
7464
1460
9193
826
5341
7194
6426
6942
4322
1304
9658
4464
9355
3193
5499
8632
9414
5009
8578
3931
1335
3782
6537
9554
5189
7861
8492
6142
3899
748
5530
9059
5965
9743
5249
361
6800
1002
3296
6379
3328
4316
9789
7315
8149
1507
4901
6581
2632
8888
8093
8227
2056
8254
6011
1434
3825
3025
2043
2051
3173
2865
7288
1763
331
2248
1833
9292
7894
9502
5100
3252
144
4103
6486
4518
2650
8849
8935
9889
5788
543
8089
5463
9327
3305
6065
5213
7996
4544
2936
855
6942
6997
5746
1179
1944
9347
5681
5970
2952
807
7661
2270
4283
2791
8323
5141
8974
5958
7185
5677
8235
4484
7831
4925
1567
6689
6726
3105
6815
9714
4583
6418
7418
2459
4307
5743
9667
3580
3375
3293
7388
7455
2858
6080
8813
7996
6845
9022
6090
6517
544
2273
5029
3
7978
864
560
6617
1876
2579
1573
9746
1668
6883
9888
7788
2524
8665
9063
4263
6066
7774
9200
8979
6119
7656
6878
5941
7456
8412
6823
9413
5493
7771
3840
8915
6072
9272
4641
5069
5822
2530
1066
7423
3735
8141
8668
8136
1605
3957
6193
5229
7145
5502
2081
443
6505
7061
4046
2039
4070
503
2551
8585
5376
3635
7009
3885
8240
9501
2815
7592
3338
7035
7904
2077
9154
5059
901
5490
503
5189
3747
1010
2022
934
2479
2730
9847
736
2174
5185
4868
4628
9796
2877
9889
5922
983
9235
8562
9655
3566
2852
6705
5106
5081
105
2276
4846
8391
1280
802
347
1964
7880
7841
9323
6202
5100
1018
4416
7402
7965
9751
6760
5705
9592
6551
5545
9344
464
3406
9045
3723
8750
9054
3594
479
1407
1947
1469
6130
7281
8248
1834
8175
6882
7934
3387
5571
7397
6767
2815
8058
84
6481
7345
9532
6669
6881
6625
5407
5327
4609
2589
9028
7487
901
5315
6006
991
5381
4449
4585
4460
1902
3784
2110
8674
5409
9664
4282
3844
9412
1303
7945
6244
2273
6193
3555
6100
2520
5833
3285
5664
9193
3094
5261
235
4540
6558
5931
7532
3381
7294
3186
3972
9349
5280
9309
719
6816
3334
5488
9045
1864
8506
4375
2649
4729
6508
1233
9621
752
7626
2172
1294
2315
5923
2272
4342
9721
7824
7212
4098
6638
1408
2137
2638
97
577
9216
8274
509
9830
4451
7933
2699
8444
3908
3092
6351
9543
1343
5451
6541
5125
6428
1988
852
5972
9908
9766
599
399
2090
824
7741
6705
9239
5249
5451
5236
7772
4470
6038
191
9808
9324
6670
1787
7314
9357
5376
3179
4146
7785
6961
3558
8734
8355
479
7992
7466
196
8984
5006
1368
8204
3731
9417
3431
4282
6801
2120
2431
7575
8642
4166
925
3174
2840
455
7664
8907
4008
9524
4360
1157
7569
1782
7601
3384
8647
7588
3368
2666
8849
8450
8842
1033
6011
5336
6894
3545
3356
3096
5815
4495
2262
2385
1010
4334
5453
3171
3633
7507
8237
7595
3179
9318
103
8390
5724
5987
6623
4385
7644
9130
7643
6343
337
6625
3580
6635
9412
7726
4608
6878
6450
9095
2471
8340
2584
7932
9700
3266
4088
1035
8086
8119
6012
823
3908
1326
2842
9728
2948
4545
9781
3214
1168
8767
9518
4103
3881
6580
125
9492
3581
4877
5643
7345
2729
2293
2437
7803
7116
9313
1224
1475
6640
9931
1661
3005
8554
7314
6738
2123
84
1046
2765
6763
3399
4916
3784
7444
5628
4093
1916
1202
313
7597
8448
2208
2224
2849
8929
3169
7337
9818
7448
3456
2223
3028
8898
3144
9079
5019
5135
6584
1999
8866
2039
9403
3767
778
4158
6843
6843
115
6167
7644
4752
8641
7885
828
2223
1483
4804
6538
1723
4540
707
6236
6903
8642
688
9614
4630
7804
2673
2072
251
5266
6170
2867
2641
6179
5918
5082
6289
5472
7781
9615
7108
7427
4528
9151
3515
972
4264
2897
9566
9460
543
2606
7758
3122
1575
4671
3681
7679
830
759
3560
1121
7845
528
8309
7798
1194
1319
3387
6483
2404
3964
1700
3667
3480
8677
2168
8149
94
3348
7322
8679
8089
7270
9715
8453
9364
9449
8144
750
6135
1121
8132
5170
523
4273
9449
4580
5846
3633
5468
2381
1841
1317
986
775
5235
9719
1979
4372
6118
6996
6890
3730
3125
5653
708
4947
8311
5944
1748
3
3841
9414
6344
3558
3486
6244
2841
9856
8555
3344
2703
9355
1664
9443
1993
5677
6475
3749
2277
4040
3179
9247
3434
97
8593
2212
4633
9194
6441
7881
690
551
8997
4207
3203
4703
9911
4173
2650
3494
5605
5859
359
2626
2387
1138
1696
9855
1065
3768
2907
1229
9535
5966
5910
2498
9216
2160
5923
4291
3853
9385
6114
1149
3709
488
7060
8309
7124
7860
851
3843
5653
2627
8756
5429
5058
1788
3308
1916
6264
8868
822
1978
505
3490
4256
9925
337
2107
9554
1359
4026
1353
5083
7314
1782
3676
914
4599
5487
6672
5113
3796
436
7483
2357
4210
5545
4605
9746
1032
1931
7626
8468
6449
3199
3977
515
5417
8087
8739
3090
7747
6173
6432
5493
5628
5489
8064
548
2657
3217
1012
8846
7426
8989
3484
3451
9593
9393
914
5361
914
1899
4097
2883
7518
1768
5283
4447
5284
8327
7788
2173
5392
4842
7119
1098
3729
7286
7105
5642
4420
4464
7810
5805
4425
5456
959
8630
1259
9465
8008
4604
2212
1234
6778
7411
1375
1374
4196
3421
8378
4008
4630
5074
9836
4766
7299
2507
6368
3293
5364
4323
7786
8010
9324
3238
2631
7043
7659
482
5717
9947
5712
1308
5033
938
6812
5934
3694
7350
625
4304
9445
9502
1379
9552
8132
8690
1788
7736
128
2261
7376
8797
3662
5578
4263
9959
4528
5653
7319
1953
9502
4032
2014
6179
8506
325
9938
592
5361
2600
699
8464
9231
8380
5196
8464
8054
574
7904
8131
5799
9684
8287
6731
1081
8500
8120
3005
3184
3090
9769
9700
9951
9771
735
3373
193
9604
7798
2566
7366
7321
9045
4204
591
6275
8389
1434
9369
8835
6735
9388
856
7245
6593
7800
6486
5924
8125
8110
6130
9235
8464
3635
7540
1092
6211
3048
596
417
6889
8133
3714
1334
9923
6796
3208
3324
5571
1409
9590
768
1617
2446
765
87
5694
8813
5584
3657
2682
9335
7942
1811
4016
2896
9105
2021
4256
6216
5336
2125
9511
7565
5197
3623
1763
6320
1942
2160
1881
2581
5551
7148
5771
7744
628
8870
1917
3319
1517
1595
9086
8395
5068
8335
2767
856
7388
4054
9848
4285
8388
8149
3731
4837
6796
7742
9038
8796
4191
1178
6901
8468
844
2857
6668
9245
7053
1163
2561
9666
1240
1242
4899
5840
3597
4375
5610
9349
2097
2584
879
2594
1862
777
5463
6844
2979
5965
3096
8991
5496
4925
7035
5189
8945
9666
3386
6635
9633
4244
8464
8896
3168
1033
417
2357
5340
679
7138
8923
3160
5283
8559
5985
516
5143
8965
6475
4755
2508
8049
2230
5094
9912
1989
8685
1953
3120
3780
370
8940
7917
3537
649
4899
7891
6619
6407
4580
3643
1675
8702
837
4263
2523
4696
1582
102
6835
8453
8877
3751
3738
9025
8339
7997
3186
9552
9987
6858
2019
7797
8309
7736
5366
1573
4718
1156
2932
6327
6588
8932
8675
9352
8878
492
5724
2035
1164
4875
4856
9745
8170
3443
7669
7948
473
4867
9442
450
1997
4143
3199
4661
1760
5218
7317
3494
3515
2214
9192
1054
8630
6002
3904
8902
1661
8532
4398
3844
8588
9985
6063
6756
7244
6739
5703
8588
9206
3592
7363
7130
6804
1592
8287
5371
1364
357
4363
1609
783
8266
6372
1875
5957
173
7227
786
6220
3904
3871
323
7827
239
3300
8915
3714
7341
2606
1032
2842
7931
8578
472
5209
8177
3397
7635
4184
7793
3604
5738
7593
5425
9548
1766
5966
3076
8849
3897
1397
3394
2956
9448
9545
7679
637
9794
2293
8150
6860
8570
3295
7958
9507
6737
1689
8361
9681
7255
5133
99
5280
9683
2566
2561
3639
7283
8120
4467
6580
4610
8413
8069
1206
1296
9560
6697
5813
611
4621
4315
7364
6174
6781
347
3351
2223
3818
8428
9283
5870
3849
3780
2078
9305
9614
2153
6756
6823
608
4288
933
6835
2961
3815
5186
3491
5085
6840
1316
1946
9047
9165
2438
1938
1238
9127
7387
3732
5185
7426
621
7101
361
3409
2230
2174
7340
6038
3670
2991
5562
9221
2642
6756
8000
3424
1225
6475
203
6493
196
3169
4532
4956
4493
3318
2173
3319
1296
996
5107
4450
3282
3718
5436
2724
1315
8163
8095
6706
4557
8988
3351
6282
9372
6229
4981
875
1928
9410
2203
5857
9390
4004
4204
3817
3397
2368
6876
4028
7774
745
4323
6748
3156
980
7181
7150
5610
6169
6422
8309
4641
5677
1229
9938
6327
3904
8691
3767
6562
6845
3844
887
4552
6506
1591
8457
2764
9781
3945
8876
8803
2963
4975
6349
6813
1240
7164
291
3843
6798
3665
1599
3148
3566
662
7104
2747
193
4632
6451
6816
672
281
5034
769
9280
6976
3148
8321
2845
6031
3373
6803
3397
5004
6937
2273
6981
2153
7140
7066
8597
7314
7541
3009
4424
8756
2603
6728
6463
8706
4027
3058
1035
5634
2156
2626
9633
1775
6540
3335
2741
2601
6863
4354
2216
2597
3088
8823
6608
6693
459
5733
4396
7958
3200
8266
751
9657
5284
2051
1280
9827
736
3135
7707
5691
7231
9667
3162
4805
2657
5451
1234
5521
6585
3368
7504
1475
5630
8913
5583
4705
9767
235
8689
911
5059
1280
4629
7168
1259
2261
9789
7072
1252
7905
9412
2693
3762
9914
8229
8331
3097
9599
5364
4179
6063
5261
2728
4839
603
3892
3780
7232
4877
7716
3996
9313
3266
8776
5928
8252
609
5587
430
4093
1660
8135
5273
1640
1885
7363
6032
5960
8630
865
4740
1157
982
8700
7188
752
3961
4888
6863
2837
4943
7070
211
5186
9161
4009
9659
3416
4278
4636
1568
3096
1537
124
6330
361
4926
5716
553
7606
5983
6054
3406
1745
6264
9320
4092
6611
6356
6945
7907
2078
9728
1761
1873
4394
1687
5490
5049
2859
5480
3375
5813
272
6766
8287
3269
9621
7556
3470
3968
6863
3138
6306
937
2099
2639
9213
7695
5188
426
996
2513
163
2944
7906
4282
1159
3710
7974
2740
7496
1406
7097
1602
3741
4834
2939
1935
9728
1420
7893
5617
4353
8970
6879
7209
9612
3732
2315
4594
3461
4126
4606
1471
3968
4034
4006
8075
1001
5135
3969
1724
1524
4493
326
2414
2934
3137
3665
3686
928
7501
4037
2056
7263
2747
3555
9674
9959
3180
8277
2934
1154
8613
4939
255
8812
7648
2048
5397
7328
5201
1689
8988
7096
1313
4684
8179
305
9385
9395
1175
178
953
4975
418
6111
6848
9793
2599
2728
6876
136
128
9350
4338
6082
3768
1980
7366
6953
7599
4162
3993
4397
8452
7089
8684
8813
4445
1157
1268
5930
887
2961
4196
4414
4333
2324
5631
4189
4790
2655
4707
3623
8997
4536
2605
2940
4402
7120
6475
1914
7310
7429
5697
8586
1154
1213
479
2270
3346
8249
1868
8853
7035
5844
6278
5214
1686
8215
734
2418
7277
7273
6981
9062
4540
369
4854
2699
680
8420
4272
7213
4774
9833
7788
6872
1278
4493
8110
9552
8618
9015
5634
9560
3420
7914
2581
2357
6226
8229
3036
8685
7595
6906
5871
576
4219
2443
4686
7159
5212
528
8590
2250
8565
5956
75
3855
5746
3228
5456
785
5318
657
3279
3440
4211
85
7095
4441
3574
1046
307
7911
3899
7460
4158
8537
1124
7560
5095
5849
5395
3057
7012
640
7992
106
8049
9366
5325
7119
6266
7664
3681
1055
8450
4469
6434
544
7996
6329
1032
7174
3859
5752
2250
4284
8964
9756
1189
5508
4413
423
4782
6548
5058
4804
6104
3448
9021
1236
2107
2798
9932
4465
9090
8822
5965
7978
7175
1253
1430
3729
1324
103
8581
2945
307
3993
7420
6393
1765
7255
4875
8257
1051
8285
2632
670
228
2627
9923
533
9094
3942
4349
5112
8568
5936
7989
5784
5371
9056
136
6863
6913
5376
3063
6890
5397
3375
3634
9988
4066
836
1484
1928
6108
4394
3938
2695
5868
3058
1527
5668
3142
5023
8395
2610
977
7371
2134
6517
1449
9818
5059
9414
2316
4232
7910
9245
7350
6816
2080
8955
4295
2390
1279
1840
8915
4134
6483
9898
2706
2663
3214
2203
9577
6545
4942
7656
2041
4269
3986
7798
6135
509
6886
557
7052
6238
4425
255
8912
1149
2123
6997
3014
7599
906
9794
5041
7369
7963
7660
8210
7495
4093
559
9591
283
3744
7575
7504
5283
6741
3777
9558
433
6883
637
6762
5616
1820
378
5822
2973
7860
7940
1985
7610
4117
2761
7793
9600
6450
1567
4764
406
184
1874
5673
9789
2581
6204
3632
816
7103
5516
4178
4290
4916
5212
7840
9873
7663
5051
9622
8457
887
4819
4530
9436
9384
978
3511
733
2657
2299
3300
3122
9707
7422
3992
5437
9290
5436
3837
1379
115
537
817
2914
7856
9820
2075
8688
4353
166
755
6259
8248
819
4490
2519
5164
9800
6165
9974
9321
6607
2939
9313
1030
7660
541
85
4557
5999
1253
8666
700
5200
5768
2024
7381
7329
2232
9494
4339
2256
7018
7075
2211
1569
7176
3399
8704
1905
4324
8734
6883
9991
4213
9364
6983
7294
649
8514
3328
4264
8828
6742
4893
3997
6193
6733
9926
2703
6133
3260
3020
1675
7551
6407
9843
9366
6733
707
265
8521
9193
7726
9392
3576
5470
4049
8989
6057
7465
7591
2584
300
3195
7310
5338
3593
9409
3436
3113
6381
3161
4947
8518
137
7467
2119
8154
3161
7637
7872
7651
4267
3839
634
8911
8921
567
3001
9445
2097
1999
7345
9349
4981
8269
5605
1103
7104
2292
3
3912
2173
3682
9620
4463
7880
8228
5864
360
5863
4536
2938
432
1001
7840
8309
8878
3595
3203
1885
5931
906
479
551
7688
866
8756
1126
6890
9369
4698
95
8923
6823
8075
4004
4442
1653
2302
233
8176
9290
6781
8391
1461
9670
2152
8733
6864
1355
8468
3052
7621
4891
9414
5231
5120
193
8898
4872
2445
3529
8554
2601
9489
6829
1872
3461
584
736
4839
1134
8832
8882
1155
7340
7592
4026
9111
8341
7056
722
9796
1730
403
7692
911
1321
7438
824
7777
5822
3920
3025
9292
7996
6027
848
8159
3762
6533
1662
956
9783
6936
8275
8132
4760
2567
1194
8076
709
7639
3885
2920
7490
8860
2357
8635
7599
1375
117
7790
3831
816
8848
3685
4792
3597
94
2611
8223
6187
8852
8008
9175
6953
5121
5703
5218
7978
2357
9691
5907
553
8841
5873
1515
1174
5580
3461
5716
906
6911
8857
3227
9633
5073
9433
4085
2835
6230
5563
8036
1331
944
2768
977
7374
2657
8389
3125
5389
5092
2737
8520
4138
1515
6031
2602
8876
3208
9391
4030
7753
767
1316
2074
202
1462
7915
8655
3576
3138
2496
8631
4625
2620
1612
9445
3894
1978
3791
7597
8016
5765
9559
1708
9954
6025
5784
1569
3907
2775
2313
3518
3201
2987
9194
551
1612
8005
9691
4555
8750
6216
4052
4014
7273
544
4015
9320
1785
7997
87
217
9428
7368
809
8679
2216
8896
1630
2530
9490
8703
5940
2028
153
1499
8275
8321
3257
5563
1575
2173
1592
2551
5205
476
1859
5468
2822
9231
6664
2059
9401
1278
2342
4622
8904
2605
1958
9929
3394
5928
8882
5514
3744
4046
6178
2134
4962
4561
9294
366
9839
1178
4504
1628
6009
7660
331
9284
2682
340
5248
4836
238
9840
7349
7438
8733
6643
5811
6996
2671
8444
4385
5437
8054
7945
8250
7283
195
9254
4447
4067
7759
3886
5204
7601
3162
4998
6840
3993
4916
6178
7960
5248
6798
4341
2768
2575
201
2802
1138
1748
115
5323
5092
4252
9201
5785
7914
20
3223
7462
9448
2632
580
9264
8912
1266
2631
2963
7458
584
3560
6711
2758
6520
1937
6372
522
9394
6528
9734
2570
9345
9426
7890
960
9453
3897
415
906
6866
5934
7528
3845
9749
2581
650
7038
6717
9959
1054
1606
5624
7257
5480
8132
9977
107
8458
9720
6863
7655
6275
1202
2815
5323
3344
2159
9937
5156
6897
8617
1631
9030
7627
3466
8394
9656
5091
6177
2212
5173
4675
7282
4624
3942
5349
9128
8346
7540
9170
7591
7482
8915
5179
2870
4262
2794
5681
9366
1801
2487
2570
8923
144
8531
295
7196
7496
5346
7294
6229
8776
5451
7312
5949
8551
8726
7108
2907
5663
8728
2593
5815
9111
2090
3429
9426
4893
1605
8566
6580
9320
9773
1234
2361
1570
8557
2956
3186
4939
955
1159
7113
8464
8519
7992
4628
118
6783
8642
9349
2156
4525
7497
2488
8513
4074
7804
4210
1891
9180
6906
6962
126
8763
4171
8877
9458
8211
1582
433
1827
7458
3266
3139
4125
8277
5040
9465
9460
3290
126
4424
4273
9096
996
4038
881
1993
304
8626
9313
5049
2212
6334
3705
239
6016
8836
9138
3212
5404
2405
7941
3037
5230
5137
8997
9689
2785
2735
8462
917
6751
9098
8296
4993
3699
9547
7311
7096
6843
4707
7089
9898
6838
664
3687
7898
2731
773
350
809
9182
5470
4517
50
490
9870
4625
1066
7879
7698
5247
3387
5925
6533
2327
9380
3837
2634
8979
4339
8974
1980
5603
8970
3421
1562
5109
3480
7113
3592
6381
9875
6999
2496
6364
1201
7581
1675
2080
6748
7525
2107
1699
9614
3784
8775
6973
9164
16
4219
2509
3501
2304
9249
7357
8412
9917
1640
7730
994
4896
490
7287
472
8606
8355
2743
2387
3699
7358
330
2188
7923
690
1944
6236
5325
8869
6411
6327
4010
718
2818
5898
8303
3633
9689
5245
7600
8177
7793
5114
1884
2524
8679
5451
736
7716
4228
6923
1573
6164
8721
4975
7041
9463
9348
5785
6874
917
5688
5361
5985
670
5418
2848
5773
8238
1121
1962
5403
5106
8481
6027
558
6211
4861
1592
584
8846
728
6260
727
4449
2858
6551
6462
8590
5012
5786
1308
8830
3945
5313
4610
7965
6054
4867
9675
1126
6742
1928
4654
6820
3370
8581
6927
603
5972
3154
959
978
5371
8185
2841
5361
4331
4980
1721
8923
5295
1351
1738
9291
4024
2092
6604
1309
5691
3216
6987
3733
1160
238
2088
6177
395
5786
1185
8796
650
4650
7388
3906
830
1760
7653
1179
5328
2515
4070
2900
770
5959
4987
6693
2194
4103
213
9845
503
3687
1760
4685
8282
7842
6581
763
7627
9449
9794
3241
2966
8538
3455
6282
8913
108
3019
4919
4785
6314
132
9326
6080
2673
8464
291
7873
1153
3749
7534
781
6625
1827
3208
9343
6906
9455
685
4450
9719
6108
9793
928
3783
2262
785
4650
1209
496
3813
6335
6288
7438
2647
340
3178
844
652
3680
9569
2521
6740
5960
3288
6757
8037
9413
2452
4651
4283
8570
6956
8561
1121
9317
3280
4033
5971
2485
8678
5752
2162
393
2446
6065
3815
2079
3249
7034
4724
4724
8505
2582
5763
6343
5725
651
2709
680
8684
6186
2602
6185
337
5631
1215
8185
2106
1345
6113
8361
9043
9339
2144
2821
2968
3799
6213
1245
5029
3742
8590
3326
1339
5372
6325
5032
6059
7043
6833
561
178
7399
5404
9356
4868
7528
4512
2469
6258
509
1159
2635
4605
7163
9360
7821
4411
7156
6101
1686
6327
7340
2052
4852
6418
728
6135
4162
1941
656
4134
6874
4817
6184
3542
4391
763
7907
4538
8859
3451
8346
8719
1314
5122
7810
5359
7286
175
8737
5648
5522
8990
5323
1117
5080
2135
2975
8726
3892
6311
7278
7588
8131
7426
7671
9171
9171
2798
5165
4411
7585
5071
2173
3968
5164
273
4838
690
6338
4872
5711
7696
1600
4342
7308
6460
7996
5143
6277
5868
4552
6376
2585
2638
6063
2126
1524
3796
1237
6008
4695
9769
3731
5391
2120
2221
8430
750
2764
3331
5331
5703
1150
1443
3373
8076
972
3888
9984
7821
8080
1275
8611
9498
8171
3612
1815
7085
599
3902
1570
8114
9494
2639
4214
8924
541
8898
5359
9524
3817
8408
9553
8475
8613
5311
7685
8099
2593
7924
8227
5616
6002
7594
3968
6653
1375
9788
556
9148
5334
5653
5131
7247
3902
7648
3169
8807
8860
6686
1163
6301
8415
2754
8900
3154
1185
1030
4072
318
5034
2610
7676
598
97
1207
9169
9155
4909
6876
4547
7147
6679
5550
9577
8146
337
5837
8557
2493
1275
7594
6080
4556
3813
2561
5684
8232
9842
6811
1895
3993
9756
9042
8528
3873
7022
1825
3233
9128
865
3789
881
680
6757
9560
6845
9285
9539
4679
56
4782
5693
778
727
7854
3945
8913
9968
2426
5677
1876
5954
2032
115
4953
2649
2547
9793
7739
8527
8969
4735
9472
5464
4478
752
5664
7321
3249
901
9392
1390
9977
4334
8353
5023
9630
1487
2476
5684
2229
2232
7026
3388
1708
8281
8321
2751
4790
71
5563
9427
1279
3940
1484
6126
3785
4682
4700
716
4611
3173
3972
8159
1364
2405
2534
2933
9707
3853
3424
8125
7735
3428
8427
6278
1768
1042
690
9621
2126
6395
6802
9395
7282
3405
6787
6059
7695
2154
7357
5174
1266
1146
6081
9326
3629
7705
235
1154
1572
7542
9892
544
7753
7817
2212
2072
3874
3937
3375
7990
3859
7181
4242
1103
2771
8849
4995
6862
6152
4075
1057
6478
828
3200
8956
1460
3237
5024
4384
1378
461
2836
7729
4297
9321
9514
5934
2262
4639
3025
3460
670
417
6581
3443
2164
4682
9271
5133
9664
2974
9838
7252
9614
2211
4400
4075
634
6969
6573
7270
9820
6047
9190
8232
5459
338
2172
9669
5627
8257
8413
1261
9292
7703
3086
8829
1993
3815
8611
5838
4013
7702
1148
7448
140
8493
7666
2028
9190
4668
6827
6200
1266
1248
4986
8095
216
305
2024
5871
3295
2428
5814
8395
9138
3697
584
1787
9465
6025
3957
2562
3069
5785
9046
1245
9938
7581
8882
1032
4538
3783
9713
3500
1237
5327
4836
8292
8679
2726
6997
2262
7217
2821
2534
153
8323
4743
4055
3394
1779
1770
4378
2561
4034
9117
3426
9998
2381
6200
568
4211
7804
6174
5304
8989
5959
8215
656
3120
9163
1345
4310
1898
2939
9940
6337
8793
7637
8602
6273
1278
9574
9739
8683
6780
203
6200
6135
3844
2510
8306
9643
5239
213
5631
8509
4816
752
6650
5417
2299
8410
3070
1966
2445
292
118
9311
7826
1320
526
5844
3705
9600
8238
5041
3888
5213
4962
2450
5160
6869
2262
2785
713
5326
7420
6119
3123
1013
9511
3980
7518
1324
8980
8734
7676
2851
4911
9038
9628
4235
5971
579
6256
4016
4244
9318
9102
537
9670
1315
6760
1776
9372
9565
8209
2501
3200
5116
9349
474
1829
7255
2202
1331
7345
2265
1308
7593
2531
9364
71
1855
9247
8271
9194
8654
8
3728
4604
9171
2963
9243
478
361
6330
1653
7803
4163
5266
2979
184
6887
7821
634
5502
787
2053
9382
559
6864
2534
5746
8022
116
1137
635
5763
7383
1902
1416
3780
6551
8271
755
6897
9765
5068
3848
9359
7453
4441
3373
7989
4964
3216
3190
8635
7974
9977
9532
7649
7100
9888
7904
1037
728
2513
6118
1010
1001
1206
8222
5189
9663
4232
357
1857
8464
4398
5487
2139
1788
1196
9707
3124
5197
3417
6299
8631
4504
8101
8488
709
2849
3910
3048
5106
486
4301
7753
1827
8581
6953
8657
4126
271
537
4880
424
6858
6202
2262
3069
685
9179
9108
2966
9931
9448
5156
829
8487
9137
2167
5907
5828
8444
5361
683
3993
3965
8621
3434
7741
6186
6762
228
6634
6446
6423
2498
9370
142
2625
1155
9479
1757
2442
2523
1210
6225
768
8458
5168
3546
3416
7989
16
8114
3864
1409
5517
5773
395
1238
4310
7649
9395
9105
727
9039
347
4333
8420
7622
1606
3686
551
3824
9222
6288
2443
6681
7655
1883
1821
8854
1851
4015
5081
196
307
7532
5519
631
7615
7501
7117
2578
2208
129
7781
8448
5244
1206
8455
7218
4054
5707
2556
4876
4758
8450
4394
7036
6617
5230
6796
5984
3766
2446
2318
4893
8599
9592
6451
5624
8805
1975
2877
1051
1126
8495
1118
2602
7906
768
1559
2472
8219
8955
7462
2232
2991
6548
3888
7923
7146
6715
7690
2703
4402
5980
4237
6311
5752
8621
6974
5522
5120
1671
499
1562
4134
8704
2714
5196
4678
541
9734
3384
9878
2409
6002
4514
2330
4204
734
844
7097
6344
4750
9375
217
7661
213
4407
6301
906
8592
4896
2447
6332
4113
4031
7960
8175
349
6950
7436
672
5492
9096
3955
3005
5693
4339
9108
1789
1764
5914
462
6226
9898
4619
3497
9514
6953
5334
5407
4324
2860
745
6
9640
8455
8116
9631
2277
6254
7716
5814
7740
3335
9278
4344
8272
859
3282
3928
3968
3774
8984
4028
7776
8812
8737
733
651
1189
598
4315
3902
1604
3492
972
7684
8726
8621
7390
5705
3511
2716
9320
3466
3897
7426
5326
3316
2579
7357
2018
4975
7817
4695
7992
3058
7597
9227
8589
7101
6847
3589
155
2849
753
235
3097
4757
9931
3194
5608
8691
7624
4103
7736
2035
6449
2973
8654
3815
5536
9017
6556
6545
786
2461
1277
672
7854
2642
7370
6874
5284
2708
3074
6754
9088
1575
6892
674
8082
7653
8126
8887
2897
4235
4256
2605
9349
8199
6419
9111
7183
7434
9640
8685
3761
3754
8665
3554
415
4013
8065
2810
2230
9666
5934
3325
4294
537
7788
6012
7452
1066
2512
2514
833
3148
9412
3260
1573
1682
4341
7833
6
3283
6826
876
7688
8425
3644
9378
5336
6259
9738
462
1314
6814
8028
7468
1801
6627
2501
7842
9382
7409
3604
3186
3598
6775
3606
8315
6535
9713
6927
4612
1591
5853
9492
7152
4611
4411
662
2230
8468
5592
7418
8512
3226
618
5036
9442
136
3146
770
537
8302
6450
1055
4695
8412
5988
211
5248
1811
8756
9963
4255
3397
541
5945
3751
3784
8596
5247
1704
6946
4010
8403
1999
1980
755
9818
784
3623
5156
4570
5366
120
5807
8341
443
6376
6874
8551
4487
8744
8616
4372
1591
7507
6739
9324
6790
477
5645
5703
3285
3560
683
1557
3967
1348
4203
5871
4824
22
8830
3992
3747
2790
6152
5429
75
4451
3666
1037
6422
6268
7759
4194
7252
7745
5328
911
5761
9691
4570
2174
7062
6259
1801
2082
3052
5814
5184
556
8135
2072
1581
651
6418
6311
8880
1103
2754
8296
7934
7287
4764
6473
3283
4893
5121
424
6891
5165
2281
1218
1316
2903
7456
4921
1309
3137
9073
7600
3065
8863
9341
4341
9294
2987
503
9306
4295
2017
7571
7926
4619
5114
8113
1154
510
8727
1550
5807
4893
6382
5519
3191
4211
1592
4184
4158
908
1804
2006
9332
8244
1374
2123
5123
8113
3951
5562
8632
1417
4942
814
4229
3806
9993
2821
1333
8721
461
5488
5217
8895
6022
6390
7876
9088
3290
1111
2883
1993
1150
7696
8679
9535
3677
4186
8525
1521
2132
1055
5135
6344
7949
193
5092
7154
9344
3879
2079
8836
6543
9610
5349
3697
8970
4328
72
7932
7890
5692
9419
9038
4633
5453
6238
6080
9210
2316
4592
8331
2668
8655
4347
3102
3759
7992
46
5999
5492
2744
9679
9793
9384
9508
3712
2219
7627
1851
634
2185
2577
7034
1808
1500
5431
6959
1719
1825
443
6687
2043
3680
678
8773
2542
4015
3738
7412
9437
6584
5660
7435
3298
9352
8373
3921
5417
7761
4962
2449
3089
4341
4217
1305
4546
6166
7036
4073
1066
395
5984
8199
9181
2578
395
8896
6538
5064
7958
3468
6063
2277
1838
106
473
7591
4967
657
2761
4570
8354
9359
8828
4134
2999
2528
1565
361
6256
3723
8299
6580
2485
4995
9013
8351
5236
3405
698
2562
2037
983
6637
3162
1201
7351
9954
4023
9125
690
9925
6179
2414
80
341
7652
6401
9715
3347
7294
4440
2901
4314
8253
9272
5830
3546
4793
8979
1099
7518
9629
7696
1194
7325
5983
4256
9951
9011
5244
5745
5347
7663
137
1279
8863
7085
9917
6016
5408
2041
8785
5863
6897
9367
1824
7777
7905
6782
9150
5213
8437
567
2620
5373
4294
3292
5527
6075
3058
2606
7512
6844
8410
428
8029
2291
9859
1941
4622
6230
8172
9927
4347
4228
4152
7287
1512
2245
5838
8199
8456
1268
9394
8103
239
7156
7920
9192
4926
130
5301
6475
7802
2099
9938
1234
8345
3472
7340
7567
1215
8466
9753
6386
4699
4345
3113
8091
2445
6357
9039
9419
1966
6533
868
4091
5324
8264
3130
9352
4844
6168
9848
7156
4816
5608
7464
819
1557
1026
7152
9947
5420
2302
1646
8631
754
9564
1259
5207
6004
4857
459
5326
4554
9954
9673
9889
9856
8611
6513
6607
6770
346
5168
5024
541
5024
108
4817
9990
2713
3334
6628
8084
8834
7940
2936
940
8923
2512
8940
7420
8684
120
2800
657
9621
8092
4560
901
6533
4708
7998
291
1092
7856
5846
2429
4370
4997
1352
5949
1916
3249
1571
7381
777
8720
3152
9894
9700
1847
6940
2485
4590
1063
8077
5693
3731
7418
8064
4552
8690
5693
8223
7869
5615
2078
9756
2264
6165
5469
8257
9412
2810
5553
906
2840
7460
7529
4745
699
8864
7520
8468
4884
8969
5469
5242
571
3779
4929
4451
2582
9783
3961
6386
4592
1214
3137
1155
2203
9848
2445
8597
7670
6710
8908
4662
3870
8940
5537
2905
7540
6324
6057
5101
885
7252
4919
7186
3450
4168
5863
6681
5944
9303
3670
4624
5925
4523
7690
2224
3571
1801
6703
118
4992
6287
1103
3352
4267
3468
7835
8487
7366
8524
6022
2336
8450
6659
5944
6705
4873
5876
1572
3650
7555
1701
7639
6815
307
526
1653
8860
4926
4400
9369
8646
9461
4881
9227
3928
6130
331
9942
6542
5201
5830
3498
8146
6183
3139
8144
3381
1463
4899
7671
1409
8181
4826
9192
2194
3319
8516
7435
2920
1128
4398
2010
2795
5323
4550
1397
1873
1631
4293
1829
5008
6361
8911
5745
8064
3512
6845
5472
3138
5160
1349
7417
502
3373
6173
5911
2271
3109
1923
3137
8675
8566
7880
155
3061
1636
5183
7263
2017
9327
3604
9892
7796
9926
6647
3749
1808
4679
3784
1155
1724
8097
4550
4975
1589
5762
20
7562
2172
3061
1631
1425
4323
5930
6126
7457
4090
1936
9552
8371
2278
869
347
5175
4370
3598
6278
9063
8623
5514
1997
8568
8888
6868
7624
5422
8667
3986
3742
9118
585
1995
4639
340
7555
5799
3284
1371
4557
4405
2936
6606
5408
1910
9659
7036
7340
2663
2037
7772
741
2828
8657
4467
2988
1573
143
7426
612
175
6256
9876
2837
3902
6106
9319
9839
4876
7045
699
6738
7828
9472
2663
9291
4956
8525
4455
7190
9325
6918
5861
3382
9419
7591
8907
3000
8887
7255
3614
3492
523
8129
7920
9224
7750
1224
5740
9391
8110
7624
4353
3068
1700
4085
7460
9829
914
4232
6838
2400
9224
5889
7518
6197
867
403
785
2641
3302
211
2495
7792
502
3335
7370
3374
1689
1268
1011
2031
6638
350
4550
6897
2420
6814
778
2657
3844
8162
5121
5422
8378
4804
6992
7785
151
4354
1046
2351
7842
5698
378
2932
6708
4767
228
6655
9334
561
8618
6419
5301
8747
5488
1946
2881
8306
2516
4358
1185
8832
7298
4447
8224
8961
7545
4263
4694
6381
3513
6953
9249
2767
3205
4610
163
8146
89
6441
7664
9384
8562
8855
6390
7022
2385
4941
237
1268
5603
9124
5280
7293
4602
6918
3785
4585
8254
4333
6823
5743
8028
2030
8846
6183
5586
8669
8553
6852
7918
3460
6762
6533
1213
2168
5653
2515
9219
6492
8230
2716
1866
106
6057
7317
733
7814
4203
9922
5565
7768
2642
8315
557
1035
5376
996
6042
8566
2230
3030
1717
6173
2124
3161
1469
7731
3064
1374
8854
404
9866
4547
5239
3796
982
6337
9663
3345
3742
9400
6494
7605
1468
1362
1575
3048
4233
2061
430
2014
2978
5911
3671
8247
2858
8117
6446
2827
8793
6282
9724
8557
8653
8159
1118
7452
8633
5521
9012
2930
355
8830
6364
6668
3580
2785
2215
201
9056
9021
6094
1364
8009
5243
6934
3729
4700
3208
7
1612
393
5372
9138
138
6193
2809
1706
7003
9831
7427
4396
9380
3670
1512
3304
2584
6243
1748
6737
6788
4908
5083
1333
719
8073
7931
9089
5340
928
9527
8064
4512
1009
3137
8277
2927
8681
3997
9863
1201
9275
9715
5167
1214
2173
4812
8037
2551
2065
4667
3158
472
9635
3050
6152
3064
6717
2218
7575
8740
9628
6167
8045
7435
4365
3283
646
4919
7376
2930
4222
699
9345
8630
6338
1902
6446
8749
7117
6801
318
3643
1178
393
9903
759
1532
534
2291
5007
8587
728
3285
2430
7263
2594
8464
9781
4842
16
7599
8585
5950
5252
1799
9535
4393
5464
2299
6740
6545
3490
3908
7141
6153
3683
5499
6963
7120
8542
6671
9412
4711
4325
7810
7663
6865
2903
5670
5536
1568
6416
5301
5846
7429
1868
7796
8184
8123
8179
990
6288
9951
6389
7696
6593
9372
6879
7843
4158
5380
1863
2761
2264
5472
8667
7956
3021
9793
7157
7887
9767
4999
2315
1409
4198
5768
4740
1997
3854
839
8044
6144
7937
6473
9284
3293
7535
6164
2542
1593
5744
9344
2344
3397
8248
2048
4478
2098
8092
6002
5785
5379
8570
6883
2488
8468
86
2706
6339
1046
5189
7180
6454
1760
8736
2133
5971
9878
2422
6883
7953
5517
9167
5618
4739
7366
1704
1449
1546
745
8493
4453
7319
2523
9375
3411
2104
3159
1815
7779
5229
3758
9519
3421
7779
8551
4490
9655
1356
3500
9384
5943
4435
30
1417
4608
5303
8281
7105
2852
4049
8425
4486
9954
609
887
7444
2032
7788
7041
1042
317
292
3733
4324
9672
2933
4696
1759
944
5307
2017
8481
7396
7038
7415
3902
7331
5508
2771
9492
777
5116
3372
9060
3555
359
8701
5092
1802
2011
3212
6538
6169
1099
2417
1769
1131
7420
7803
1383
9230
3394
4921
7885
5085
6718
9111
473
5945
3451
819
9349
8075
3158
6076
8533
8318
8767
8967
8453
1375
2708
1958
5926
4879
1989
7555
446
148
2427
2445
9185
4824
7253
1148
5642
8231
5190
700
6820
163
7236
6463
3945
3598
1743
9414
3497
3676
6783
9593
4270
1134
601
3566
8913
9968
699
9738
8120
5366
2006
6266
8172
3899
9098
3217
4270
9507
3203
5691
6609
6178
3986
541
6987
7328
4621
8703
3230
9228
6528
655
651
234
1808
9194
7239
4311
5697
9543
3768
2519
4490
1882
5359
4782
1065
3571
1010
1359
4113
8634
4975
6873
2106
2847
4812
3876
5933
7312
2559
8875
9360
6781
2897
2606
1967
5766
3881
7426
3806
5697
914
4385
9279
9958
8945
6778
463
2797
6731
283
357
6277
759
5113
9312
1628
6851
1996
417
3451
5171
802
2718
1168
7581
4908
182
7498
4685
778
8697
338
4490
9794
3265
1494
4884
7381
4345
1899
9931
4324
8030
6685
5407
2094
6212
6687
6847
7906
4803
4606
3086
972
9951
1820
5290
8775
3951
1988
4837
7481
4826
1752
7932
6236
2993
9917
6022
404
4506
1397
2890
8669
9669
5318
1804
9400
2678
1328
1562
8264
1906
807
80
2844
8479
3451
7996
8252
8600
4534
9993
8972
6811
5041
7894
4269
3055
6835
4358
3421
4986
4752
4995
4026
7072
1925
2845
4780
1134
5916
2304
9339
6513
9541
2865
7050
2197
6341
7252
1114
492
5287
8666
6757
7669
9518
3899
2224
5653
9691
2089
7560
8181
3456
4002
8665
1407
7018
3763
7830
2248
4252
7045
3222
4830
9908
939
9121
5372
8403
8469
8989
7696
9667
535
4113
4198
6090
1921
2072
700
3853
2985
5571
507
2301
1037
6978
3272
1941
4288
2849
77
520
3984
2219
8313
3230
5381
105
3568
3088
1841
6428
4453
4983
4955
8490
8882
1138
1135
4790
7340
4299
5717
6760
8667
7638
2991
6639
9901
5127
472
6971
9176
9193
7996
5683
2514
1408
5534
3123
1255
3657
9750
3941
5934
4786
7261
1872
983
4858
628
1670
8093
1046
4554
7705
4580
748
4375
1769
503
6540
3421
560
4893
679
3276
9604
3448
5015
4040
2852
3725
3233
9382
4922
3448
9767
5179
2330
4538
3537
8928
2877
4445
8852
8088
8351
1803
5325
6451
4361
4295
7523
6814
7907
4407
7976
2593
3970
2937
851
2126
5903
736
4088
4942
5496
3080
474
2488
6608
3550
72
8700
1675
7731
1129
8749
4678
6049
6669
745
1339
7733
9251
5339
6522
9117
3657
5173
9833
2172
3101
6101
5992
4810
5673
7220
2265
9738
655
8260
484
5800
6154
8701
3810
1483
5392
7593
1593
6492
9707
3212
5084
7318
4814
8295
8902
2248
1721
8072
2022
5574
9219
9063
8149
4186
3005
8850
1838
7835
7827
8368
3201
3938
3122
3318
470
3581
5168
4720
2811
8538
2473
3501
6227
2079
7217
534
7436
72
1153
6126
8929
7256
9254
8652
3698
5730
2488
3455
1967
5361
2491
8089
8631
1190
9426
9372
2186
741
8871
4487
8437
375
9442
2940
3981
6782
272
4589
1918
1689
7567
4917
9207
7073
3875
1433
755
2230
228
7147
3873
4827
8749
7103
6927
4345
9409
1409
9174
2213
5439
7669
7661
591
7043
917
2126
3758
2850
4752
7804
428
7918
5954
369
3881
6647
4766
1524
9271
351
6681
5323
2600
2053
2636
2387
6819
4515
9412
6380
1420
9402
4084
4793
690
1841
4602
4964
6270
7785
9859
3627
3817
6827
7159
8067
5001
9636
1939
7917
