1
2
2
3
3
4
4
8
10
10
11
12
12
13
13
15
16
17
17
18
18
19
20
20
21
21
22
23
24
26
26
27
27
32
33
34
34
35
35
36
39
39
39
40
40
41
43
44
44
46
47
47
47
48
49
53
53
54
56
57
58
59
59
59
59
60
60
61
62
62
63
63
64
65
65
65
65
66
67
68
69
69
70
71
71
74
74
75
75
75
77
77
80
81
82
83
83
85
85
85
86
86
86
86
86
87
88
90
90
91
92
93
94
94
94
95
96
96
96
97
97
98
101
101
102
102
102
104
104
104
104
105
105
106
109
112
112
113
113
114
114
114
114
114
114
116
116
116
118
118
119
120
120
121
121
121
123
123
124
125
125
126
127
127
127
129
129
129
129
131
133
134
134
135
136
139
139
139
139
139
141
143
144
145
147
148
148
148
148
149
150
152
152
153
153
154
154
156
158
158
158
158
160
160
160
161
162
162
162
163
165
166
167
167
169
171
173
174
174
174
175
176
176
178
179
181
181
182
185
185
185
186
187
188
188
188
188
189
189
189
190
190
191
191
191
191
193
193
194
194
194
196
197
198
199
200
200
201
202
202
202
205
206
207
207
207
209
209
212
214
215
216
216
216
217
219
219
219
219
219
220
221
221
222
222
222
224
225
225
225
226
228
228
228
228
228
228
230
230
231
231
231
233
235
236
236
238
239
240
241
244
244
245
249
249
250
252
252
253
253
253
254
255
256
257
258
259
261
262
264
264
264
265
265
266
269
269
270
271
271
273
274
274
276
277
278
278
278
278
281
282
282
282
282
283
283
283
286
287
287
288
289
289
291
291
292
294
294
296
296
296
297
298
299
300
301
302
302
302
303
303
304
306
306
307
308
308
308
309
309
310
310
310
310
311
313
314
315
315
316
317
318
318
318
318
319
320
322
322
324
326
329
329
329
329
329
330
330
331
331
332
332
333
334
334
334
336
340
341
342
342
344
345
346
346
347
347
348
348
349
349
350
351
351
351
353
354
355
357
358
359
361
364
364
365
366
367
368
368
369
375
376
376
377
378
378
380
380
380
381
381
381
382
382
382
383
383
383
384
384
384
384
385
386
386
387
388
389
391
391
392
392
393
393
393
393
394
394
395
396
397
397
397
397
400
400
400
403
403
404
406
408
409
409
410
410
412
415
415
415
416
416
417
419
420
420
421
423
423
423
423
424
425
425
427
428
429
430
430
430
432
434
435
437
438
438
438
439
440
440
441
442
442
442
442
443
444
444
446
447
448
449
450
451
452
452
453
454
454
455
455
455
455
456
456
457
457
458
460
461
462
463
464
465
466
466
466
467
467
468
469
469
469
469
470
471
471
471
472
473
474
474
475
476
477
477
480
481
483
484
484
485
486
486
486
486
487
490
491
492
493
494
495
495
495
496
499
499
499
500
500
500
501
501
501
501
502
503
503
504
505
505
507
507
508
508
508
508
510
511
513
513
514
515
515
517
517
517
518
519
520
520
521
522
523
526
528
530
530
531
531
533
535
536
536
537
538
538
538
540
541
541
541
542
543
543
546
548
548
550
550
552
553
553
554
555
555
558
559
559
559
562
563
564
564
565
565
565
567
569
570
571
571
571
571
572
574
575
575
577
577
578
579
579
579
580
580
581
581
582
583
585
586
587
588
589
591
592
592
593
594
594
595
595
596
596
597
597
597
597
598
600
604
604
605
608
608
609
610
610
611
611
612
613
617
617
619
619
621
622
623
624
626
626
627
628
628
628
628
628
631
631
632
632
632
632
634
634
634
634
635
635
636
637
637
640
640
640
641
641
644
645
645
648
650
650
650
650
651
651
652
652
653
654
656
658
659
659
659
660
664
664
665
665
666
667
671
671
671
673
674
675
675
675
676
677
677
677
677
678
679
679
679
680
680
681
681
681
681
682
682
683
684
684
684
686
687
692
692
693
693
693
695
697
698
698
699
699
699
699
699
700
701
702
706
707
707
709
710
711
711
711
713
714
714
714
715
715
715
715
715
716
717
717
717
718
718
719
719
722
722
722
723
724
724
725
726
726
727
727
728
728
728
730
732
733
734
734
735
735
736
736
737
737
739
739
739
741
742
742
742
743
743
744
744
744
744
745
746
746
747
747
748
749
749
750
751
752
754
755
756
756
757
757
757
758
758
759
759
759
761
761
762
762
762
764
764
766
767
768
769
770
771
772
772
772
774
775
776
776
778
778
778
778
779
779
779
779
781
782
782
783
783
783
787
788
789
790
790
791
793
793
795
796
797
797
798
798
800
800
801
801
802
802
802
802
803
805
805
805
806
807
808
808
810
813
813
815
816
817
818
819
819
821
821
822
822
822
823
824
827
828
830
831
831
832
833
833
833
834
834
835
835
835
835
838
843
845
847
848
848
849
850
851
852
852
853
855
855
858
859
860
862
863
863
864
864
864
865
868
868
868
868
869
869
869
870
872
872
872
874
877
878
881
883
884
884
884
886
886
886
886
886
887
887
888
890
890
892
892
893
896
896
896
899
899
899
901
901
902
903
903
904
905
905
907
907
907
908
909
909
912
912
913
915
916
917
917
917
917
918
919
919
919
919
920
920
920
921
921
922
923
923
924
924
924
925
927
927
928
928
929
929
930
930
930
933
933
934
935
937
938
939
943
943
944
945
945
946
946
951
951
952
953
955
956
957
957
958
958
960
962
962
962
963
964
964
965
967
969
970
970
971
973
973
973
975
975
978
978
979
980
982
984
984
985
985
986
986
986
987
988
989
989
991
991
993
993
994
997
997
998
998
1000
