040 zhangsan40 G 16 99.1
020 zhangsan20 G 16 99
039 zhangsan39 B 16 98.1
019 zhangsan19 B 16 98
038 zhangsan38 G 16 97.1
018 zhangsan18 G 16 97
037 zhangsan37 B 16 96.1
017 zhangsan17 B 16 96
036 zhangsan36 G 16 95.1
016 zhangsan16 G 16 95
035 zhangsan35 B 16 94.1
015 zhangsan15 B 16 94
034 zhangsan34 G 16 93.1
014 zhangsan14 G 16 93
033 zhangsan33 B 16 92.1
013 zhangsan13 B 16 92
032 zhangsan32 G 16 91.1
012 zhangsan12 G 16 91
031 zhangsan31 B 16 90.1
011 zhangsan11 B 16 90
050 zhangsan50 G 16 89.4
030 zhangsan30 G 16 89.1
010 zhangsan10 G 16 89
049 zhangsan49 B 16 88.4
029 zhangsan29 B 16 88.1
009 zhangsan9 B 16 88
048 zhangsan48 G 16 87.4
028 zhangsan28 G 16 87.1
008 zhangsan8 G 16 87
047 zhangsan47 B 16 86.4
027 zhangsan27 B 16 86.1
007 zhangsan7 B 16 86
046 zhangsan46 G 16 85.4
026 zhangsan26 G 16 85.1
006 zhangsan6 G 16 85
045 zhangsan45 B 16 84.4
025 zhangsan25 B 16 84.1
005 zhangsan5 B 16 84
044 zhangsan44 G 16 83.4
024 zhangsan24 G 16 83.1
004 zhangsan4 G 16 83
043 zhangsan43 B 16 82.4
023 zhangsan23 B 16 82.1
003 zhangsan3 B 16 82
042 zhangsan42 G 16 81.4
022 zhangsan22 G 16 81.1
002 zhangsan2 G 16 81
041 zhangsan41 B 16 80.4
021 zhangsan21 B 16 80.1
001 zhangsan1 B 16 80
