821
3475
1371
1579
1995
2844
1373
4721
3060
2679
4893
5533
752
5144
2329
2881
1021
1784
2547
3242
5495
3263
7127
1705
1593
3154
2114
1962
2106
2103
3525
4744
5245
3649
989
5030
3087
7246
373
568
1188
5300
2377
5635
7469
6021
5603
145
2174
1889
3253
2468
1011
7307
4447
2034
5060
4817
5534
3348
172
2413
3797
1652
4781
5223
1645
2564
1458
1961
2162
361
2033
2890
702
1026
97
901
5020
3429
3875
1592
5321
1184
889
4129
2471
4825
1327
4571
836
2602
4330
654
1866
507
5568
5693
2301
5614
1116
6983
3543
683
3769
3774
1717
4234
3783
1183
