-21755
24181
-24691
-14979
-36371
-1564
-15867
-15924
4239
-22445
7730
-40515
-26164
-6858
8764
10366
7996
1842
5214
765
16772
-4518
-5962
9801
21000
-19887
44958
-34064
39102
47575
7604
34498
-21025
-16045
13273
-30054
4117
-1234
8709
13825
40983
34394
-19698
39832
30138
15330
28230
-1170
8891
33203
-42473
-12228
10282
25399
19868
16576
24285
-821
-13637
-8064
-17672
-40255
-9963
54885
-32680
14042
28337
-6867
886
1286
7597
20946
24541
-4580
-39511
-755
37006
-17776
-14264
-1232
30390
-10840
-26224
-42726
-9545
-26359
-34238
13210
23265
-5517
40699
47233
15752
41829
-24757
41279
-29801
-14609
40071
-35991
650
-6405
11348
-6348
24680
-44339
33194
50959
-20283
10926
-22277
-47703
12565
-33580
-661
-23121
-40545
-2744
44571
23636
-9042
-25501
-5737
270
46360
-9232
-8509
-12952
2702
37680
-35176
-10603
-41889
27348
-1568
-7513
13631
25065
36397
25104
25212
-4254
-14008
8623
-405
14234
21039
5446
46819
-21521
2554
18539
-38411
22404
-1242
-9215
32785
11212
22980
4141
-49077
-22663
-17748
4901
749
30719
-1201
-990
-50980
-11169
7355
24073
7736
-13827
-10375
-8260
-34672
54
6466
27724
-2281
38400
44572
-2309
5303
45632
-4311
-37567
12159
-24466
16507
-28908
5285
-26606
16597
-1418
-36499
18779
21679
48232
-360
-48424
-14857
32864
-8976
-10300
29460
37469
-25380
-14664
23947
-3437
44023
-4792
-7805
4079
-3087
-11820
19090
-7836
30159
-7549
-2956
25322
10903
14931
-24259
-26868
-12456
-1653
30601
-4862
7528
-21197
492
8123
-41494
32264
24946
-397
-2564
1102
33949
-1892
7843
-18195
17467
-201
-35333
539
-30775
-22848
-34176
-465
-64
-36210
-7074
-9322
31828
47503
-957
-41901
30151
10880
4241
1135
24395
15870
40285
16495
29049
8720
4146
-15269
31569
-24893
-27522
20154
-7014
-12892
7832
23723
-28433
-34739
43102
-10346
9002
5206
-35979
643
-3232
21672
25303
15498
-1206
-4375
-54325
33330
339
-42256
-15515
-38124
-18742
31224
-12151
17540
18410
-9080
-11095
7567
-23013
36434
43266
27820
2979
3740
6931
48614
7838
-5062
-15495
26853
-5402
-35993
-19954
-19736
-9238
-4301
5411
1061
5455
-2374
6677
14062
401
-53969
-32842
49044
39381
49246
-20419
28642
-41968
25024
3505
29912
13455
-13756
-11687
26760
43009
36828
6002
-1586
-49416
-48780
36062
11742
-4851
-16831
-4294
28067
-4784
13743
-48079
-242
25545
254
624
25162
31694
45534
-3515
37326
23390
-29898
-32180
32729
-31450
25767
-28231
-20926
25118
15651
26083
6248
12235
28710
36661
27060
-50937
-9886
20010
10747
-34219
-1419
26417
10077
-1855
-34886
-21926
-55543
13392
-10551
15004
3404
21280
48887
18609
6556
-37652
14991
-4404
-29721
-18500
-45501
7401
1157
42391
-23134
-24870
1333
-13082
5736
23158
-12783
48672
39251
-13877
3579
-19583
-18087
-15008
22489
-4598
-8011
24338
11223
-16317
22453
-11483
-18099
-13307
6828
-2144
-19632
-16397
44340
-40487
39452
-13940
7477
-11717
28550
-19639
-9527
-4306
-8429
47285
-37447
-34081
-37199
23026
-8616
-37123
235
25389
1700
-6395
206
-25010
-4189
56248
6114
-28112
7251
-10720
16225
-38458
40272
-7653
-39534
-40523
-13853
539
29661
-19314
-13478
35143
18504
-4950
27374
-39266
-9849
27278
-1488
16280
23093
36137
43993
-9340
-9793
-44849
24135
-43370
337
46126
15020
-8291
12807
29087
-40688
-17582
-16207
23437
18856
-33011
53536
-3511
-26366
-29722
-2789
4472
-1144
-43767
22988
-14712
-18635
-9262
28797
11189
-2011
45234
-11619
32914
2975
19143
4462
-29987
5322
-50282
48335
-15082
-12917
38013
19251
49217
-46511
28216
3085
23237
-15089
-4032
-4475
-6601
49388
-16180
-2418
-14872
12321
15406
-12708
-3440
12787
22734
48165
-41805
-4933
7492
-23379
-18465
-36335
19790
-24362
11565
-12541
-159
-37169
-24222
25194
22938
-31640
-27949
26569
-46613
-14084
15345
-2115
-3541
-3118
-26388
22429
-34962
-20547
33134
-41653
-34909
43219
46715
-16653
1283
30818
-30811
18152
278
18224
17161
-28782
2061
-14695
-20076
-11682
11837
35193
39080
-12065
3448
-13381
42763
32738
25210
-27116
26086
2685
-15862
-3864
8014
-21483
41573
2626
25707
-7811
67223
11910
-34712
-7708
58435
22262
4169
-19360
-1183
-6234
4922
22812
6135
25283
-487
-51218
-9065
-7321
-178
-2129
-20552
23844
-2765
38894
-564
8760
297
-1251
6260
17736
15542
25004
-37145
2780
-24693
-15440
27320
30283
33770
-30138
6284
7134
-24929
-2326
-2588
-10843
-11119
16252
-26918
-9222
23455
43090
-27215
23889
-37210
3693
-18361
6710
27196
26849
11446
6954
-6647
-9123
-40923
-39805
36972
-14186
29320
-1959
-766
2435
-29232
24121
3216
-184
-4500
-17740
-37893
-15138
-3965
-10436
23454
39378
43583
-9753
6171
44701
-23466
18601
-32171
37654
46596
-17869
35379
46935
-11571
-42929
25409
36352
23782
-4953
-45777
-38250
23316
20173
-17447
-2543
-16161
5199
32901
2615
49007
17084
5560
-5344
18558
-3385
-7733
-33064
-3782
-15932
803
1757
17315
-21162
-13460
-307
40185
-2573
-944
-8223
-29027
-7001
15052
-26401
-1906
26919
-17742
381
-1726
-1326
-11638
-20924
15193
-23041
37093
19317
-31799
-7779
-43791
-21443
34716
15641
-7239
35455
-30558
-32099
31797
3307
-39345
17654
1920
11340
-1245
15201
-29399
10883
3671
-32616
9691
23872
18348
22166
-14102
3346
11223
-15547
3560
19971
-40
-539
-12731
4240
1693
51143
12513
-2524
-4766
5342
-1910
16329
28858
29264
2492
-3979
-35390
28488
-5054
24417
3927
-12831
-1754
10132
-2009
32112
-34426
47174
-43498
44490
-28293
-50205
-10875
9447
-33028
-22104
5845
1555
-7394
39417
3336
-33787
1519
-41061
-8192
17417
-134
-12222
18935
-9598
-2735
-39665
4728
24656
6725
43307
41966
44506
-33003
-3501
26327
4439
42811
-3728
11994
-36140
2996
-25626
25423
-5247
-105
36457
-33844
27856
-9305
-33305
11057
-37755
42750
9990
21945
6752
3987
-36017
-8228
516
3302
-1236
38005
48516
54958
40541
-39433
23202
-27584
-7161
14782
-14340
14169
-12540
-19086
355
10376
8969
-23385
27219
-38487
8515
-5950
-9587
19764
50
9535
3964
32680
2623
-47755
37275
-9706
42310
15546
-28504
-441
-25265
42626
-5342
-16185
-23971
-3347
-32304
-22561
22268
5173
-25021
13850
-19247
-52471
32768
-21540
-30090
-14841
-22202
51673
13899
-29828
5410
7739
5293
-32863
-4956
33099
-34348
15045
22665
15016
8265
21515
23149
-23945
15900
-4785
39478
-4645
-34799
13392
-8575
36962
28870
5314
3580
14
17057
45978
-3431
2752
-20435
33694
2384
-7133
-39250
-56584
31202
9222
-23551
-3248
-3567
-3027
-10311
-36686
-2452
-5416
33152
-25145
-14987
14986
35318
-34527
-3089
31735
25397
11246
30076
8515
5448
583
-8629
-29466
-49618
-15961
-34376
-40118
-2163
-4061
18639
25261
-39450
40076
8262
-1958
-31229
52826
8442
24277
34271
-26339
-24230
-3639
10424
395
33009
-1151
47737
-19198
4823
-5944
6086
4127
-5184
39700
34259
-25193
-23731
39975
-14676
40314
645
2397
-16322
24197
-6151
-33584
-3228
21201
982
-5556
40209
-9244
-8129
-47129
21677
-33785
4008
34096
36554
3096
56157
-7319
-39119
-2758
-30367
12104
-38143
6216
17305
18716
3121
21020
36729
-34858
27459
18520
11452
12886
-1678
17925
-1674
-2581
15481
-14329
-46520
8958
-9727
-38904
-3134
-34979
5075
11666
-7755
22805
2177
11857
26649
-26839
28356
28189
33407
-11234
19503
9105
-2823
20320
-22258
351
24810
-59507
-16235
8970
19299
42486
34630
-6522
-27971
1412
8402
-4676
27353
1642
32851
-27914
-7124
14835
46152
-47875
18450
-16573
3998
23176
-30929
-23613
37470
-8390
21714
-703
44783
-30608
14811
-42671
3404
-36720
6055
30743
-16564
-396
4728
-45551
-14148
39939
-28493
-2304
41900
24309
19728
6935
-18961
-15128
14769
-44178
25493
-45256
28936
-4428
-10190
-37179
35227
-825
-27746
43662
20861
-8698
-33064
-45343
-50277
6253
-14606
-46124
11306
1123
-30702
-13729
-3672
15625
-34739
-3085
-9461
17387
6475
-7431
-23878
22721
-1014
-30926
16382
-12668
27266
19619
-13619
-17765
-2560
-911
7764
-35756
-27198
-41333
-21292
-38523
-6277
31863
29830
-16800
10725
-19743
-33422
-9071
51010
36420
15186
22471
6839
16277
-8021
-16661
26584
-7254
-9201
-28095
-1446
16717
5732
7221
9980
-12766
-39653
-2067
812
-2416
-44578
-21925
42442
-11406
7530
-5042
-16791
-21982
8770
-7278
24601
23288
-7806
30994
544
4636
1615
-8484
36699
2528
48402
14848
1621
6343
-17243
-26275
27833
9759
-31909
-2862
-98
18842
35953
24708
27124
-54128
-25556
24926
11102
-33119
50772
-10813
34319
29845
-3332
-15963
-15115
3804
34692
282
-12772
-32622
-11356
-1194
25849
-870
-22326
-30883
-32490
-53357
36591
-21501
28258
39110
12381
-9343
-35394
38533
-6234
11867
554
-40100
38673
18674
48505
-25630
19827
-3319
-5381
27548
24170
40735
21204
29084
24800
4241
-29046
-4631
2743
6831
3813
23551
21042
-8638
-4306
-5179
7336
-5443
-23112
-39638
-1899
7644
-11613
1179
-19320
-11737
-3502
11981
-8445
-7596
35644
-19567
27453
34663
-14305
32152
31145
-29961
8153
-50117
-30277
-16034
26875
-35413
5236
-55195
6249
37101
5978
-25368
-9302
36386
-29997
-21891
-5905
31142
-13842
35418
43528
43393
-35245
27136
37019
32141
14846
-40336
-8415
-3304
14190
10205
-16163
-7101
-43799
-18605
13483
7314
46862
-19616
26206
-2065
9273
-4288
34527
-39581
23495
-44073
-11583
-23040
29063
29151
31291
31697
-32910
39242
-14148
-3546
-8259
36638
47915
17879
11503
-42663
6399
-1066
-11929
37374
-52661
-190
-25038
-27181
29592
9157
-6855
-26044
15288
11830
-12543
-41063
-54666
-41058
-5892
-52726
-39917
-25000
-23357
28171
51888
9437
20522
20518
4840
-6962
-21753
8085
-12017
88
-15213
-6243
-24233
13072
34948
21611
42582
-9910
2259
-32363
4038
-54713
-8955
27184
-732
-7108
3914
-2040
-13290
47
36673
12047
21233
12017
-3249
-12046
-21270
55131
2251
9791
-7018
-8528
-14422
38455
18936
3633
25951
31338
-221
-7792
46689
46130
31625
-10688
-19060
2189
-15366
20403
9327
3742
-17429
4103
5436
-35676
-11393
-29572
21149
31712
22570
24618
-44036
11775
8206
-8898
-30790
12137
26310
-5661
27002
15588
-3113
-16643
27119
-21719
-7636
8261
38619
1958
-18779
15054
-36245
-11062
1116
-17954
-36932
36114
6073
-1007
-1636
-22560
-41578
1497
-19891
11808
20579
876
20188
20431
23057
3408
50314
9284
-42173
35647
-3160
10672
23916
-11677
-63500
-8675
-1120
32471
23071
25513
-29652
35108
-41220
-2351
-5003
16427
-36777
50918
-13536
-29398
-36323
-39895
338
17603
-5457
-27421
5249
-3247
2326
-20376
27870
35798
-16001
-1953
1458
-29202
-18203
-425
11659
22461
7132
27394
24295
4816
-27032
26183
-37845
-14482
-8825
-24332
2639
38647
-36907
-31477
26072
-40922
18702
33914
24307
-27948
-5968
39714
21722
-36958
-6529
30202
-24909
332
-6591
-34795
-32340
-17364
33046
-15789
-20917
10884
-6296
-22236
-46796
6997
-37256
-27067
-2962
50104
-42873
-8961
-37034
-30727
14866
37310
-33913
-22932
-11698
7953
-46740
15886
772
2573
11995
39641
-12172
-15687
-17064
-48538
34502
-12917
13975
26623
14106
8778
12302
-12453
2092
-17788
-38530
6029
47390
728
-5879
-37654
53114
43917
18306
-32687
-5248
5628
3762
-41778
-1816
-7833
12376
-9657
-28249
42373
-19952
-32708
-38269
36158
-21513
15893
23070
-790
-7749
-5886
14280
674
-17520
6287
-4747
-6234
27029
9864
-2017
-3090
37918
25911
-21027
7257
-7808
-40927
14856
16248
-7581
-49403
-43
603
-10078
-19845
-8921
-16671
11835
23043
34190
-38036
14886
-20328
-13273
6890
-13502
53743
-20575
-18447
-35186
53602
15004
-9223
-12799
5840
1368
9082
-8365
-16421
24879
13438
47977
-20261
36963
34171
28330
-29846
-29676
-18455
-9298
13579
6720
26481
917
9891
22646
-55392
-1974
10606
16834
-19975
38672
28718
-3070
-9355
-6510
-35285
7319
19811
32094
16470
12278
-32889
-32454
30629
-39479
19507
-2444
43841
-4276
29970
-38882
27474
21491
23011
-1294
-3683
17189
-12103
41666
28398
3389
-29198
-7507
-766
2155
-19258
-12417
320
-6929
-37675
45292
3836
-2227
-13116
-1980
-11168
-24084
11295
21505
12113
-10209
16452
-5206
-3143
26508
-2902
21157
11348
-16053
-7104
-7688
-18054
-306
-628
35619
-32254
26466
-33236
15731
-29016
-7848
37323
30594
27289
19238
-30054
11609
-16263
-32231
-31791
-7142
422
-21684
-401
-23439
9219
-4427
50645
-42113
-8618
13536
46131
22510
-16564
2371
-11615
-28347
24757
-390
8631
38062
2396
-10777
-2927
1232
-9821
-673
-4304
-8205
-25883
-3562
-33125
35268
36802
-27072
13345
15663
-6312
-41434
-12013
2510
-17571
-2594
-6689
26310
28454
-28321
-6183
-5501
-28392
71
-27487
-5862
4809
-28841
-7092
-624
22986
-21297
-13194
8765
4415
10336
-43033
-40630
-44851
-14209
-49386
-34582
-4056
44644
25613
-45882
-25169
-7135
-17207
-9979
4316
36551
-47428
-21751
24721
36646
-37862
-28365
35586
46833
-29845
-20631
16236
-23224
37996
19430
-2723
-9692
-37349
12659
23023
10999
-42724
-40739
8904
20440
-15244
16349
25289
-4980
-27897
-15931
9256
3680
2876
-11290
10413
-36314
-8355
-5665
-35437
-6880
-27148
22413
-2622
-14740
17203
6602
44457
-6706
14940
12191
30400
-8001
-31860
-43557
-4235
-6411
16218
-36548
5342
-22806
-21375
-14346
21412
32692
-24336
4773
-41217
9442
3638
-16156
1549
-2497
33415
24107
-37672
42229
6323
-19918
6677
-27089
-12684
-9822
-23475
-51694
8979
47797
-50228
16968
9870
-31248
-7981
34152
-1246
22722
44011
-35522
-14868
20614
-43496
14780
-9135
29646
21596
-30606
14790
14690
-6161
26959
22490
-18070
-18007
28857
38760
1099
4847
-9153
-33100
10126
12105
43714
952
-16587
10760
-32179
25085
-18772
24365
-16606
-14263
27860
8838
-36511
-453
-41499
28516
910
46
22007
-37389
-5616
-8081
-4814
2670
10325
14637
-4158
20772
1320
27008
-6978
-38652
-22975
-2383
-8940
18413
25966
-2549
36587
-35063
-21202
-39651
30366
3326
-31346
-8420
-3528
-22853
5322
-2580
-52057
45665
-7401
4295
-2203
21457
-3986
42039
11165
1159
19059
26726
-28281
-7113
6287
35592
-38147
11788
27917
-1697
18899
-51264
-1058
-9761
28047
7832
-14605
1429
-42033
-9179
-23930
-26287
6378
18278
-33127
-1157
-33519
-28168
-2566
-33682
-15301
-19214
13672
-23405
12580
13851
24331
-25722
-38044
-31534
-3357
-16822
11413
-18829
40726
-15523
-6620
632
21428
5644
3956
-21532
14477
-923
-6001
25760
-44960
-44897
21851
-8652
-5457
15729
961
26309
-34644
-32927
40401
-2141
-18059
10652
19955
-12169
6374
-14057
-3733
13
-7723
14022
-29707
44530
-23221
-36394
26923
-8887
-1204
-16695
35069
37966
5036
-2257
-24587
-23746
-17662
-7919
-16538
33677
9792
29045
9164
-10502
-12067
-45947
-3121
22385
-16933
-762
51224
33522
-4682
-18478
44479
19948
-38110
15743
9794
20262
-18719
2800
-35972
40972
10787
52521
-988
6780
-16653
325
1119
25886
-8230
24343
-16138
21561
3172
-649
2028
694
-17357
-10474
-9904
-36820
-850
13773
4279
-41399
-20368
30345
19478
-19511
-34379
-8320
-8111
-38328
18446
-2509
26679
-26732
18646
21259
6760
31986
30956
37232
14813
-25594
6311
1251
1513
8072
-2430
-39106
55550
-43010
-22016
29142
-6435
18811
12801
3657
-5434
33660
-4513
-9239
-29214
21231
2392
14036
-5571
10255
6707
-32226
-6578
5643
37070
16933
43855
46391
48019
-18496
7469
-747
-7383
-13324
1083
13364
1194
7376
4672
37828
-1378
-1100
-33753
-4519
19147
16541
-11283
48967
-20388
16220
45921
-4786
48755
-887
27485
-26690
32317
2841
24339
42999
-39037
1856
38363
15013
-4716
-29241
25704
-8383
14834
45259
4028
-9938
12678
-4891
-35350
23495
-8305
-3480
-25194
28898
-984
-8467
-41185
-9486
-3532
-6136
-43211
44766
-31994
1565
35178
-2517
-24171
48386
831
-15258
540
38868
-23014
-34519
13085
6068
-3749
56804
-28729
-25751
-1752
11637
20466
35659
-47010
2822
-14033
-11289
28447
-4242
19507
43182
5050
-59675
1980
-907
25997
-7556
8504
-17143
-2760
12688
-13695
3893
-35738
22204
36685
-30418
-41799
-25495
-32531
17773
1502
7294
8901
6650
42323
-216
-8081
33220
-7126
11549
11799
27813
7682
-7719
4001
19230
1582
-31449
-455
32288
-11167
4597
-26341
32283
-25548
26176
41003
-22180
3339
-8981
2443
-23767
16321
43510
-39694
1028
20629
-36884
-2754
-7132
-1701
-14202
50070
8785
29141
37784
14009
19850
-3174
-34239
-26930
-15355
2578
22922
11528
5756
34436
1637
32325
42069
-20109
-58358
-27680
61
-21551
11723
-21504
48504
18172
-4357
33364
-17123
1860
8356
-9549
-33729
26241
16429
-33600
-9759
-18707
14525
-693
-7834
31420
2122
37517
-2440
-33115
-32718
-15990
-46196
2408
-7091
-2198
47888
-39481
42250
-29930
2014
-1347
24629
-6625
20000
33675
-39360
-9607
-32357
30108
-34225
1022
-9845
-3641
-15319
14315
-36543
29990
-38762
-1614
21235
-3345
-29505
-8649
4431
-32287
-13645
-26485
20149
-4175
33090
34951
13955
-43632
-1181
9351
106
18916
34647
-42663
-19499
39015
-5197
-1492
-12773
138
40203
-1786
39954
-14796
12951
-50306
-1726
-7585
-9753
34718
65514
33956
-12347
21459
-4665
-33121
12566
-26169
-22251
-37421
-3292
30244
-51181
247
30046
7455
-56986
-26986
-11103
44456
37768
-3748
-6780
5587
-32372
-2975
34326
38943
-15906
-20059
3931
22470
5255
5169
-14015
-4517
-26115
42901
-3054
-34236
-663
-13733
6286
1135
-1617
-6074
-47319
-20000
-19911
-17024
1958
24324
-36576
-18447
-287
565
33214
-9187
47463
40107
-4934
-2556
-21118
-3101
-8849
-11471
-14815
-5994
-9449
-1311
-17599
42317
36890
-29183
-21987
-21477
-6975
4124
-19360
-22675
5708
-21190
-10006
-57651
-19865
14297
749
7264
4376
2398
-39666
828
18195
-2161
-2681
-21432
-8464
-16748
-4100
2908
22464
-29438
50851
-35534
-18052
544
18564
1798
-13755
-3150
-1068
23538
32517
41494
-10041
-32816
-22971
-30012
32053
7079
-18167
37669
3478
25480
-36448
34305
42960
-5984
-3579
17365
5824
39350
50285
-22673
-8270
-28446
-21484
-13396
36076
12719
-34164
4439
7716
-21586
26003
-4166
-32750
828
41653
15190
35382
11250
593
19030
27874
4207
-37579
12485
-42197
50286
23349
27608
-16839
-35910
-46204
-50284
36847
-32922
15312
-45973
-28187
9605
1800
26621
47912
-20643
8971
17764
30044
21838
20075
20873
-25696
-12501
7112
4486
-3891
-12287
4483
21410
-8915
928
39981
11876
-33589
2527
-11959
26856
6372
16839
-19444
18496
-42712
-3821
53529
6381
-5864
788
9119
5468
-3730
-1817
11507
33035
-6612
-2069
7060
-44713
-19607
6491
-4966
-8118
24854
1877
-16548
23178
8117
-11184
398
20822
10981
18734
2747
-2028
38677
5082
-55017
-19261
-3960
33275
-48034
6951
6654
43841
12196
-3358
15344
-19599
13668
1247
29728
10726
21208
19532
-19812
-17298
-40850
33
-20817
-52758
5566
1871
-15057
-53694
-39614
8360
5043
-45067
14438
5652
2536
-5160
-15522
26648
419
24334
38267
-21529
-31916
-403
6618
3515
38717
41183
-15493
-7498
-47763
-6901
-17239
-6851
5723
-31237
-20218
10515
8894
-1919
-20342
412
-46902
28156
-42110
11315
-9282
7090
-1476
13184
-2022
25967
-3891
23315
-5738
-2748
1343
-17299
-12804
32931
-31900
-3678
3590
29826
-5801
44276
-24623
-48099
-26337
22562
-42454
-421
-13063
-5747
-10382
6783
-2887
-59906
1147
19167
20463
2643
-12872
-42095
52851
35445
-219
29379
49870
20472
-25992
17008
47387
-15707
-14096
7841
6805
40093
31078
-22177
-31986
4115
9944
21208
23630
20628
-452
-42079
18476
-11376
7453
-5405
-31261
-45388
25458
-16877
-3534
4151
45166
-16932
8542
-4017
-18005
9454
8452
3833
20097
18521
13307
23903
36582
-13018
31261
-10018
31048
7007
30261
26158
5143
-34408
2772
23282
10732
21235
-17896
-41396
-39292
24460
25017
-15193
-52644
18740
31699
2245
25033
47649
-900
12109
21204
12840
27549
13466
-25602
18469
6648
1607
23469
-11670
4861
2416
19316
27210
-11717
23960
-8263
-465
-35830
-14238
2735
-1
10575
-1543
45662
25292
-8471
-17847
-47122
7921
-9006
-17045
3576
-7143
-37396
30430
3691
34618
41078
27807
-11101
-5363
29163
-15279
6321
15280
27906
-33522
-38424
19722
-14694
-41577
-32020
-2217
14626
-26280
-12585
2872
-43411
-36723
-21227
18291
-43998
2362
39424
30918
24729
19454
-8026
-34105
-45050
-27225
-15525
25738
-13624
45167
6167
-29694
18798
6831
-6863
56081
3629
-30532
-31820
-38422
39152
51514
28003
-2010
-30288
-48723
53346
10822
-39764
-7509
-3256
-15350
883
-42083
-7268
-16737
-22796
8298
-25723
41913
1130
-24697
1543
31826
-18319
-5680
53767
-17958
40888
24007
-37184
-5315
-19914
-27959
1181
-40889
-43923
11701
-18106
24472
46835
34359
30549
-18212
24139
4281
-5465
-4905
16106
-31144
-22350
44550
21761
28088
-39764
18300
7839
6826
14141
5048
34386
45634
11189
-46155
53563
-39431
-35596
-9934
-7665
-8636
7920
12398
88
24797
-861
-6470
1528
29276
-2789
33131
10279
10301
-51800
30157
-10171
46488
24313
15064
-11646
1089
22567
-33005
11604
-49962
-27450
-11289
2813
-4590
-490
1146
12660
-15947
44952
38678
23598
13080
-15682
-42431
31745
4565
23516
38628
-15956
14901
-34553
2677
14253
3498
39986
-8673
10803
-15943
1405
23889
-12821
7612
45678
-8024
-13741
-11626
-13240
22736
-40640
47397
-8273
-26078
3680
31232
-3565
24669
-34916
-3164
5067
5119
-44709
28800
-31424
17240
-27534
-3738
-28500
-22772
4980
-3193
-1498
18761
-33415
-39897
37928
-15248
16580
13327
6134
-36704
1834
-18527
-43926
-5230
30881
-7640
-10207
-8298
-8717
-41507
4317
26054
-3311
26632
8389
18329
-25520
3391
-37772
44336
3496
-37007
27079
25813
37578
470
34187
40593
-15729
44611
-2653
37139
-40247
34525
-15666
34574
-14176
-28367
303
13473
-25523
22908
1755
22753
-11707
27516
-498
29324
40221
18965
27287
-27361
-21957
-10097
40825
-2137
7120
-16828
45710
18682
5190
19736
22569
-16831
-18382
-8965
-12643
3637
-16602
-16578
14240
-2722
2845
14336
24743
-30408
30505
-6604
-16940
-27318
15795
-44815
-35025
51315
30866
42051
-17641
-10418
-3721
11740
-26132
40605
-18963
37662
-8252
11125
13316
-27273
-18779
-39769
-10941
-14872
-45929
23052
25581
3328
26265
13765
-19573
-1042
26733
6005
143
-2321
-4723
-18098
2487
-29180
-34726
-11469
-36995
-14
31501
-4062
-9829
-9998
-7509
-26552
46801
15881
6983
6614
-42392
-5091
13143
-21615
-8082
-8594
-26674
2623
1314
18731
-23785
-13608
36486
-24550
32305
-3675
-6224
31428
-13017
15330
4451
35582
26311
55
-5790
-25843
-169
6213
16655
-32767
25304
-48737
3349
-33602
6406
-216
-27698
14353
30450
3703
-28529
39243
-27665
6298
32513
34844
22211
-8994
-1543
18253
-39707
2519
43929
23393
-22531
7197
-31943
-28360
28756
18586
9001
2382
-37461
16210
16890
-25057
-17072
38401
34340
31032
7990
4852
41068
4967
23583
-3752
40130
23227
-2135
2779
1877
-3741
-18007
-9865
-36515
-3203
42740
-37840
-8803
41261
3871
-30142
46843
18459
-32311
17434
21455
-45005
8573
-56141
9377
1887
-21274
6976
-9869
-13466
-36750
45717
-9999
-4210
32871
8903
1698
-6625
-940
3963
35449
-9035
-10379
-2746
40549
26369
24020
1319
29858
-1511
14708
2665
2246
5230
-17830
188
-13070
-12091
26248
9412
-33814
-36036
38405
-816
23705
-14939
-1080
-15379
26808
5098
31998
-29795
4547
1299
-31941
-4107
-4940
-4855
-8563
6758
-1910
-28070
-46217
6335
-12891
52669
5080
-17704
4425
385
-255
32165
-6028
11
-12472
874
-12034
-8699
43376
5142
11533
41941
13444
-42518
13092
13067
8199
1869
24012
14899
3316
21471
-23790
-7926
9171
9540
2329
-16044
-10156
49290
-3431
37306
38897
-7651
12212
8836
