-1916
25297
8205
13299
6361
-5238
21630
11336
20953
-11431
9100
582
1556
-5207
8635
6485
10501
5675
12132
1992
-12176
-15948
-11731
5962
3354
-13070
18868
-3871
20340
-13578
10111
4562
-10016
9468
5663
-4778
5881
4820
-11771
13586
2659
7500
7074
-668
-6280
9139
-9252
2493
-13328
-13352
12805
-6720
24604
6307
-1624
13665
2115
4695
12564
449
4322
8042
7812
14157
-344
13992
8904
-16708
-8601
-2556
-178
-751
-2302
3065
-11641
4126
7880
-6645
-5895
17930
2559
-11437
7863
19661
12680
9822
-3661
-1855
-7335
-7592
2667
3625
2812
4683
20359
2387
-18076
275
-6958
-8206
3147
25022
16797
-16724
-4252
2916
-5343
447
-4105
14856
-1698
-3500
15650
5032
5864
-6747
3238
14140
-1303
2696
4501
13835
1236
-5704
2258
-13035
3383
-5199
-5980
11813
-212
-6951
13214
-12788
5773
624
30414
208
-5004
-3375
-7561
6914
2207
22393
4573
-17728
-14296
1260
7258
3215
23201
14114
15703
-17229
-11616
3842
23887
-23309
2116
5311
3688
-5584
1467
2127
6209
2128
5561
3755
5535
-9249
-1957
12180
3238
20956
-7450
4734
994
6173
9243
-3234
21970
15747
-3402
-18343
14421
9070
-14745
338
7589
4504
-9754
-5126
-20323
3067
8050
5551
-474
13466
10510
-18641
15684
622
973
23074
-18235
-18093
-1073
-4085
-5924
7057
2026
-16273
-5680
2982
23059
3687
19148
1687
17904
7830
-1933
644
3255
5955
3939
-2726
-6172
14078
3675
-9479
20244
-624
-13992
-15117
23258
-2402
-16535
4164
9860
2315
14322
15711
19484
-13993
23137
945
616
4945
-11946
4766
-2590
-12791
-12653
4804
13377
12427
-15898
28
6609
437
7502
-4898
987
16203
15989
-14665
-1057
-9554
-2159
6566
8430
9590
10763
-6225
621
12393
3411
3912
13359
8948
-6995
-23814
-624
6889
-3217
-6208
19184
1340
-18670
-5492
2875
5610
26551
21478
21634
3528
-27559
-1841
10181
17223
2910
9222
-3391
8834
738
1724
2561
-2945
8189
21017
-1265
-10107
-340
-4385
6530
9068
-11061
605
-1420
1232
-897
12318
22408
-934
-728
11610
-482
-1604
-827
7344
5339
18040
-11452
6934
18041
11794
5445
-8611
-7561
-12131
-11526
23063
14971
10722
-1271
6247
5449
-2760
9694
6434
3289
5079
28320
9011
2615
3615
-10126
13498
-7480
-787
-9968
30640
-24704
-13075
-5082
-604
-3438
3278
2796
11618
-26286
13916
-7735
-310
8797
-15498
3591
-4912
6568
15467
1266
24671
-4646
17364
22324
14791
-912
-10289
16330
-2266
-17264
-51
1624
-3555
-4590
10736
10224
4884
-11049
-2022
-19678
10811
14124
16148
7861
-7921
-3763
7922
-5585
-7810
5377
3420
11660
402
-16766
11290
-2716
-7664
11831
-20529
12152
4654
1050
-18154
10252
-6235
-3106
9471
2874
-1795
-1434
3709
-11274
7177
-8369
-1276
125
-6473
-7063
17895
6965
-405
-10308
10469
6062
-2232
17759
-5841
-10141
-1390
-3133
-364
4542
-7933
-256
1277
14641
-7675
12346
5249
11315
14072
7887
-6396
-2585
9458
15208
-12664
8078
-1062
4896
15544
17567
18852
-6218
4035
6468
-11208
8813
-7955
10550
-7362
1887
4158
7390
203
-3599
-241
-837
5835
-11608
-3302
-4903
-19980
12070
6755
6546
-10662
5907
3723
3537
6641
-4189
2898
27337
-9159
-591
-28084
-1572
-16867
1561
-1687
768
6156
3733
-12890
11578
-3654
-4319
1748
-9917
-664
-2153
13842
6407
1885
-12732
33713
9443
-21570
-2772
-10081
-4636
4393
16000
-12009
-1076
1421
-18213
8686
9221
-3635
2532
-7319
18596
19580
-20249
3061
9357
5045
14806
107
9465
7951
24108
10730
-404
-13814
-11447
-5672
1243
2782
-5838
4684
-9164
-1528
6661
2510
21190
4702
-5916
2700
17236
2687
19660
8366
-11243
8345
9711
11042
14423
12916
8201
-4449
14798
-69
15344
-7354
9550
6148
7781
-33
-1762
6262
-1434
1637
-17970
7981
-5618
7597
16335
346
-272
11167
432
-9664
-1567
10565
-5326
-12489
1320
11677
-226
3285
-4153
792
-14934
-1269
9779
5325
-8661
14793
-1681
-19929
-18336
-3299
5680
-16517
6081
-14418
-2552
3654
2771
8864
13549
7316
-21101
1154
-9960
14459
7964
10092
16069
-210
5540
-18101
15096
3506
-22098
1008
-876
-7384
15564
-13217
3361
-7603
13275
6635
-9770
-13957
14403
6973
8533
-3549
203
5417
-7690
2757
-3291
3107
1690
1229
-6128
-2836
-1789
-13000
7489
7529
1348
-8642
-23006
7140
6600
11322
-2290
30376
-8480
5436
494
7887
-72
8348
-20576
-4119
-4660
-4529
3008
-13561
-5711
-1316
566
-14934
2189
-3939
-14802
2313
-208
10717
-5358
-5892
5010
-5280
13783
9386
-2986
-1999
3636
3206
-4995
7736
-9027
11689
10333
-2286
6577
-1496
3925
16852
7456
7289
8666
-6562
-5876
19692
-3671
11257
-13258
3854
3449
5183
-17620
2870
5146
-7549
10737
2436
15468
4843
16382
-5740
-3645
3876
4783
5741
-6080
10280
6508
1943
-22376
-897
6214
11772
-5791
9840
18007
2097
16701
5007
3023
4382
2038
18486
17805
14355
-109
-2004
8600
7163
17716
-3275
16913
-6692
-6894
19009
16730
5641
-1488
-1342
11845
-19590
-4111
-1439
10340
4069
-4717
6018
1115
-12379
13055
-15969
15996
-3201
18600
5231
-1880
5135
-1139
28647
8094
2845
13150
-8743
-2879
-3015
3465
-976
-11243
2923
16204
-7855
9671
-609
13336
6445
-1817
8630
6463
28037
4257
-8691
2985
1423
9085
25103
-4464
-1964
-1777
-10333
17350
9073
3514
-16100
-12438
11765
-2638
17340
7087
-91
-9692
2049
9830
-4664
12701
-17531
3691
-2446
-22247
-15790
6232
-146
14799
13155
15871
4557
10234
8371
3871
15795
7159
-6006
-11333
11361
4311
-4817
20913
12225
18455
9501
15545
-3133
4581
-12897
-3086
14777
2245
-10884
15443
20083
5364
12157
-407
-4476
-11759
-11264
5327
7489
-16028
11423
4484
-203
-9599
-9155
-8957
-2322
-4294
-2409
6488
17065
8408
-9785
-13081
10925
2081
-6059
4809
-14665
-12599
-2378
-7477
6384
6981
-29273
7355
-1969
805
-18467
4822
-10575
5645
-5805
6573
233
7889
19962
13001
14097
-11123
8182
7799
-10035
13680
4359
15321
-9609
10668
16784
1090
6347
-11013
-8071
-3606
-4161
13105
-14905
-176
1228
-3409
-4079
562
9020
-6169
380
17883
23933
-947
-4669
22291
-4025
11872
-9332
10578
4403
11006
-12905
-9717
-2288
10002
9404
-1729
15379
3488
-8813
3064
-11371
7532
12280
-8041
18007
-8942
11992
3987
-5254
3852
4386
-2355
-2135
-1641
19796
-7482
10589
8432
366
3874
-7013
-7315
-12740
9336
1856
-5416
5591
9131
6517
-4632
8489
-5763
11783
-3972
-2189
-12006
-10916
12039
-2160
-7671
7566
5516
-1924
-4222
27134
1785
773
-13162
11719
13971
1393
2333
3307
4326
9765
4725
-1785
6906
6478
-4776
-654
2005
331
3122
3994
17199
6859
8797
8734
-20598
4225
-9908
12300
6562
15337
3143
-12060
7676
-968
-2817
4571
-6873
8454
3390
10518
12545
10844
-5041
4982
-12247
-3913
9672
-3328
15509
-3705
14344
-13372
-1347
-5990
5296
15824
-1074
14339
-2581
-7723
1130
-11659
13251
-9893
3600
-3667
-16184
-2871
-11120
-15834
-2873
8466
-10371
-6518
-1387
9756
6711
-17484
573
-1638
-14030
9942
-4137
-3713
-3880
-4449
-2310
7273
4106
7913
-13084
-12122
-14107
12714
19689
5824
-15504
-2967
13182
-11546
4343
-10619
-1296
-10594
17684
21154
11271
14805
-178
14097
311
-866
18527
3633
-378
-2484
5825
1439
6290
-9046
6178
20955
7995
-5259
-17330
-2253
-24169
-16686
-12820
-3867
17539
4007
-5479
-4170
3283
7228
-2086
-6090
3862
3296
5059
1153
8598
10475
-13145
-7932
-7432
-8333
-5957
-11767
-17680
11417
7678
11462
-2860
-5676
2255
-13515
10445
-4779
-6662
-3781
13522
-6500
-18704
3465
-11906
-7806
7777
-14419
1766
6651
-17174
-1786
-10885
7021
-1327
15405
-3095
-5090
10052
5700
16871
-291
-1218
-7544
-3819
-6120
-5412
5580
-629
-6791
5209
-8775
16566
6069
-14010
-4318
19878
-3021
-6916
-1171
-4065
4966
13218
5649
-11047
283
18329
15179
-10429
7827
-4147
11395
2787
-214
-11959
-6558
-2001
3128
17679
4767
-442
7291
721
1021
-2936
-8040
14927
2321
9089
-2882
20827
-646
-9058
20324
27712
-15559
-6817
11234
14770
16874
-13270
-598
-6375
31481
8516
465
-3434
934
-6703
-4180
6163
13709
7177
7573
-747
7270
-3238
-1752
24380
11842
10358
5492
15217
-285
3972
-20149
1405
-13796
-3507
5687
11494
-2633
6636
6799
-1968
14823
-4860
29
-8297
-9174
-14039
-8996
4072
-5734
-6124
375
1485
22981
6520
21784
-10583
-10591
-13299
14452
20532
2707
1185
-9537
19831
-203
-12518
12898
3482
-3134
10722
-14223
13096
-1385
-9761
-23164
17687
-9996
-19212
6422
2571
19246
5139
-7893
-10398
-11
2814
-4112
12111
12429
12321
-4869
8220
-6353
409
19349
-851
-597
-5788
14102
-18169
5468
4490
-4809
26388
14791
-2177
-10417
31
-7896
3500
-4400
6433
-7228
-5027
2954
14718
-23773
17954
16535
15169
12672
10222
843
-14973
15993
2565
23543
9187
13550
-30515
6635
-10629
6163
553
4994
-1040
3887
-5588
-20607
-17422
-3795
1975
3617
-3851
-19756
19132
-1060
-4543
240
-3050
19754
10809
-25163
18303
17750
7195
-10010
-8441
-13929
-4355
-839
4215
20242
-3504
-7945
6078
12271
11444
-9446
-7106
8425
-507
5523
2320
-5214
-7063
-6106
-10397
1277
-6454
-12218
-694
-3440
2107
7553
-7892
16523
801
3918
-1534
6323
4179
6360
5387
1261
6552
4658
-4628
-10004
-14725
-1309
8020
7113
-8400
6842
18088
5638
22809
16649
-10239
-172
8226
16772
-9706
19179
22420
4954
-14009
17139
12576
22483
4250
14236
-13676
-9338
14185
-13262
-3368
-2646
969
-72
-1798
-11674
15603
2390
-3512
-15090
16966
-880
-5707
398
-15650
-2131
9679
-924
610
4402
-2960
-809
-1602
18692
5507
15472
-14555
7211
5499
5088
20486
4702
921
-8305
10971
-3069
85
-5972
7062
3685
-16729
-16548
3061
33140
-2915
-2345
6134
1655
-3743
956
15067
-5262
-13625
-8343
-12230
11349
13815
-14788
7763
-1795
-3210
1551
-18824
349
-3398
-381
-8029
-2187
-4043
13893
-10221
-5360
2064
658
1826
-16884
11831
-9787
4534
-10981
6562
-12077
19783
3768
13304
-1097
8295
881
2963
-664
11264
318
4988
100
6491
11126
15
6804
26048
736
-6935
-26171
-7819
6032
5003
-7435
-1807
20815
23511
-10805
-364
17867
-3766
-4532
5854
-6215
7785
-3568
13855
59
-12308
-5652
15675
13486
18846
-4830
-322
5655
-8215
10049
-7275
27350
13918
2868
13524
-5574
-16989
-17395
5840
13538
-1986
14372
9293
5299
18063
-18429
-12210
4870
-4593
22472
10070
-10247
-2399
3816
-9553
-266
-21637
-161
525
-13667
-17144
3761
7522
5244
2414
-2650
4252
-5486
13226
20093
5284
7159
2669
11731
2544
1708
1677
-4529
-3478
-21779
904
-450
3440
16209
17071
9404
-7284
4458
13417
-2140
4981
-2197
-7962
5748
6903
-4019
5288
18571
555
23479
20328
-8782
11888
14400
-12917
8501
2985
11256
-17536
12180
3843
5912
19179
-3965
8323
-995
-8942
-388
7855
-3785
11754
7682
-14422
8549
-1831
-14810
388
2723
12066
-20890
12906
4740
12919
-2713
9059
-1145
9691
13309
-2940
2799
-4895
10109
3762
-574
-8916
13195
-3369
-21194
25174
1610
2891
4633
3640
-21057
-10411
4330
-28786
23992
5666
4921
2218
1697
5539
-7571
10907
6160
16932
-7939
1691
-5781
-1443
5849
1805
-61
11564
6420
6334
-5852
1966
-7909
-1504
-18546
3054
4041
22733
13609
-11466
-3587
-9561
7383
4483
11572
19717
6490
11792
-9915
1480
6200
2580
-10151
-2688
-16045
-6431
-30897
-2316
8646
-10345
8064
-13763
-4071
5418
-3839
8220
-16118
6076
-6508
-18718
-17893
5945
-2793
-5477
-15691
7786
-13708
-27542
13196
1152
-3764
4419
-12968
1359
4289
-4282
-1451
10126
18852
10019
3902
7157
-14203
5827
165
-8609
-13524
15981
-12595
-3663
2201
3421
-2425
19710
5413
-8430
12693
797
-7464
-6448
7822
2830
-21751
-7673
-13741
-8231
-9696
-21906
-11849
-6985
-7336
4164
-14807
7826
7800
20166
10670
-11941
5740
-17935
-5195
-2426
15163
-1806
14507
-1353
-27
7640
-9931
-22524
-22520
-5718
-6849
-4008
-4049
2753
-290
1730
-4381
15871
-7761
-23149
1444
20073
8042
2712
3626
5992
17727
1200
-3695
6653
84
-7589
-15706
-2121
11162
-19795
21997
276
3469
-7298
11806
-10304
-20421
-8179
26085
-14256
-7305
7796
24467
24714
-2306
1782
5432
6411
4034
14847
7134
3797
13505
5790
-14979
-11269
5112
-2184
13012
-1815
3923
22611
-6771
14410
14519
24078
3628
-19734
6003
397
1749
15770
-22830
-2166
1076
-10354
-2635
2966
2144
-880
-6305
15606
-2447
6888
10944
-11318
-7322
-2343
-11032
8472
-7815
20921
14780
18609
15927
-7964
-239
10250
19395
5771
-17939
-6791
-9284
6819
-1462
3534
8406
-21765
-3815
-859
35455
13164
12051
-4112
11001
-6099
-8206
-3253
3033
-5820
-3781
10927
-2368
-2662
-1591
-4683
20471
-10845
2290
5130
6594
-13141
-4126
17471
1490
8914
-6568
7497
-8975
10863
7601
-17108
-3578
5475
-1323
1949
756
13096
1857
-4021
-5282
-348
14413
1685
-4870
-4606
-6668
11890
4485
-9512
-17735
-10418
-4983
4615
7493
-3774
-11990
-1458
-3997
16323
10218
-3397
-2596
-3339
633
7641
8823
4009
-2727
20946
8314
7297
517
21293
-13137
-1189
-13628
-3761
13639
19547
-5865
-16670
16447
8911
7323
20561
4528
-3517
-20067
-13849
-1572
12726
18137
4962
9057
12299
-6690
10936
26990
-7518
10436
-2258
-12395
8900
5240
4983
-4994
9574
1784
6457
17737
16770
-169
-10093
-13267
25115
-13870
25091
-3524
8410
-7263
-8572
4469
-4585
-10043
2658
17680
-6282
19304
6554
-11026
3078
1730
2891
-16766
-1840
5089
6862
-13221
-19767
392
6721
-5588
-14290
-8156
-20677
5071
6669
-687
-9865
9373
-4595
5888
-18065
-239
11097
9523
3883
-9490
-7943
-9087
357
11896
315
15271
3895
-5358
-6470
-1963
-19221
-3035
13821
18436
5998
-8935
4302
17127
-11553
-6713
192
3756
25469
-14097
-12774
11123
3108
-1882
687
4260
-6354
1660
5770
-3746
5157
-4257
1056
4637
-6071
8771
-1218
-6932
-4935
-5136
-14518
25403
2341
22
-5091
-17114
1301
7398
4895
-8748
-2780
3503
7229
4983
-13740
-526
-17338
4438
-3482
14731
12096
18437
15075
3200
-6606
-8898
5309
732
-11965
5683
5268
-2970
27559
-3658
16737
3225
8479
-1337
-27817
-13828
11502
-2759
-6799
571
18217
5566
11033
3519
8291
-15696
7612
24111
-1415
-7749
3024
-4422
812
7449
4450
1144
-6107
4270
-8129
24499
6437
8258
-12269
-2998
-4585
14543
14722
23296
17596
-14929
-5024
2798
23265
16614
3706
10850
6112
-4272
-6040
-28949
8025
763
5791
-2742
-14035
-26698
886
11616
10102
4618
-13353
16111
-8307
20259
-3668
12461
-2059
-7757
-3196
687
12218
540
6542
-8167
-199
10199
19468
-4283
5768
4741
4029
-13842
826
6644
6472
9643
19655
-2246
13020
-1605
-9467
6406
23905
-7513
13509
-798
-8954
2835
2843
6064
-971
-4775
-23891
5483
-17066
25362
18974
-6140
-9715
8151
-4541
2138
34
-14933
-10480
3272
10593
-18293
324
7465
9805
-8946
-18281
-6314
3905
3014
15885
9597
-20890
-16093
-5816
-14881
3528
-6645
15497
17683
-1851
1138
26093
7901
-7
2632
-2811
10278
11307
-4711
1537
1096
2584
-4681
19223
54
-13446
-22506
-28846
8029
5961
25411
11323
14877
1334
1225
10757
-20435
3403
2349
-1317
-12790
-13818
-2285
2978
20172
-4637
14985
-7515
-13408
2237
-9602
18155
5260
9803
8717
-3660
20520
18173
-4867
-20991
20280
-663
2404
11697
-17585
596
6897
9017
-9228
-258
79
17295
-5748
22769
17429
6825
-11677
-5258
4285
-2894
-4102
1983
4048
-17861
1617
6495
-4703
-1539
-5271
-1488
-298
3015
-11916
4222
2804
12693
-1816
-5833
-8222
68
9554
-5317
-823
8168
-10668
-4684
676
20188
-4315
4228
5583
-8875
16057
17695
8711
-2435
6144
11873
21482
-1623
10068
-1494
-9620
-5463
-359
12027
446
17884
765
18331
5905
7998
8822
2673
7383
4231
-2732
2384
-11534
-13429
12081
-149
2684
13833
-13779
14705
14816
5510
5801
-6862
6578
-2263
18998
1411
335
2792
-164
3000
1460
3095
4704
10053
-2075
-3566
-5264
7539
-16668
-3423
19432
-1625
7771
2783
-840
-6172
2567
19273
-10567
-1811
-1663
-22155
980
-16270
3785
-643
-2257
4231
6782
-14970
-10073
5178
2946
-10772
-6685
-4369
3238
-4398
-13360
4556
-15203
-8844
22284
1125
4151
-772
15497
-27766
-9684
22100
-3408
2783
-7069
8765
-7081
3533
-4634
-11485
-4018
9398
-17815
10473
-16367
-1163
-11035
-455
6052
-7741
-6287
3634
11769
-74
-10017
9694
-4518
-4307
13564
3895
992
-11852
-7923
5363
-9808
1711
-20511
5344
766
-1318
2851
7317
-7844
3209
14668
5206
3553
-3445
9193
-11873
2107
9638
442
-701
10612
7193
8576
12649
-3170
-4681
-3975
5854
5872
-24504
-16911
-2025
6862
13580
3993
-13998
-3179
-7448
-8482
4853
-687
1755
-4561
4792
11850
-729
-3820
15604
-19725
7454
17450
-3548
393
-5797
-21829
-3535
2586
12933
16939
8724
11583
-25714
3469
-11982
6877
13553
5481
-20098
-3700
-1115
4211
-1109
-8341
284
-4878
8070
20482
-1352
13202
13168
1318
7930
-7801
-1127
6859
-1181
5682
4234
28268
1561
11214
8531
-2804
49
14678
6763
17523
10818
-6064
1604
-3052
12226
-7430
4455
-4771
11206
1144
7507
3055
-8293
-3113
-22229
15080
5592
-9027
8453
20764
-11932
-3486
2748
1141
9384
6547
-6247
-5470
10123
-3235
-7559
5543
11774
-1342
-5613
8267
2706
-17378
10744
7182
1241
2156
12733
-4751
-6409
8460
-6703
-431
-10214
-21039
-1012
4146
-2216
-2927
-3622
10470
-2895
-8043
-7726
13784
-2236
-10539
6374
-18783
-541
13258
22470
-4252
-9890
2931
-6226
-7141
-2531
10431
-9835
-3456
-14968
-6379
-2920
5703
-2985
-1542
42
-550
24474
2397
4362
11476
-7139
-20631
9175
11111
-761
-4083
-4854
6668
13056
-4898
-9665
-12187
-2006
4672
8490
12586
1483
-11991
18211
-10927
-23614
-248
-20874
-3599
-7378
5138
17970
12381
-16243
19369
3124
7992
-14193
11144
9020
-3488
-3808
10306
2972
11066
-1970
3417
-4767
12795
11640
16433
851
-932
31384
-2733
2634
-18424
-1522
12291
5003
-8071
9546
-4506
-6539
-3825
-6122
-7144
-2297
905
5877
249
4740
-1140
-10219
25097
5530
-752
17069
-11042
31266
21672
-2366
4091
3993
-1235
11095
5923
-23754
-2081
-5863
-11451
11906
8262
3600
-3549
172
1008
-437
-8229
415
21384
-13556
10069
9626
19267
-3525
-7158
3654
4010
9721
1666
6036
12198
14002
-3432
-1391
4157
-4973
-4929
4695
3288
2694
-4198
13465
8665
-15365
1467
15813
2573
-8764
5394
26074
8767
-2005
-1518
12290
3825
7640
22168
3570
11772
-8449
-15502
-10268
14180
2711
8353
-5223
17097
-15286
4257
1285
-4632
16441
-5694
-2403
-2522
12948
-6165
-27613
-759
-1149
3854
24052
4176
-780
16782
14092
4133
4477
-4373
13539
11867
11061
23328
-3970
2515
3290
-2087
23537
7838
-17347
-3725
6233
6238
39206
36483
12334
6913
29804
-10880
14186
-1670
-5883
-17665
-2698
10909
4358
24746
14943
2787
10307
2441
-3318
8219
-16776
-1898
-1933
2513
12124
185
-7237
1381
10937
5606
-10069
6157
8299
-9772
-8393
19698
-506
18417
17547
14064
22265
-5117
19498
-935
-18911
7937
-21850
1970
-11762
-25453
-12147
9893
7324
3776
-1691
-14852
-1575
-13155
-969
2547
-303
-2879
-13845
-3397
3184
-11193
1355
8463
11188
-10886
-18590
-453
15232
-13411
-21827
7204
-510
6017
579
-15534
2820
-3716
1860
4652
875
-4960
7001
-5879
11983
2816
3180
-9930
13040
-5521
13715
-10513
-21159
-8184
8359
3655
-18300
-9576
-4448
2689
5234
-12103
-3593
8181
3936
11181
-5913
19791
9619
-3499
5400
4534
-4665
4896
-8374
-1108
-7084
-16224
16791
4398
-5656
15587
1503
3837
-3460
-6375
-1384
-9139
-6772
-2116
11617
-5465
-13700
-1352
1691
3553
-6874
-11838
11882
-17084
1051
16230
-11973
3195
-873
-7432
-8220
2590
-5119
-11879
-7833
10222
6922
3528
-197
-3852
21697
-8681
-11618
4722
4611
1850
15218
15317
13513
2158
-7453
-2209
-606
8728
-5555
105
-15808
-921
-4562
826
18814
9556
6831
-6005
8105
-246
-82
-4844
-19912
-1757
18081
2315
-1851
-8815
1577
6270
-12239
347
-5289
-12122
3166
1752
12784
-8897
17428
790
1536
-16672
7190
25847
1933
-2231
-24042
-20833
-2966
-5198
8452
-8608
-7963
-2130
7441
11038
1209
2453
1710
1001
6384
13957
393
-525
-4019
11844
1268
19188
-12086
7161
6819
16340
12022
-14857
3301
-6718
11197
1822
10755
21054
-1535
-7816
-5941
-4250
16097
6447
12010
23632
5866
-1321
-7217
-8173
3827
-5081
7780
7015
-1979
-7536
-9926
5594
2616
-18035
2862
-12812
-16564
3441
-4171
-16804
-17751
-5737
16358
408
4192
-11309
1186
6381
-10271
15318
14593
-2733
-20933
2530
-14261
5609
-8901
-94
194
-1353
285
-6052
-2543
-15660
17196
-10822
5269
7381
192
21904
-14057
2130
3822
4316
9903
-11492
-2869
11321
5871
9825
5835
6447
6005
2092
-8053
18869
337
11560
13975
9870
-9604
-8053
3751
-3408
232
-1717
1849
17700
20934
14231
19566
-4255
16515
9194
-6503
6903
-11029
513
-3516
-21595
275
10925
-1253
10711
-1067
6031
13048
9985
6455
-22219
-1865
-20776
-7886
6272
8625
-17994
6947
21036
-7627
-1983
-15397
-932
-6203
19906
-4145
-239
-7275
12609
-6025
15115
2033
-6487
-25855
16580
281
6637
-1350
8114
-12446
-9937
8663
14356
-12385
-2697
-1639
29944
-11323
-10571
322
-7411
15386
1447
-8993
1810
330
15193
10690
-4995
-11893
25642
-13141
16694
4350
-25979
-514
-16272
-11893
15660
-7181
-1249
5508
-14147
2055
784
1460
-1560
-12499
6760
12189
19351
1989
3977
3524
-2622
-5763
-3498
21965
-6308
-9026
-2771
17188
-7032
18711
902
-4632
-7706
2798
25141
-16229
-3051
-21974
-5963
12856
-14901
7728
10056
-3841
8070
-12538
-5930
18183
19620
-12884
26441
864
3005
-13453
8088
13426
6294
-9299
7212
14109
-17597
-5803
30080
-8825
7883
-20465
8929
-1361
-10533
5679
15936
3671
11492
-7157
1997
5548
9839
6186
17973
-1152
-7162
-2051
-3993
19506
-241
-2417
-9409
13130
-183
-14306
10233
2476
-580
-1311
-6520
29417
3510
-12273
11192
10603
6603
8547
16664
18003
-10582
3771
-20935
10512
1482
3454
3552
5394
12310
-18728
-1194
5041
25039
4489
-2755
12908
2821
-1143
6178
-7910
6676
24200
-1441
19959
5701
-4989
-25627
4529
-4724
-959
-1233
12383
8700
-518
-15203
-24695
10087
6132
14337
-17384
6380
16150
-2233
24258
1560
8201
-7979
5040
-12802
20812
95
12965
10877
-7405
-2723
-1280
8700
4109
25495
8745
-4787
