24346
1352
-10493
-1082
30524
6041
23497
-8150
4646
24203
6988
34713
-8428
12433
-5698
-12403
9507
-21190
-8748
-6889
-6929
19154
8033
6410
-8959
8489
352
10140
5152
21761
-9324
27475
-8948
-7444
23183
9727
3057
35060
21913
31568
-9457
5707
12498
3028
17346
31012
-2099
-1516
21474
15709
-216
4650
9640
5013
14666
14598
4228
2977
-10457
28764
-2231
26729
26365
43658
-22997
18598
32146
22068
6362
14774
16701
-13899
14635
-2728
25307
-19970
7609
25557
8429
14016
9137
-413
10664
14217
26432
29749
289
13400
10451
12083
6134
-10685
729
-27
-3441
16856
8134
6081
-22583
14304
11943
-9670
-2850
-19135
9015
-3838
5100
2809
16199
614
-16867
13771
886
-3781
-180
20
-13190
-2664
-12594
15708
-10697
-1138
10717
7945
2211
19008
-15102
-4830
11175
13833
-167
-1643
9006
1736
588
493
21282
-7177
-16706
12263
-4961
15419
16223
22347
20517
-14093
9954
-5827
-13022
18736
29200
26575
-4408
-1548
-5433
-2414
37876
-4128
-5156
3415
-8176
22543
22396
7268
-6970
16992
14640
-13144
-27637
-26103
-4357
11187
12197
26175
-5214
11592
-5703
35585
9277
21173
-15821
10178
9686
2888
27786
17067
12895
9245
4883
14920
-5170
706
20041
29970
5718
-4174
-4865
11428
-3058
10257
-261
28468
-12902
18173
13054
