54 52 45 42 59 87 21 56 42 14 35 13 74 
3 2 93 41 13 25 23 65 46 34 60 44 51 
43 7 76 6 93 49 61 75 54 100 2 84 89 
15 83 59 86 77 86 15 48 11 46 9 44 62 
32 56 58 20 69 1 80 84 62 58 35 63 49 
56 26 45 39 32 28 16 9 29 7 35 13 100 
49 52 90 45 88 28 67 14 11 23 49 26 99 
4 83 30 80 41 47 46 98 82 1 88 11 88 
40 77 33 28 62 87 85 15 9 93 99 28 39 
85 71 94 14 95 22 90 24 40 78 12 21 77 
20 50 14 8 37 16 24 54 27 52 71 19 56 
21 51 56 64 21 86 82 25 67 69 59 14 51 
100 2 46 38 41 1 26 17 59 1 100 56 8 
30 66 43 16 65 20 61 66 12 57 16 82 77 
77 4 62 18 87 88 9 56 25 33 89 67 39 
45 82 33 100 32 17 43 18 63 98 80 73 1 
45 73 34 78 73 91 95 61 4 96 21 73 47 
39 36 55 34 28 4 13 74 38 69 13 96 46 
64 73 75 78 37 80 7 81 58 46 19 5 69 
21 72 27 49 21 70 53 78 75 8 47 92 85 
35 14 29 10 20 84 6 94 40 15 90 8 36 
21 76 59 65 63 20 28 42 1 18 65 3 51 
41 87 47 19 44 73 40 40 35 83 40 93 36 
64 10 17 77 85 5 65 10 36 60 8 86 43 
29 6 57 21 100 68 29 84 67 64 68 39 27 
96 89 7 53 92 65 35 100 39 19 26 74 96 
18 51 16 30 96 33 48 56 65 64 99 86 45 
36 18 50 93 47 83 4 31 13 56 33 97 71 
52 32 71 47 11 88 11 52 40 66 66 81 52 
23 23 8 21 26 1 13 21 31 54 66 34 22 
4 59 63 58 46 4 37 53 55 39 25 28 69 
94 37 43 93 84 35 37 40 40 73 19 63 88 
14 95 24 61 100 91 4 59 32 38 97 53 97 
52 27 93 12 73 29 73 66 93 89 70 65 89 
41 62 83 72 84 19 23 87 18 62 50 66 21 
31 79 41 80 94 30 7 95 58 98 57 15 36 
93 33 99 32 58 2 13 73 8 97 22 79 2 
19 49 10 30 48 10 44 79 30 1 6 95 42 
70 80 38 4 35 82 25 1 83 56 50 93 15 
79 81 67 88 18 76 90 15 97 88 66 90 73 
95 18 1 58 61 46 55 46 1 32 46 76 62 
35 34 95 3 38 6 51 84 86 42 16 11 16 
81 74 1 80 88 49 48 4 68 68 18 7 59 
86 78 17 31 30 99 19 86 21 60 4 16 41 
27 44 51 36 30 33 14 20 60 20 59 54 27 
11 84 79 44 60 10 35 10 77 87 77 85 48 
45 54 88 85 17 25 41 87 62 74 46 73 93 
89 28 17 95 38 39 19 84 77 100 91 7 58 
1 56 55 8 20 2 33 36 84 3 13 33 59 
97 50 20 54 78 35 40 76 27 55 87 49 96 
90 56 7 34 21 86 20 79 51 45 21 27 60 
19 56 60 72 24 42 5 24 63 38 46 77 80 
59 47 19 87 90 96 58 70 54 52 35 69 65 
9 39 94 16 2 34 15 31 32 40 30 75 58 
38 64 36 73 31 5 38 32 25 41 4 33 5 
97 41 46 82 9 49 6 75 57 26 2 39 81 
47 51 88 64 92 60 3 14 3 60 28 56 99 
2 89 12 75 92 55 69 79 38 72 73 90 8 
21 75 20 56 57 15 36 42 93 6 91 15 47 
90 80 92 2 21 52 41 24 41 87 49 81 23 
19 69 81 15 69 41 33 18 53 18 93 79 65 
52 13 17 35 7 94 10 62 51 1 38 67 71 
93 65 55 93 65 50 58 35 12 48 77 11 22 
57 49 86 7 97 75 62 49 31 36 31 54 91 
69 16 100 14 59 94 7 27 10 83 5 33 31 
17 47 92 34 66 14 93 66 99 29 19 45 20 
92 60 14 19 31 25 77 65 55 25 52 12 86 
55 94 96 48 23 90 6 94 17 77 41 5 50 
65 84 86 67 55 36 74 48 46 2 51 52 19 
25 11 26 61 93 45 47 10 30 50 25 84 40 
60 86 70 70 73 60 60 37 79 4 18 40 33 
56 11 39 29 25 68 3 55 88 6 26 23 77 
