48 18 69 53 58 22 4 37 25 59 78 3 73 20 64 35 26 4 13 98 100 59 
46 64 88 29 19 46 24 43 71 40 90 38 23 29 38 13 85 20 54 8 48 31 
46 68 93 69 35 68 72 33 49 25 55 7 78 74 70 97 16 17 41 75 45 84 
32 21 40 97 9 68 48 41 90 66 65 90 77 31 83 46 30 60 53 34 72 46 
5 78 21 30 10 85 27 19 93 76 58 91 15 28 38 94 54 71 65 45 80 47 
73 6 82 51 61 66 88 38 86 31 79 46 92 72 34 59 19 2 58 100 30 8 
7 97 17 80 40 58 65 28 59 43 10 85 34 61 50 21 42 68 60 8 62 88 
43 85 12 81 90 51 26 55 78 13 96 70 1 21 12 68 21 64 31 9 74 8 
16 21 67 25 43 34 3 64 67 78 4 38 99 42 85 77 5 43 94 63 13 60 
99 56 30 13 28 57 14 13 6 31 33 3 43 44 2 25 63 79 10 28 48 17 
47 34 87 45 73 91 64 8 67 10 42 77 69 50 87 83 55 27 39 28 61 33 
93 45 90 77 47 90 32 81 51 55 65 52 70 45 88 24 81 19 13 23 28 48 
5 16 27 93 7 91 85 90 35 43 83 40 44 89 32 3 39 63 13 12 22 14 
16 13 23 14 75 59 29 61 17 3 100 96 83 55 49 3 87 78 35 10 76 66 
90 96 28 61 9 48 99 67 72 74 28 54 62 48 34 84 56 78 60 61 95 6 
11 61 97 79 20 45 36 76 33 39 13 97 95 30 24 88 52 3 87 92 34 65 
33 36 7 86 31 70 8 100 82 11 84 19 28 27 34 69 29 87 72 9 99 37 
67 15 15 90 64 93 79 94 9 8 47 99 22 23 74 21 36 98 84 93 87 66 
93 16 86 31 71 58 41 7 30 83 100 36 45 99 41 1 75 12 20 61 45 13 
9 40 14 42 26 87 2 14 42 27 13 5 68 28 17 80 54 25 68 28 72 19 
57 50 51 41 39 22 30 80 54 11 90 78 50 90 56 8 93 40 71 76 5 6 
36 89 14 16 49 47 45 81 70 81 66 91 5 35 75 90 14 5 83 69 78 84 
97 98 74 6 33 3 16 50 29 83 44 23 96 4 94 48 63 12 44 21 61 45 
10 84 43 70 42 65 22 87 74 59 43 87 44 32 7 78 38 88 25 67 32 66 
97 1 84 83 45 99 65 64 51 68 37 65 22 75 63 2 51 11 21 5 33 37 
32 19 79 68 21 65 89 1 48 29 8 56 28 5 83 93 55 45 15 89 72 73 
88 34 17 51 63 8 52 46 47 63 81 83 24 80 77 82 26 82 5 87 31 40 
21 85 22 88 54 83 63 35 83 78 57 34 29 75 51 36 1 12 60 56 88 1 
44 79 49 46 38 2 61 53 33 49 61 97 38 60 46 15 54 89 21 33 73 38 
17 45 13 38 15 41 41 65 84 31 4 49 87 24 26 10 41 29 36 60 45 87 
88 35 46 90 93 85 83 75 90 19 57 53 52 77 15 34 39 44 6 66 22 12 
66 86 81 8 86 14 32 92 49 37 81 63 13 36 58 45 17 54 72 65 95 45 
49 82 31 67 26 57 3 97 92 45 43 43 34 65 84 9 90 38 54 4 17 78 
91 34 53 75 32 92 27 81 10 11 99 86 57 92 35 9 80 46 91 78 2 89 
24 77 58 14 85 67 45 30 47 15 12 27 94 80 35 55 96 40 27 42 29 10 
26 32 29 73 81 89 63 76 54 4 26 78 68 46 35 20 8 7 26 12 74 44 
77 6 87 51 33 95 27 58 68 60 34 40 4 52 43 69 1 65 96 85 28 13 
87 54 72 88 49 74 69 38 70 30 15 54 62 95 50 91 49 74 48 42 90 51 
64 100 23 63 23 65 52 25 64 19 16 65 18 57 86 99 12 84 63 16 26 95 
23 64 37 9 24 17 16 3 57 81 77 64 39 29 96 92 39 25 73 47 52 21 
67 45 78 17 77 24 15 17 11 90 32 6 8 53 71 70 57 68 11 81 68 89 
77 8 26 29 81 30 62 23 52 40 3 48 15 95 4 14 36 69 50 14 3 2 
47 38 70 40 24 88 71 87 5 59 24 60 33 10 79 30 66 69 50 94 78 67 
51 93 45 9 93 87 92 22 90 60 91 53 79 21 22 29 48 86 5 76 94 70 
39 46 51 63 93 69 15 16 56 65 10 83 75 8 61 84 98 59 29 20 28 82 
37 78 77 45 55 81 63 92 30 21 30 48 14 91 52 6 7 79 59 26 94 63 
77 66 93 69 43 6 89 78 83 28 17 19 50 70 18 10 78 32 73 99 39 94 
9 62 76 73 11 89 23 78 46 80 49 27 26 2 63 100 76 44 66 79 12 92 
51 73 37 58 37 52 58 64 86 26 52 22 15 12 51 80 42 61 2 57 100 56 
19 63 36 92 39 89 56 46 66 53 80 89 43 86 5 29 17 11 88 3 97 90 
50 23 12 27 47 93 43 6 78 35 2 33 62 63 89 69 27 10 12 44 97 74 
29 79 7 11 59 83 97 49 33 64 70 62 95 55 99 15 49 86 80 100 31 34 
52 49 89 8 11 58 10 47 38 8 94 96 49 32 40 32 72 4 71 2 82 43 
82 74 64 95 53 88 39 97 93 18 96 71 1 58 8 9 45 72 22 58 23 15 
62 27 76 70 82 99 9 76 65 48 13 12 96 33 50 63 93 61 92 38 69 71 
53 58 3 52 43 71 43 51 43 92 33 3 87 87 52 28 20 100 6 3 7 92 
26 70 95 52 27 57 87 66 1 94 34 75 71 31 48 69 50 45 73 14 77 12 
77 8 74 98 64 26 64 40 34 13 36 73 47 19 38 6 40 85 62 10 11 93 
81 63 62 78 26 46 20 43 60 42 97 92 66 63 18 14 92 30 32 90 83 12 
69 71 30 32 71 13 7 7 97 53 51 27 25 49 54 88 46 69 27 17 5 42 
59 41 80 46 85 48 23 23 87 87 6 12 13 22 71 68 86 66 17 47 86 89 
31 72 26 80 52 13 53 34 60 68 7 78 4 54 76 13 76 42 8 37 80 62 
81 92 73 19 20 98 25 100 59 29 75 53 39 40 44 65 53 2 39 47 69 88 
57 22 70 56 57 74 39 48 72 7 19 4 75 27 97 32 51 94 87 20 96 14 
94 42 69 90 78 52 84 42 19 70 77 27 28 71 16 77 65 49 37 91 47 5 
32 96 19 73 48 23 43 53 11 61 22 4 81 35 43 65 61 80 81 68 97 38 
21 63 47 18 40 69 82 77 36 65 10 33 91 54 25 69 88 46 6 37 58 93 
62 47 91 31 83 32 26 86 6 73 33 45 61 5 6 90 69 12 67 18 15 28 
84 73 51 76 62 37 61 54 45 91 95 46 38 2 94 96 96 86 76 48 40 5 
61 28 72 91 45 41 86 24 66 20 11 30 34 3 43 20 87 97 72 93 56 84 
61 25 59 1 40 33 99 48 11 50 44 26 3 99 83 53 81 13 53 63 58 59 
24 88 26 99 56 91 5 16 80 100 11 1 40 98 26 93 41 20 52 37 72 53 
74 8 92 11 14 3 84 17 92 14 71 96 75 7 83 93 1 33 60 2 12 5 
76 41 17 89 72 12 6 88 57 4 50 76 64 9 43 67 22 18 12 41 77 63 
18 25 56 37 26 16 93 80 45 75 46 2 97 74 60 56 94 38 29 67 62 8 
95 61 16 31 17 26 42 12 35 63 41 82 47 39 96 40 43 14 37 9 56 57 
20 50 29 13 69 37 80 52 78 47 86 49 59 12 23 1 75 83 51 84 44 73 
59 14 83 83 100 57 89 36 15 40 32 82 39 21 91 34 73 53 23 50 46 87 
90 34 73 23 89 11 3 69 33 82 49 72 91 29 94 68 80 40 96 10 74 42 
39 100 42 10 32 75 15 84 44 68 93 9 95 45 7 86 58 83 10 1 34 52 
38 11 65 1 6 61 41 100 14 40 76 39 1 55 96 52 24 91 18 35 40 31 
