66 63 69 98 68 96 1 10 74 35 69 27 51 96 60 90 31 30 
69 8 41 7 15 3 86 64 63 56 80 39 58 11 51 13 28 43 
18 27 22 55 45 70 66 61 48 19 66 98 47 38 5 76 11 96 
79 25 44 72 33 44 5 82 16 17 13 85 88 58 40 38 79 6 
79 26 83 54 90 95 67 32 19 28 71 60 69 45 39 9 78 93 
87 17 31 41 16 26 83 67 45 11 82 93 82 88 100 25 87 36 
46 40 9 21 34 66 73 3 8 16 25 87 59 99 71 25 84 54 
40 52 80 86 5 79 38 28 28 59 93 82 94 78 74 13 44 25 
83 80 24 33 10 38 12 45 96 88 60 93 58 59 98 97 86 52 
99 12 32 42 77 27 66 97 69 81 12 15 37 42 8 53 81 52 
28 62 37 50 94 4 13 74 34 34 48 23 74 36 74 51 36 53 
6 74 42 97 81 32 99 21 13 27 94 89 61 34 2 39 76 16 
2 49 42 60 94 40 35 2 19 91 25 32 33 66 63 59 71 86 
88 78 89 12 78 4 76 58 28 96 57 88 83 22 38 29 70 80 
65 5 88 97 54 19 43 94 32 30 68 84 84 87 41 71 91 23 
58 41 40 22 72 6 24 1 44 83 13 6 22 4 81 2 18 12 
72 94 84 34 6 73 50 7 13 10 69 59 89 77 85 42 91 88 
3 48 49 64 18 66 43 17 34 34 74 58 10 40 57 52 17 26 
39 11 1 25 23 6 52 7 28 91 74 94 35 91 40 97 55 40 
5 44 40 38 64 84 89 96 32 44 8 70 62 2 26 85 78 58 
22 6 96 31 54 59 61 21 79 99 100 52 17 32 79 67 68 78 
10 34 26 36 80 49 79 19 29 45 65 9 42 65 70 72 27 22 
66 64 30 88 2 36 64 9 86 25 95 38 59 74 51 54 6 91 
8 100 86 97 48 94 56 47 94 26 66 40 100 57 79 32 81 96 
51 22 6 5 85 43 99 14 24 39 9 41 72 42 69 37 66 91 
84 36 39 14 60 9 18 89 51 40 57 22 81 28 9 5 87 48 
30 2 88 81 100 35 98 21 9 76 72 63 51 45 69 82 14 22 
21 96 78 13 53 42 60 81 9 69 69 60 91 82 15 64 86 100 
71 83 22 1 57 99 31 1 54 30 8 81 34 31 53 3 68 22 
42 12 85 54 50 28 64 48 35 95 50 23 51 89 35 8 37 29 
40 57 87 6 65 77 95 44 48 47 36 19 91 58 98 84 70 3 
