68 84 85 27 96 58 38 41 47 96 78 100 84 63 35 83 44 67 83 67 91 30 22 61 19 38 39 11 71 20 17 10 19 77 18 21 20 97 46 18 55 
65 74 51 52 25 47 75 58 32 56 38 78 68 55 80 69 33 60 68 39 88 92 88 93 25 100 28 73 35 59 59 15 37 81 24 36 18 55 74 36 86 
63 56 21 3 26 85 90 70 39 13 45 90 87 36 54 29 97 31 34 98 56 44 2 1 20 24 10 96 67 69 36 53 75 79 14 48 88 42 27 44 76 
90 28 35 77 33 28 9 71 55 7 78 32 52 93 100 91 18 59 9 64 36 84 76 38 15 15 27 57 51 73 54 45 59 10 27 99 87 21 76 98 57 
13 47 33 66 9 49 97 20 89 19 50 27 86 45 70 53 72 92 4 92 73 1 26 96 39 56 45 8 48 92 3 51 76 44 62 79 7 91 89 48 26 
15 99 33 14 98 59 53 31 22 86 74 58 23 51 52 61 33 27 15 60 15 25 38 76 76 100 7 16 70 75 14 54 18 4 19 72 76 79 30 64 86 
59 76 1 80 70 6 92 79 57 81 28 57 58 57 6 52 81 10 15 81 97 32 73 18 25 68 57 8 92 92 18 21 37 80 76 4 14 56 40 62 4 
8 63 70 75 26 65 80 86 68 30 51 72 33 86 95 56 38 36 92 90 55 63 25 100 86 48 44 56 98 19 75 53 12 42 25 44 51 85 35 86 62 
5 60 21 49 22 68 61 21 70 88 67 97 68 88 74 26 25 61 71 73 70 52 41 71 20 91 42 32 60 80 96 96 40 6 73 31 35 63 98 56 49 
63 50 62 5 3 33 92 20 86 98 82 53 38 25 86 20 34 30 84 54 65 59 65 61 41 98 82 89 73 78 21 45 9 82 10 54 28 97 36 89 73 
2 90 90 31 32 69 11 25 52 16 5 91 82 72 52 71 40 14 86 77 14 19 53 98 59 15 42 75 93 73 74 80 41 15 29 73 100 43 7 89 12 
43 47 81 32 84 27 2 43 15 3 48 47 32 20 100 48 19 6 3 54 65 25 56 92 2 95 38 69 62 23 46 93 54 64 35 13 6 83 36 12 70 
8 15 7 53 69 73 14 90 41 69 65 11 89 79 35 43 88 11 40 93 69 69 90 8 46 9 90 93 26 56 6 74 23 98 3 72 60 91 14 42 8 
78 47 45 24 51 96 7 39 97 70 76 77 6 92 83 77 95 46 82 60 11 4 90 25 27 15 85 1 85 3 20 67 40 10 26 61 7 42 63 6 78 
7 11 94 53 88 97 35 31 25 26 55 91 1 37 59 39 29 67 34 2 76 52 15 54 7 85 81 85 27 28 57 13 36 24 32 47 72 16 84 79 11 
37 50 92 62 84 63 74 28 45 17 75 85 78 68 27 82 7 5 60 51 82 1 38 39 5 55 22 12 20 18 90 11 20 33 33 12 35 64 61 44 48 
38 87 37 46 97 26 46 89 43 12 50 77 12 87 8 36 89 3 77 57 25 27 42 13 94 90 83 55 65 25 44 52 25 93 93 33 59 83 65 34 77 
46 57 41 55 76 95 66 98 65 4 25 27 38 41 13 84 75 60 86 100 2 17 54 60 36 41 1 66 75 46 66 85 85 22 49 1 78 46 4 66 74 
11 20 17 42 96 11 45 15 8 45 59 16 71 94 98 43 50 64 54 48 66 33 7 18 27 53 88 19 65 47 38 91 56 33 80 94 67 90 52 52 70 
20 14 80 78 81 49 91 13 82 10 35 69 45 40 65 97 69 7 83 73 8 20 26 87 39 68 87 12 45 22 59 1 99 13 60 11 92 39 45 15 93 
26 95 3 62 38 52 40 38 86 3 99 16 83 1 96 60 71 65 83 72 89 90 80 59 11 51 54 27 97 64 92 88 62 78 93 42 86 14 65 57 1 
2 31 30 48 29 70 45 39 94 45 24 94 83 35 90 94 46 26 65 84 78 72 22 81 98 88 58 38 43 31 62 20 76 74 67 69 74 8 100 12 88 
91 38 28 5 29 92 56 7 39 5 58 93 94 87 70 32 97 62 4 98 20 85 99 3 3 20 36 36 91 98 89 85 58 82 46 54 4 78 31 88 33 
96 57 2 3 64 56 19 52 87 90 26 32 85 80 84 61 60 29 69 87 13 37 11 11 48 13 97 21 38 50 88 79 95 56 33 20 53 39 71 12 72 
68 71 59 51 45 54 84 81 29 26 60 79 41 71 17 88 50 99 52 25 42 55 78 49 28 77 72 7 82 21 20 50 72 14 43 29 94 23 81 76 90 
10 7 88 80 2 18 51 92 49 44 40 2 11 19 49 36 72 23 73 75 45 82 68 34 40 85 74 95 48 22 83 21 73 57 83 21 73 53 53 5 96 
82 44 48 23 92 24 62 39 5 95 97 53 56 62 4 57 79 35 88 23 17 85 87 80 79 64 80 47 6 85 42 12 29 64 58 51 53 18 15 5 25 
66 84 17 39 61 85 28 86 13 43 83 38 96 66 84 56 21 59 36 43 16 83 58 94 9 67 19 36 79 12 61 60 79 52 79 11 26 49 19 74 50 
39 63 57 4 56 89 40 81 8 77 56 21 93 64 65 48 8 81 52 85 45 69 48 57 36 21 82 36 43 99 34 28 82 72 72 18 30 66 30 81 75 
55 60 95 79 30 53 6 5 9 65 92 15 38 49 43 93 28 52 15 46 66 37 20 26 99 94 22 6 90 43 91 50 29 93 41 6 100 94 96 83 55 
14 86 50 54 35 26 87 62 17 37 44 83 91 90 7 35 19 28 47 75 50 72 9 1 62 57 16 49 61 22 38 57 74 23 72 24 10 77 53 76 14 
49 13 7 22 10 24 32 35 56 48 78 17 16 79 96 17 2 70 43 98 74 97 43 47 49 3 89 86 95 83 93 15 82 41 24 24 46 97 90 74 41 
74 4 26 1 29 16 78 48 17 37 13 93 37 79 94 32 31 52 61 75 19 28 76 52 97 70 31 22 52 36 23 92 3 78 63 93 36 69 86 81 22 
44 26 91 20 65 95 95 39 94 92 91 37 69 22 19 98 79 45 85 1 32 84 5 63 64 37 48 79 87 94 13 16 15 70 56 77 6 35 40 82 53 
91 32 45 30 72 92 60 36 90 35 93 37 34 71 99 92 21 98 2 62 70 67 76 1 82 5 56 43 97 16 7 51 36 82 64 66 9 68 38 77 96 
82 59 22 19 15 25 34 97 88 1 3 53 5 84 100 1 66 44 53 26 8 17 89 9 7 11 70 24 98 41 88 9 20 68 34 90 13 28 31 59 82 
90 84 34 14 78 36 56 29 24 57 38 74 20 77 11 43 62 44 35 60 61 90 28 18 36 44 1 71 83 47 73 70 59 15 35 31 80 46 13 77 46 
32 37 97 80 68 13 47 61 30 69 89 61 51 28 75 44 97 54 26 29 35 69 40 50 97 58 81 57 46 36 45 58 42 66 50 41 28 3 64 55 45 
2 94 19 52 48 97 36 36 79 3 83 6 67 88 73 53 48 99 88 34 11 37 2 9 91 42 34 17 25 68 53 7 95 3 84 81 54 22 49 74 87 
36 99 25 4 18 20 62 98 58 9 87 33 90 40 81 65 58 76 22 100 6 20 35 86 16 9 2 81 35 90 22 28 91 2 69 78 61 69 30 55 33 
57 54 79 2 10 1 93 38 78 52 85 50 25 1 97 25 33 35 93 54 86 44 5 24 47 62 2 26 33 90 29 1 81 27 12 46 72 81 74 87 72 
63 89 29 8 11 55 99 52 5 41 96 9 85 34 89 46 18 1 100 83 21 97 53 100 2 97 26 68 54 34 2 63 23 11 27 21 13 26 20 52 7 
7 22 49 96 1 44 4 55 77 32 3 25 3 78 19 81 91 55 84 21 87 47 59 92 65 59 21 8 65 60 76 63 71 93 2 51 49 54 41 38 13 
33 9 41 10 38 26 94 74 56 61 24 82 13 12 36 42 26 19 96 31 31 4 63 83 48 84 3 48 22 45 33 62 44 9 71 93 60 13 92 9 71 
24 21 91 71 54 33 85 76 22 30 39 29 20 65 39 10 78 39 55 48 84 48 78 47 6 39 19 85 50 62 15 42 96 70 30 31 48 4 73 85 13 
79 36 4 68 6 26 67 9 61 11 14 5 74 86 99 34 72 5 74 25 65 11 51 85 47 63 7 56 75 11 38 9 26 49 43 47 65 58 85 3 89 
32 72 45 67 30 68 60 49 21 28 44 54 1 36 31 2 3 13 75 43 43 93 30 10 65 43 6 18 61 41 92 22 34 39 19 66 59 56 52 92 39 
56 70 76 75 69 83 2 36 32 88 22 87 63 94 29 19 78 71 25 11 88 99 89 7 69 49 67 96 61 36 62 21 22 48 16 31 48 88 82 61 72 
20 82 13 5 69 34 90 34 47 43 26 79 69 49 28 88 96 62 77 23 56 45 37 5 96 97 94 77 12 61 57 73 58 5 41 80 59 75 87 64 66 
61 58 27 96 90 56 90 92 93 2 93 85 76 28 45 95 45 23 52 81 58 19 43 19 17 96 24 12 68 93 75 66 47 3 99 34 60 12 17 54 83 
49 38 43 56 31 22 65 86 43 72 78 5 93 61 10 59 86 87 71 59 31 36 50 70 88 62 38 25 74 86 13 64 24 82 3 81 58 67 25 75 94 
82 8 90 5 77 26 81 34 32 9 63 44 71 44 34 46 33 44 88 64 66 38 61 47 62 35 45 43 69 23 89 24 58 46 73 15 16 72 46 1 7 
95 68 56 95 44 49 57 14 16 83 86 13 62 40 10 97 52 59 34 38 20 83 27 78 14 56 65 91 38 69 5 66 94 47 69 98 25 55 1 11 81 
92 3 27 68 86 43 100 51 52 88 28 47 25 80 26 54 63 26 70 2 14 2 45 34 70 39 19 89 24 52 95 50 11 51 30 18 84 89 17 27 6 
85 76 100 55 52 79 64 63 70 76 68 53 90 28 31 15 93 42 69 94 70 8 71 52 83 23 31 73 45 39 80 89 14 59 4 86 27 15 68 76 29 
72 78 13 23 45 12 48 69 66 60 66 91 22 33 38 46 21 97 76 17 34 73 84 69 30 16 90 65 43 64 18 78 57 34 23 67 96 78 58 55 25 
4 77 40 50 40 88 32 75 100 94 29 68 5 99 56 100 88 18 62 26 10 65 48 63 28 4 20 57 7 28 19 53 83 58 26 62 54 23 87 11 2 
72 84 61 39 5 92 17 47 28 58 76 44 76 54 60 16 56 72 11 62 91 88 21 37 8 53 89 96 82 29 41 37 11 88 50 49 55 82 74 10 74 
57 33 58 76 78 31 11 45 55 41 69 6 13 76 43 72 71 74 68 19 5 55 31 4 38 48 28 1 74 99 98 26 94 87 77 61 54 75 71 59 39 
99 92 52 7 3 34 25 54 68 49 23 37 10 11 16 64 14 16 71 65 10 65 6 66 64 47 71 11 7 44 96 16 56 27 54 74 15 45 35 44 84 
