53 57 60 55 44 41 47 36 3 26 39 78 16 20 43 31 86 43 70 96 53 16 21 65 77 81 39 28 67 81 50 67 
83 81 93 87 20 83 1 28 86 76 55 76 71 50 36 47 14 27 61 33 82 87 18 22 100 11 4 74 51 63 66 68 
87 30 61 41 46 32 95 85 95 49 14 82 28 31 59 94 29 51 67 17 85 12 83 82 80 29 27 5 45 14 73 89 
14 86 34 86 30 80 4 67 23 36 10 6 34 77 53 48 57 96 41 88 92 71 74 31 73 45 24 44 92 22 93 91 
13 94 87 72 44 5 17 8 1 81 63 16 95 39 13 20 29 40 39 46 17 46 75 11 31 13 36 52 52 90 20 68 
40 59 75 79 42 17 85 60 31 8 61 89 59 30 41 22 36 96 26 27 46 62 33 89 71 73 14 10 58 76 49 52 
56 33 11 55 6 52 55 67 84 58 59 44 21 14 13 35 96 87 5 56 98 24 56 68 57 27 9 28 84 24 1 56 
56 78 10 91 64 51 70 26 47 17 89 31 63 8 76 21 73 9 51 38 21 63 53 88 60 66 66 86 84 92 24 31 
6 52 50 40 16 27 77 25 86 44 90 28 41 16 23 39 37 42 4 70 76 97 17 86 15 60 41 23 100 70 76 66 
75 79 87 10 68 14 23 70 38 87 78 37 16 5 56 6 51 23 56 74 39 40 75 3 94 33 59 72 3 52 87 17 
10 83 72 80 19 88 64 66 1 91 49 25 89 99 80 44 95 93 17 13 35 100 77 39 77 11 33 62 38 89 32 65 
85 67 46 13 94 73 76 41 12 90 31 48 45 99 90 63 59 69 90 3 4 86 70 42 100 53 55 17 80 74 48 6 
85 66 35 48 23 93 71 61 77 50 11 90 50 23 66 36 89 13 12 89 63 25 46 90 18 29 10 83 49 39 39 5 
26 78 66 8 87 56 45 55 82 71 26 69 22 19 75 3 45 20 79 80 60 38 72 79 98 48 19 27 47 52 25 21 
60 19 66 40 34 13 22 23 69 3 61 50 77 68 30 43 29 71 96 67 70 83 7 88 53 44 25 9 84 12 23 40 
26 73 24 35 18 57 89 56 5 41 68 63 4 55 65 38 57 43 68 80 26 40 60 33 80 43 46 32 43 41 70 10 
22 34 27 20 45 40 75 9 48 80 85 96 24 34 33 11 25 16 79 13 99 63 5 52 47 17 67 28 35 7 6 96 
84 23 29 73 5 92 85 65 37 83 68 86 49 40 47 13 94 97 57 78 56 2 88 36 86 51 84 24 84 62 74 7 
56 27 27 57 15 48 82 58 49 23 24 28 81 54 91 42 44 60 43 48 74 11 84 56 49 32 66 60 23 91 95 11 
77 85 99 73 5 31 60 68 62 89 30 78 68 72 67 31 27 48 64 64 34 17 41 92 61 13 11 91 97 91 49 91 
82 59 7 99 73 21 27 44 29 65 40 62 13 84 13 73 76 48 48 67 31 11 76 65 59 43 83 78 81 97 68 20 
38 23 20 14 52 78 75 31 30 59 56 37 3 90 83 6 97 28 74 31 97 98 95 8 52 100 46 57 63 16 84 88 
87 50 27 3 39 86 17 22 48 93 36 53 95 35 97 77 74 15 85 12 85 88 85 62 1 44 13 50 53 70 43 11 
10 85 87 23 30 92 72 71 21 100 76 41 56 29 87 59 17 86 80 26 70 40 17 56 51 19 19 23 86 46 87 80 
95 26 60 34 62 95 64 17 48 36 65 72 64 56 40 20 9 9 48 98 35 39 77 55 48 63 55 95 72 5 63 100 
56 56 76 6 17 97 19 49 3 98 12 25 61 48 5 42 9 50 59 74 70 3 86 20 18 4 5 74 43 73 24 57 
77 40 75 64 84 24 37 59 62 34 65 95 92 22 100 22 88 30 55 17 46 99 70 77 51 39 66 62 90 80 60 66 
95 92 49 79 7 1 18 98 7 29 23 52 43 33 90 88 91 27 4 59 73 50 34 81 69 90 13 7 87 67 44 61 
38 84 99 7 3 17 10 30 70 36 59 87 17 88 86 85 68 40 19 20 7 78 11 17 25 34 81 24 57 92 29 43 
60 23 92 18 83 13 92 4 50 23 34 54 86 52 7 55 96 93 41 8 37 34 53 7 76 57 28 91 71 6 94 17 
24 54 64 6 12 22 90 77 32 18 84 2 67 33 30 74 59 17 33 82 68 26 76 87 5 40 57 12 6 77 94 73 
4 88 59 77 17 47 84 9 32 92 36 36 26 56 89 83 97 42 54 73 57 95 8 48 46 60 25 70 87 11 70 24 
8 83 41 36 69 25 55 24 62 99 96 21 66 78 85 71 96 94 53 46 16 49 30 57 18 3 80 27 36 80 17 74 
14 35 52 92 69 5 47 77 45 24 53 49 10 87 36 11 65 56 34 37 44 35 83 34 90 46 57 43 14 40 11 74 
95 97 22 16 22 87 38 99 83 34 85 19 88 74 73 72 35 38 56 11 84 42 71 16 98 12 58 6 48 79 96 59 
85 93 5 32 13 82 10 62 28 30 63 62 82 1 80 12 73 76 52 96 18 40 100 33 8 74 15 20 46 26 79 67 
95 24 42 99 47 16 21 15 64 78 68 62 19 27 81 71 87 32 57 38 2 87 9 48 49 69 12 78 70 43 14 78 
88 66 45 13 32 88 16 62 26 74 18 29 42 61 63 20 78 51 11 31 32 32 40 20 44 99 77 95 37 17 67 4 
62 70 45 77 97 94 9 89 81 10 34 92 14 47 17 63 56 21 92 72 45 95 97 2 48 31 73 84 63 11 17 82 
59 36 11 64 46 100 95 95 69 29 64 94 68 20 77 24 5 24 33 32 73 33 98 57 65 65 83 26 89 89 88 100 
95 76 80 91 21 28 77 57 4 54 57 59 73 20 53 84 56 69 36 9 43 17 19 76 8 93 76 32 44 87 58 62 
39 59 16 59 94 23 64 48 54 89 81 97 51 23 51 19 29 42 78 88 91 13 100 28 65 8 98 98 60 55 23 96 
53 28 29 16 97 13 33 12 38 81 8 10 28 81 37 68 72 58 96 7 10 98 29 22 32 77 45 19 76 97 100 22 
85 14 96 33 92 47 22 15 50 62 8 41 42 82 86 40 47 2 95 55 69 12 43 41 8 70 4 17 68 59 61 72 
63 64 63 49 54 13 69 94 15 43 5 16 12 21 75 87 90 57 58 52 45 53 22 100 29 1 13 72 3 25 67 87 
67 98 60 56 29 35 16 45 100 55 12 59 11 29 2 87 34 70 47 46 58 71 86 77 15 100 91 93 70 14 25 26 
79 30 74 31 98 9 99 80 66 86 49 49 78 62 6 87 33 38 57 83 28 80 2 28 4 24 94 29 97 70 59 33 
58 36 97 76 7 10 70 64 35 64 60 22 34 92 74 95 86 75 25 2 65 73 31 26 6 74 81 7 8 45 39 52 
35 76 54 67 9 83 43 28 42 46 1 36 2 18 31 63 96 77 66 88 87 61 93 60 81 60 42 2 54 35 35 93 
31 17 36 36 7 47 20 25 67 61 6 98 62 85 65 34 51 89 41 48 19 80 84 76 2 65 80 52 70 64 2 16 
27 66 99 37 55 70 18 53 87 27 54 95 75 46 42 70 88 39 77 77 11 3 37 93 57 1 45 6 60 67 20 35 
78 49 3 4 18 13 90 1 69 39 95 31 14 100 35 25 45 85 16 55 82 58 68 85 63 90 63 8 44 71 1 8 
38 67 31 91 35 26 61 16 80 74 67 98 55 96 51 90 73 34 14 41 39 66 16 1 14 11 43 57 36 100 34 58 
4 65 65 67 93 25 48 71 7 70 51 96 5 91 43 58 92 43 29 83 47 39 92 9 51 20 72 31 16 33 56 68 
33 23 79 27 54 73 7 75 25 32 6 74 20 95 41 78 95 10 55 65 71 73 20 8 49 25 3 17 70 51 43 79 
63 92 88 8 26 34 22 86 65 95 63 36 88 32 71 3 68 24 42 50 39 17 69 23 29 11 50 9 38 16 18 50 
68 55 19 27 7 89 23 31 74 56 2 16 40 11 75 26 2 20 64 56 96 46 44 54 13 64 8 98 60 35 95 26 
98 26 49 91 60 96 65 89 61 89 77 77 31 33 69 26 3 91 45 90 22 20 40 56 2 64 39 55 89 58 88 55 
1 36 35 59 46 78 68 31 20 91 41 24 44 94 69 5 85 69 11 63 68 100 31 42 2 2 59 54 51 66 49 74 
19 10 79 96 55 37 25 65 28 79 55 36 3 11 13 34 33 62 17 6 47 76 70 81 4 14 6 96 70 25 86 11 
1 42 22 54 74 84 9 21 6 42 19 37 49 33 40 87 39 56 50 45 18 86 43 4 69 74 23 63 68 82 19 62 
44 90 44 64 7 63 95 23 4 75 24 80 94 49 100 89 27 57 33 18 96 8 96 30 75 82 65 15 58 59 15 93 
73 98 87 59 6 17 67 53 72 99 32 32 24 8 30 32 44 27 5 13 63 96 39 69 56 100 70 18 58 46 16 52 
9 25 4 2 20 10 64 31 96 4 70 13 65 59 41 8 17 98 42 44 66 8 80 22 19 12 100 55 99 90 61 42 
46 97 92 25 73 34 1 21 34 52 80 63 10 77 49 64 50 100 22 89 54 86 10 45 71 26 43 73 21 75 100 70 
68 29 88 74 35 67 43 53 28 45 98 1 24 99 100 27 53 64 78 64 84 7 62 90 67 59 48 89 92 71 68 67 
4 83 73 93 100 16 15 53 51 83 90 92 96 47 91 20 71 10 19 80 4 84 34 48 28 27 87 81 72 81 62 26 
49 6 43 79 4 13 32 68 83 11 26 9 49 8 88 44 59 48 16 76 34 63 28 83 57 61 46 68 41 11 98 81 
17 2 89 30 45 71 54 56 75 57 82 97 20 43 37 45 52 56 50 6 62 85 11 79 62 95 45 60 84 38 39 52 
36 58 58 79 99 58 82 66 88 86 98 82 41 26 19 16 95 81 54 91 41 83 22 59 23 26 61 84 33 3 9 88 
55 24 5 33 77 41 31 93 5 10 68 73 40 92 87 69 4 38 29 66 31 49 54 67 26 55 92 86 9 98 93 56 
89 48 51 100 64 73 91 70 10 38 40 80 7 25 91 7 48 31 80 61 63 44 72 65 78 46 55 51 37 13 97 13 
32 2 37 68 98 59 68 99 38 30 96 81 42 45 1 24 61 90 99 84 5 11 30 63 70 32 6 91 83 15 32 19 
54 85 10 12 62 78 49 59 99 84 6 95 79 15 49 12 83 73 73 94 81 44 86 28 25 30 2 77 86 57 60 100 
74 36 39 63 18 62 7 2 28 29 4 75 48 9 77 22 95 38 25 57 47 8 57 38 6 39 52 96 18 15 26 43 
31 60 2 84 89 14 88 24 67 78 34 63 11 85 36 83 69 43 28 47 97 2 50 6 67 78 7 91 20 10 2 11 
