14 66 19 38 41 97 81 62 56 81 3 97 27 70 90 14 77 39 46 33 66 61 77 50 86 71 52 43 37 48 
12 17 21 8 99 32 96 7 93 95 35 12 31 86 25 47 50 47 51 92 24 55 82 76 10 61 77 65 12 66 
95 59 60 54 80 12 24 93 44 43 74 95 36 34 39 50 12 2 51 4 45 11 64 32 46 19 90 48 64 75 
92 78 36 87 65 82 100 73 64 34 72 94 49 82 61 61 52 38 25 58 24 51 3 33 79 100 88 65 3 77 
9 30 17 44 62 99 90 25 81 83 25 38 53 32 52 81 75 34 56 16 77 80 2 62 87 39 29 42 42 96 
72 47 96 21 94 52 21 59 16 66 83 70 39 49 20 39 52 86 32 54 79 36 34 38 65 39 45 55 74 20 
37 34 30 59 18 5 53 45 27 8 55 85 9 4 41 11 58 94 60 19 22 95 77 63 90 75 11 31 17 99 
66 93 86 34 10 86 89 39 72 57 21 62 96 2 8 62 74 58 43 66 100 20 57 100 55 97 84 16 16 89 
37 82 84 67 52 31 34 52 43 41 15 78 89 6 74 25 86 80 66 5 6 20 1 65 73 46 31 53 99 28 
77 88 21 34 29 9 42 1 91 45 59 28 93 34 64 59 34 55 60 82 46 5 63 99 20 28 100 40 7 56 
49 39 15 96 12 75 7 86 21 58 93 35 94 51 78 70 98 42 67 17 86 6 68 52 72 19 20 12 92 25 
83 24 3 14 34 83 29 97 69 30 95 22 38 27 93 88 58 89 16 24 31 64 88 19 8 68 39 30 14 80 
61 98 4 77 97 40 67 73 36 35 71 83 99 66 15 25 22 70 89 85 90 77 97 47 53 19 7 22 3 56 
44 96 24 44 76 75 64 1 72 63 75 57 93 9 40 53 41 27 95 56 24 36 45 38 28 74 97 12 59 38 
92 18 54 61 86 53 28 52 39 71 74 21 86 94 6 59 22 42 76 97 53 98 1 34 96 68 41 33 82 96 
82 49 9 15 37 21 31 95 68 55 24 14 35 5 100 87 47 29 88 80 29 79 10 59 23 72 12 95 17 38 
90 37 49 25 10 78 96 21 97 69 64 51 66 45 94 28 98 39 99 7 59 36 4 24 6 41 2 99 93 71 
53 80 86 59 64 41 71 12 11 53 82 47 51 40 80 54 66 64 50 77 45 14 57 6 100 77 73 18 33 80 
7 33 12 18 49 56 44 96 98 59 90 59 95 80 24 6 39 9 54 51 14 96 18 77 99 93 53 37 60 95 
54 95 30 80 84 79 40 23 8 79 69 70 72 19 38 59 45 74 55 55 100 44 36 16 97 92 68 35 35 58 
99 2 18 58 63 25 15 5 76 39 52 61 37 37 79 8 14 6 16 96 45 79 70 71 87 4 87 97 8 85 
78 73 35 59 41 21 54 98 84 49 77 53 47 21 88 90 32 10 15 82 66 33 66 44 14 63 38 37 81 97 
23 18 51 73 95 24 7 86 84 84 54 6 30 2 64 62 45 98 85 61 68 54 33 82 90 4 29 22 19 42 
67 22 56 18 50 69 25 77 29 96 7 48 17 95 90 43 97 3 29 52 79 16 13 56 18 50 61 34 47 62 
88 42 18 34 5 68 98 76 38 80 2 70 16 68 18 28 83 94 80 36 61 25 88 25 13 60 13 18 1 61 
33 70 19 15 28 77 95 47 21 31 82 94 71 28 53 93 78 18 97 65 33 28 50 83 12 90 89 60 86 39 
16 50 66 96 44 11 4 5 51 82 69 94 36 22 42 41 49 45 80 80 55 71 82 24 61 16 91 68 73 56 
40 32 85 21 36 33 79 4 11 46 64 28 43 72 33 56 52 74 82 15 20 69 23 18 1 50 47 53 57 59 
