57 8 81 64 9 86 17 52 67 77 4 5 83 70 47 7 20 23 60 22 75 78 53 57 16 48 68 97 100 41 45 54 52 16 77 4 73 78 21 34 37 19 30 96 62 31 34 99 44 
67 61 75 13 30 62 67 45 18 84 3 41 25 30 60 68 32 9 30 28 95 31 50 28 14 6 53 45 58 18 38 72 32 10 11 22 34 84 26 66 76 99 40 90 96 62 52 82 23 
86 64 19 80 86 2 67 60 98 53 84 64 61 24 81 27 82 60 55 50 73 6 77 66 95 46 95 71 74 97 39 100 68 44 36 48 14 70 68 10 82 58 100 32 75 93 78 23 74 
14 21 50 74 81 12 17 65 22 19 47 100 97 52 52 28 12 98 34 98 43 53 44 66 15 43 16 45 82 34 29 100 62 63 52 79 35 46 13 71 64 8 55 68 27 27 18 8 3 
46 73 9 47 6 18 17 1 24 38 84 69 77 27 10 47 67 23 46 80 90 67 43 32 39 16 53 62 16 54 26 95 65 21 82 82 68 34 7 22 63 50 97 38 64 36 67 85 95 
4 13 72 63 36 65 66 78 79 31 1 36 55 89 40 3 56 81 70 31 67 95 100 32 15 36 76 42 96 100 56 68 42 90 62 15 25 73 56 94 64 61 38 59 53 84 69 88 24 
54 14 87 22 97 18 82 43 45 16 4 61 64 30 15 65 29 25 56 99 100 15 28 39 91 57 73 53 92 90 5 28 80 10 44 40 95 96 97 6 17 73 13 90 30 73 13 1 48 
55 3 72 70 53 85 36 56 51 39 35 40 94 94 70 99 72 63 89 70 47 57 73 44 2 59 27 25 1 66 12 63 70 76 9 92 91 82 89 65 21 7 13 100 54 15 90 23 12 
23 51 30 17 7 81 33 26 27 3 56 79 46 49 7 57 17 31 95 15 23 15 25 33 42 46 26 74 73 86 63 47 26 12 46 55 28 82 81 49 13 31 71 68 37 79 71 4 16 
87 44 71 89 7 83 51 83 58 5 48 88 88 78 21 14 33 61 48 18 16 97 48 70 81 48 39 13 71 67 3 64 100 68 7 15 58 11 41 93 99 23 50 8 1 90 95 14 89 
38 29 26 43 67 64 26 7 99 20 68 27 96 67 46 58 10 5 93 80 2 10 98 34 69 45 76 28 50 91 81 87 29 73 66 62 66 21 40 99 83 74 70 86 47 61 22 39 34 
50 38 28 72 99 80 9 32 86 37 55 6 70 80 34 56 2 20 40 43 67 88 69 22 32 20 19 74 73 70 20 58 50 51 88 40 5 35 79 76 72 11 77 55 30 46 45 18 48 
5 53 84 94 7 98 36 80 37 92 17 23 29 83 78 2 90 44 6 9 92 72 15 48 42 36 53 50 82 83 5 82 73 17 60 4 31 2 53 67 79 82 87 17 25 99 72 30 73 
86 1 42 42 1 20 31 71 78 24 13 8 30 20 22 65 81 8 90 9 7 43 55 15 5 95 20 66 11 75 14 30 80 41 1 23 76 86 59 75 77 58 10 36 67 76 2 11 50 
62 37 39 82 44 28 54 28 84 55 52 80 23 11 81 91 10 20 63 81 13 62 7 82 78 96 67 93 87 54 22 51 85 29 83 33 45 30 44 19 67 46 32 83 8 77 55 38 84 
13 59 72 82 38 97 34 16 19 42 67 51 59 9 17 14 76 26 34 84 33 20 63 75 94 34 37 23 90 62 3 3 60 22 79 32 12 8 58 87 68 5 20 60 68 60 88 66 33 
95 97 62 99 24 1 34 50 42 9 83 51 44 62 80 100 45 25 70 35 78 83 77 49 94 3 36 22 42 57 95 77 62 2 92 70 89 21 27 95 81 46 72 84 100 4 44 60 29 
18 11 83 79 72 14 51 53 72 16 72 64 22 60 38 64 52 25 56 63 49 31 65 63 48 62 73 17 58 67 37 24 29 92 12 100 30 50 84 85 26 10 74 60 76 9 6 61 1 
98 78 54 38 23 96 77 46 36 58 12 7 6 63 7 40 33 74 68 91 75 77 91 94 33 11 12 67 63 92 23 32 62 99 7 96 72 14 22 38 92 14 54 68 81 12 74 56 66 
98 34 50 31 98 67 39 47 61 1 74 92 35 62 61 28 82 28 38 94 50 21 63 3 71 4 80 40 47 48 60 33 36 67 91 80 33 87 6 30 4 1 25 60 71 45 38 95 79 
43 32 1 63 47 53 64 28 63 20 83 3 54 38 69 75 13 44 9 36 70 33 94 80 92 84 28 92 16 73 79 55 9 26 39 78 85 7 58 98 53 48 28 77 20 61 89 92 54 
36 91 2 17 51 75 45 73 96 72 58 55 91 32 12 32 50 61 81 81 90 77 6 69 17 51 93 93 62 44 77 88 29 47 68 40 35 100 82 46 12 46 22 17 24 68 14 52 2 
5 64 97 86 57 31 4 69 11 27 81 85 66 84 18 77 52 74 32 61 88 37 32 15 7 10 73 50 47 66 87 27 37 25 82 23 18 25 24 87 82 84 36 76 7 68 43 81 96 
84 48 12 16 12 15 92 98 63 21 75 53 88 88 1 98 61 100 5 47 89 68 29 97 2 7 10 16 97 29 23 86 71 9 24 4 20 46 95 49 13 93 62 45 63 35 5 88 32 
32 43 78 75 85 86 66 57 23 21 52 68 94 37 40 66 40 8 65 17 14 1 21 82 95 61 97 16 4 66 52 21 59 29 25 37 71 76 77 76 94 18 75 47 41 70 49 83 26 
86 95 87 67 68 16 69 33 58 1 77 59 90 78 94 32 87 9 90 66 30 4 51 4 27 38 47 61 35 75 45 26 55 49 41 59 37 66 86 70 56 33 78 40 30 21 79 100 6 
81 95 89 27 75 30 66 37 60 91 98 58 25 44 65 91 1 60 37 14 80 66 65 1 92 48 90 39 44 41 64 56 72 18 11 58 52 42 34 20 62 34 33 58 35 94 45 85 74 
17 95 31 88 75 59 60 83 53 56 98 53 52 35 62 11 66 50 44 85 58 49 34 65 38 62 87 92 49 64 45 14 15 9 37 60 36 45 97 21 78 88 50 67 27 99 44 10 5 
22 47 17 2 60 71 48 46 27 10 37 29 14 59 41 89 72 81 10 35 21 86 61 37 16 67 77 16 31 18 36 3 64 47 83 94 11 41 75 46 66 88 45 54 94 26 1 70 14 
98 66 73 28 95 48 59 7 4 48 61 83 59 85 12 51 44 24 43 87 72 78 70 19 19 52 62 79 80 61 31 13 56 83 79 89 15 21 46 17 9 73 30 61 100 99 42 90 83 
19 2 20 98 14 57 97 81 79 71 64 66 52 37 11 10 65 28 87 15 43 67 83 12 34 47 89 50 9 85 54 22 64 5 85 24 80 48 98 3 5 100 24 99 51 2 9 51 11 
21 1 77 12 28 30 91 95 32 37 45 37 17 88 34 95 25 7 13 32 60 69 63 79 31 73 68 43 85 84 31 96 64 42 48 8 60 77 10 47 46 52 91 1 1 66 50 63 20 
62 59 90 12 36 71 39 45 93 28 41 53 81 32 29 100 6 84 96 10 100 32 4 63 12 39 57 100 12 43 9 5 97 76 33 74 98 75 84 80 9 74 13 20 83 13 68 72 72 
46 25 44 99 53 67 22 2 97 99 38 84 29 46 49 100 86 17 62 46 42 28 99 52 71 27 1 99 29 21 89 88 89 44 53 4 8 81 24 99 27 24 35 2 15 13 7 27 86 
54 50 54 51 94 5 95 13 81 2 56 79 12 67 34 42 37 69 17 84 88 13 10 82 37 2 79 83 49 29 75 92 53 50 98 96 55 20 74 46 37 95 29 19 46 57 69 26 83 
36 85 74 64 27 70 33 63 14 35 56 48 29 84 24 12 68 56 14 36 1 45 46 83 11 28 14 37 53 46 36 80 38 29 99 99 77 46 43 17 52 97 88 25 17 42 39 29 54 
96 75 85 79 84 37 42 83 88 83 29 52 62 30 25 37 26 64 96 49 33 17 34 19 56 50 81 2 57 41 36 69 17 83 56 78 90 43 59 54 1 7 16 7 74 74 11 41 8 
23 35 9 61 59 4 24 25 47 6 45 42 40 37 72 57 10 56 21 71 40 58 85 46 61 65 4 31 19 24 82 46 31 12 83 17 4 59 48 65 90 40 84 97 91 64 41 52 98 
51 40 39 84 99 62 27 94 92 12 34 28 41 62 37 67 39 33 14 8 88 71 17 63 55 90 57 53 31 85 83 84 98 80 42 35 97 87 9 2 18 47 45 48 64 35 42 32 49 
25 50 13 56 37 83 65 9 41 65 52 98 18 86 96 66 50 94 96 36 66 47 40 11 87 85 51 88 66 9 87 9 28 32 73 94 36 70 70 24 15 53 32 38 8 92 76 88 1 
91 55 3 26 47 70 1 57 49 1 44 91 89 37 26 8 68 91 93 34 33 65 80 62 79 61 17 80 30 63 15 5 74 87 63 4 73 72 17 58 69 10 68 32 79 17 40 10 25 
94 64 7 14 68 97 93 78 18 74 49 98 73 19 98 35 37 36 82 97 26 26 35 17 81 94 70 81 15 22 90 13 14 1 14 22 63 3 25 99 35 25 75 46 88 50 60 86 79 
59 54 28 73 55 44 18 78 28 38 44 16 97 61 100 30 33 12 40 32 48 10 46 25 55 17 89 89 52 86 91 51 75 2 95 95 82 8 8 29 53 13 4 86 90 11 15 88 44 
10 29 96 53 23 96 69 92 23 60 44 22 16 83 17 61 78 5 42 57 17 19 57 46 43 56 26 38 61 14 57 22 46 1 70 45 5 24 8 33 88 69 30 28 43 52 40 6 45 
88 31 53 99 95 93 68 26 73 74 75 96 70 80 5 73 56 16 9 55 4 40 43 63 85 38 28 65 38 89 51 57 46 2 30 97 53 77 41 85 30 61 37 62 99 99 69 21 86 
9 36 43 67 8 12 41 18 80 49 26 66 24 60 62 53 62 77 55 72 91 18 3 97 3 20 79 91 13 13 89 98 12 10 91 33 42 56 81 52 11 25 12 72 66 82 54 78 69 
51 78 25 48 95 29 33 62 35 49 1 63 5 79 37 28 44 54 65 79 86 65 17 46 14 19 42 67 1 7 11 48 6 63 79 92 40 34 24 17 37 46 95 25 26 10 17 93 56 
98 35 45 36 95 86 62 63 43 99 55 79 84 74 55 36 45 63 77 78 20 91 76 15 76 29 76 35 61 32 34 11 41 98 4 92 77 42 5 32 38 71 7 55 33 75 29 13 71 
42 27 62 95 7 31 34 51 32 26 10 8 47 25 52 82 55 57 72 87 37 74 44 40 12 16 8 69 39 6 76 46 98 13 100 6 59 38 77 48 82 63 88 33 45 80 65 48 64 
23 76 31 8 43 97 92 70 28 93 20 33 67 34 75 97 62 26 1 35 88 41 61 86 26 8 35 96 67 96 88 7 4 81 21 70 47 1 91 42 4 4 40 3 34 48 77 49 6 
70 78 95 93 42 1 79 20 11 77 84 74 14 55 18 26 27 43 86 31 90 69 44 52 70 29 25 18 15 42 84 29 29 85 58 66 82 88 26 100 23 17 84 8 33 64 79 61 91 
94 21 100 76 42 96 92 95 20 92 25 100 9 97 59 28 8 24 85 70 69 51 2 30 63 40 25 66 45 60 56 10 1 82 68 24 35 21 7 36 1 59 55 23 95 79 36 18 9 
62 10 84 85 88 42 80 40 99 47 52 22 74 78 4 4 26 45 87 51 98 29 99 84 21 57 44 30 97 77 97 57 13 28 42 56 67 50 26 99 65 79 47 69 12 98 73 68 9 
86 33 43 73 11 66 4 74 34 99 37 20 55 51 77 61 60 6 93 2 15 10 47 1 69 5 36 42 55 32 69 29 37 2 51 16 46 50 79 15 79 4 85 4 46 19 54 18 22 
5 38 23 78 52 19 49 75 67 99 9 15 48 3 49 45 17 90 56 38 70 99 14 29 39 11 86 42 51 46 77 22 61 5 44 58 45 49 35 5 16 50 53 16 5 4 52 6 29 
72 35 54 66 30 90 58 73 48 81 30 23 50 68 14 40 60 57 69 91 1 27 48 89 9 8 22 26 22 100 41 89 95 18 33 29 41 58 40 9 89 1 67 3 27 81 69 16 7 
22 57 29 1 93 29 61 23 14 70 72 61 25 30 78 68 80 36 2 12 69 36 70 91 96 62 29 14 45 95 38 52 67 74 100 84 82 37 73 71 2 8 90 53 85 46 43 29 10 
25 100 76 25 65 52 93 24 80 33 61 68 53 32 27 34 23 50 94 27 47 65 64 22 69 17 88 43 98 62 23 71 42 96 30 19 73 63 46 84 9 18 60 98 31 31 98 56 19 
47 70 20 46 72 13 17 67 90 51 37 18 72 26 72 90 81 99 51 20 8 100 9 8 85 94 74 61 36 18 40 66 89 33 87 43 64 40 36 37 19 46 73 29 70 77 67 41 77 
5 35 49 44 57 52 21 62 24 99 40 67 77 91 85 86 53 31 73 56 28 67 65 3 81 45 2 90 41 75 91 85 47 7 31 24 37 76 61 18 31 18 42 39 12 75 92 8 20 
7 18 47 14 72 8 62 52 67 24 3 61 58 48 65 54 27 61 40 85 77 40 40 75 41 12 28 95 42 4 39 49 19 1 78 36 92 17 78 77 28 89 50 53 13 16 7 100 33 
98 75 39 58 71 75 73 82 79 97 18 4 79 52 62 18 15 54 98 3 35 62 43 99 70 63 11 44 79 52 14 62 62 24 52 42 3 9 33 44 14 6 51 15 30 9 35 58 70 
65 7 31 55 55 67 87 42 61 73 42 7 62 84 68 36 92 43 59 98 22 28 68 98 61 15 46 51 9 85 85 95 8 31 21 17 20 49 90 52 55 46 3 63 15 48 49 24 25 
98 80 51 12 96 61 20 13 69 83 47 65 76 11 61 55 8 25 51 1 4 38 69 26 83 59 66 64 83 79 40 9 92 41 54 3 54 99 76 97 1 39 69 60 27 17 40 54 29 
3 100 97 81 28 2 81 7 63 50 7 45 43 83 97 91 77 31 93 48 71 94 56 44 43 69 91 9 9 43 3 64 5 1 99 64 12 10 63 68 97 97 21 12 71 36 4 48 97 
58 74 61 74 59 49 62 7 10 57 30 61 48 7 83 5 84 23 17 17 32 10 30 68 40 50 14 18 63 24 62 60 67 53 55 27 88 95 89 91 80 99 31 13 8 94 20 64 100 
51 97 36 39 18 23 85 85 85 17 66 68 27 74 16 40 9 56 78 51 67 57 57 76 66 25 49 88 32 75 59 82 72 44 94 41 81 70 23 5 86 78 27 57 73 83 62 7 55 
16 97 3 54 68 5 76 87 8 24 17 70 40 6 84 74 82 42 76 95 86 27 87 15 25 57 36 25 50 40 90 55 14 53 73 75 27 20 7 77 14 28 84 42 73 13 92 46 1 
96 21 51 69 52 33 67 42 58 3 85 7 22 87 8 94 49 3 35 8 70 5 45 35 47 19 51 48 39 49 64 58 33 22 100 74 79 35 30 93 68 45 41 40 49 88 8 14 96 
30 60 2 45 4 4 42 45 72 43 21 47 73 2 65 19 48 41 11 77 13 19 55 47 53 58 27 29 83 64 83 1 51 19 95 89 55 67 42 64 19 52 3 84 77 24 32 47 99 
12 39 87 12 17 23 51 25 77 31 71 82 35 11 28 70 25 58 38 88 84 73 83 48 31 86 26 38 64 93 33 37 65 43 67 10 60 81 72 19 66 53 33 32 23 63 69 96 56 
30 98 24 60 98 84 50 83 8 80 53 14 80 17 51 85 29 16 49 21 96 29 30 9 23 14 26 58 5 91 19 36 64 86 7 87 68 33 62 78 10 69 81 87 42 46 55 77 82 
91 29 27 50 58 15 54 18 59 99 37 12 6 27 95 39 78 74 81 84 17 50 98 39 89 69 3 53 78 28 59 19 56 5 90 74 13 91 60 21 5 3 24 55 47 94 35 95 7 
33 21 16 3 37 77 72 9 100 85 25 79 68 79 8 37 94 6 53 62 21 42 40 66 55 27 28 14 47 22 8 68 32 59 100 83 91 6 87 31 68 33 30 33 35 53 1 9 7 
70 15 8 2 3 19 12 58 55 41 71 79 25 20 74 61 20 100 98 100 12 31 63 71 11 26 88 99 5 66 40 58 65 86 88 45 7 69 37 13 46 26 96 58 17 8 43 70 48 
29 29 21 41 38 65 11 19 98 80 48 29 22 23 26 10 87 6 98 31 38 30 76 14 41 85 27 85 73 57 68 31 55 75 18 4 29 95 40 29 44 35 60 18 74 62 55 84 73 
55 6 8 5 9 15 66 17 91 57 62 80 24 91 96 68 14 64 68 77 39 80 63 2 9 41 67 55 24 55 64 6 99 66 64 65 53 54 7 74 74 58 28 15 18 65 72 34 99 
51 90 54 63 18 56 73 26 63 38 18 20 40 35 33 64 46 11 15 97 75 9 30 28 41 31 29 3 42 3 94 71 26 25 36 9 38 31 56 75 41 72 46 37 48 72 88 33 28 
46 8 73 92 8 35 11 72 60 37 37 20 14 75 24 9 60 63 47 24 3 99 42 84 93 22 31 65 23 78 76 11 40 51 37 82 7 9 55 45 98 70 30 90 87 93 91 53 80 
100 63 70 39 41 97 66 59 85 18 67 53 99 28 11 11 32 31 8 68 22 35 5 4 55 70 46 56 73 89 89 93 58 43 9 18 21 86 14 68 52 38 78 46 13 80 15 77 87 
93 65 44 56 7 42 60 47 36 70 72 83 81 10 20 3 69 9 42 6 45 45 95 60 51 67 81 93 94 48 86 83 60 4 39 64 10 31 12 96 64 17 19 84 13 13 70 64 20 
100 74 90 2 35 28 77 58 26 46 19 79 32 78 32 57 68 76 3 25 97 55 59 63 61 66 65 40 97 20 3 43 93 49 18 62 60 82 100 3 35 10 47 81 29 60 73 36 87 
77 68 59 34 22 48 60 22 67 39 12 53 87 2 68 39 31 6 51 13 1 47 14 23 65 42 78 62 21 91 75 64 9 4 51 92 76 60 34 38 32 89 71 53 86 8 78 35 62 
3 58 75 85 61 68 21 22 97 73 92 85 53 32 99 63 2 79 22 50 9 13 5 28 91 9 67 49 33 48 13 3 11 33 48 41 67 3 23 77 40 87 18 63 30 76 55 4 13 
24 24 44 39 17 95 59 32 17 75 96 28 10 12 87 84 9 50 3 1 63 93 11 43 60 60 95 63 73 42 93 4 50 9 94 81 86 55 59 24 44 82 77 89 8 61 69 1 90 
