N
Y 3 77
Y 12 77
Y 2 73
Y 21 93
Y 52 93
Y 7 77
Y 60 93
Y 18 87
Y 6 72
Y 11 77
Y 17 93
Y 29 93
Y 26 92
Y 58 93
Y 24 89
Y 4 80
Y 47 93
Y 38 93
Y 48 93
Y 43 91
Y 5 77
Y 8 77
Y 3 86
Y 22 92
Y 23 93
Y 6 72
Y 26 91
Y 6 80
Y 27 93
Y 18 84
Y 44 91
Y 6 77
Y 21 93
Y 29 93
Y 47 93
Y 11 80
Y 52 92
Y 18 84
Y 57 93
Y 13 84
Y 46 93
Y 28 92
Y 16 93
Y 18 87
Y 53 93
Y 4 77
Y 26 93
Y 17 93
Y 28 93
Y 22 93
Y 6 80
Y 1 66
N
Y 7 77
Y 6 77
Y 36 93
Y 52 93
Y 4 77
Y 16 84
Y 60 93
Y 3 86
Y 1 26
Y 37 93
Y 23 93
Y 44 91
Y 11 93
Y 11 77
Y 3 77
Y 46 93
Y 54 91
Y 31 93
Y 26 93
