52
229
196
183
172
91
37
4
77
71
147
113
184
123
127
31
224
104
58
221
179
174
109
177
49
108
121
173
162
41
207
0
103
152
183
145
137
110
69
82
9
89
90
66
185
99
122
22
72
109
136
148
117
175
26
76
234
70
116
3
65
94
3
187
111
217
56
19
18
192
150
112
17
7
221
102
141
142
231
49
54
149
42
48
166
29
41
36
180
57
176
188
23
205
171
123
82
159
79
24
198
158
168
78
43
189
220
105
25
186
12
131
68
98
70
169
38
65
67
20
74
61
119
109
106
66
95
151
167
42
40
230
161
1
77
33
85
19
215
11
157
51
166
10
156
45
170
101
34
5
153
39
6
123
37
211
32
129
13
102
44
195
28
2
137
191
84
227
204
200
194
59
134
144
140
81
214
218
8
164
145
179
14
132
139
55
133
16
30
235
223
107
178
190
212
62
71
60
192
100
102
93
228
92
213
46
86
64
149
37
206
125
53
193
120
7
232
21
86
146
233
212
236
202
178
72
83
88
15
73
128
114
203
208
47
163
