527
498
774
197
959
224
372
640
912
219
851
944
157
360
62
754
83
47
127
971
376
783
405
779
586
484
927
726
789
222
831
474
156
702
535
85
592
550
526
570
108
46
178
7
212
674
117
692
870
39
206
31
387
790
107
885
81
715
896
158
286
450
238
903
909
981
125
271
58
386
521
584
335
682
990
152
373
340
106
637
76
11
714
908
161
819
44
139
406
502
259
305
324
479
244
866
665
655
830
542
749
986
217
818
92
697
289
611
873
27
685
244
192
795
375
962
17
993
859
984
811
314
155
497
243
429
415
935
201
384
623
213
533
417
468
607
393
936
722
492
408
101
346
579
617
495
204
814
93
90
463
382
371
300
317
787
994
663
223
97
225
164
254
621
868
329
701
198
184
848
879
618
562
336
18
678
807
35
559
918
619
742
513
835
736
801
426
797
416
871
413
167
499
992
763
401
601
734
906
844
307
669
991
412
52
388
26
805
832
477
744
705
504
574
163
320
3
530
294
791
641
829
12
103
667
560
813
729
719
577
299
326
171
669
486
30
180
846
735
357
114
977
364
552
942
520
458
338
462
799
510
767
886
635
606
825
330
910
858
25
118
102
480
695
501
798
280
63
78
325
328
793
171
638
407
363
713
676
690
472
115
564
316
721
517
551
200
276
764
255
882
137
897
149
278
565
227
905
591
515
888
487
473
766
475
688
216
34
982
313
460
465
571
70
391
932
190
53
433
337
548
28
193
608
643
55
1000
263
50
232
777
122
862
538
120
887
598
414
116
334
915
456
233
443
759
261
32
878
353
136
854
861
792
437
816
822
470
22
884
989
776
987
279
803
489
556
540
312
290
703
482
491
151
389
42
659
680
399
784
508
152
124
794
358
143
119
604
647
310
809
270
73
109
725
549
625
136
547
983
144
251
610
937
453
569
9
370
165
88
138
677
711
880
945
36
894
941
80
265
172
698
833
476
448
923
567
195
374
974
215
20
837
748
683
823
786
231
224
572
292
341
763
955
159
342
390
627
72
60
723
740
523
622
141
751
687
945
901
160
808
490
772
295
126
321
365
260
919
422
613
38
828
355
700
568
913
796
951
771
423
869
343
817
226
398
988
745
531
301
929
277
877
167
913
522
275
656
181
469
356
899
249
318
975
684
344
847
642
523
821
933
439
696
45
189
288
351
773
948
104
782
84
485
891
589
661
537
755
298
49
890
765
464
528
68
925
0
939
997
57
9
581
110
658
998
275
824
650
74
246
13
516
872
524
262
922
727
976
129
781
857
445
852
410
545
762
186
543
904
969
911
378
931
924
654
177
889
354
345
863
566
303
220
105
815
615
311
920
940
237
284
916
963
91
21
319
824
481
89
686
306
827
895
525
718
820
148
214
951
668
985
394
187
720
652
419
368
10
843
278
331
554
466
968
853
135
518
587
332
281
179
175
455
143
967
862
585
728
853
385
778
467
864
82
670
624
367
662
874
194
836
69
777
339
293
788
444
826
418
131
500
166
758
850
256
775
241
98
411
651
660
71
1
761
2
893
483
519
145
949
717
883
209
400
746
258
730
950
209
121
208
15
19
582
666
16
24
649
403
29
434
272
555
701
956
40
291
268
612
363
849
957
675
451
176
61
6
347
191
648
431
928
86
532
691
558
37
267
362
752
375
733
741
839
203
269
681
856
926
712
834
100
33
943
94
539
49
247
724
162
428
596
392
432
452
168
406
865
218
829
304
576
673
709
359
239
645
581
440
41
907
553
369
914
743
409
507
54
842
954
657
716
245
995
371
629
75
228
99
113
750
583
800
349
153
529
590
51
111
605
14
575
505
256
930
497
95
478
396
252
838
190
327
182
693
563
395
421
855
287
8
23
511
488
67
302
946
780
506
947
921
202
146
5
235
679
174
770
59
557
934
333
210
602
938
173
459
425
449
43
309
446
978
958
961
348
87
427
323
965
79
753
147
230
973
56
130
876
707
593
694
802
644
496
732
646
322
756
133
274
648
377
402
875
380
580
264
66
573
672
379
250
810
892
242
503
183
229
739
424
633
207
699
123
283
514
708
266
599
626
441
4
706
664
671
435
670
996
315
867
860
447
128
132
308
578
588
150
632
461
628
471
561
900
970
248
96
77
296
603
185
902
65
972
169
199
840
361
616
154
64
497
536
738
841
430
631
196
350
921
769
257
134
430
630
498
285
420
188
211
454
594
140
253
544
845
614
142
282
30
436
205
383
595
600
170
221
737
404
240
953
366
297
48
352
534
512
898
665
236
