105325
59197
112144
51556
933190
158784
35883
435972
50686
1334687
195267
380819
406099
280052
975563
436226
890393
170960
1370784
133561
171031
55863
101255
14362
829184
1582046
1484264
16341
807973
78054
958381
542159
1304635
180991
970637
41999
517458
1221604
683320
1104537
261383
717686
598100
1416495
11677
282565
1117733
370760
717391
615761
1777803
974354
3537
51035
1118733
1129953
28868
1619474
14456
36852
91905
201073
23924
1083967
227088
925523
680523
16611
263551
200706
183934
847189
775193
1943016
24914
92883
288538
26709
277301
653474
16438
3829
38037
133412
585888
680356
771684
830663
456615
32501
1613535
72705
233535
1966788
308013
770639
4756
2308
84718
141102
928412
32448
652664
49340
70602
320805
243057
320022
457714
275789
210801
237806
410947
783637
61795
263973
149298
646764
474666
554124
1194916
11873
776471
223110
576173
436219
1017917
149842
46774
1020809
169265
675127
1494523
157451
193413
300037
301135
900077
654019
25549
36590
99862
207582
11860
503413
25035
50533
437598
473130
1493709
164777
3645
664455
