1823597
197203
21699
175963
570111
470229
303166
229287
192348
2028562
252668
394988
61872
21127
134403
104247
42485
2280183
293660
124934
1215813
373836
440898
1235115
1293424
56423
1295353
365680
297979
868361
163417
399167
74938
1116399
8435
157273
8984
274390
237772
272386
225625
662636
26750
167993
545305
378219
60927
1953501
161919
665676
114816
263857
420264
286352
494028
103735
229221
67726
232715
183921
61854
92630
179263
157721
74112
526936
46201
746072
156065
1152580
84283
47460
16122
181465
377990
137035
512564
312162
500286
328467
222045
78444
79789
86391
99718
92020
40820
1155915
71387
449018
930115
135509
1574516
98518
70161
208937
255500
24807
465109
43981
87971
18099
111239
524596
249248
758116
33847
198332
467122
260871
834913
584391
829625
90488
51114
1913523
190528
854431
725547
425568
356911
68467
148184
57477
391390
458058
149426
275975
352170
1434659
1360265
222945
2019214
294635
37251
509292
776056
657663
124163
1105154
418706
47646
199621
516453
1032074
281873
741048
53411
561055
666135
153235
1149383
202283
207400
726279
245965
36802
87918
112681
228630
140001
244666
