14363
870589
114302
336536
647859
37425
309953
5476
54593
26241
1066943
293695
825922
77428
168824
445268
302629
167361
60977
192926
16835
8339
254064
127528
297700
601960
1047285
295511
159807
787503
386139
15538
363561
7732
48601
71036
551408
53622
404340
26772
105149
1051377
158780
116096
82100
23964
303703
306785
212130
154911
55575
118687
46581
414968
269982
183647
816653
312782
389177
120268
80399
1173243
71568
296984
274057
27536
1945
520040
36076
53562
868683
85121
1013699
828876
786135
118293
118727
723382
88782
318382
16943
18726
59397
659914
358406
125865
84613
649286
297346
412692
31385
264478
76394
48087
193164
233595
287732
224067
153104
413521
228058
123170
38471
137636
183683
102908
44981
783985
88279
154487
268495
421094
1348401
181365
8419
402775
121884
112178
47394
150965
422208
10243
33935
253873
151872
134403
322249
626353
13207
334823
508662
198450
473193
298873
95664
101800
62755
298265
1291855
1087232
682528
18535
12092
167586
485553
691749
1264936
734180
659876
58650
79298
15781
584073
473610
137143
199938
30620
263996
260069
467846
273142
861274
138957
32394
229756
77563
16378
445813
45623
315364
31594
56921
252432
381483
55203
514261
290758
293677
131824
81147
870498
12318
98941
26500
24501
190928
340872
60042
67466
252615
