534378
118237
722416
755960
46226
278303
1069449
274897
786466
750066
128742
92273
96193
322233
169820
1034147
95814
163147
201136
110267
371999
1921458
1143732
59427
198997
66930
96257
87835
207365
734593
613806
439424
280460
15493
1267333
33718
982286
583080
238646
1588774
5274
762
53522
849040
733901
762531
381355
1408821
1322757
154181
46671
674144
167925
32249
31666
99342
63011
274627
62854
18666
1494501
81211
267063
1126948
1935047
544766
30599
629384
242911
163242
564400
159553
566798
28338
22252
1399079
116317
104051
64194
129353
369365
218632
51094
61242
202604
398276
116552
567477
1037659
43549
682821
899430
83140
69700
534917
844728
261749
217361
32784
1005046
76442
95791
137532
580978
3955
411058
393506
15053
456253
