0 0
0 1
0 2
0 3
0 4
0 5
0 6
0 7
0 8
0 9
1 9
2 9
2 10
3 10
4 10
5 10
6 10
7 10
8 10
9 10
9 11
9 12
10 12
10 13
10 14
10 15
11 15
11 16
11 17
12 17
13 17
14 17
14 18
15 18
16 18
17 18
18 18
19 18
19 19
20 19
20 20
20 21
20 22
21 22
22 22
23 22
24 22
25 22
26 22
26 23
26 24
26 25
27 25
28 25
29 25
30 25
31 25
31 26
31 27
32 27
33 27
34 27
35 27
36 27
37 27
38 27
39 27
39 28
39 29
40 29
41 29
41 30
42 30
42 31
42 32
42 33
42 34
42 35
42 36
42 37
42 38
42 39
42 40
42 41
42 42
43 42
43 43
43 44
44 44
44 45
44 46
44 47
45 47
45 48
45 49
45 50
45 51
45 52
46 52
46 53
47 53
48 53
49 53
50 53
50 54
50 55
51 55
51 56
51 57
51 58
51 59
52 59
53 59
54 59
54 60
54 61
54 62
55 62
55 63
55 64
55 65
55 66
55 67
55 68
55 69
55 70
55 71
56 71
57 71
57 72
57 73
57 74
58 74
59 74
60 74
61 74
61 75
62 75
63 75
64 75
65 75
65 76
66 76
67 76
68 76
69 76
70 76
70 77
71 77
72 77
73 77
73 78
73 79
74 79
75 79
76 79
77 79
77 80
77 81
78 81
78 82
78 83
79 83
79 84
79 85
79 86
80 86
81 86
81 87
81 88
81 89
81 90
82 90
83 90
84 90
85 90
86 90
87 90
87 91
88 91
88 92
88 93
89 93
90 93
91 93
92 93
92 94
93 94
94 94
94 95
95 95
95 96
95 97
95 98
95 99
95 100
95 101
95 102
95 103
95 104
95 105
95 106
96 106
97 106
98 106
99 106
99 107
100 107
101 107
101 108
102 108
102 109
102 110
102 111
102 112
103 112
103 113
103 114
103 115
103 116
104 116
105 116
105 117
105 118
105 119
105 120
106 120
107 120
108 120
108 121
108 122
108 123
108 124
109 124
109 125
110 125
111 125
112 125
112 126
112 127
113 127
114 127
115 127
115 128
115 129
116 129
117 129
118 129
119 129
120 129
121 129
121 130
122 130
123 130
124 130
125 130
125 131
126 131
126 132
127 132
128 132
128 133
129 133
130 133
131 133
132 133
133 133
133 134
134 134
135 134
135 135
135 136
135 137
136 137
137 137
137 138
138 138
139 138
139 139
139 140
140 140
140 141
140 142
140 143
140 144
141 144
142 144
143 144
144 144
144 145
145 145
146 145
146 146
147 146
147 147
147 148
147 149
148 149
148 150
148 151
148 152
148 153
149 153
150 153
151 153
152 153
153 153
154 153
155 153
156 153
156 154
157 154
157 155
158 155
159 155
159 156
159 157
159 158
159 159
160 159
160 160
160 161
160 162
160 163
160 164
161 164
162 164
163 164
163 165
163 166
163 167
163 168
164 168
165 168
165 169
166 169
166 170
166 171
166 172
167 172
168 172
168 173
168 174
168 175
168 176
168 177
168 178
168 179
168 180
168 181
168 182
169 182
170 182
171 182
171 183
171 184
171 185
172 185
173 185
173 186
173 187
173 188
173 189
173 190
174 190
174 191
174 192
174 193
174 194
174 195
174 196
175 196
176 196
177 196
177 197
177 198
177 199
177 200
178 200
179 200
179 201
179 202
179 203
179 204
179 205
180 205
181 205
181 206
181 207
181 208
181 209
181 210
181 211
182 211
183 211
183 212
183 213
184 213
184 214
184 215
184 216
184 217
184 218
185 218
185 219
185 220
186 220
187 220
187 221
188 221
189 221
189 222
189 223
189 224
190 224
191 224
191 225
191 226
191 227
191 228
191 229
191 230
191 231
192 231
192 232
192 233
192 234
192 235
192 236
192 237
192 238
192 239
192 240
192 241
192 242
193 242
194 242
194 243
195 243
196 243
197 243
198 243
199 243
200 243
201 243
202 243
203 243
204 243
204 244
205 244
206 244
206 245
206 246
206 247
207 247
208 247
208 248
209 248
210 248
211 248
212 248
213 248
214 248
215 248
215 249
215 250
216 250
217 250
218 250
218 251
219 251
220 251
221 251
222 251
222 252
222 253
222 254
222 255
223 255
224 255
224 256
225 256
225 257
225 258
226 258
227 258
228 258
229 258
230 258
230 259
231 259
232 259
232 260
233 260
234 260
235 260
236 260
236 261
237 261
237 262
238 262
239 262
240 262
241 262
242 262
243 262
243 263
243 264
244 264
245 264
246 264
247 264
247 265
248 265
248 266
248 267
249 267
250 267
251 267
252 267
253 267
253 268
254 268
255 268
256 268
257 268
258 268
259 268
260 268
261 268
262 268
263 268
263 269
263 270
263 271
264 271
265 271
265 272
266 272
267 272
268 272
269 272
269 273
270 273
270 274
270 275
271 275
271 276
271 277
271 278
271 279
272 279
273 279
273 280
274 280
275 280
276 280
277 280
277 281
277 282
277 283
277 284
277 285
278 285
279 285
280 285
281 285
282 285
283 285
284 285
285 285
285 286
285 287
286 287
287 287
287 288
288 288
288 289
288 290
289 290
290 290
290 291
290 292
290 293
290 294
291 294
291 295
291 296
292 296
293 296
294 296
295 296
296 296
296 297
296 298
296 299
296 300
296 301
296 302
296 303
296 304
297 304
298 304
298 305
298 306
299 306
299 307
300 307
300 308
301 308
302 308
302 309
303 309
304 309
305 309
306 309
307 309
307 310
308 310
309 310
310 310
311 310
312 310
313 310
314 310
314 311
315 311
316 311
317 311
317 312
318 312
318 313
318 314
318 315
318 316
319 316
319 317
319 318
319 319
320 319
320 320
320 321
320 322
321 322
322 322
323 322
324 322
325 322
326 322
326 323
327 323
327 324
328 324
328 325
328 326
329 326
330 326
331 326
332 326
333 326
334 326
334 327
334 328
335 328
336 328
336 329
336 330
336 331
336 332
336 333
337 333
337 334
337 335
337 336
337 337
337 338
337 339
338 339
339 339
340 339
340 340
340 341
340 342
340 343
341 343
341 344
342 344
343 344
343 345
344 345
345 345
345 346
346 346
346 347
346 348
347 348
348 348
349 348
349 349
