0 0
1 0
1 1
1 2
2 2
3 2
3 3
3 4
3 5
4 5
4 6
5 6
6 6
7 6
7 7
7 8
8 8
8 9
8 10
8 11
9 11
10 11
11 11
12 11
13 11
14 11
15 11
16 11
16 12
16 13
15 13
15 14
15 15
15 16
16 16
16 17
16 18
16 19
17 19
18 19
19 19
19 20
19 21
20 21
21 21
22 21
22 22
23 22
23 23
23 24
24 24
24 25
25 25
26 25
26 26
26 27
26 28
27 28
28 28
29 28
29 29
30 29
31 29
32 29
32 30
33 30
34 30
35 30
35 31
35 32
35 33
36 33
36 34
36 35
36 36
37 36
37 37
37 38
37 39
37 40
37 41
38 41
39 41
39 42
39 43
39 44
39 45
39 46
39 47
39 48
39 49
40 49
41 49
42 49
43 49
43 50
44 50
45 50
45 51
45 52
46 52
47 52
48 52
49 52
50 52
50 53
50 54
51 54
52 54
53 54
53 55
54 55
54 56
54 57
55 57
55 58
55 59
55 60
55 61
55 62
55 63
55 64
55 65
55 66
55 67
55 68
55 69
56 69
57 69
58 69
59 69
59 70
60 70
61 70
61 71
61 72
62 72
63 72
64 72
65 72
66 72
66 73
66 74
66 75
66 76
67 76
67 77
67 78
67 79
67 80
68 80
68 81
69 81
70 81
70 82
70 83
70 84
70 85
70 86
70 87
70 88
71 88
72 88
72 89
72 90
73 90
74 90
74 91
75 91
76 91
77 91
78 91
79 91
80 91
80 92
81 92
82 92
82 93
83 93
83 94
83 95
84 95
85 95
86 95
87 95
87 96
87 97
87 98
87 99
88 99
88 100
88 101
88 102
88 103
88 104
88 105
88 106
88 107
88 108
89 108
90 108
91 108
92 108
93 108
93 109
93 110
93 111
93 112
94 112
94 113
95 113
96 113
96 114
97 114
97 115
98 115
98 116
98 117
99 117
99 118
99 119
99 120
99 121
100 121
100 122
100 123
100 124
101 124
102 124
102 125
102 126
103 126
104 126
104 127
104 128
104 129
104 130
104 131
104 132
104 133
104 134
105 134
106 134
106 135
107 135
108 135
108 136
108 137
108 138
108 139
108 140
108 141
108 142
108 143
108 144
108 145
108 146
108 147
108 148
108 149
108 150
109 150
109 151
109 152
109 153
109 154
109 155
109 156
110 156
110 157
111 157
111 158
111 159
111 160
111 161
112 161
113 161
114 161
114 162
115 162
116 162
117 162
118 162
119 162
120 162
121 162
121 163
122 163
122 164
122 165
122 166
123 166
123 167
123 168
123 169
124 169
125 169
125 170
126 170
127 170
127 171
128 171
128 172
128 173
128 174
128 175
129 175
129 176
129 177
130 177
131 177
132 177
133 177
134 177
134 178
135 178
135 179
136 179
137 179
138 179
139 179
139 180
140 180
141 180
142 180
142 181
142 182
142 183
142 184
142 185
142 186
143 186
143 187
143 188
143 189
144 189
144 190
145 190
145 191
145 192
145 193
145 194
145 195
145 196
145 197
145 198
146 198
146 199
146 200
146 201
146 202
147 202
147 203
148 203
149 203
149 204
150 204
150 205
150 206
151 206
151 207
152 207
153 207
154 207
154 208
154 209
154 210
154 211
154 212
155 212
156 212
156 213
156 214
157 214
157 215
158 215
159 215
160 215
161 215
161 216
161 217
161 218
162 218
163 218
164 218
164 219
164 220
165 220
166 220
166 221
167 221
168 221
169 221
169 222
170 222
170 223
170 224
170 225
170 226
170 227
170 228
170 229
170 230
170 231
170 232
170 233
170 234
170 235
170 236
170 237
170 238
171 238
172 238
172 239
173 239
173 240
173 241
173 242
173 243
173 244
173 245
173 246
173 247
173 248
173 249
173 250
173 251
173 252
173 253
173 254
174 254
174 255
175 255
176 255
177 255
178 255
178 256
178 257
178 258
179 258
180 258
181 258
181 259
182 259
183 259
184 259
184 260
185 260
186 260
187 260
188 260
189 260
190 260
191 260
192 260
193 260
194 260
195 260
196 260
196 261
197 261
198 261
198 262
198 263
199 263
200 263
201 263
202 263
203 263
204 263
205 263
206 263
207 263
207 264
208 264
208 265
208 266
209 266
210 266
211 266
212 266
213 266
214 266
214 267
214 268
215 268
216 268
216 269
217 269
218 269
219 269
220 269
221 269
222 269
223 269
223 270
224 270
225 270
225 271
226 271
226 272
226 273
226 274
226 275
227 275
228 275
228 276
229 276
230 276
231 276
231 277
232 277
233 277
234 277
235 277
235 278
235 279
235 280
235 281
236 281
237 281
238 281
239 281
240 281
241 281
242 281
243 281
243 282
244 282
245 282
246 282
247 282
248 282
249 282
249 283
250 283
251 283
252 283
252 284
253 284
254 284
254 285
254 286
255 286
256 286
257 286
258 286
259 286
260 286
261 286
262 286
263 286
264 286
265 286
266 286
266 287
266 288
266 289
267 289
268 289
269 289
270 289
270 290
271 290
272 290
273 290
274 290
274 291
274 292
274 293
274 294
275 294
276 294
277 294
278 294
279 294
279 295
280 295
281 295
282 295
282 296
283 296
284 296
285 296
286 296
286 297
286 298
286 299
286 300
286 301
287 301
288 301
289 301
290 301
291 301
292 301
293 301
294 301
295 301
296 301
296 302
297 302
298 302
299 302
299 303
299 304
300 304
300 305
300 306
300 307
301 307
302 307
303 307
304 307
304 308
305 308
305 309
306 309
307 309
308 309
309 309
