0 0
1 0
1 1
1 2
1 3
2 3
3 3
4 3
4 4
4 5
5 5
5 6
6 6
6 7
6 8
6 9
7 9
7 10
7 11
7 12
7 13
7 14
7 15
7 16
7 17
7 18
7 19
7 20
7 21
7 22
7 23
7 24
7 25
7 26
7 27
8 27
8 28
8 29
9 29
10 29
10 30
11 30
11 31
11 32
11 33
11 34
11 35
12 35
13 35
14 35
14 36
14 37
14 38
14 39
14 40
15 40
15 41
15 42
15 43
16 43
17 43
18 43
19 43
20 43
20 44
21 44
21 45
22 45
23 45
24 45
25 45
26 45
27 45
28 45
29 45
30 45
31 45
32 45
32 46
32 47
32 48
33 48
34 48
35 48
36 48
37 48
38 48
39 48
39 49
39 50
39 51
39 52
40 52
40 53
40 54
40 55
40 56
40 57
41 57
42 57
42 58
42 59
42 60
43 60
44 60
44 61
44 62
44 63
45 63
46 63
47 63
47 64
47 65
48 65
48 66
48 67
48 68
48 69
48 70
48 71
48 72
48 73
49 73
50 73
50 74
50 75
50 76
50 77
50 78
51 78
52 78
53 78
54 78
54 79
54 80
55 80
56 80
56 81
56 82
56 83
56 84
56 85
57 85
58 85
58 86
58 87
58 88
58 89
58 90
59 90
59 91
59 92
59 93
59 94
59 95
59 96
59 97
60 97
61 97
62 97
63 97
64 97
64 98
64 99
64 100
64 101
64 102
64 103
64 104
64 105
65 105
66 105
66 106
66 107
66 108
66 109
67 109
67 110
67 111
67 112
67 113
68 113
68 114
69 114
70 114
71 114
72 114
73 114
74 114
74 115
74 116
74 117
74 118
74 119
74 120
74 121
74 122
74 123
75 123
75 124
75 125
75 126
75 127
75 128
75 129
75 130
75 131
75 132
76 132
77 132
78 132
78 133
79 133
79 134
79 135
79 136
79 137
79 138
80 138
81 138
81 139
81 140
81 141
81 142
81 143
81 144
81 145
81 146
81 147
81 148
81 149
82 149
82 150
83 150
83 151
83 152
83 153
84 153
84 154
84 155
84 156
85 156
86 156
87 156
87 157
87 158
87 159
87 160
87 161
87 162
87 163
88 163
89 163
89 164
90 164
91 164
91 165
91 166
91 167
91 168
92 168
93 168
93 169
94 169
94 170
95 170
96 170
96 171
96 172
97 172
97 173
97 174
97 175
97 176
97 177
97 178
97 179
97 180
97 181
98 181
98 182
98 183
99 183
99 184
99 185
99 186
99 187
100 187
100 188
100 189
100 190
100 191
101 191
102 191
102 192
102 193
102 194
102 195
103 195
104 195
105 195
106 195
106 196
107 196
108 196
109 196
110 196
111 196
112 196
113 196
113 197
114 197
115 197
116 197
116 198
117 198
117 199
117 200
117 201
118 201
119 201
119 202
119 203
119 204
119 205
119 206
120 206
120 207
120 208
120 209
121 209
121 210
122 210
123 210
124 210
124 211
124 212
124 213
124 214
124 215
124 216
125 216
126 216
126 217
126 218
126 219
126 220
126 221
126 222
126 223
127 223
127 224
128 224
128 225
128 226
129 226
130 226
131 226
131 227
132 227
132 228
132 229
132 230
133 230
134 230
134 231
134 232
134 233
134 234
134 235
134 236
134 237
134 238
135 238
136 238
137 238
138 238
139 238
139 239
140 239
140 240
140 241
141 241
141 242
141 243
141 244
141 245
141 246
141 247
142 247
143 247
143 248
144 248
144 249
144 250
144 251
144 252
145 252
146 252
146 253
146 254
146 255
146 256
146 257
147 257
148 257
149 257
149 258
150 258
151 258
152 258
153 258
153 259
153 260
154 260
155 260
156 260
156 261
156 262
157 262
157 263
157 264
158 264
159 264
159 265
159 266
159 267
159 268
159 269
159 270
159 271
159 272
159 273
159 274
159 275
159 276
160 276
160 277
161 277
162 277
162 278
162 279
162 280
162 281
163 281
164 281
165 281
166 281
167 281
168 281
168 282
168 283
168 284
168 285
168 286
169 286
170 286
170 287
171 287
172 287
173 287
174 287
175 287
175 288
175 289
175 290
175 291
175 292
175 293
175 294
175 295
176 295
176 296
176 297
177 297
177 298
177 299
177 300
177 301
178 301
178 302
178 303
179 303
180 303
180 304
180 305
181 305
182 305
182 306
182 307
183 307
184 307
184 308
184 309
184 310
184 311
184 312
184 313
184 314
184 315
184 316
185 316
186 316
187 316
188 316
189 316
190 316
190 317
190 318
190 319
190 320
190 321
190 322
190 323
191 323
191 324
192 324
193 324
194 324
195 324
196 324
196 325
196 326
196 327
196 328
197 328
197 329
198 329
199 329
200 329
200 330
200 331
200 332
200 333
201 333
202 333
202 334
202 335
203 335
203 336
203 337
203 338
203 339
203 340
203 341
203 342
203 343
203 344
204 344
204 345
205 345
206 345
206 346
207 346
208 346
209 346
209 347
209 348
209 349
210 349
211 349
211 350
211 351
212 351
212 352
212 353
212 354
213 354
214 354
215 354
216 354
216 355
217 355
218 355
218 356
219 356
219 357
219 358
219 359
219 360
219 361
219 362
219 363
219 364
219 365
220 365
220 366
220 367
221 367
221 368
221 369
221 370
221 371
221 372
221 373
221 374
221 375
221 376
222 376
222 377
222 378
223 378
223 379
223 380
223 381
224 381
225 381
225 382
226 382
227 382
227 383
228 383
229 383
230 383
231 383
232 383
232 384
232 385
232 386
232 387
233 387
233 388
234 388
234 389
235 389
235 390
235 391
235 392
236 392
237 392
237 393
237 394
237 395
237 396
237 397
237 398
238 398
238 399
238 400
239 400
239 401
239 402
240 402
240 403
240 404
241 404
241 405
241 406
241 407
241 408
241 409
242 409
243 409
243 410
244 410
245 410
246 410
246 411
246 412
246 413
246 414
247 414
248 414
248 415
249 415
249 416
249 417
249 418
249 419
249 420
249 421
249 422
249 423
249 424
250 424
251 424
252 424
253 424
254 424
254 425
254 426
255 426
255 427
255 428
255 429
255 430
255 431
256 431
256 432
257 432
257 433
257 434
257 435
257 436
257 437
257 438
257 439
257 440
257 441
257 442
257 443
258 443
258 444
258 445
258 446
258 447
258 448
258 449
258 450
258 451
258 452
258 453
258 454
258 455
259 455
259 456
260 456
261 456
262 456
262 457
262 458
262 459
263 459
263 460
264 460
264 461
264 462
264 463
264 464
264 465
264 466
265 466
265 467
265 468
265 469
265 470
265 471
266 471
266 472
266 473
266 474
267 474
267 475
268 475
268 476
268 477
268 478
268 479
269 479
270 479
270 480
270 481
270 482
270 483
270 484
270 485
271 485
272 485
272 486
272 487
272 488
272 489
273 489
273 490
273 491
273 492
273 493
274 493
274 494
274 495
274 496
275 496
276 496
277 496
277 497
277 498
278 498
278 499
278 500
279 500
279 501
280 501
280 502
280 503
281 503
282 503
283 503
283 504
283 505
284 505
284 506
284 507
284 508
284 509
285 509
285 510
285 511
286 511
287 511
287 512
288 512
289 512
290 512
291 512
292 512
293 512
293 513
294 513
295 513
296 513
296 514
297 514
298 514
299 514
299 515
299 516
300 516
301 516
302 516
302 517
303 517
304 517
304 518
304 519
305 519
306 519
307 519
307 520
307 521
307 522
308 522
308 523
308 524
308 525
309 525
309 526
309 527
310 527
311 527
312 527
312 528
312 529
312 530
312 531
312 532
312 533
312 534
313 534
313 535
314 535
314 536
314 537
315 537
315 538
315 539
316 539
317 539
318 539
318 540
318 541
318 542
318 543
318 544
319 544
320 544
321 544
322 544
323 544
324 544
324 545
324 546
325 546
326 546
327 546
328 546
328 547
329 547
330 547
331 547
332 547
333 547
333 548
333 549
334 549
335 549
335 550
336 550
336 551
336 552
336 553
336 554
336 555
336 556
336 557
336 558
336 559
337 559
337 560
337 561
338 561
339 561
340 561
341 561
342 561
342 562
343 562
344 562
345 562
346 562
347 562
348 562
349 562
350 562
351 562
352 562
353 562
354 562
354 563
354 564
354 565
354 566
354 567
355 567
356 567
357 567
358 567
359 567
360 567
361 567
362 567
363 567
363 568
364 568
365 568
366 568
367 568
367 569
368 569
369 569
370 569
371 569
372 569
372 570
373 570
374 570
375 570
376 570
377 570
378 570
379 570
380 570
381 570
382 570
383 570
384 570
384 571
385 571
386 571
387 571
388 571
388 572
389 572
389 573
389 574
390 574
390 575
390 576
391 576
392 576
393 576
394 576
395 576
396 576
397 576
398 576
399 576
400 576
401 576
401 577
401 578
402 578
403 578
404 578
405 578
406 578
406 579
407 579
408 579
408 580
408 581
408 582
408 583
408 584
408 585
408 586
409 586
410 586
411 586
412 586
413 586
414 586
415 586
416 586
417 586
418 586
418 587
418 588
418 589
419 589
420 589
421 589
422 589
422 590
422 591
422 592
423 592
424 592
425 592
426 592
426 593
426 594
426 595
426 596
427 596
427 597
427 598
428 598
429 598
429 599
429 600
429 601
430 601
431 601
431 602
432 602
433 602
434 602
435 602
436 602
436 603
436 604
437 604
437 605
437 606
437 607
438 607
439 607
440 607
441 607
442 607
443 607
443 608
443 609
443 610
444 610
445 610
446 610
447 610
448 610
449 610
449 611
449 612
449 613
449 614
449 615
449 616
449 617
449 618
449 619
450 619
451 619
452 619
453 619
454 619
455 619
456 619
457 619
458 619
459 619
460 619
460 620
460 621
460 622
460 623
461 623
462 623
463 623
463 624
464 624
465 624
466 624
467 624
467 625
468 625
468 626
469 626
469 627
470 627
471 627
472 627
473 627
474 627
475 627
476 627
477 627
478 627
479 627
480 627
481 627
481 628
481 629
481 630
481 631
482 631
483 631
483 632
484 632
484 633
484 634
484 635
484 636
484 637
485 637
486 637
487 637
488 637
488 638
489 638
490 638
491 638
492 638
492 639
493 639
494 639
495 639
496 639
497 639
497 640
498 640
499 640
500 640
500 641
501 641
502 641
503 641
503 642
503 643
504 643
505 643
506 643
506 644
507 644
508 644
509 644
510 644
510 645
511 645
512 645
512 646
512 647
513 647
514 647
515 647
516 647
517 647
518 647
519 647
520 647
520 648
520 649
521 649
521 650
522 650
523 650
523 651
523 652
524 652
525 652
526 652
527 652
528 652
529 652
530 652
531 652
532 652
533 652
534 652
535 652
536 652
536 653
536 654
537 654
537 655
537 656
538 656
539 656
540 656
541 656
542 656
543 656
544 656
544 657
545 657
545 658
545 659
546 659
547 659
547 660
548 660
549 660
549 661
549 662
549 663
550 663
550 664
550 665
551 665
551 666
552 666
553 666
554 666
554 667
555 667
555 668
556 668
557 668
558 668
559 668
559 669
560 669
560 670
561 670
562 670
563 670
563 671
563 672
563 673
564 673
564 674
564 675
565 675
565 676
565 677
566 677
566 678
567 678
568 678
569 678
570 678
570 679
570 680
571 680
572 680
573 680
573 681
574 681
575 681
575 682
576 682
577 682
577 683
577 684
578 684
579 684
580 684
581 684
582 684
582 685
582 686
583 686
583 687
584 687
585 687
585 688
586 688
586 689
586 690
586 691
586 692
587 692
587 693
587 694
587 695
587 696
588 696
588 697
589 697
589 698
589 699
590 699
590 700
590 701
590 702
590 703
590 704
591 704
591 705
592 705
593 705
594 705
595 705
596 705
597 705
598 705
599 705
599 706
600 706
601 706
601 707
602 707
602 708
602 709
602 710
602 711
603 711
604 711
604 712
605 712
606 712
606 713
606 714
606 715
606 716
606 717
606 718
606 719
606 720
607 720
607 721
607 722
608 722
609 722
609 723
609 724
609 725
610 725
611 725
612 725
613 725
613 726
614 726
615 726
615 727
616 727
616 728
616 729
616 730
617 730
618 730
619 730
620 730
621 730
622 730
622 731
622 732
622 733
622 734
622 735
622 736
623 736
624 736
624 737
624 738
625 738
626 738
627 738
627 739
627 740
628 740
629 740
629 741
630 741
631 741
631 742
631 743
632 743
633 743
633 744
633 745
633 746
633 747
633 748
633 749
634 749
634 750
634 751
634 752
634 753
635 753
635 754
635 755
635 756
635 757
635 758
635 759
636 759
636 760
637 760
637 761
638 761
639 761
639 762
640 762
641 762
642 762
643 762
644 762
644 763
644 764
645 764
645 765
645 766
646 766
647 766
648 766
649 766
650 766
651 766
651 767
652 767
653 767
654 767
655 767
656 767
657 767
658 767
659 767
660 767
661 767
662 767
663 767
664 767
664 768
665 768
666 768
667 768
668 768
668 769
669 769
670 769
671 769
671 770
672 770
673 770
674 770
675 770
675 771
676 771
677 771
678 771
678 772
679 772
680 772
681 772
682 772
683 772
683 773
684 773
685 773
686 773
687 773
688 773
689 773
690 773
691 773
692 773
693 773
694 773
694 774
695 774
696 774
697 774
698 774
698 775
699 775
700 775
701 775
702 775
703 775
704 775
705 775
706 775
707 775
708 775
709 775
710 775
711 775
711 776
712 776
712 777
712 778
713 778
714 778
715 778
715 779
716 779
716 780
717 780
717 781
717 782
717 783
718 783
719 783
719 784
719 785
720 785
721 785
722 785
723 785
724 785
725 785
726 785
726 786
727 786
728 786
729 786
730 786
731 786
732 786
732 787
732 788
732 789
733 789
734 789
735 789
736 789
737 789
738 789
739 789
739 790
740 790
741 790
742 790
743 790
744 790
745 790
746 790
747 790
748 790
749 790
750 790
751 790
752 790
753 790
753 791
753 792
754 792
755 792
756 792
757 792
758 792
759 792
760 792
761 792
762 792
763 792
764 792
765 792
766 792
767 792
768 792
769 792
770 792
771 792
771 793
772 793
773 793
774 793
774 794
774 795
775 795
776 795
777 795
777 796
778 796
778 797
779 797
779 798
779 799
780 799
781 799
781 800
781 801
782 801
783 801
783 802
783 803
784 803
785 803
785 804
785 805
786 805
787 805
788 805
789 805
789 806
790 806
790 807
791 807
791 808
792 808
792 809
792 810
792 811
793 811
794 811
795 811
796 811
797 811
798 811
799 811
800 811
800 812
801 812
802 812
802 813
803 813
803 814
803 815
803 816
804 816
805 816
805 817
805 818
806 818
807 818
808 818
809 818
809 819
809 820
809 821
809 822
810 822
811 822
811 823
811 824
811 825
811 826
812 826
812 827
812 828
812 829
813 829
814 829
815 829
815 830
816 830
816 831
816 832
817 832
818 832
818 833
818 834
819 834
820 834
820 835
820 836
821 836
822 836
823 836
824 836
825 836
825 837
825 838
826 838
827 838
828 838
829 838
830 838
831 838
832 838
833 838
834 838
835 838
836 838
836 839
836 840
837 840
838 840
839 840
840 840
840 841
841 841
841 842
841 843
841 844
841 845
841 846
842 846
842 847
843 847
843 848
843 849
843 850
843 851
843 852
843 853
843 854
844 854
845 854
846 854
847 854
848 854
848 855
849 855
850 855
850 856
850 857
851 857
851 858
852 858
852 859
852 860
852 861
852 862
853 862
854 862
855 862
855 863
856 863
856 864
856 865
856 866
856 867
857 867
858 867
858 868
859 868
859 869
859 870
859 871
860 871
861 871
862 871
863 871
863 872
863 873
863 874
864 874
864 875
864 876
864 877
865 877
866 877
867 877
867 878
868 878
869 878
870 878
871 878
872 878
872 879
872 880
873 880
874 880
874 881
874 882
874 883
875 883
876 883
876 884
877 884
877 885
878 885
879 885
879 886
879 887
879 888
880 888
881 888
882 888
883 888
884 888
885 888
885 889
886 889
887 889
887 890
887 891
887 892
887 893
887 894
888 894
888 895
889 895
889 896
889 897
890 897
890 898
890 899
891 899
891 900
891 901
891 902
892 902
893 902
894 902
895 902
896 902
896 903
897 903
898 903
899 903
900 903
900 904
901 904
901 905
901 906
902 906
903 906
904 906
905 906
905 907
906 907
907 907
907 908
908 908
909 908
909 909
909 910
909 911
910 911
910 912
910 913
910 914
911 914
912 914
912 915
912 916
912 917
912 918
913 918
913 919
913 920
913 921
914 921
915 921
916 921
917 921
918 921
918 922
919 922
920 922
921 922
922 922
