0 0
1 0
1 1
1 2
2 2
3 2
4 2
5 2
6 2
6 3
6 4
7 4
8 4
9 4
9 5
10 5
11 5
11 6
11 7
11 8
11 9
12 9
13 9
14 9
15 9
15 10
15 11
15 12
15 13
16 13
17 13
18 13
19 13
20 13
20 14
21 14
21 15
21 16
21 17
21 18
21 19
21 20
21 21
21 22
21 23
21 24
21 25
21 26
21 27
21 28
21 29
22 29
22 30
22 31
22 32
22 33
22 34
23 34
24 34
25 34
25 35
25 36
25 37
25 38
26 38
27 38
27 39
27 40
27 41
27 42
28 42
29 42
29 43
30 43
31 43
32 43
32 44
32 45
32 46
32 47
32 48
32 49
32 50
32 51
33 51
33 52
33 53
33 54
33 55
33 56
34 56
34 57
34 58
35 58
36 58
37 58
38 58
39 58
39 59
40 59
41 59
41 60
42 60
43 60
44 60
44 61
44 62
44 63
44 64
44 65
45 65
45 66
45 67
45 68
45 69
45 70
45 71
45 72
46 72
46 73
46 74
46 75
46 76
46 77
47 77
48 77
48 78
49 78
49 79
49 80
49 81
49 82
49 83
49 84
49 85
49 86
49 87
49 88
49 89
49 90
49 91
49 92
49 93
49 94
50 94
51 94
52 94
53 94
53 95
54 95
55 95
56 95
57 95
57 96
57 97
58 97
59 97
60 97
61 97
61 98
61 99
62 99
62 100
62 101
63 101
63 102
64 102
65 102
65 103
65 104
65 105
66 105
66 106
67 106
67 107
68 107
68 108
68 109
68 110
68 111
68 112
69 112
70 112
70 113
70 114
71 114
71 115
71 116
72 116
73 116
73 117
73 118
73 119
74 119
74 120
74 121
74 122
75 122
76 122
77 122
77 123
78 123
78 124
79 124
80 124
81 124
81 125
82 125
82 126
83 126
84 126
85 126
86 126
87 126
88 126
88 127
89 127
89 128
90 128
90 129
90 130
90 131
90 132
90 133
91 133
91 134
92 134
92 135
93 135
93 136
93 137
93 138
93 139
94 139
94 140
94 141
94 142
94 143
95 143
96 143
96 144
96 145
96 146
96 147
96 148
96 149
96 150
96 151
96 152
96 153
96 154
96 155
96 156
97 156
98 156
98 157
98 158
99 158
99 159
99 160
99 161
100 161
100 162
100 163
100 164
100 165
100 166
101 166
101 167
101 168
102 168
103 168
104 168
104 169
104 170
104 171
105 171
106 171
106 172
106 173
106 174
106 175
106 176
106 177
107 177
107 178
107 179
107 180
107 181
107 182
107 183
107 184
108 184
108 185
108 186
108 187
108 188
108 189
108 190
109 190
109 191
109 192
109 193
110 193
110 194
110 195
110 196
111 196
111 197
111 198
112 198
113 198
113 199
113 200
113 201
113 202
114 202
115 202
116 202
117 202
118 202
119 202
120 202
120 203
120 204
121 204
122 204
123 204
123 205
123 206
123 207
123 208
124 208
125 208
126 208
127 208
128 208
128 209
128 210
128 211
128 212
128 213
128 214
128 215
129 215
130 215
130 216
131 216
131 217
131 218
132 218
133 218
133 219
133 220
133 221
133 222
134 222
135 222
135 223
135 224
135 225
135 226
136 226
137 226
137 227
137 228
137 229
137 230
137 231
137 232
137 233
137 234
138 234
138 235
138 236
138 237
138 238
138 239
138 240
138 241
139 241
140 241
140 242
140 243
141 243
141 244
141 245
141 246
141 247
141 248
142 248
143 248
143 249
143 250
143 251
143 252
143 253
143 254
143 255
143 256
143 257
143 258
143 259
143 260
143 261
143 262
143 263
143 264
143 265
143 266
144 266
144 267
144 268
144 269
144 270
145 270
146 270
146 271
146 272
146 273
147 273
148 273
149 273
150 273
151 273
152 273
153 273
154 273
154 274
154 275
154 276
154 277
154 278
154 279
154 280
154 281
154 282
154 283
154 284
154 285
154 286
154 287
155 287
156 287
157 287
157 288
158 288
158 289
159 289
160 289
161 289
162 289
162 290
163 290
163 291
163 292
163 293
164 293
165 293
166 293
166 294
166 295
167 295
168 295
169 295
170 295
170 296
170 297
170 298
170 299
170 300
171 300
172 300
173 300
174 300
175 300
176 300
176 301
176 302
176 303
177 303
178 303
178 304
178 305
178 306
179 306
179 307
179 308
179 309
180 309
180 310
180 311
180 312
180 313
181 313
181 314
181 315
182 315
182 316
182 317
182 318
182 319
183 319
183 320
183 321
183 322
183 323
184 323
184 324
184 325
184 326
184 327
184 328
184 329
184 330
185 330
186 330
187 330
188 330
189 330
189 331
189 332
189 333
189 334
189 335
190 335
190 336
191 336
192 336
193 336
194 336
194 337
195 337
195 338
195 339
195 340
195 341
196 341
196 342
197 342
198 342
198 343
198 344
198 345
198 346
198 347
198 348
199 348
199 349
199 350
199 351
199 352
199 353
199 354
199 355
199 356
200 356
201 356
202 356
202 357
202 358
202 359
202 360
203 360
203 361
203 362
203 363
204 363
204 364
204 365
204 366
205 366
206 366
207 366
208 366
209 366
209 367
210 367
210 368
210 369
211 369
212 369
213 369
214 369
214 370
215 370
216 370
216 371
216 372
217 372
217 373
217 374
217 375
217 376
218 376
218 377
218 378
219 378
219 379
219 380
220 380
221 380
222 380
223 380
223 381
224 381
225 381
225 382
225 383
225 384
225 385
225 386
225 387
226 387
226 388
226 389
226 390
226 391
226 392
227 392
228 392
229 392
230 392
231 392
231 393
231 394
231 395
231 396
232 396
233 396
233 397
234 397
234 398
234 399
234 400
234 401
234 402
235 402
235 403
235 404
235 405
236 405
237 405
238 405
239 405
239 406
240 406
240 407
241 407
242 407
243 407
244 407
245 407
245 408
246 408
246 409
247 409
248 409
248 410
249 410
250 410
250 411
251 411
252 411
253 411
253 412
254 412
255 412
256 412
256 413
256 414
256 415
257 415
258 415
259 415
260 415
260 416
261 416
262 416
263 416
263 417
264 417
265 417
266 417
267 417
268 417
269 417
269 418
270 418
271 418
271 419
272 419
273 419
274 419
275 419
275 420
275 421
275 422
276 422
276 423
276 424
277 424
278 424
279 424
280 424
281 424
282 424
283 424
284 424
284 425
285 425
286 425
286 426
287 426
288 426
289 426
290 426
291 426
291 427
292 427
293 427
294 427
295 427
295 428
295 429
296 429
297 429
298 429
299 429
299 430
299 431
300 431
301 431
301 432
301 433
302 433
303 433
303 434
304 434
305 434
306 434
306 435
307 435
308 435
309 435
310 435
310 436
311 436
311 437
312 437
313 437
314 437
315 437
315 438
315 439
316 439
317 439
318 439
319 439
320 439
321 439
322 439
323 439
323 440
323 441
323 442
324 442
325 442
326 442
327 442
328 442
328 443
329 443
330 443
331 443
331 444
331 445
331 446
332 446
333 446
334 446
334 447
334 448
334 449
335 449
336 449
337 449
338 449
339 449
340 449
341 449
342 449
343 449
344 449
345 449
346 449
347 449
348 449
349 449
350 449
350 450
351 450
352 450
353 450
354 450
355 450
355 451
356 451
357 451
357 452
357 453
358 453
358 454
359 454
360 454
361 454
362 454
363 454
364 454
365 454
366 454
367 454
367 455
367 456
367 457
367 458
368 458
369 458
370 458
371 458
371 459
372 459
373 459
374 459
375 459
376 459
377 459
378 459
379 459
380 459
381 459
382 459
383 459
384 459
384 460
385 460
386 460
387 460
388 460
389 460
390 460
391 460
392 460
392 461
393 461
394 461
395 461
396 461
397 461
398 461
398 462
399 462
400 462
400 463
400 464
401 464
402 464
402 465
402 466
403 466
404 466
405 466
405 467
406 467
407 467
408 467
409 467
409 468
409 469
410 469
410 470
411 470
412 470
413 470
414 470
415 470
416 470
417 470
418 470
419 470
420 470
421 470
422 470
423 470
424 470
425 470
426 470
427 470
428 470
429 470
430 470
430 471
430 472
431 472
432 472
432 473
433 473
434 473
434 474
435 474
436 474
436 475
436 476
437 476
438 476
439 476
439 477
439 478
439 479
440 479
441 479
441 480
441 481
441 482
441 483
441 484
441 485
442 485
442 486
443 486
444 486
445 486
446 486
446 487
447 487
448 487
449 487
450 487
451 487
452 487
453 487
453 488
453 489
454 489
455 489
456 489
457 489
457 490
458 490
459 490
460 490
460 491
461 491
462 491
463 491
463 492
464 492
464 493
465 493
465 494
466 494
467 494
468 494
468 495
468 496
468 497
469 497
470 497
471 497
471 498
472 498
473 498
473 499
474 499
475 499
475 500
476 500
477 500
478 500
478 501
479 501
480 501
481 501
482 501
483 501
483 502
483 503
483 504
483 505
484 505
485 505
486 505
487 505
488 505
489 505
490 505
491 505
491 506
491 507
491 508
492 508
493 508
493 509
494 509
495 509
495 510
495 511
496 511
497 511
498 511
499 511
499 512
500 512
501 512
502 512
503 512
503 513
503 514
503 515
503 516
503 517
504 517
505 517
506 517
506 518
506 519
507 519
507 520
508 520
509 520
510 520
511 520
512 520
513 520
513 521
514 521
515 521
516 521
516 522
516 523
516 524
517 524
517 525
518 525
519 525
520 525
520 526
521 526
522 526
522 527
522 528
523 528
524 528
524 529
525 529
526 529
527 529
527 530
528 530
529 530
529 531
530 531
531 531
532 531
532 532
