0 0
0 1
0 2
0 3
0 4
0 5
0 6
1 6
2 6
3 6
4 6
4 7
4 8
4 9
5 9
6 9
7 9
7 10
7 11
6 11
6 12
6 13
6 14
6 15
6 16
6 17
6 18
6 19
7 19
7 20
7 21
7 22
7 23
8 23
8 24
9 24
9 25
9 26
10 26
10 27
10 28
10 29
10 30
10 31
10 32
10 33
10 34
10 35
10 36
10 37
10 38
11 38
11 39
11 40
12 40
12 41
12 42
13 42
13 43
13 44
13 45
13 46
13 47
13 48
13 49
13 50
13 51
13 52
13 53
14 53
15 53
16 53
16 54
16 55
17 55
18 55
18 56
18 57
18 58
18 59
18 60
19 60
19 61
19 62
19 63
19 64
19 65
19 66
19 67
20 67
21 67
22 67
22 68
22 69
22 70
23 70
24 70
25 70
26 70
27 70
27 71
28 71
29 71
30 71
31 71
31 72
31 73
31 74
31 75
31 76
32 76
33 76
34 76
34 77
35 77
35 78
36 78
37 78
37 79
37 80
38 80
38 81
39 81
39 82
40 82
41 82
41 83
41 84
41 85
41 86
41 87
42 87
42 88
42 89
42 90
42 91
42 92
43 92
43 93
43 94
43 95
44 95
45 95
46 95
46 96
47 96
48 96
48 97
48 98
48 99
48 100
49 100
49 101
50 101
50 102
50 103
50 104
51 104
51 105
51 106
51 107
51 108
51 109
51 110
51 111
51 112
51 113
51 114
51 115
51 116
51 117
51 118
51 119
51 120
51 121
52 121
53 121
54 121
54 122
54 123
54 124
54 125
54 126
54 127
54 128
54 129
54 130
55 130
55 131
55 132
55 133
56 133
57 133
58 133
58 134
58 135
59 135
59 136
59 137
59 138
59 139
59 140
59 141
59 142
59 143
59 144
59 145
60 145
60 146
61 146
61 147
61 148
61 149
62 149
62 150
62 151
62 152
63 152
64 152
65 152
66 152
67 152
67 153
67 154
68 154
69 154
69 155
69 156
69 157
70 157
70 158
70 159
70 160
70 161
70 162
70 163
70 164
70 165
70 166
70 167
70 168
70 169
71 169
71 170
71 171
72 171
72 172
72 173
72 174
73 174
74 174
74 175
75 175
75 176
76 176
76 177
76 178
76 179
76 180
76 181
76 182
77 182
78 182
78 183
79 183
79 184
79 185
79 186
80 186
80 187
81 187
82 187
83 187
83 188
83 189
83 190
84 190
85 190
85 191
86 191
87 191
88 191
88 192
88 193
88 194
89 194
90 194
91 194
92 194
93 194
94 194
95 194
96 194
96 195
96 196
96 197
96 198
96 199
97 199
97 200
98 200
98 201
98 202
98 203
99 203
100 203
101 203
101 204
102 204
103 204
104 204
105 204
106 204
107 204
108 204
109 204
109 205
109 206
109 207
109 208
109 209
110 209
111 209
111 210
111 211
112 211
113 211
114 211
114 212
114 213
115 213
116 213
117 213
118 213
119 213
119 214
120 214
121 214
122 214
123 214
124 214
124 215
125 215
126 215
127 215
127 216
128 216
128 217
128 218
129 218
129 219
129 220
130 220
131 220
131 221
131 222
132 222
132 223
132 224
133 224
133 225
133 226
133 227
133 228
133 229
134 229
134 230
135 230
135 231
136 231
136 232
136 233
137 233
137 234
137 235
137 236
137 237
138 237
138 238
138 239
138 240
138 241
138 242
139 242
140 242
140 243
140 244
141 244
141 245
141 246
142 246
142 247
142 248
142 249
143 249
143 250
143 251
143 252
143 253
144 253
144 254
144 255
145 255
145 256
145 257
145 258
145 259
146 259
147 259
148 259
148 260
149 260
150 260
151 260
152 260
153 260
154 260
154 261
154 262
154 263
154 264
155 264
156 264
156 265
156 266
156 267
157 267
158 267
159 267
160 267
161 267
162 267
163 267
163 268
163 269
163 270
164 270
165 270
165 271
166 271
166 272
166 273
166 274
167 274
168 274
168 275
169 275
170 275
170 276
171 276
172 276
172 277
173 277
174 277
175 277
176 277
177 277
178 277
178 278
179 278
180 278
180 279
180 280
180 281
181 281
182 281
182 282
182 283
183 283
184 283
184 284
185 284
185 285
185 286
186 286
187 286
188 286
189 286
190 286
191 286
192 286
192 287
192 288
193 288
194 288
195 288
196 288
196 289
196 290
197 290
197 291
197 292
198 292
198 293
198 294
198 295
198 296
199 296
199 297
199 298
199 299
199 300
199 301
200 301
201 301
202 301
202 302
202 303
203 303
203 304
204 304
205 304
205 305
205 306
205 307
206 307
207 307
208 307
209 307
210 307
211 307
212 307
212 308
212 309
213 309
213 310
213 311
214 311
214 312
214 313
214 314
215 314
216 314
217 314
218 314
219 314
220 314
221 314
221 315
221 316
222 316
223 316
223 317
223 318
223 319
223 320
224 320
225 320
226 320
227 320
227 321
228 321
228 322
228 323
228 324
228 325
228 326
228 327
228 328
228 329
229 329
230 329
231 329
231 330
231 331
232 331
233 331
234 331
234 332
235 332
236 332
237 332
238 332
239 332
240 332
241 332
242 332
243 332
244 332
245 332
246 332
247 332
247 333
247 334
248 334
249 334
249 335
250 335
251 335
251 336
252 336
253 336
253 337
253 338
254 338
255 338
256 338
257 338
257 339
258 339
259 339
260 339
261 339
262 339
262 340
262 341
263 341
264 341
264 342
264 343
264 344
264 345
265 345
266 345
267 345
268 345
269 345
269 346
269 347
269 348
270 348
271 348
271 349
272 349
272 350
272 351
273 351
273 352
273 353
273 354
273 355
273 356
274 356
274 357
274 358
274 359
274 360
275 360
276 360
277 360
278 360
279 360
280 360
281 360
282 360
282 361
282 362
282 363
282 364
283 364
284 364
285 364
286 364
287 364
288 364
289 364
289 365
289 366
290 366
290 367
291 367
292 367
293 367
294 367
295 367
295 368
296 368
297 368
297 369
298 369
299 369
300 369
301 369
302 369
303 369
303 370
304 370
305 370
306 370
307 370
308 370
309 370
310 370
311 370
312 370
313 370
313 371
314 371
315 371
316 371
317 371
317 372
318 372
319 372
319 373
320 373
321 373
322 373
322 374
322 375
322 376
323 376
324 376
324 377
325 377
325 378
325 379
325 380
326 380
326 381
327 381
328 381
329 381
330 381
331 381
332 381
333 381
334 381
335 381
336 381
336 382
337 382
338 382
339 382
340 382
341 382
342 382
343 382
343 383
343 384
344 384
344 385
345 385
346 385
347 385
347 386
347 387
347 388
347 389
348 389
349 389
350 389
351 389
352 389
353 389
353 390
353 391
353 392
353 393
353 394
353 395
354 395
355 395
356 395
357 395
358 395
359 395
360 395
361 395
361 396
361 397
362 397
363 397
363 398
363 399
363 400
363 401
363 402
363 403
363 404
364 404
364 405
364 406
365 406
365 407
365 408
366 408
367 408
367 409
367 410
368 410
369 410
369 411
370 411
370 412
371 412
371 413
371 414
371 415
371 416
371 417
371 418
371 419
372 419
372 420
373 420
373 421
373 422
373 423
374 423
375 423
375 424
375 425
375 426
375 427
375 428
375 429
375 430
376 430
377 430
377 431
378 431
379 431
379 432
379 433
379 434
379 435
379 436
379 437
380 437
381 437
381 438
381 439
381 440
381 441
382 441
383 441
383 442
384 442
385 442
386 442
387 442
388 442
388 443
388 444
388 445
389 445
389 446
389 447
389 448
389 449
389 450
390 450
391 450
391 451
391 452
391 453
391 454
391 455
391 456
392 456
393 456
393 457
393 458
393 459
394 459
394 460
394 461
394 462
395 462
396 462
397 462
398 462
398 463
398 464
398 465
399 465
400 465
401 465
402 465
403 465
404 465
405 465
406 465
407 465
408 465
409 465
410 465
411 465
412 465
413 465
414 465
415 465
416 465
417 465
417 466
418 466
418 467
418 468
418 469
419 469
420 469
421 469
422 469
423 469
424 469
425 469
426 469
427 469
428 469
428 470
428 471
428 472
428 473
428 474
428 475
429 475
430 475
430 476
431 476
432 476
432 477
432 478
432 479
432 480
432 481
433 481
433 482
434 482
435 482
435 483
435 484
436 484
437 484
438 484
439 484
440 484
441 484
442 484
443 484
444 484
444 485
445 485
445 486
445 487
445 488
446 488
446 489
447 489
448 489
449 489
450 489
451 489
452 489
453 489
454 489
455 489
456 489
456 490
456 491
457 491
457 492
457 493
457 494
458 494
458 495
458 496
459 496
459 497
459 498
459 499
459 500
460 500
461 500
462 500
463 500
464 500
465 500
465 501
466 501
467 501
468 501
469 501
470 501
471 501
472 501
473 501
474 501
475 501
476 501
477 501
477 502
477 503
478 503
478 504
478 505
478 506
479 506
479 507
479 508
479 509
480 509
480 510
480 511
480 512
481 512
481 513
481 514
482 514
483 514
484 514
484 515
485 515
486 515
487 515
487 516
487 517
487 518
488 518
488 519
488 520
488 521
488 522
489 522
490 522
491 522
491 523
492 523
493 523
494 523
495 523
496 523
497 523
497 524
498 524
499 524
500 524
501 524
502 524
503 524
504 524
505 524
505 525
505 526
506 526
506 527
507 527
507 528
507 529
507 530
507 531
507 532
507 533
507 534
508 534
509 534
510 534
511 534
511 535
512 535
512 536
512 537
512 538
512 539
512 540
512 541
512 542
513 542
513 543
513 544
514 544
514 545
514 546
515 546
516 546
516 547
517 547
518 547
518 548
518 549
518 550
519 550
520 550
521 550
522 550
522 551
522 552
522 553
522 554
522 555
523 555
523 556
523 557
524 557
525 557
526 557
526 558
526 559
527 559
527 560
528 560
529 560
529 561
529 562
529 563
529 564
530 564
531 564
531 565
531 566
532 566
533 566
533 567
533 568
534 568
535 568
536 568
537 568
538 568
539 568
540 568
541 568
542 568
543 568
544 568
545 568
545 569
545 570
545 571
545 572
545 573
546 573
547 573
548 573
549 573
550 573
551 573
552 573
553 573
554 573
555 573
556 573
556 574
557 574
558 574
559 574
560 574
561 574
561 575
562 575
563 575
563 576
563 577
563 578
564 578
565 578
566 578
566 579
566 580
566 581
567 581
568 581
568 582
569 582
569 583
569 584
570 584
571 584
571 585
571 586
572 586
572 587
572 588
573 588
574 588
575 588
576 588
577 588
578 588
579 588
579 589
580 589
581 589
582 589
582 590
583 590
584 590
584 591
585 591
585 592
585 593
585 594
586 594
587 594
588 594
589 594
590 594
591 594
591 595
592 595
592 596
592 597
592 598
592 599
592 600
592 601
593 601
593 602
594 602
594 603
594 604
594 605
595 605
596 605
597 605
598 605
599 605
600 605
601 605
602 605
603 605
603 606
603 607
603 608
604 608
604 609
605 609
606 609
607 609
608 609
609 609
609 610
610 610
610 611
610 612
610 613
611 613
612 613
613 613
