0 0
1 0
1 1
1 2
1 3
2 3
2 4
2 5
2 6
3 6
4 6
5 6
6 6
7 6
7 7
8 7
8 8
8 9
9 9
10 9
10 10
10 11
10 12
10 13
11 13
11 14
12 14
12 15
13 15
13 16
13 17
14 17
14 18
15 18
16 18
16 19
17 19
17 20
18 20
19 20
20 20
20 21
21 21
22 21
22 22
23 22
24 22
25 22
25 23
25 24
25 25
26 25
26 26
26 27
26 28
26 29
26 30
26 31
27 31
28 31
28 32
28 33
28 34
28 35
28 36
28 37
29 37
30 37
30 38
31 38
32 38
33 38
34 38
35 38
36 38
37 38
38 38
38 39
39 39
40 39
40 40
40 41
40 42
40 43
40 44
41 44
41 45
42 45
43 45
43 46
43 47
43 48
43 49
44 49
44 50
44 51
44 52
44 53
45 53
45 54
45 55
45 56
45 57
45 58
45 59
45 60
45 61
46 61
47 61
48 61
48 62
48 63
48 64
48 65
48 66
48 67
49 67
49 68
49 69
50 69
50 70
50 71
50 72
50 73
50 74
50 75
51 75
51 76
51 77
52 77
52 78
52 79
53 79
53 80
53 81
53 82
53 83
53 84
54 84
55 84
56 84
56 85
57 85
58 85
58 86
59 86
60 86
60 87
61 87
61 88
61 89
62 89
63 89
63 90
63 91
63 92
63 93
63 94
63 95
64 95
64 96
64 97
64 98
65 98
65 99
65 100
66 100
66 101
66 102
66 103
66 104
66 105
66 106
66 107
66 108
66 109
66 110
66 111
66 112
67 112
67 113
67 114
67 115
67 116
68 116
68 117
68 118
69 118
69 119
69 120
69 121
70 121
70 122
70 123
70 124
70 125
70 126
70 127
70 128
71 128
72 128
73 128
74 128
75 128
76 128
77 128
77 129
77 130
77 131
77 132
77 133
77 134
77 135
77 136
78 136
78 137
78 138
79 138
79 139
80 139
80 140
80 141
80 142
80 143
80 144
80 145
81 145
82 145
83 145
84 145
85 145
86 145
86 146
86 147
86 148
86 149
86 150
87 150
87 151
87 152
87 153
87 154
87 155
87 156
88 156
89 156
89 157
90 157
91 157
91 158
91 159
91 160
91 161
91 162
91 163
92 163
92 164
92 165
92 166
92 167
92 168
93 168
93 169
94 169
95 169
95 170
96 170
96 171
96 172
96 173
97 173
97 174
97 175
97 176
97 177
97 178
98 178
98 179
98 180
99 180
99 181
100 181
100 182
100 183
100 184
100 185
100 186
100 187
100 188
100 189
100 190
100 191
100 192
100 193
100 194
101 194
102 194
103 194
103 195
103 196
103 197
103 198
103 199
103 200
104 200
105 200
106 200
107 200
107 201
107 202
108 202
108 203
109 203
110 203
110 204
111 204
111 205
111 206
111 207
111 208
111 209
111 210
111 211
111 212
111 213
111 214
111 215
111 216
112 216
113 216
114 216
114 217
114 218
114 219
114 220
114 221
115 221
115 222
116 222
117 222
117 223
118 223
118 224
118 225
119 225
119 226
119 227
120 227
121 227
122 227
122 228
122 229
123 229
123 230
123 231
124 231
125 231
125 232
125 233
126 233
127 233
127 234
127 235
127 236
127 237
127 238
127 239
128 239
129 239
129 240
129 241
130 241
131 241
131 242
132 242
133 242
133 243
133 244
134 244
135 244
136 244
136 245
136 246
137 246
137 247
138 247
138 248
139 248
139 249
139 250
139 251
139 252
139 253
139 254
139 255
139 256
139 257
139 258
139 259
139 260
140 260
140 261
141 261
141 262
141 263
141 264
141 265
141 266
141 267
141 268
141 269
141 270
141 271
142 271
143 271
143 272
144 272
144 273
144 274
144 275
144 276
145 276
145 277
145 278
145 279
145 280
146 280
146 281
147 281
148 281
149 281
150 281
150 282
150 283
150 284
151 284
151 285
152 285
152 286
152 287
153 287
154 287
154 288
155 288
156 288
156 289
157 289
157 290
158 290
158 291
158 292
159 292
159 293
159 294
159 295
159 296
159 297
160 297
161 297
161 298
162 298
163 298
164 298
165 298
166 298
166 299
167 299
168 299
168 300
168 301
168 302
168 303
168 304
169 304
169 305
169 306
169 307
169 308
169 309
169 310
170 310
171 310
172 310
172 311
172 312
172 313
173 313
174 313
175 313
176 313
177 313
178 313
179 313
180 313
181 313
181 314
182 314
183 314
183 315
184 315
185 315
185 316
185 317
185 318
186 318
187 318
188 318
189 318
189 319
189 320
190 320
190 321
191 321
191 322
192 322
193 322
193 323
194 323
195 323
196 323
197 323
198 323
199 323
200 323
201 323
202 323
203 323
204 323
205 323
206 323
207 323
208 323
209 323
210 323
210 324
210 325
210 326
211 326
212 326
213 326
214 326
214 327
215 327
216 327
217 327
217 328
218 328
219 328
219 329
220 329
220 330
221 330
221 331
222 331
222 332
222 333
223 333
224 333
224 334
224 335
225 335
225 336
225 337
226 337
226 338
227 338
228 338
229 338
230 338
231 338
232 338
232 339
233 339
233 340
233 341
233 342
233 343
233 344
234 344
234 345
235 345
235 346
236 346
237 346
237 347
238 347
239 347
239 348
239 349
240 349
241 349
241 350
242 350
243 350
244 350
245 350
246 350
247 350
248 350
248 351
248 352
248 353
249 353
250 353
251 353
251 354
252 354
252 355
253 355
254 355
255 355
256 355
256 356
257 356
258 356
258 357
259 357
260 357
260 358
261 358
262 358
263 358
264 358
265 358
266 358
267 358
268 358
268 359
268 360
268 361
269 361
270 361
270 362
270 363
270 364
270 365
270 366
270 367
270 368
270 369
270 370
270 371
270 372
270 373
270 374
270 375
271 375
272 375
273 375
274 375
275 375
276 375
276 376
276 377
277 377
278 377
279 377
280 377
280 378
281 378
281 379
281 380
282 380
283 380
283 381
283 382
284 382
284 383
285 383
286 383
287 383
287 384
288 384
289 384
290 384
291 384
292 384
293 384
294 384
295 384
296 384
297 384
297 385
298 385
298 386
299 386
300 386
300 387
301 387
301 388
302 388
303 388
303 389
304 389
305 389
306 389
306 390
306 391
306 392
306 393
306 394
307 394
308 394
309 394
310 394
311 394
312 394
313 394
314 394
315 394
315 395
316 395
316 396
317 396
317 397
317 398
317 399
318 399
318 400
319 400
320 400
320 401
321 401
321 402
321 403
321 404
321 405
322 405
322 406
323 406
323 407
323 408
323 409
323 410
323 411
324 411
325 411
325 412
326 412
327 412
327 413
328 413
328 414
329 414
329 415
329 416
330 416
330 417
331 417
331 418
331 419
331 420
332 420
333 420
334 420
335 420
335 421
336 421
337 421
338 421
339 421
339 422
340 422
341 422
342 422
343 422
343 423
343 424
343 425
344 425
345 425
346 425
346 426
346 427
347 427
347 428
347 429
347 430
348 430
349 430
350 430
351 430
352 430
353 430
354 430
355 430
356 430
356 431
357 431
358 431
359 431
360 431
361 431
362 431
363 431
364 431
365 431
366 431
366 432
366 433
366 434
366 435
366 436
366 437
366 438
366 439
367 439
368 439
369 439
369 440
370 440
370 441
370 442
371 442
372 442
372 443
372 444
372 445
373 445
374 445
374 446
374 447
374 448
375 448
376 448
377 448
378 448
379 448
380 448
380 449
380 450
381 450
382 450
383 450
384 450
385 450
386 450
387 450
388 450
389 450
390 450
391 450
392 450
392 451
393 451
393 452
394 452
395 452
395 453
396 453
397 453
398 453
398 454
398 455
398 456
399 456
399 457
399 458
399 459
400 459
400 460
400 461
401 461
402 461
403 461
404 461
405 461
406 461
407 461
408 461
408 462
408 463
408 464
409 464
410 464
411 464
412 464
412 465
412 466
412 467
413 467
413 468
413 469
413 470
413 471
414 471
415 471
416 471
417 471
418 471
418 472
419 472
420 472
420 473
420 474
421 474
422 474
423 474
424 474
425 474
426 474
427 474
428 474
429 474
430 474
431 474
432 474
433 474
434 474
435 474
436 474
437 474
438 474
439 474
440 474
441 474
442 474
443 474
444 474
445 474
445 475
445 476
446 476
447 476
448 476
449 476
450 476
451 476
452 476
453 476
454 476
455 476
456 476
457 476
457 477
458 477
458 478
458 479
459 479
460 479
460 480
461 480
462 480
463 480
464 480
465 480
466 480
467 480
468 480
469 480
469 481
469 482
470 482
470 483
471 483
472 483
472 484
472 485
473 485
474 485
475 485
476 485
477 485
477 486
477 487
477 488
478 488
479 488
479 489
480 489
481 489
481 490
481 491
481 492
481 493
481 494
481 495
481 496
481 497
481 498
481 499
482 499
483 499
484 499
484 500
484 501
484 502
484 503
484 504
485 504
486 504
486 505
486 506
487 506
488 506
489 506
489 507
489 508
489 509
489 510
489 511
489 512
490 512
490 513
491 513
492 513
493 513
493 514
494 514
495 514
496 514
497 514
498 514
499 514
499 515
499 516
500 516
501 516
501 517
502 517
503 517
504 517
505 517
506 517
507 517
507 518
507 519
507 520
508 520
508 521
508 522
509 522
510 522
511 522
512 522
513 522
513 523
514 523
514 524
515 524
516 524
517 524
518 524
518 525
518 526
519 526
520 526
520 527
521 527
522 527
523 527
523 528
524 528
525 528
526 528
527 528
527 529
528 529
529 529
530 529
531 529
532 529
533 529
534 529
535 529
536 529
536 530
536 531
536 532
536 533
536 534
536 535
536 536
