516895
76564
765027892
161383
155198
440
547
1852324
1174
1420
119
36947194490
181
22245603
30067
119964
6315
1211
2942
458
83913
5031
2669
4210
76268227
1848790
1556
97217179
34891119832
74329648
7555
10065
1692330
3371
7291178904
17521
6079935
47598
40
3292
235478
211
1256848
371
1548044
9117
1190925636
2854048807
12748
303
368136
745
411
122
12501907
12933
155936
92008857
425821
2930104659
15520570
36724
56
148353885
132353
49136798
329
612
748
127
117
7962
1105
9795011
7487361
364422
224334740
3950878993
93714
19884470
2393938
1147610009
55855
1124412
1117994
3850146
957789
698
2421269
18025
93435788
37
3
23
24274034
73
99344281
43
170
20055
57513204
12407
2874
1002967
799010
4491042
26
63
934
35
260969
6397933
15181612327
376
446
750381279
39719
54289810
723363
3939
255
117328660
514137
3371
2153
569700
555439
659
165749368
31
718857336
476003
7
31
3855986
15
895443
2245548
789
41
19631
718
11169
122
2459099014
81
491101711
156
59870307
447017432
54162
348366
128958
16
56573
14
4178044
42
41125421
71
5
796531
597
213630
11718573
15989
13668
74711
20108399
255
142
3
36972656
131507460
2301110
7215
502
31
9999846
518
976039
1939
63
24489
49
15
10674480514
1706065721
624219398
57559
108142
109290
116038
96186394
7407447
389097
267372
942
161
6861
42
4275179
150913
20476
5431
3547
17363
34998
1367
2030737
5587
10859
214
6478
161
941
24981
1623203
1991347
278
12791040035
315419941
670
620998746
379878936
128665
775
1649
1042324
1081658
11967
284
101
21
12149964
201084319
5
9777657
31746754
511
2264872
16672
1056870012
3
1156374942
121
743
321900522
167060906
21832
26
3594710306
17402
15
169
1387
694
92040988
817344921
511
3407397136
47024
321995
1176863539
100941053
21
5634355
8887238
224645
201610
13
701907
160
154957481
19654
11
30840
126
31
9463786
82
422488
1205500
104380785
1858
11117011
13315
3573805
4190151651
77
25
21
71
8465149
3748734
14679958
236911
1076316312
144197
4130453
22
3
437
2215246027
11107388
2272088105
2167
72
529677510
210724
1893
13
17482
293621
4474136
340177
6439
29182
239
8621289
1748
4825461
4
148989
33
16561754
122
4311
15
5748
829
615307
130
100919
2703722
12210
3643
9877
48
10
12283455
13246
80909996
194
12484
8100
5398350
31661
1430520216
45
39698
238
30
6727334
25454
280
77
16106
91112
194873073
352851
9181666
1577
35007
7944442
39331441
113
54046958
719791
45231
230549
120342
233
1109
2734
174
358942
395
83863
8296
12789672419
15070
748063894
3
1004
7972543
216319
13037
2146979605
16
16531335
57713544
37377374
961435
25
13322996
374
8302
14401
9893
1043718567
17162
243
217502755
1287585
541830948
8252
110164787
5
1204948
8266461
365
181
189739025
71
5
4
15753
638
102431609
894488
65
74987
302694
19574
28927
295958526
11237350
497959
807190865
77195677
546761886
3636592
237117
105028475
6668549
2063
248656
59
5747290
436287774
112725
255
161068097
13
20264511178
66686228
77623926
7829543850
339093
1675
16
12299
17
526659
15
117
215
2044171517
510
21865
942089
10289203
777300220
96113
1925080
17271
9040892
255
172
16574
954119598
49073
141020
486
61022
3207
34741871
2965
151872033
61012
55526820
10738
511
3626414640
11067
51
106
12873
43511
127
16
1412
121
3241468
1684330
26
15565
26063364
127
2025
741
89701
2886812
229
130435234
774247
48799924
45
3902515166
15
20276
2943
235406
42126
146233
3807
13
391369
16834076
638331
736855175
14391034
526
10026667
22
10827
63
9601719
625899
3172226
6210419
3130
4337
4129
1550
107572
62248
226481356
511
356941753
1022
213604
4
49
61045
416921
1415458
45388
574
22
76174
8177740
2264710780
37346
23296499029
3317
181
39157
12762
57062
149797
768661
79
2999467
149
18622924
255
106
7273293071
3803
7113
8040378
90615307
36283684
1007809501
3794631
31
4567619
216237
7
38452680
186927281
1676
3743
4346394
63
3567559
127
7871
44692
669648292
6101
547825
31
10897
2446
568
4183217
15
85020945
1529
4946
52
195
3308
211443
243
19400
1408
59
3
186
449886
255
22486
8561015
113528
463928488
25
7935448
175002403
15241
112725
364
27814
247
15
507223
296941279
127
381013
29067
255
1385
2541239
417200515
5561184
104672
1929276606
99740459
14013
7740480504
22
591
189
173965
164
370364
1723455
27734
9623
49
518
5622
239
259373626
89
35
267163190
933
255
698593
44
16
611630
78033
49358
11441436
960992
11170207639
38953
2436889
2026259
1726157
284202
1018
236026
54698298
8070338
9769
4264865
19105368
288
1695343
4540103965
14801
70396050
1240719873
14
13623
2582269
24
6461
9321628752
413773708
64113159
109134507
2483
396
408535
747615
12767
70452
963685
1253
76
