41
1207098189
3258
818
1849553173
2407
15
426878657
152
259630
1626
7574875
29435782
7
1759
69885
79000015
20854931
88648
107255
1327
30658
82
557
364
93
19963
26877
63
1918364
144799
199081083
15
76209252
1849
121
4427
163
5726186
40
3
851515
21982946
719
255
212316
98284894
1217
1127229
201
7
25
2092610
2446
27
2496672
196474
730
1738639424
2773
30
134
209
455
16353897
12758
551720
1508
31
640
129277
85207
336700279
155876
2474384638
29
2042
84338893
14036
3040936
2204
62848020
53753563691
1439127
16091
6511
11
11589718
10094
106531770
127
28055
268052
21
670
17225
1094602
54538307
842730356
3613111
401
31
198293
117
2306816958
3
33
154
8
5895412351
15
4969861204
952559
7
4407
760754307
9
27733492
5698077
60093
64
199
254250
49985100
25447
5875
26
41636523383
250863
60151
169145739
91991
41
47963
3573
59
246837718
237
10613
1175
11095
127
5419
511236
55120591
4420538
5743084
8558
908167
148080057
1216
31579
4162
2558156
416839344
225229564
7807786
7379
835810574
13625981
19
125
255
6289
532041
207
151
10
332
1002
41742
1023
1163
136
3253
402
133
6920133
32
3148622
314
24066
275
939
6697609
800
137
31
16185635
1485685
3
89385
21576746
17864
471
10306717
7
487699
10
4239
886
578168
7670223021
64
15556
173653
260
71
23939
11433
11576595
4643354
535206
214121
850991
41
60010
2032247
24
738
49644101
39
132
313
128
127639
7484
33
132
63
65
106065
745652
26954
4438
206782902
4742464
2870002
10727239396
2337
8
40
213
725
29
6420
50408
175
26
58812777
111098782
1943307
2087
2214
3453779
7
7505689
594
10121
12834558
16820355967
4931
2104
112
12252193213
242175
72451
19
3
13822
23428303
50
7721
1683
17
1885865161
19
48062
2349
13
203030
68
2050
7
623
1431369
14
259236
117
3839963266
153087783
130
800875
4488924404
186
53541
63
4049
570308
1254
28009
15
4583781753
271851136
10440
1124
3308
5284357
5050758
1078
1027596
13438
6467
7058126
1742997981
31
31
6335
4493578
68
37
458
89
498
3830
234192
27809
92
127
192246
1705
1786867
9065770
791
38470758
5381500
35936
381
43760436
2682
10019697
3217751
17
688
47022126
19
950
63
450866
127
35606
524348
10065007
45277
1906
1449512
2537
5558
93
511844
853
511
2407450887
45868
148
112077257
203406370
24
46
97
128857675
3517
116
33195
33402
121
8703310
1243
727
6361
11037592
3
198
747
253878
66
32631
63
102586139
7
1113028452
141694
1609259394
15
7
203
16055
823775
33247
481
823725
5722
30
1878889871
16596276
5760862
442
959
1726
18140381
1395
613
883
2042
43
438061
16693223
59
106286498
16
92
18757
1920353708
41534
194692
613880
2720
10277647245
62
159
54112
2766912
778381
1496848
982
1314158
2340049
13919059
6574484
1271
1953297787
1562
2236
95766
9931
27226
1248
16906928
1717
38
59879
293
362244977
1827676
1357
63
163
2513361096
18504360774
12118
11787
118715
623
230
3240346
434621
185
67909530867
5768
316699168
595
51
1530929
25788
162
7
15619588
32648437554
470892
26
8037312380
100526730
619
21097218
22
23
237
73
83656
727
56779
50
5711503
1650565929
508909
17
16
241
1701886
32
6903477
3713456574
9186
109
255
1838
1183813502
1129
166
205
2405
136056
3460
11
223360021
600290
47448
240819
9849
516183
114532278
63
2792008
2697
45728
27135000
46551
133
7416
36395465
40008
3203
157
64412439
400
33542
5403033530
14937
21697307
2282
1928
1000
2729
1933
5358489
142577271
26988
1144
171
1531
44812
3585924
785146
127
380
56
27586878
695
59
429
59664
102812
20424057661
130417
117
31
67614
114670
2208590
209
752506
4270810
689965
3
59205
288661
4811931
11698
3
14
9135914
28157418
159
9693
61999856035
124319
210411
547250937
85927325
21
201017419
1802085
94
698
56755496
125911
259751
703
1414436120
28195941
2667
22345687429
23838134
2409
25973
620
18057819837
6205
444965737
44016337
59
7959
82
3714493
9
36547486
8
294
15
19
1180
62
22658836114
5749
42173
665209
148
1345
609751859
1913
63
171958
9704
1263
17038
18913
4
48012427
80
4592215
94265953
31
93962
416900
5383492
14831
679867
260568248
22
1436717763
452176
2223
6169
1341
742
160396385
8
1195342103
3
153051
495244
44172
16987955
96
177216
10554074
1863283
255
26025
7812018232
1718
729829
1294
310995
1092434
9582
3147182774
2937766
605611
5136610
5570374
1616
3509894
1201
13695
357669
97
744124
2106102
25149787
3221142658
290
255
53320
547684388
85
66859875
15766
6777
10
13497
14
511400180
958723
11690494
2348
1903
11855
13821595716
655648817
17790763942
210044
285
8
102002
174446031
2570
5598
82815
1659132214
611
1243
14
9815394
37668
996
1432217
3351125
2411
14049
32631
8876
310
90960461
7843937
19367787
449
16706
229029
129570645
14534631
3754
5149
405
513343
3007096093
161160922
13941
61182734652
7554799
35859
304656
12077
7628
39337
451443
21693
50
41054
215
508
5
19726634198
1872048429
76308488
110327
200996978
398
426
68
36498402446
31891888
699
1632
599
63
948
161
34396825083
4053422502
369391
88
13859289
