403
62937
87
254
46793
14624
116764
16
33
33500
5495
146653052
44533
2875186
1695368
2040379
81
883300
4373416
26
233487
15
32793072354
105620
24
28532422
25419116
6529
49
6223
5287675
1576909866
7
2476401355
1140
1238633
7
2973813
204
30
157
3873106
15732820
47
3
2934897283
1031
6317
3609140
7
30107
21
6552922
130363231
1429
12563234
94
281477766
19574
112720755
7152
19783
161183
835
6246948
58
1155
427
595
2124
10027766
3711573
2023153
1267685
25149
17410
687841
96433
39
47
7713
53673
102
5
15058
277559
4181936
23
7221429545
499
517585
9604
15238442
23286722
126
34374
6403
159278
18700
275185670
21543915
111995
3914
671430515
108691
2358536
526427
44
386197
226
43
1174940
558
169752181
3672897
45281
255
4270540
5519084274
481
734988
8
60162
6105936
547
918
65986399
226624823
114406
3910160
3791746
6040979090
159743
115713
2335742
8694282434
461666
53031805
4571993165
16492
3911
42057
2854799
9747810
15
16092578465
2389655
2174
22
91989
8314141326
206299465
598
47944
23
131956
15190737
338580
1789
22
101815243
42917
72368574
178
396323
4727693
2050
7
1782
3596
12
141663
1964933
4930921
33
74282905
5795
44918
11
889
113
63
897579
25177
54
195810
63
28
240541
114
13000
171504417
104
79458444
7186
170878
9
172
1707920926
1649
3088507955
166
511
29308
1533609183
9719
59
799
6
525703
1916798429
378
16
733205121
274719
16551845
10609
127
10024070
64
56
61
74062
920421
447
127
14662
6423
172901995
194027
989056
3488822
27603497
10348
153
9731505
8697
968
333478
180
41
6564193
11380413032
68
7
946394462
465
63
7357
115071
43
13671
56
325
123
2649
112601
3
7947365716
4
6547843
221
11609219
11333365
62
22541221
33331847
963651558
8
1005
7789
220565
868
2711
280489
1280
4505
121
744
8997609758
55447
2267
101
3041882841
53
5551
6290
110
511
23
10508558
116787725
30159
34447461
4757396613
37403043
3620432
498878
3
5118608063
239983
237
7
234569
14
63
65913385
116
7916
304
13108
9460
72788
3662
115002
6208
5
15
10373730677
288
3
207
24872
66
19427
1458
128
5033206
661155332
63
3909770
7
108253
5410361
1454
714
129016
15261
7962
3
1665926
46402
59
361543
691
17832956
13
272280
431
217208
11121518
7827111
30109543
3557
5652
32017214388
136
6144
3
2220314
