1102
32451
8874
16641
219
1087242
1168
9
69547
4
3810
7184
1755
7
243602591
1864359496
43985
3
37
29
769641
7477
63
2767184
98537
635
534252
928932
8359015
212
410675
803
249
19122180760
235
3521544
4716962565
174
9
1541796
3141
1273690569
117620
37
6
187
37472938
442212378
221161
13
56
3
57
3
40775
14
53
5709670
688
2409
179442
4
1738
228938
1574738737
158
17
6028
4342237802
11799386
19
1201
5474
2217204
502
21617
116686
38268171
68
2784
77
193485408
637
7386340
106
511
7
7
26298
1659030553
697581
1128252
8367549958
13117
147
1785138179
1646941
673138
337454640
504662
521766
126253213
32
14
12877
348
4814063275
227315
109
2843
188
1471
3517
80884
511
32208598
4349236
12770
14
511
196537
1014296
164
4073
703268
28240
6004
534281267
2553157495
124018
7
2447
21937732597
5896013
76
187
12635
51594
47
16787077
290
529
4
17
1860371846
56319947
4564834
184272740
662119
1295
9232557
9
514424
861
18838
169
11573
1991
2905
16
799
176758
26
345
30
5949
6
14
20
42695553
188513983
767
132
491
623542
116
3374
587670
53299449
155558992
46414
29023207043
3
142449827
15492102
102
63
404
1093
814028766
239
255
17492
172718359
1021508
67
5583
2642085197
161366
28666314
161014294
40
140
44
15
29
33
633
1132
14857
154
4587
2852
142
325
2885271236
260566
1382824
1391554
22374
9
171
924313
1820363611
31079369
977807
30439
7
7
4260
184135203
1619867
935255
3
147916579
712
45581
6227
101
18577575552
2459
104141020
175381670
26523
30706959
28772
14784913
1190090
94855
1647
1829666733
171
82613274
413
21374
49952689
213
2212
8936713
259546
54868
6206
54059
3853851
41
43873352
93783171
10082
27421566
9254
272628951
18844
10561508318
643629
132655190
21
5863
15911
295038
283899134
2548155
30003
35
110872
63
7725
7
571
1049
3644118
2801
5449
10167
324092
7006
63
15038
429
244137
579322
121361813
20066
307492
4915572215
1494737
186
200058
234
104876
3184
296232
61996
409
2276739
37
228809058
100455
1618
330970928
17488
37029
20
240262684
976
267253
1141427
511
63
4360
1461
2479414229
44
511
77698
216686384
2577634
234859
1434897026
916545
2698
125605969
2944
1657
263
203594066
17
59026157434
642339
22755265
56201
726444
444091
5483
3044092
4253
322516
9
31
7091
6008848
711779
10053916
3019864
40074
371900
5501402
255
27756
47
8
132073676
40
283800
83852
10299015956
17
16452938436
115393
18076
2259
212458
3320
1300950040
38310
8343683389
11
7
1016740
710
9514
252
58
5
1199393
2458755369
15601
12495407187
14341
5143876
716266
150
3336042
31
4462311
16449503
3586970210
25242422
54
87645
222
19240
16371
103870
12019
5023
27109
524616265
41819938494
623840
3
181
63
11863
481
1493179645
7
12587919471
63
24460357144
1310
