1854238
1436846
22610468
2222
63
309252
6467
45279761
6221
122
9362
255
34649
2126
8
111981574
23
4071616
141
3918230
9162
5270684
19209
26
46
15
214
16
56
169
2624
225224
2235360629
3450
511
122602251
302
89006196
227803483
65755621
14
18934
8197652
1727114
9953694041
4301214
19248
94688734
26
14
20195
7
119
94642045
50
31
48938
31
14
12439030
40
253845
958
664496
608
836343
2915
14782051
92
3693266
56171
231456
63
156
44
3627552
31
97690
137
3
32184
55934
6191315
766121
2427
3554
178935036
147519905
93441543
15166100
885122977
458525
104947
266380
36186608
80029236
282187
51463
62
45347396543
1113964
3971
52702
1387695779
2332336
365710954
108859
61
54
701049618
104
4211192
4073451
11846
13458772
46
1515
79
60944
1433
223045968
48
2242
32749
7
24642
201494
274547215
1384188355
60288
7
225728
242
574900
238181431
22
1397
4913
454
1036673
8691
86
449
283
719663
157
485
27691
344228
292113
7
13
15452673
26713191261
348
671
554
222177
54
43193
3160199
514117396
42
267181151
11644
9186
13262
811234
10
217
33
11770223
199
22422797
1958476474
15024127
344503
90
227986103
58572014
9
15
637
2087
15703
24
52661499
678591066
31
383
8567
542733584
5569
9
5588437
16025625367
94
269094
1797029121
133478541
380697
39315537
459307
829
29873957
3
131157782
22
392630
662219051
3794
187015
183947
148
334
2531
4347955398
1331
279440
31
466868761
511
65326
5
10564083
206589
22
18751
717859386
7430
1510000
186877
48799
285
33723
357
52775756
134
18601404101
35612642742
647
60849732
503
788
106
127
27372893
9643225
9845
1075603
401
279698
3961833
123
93
35325
92381
134
1629839
7984323
68600289
127
2328
151998
5
5674
17248
78865
14556374
1238324532
116
3643
1978
7136064
75
15
144
355150093
517
7898243264
17
511
1181
161254
25213964
4737
1102
2394508
232
186
262242
3988490
255
128123008
804786
70964579
599572
255
16651685
5794
127
59938
2462
21712728
2044332443
1680284120
35
9932
4669583
31401264
63
245753709
7405
50
9663
1326
2458753
189420
2409190469
91
2649
57
357226
238
4961
104333414
56439
594938
119384
17
45
2096
21
39166
559481068
141958483
38076
98470
26822
2696
26652635
366
24255
19703
187366
29564
1706
797
38341
15239050
1381150666
3113
10565788908
35418962
486780
63
49
39605
8026
255
