20207
127
22
192189
11292915
210086
44061
58010982
9184257
8030
2319661
1144228324
257
620
1096684458
810346611
41
658
1408741866
31317821
292
4050251
29
31
402350
428
456846
60010502
965
153211
27299
1980
1433093
43
161
318
6135
29216
7655
1534
2928679695
130
3669
77842
728
21459
91343811
883634843
11465689552
67
185
164
1686
45708
15
9794
4436
141
129
13261132
478457921
9454992
7445901
511
9185
12255
35958
291
1835366344
1897974386
50491825630
1205
15673722
228954
16343
493683599
560
8140
2949679641
405626
11968
99533
159
81053419
2410487
356371
1349621
476
322115
12797
846418
101450117
1432
31
117066
22
8668
8
7
199196
71123
16
21
285468
10735
656017
255
54060499
5369
3385977117
405593
493619
8
205009
523
152
10574
244651
10496981688
2043
34
1173337
26
2777
255
23676207
181510030
15
96
91143
78304146
7
7
8249
13594
384
295885940
3325175
258
170629
1267
929
688152
3
3988074
8881
143453
23
121
492755
163
7
78547
31
1564637916
4697324
38494
1822
762
142
286581883
233804365
452120
341
231206
2125
2888
38
1529558
98
187822
21356606546
566
85234
3105
31
2430757
340613724
48672
109
772115284
511
3676417
38108734
132040
27
84
217
89995671
71
2195
20
149
603676
280296
8
127
1461733
87
511
155237
1839761503
826993
30833
54578757
256789656
44155
36474193765
390586
578472
9559
370
382551747
353
1290
55166
18382688
8
45833
3326117
235
1958
63
815212746
12155
71
255
12
170
2150769958
507
751056
47510
1877245
22
21855
172942
2078
49036
52
3185035
16876
1123
57157
795
130005
7113
109
6287
4179151
121051
42408763185
7314672066
90597197
11345
59678
78050889
5208093033
15889
50
7
8
7878699
120
325551263
9
851278
96
5
1968322
23
177999
15
395
5630
320743724
1203433
511
12
208754673
151861
138077608
1430642075
10098093562
127
1933
255
19330
4697650375
1744313
57109243
1453
1536722
10400966177
3
1926973829
91053258
38222703
41
8078700526
146618526
158
7
198693
26
19436859
62
10299
1345
63655
27548604
220
2043
191
11986595
644
41
1676
6
31867
1146464
7800205
