133873
11259482
13312257
740388475
58
4058018
15
63
27730688
61
11070124
719
113613
7
71407606
234557
5327
17010944849
2964182
160
31274
39
18372535
175033
110
88275262
471570747
1711965284
27334
1193425794
5577499
1551
173405
4576
891
2082331702
2651
31239308
52
15
122067595
4789209
4849619077
151
16744381
7979699
23402
4369
9235613
14423379
7913171
224270
19081349
175299775
9256
797627
426
627619
11216
426
1126
212
21117
6502449
79
215692
5236
149
987817475
462
9562446
2001638604
10614445
349317898
29836332
237
31
52712592
29662
51489
267
1357
18928657447
363901
116103576
32667501034
22228013382
1066
373683
5
28567292
11
31
9916
5022998
12521
241198
7708
31
1784
29
19
474
127
728
45023
434
1771614
791105
787102
8
184
278
383
1421
7851
2504
1153618
556
15966
1608651
1850
2065
127
1200236
127
70544318
9
18592936696
14800136
29396
3968553
616831
483076
7
96404356
57019
804
5051460137
6355
31
894705
182120
6831
3311
876535567
127
5612820
127
868
224611
46
106
218
2027
609199502
221872015
63
635
19
511
3827
56917
17
9231670
6993
671328605
9623725249
2897739
105838
240069859
1236
6754
19878169
28614
3922454193
22
3
511
190295652
81436462
4484
64697
1242129717
347000698
50
3673
3
15753300
9959822
741076
55
15169
40
110
2761
30605683716
144138107
17512
46
15
73
39
784811
196575
152
836469
1748610532
121983122
54
22325236703
11
1449590334
1366
120
251036941
1568
6069213
2883784
4686177
199
958103224
157
2823364
6261245
4126151
230317
