39
1674
220975
8
31
3316
10962444071
14522427424
15920843
7806
246
127
845
15191
71971
5595519
25
742
135
444
53
4067923775
5232
366267
2477582154
114
62264
11
17047557
31
61080792568
4176164
77
37076
63
541350
175996
3087856426
625
6283984
4319290
19672
5409169
275159
29
38511444
665
4059104
2926854967
29593
11538
17753338072
1487569
3969
4291
724
11
1343183
880168
139
26534
15849996
7652361
12459034
3439816
69821
553300250
32441
454953297
175344
334214
40
895
2383305
46
31
834525
6356683
38446959
16315
70411349
4739990
10860030
758
7930528
66
56391
7632392
21
3
82806
202098
4806
4342473
3614
24
493883983
3028
23
599
5
24179
136540761
2994002394
104094
1622
455868463
1175
3
17383698212
18944
44041
91799
1234503
4071689
2770893716
22584247465
5421
23892
354319
44816971
212960746
1919557
3
71990730
77399304
1709966045
732997
1860781
798964
2157
63
51628
989
3472023939
3587451
17
36553
41824
4775
747
5428
6492721
17259
22
16
598185677
1929997
6233
32745
1811356
207363257
183
38393
6495
18635
54
109003
260714
6889
186
2354541
29
209293
38459266721
18780770
10264135
11082084
7575
11956
186434267
4177117
32347
218
5
581
267
12024116
639
