80006
80011
80014
80017
80034
80041
80043
80046
80049
80057
80059
80069
80072
80090
80101
80111
80113
80118
80122
80123
80126
80134
80151
80158
80170
80173
80178
80185
80199
80203
80211
80212
80231
80258
80261
80267
80274
80295
80315
80332
80346
80347
80366
80367
80379
80382
80396
80401
80407
80415
80420
80421
80424
80438
80450
80465
80479
80487
80488
80493
80502
80503
80506
80513
80519
80532
80541
80547
80549
80552
80556
80568
80569
80581
80595
80635
80642
80644
80647
80660
80669
80670
80677
80685
80691
80702
80712
80724
80745
80764
80768
80769
80774
80791
80792
80794
80798
80810
80815
80818
80827
80832
80869
80874
80875
80876
80903
80909
80910
80934
80937
80940
80942
80944
80946
80950
80951
80956
80962
80966
80974
80982
80984
81001
81005
81006
81011
81012
81018
81022
81036
81037
81046
81047
81057
81067
81084
81089
81100
81103
81104
81107
81109
81131
81144
81164
81184
81185
81190
81198
81204
81205
81219
81221
81236
81238
81250
81265
81267
81268
81281
81287
81293
81303
81310
81313
81319
81332
81342
81346
81377
81383
81391
81392
81399
81400
81402
81410
81419
81429
81456
81485
81499
81500
81550
81559
81570
81587
81590
81597
81627
81630
81652
81661
81682
81685
81687
81700
81703
81707
81708
81713
81716
81723
81726
81727
81739
81751
81754
81756
81780
81781
81792
81803
81808
81824
81825
81841
81846
81847
81851
81866
81876
81877
81879
81892
81899
81901
81902
81938
81941
81943
81950
81964
81973
81978
81979
81980
81983
81988
81990
81994
81998
82000
82001
82026
82037
82038
82046
82048
82050
82057
82073
82086
82096
82097
82100
82127
82140
82155
82156
82165
82183
82194
82198
82199
82206
82218
82240
82241
82258
82262
82263
82264
82270
82277
82295
82298
82300
82309
82311
82324
82329
82334
82339
82362
82369
82378
82380
82381
82389
82393
82396
82398
82401
82407
82412
82420
82435
82439
82440
82441
82450
82451
82456
82463
82470
82490
82497
82510
82512
82518
82532
82533
82547
82564
82574
82579
82580
82591
82599
82608
82620
82628
82639
82646
82651
82654
82663
82666
82667
82669
82677
82679
82681
82682
82684
82691
82694
82698
82699
82707
82725
82746
82753
82761
82772
82773
82780
82788
82794
82802
82814
82834
82837
82839
82869
82883
82894
82940
82944
82947
82953
82955
82972
82974
82998
83000
83011
83012
83020
83023
83025
83028
83038
83039
83042
83043
83047
83063
83068
83079
83101
83114
83124
83126
83131
83156
83174
83178
83206
83213
83214
83222
83231
83234
83245
83253
83254
83258
83268
83273
83298
83303
83327
83339
83344
83348
83351
83361
83395
83399
83409
83432
83448
83449
83466
83481
83495
83498
83505
83528
83539
83561
83562
83566
83572
83574
83581
83583
83586
83590
83593
83599
83603
83619
83620
83639
83650
83652
83657
83686
83697
83707
83727
83732
83736
83750
83752
83760
83781
83785
83786
83791
83793
83798
83799
83801
83802
83806
83826
83827
83845
83852
83862
83864
83878
83890
83894
83906
83927
83928
83935
83939
83942
83949
83961
83971
83975
83978
83999
84008
84010
84019
84024
84026
84029
84036
84052
84058
84065
84068
84075
84084
84088
84110
84119
84122
84130
84133
84134
84144
84159
84168
84169
84174
84177
84180
84183
84186
84197
84208
84215
84220
84223
84235
84238
84245
84247
84259
84264
84265
84276
84284
84289
84291
84299
84301
84313
84319
84324
84325
84355
84363
84369
84382
84399
84404
84407
84418
84421
84434
84456
84472
84474
84485
84491
84498
84513
84514
84526
84536
84549
84552
84557
84559
84582
84592
84594
84615
84625
84632
84638
84644
84652
84654
84655
84658
84661
84674
84676
84700
84709
84711
84713
84716
84726
84727
84747
84757
84761
84762
84768
84775
84783
84790
84796
84803
84805
84817
84824
84835
84844
84847
84849
84852
84853
84854
84855
84861
84864
84866
84873
84907
84908
84936
84940
84947
84954
84955
84988
84993
85000
85003
85007
85008
85021
85032
85063
85066
85087
85095
85101
85106
85112
85116
85123
85134
85142
85148
85185
85187
85188
85194
85213
85220
85223
85238
85243
85263
85274
85283
85291
85298
85323
85336
85348
85351
85359
85369
85383
85398
85402
85414
85421
85426
85437
85444
85456
85457
85462
85478
85495
85500
85502
85505
85508
85509
85513
85520
85521
85528
85529
85534
85536
85537
85560
85608
85616
85626
85631
85633
85640
85650
85651
85656
85684
85705
85714
85717
85726
85763
85784
85785
85794
85799
85803
85823
85854
85885
85886
85907
85924
85934
85943
85947
85950
85957
85959
85986
85987
85991
86000
86001
86007
86012
86021
86027
86039
86041
86059
86063
86084
86086
86088
86089
86092
86104
86132
86156
86160
86177
86187
86188
86197
86216
86217
86224
86228
86247
86275
86276
86277
86280
86286
86295
86303
86332
86336
86339
86359
86365
86373
86377
86389
86392
86402
86407
86408
86409
86450
86455
86460
86470
86479
86484
86486
86491
86494
86499
86505
86533
86534
86535
86537
86542
86543
86575
86595
86608
86618
86627
86628
86632
86663
86694
86696
86699
86704
86712
86718
86723
86730
86733
86742
86756
86757
86761
86767
86770
86792
86799
86804
86806
86827
86829
86853
86869
86870
86871
86880
86887
86902
86913
86915
86923
86930
86932
86935
86936
86937
86938
86957
86968
86973
86978
86981
86987
86994
86997
87002
87004
87038
87053
87086
87091
87092
87107
87124
87129
87137
87145
87162
87166
87179
87198
87200
87201
87206
87214
87220
87238
87241
87243
87245
87264
87279
87287
87301
87305
87317
87318
87324
87331
87343
87357
87384
87408
87419
87449
87451
87460
87462
87464
87466
87467
87478
87509
87517
87520
87522
87523
87526
87530
87533
87539
87542
87543
87553
87565
87576
87585
87589
87597
87601
87605
87606
87607
87611
87639
87647
87649
87655
87663
87664
87667
87671
87696
87704
87715
87729
87739
87740
87749
87751
87769
87775
87795
87798
87810
87811
87816
87822
87823
87825
87834
87837
87838
87844
87848
87849
87854
87856
87885
87888
87890
87900
87902
87906
87931
87937
87942
87953
87957
87965
87971
87973
87987
88000
88014
88035
88046
88047
88055
88058
88076
88079
88091
88098
88099
88102
88117
88123
88131
88133
88146
88159
88162
88180
88196
88204
88235
88237
88248
88262
88263
88264
88265
88278
88289
88309
88313
88324
88335
88355
88366
88375
88376
88380
88381
88382
88385
88388
88397
88400
88415
88420
88425
88428
88429
88433
88437
88444
88456
88457
88461
88462
88481
88502
88506
88507
88514
88525
88528
88529
88540
88544
88547
88551
88568
88577
88578
88581
88591
88594
88595
88611
88616
88626
88627
88628
88645
88648
88664
88672
88677
88688
88700
88703
88704
88707
88724
88741
88750
88751
88753
88755
88770
88783
88787
88791
88799
88818
88831
88841
88856
88879
88888
88890
88891
88892
88904
88909
88911
88912
88921
88924
88932
88935
88937
88950
88955
88962
88963
88966
88968
88984
88985
88999
89016
89032
89034
89043
89046
89050
89051
89053
89058
89060
89080
89106
89113
89124
89130
89142
89150
89169
89194
89197
89220
89225
89229
89239
89250
89251
89258
89263
89266
89271
89278
89287
89293
89295
89305
89307
89311
89319
89320
89325
89337
89342
89344
89352
89369
89374
89379
89403
89431
89433
89439
89471
89475
89478
89480
89485
89490
89492
89497
89510
89513
89518
89520
89554
89557
89568
89577
89584
89586
89595
89596
89602
89608
89614
89618
89619
89635
89648
89649
89650
89651
89654
89656
89662
89668
89678
89680
89687
89689
89718
89721
89725
89728
89737
89744
89745
89753
89756
89775
89776
89782
89783
89797
89806
89817
89820
89823
89824
89832
89838
89847
89848
89854
89857
89858
89866
89870
89885
89899
89903
89907
89928
89942
89947
89960
89983
90017
90022
90033
90060
90069
90086
90092
90093
90104
90120
90126
90132
90136
90151
90167
90183
90195
90197
90203
90205
90206
90212
90214
90215
90218
90223
90274
90280
90283
90284
90285
90294
90295
90303
90325
90333
90334
90351
90353
90358
90360
90361
90379
90393
90403
90419
90421
90424
90429
90432
90442
90448
90452
90470
90500
90507
90510
90512
90537
90540
90548
90549
90554
90579
90581
90582
90591
90610
90626
90629
90633
90637
90638
90649
90650
90656
90662
90686
90687
90697
90699
90714
90722
90724
90731
90735
90746
90758
90759
90761
90771
90775
90779
90782
90792
90798
90804
90813
90831
90842
90850
90869
90872
90883
90887
90898
90901
90908
90914
90917
90918
90921
90935
90937
90944
90959
90966
90981
90996
90998
91000
91012
91024
91025
91033
91050
91060
91067
91079
91083
91093
91099
91100
91107
91111
91119
91122
91128
91136
91140
91150
91151
91157
91165
91178
91186
91190
91195
91196
91201
91203
91210
91216
91222
91236
91242
91264
91266
91276
91282
91291
91293
91294
91299
91324
91329
91340
91353
91361
91368
91380
91382
91385
91391
91394
91405
91407
91422
91441
91446
91459
91468
91478
91490
91499
91503
91505
91517
91531
91533
91548
91570
91578
91579
91586
91587
91591
91620
91635
91636
91640
91642
91656
91665
91676
91687
91690
91693
91694
91715
91717
91741
91743
91751
91762
91765
91772
91774
91781
91786
91788
91802
91811
91815
91820
91822
91823
91836
91853
91854
91859
91879
91883
91886
91896
91902
91903
91913
91919
91932
91939
91950
91956
91958
91970
91995
92007
92010
92018
92022
92029
92030
92037
92038
92051
92057
92062
92068
92073
92085
92098
92121
92123
92136
92147
92151
92161
92165
92172
92178
92181
92198
92215
92223
92231
92244
92256
92268
92271
92273
92278
92287
92292
92300
92303
92311
92317
92318
92319
92328
92335
92341
92348
92349
92357
92358
92366
92385
92391
92396
92410
92417
92422
92434
92444
92449
92455
92457
92472
92477
92492
92502
92514
92537
92540
92551
92554
92580
92586
92591
92603
92618
92620
92622
92629
92630
92640
92646
92657
92674
92680
92688
92691
92701
92705
92722
92748
92751
92757
92761
92766
92767
92771
92796
92798
92799
92806
92834
92836
92844
92857
92861
92874
92877
92879
92886
92895
92908
92909
92910
92913
92929
92932
92934
92936
92949
92966
92967
92968
92969
92999
93015
93024
93033
93063
93066
93073
93074
93086
93089
93094
93113
93121
93127
93128
93135
93153
93165
93170
93188
93211
93217
93223
93234
93255
93256
93262
93268
93282
93283
93292
93302
93303
93309
93310
93311
93314
93320
93354
93380
93381
93392
93405
93421
93423
93432
93437
93448
93457
93486
93525
93527
93548
93552
93557
93562
93573
93581
93583
93590
93595
93600
93606
93619
93641
93653
93661
93663
93671
93690
93695
93698
93731
93736
93746
93757
93777
93815
93817
93818
93821
93830
93835
93836
93849
93850
93875
93879
93895
93903
93918
93923
93929
93935
93941
93945
93959
93963
93967
93975
93988
93989
93991
93993
93998
94005
94008
94015
94025
94028
94040
94042
94046
94057
94085
94087
94090
94091
94116
94117
94130
94131
94134
94140
94141
94144
94148
94159
94165
94167
94173
94174
94175
94177
94180
94184
94192
94199
94201
94212
94216
94221
94241
94248
94299
94300
94317
94333
94358
94359
94389
94391
94397
94414
94424
94441
94442
94459
94461
94471
94479
94480
94503
94514
94539
94553
94554
94556
94570
94571
94573
94586
94597
94602
94603
94605
94612
94617
94619
94621
94635
94643
94647
94653
94654
94676
94677
94680
94684
94687
94692
94693
94701
94706
94721
94724
94744
94769
94773
94792
94797
94821
94826
94827
94833
94846
94871
94880
94895
94906
94909
94929
94933
94943
94945
94947
94955
94956
94962
94968
94970
94971
94972
94973
95000
95002
95010
95013
95019
95026
95039
95048
95051
95058
95066
95083
95128
95132
95147
95153
95159
95161
95168
95169
95182
95183
95190
95191
95196
95201
95203
95204
95215
95218
95229
95255
95262
95272
95286
95290
95291
95308
95318
95322
95334
95344
95351
95352
95354
95360
95362
95373
95384
95389
95394
95401
95409
95421
95423
95426
95451
95478
95482
95485
95486
95488
95493
95495
95499
95500
95503
95508
95509
95511
95538
95544
95550
95556
95560
95562
95568
95580
95587
95599
95603
95607
95646
95648
95654
95656
95660
95673
95674
95677
95685
95688
95690
95701
95708
95711
95726
95739
95746
95747
95761
95763
95767
95774
95795
95796
95799
95807
95816
95820
95825
95828
95829
95830
95839
95853
95855
95868
95869
95871
95873
95878
95890
95902
95906
95921
95922
95931
95940
95971
95978
96000
96002
96003
96006
96014
96018
96055
96056
96068
96079
96083
96093
96104
96107
96114
96121
96125
96131
96132
96134
96155
96172
96200
96235
96242
96256
96287
96297
96304
96327
96329
96339
96349
96351
96363
96369
96374
96380
96382
96388
96399
96400
96402
96433
96434
96452
96455
96464
96475
96477
96488
96494
96495
96506
96509
96513
96525
96541
96544
96552
96560
96570
96577
96579
96585
96598
96601
96615
96625
96634
96635
96649
96654
96658
96659
96664
96665
96682
96688
96691
96696
96704
96714
96716
96721
96742
96751
96790
96801
96802
96806
96817
96834
96838
96840
96862
96865
96871
96874
96876
96880
96890
96903
96908
96911
96926
96931
96940
96975
96977
96978
96981
96993
97003
97015
97032
97038
97066
97068
97072
97084
97089
97098
97127
97133
97152
97154
97158
97169
97201
97224
97227
97233
97238
97241
97245
97261
97264
97270
97284
97285
97289
97292
97325
97326
97330
97348
97356
97360
97361
97370
97383
97411
97415
97434
97435
97441
97442
97449
97460
97461
97463
97464
97473
97496
97504
97505
97514
97515
97518
97522
97525
97533
97534
97544
97553
97565
97578
97588
97589
97595
97596
97608
97620
97624
97636
97638
97640
97648
97652
97659
97661
97663
97699
97702
97706
97707
97713
97727
97745
97754
97761
97770
97789
97823
97826
97832
97841
97848
97860
97870
97877
97886
97893
97901
97912
97921
97924
97929
97931
97936
97947
97950
97951
97958
97978
97981
97983
97986
97991
98003
98009
98010
98021
98031
98033
98034
98040
98046
98054
98068
98077
98082
98103
98106
98113
98120
98122
98136
98147
98153
98163
98165
98171
98173
98197
98198
98210
98218
98223
98226
98228
98238
98245
98252
98270
98278
98282
98292
98297
98301
98323
98354
98389
98402
98422
98426
98430
98452
98469
98474
98479
98485
98497
98498
98502
98505
98510
98531
98535
98551
98580
98584
98586
98600
98603
98622
98625
98626
98633
98640
98645
98694
98696
98709
98710
98715
98717
98718
98726
98730
98733
98745
98747
98755
98768
98769
98774
98785
98789
98795
98803
98825
98829
98836
98840
98844
98849
98853
98856
98859
98864
98869
98900
98902
98904
98913
98918
98924
98926
98932
98940
98958
98970
98973
98989
99002
99008
99022
99025
99027
99035
99069
99076
99081
99090
99104
99118
99135
99137
99140
99145
99153
99158
99159
99160
99161
99167
99173
99175
99179
99182
99184
99187
99219
99238
99244
99254
99265
99270
99280
99282
99285
99295
99300
99301
99307
99310
99327
99329
99337
99354
99361
99381
99389
99391
99392
99395
99402
99414
99420
99426
99437
99441
99442
99445
99447
99465
99470
99481
99491
99495
99499
99526
99527
99542
99543
99546
99548
99556
99559
99561
99603
99622
99631
99636
99640
99648
99652
99654
99665
99675
99676
99680
99698
99718
99719
99735
99740
99742
99757
99772
99791
99794
99801
99813
99822
99826
99830
99836
99838
99839
99854
99869
99886
99906
99920
99932
99942
99943
99945
99947
99959
99970
99986
99989
99994
