0
1
2
5
6
8
11
14
20
22
23
24
25
29
33
36
37
46
48
51
53
54
55
56
57
60
61
65
66
67
68
69
70
72
73
74
76
77
80
81
84
88
89
90
92
94
99
102
104
105
106
112
113
115
116
117
120
122
126
127
128
132
133
138
139
141
144
145
146
147
150
151
158
161
163
164
168
170
171
174
180
184
187
190
192
196
197
199
201
203
204
206
212
216
218
219
221
226
230
231
232
237
242
247
249
262
264
268
269
270
272
275
276
278
279
281
285
287
288
289
294
296
297
299
300
301
306
307
309
313
314
315
317
318
322
323
325
326
328
330
336
338
340
341
348
350
353
358
360
362
365
367
370
372
373
375
379
380
382
385
386
389
392
393
398
401
403
404
407
411
413
416
417
419
423
425
426
427
428
430
433
434
437
443
444
445
448
449
450
452
453
456
458
460
462
463
465
467
471
474
475
479
481
487
491
492
493
494
498
499
503
504
506
507
508
510
513
516
519
520
521
522
524
527
528
530
531
532
533
536
539
540
541
544
546
547
548
551
553
558
560
563
567
568
571
572
574
575
577
580
582
590
591
592
595
597
598
600
601
604
607
611
613
614
615
620
622
623
624
625
627
628
630
631
634
637
638
641
642
647
648
649
654
655
656
657
661
664
665
667
673
677
678
686
688
689
690
693
697
698
700
707
712
713
717
720
723
724
725
730
731
735
741
743
744
745
747
754
755
759
762
765
766
767
771
775
779
782
784
790
791
794
799
800
811
812
813
814
816
817
818
819
822
824
832
836
837
838
841
842
847
850
851
853
864
867
869
870
871
876
877
878
880
881
882
884
885
888
891
899
900
901
905
908
909
912
913
914
915
919
920
924
933
936
939
941
945
946
948
949
950
957
959
962
966
968
969
974
975
976
981
993
994
995
999
1000
