2
21
26
48
52
60
63
64
70
76
82
84
107
110
113
119
128
129
160
165
175
176
177
181
187
189
190
192
199
207
210
222
228
235
238
243
250
252
253
259
260
266
268
277
281
296
303
306
311
316
319
326
339
356
364
373
374
377
382
386
397
410
414
428
439
449
452
468
471
499
501
507
513
516
522
527
531
575
584
598
600
610
618
655
671
674
677
681
692
701
705
719
720
733
741
743
746
752
757
759
761
763
771
774
785
788
798
806
810
816
823
827
843
859
860
863
867
878
879
885
888
893
907
920
925
940
950
956
959
964
968
976
977
982
