80004
80007
80019
80060
80064
80065
80069
80070
80076
80083
80084
80096
80113
80116
80127
80140
80142
80150
80155
80166
80169
80185
80220
80233
80236
80244
80246
80275
80280
80282
80318
80327
80339
80357
80359
80365
80369
80372
80393
80407
80427
80440
80447
80466
80468
80476
80486
80487
80496
80515
80538
80539
80555
80561
80572
80587
80598
80599
80611
80615
80642
80644
80655
80658
80667
80679
80691
80696
80708
80709
80716
80733
80740
80741
80744
80759
80764
80780
80798
80802
80808
80819
80836
80849
80880
80902
80903
80904
80915
80928
80933
80938
80949
80950
80952
80964
80991
81012
81019
81029
81056
81059
81074
81077
81090
81118
81122
81125
81126
81146
81155
81195
81202
81212
81232
81233
81239
81241
81242
81257
81270
81305
81306
81318
81323
81324
81344
81349
81354
81355
81361
81365
81395
81401
81403
81423
81431
81434
81451
81468
81480
81495
81526
81547
81549
81553
81558
81561
81562
81571
81574
81575
81588
81601
81610
81631
81634
81638
81639
81641
81655
81663
81670
81687
81710
81722
81731
81736
81739
81748
81752
81761
81771
81781
81792
81796
81797
81800
81802
81810
81813
81833
81839
81840
81852
81856
81887
81891
81906
81907
81919
81921
81947
81949
81957
81964
81971
81986
81989
82011
82019
82030
82041
82048
82066
82083
82110
82117
82133
82143
82179
82183
82212
82225
82232
82240
82241
82258
82261
82262
82267
82272
82274
82281
82282
82301
82313
82340
82358
82359
82376
82378
82381
82384
82391
82393
82396
82397
82401
82404
82420
82439
82446
82449
82454
82459
82483
82487
82509
82518
82528
82545
82566
82567
82571
82577
82585
82594
82595
82597
82634
82652
82659
82664
82675
82681
82682
82685
82689
82707
82710
82750
82751
82760
82761
82764
82769
82822
82826
82842
82844
82857
82861
82881
82893
82896
82897
82902
82907
82911
82925
82930
82933
82955
82956
82989
82993
82995
82998
83008
83012
83033
83037
83059
83063
83085
83090
83092
83094
83095
83104
83110
83114
83117
83133
83167
83179
83195
83201
83203
83238
83255
83259
83261
83269
83272
83275
83280
83296
83300
83307
83309
83319
83334
83350
83363
83365
83375
83379
83389
83400
83403
83426
83428
83434
83437
83439
83449
83450
83452
83458
83462
83473
83480
83490
83500
83527
83533
83538
83544
83549
83559
83587
83588
83595
83617
83628
83632
83634
83647
83653
83655
83664
83668
83687
83724
83732
83741
83742
83756
83760
83765
83775
83798
83810
83822
83842
83844
83847
83848
83849
83877
83886
83887
83930
83939
83948
83956
83963
83974
83983
83987
84001
84016
84044
84068
84069
84070
84077
84084
84090
84132
84144
84185
84188
84200
84216
84231
84241
84248
84253
84257
84268
84269
84271
84273
84300
84310
84331
84338
84347
84354
84355
84357
84381
84391
84394
84402
84411
84415
84420
84437
84439
84441
84446
84447
84448
84461
84465
84471
84475
84476
84484
84487
84488
84489
84500
84515
84517
84520
84521
84522
84550
84557
84568
84577
84585
84603
84606
84607
84631
84638
84654
84657
84660
84665
84669
84685
84686
84690
84733
84734
84738
84749
84750
84769
84788
84790
84807
84841
84858
84865
84866
84875
84889
84891
84896
84898
84909
84930
84933
84938
84951
84953
84954
84955
84980
84983
84987
84989
85003
85014
85029
85031
85050
85066
85073
85083
85087
85107
85113
85118
85136
85141
85153
85159
85165
85181
85184
85185
85195
85200
85214
85216
85253
85259
85280
85288
85293
85295
85298
85303
85322
85329
85332
85341
85368
85385
85390
85394
85409
85413
85439
85444
85446
85453
85466
85468
85474
85502
85505
85509
85519
85524
85533
85538
85545
85547
85550
85554
85577
85590
85597
85606
85611
85621
85624
85629
85635
85637
85657
85660
85672
85683
85693
85695
85702
85710
85718
85722
85731
85743
85748
85752
85767
85785
85793
85799
85811
85817
85824
85832
85836
85839
85848
85857
85866
85881
85889
85894
85899
85902
85905
85908
85916
85933
85942
85946
85994
85997
86004
86008
86016
86021
86032
86042
86065
86085
86097
86102
86112
86114
86117
86172
86184
86197
86207
86212
86229
86231
86235
86242
86243
86254
86270
86273
86297
86300
86303
86307
86316
86323
86336
86367
86380
86381
86384
86389
86397
86422
86423
86430
86451
86458
86485
86492
86501
86528
86535
86541
86546
86549
86571
86579
86595
86630
86640
86648
86658
86660
86666
86674
86688
86694
86706
86714
86727
86731
86732
86738
86740
86742
86746
86770
86773
86774
86787
86810
86811
86815
86833
86837
86842
86845
86847
86861
86865
86875
86884
86961
86990
86992
86994
87002
87021
87023
87049
87065
87079
87105
87134
87167
87183
87185
87191
87199
87210
87211
87231
87233
87240
87243
87250
87269
87280
87287
87297
87298
87302
87317
87320
87330
87333
87355
87359
87371
87376
87377
87385
87413
87433
87434
87441
87487
87496
87507
87510
87547
87548
87554
87557
87563
87569
87579
87596
87597
87611
87627
87645
87646
87650
87652
87654
87680
87694
87715
87719
87724
87733
87738
87747
87762
87764
87765
87778
87779
87780
87811
87817
87829
87838
87850
87865
87868
87869
87877
87878
87880
87882
87895
87898
87913
87917
87921
87950
87955
87967
87968
87992
87997
88020
88041
88043
88047
88050
88080
88092
88096
88099
88108
88123
88136
88154
88166
88173
88192
88198
88204
88215
88221
88222
88226
88235
88249
88259
88261
88269
88274
88298
88309
88314
88321
88335
88336
88338
88349
88350
88352
88374
88380
88383
88410
88418
88420
88424
88437
88438
88454
88460
88471
88480
88497
88501
88509
88511
88520
88524
88533
88541
88551
88555
88561
88569
88592
88594
88610
88614
88617
88623
88627
88632
88634
88635
88651
88670
88674
88678
88696
88704
88710
88717
88731
88737
88755
88765
88766
88771
88785
88786
88797
88798
88830
88833
88835
88846
88859
88878
88880
88884
88913
88922
88942
88947
88953
88956
88964
88968
88973
88980
88982
88990
88996
89001
89005
89009
89030
89044
89046
89060
89072
89092
89093
89111
89117
89121
89127
89148
89155
89157
89161
89172
89182
89185
89201
89214
89230
89231
89242
89244
89249
89254
89274
89279
89284
89292
89296
89321
89322
89329
89347
89350
89352
89355
89359
89362
89368
89369
89372
89383
89390
89398
89406
89408
89416
89424
89426
89428
89438
89439
89444
89452
89506
89511
89550
89551
89554
89555
89561
89566
89573
89585
89590
89599
89602
89606
89620
89627
89647
89650
89654
89666
89694
89705
89711
89731
89742
89748
89753
89764
89784
89785
89786
89793
89799
89822
89825
89829
89832
89835
89836
89839
89843
89866
89868
89873
89884
89914
89915
89926
89935
89967
89969
89971
89975
89986
89988
89989
89996
90005
90026
90031
90041
90071
90072
90074
90083
90113
90118
90129
90133
90144
90152
90156
90163
90166
90172
90178
90179
90186
90189
90211
90212
90215
90222
90229
90247
90264
90272
90277
90288
90289
90297
90310
90324
90330
90355
90356
90375
90380
90411
90412
90422
90426
90429
90430
90435
90452
90454
90457
90465
90471
90493
90503
90522
90548
90550
90570
90581
90585
90592
90598
90602
90637
90646
90651
90653
90660
90663
90666
90667
90674
90691
90718
90730
90732
90747
90750
90754
90756
90758
90773
90777
90791
90798
90808
90817
90819
90821
90832
90841
90848
90852
90855
90856
90863
90867
90877
90901
90903
90910
90912
90914
90932
90933
90942
90948
90956
90958
90969
90972
90973
90974
90975
90989
90991
91005
91008
91014
91019
91020
91041
91042
91043
91044
91055
91056
91058
91060
91086
91089
91100
91106
91113
91122
91139
91150
91166
91174
91175
91184
91201
91226
91237
91271
91276
91279
91280
91281
91290
91307
91312
91314
91324
91348
91360
91386
91392
91400
91415
91416
91419
91422
91429
91437
91442
91472
91485
91490
91494
91499
91513
91515
91528
91532
91533
91540
91542
91552
91553
91555
91557
91561
91565
91585
91586
91600
91602
91605
91614
91619
91620
91635
91654
91655
91656
91687
91692
91702
91706
91712
91722
91731
91733
91741
91768
91774
91784
91799
91805
91808
91813
91814
91818
91835
91849
91885
91892
91895
91899
91925
91934
91935
91939
91941
91958
91966
91977
91978
91979
91986
91999
92000
92012
92028
92032
92064
92067
92078
92081
92091
92124
92127
92187
92196
92204
92208
92220
92228
92235
92245
92251
92268
92272
92280
92287
92293
92304
92305
92306
92325
92330
92334
92336
92344
92347
92359
92368
92380
92381
92406
92410
92411
92415
92435
92437
92439
92443
92445
92457
92459
92463
92468
92480
92487
92494
92528
92543
92549
92554
92569
92579
92582
92583
92588
92595
92616
92630
92631
92634
92660
92664
92681
92688
92696
92699
92706
92709
92719
92724
92733
92735
92737
92763
92769
92779
92793
92810
92813
92814
92817
92830
92837
92847
92848
92852
92858
92861
92871
92889
92909
92913
92919
92922
92927
92936
92948
92960
92964
92976
92985
92988
92991
93018
93049
93054
93062
93066
93074
93081
93082
93089
93104
93116
93119
93130
93131
93137
93139
93140
93145
93182
93203
93230
93247
93254
93273
93291
93303
93312
93322
93330
93342
93346
93348
93356
93370
93372
93409
93416
93421
93435
93466
93470
93486
93502
93545
93546
93548
93553
93572
93590
93594
93595
93602
93612
93613
93615
93633
93634
93635
93636
93640
93655
93687
93690
93702
93709
93716
93718
93750
93762
93778
93780
93784
93817
93831
93836
93842
93854
93856
93889
93950
93969
93971
93982
93985
93998
94009
94010
94013
94021
94022
94023
94036
94039
94052
94056
94067
94072
94079
94107
94115
94128
94131
94132
94155
94156
94158
94161
94173
94176
94189
94192
94215
94226
94229
94252
94267
94273
94279
94284
94298
94311
94313
94314
94331
94334
94337
94361
94374
94377
94388
94389
94392
94412
94417
94436
94452
94453
94499
94517
94531
94535
94537
94566
94594
94596
94597
94603
94611
94626
94637
94648
94665
94674
94676
94680
94686
94695
94715
94748
94765
94766
94767
94781
94782
94786
94794
94803
94823
94825
94834
94840
94847
94859
94862
94868
94889
94921
94927
94945
94948
94949
94961
94974
94982
94983
94995
94998
95008
95011
95017
95018
95029
95031
95041
95047
95051
95079
95080
95082
95087
95106
95107
95108
95120
95122
95124
95135
95139
95145
95156
95159
95175
95176
95177
95189
95209
95228
95243
95272
95282
95283
95284
95301
95310
95314
95322
95340
95352
95363
95372
95379
95405
95406
95414
95417
95429
95434
95442
95445
95446
95459
95463
95475
95483
95485
95487
95508
95514
95515
95530
95550
95552
95559
95563
95564
95566
95573
95576
95664
95669
95679
95680
95688
95695
95698
95710
95727
95745
95783
95804
95813
95817
95819
95823
95849
95860
95869
95875
95885
95895
95923
95930
95945
95946
95950
95954
95963
95974
95979
96010
96011
96023
96026
96032
96035
96045
96049
96051
96064
96073
96086
96089
96091
96093
96095
96101
96104
96116
96118
96126
96128
96130
96155
96166
96175
96185
96188
96189
96193
96199
96204
96208
96211
96217
96220
96224
96225
96236
96239
96241
96250
96260
96269
96294
96295
96298
96303
96314
96336
96346
96356
96367
96372
96383
96390
96394
96409
96418
96430
96442
96456
96468
96483
96491
96493
96516
96517
96523
96526
96527
96530
96546
96549
96555
96559
96563
96565
96567
96568
96584
96586
96592
96599
96612
96614
96615
96625
96632
96633
96635
96659
96665
96670
96676
96704
96705
96725
96726
96733
96740
96763
96775
96776
96778
96789
96797
96801
96809
96814
96827
96849
96869
96876
96892
96905
96915
96927
96928
96935
96943
96970
96971
96977
97002
97006
97014
97038
97048
97064
97071
97072
97074
97090
97094
97108
97112
97129
97150
97152
97176
97188
97205
97215
97219
97232
97241
97244
97258
97260
97271
97274
97275
97278
97289
97300
97303
97307
97310
97313
97314
97320
97327
97328
97336
97365
97370
97380
97388
97394
97395
97403
97407
97422
97437
97464
97478
97482
97494
97535
97542
97563
97569
97596
97609
97623
97632
97636
97643
97645
97664
97669
97670
97679
97686
97701
97703
97718
97725
97742
97745
97746
97756
97765
97777
97781
97790
97800
97812
97821
97839
97854
97863
97869
97875
97896
97912
97916
97934
97945
97947
97953
97954
97956
97959
97976
97980
98012
98015
98019
98022
98032
98033
98039
98077
98084
98096
98123
98132
98145
98149
98162
98181
98183
98189
98198
98236
98246
98251
98261
98301
98308
98310
98321
98353
98355
98364
98401
98422
98426
98447
98449
98451
98456
98478
98481
98484
98493
98498
98503
98519
98523
98524
98528
98548
98556
98558
98561
98563
98565
98581
98587
98591
98603
98604
98622
98626
98645
98656
98669
98678
98680
98684
98695
98698
98703
98712
98719
98723
98733
98753
98755
98757
98763
98777
98780
98796
98826
98837
98841
98844
98851
98852
98857
98867
98876
98884
98888
98896
98897
98901
98926
98937
98944
98946
98951
98955
98964
98991
98997
98998
99005
99012
99016
99031
99060
99065
99068
99072
99087
99106
99120
99126
99140
99143
99145
99147
99151
99152
99166
99177
99185
99188
99194
99228
99236
99251
99265
99269
99280
99308
99316
99320
99326
99328
99341
99345
99346
99363
99375
99384
99395
99403
99408
99428
99445
99452
99453
99467
99476
99489
99494
99504
99517
99523
99533
99545
99547
99558
99590
99591
99641
99666
99670
99683
99687
99700
99712
99713
99725
99742
99752
99769
99786
99787
99791
99800
99807
99827
99846
99860
99866
99874
99881
99902
99912
99916
99928
99963
99980
99984
99987
