80001
80002
80003
80004
80005
80006
80007
80016
80018
80019
80022
80024
80025
80027
80029
80030
80035
80036
80040
80041
80043
80044
80049
80056
80057
80059
80061
80064
80065
80066
80067
80072
80074
80078
80079
80080
80087
80093
80096
80099
80100
80101
80103
80104
80105
80106
80112
80114
80117
80121
80122
80123
80125
80128
80129
80135
80137
80138
80139
80140
80142
80147
80148
80150
80151
80154
80160
80162
80168
80170
80173
80178
80183
80184
80186
80191
80193
80197
80203
80205
80207
80208
80209
80210
80212
80215
80218
80222
80224
80227
80238
80242
80246
80250
80251
80253
80261
80264
80267
80273
80276
80280
80286
80291
80299
80306
80309
80310
80313
80316
80318
80319
80322
80323
80324
80325
80326
80329
80330
80337
80346
80348
80349
80353
80355
80356
80364
80366
80375
80379
80380
80381
80385
80387
80389
80392
80396
80397
80402
80404
80405
80412
80413
80414
80416
80418
80419
80420
80422
80427
80433
80435
80436
80441
80442
80444
80445
80446
80447
80450
80452
80454
80456
80464
80465
80468
80469
80470
80472
80479
80482
80485
80486
80489
80490
80491
80495
80496
80501
80503
80504
80505
80506
80507
80509
80512
80516
80519
80523
80524
80526
80533
80536
80539
80542
80545
80558
80562
80569
80571
80572
80576
80583
80592
80593
80596
80598
80602
80606
80608
80610
80613
80614
80617
80618
80620
80621
80626
80627
80628
80629
80630
80631
80632
80634
80640
80643
80646
80650
80651
80656
80658
80659
80660
80661
80667
80669
80671
80673
80674
80675
80683
80688
80691
80692
80693
80703
80709
80710
80711
80712
80715
80719
80725
80726
80732
80735
80738
80739
80740
80741
80742
80744
80746
80747
80748
80750
80751
80759
80760
80761
80765
80766
80769
80777
80782
80785
80786
80788
80790
80791
80794
80796
80797
80798
80799
80803
80804
80808
80813
80814
80820
80821
80822
80826
80828
80829
80833
80834
80835
80837
80840
80842
80843
80844
80846
80851
80853
80855
80856
80857
80858
80859
80861
80862
80869
80872
80874
80876
80877
80880
80881
80883
80884
80885
80887
80888
80890
80893
80895
80896
80902
80904
80905
80911
80915
80917
80919
80921
80923
80926
80927
80930
80932
80934
80935
80939
80940
80941
80944
80945
80947
80952
80954
80957
80959
80960
80963
80966
80967
80970
80972
80975
80976
80977
80979
80980
80987
80991
81001
81002
81005
81010
81012
81014
81015
81017
81018
81020
81021
81028
81029
81034
81035
81037
81039
81040
81043
81049
81051
81053
81054
81056
81057
81063
81064
81065
81066
81073
81075
81076
81078
81084
81085
81093
81096
81098
81100
81103
81105
81107
81110
81119
81120
81128
81134
81135
81136
81142
81145
81148
81150
81153
81159
81160
81162
81163
81165
81167
81173
81176
81178
81181
81184
81186
81188
81189
81193
81197
81198
81200
81204
81205
81206
81209
81214
81221
81223
81225
81226
81227
81229
81233
81234
81235
81237
81239
81240
81241
81242
81244
81250
81251
81253
81255
81256
81259
81261
81262
81264
81267
81269
81280
81281
81283
81288
81290
81295
81297
81298
81300
81305
81306
81313
81317
81318
81320
81321
81322
81330
81334
81335
81336
81338
81342
81345
81348
81349
81350
81358
81359
81362
81363
81366
81368
81369
81374
81375
81377
81382
81385
81389
81392
81394
81395
81399
81401
81402
81403
81405
81406
81411
81414
81418
81421
81425
81426
81427
81428
81430
81432
81437
81441
81445
81446
81448
81450
81459
81465
81466
81468
81469
81472
81476
81480
81483
81485
81488
81489
81491
81492
81494
81497
81506
81508
81511
81513
81515
81517
81519
81522
81527
81530
81532
81535
81537
81540
81547
81548
81556
81558
81560
81562
81565
81566
81568
81575
81577
81579
81580
81582
81583
81585
81587
81594
81596
81598
81602
81603
81606
81609
81610
81614
81617
81620
81621
81629
81630
81634
81638
81639
81641
81643
81648
81649
81652
81661
81664
81665
81670
81675
81677
81678
81679
81686
81688
81689
81691
81694
81699
81700
81702
81704
81705
81707
81712
81713
81716
81719
81721
81723
81730
81731
81732
81733
81738
81739
81742
81745
81751
81752
81753
81757
81761
81762
81763
81766
81767
81770
81772
81773
81774
81776
81780
81783
81784
81785
81786
81788
81789
81791
81792
81794
81796
81805
81807
81808
81810
81812
81814
81815
81816
81821
81822
81828
81832
81833
81835
81836
81841
81848
81849
81851
81868
81869
81870
81875
81880
81881
81882
81885
81889
81890
81891
81892
81893
81896
81897
81899
81902
81903
81904
81909
81910
81911
81912
81913
81917
81927
81929
81930
81932
81935
81937
81942
81947
81954
81955
81956
81958
81959
81960
81961
81969
81971
81972
81977
81983
81987
81989
81999
82000
82003
82004
82006
82007
82008
82009
82014
82017
82018
82020
82021
82026
82028
82031
82034
82039
82041
82043
82045
82046
82049
82054
82059
82060
82064
82067
82068
82074
82076
82077
82079
82080
82081
82086
82094
82098
82101
82106
82111
82114
82122
82124
82127
82130
82138
82141
82142
82146
82149
82158
82160
82161
82162
82169
82171
82176
82178
82180
82183
82185
82186
82188
82189
82190
82193
82198
82199
82200
82205
82212
82217
82219
82220
82222
82223
82227
82230
82232
82233
82235
82238
82243
82249
82250
82251
82253
82257
82259
82261
82262
82264
82265
82269
82273
82276
82279
82281
82283
82289
82290
82291
82292
82293
82294
82299
82302
82305
82306
82308
82311
82313
82314
82316
82317
82318
82320
82321
82324
82327
82346
82348
82350
82358
82361
82366
82367
82370
82379
82382
82385
82386
82389
82395
82396
82399
82400
82401
82405
82406
82407
82408
82409
82410
82413
82414
82415
82417
82420
82422
82426
82431
82432
82433
82435
82439
82440
82442
82445
82447
82448
82449
82450
82452
82453
82455
82465
82476
82486
82488
82493
82496
82500
82501
82502
82507
82508
82511
82514
82515
82520
82522
82523
82526
82534
82537
82538
82551
82552
82555
82557
82562
82567
82568
82569
82577
82578
82580
82581
82585
82586
82589
82591
82592
82593
82598
82601
82602
82609
82611
82615
82617
82622
82625
82628
82630
82631
82632
82633
82640
82643
82646
82649
82651
82652
82658
82659
82665
82668
82670
82672
82674
82677
82682
82685
82686
82690
82693
82696
82697
82698
82703
82707
82709
82710
82711
82716
82718
82719
82725
82726
82732
82735
82743
82744
82745
82746
82752
82756
82757
82758
82760
82761
82763
82765
82768
82769
82773
82774
82776
82779
82780
82781
82782
82783
82785
82789
82793
82795
82799
82802
82809
82810
82812
82814
82815
82821
82822
82823
82826
82832
82834
82843
82845
82846
82854
82855
82857
82858
82861
82862
82864
82867
82869
82870
82874
82878
82880
82881
82886
82891
82895
82903
82904
82905
82912
82913
82914
82915
82916
82918
82926
82928
82929
82930
82931
82932
82934
82935
82936
82941
82944
82949
82952
82953
82959
82964
82965
82966
82973
82975
82976
82977
82981
82988
82990
82992
82995
82997
83007
83009
83010
83015
83016
83018
83022
83027
83029
83031
83032
83034
83035
83037
83039
83045
83048
83055
83056
83059
83060
83062
83063
83064
83065
83067
83069
83072
83074
83075
83078
83088
83096
83097
83098
83099
83102
83105
83111
83115
83116
83117
83118
83120
83121
83128
83130
83136
83137
83139
83140
83144
83145
83154
83157
83158
83170
83172
83175
83185
83186
83187
83188
83189
83193
83195
83198
83201
83204
83205
83208
83211
83213
83217
83218
83220
83227
83228
83231
83234
83236
83238
83239
83242
83243
83244
83249
83252
83254
83255
83256
83260
83268
83270
83271
83272
83273
83275
83277
83278
83279
83284
83288
83289
83297
83308
83310
83312
83316
83318
83320
83321
83325
83327
83331
83335
83338
83345
83349
83351
83355
83356
83358
83359
83362
83363
83364
83366
83370
83374
83376
83378
83380
83381
83382
83384
83388
83390
83394
83395
83396
83399
83403
83410
83415
83426
83427
83429
83435
83436
83440
83441
83442
83448
83454
83455
83456
83458
83461
83463
83464
83465
83467
83469
83470
83476
83478
83480
83482
83487
83488
83491
83497
83498
83502
83505
83508
83509
83510
83522
83525
83529
83530
83532
83533
83534
83539
83542
83543
83546
83547
83550
83552
83553
83556
83561
83563
83566
83567
83570
83573
83575
83576
83578
83586
83588
83590
83593
83594
83598
83602
83605
83607
83610
83613
83614
83616
83618
83619
83620
83621
83622
83624
83629
83634
83636
83638
83644
83645
83649
83650
83652
83653
83655
83657
83658
83659
83662
83666
83671
83674
83675
83676
83677
83678
83680
83681
83682
83683
83684
83685
83687
83690
83691
83694
83703
83704
83705
83707
83709
83710
83714
83716
83718
83719
83722
83724
83728
83730
83731
83732
83737
83738
83740
83744
83746
83748
83752
83754
83755
83760
83763
83764
83765
83768
83769
83774
83776
83777
83791
83792
83797
83799
83802
83803
83806
83808
83812
83819
83822
83825
83826
83828
83829
83830
83836
83838
83842
83844
83851
83852
83853
83876
83881
83883
83889
83892
83895
83898
83901
83902
83903
83904
83906
83907
83913
83918
83919
83920
83925
83926
83928
83929
83935
83936
83937
83938
83943
83946
83948
83951
83953
83955
83956
83963
83965
83967
83968
83969
83973
83976
83979
83981
83982
83983
83985
83991
83992
83995
83997
83999
84007
84010
84015
84016
84020
84021
84022
84026
84030
84031
84033
84034
84036
84041
84042
84047
84050
84052
84053
84055
84061
84063
84064
84067
84073
84074
84076
84077
84080
84082
84083
84084
84093
84095
84104
84105
84111
84114
84118
84120
84122
84124
84127
84128
84129
84130
84133
84136
84138
84140
84144
84152
84153
84154
84156
84161
84162
84164
84167
84169
84179
84185
84188
84189
84191
84192
84199
84210
84211
84217
84222
84223
84224
84226
84236
84237
84239
84240
84242
84249
84250
84257
84260
84263
84264
84267
84269
84271
84273
84274
84276
84280
84282
84284
84285
84288
84293
84295
84296
84297
84298
84301
84302
84305
84306
84311
84314
84322
84324
84328
84332
84334
84335
84340
84343
84344
84348
84352
84360
84362
84363
84365
84366
84368
84369
84373
84376
84379
84383
84384
84385
84386
84397
84398
84401
84402
84409
84413
84418
84419
84425
84427
84429
84430
84431
84433
84434
84435
84437
84441
84444
84448
84449
84452
84454
84464
84466
84468
84469
84476
84478
84483
84484
84487
84490
84494
84495
84496
84507
84510
84513
84515
84516
84517
84518
84519
84521
84526
84527
84529
84530
84535
84540
84541
84544
84547
84549
84550
84552
84554
84558
84559
84568
84572
84576
84577
84578
84579
84584
84588
84589
84592
84593
84594
84598
84601
84606
84608
84610
84611
84616
84618
84620
84623
84628
84632
84634
84635
84636
84639
84641
84643
84647
84648
84649
84655
84657
84659
84660
84668
84669
84671
84672
84677
84679
84680
84684
84688
84689
84690
84692
84695
84697
84699
84704
84706
84707
84713
84716
84723
84726
84727
84729
84733
84736
84739
84740
84741
84743
84749
84750
84751
84754
84758
84759
84762
84766
84770
84774
84775
84776
84783
84784
84785
84786
84788
84789
84792
84794
84796
84799
84800
84805
84806
84810
84815
84821
84822
84824
84825
84827
84834
84837
84838
84841
84843
84849
84853
84857
84859
84861
84864
84865
84866
84868
84869
84875
84877
84881
84889
84890
84892
84893
84902
84903
84904
84906
84907
84915
84919
84927
84932
84933
84934
84936
84947
84948
84949
84951
84956
84960
84965
84966
84967
84978
84979
84980
84981
84982
84983
84995
84998
85001
85002
85004
85008
85009
85011
85012
85013
85014
85019
85020
85021
85022
85024
85025
85029
85031
85034
85037
85038
85039
85047
85051
85052
85053
85054
85055
85060
85064
85065
85067
85068
85069
85071
85073
85074
85079
85080
85083
85090
85092
85095
85096
85101
85104
85107
85111
85115
85121
85122
85125
85128
85129
85133
85136
85137
85138
85139
85141
85142
85144
85147
85151
85153
85157
85159
85160
85163
85165
85166
85167
85168
85170
85171
85172
85173
85176
85177
85180
85183
85184
85200
85201
85202
85203
85205
85208
85214
85215
85218
85223
85224
85228
85239
85242
85243
85257
85258
85262
85265
85268
85275
85276
85277
85280
85288
85294
85297
85299
85300
85301
85302
85303
85305
85306
85307
85308
85312
85315
85316
85317
85319
85320
85321
85322
85326
85327
85331
85334
85335
85336
85337
85343
85344
85345
85347
85350
85351
85352
85359
85361
85362
85364
85365
85368
85370
85374
85375
85376
85378
85381
85384
85385
85386
85387
85389
85391
85392
85397
85398
85399
85401
85402
85403
85406
85407
85408
85413
85414
85419
85420
85422
85424
85426
85428
85431
85436
85439
85440
85441
85444
85445
85446
85452
85453
85457
85458
85459
85461
85463
85466
85467
85468
85481
85484
85485
85488
85489
85492
85505
85508
85511
85514
85516
85518
85522
85525
85527
85533
85534
85537
85538
85539
85543
85544
85545
85546
85552
85559
85561
85562
85564
85569
85573
85575
85576
85577
85578
85580
85582
85583
85587
85589
85590
85593
85594
85598
85599
85600
85602
85604
85609
85610
85611
85616
85617
85618
85619
85620
85623
85626
85627
85630
85633
85636
85637
85640
85641
85643
85644
85648
85650
85651
85654
85658
85664
85672
85675
85679
85682
85684
85685
85686
85687
85691
85697
85698
85702
85704
85706
85709
85710
85711
85712
85714
85721
85723
85724
85725
85727
85731
85734
85748
85751
85755
85756
85757
85759
85763
85768
85778
85782
85783
85785
85790
85791
85792
85798
85800
85804
85811
85815
85816
85818
85819
85821
85822
85824
85826
85828
85830
85832
85833
85835
85836
85838
85839
85840
85842
85844
85851
85853
85858
85859
85861
85865
85869
85876
85878
85879
85883
85886
85889
85891
85892
85895
85897
85902
85908
85909
85910
85913
85917
85922
85926
85928
85929
85936
85937
85938
85939
85940
85942
85943
85946
85948
85951
85953
85956
85959
85960
85961
85962
85964
85967
85968
85970
85972
85973
85978
85981
85988
85989
85990
85991
85994
85995
85997
85999
86004
86006
86009
86012
86013
86021
86023
86024
86027
86030
86031
86036
86037
86039
86044
86045
86049
86051
86052
86055
86056
86060
86062
86064
86066
86069
86072
86075
86078
86082
86084
86085
86086
86095
86097
86103
86104
86106
86107
86110
86112
86113
86114
86116
86117
86119
86123
86127
86129
86135
86136
86139
86140
86142
86146
86147
86148
86149
86152
86156
86157
86161
86162
86164
86179
86180
86182
86195
86196
86198
86209
86212
86215
86218
86220
86222
86227
86228
86233
86239
86243
86250
86251
86252
86255
86264
86265
86267
86271
86273
86276
86278
86280
86281
86282
86287
86289
86292
86299
86300
86301
86307
86309
86310
86315
86317
86319
86321
86322
86323
86324
86325
86326
86327
86331
86338
86339
86341
86344
86347
86348
86350
86354
86357
86361
86364
86367
86369
86371
86373
86374
86376
86378
86383
86384
86386
86389
86393
86394
86395
86401
86403
86405
86410
86411
86412
86414
86415
86419
86420
86421
86422
86425
86426
86429
86431
86434
86436
86438
86445
86447
86450
86451
86453
86459
86461
86462
86463
86473
86479
86480
86481
86483
86487
86496
86497
86505
86507
86513
86516
86519
86520
86522
86526
86530
86531
86533
86534
86535
86537
86539
86540
86541
86542
86544
86546
86549
86552
86554
86556
86557
86559
86561
86563
86565
86566
86569
86570
86573
86575
86578
86579
86580
86584
86586
86591
86592
86593
86597
86600
86601
86603
86604
86607
86608
86609
86610
86612
86614
86615
86616
86617
86618
86621
86626
86629
86633
86636
86638
86641
86645
86648
86651
86653
86654
86656
86657
86658
86660
86662
86663
86665
86666
86667
86668
86670
86678
86680
86682
86684
86688
86690
86692
86694
86695
86700
86704
86707
86708
86710
86712
86715
86719
86721
86722
86723
86724
86725
86726
86728
86730
86731
86733
86737
86739
86742
86744
86749
86754
86756
86759
86761
86763
86767
86768
86772
86773
86775
86776
86778
86783
86786
86790
86791
86794
86795
86796
86797
86798
86802
86807
86808
86811
86813
86815
86819
86820
86821
86822
86823
86825
86829
86832
86833
86835
86837
86838
86841
86842
86843
86845
86846
86849
86851
86852
86854
86856
86857
86859
86860
86862
86865
86867
86872
86877
86881
86883
86886
86889
86891
86893
86896
86898
86900
86901
86902
86903
86905
86906
86907
86909
86911
86916
86917
86920
86925
86927
86928
86931
86932
86934
86937
86940
86946
86947
86950
86952
86953
86954
86956
86960
86969
86970
86973
86975
86976
86977
86978
86979
86983
86985
86986
86988
86989
86991
86993
86998
86999
87002
87004
87006
87012
87014
87015
87019
87024
87025
87027
87028
87033
87034
87036
87037
87041
87042
87043
87044
87049
87057
87060
87063
87066
87076
87078
87079
87080
87083
87090
87091
87092
87095
87098
87099
87103
87106
87110
87112
87113
87114
87120
87122
87129
87131
87133
87135
87136
87137
87144
87145
87147
87148
87150
87152
87153
87154
87156
87157
87158
87162
87163
87165
87166
87167
87169
87171
87175
87176
87180
87185
87188
87189
87193
87198
87199
87200
87201
87203
87206
87207
87213
87214
87216
87217
87218
87219
87221
87222
87224
87225
87226
87229
87230
87232
87234
87235
87239
87240
87241
87244
87247
87248
87251
87255
87257
87259
87266
87269
87273
87274
87275
87276
87280
87281
87283
87288
87291
87293
87295
87296
87300
87303
87305
87307
87308
87309
87310
87313
87315
87318
87319
87322
87323
87327
87328
87331
87332
87333
87339
87341
87342
87348
87351
87353
87357
87358
87360
87362
87370
87372
87373
87378
87380
87384
87387
87388
87389
87392
87395
87398
87402
87406
87407
87408
87414
87415
87422
87423
87425
87428
87432
87438
87440
87443
87449
87450
87451
87452
87454
87457
87458
87459
87461
87462
87465
87469
87470
87472
87475
87477
87482
87483
87486
87487
87492
87494
87499
87503
87508
87510
87512
87515
87516
87519
87520
87524
87525
87526
87531
87533
87538
87542
87544
87548
87552
87553
87556
87558
87560
87563
87569
87570
87573
87575
87576
87577
87581
87588
87593
87598
87602
87603
87610
87613
87614
87616
87619
87620
87625
87631
87635
87638
87639
87640
87647
87648
87649
87650
87651
87653
87656
87658
87666
87667
87674
87678
87683
87684
87685
87686
87688
87689
87690
87693
87701
87702
87705
87707
87711
87713
87716
87717
87718
87719
87720
87723
87727
87728
87738
87740
87742
87747
87750
87751
87757
87758
87762
87763
87764
87768
87770
87771
87776
87778
87782
87791
87795
87798
87803
87812
87821
87825
87827
87828
87830
87833
87842
87845
87846
87847
87850
87851
87852
87854
87856
87858
87859
87869
87871
87872
87874
87876
87877
87879
87880
87881
87892
87893
87896
87900
87902
87906
87907
87908
87909
87911
87913
87915
87916
87917
87918
87920
87921
87926
87928
87934
87935
87936
87942
87943
87945
87948
87949
87953
87955
87958
87962
87965
87968
87970
87976
87977
87978
87982
87987
87997
87998
88002
88008
88009
88012
88014
88019
88021
88028
88033
88040
88049
88051
88052
88053
88056
88057
88058
88060
88061
88063
88066
88072
88075
88079
88083
88084
88094
88100
88102
88107
88110
88112
88117
88118
88120
88129
88131
88132
88134
88136
88144
88151
88152
88153
88154
88161
88167
88168
88169
88174
88176
88179
88181
88186
88193
88194
88196
88198
88203
88204
88208
88209
88215
88218
88223
88228
88231
88233
88234
88237
88238
88239
88240
88244
88249
88250
88252
88254
88255
88258
88264
88266
88269
88270
88278
88283
88284
88285
88289
88292
88294
88297
88298
88301
88306
88313
88314
88316
88317
88318
88324
88325
88327
88328
88329
88331
88334
88335
88336
88339
88340
88343
88345
88348
88353
88354
88356
88357
88363
88364
88367
88368
88379
88380
88381
88382
88389
88390
88394
88396
88397
88399
88403
88405
88407
88413
88414
88416
88417
88419
88423
88424
88425
88429
88431
88436
88438
88439
88441
88442
88445
88446
88447
88448
88450
88454
88455
88457
88458
88459
88465
88466
88467
88469
88476
88478
88482
88485
88487
88489
88490
88491
88492
88495
88496
88497
88505
88506
88507
88508
88511
88513
88514
88515
88518
88521
88523
88528
88529
88533
88534
88535
88536
88543
88544
88545
88546
88548
88549
88552
88554
88555
88557
88563
88564
88565
88566
88567
88569
88571
88572
88574
88575
88577
88583
88587
88588
88590
88591
88593
88595
88597
88598
88603
88605
88608
88614
88621
88625
88628
88629
88630
88633
88638
88639
88640
88641
88644
88646
88647
88650
88653
88654
88661
88665
88666
88671
88672
88674
88680
88681
88683
88684
88685
88686
88689
88690
88691
88694
88695
88696
88699
88703
88707
88711
88713
88716
88718
88723
88730
88733
88734
88735
88736
88738
88742
88744
88745
88747
88755
88757
88758
88759
88760
88761
88765
88769
88770
88772
88774
88779
88786
88787
88788
88794
88795
88798
88800
88802
88804
88809
88811
88814
88816
88820
88824
88825
88837
88838
88840
88841
88842
88844
88855
88856
88857
88859
88860
88861
88864
88872
88873
88874
88876
88880
88881
88883
88885
88889
88890
88893
88895
88901
88903
88904
88905
88910
88912
88915
88920
88926
88927
88928
88930
88932
88933
88945
88948
88952
88954
88957
88959
88963
88964
88965
88967
88969
88972
88973
88977
88978
88979
88984
88986
88991
88992
88994
88996
88998
89000
89001
89008
89014
89016
89017
89019
89021
89023
89025
89026
89029
89030
89032
89033
89034
89038
89041
89043
89053
89057
89058
89062
89064
89069
89070
89072
89074
89076
89077
89078
89080
89081
89086
89087
89090
89093
89097
89098
89100
89105
89110
89113
89114
89115
89117
89120
89126
89128
89133
89134
89135
89141
89144
89145
89146
89147
89154
89162
89164
89165
89181
89183
89184
89186
89190
89192
89194
89195
89202
89206
89208
89209
89210
89215
89219
89225
89230
89232
89234
89239
89244
89245
89248
89249
89254
89257
89259
89260
89265
89267
89269
89272
89273
89274
89277
89283
89285
89286
89289
89291
89292
89293
89296
89300
89312
89314
89315
89316
89319
89321
89322
89323
89324
89327
89332
89334
89336
89337
89339
89344
89346
89348
89349
89355
89356
89359
89364
89365
89366
89370
89372
89375
89379
89380
89381
89382
89386
89388
89389
89391
89392
89394
89395
89397
89398
89399
89402
89404
89409
89410
89412
89414
89415
89419
89423
89424
89428
89430
89432
89437
89438
89444
89449
89450
89456
89468
89470
89472
89473
89477
89478
89480
89482
89483
89484
89485
89487
89495
89497
89498
89499
89500
89505
89507
89508
89510
89515
89517
89520
89522
89523
89524
89526
89528
89529
89531
89535
89538
89540
89541
89543
89547
89548
89551
89552
89553
89554
89556
89558
89559
89564
89565
89568
89571
89576
89577
89582
89583
89585
89588
89589
89593
89595
89597
89599
89614
89615
89617
89619
89620
89622
89623
89624
89628
89629
89630
89631
89633
89634
89638
89639
89640
89641
89644
89650
89652
89653
89656
89660
89661
89662
89664
89666
89679
89680
89682
89684
89686
89688
89690
89695
89696
89698
89701
89707
89708
89712
89715
89721
89726
89730
89731
89733
89735
89743
89745
89747
89750
89751
89752
89753
89758
89765
89766
89767
89769
89770
89771
89772
89777
89779
89782
89785
89788
89789
89792
89793
89796
89799
89801
89802
89803
89805
89809
89816
89817
89818
89821
89823
89830
89831
89832
89835
89844
89847
89849
89851
89853
89855
89856
89858
89859
89861
89862
89866
89868
89869
89871
89874
89875
89878
89879
89880
89884
89885
89886
89888
89889
89895
89899
89901
89908
89910
89911
89912
89913
89915
89917
89921
89922
89923
89930
89931
89934
89938
89940
89941
89943
89945
89947
89948
89950
89952
89953
89954
89958
89961
89963
89966
89968
89970
89972
89974
89981
89984
89987
89988
89990
89994
89998
90002
90003
90009
90010
90019
90020
90023
90025
90026
90028
90029
90030
90032
90034
90037
90038
90043
90045
90048
90050
90051
90054
90056
90063
90068
90069
90072
90073
90074
90075
90078
90079
90083
90088
90090
90092
90095
90096
90097
90100
90101
90106
90107
90112
90114
90115
90118
90121
90134
90135
90136
90137
90139
90146
90149
90150
90151
90155
90156
90157
90159
90163
90166
90168
90172
90173
90174
90176
90178
90182
90187
90188
90200
90204
90205
90209
90216
90219
90220
90221
90222
90224
90225
90227
90229
90242
90248
90249
90252
90254
90256
90259
90260
90263
90271
90275
90276
90278
90282
90285
90290
90292
90293
90296
90302
90303
90305
90308
90309
90317
90321
90322
90323
90324
90334
90336
90337
90338
90339
90346
90347
90351
90352
90353
90354
90355
90357
90359
90364
90368
90371
90372
90375
90378
90379
90383
90385
90387
90388
90394
90396
90401
90402
90403
90404
90406
90410
90412
90414
90421
90422
90423
90424
90425
90430
90431
90432
90433
90435
90436
90437
90438
90439
90440
90441
90442
90445
90450
90452
90455
90458
90460
90461
90464
90465
90466
90471
90473
90478
90481
90487
90488
90489
90501
90505
90511
90513
90515
90516
90519
90521
90524
90527
90528
90530
90532
90535
90536
90538
90542
90544
90545
90548
90549
90551
90555
90559
90562
90565
90566
90572
90573
90575
90576
90584
90587
90590
90592
90600
90601
90608
90610
90611
90612
90613
90614
90615
90622
90624
90627
90633
90637
90638
90640
90642
90643
90645
90648
90650
90655
90658
90659
90661
90662
90663
90668
90669
90670
90672
90674
90676
90677
90679
90681
90683
90685
90686
90689
90691
90693
90695
90697
90701
90702
90705
90706
90709
90710
90711
90716
90724
90727
90729
90730
90732
90734
90740
90746
90752
90763
90765
90766
90769
90772
90783
90787
90790
90792
90796
90799
90800
90802
90805
90807
90809
90810
90811
90822
90824
90826
90827
90831
90832
90834
90835
90841
90846
90847
90848
90851
90854
90855
90858
90861
90862
90866
90871
90881
90884
90887
90888
90890
90891
90894
90895
90897
90898
90899
90900
90901
90905
90906
90909
90911
90912
90913
90915
90917
90918
90919
90921
90928
90930
90932
90933
90934
90938
90939
90942
90943
90944
90948
90949
90950
90954
90955
90956
90958
90959
90963
90965
90967
90969
90970
90971
90976
90979
90982
90990
90991
90992
90994
90995
90996
90998
90999
91001
91002
91004
91006
91010
91013
91014
91016
91021
91022
91023
91024
91025
91026
91027
91028
91029
91032
91033
91035
91036
91037
91045
91048
91055
91056
91057
91058
91060
91065
91067
91069
91074
91075
91080
91081
91082
91091
91092
91094
91095
91097
91100
91102
91105
91106
91107
91108
91109
91111
91112
91114
91116
91118
91119
91123
91125
91126
91130
91131
91134
91136
91139
91141
91142
91143
91146
91150
91152
91153
91154
91157
91158
91159
91160
91162
91164
91167
91169
91174
91182
91183
91187
91189
91194
91197
91200
91202
91204
91207
91209
91210
91211
91212
91214
91215
91216
91221
91224
91225
91227
91228
91231
91236
91237
91241
91242
91245
91248
91253
91259
91260
91262
91263
91264
91268
91270
91272
91273
91274
91276
91278
91280
91281
91290
91291
91295
91298
91303
91306
91307
91310
91315
91317
91320
91327
91328
91329
91330
91333
91335
91338
91339
91341
91343
91344
91345
91348
91351
91359
91360
91362
91372
91375
91376
91383
91384
91385
91386
91387
91388
91390
91391
91396
91397
91398
91400
91402
91404
91405
91407
91412
91414
91416
91418
91421
91422
91424
91429
91431
91441
91442
91447
91448
91452
91453
91454
91456
91457
91458
91459
91461
91462
91463
91464
91467
91469
91470
91472
91473
91475
91476
91477
91478
91479
91484
91489
91490
91494
91495
91498
91499
91502
91503
91505
91506
91513
91514
91515
91518
91520
91522
91525
91526
91528
91529
91531
91535
91536
91542
91545
91546
91549
91550
91551
91552
91558
91559
91560
91561
91563
91564
91572
91575
91577
91579
91582
91585
91586
91588
91589
91592
91594
91595
91596
91597
91598
91603
91604
91613
91615
91616
91618
91621
91622
91623
91624
91626
91631
91633
91638
91640
91641
91642
91643
91646
91648
91649
91652
91654
91657
91663
91665
91673
91677
91685
91688
91689
91696
91697
91698
91699
91708
91714
91715
91717
91720
91722
91723
91724
91727
91728
91730
91734
91737
91739
91740
91744
91745
91748
91756
91759
91766
91768
91769
91770
91771
91772
91773
91774
91775
91778
91780
91787
91789
91795
91796
91798
91805
91808
91809
91811
91818
91819
91825
91827
91829
91830
91833
91837
91838
91839
91840
91844
91845
91848
91849
91850
91853
91859
91862
91865
91867
91870
91875
91878
91881
91883
91884
91886
91888
91889
91894
91897
91902
91904
91905
91907
91911
91916
91917
91918
91920
91922
91929
91930
91942
91944
91948
91951
91953
91954
91960
91963
91965
91968
91969
91971
91974
91977
91982
91985
91986
91988
91990
91992
91993
91994
91995
91998
91999
92000
92004
92005
92006
92012
92015
92016
92018
92020
92025
92026
92027
92029
92030
92031
92032
92034
92036
92039
92042
92044
92048
92049
92051
92052
92055
92057
92058
92060
92062
92063
92064
92065
92068
92073
92075
92076
92079
92081
92082
92086
92088
92091
92093
92098
92100
92101
92113
92115
92119
92128
92129
92132
92133
92134
92136
92137
92140
92141
92142
92147
92153
92158
92159
92161
92166
92167
92168
92170
92173
92174
92178
92179
92184
92189
92191
92193
92195
92196
92197
92198
92200
92203
92207
92209
92211
92213
92214
92217
92219
92225
92232
92233
92236
92237
92238
92239
92240
92242
92244
92245
92247
92248
92250
92252
92259
92264
92265
92266
92268
92269
92270
92271
92272
92274
92275
92279
92282
92284
92285
92288
92289
92292
92294
92297
92298
92300
92301
92305
92307
92310
92311
92313
92314
92319
92321
92326
92334
92336
92337
92341
92343
92348
92351
92353
92354
92356
92359
92362
92365
92366
92373
92374
92375
92377
92386
92388
92390
92395
92398
92399
92400
92408
92409
92410
92412
92413
92415
92416
92418
92420
92423
92427
92428
92430
92432
92436
92438
92441
92445
92448
92451
92455
92457
92458
92459
92461
92462
92464
92466
92467
92468
92471
92472
92473
92474
92475
92477
92478
92479
92480
92484
92490
92493
92494
92496
92499
92503
92504
92508
92509
92510
92513
92515
92518
92521
92523
92525
92526
92529
92531
92532
92536
92537
92541
92543
92544
92545
92546
92547
92549
92551
92552
92554
92555
92556
92559
92560
92562
92571
92572
92574
92575
92576
92577
92578
92579
92582
92583
92584
92585
92586
92593
92594
92596
92598
92600
92601
92602
92604
92605
92607
92609
92610
92611
92613
92616
92617
92622
92627
92628
92634
92635
92637
92638
92639
92642
92645
92647
92651
92657
92658
92661
92665
92666
92667
92669
92671
92672
92676
92679
92680
92681
92682
92683
92685
92686
92692
92696
92698
92699
92703
92705
92713
92716
92723
92727
92729
92730
92731
92734
92735
92737
92741
92742
92744
92745
92747
92748
92749
92752
92753
92755
92759
92761
92763
92767
92768
92770
92773
92774
92778
92779
92780
92783
92785
92788
92789
92790
92792
92794
92797
92798
92799
92805
92808
92814
92818
92826
92837
92838
92841
92842
92843
92844
92849
92850
92851
92852
92854
92856
92862
92864
92865
92866
92867
92869
92870
92873
92874
92880
92881
92883
92885
92887
92888
92891
92893
92898
92913
92915
92917
92921
92924
92926
92928
92930
92933
92934
92935
92939
92942
92943
92944
92945
92946
92948
92949
92951
92953
92954
92956
92957
92958
92966
92968
92970
92971
92972
92975
92980
92988
92989
92992
92997
92999
93000
93002
93006
93007
93010
93014
93017
93019
93021
93022
93024
93026
93029
93036
93039
93041
93046
93061
93063
93065
93066
93067
93069
93070
93074
93083
93089
93092
93100
93103
93104
93105
93108
93110
93114
93117
93118
93121
93123
93124
93125
93126
93127
93130
93131
93135
93141
93142
93144
93146
93147
93151
93155
93162
93163
93164
93165
93166
93167
93173
93176
93177
93179
93182
93189
93191
93195
93198
93201
93202
93205
93207
93209
93210
93212
93213
93220
93222
93225
93227
93234
93235
93237
93239
93240
93244
93247
93256
93258
93260
93261
93263
93265
93268
93270
93276
93277
93278
93280
93284
93285
93288
93291
93292
93294
93295
93298
93299
93300
93302
93303
93304
93305
93308
93310
93311
93312
93316
93317
93318
93322
93325
93328
93333
93337
93340
93342
93345
93346
93349
93352
93358
93359
93363
93364
93372
93373
93376
93379
93380
93382
93383
93385
93388
93393
93394
93395
93397
93400
93401
93405
93406
93407
93408
93410
93411
93412
93413
93415
93416
93419
93424
93429
93430
93434
93437
93439
93442
93443
93445
93446
93447
93449
93451
93453
93455
93464
93470
93471
93473
93474
93475
93478
93479
93480
93486
93489
93496
93497
93499
93505
93506
93507
93508
93509
93510
93511
93512
93514
93516
93518
93525
93528
93530
93532
93533
93534
93537
93538
93543
93550
93552
93554
93556
93557
93563
93565
93568
93571
93572
93573
93574
93578
93579
93582
93585
93589
93590
93593
93594
93595
93597
93600
93603
93605
93608
93614
93615
93619
93623
93624
93634
93636
93637
93648
93651
93652
93653
93654
93655
93657
93662
93667
93676
93678
93680
93684
93689
93691
93693
93696
93698
93699
93700
93703
93712
93715
93717
93719
93720
93721
93723
93727
93729
93730
93731
93732
93734
93738
93742
93743
93746
93748
93750
93753
93754
93755
93756
93758
93759
93760
93761
93763
93770
93771
93773
93775
93776
93778
93780
93781
93787
93789
93791
93793
93794
93801
93807
93808
93809
93811
93813
93816
93819
93821
93822
93824
93825
93829
93830
93831
93837
93838
93846
93849
93852
93858
93860
93862
93863
93864
93866
93870
93872
93876
93879
93880
93881
93882
93891
93892
93894
93895
93900
93902
93903
93911
93915
93918
93920
93921
93925
93926
93927
93928
93929
93932
93933
93936
93937
93938
93939
93940
93941
93942
93943
93944
93945
93946
93949
93950
93951
93952
93954
93955
93956
93958
93960
93961
93963
93968
93972
93975
93976
93979
93985
93991
93994
93996
93997
93998
94002
94003
94007
94009
94013
94015
94017
94025
94027
94032
94036
94037
94043
94047
94052
94055
94057
94058
94059
94061
94063
94066
94067
94068
94069
94073
94074
94085
94087
94091
94093
94096
94097
94098
94100
94101
94102
94105
94107
94109
94114
94125
94130
94131
94137
94138
94143
94148
94152
94153
94156
94160
94168
94169
94172
94174
94179
94180
94182
94184
94186
94189
94190
94191
94198
94201
94202
94209
94214
94215
94217
94219
94220
94221
94223
94224
94236
94238
94239
94242
94254
94256
94263
94268
94269
94270
94274
94275
94280
94283
94286
94287
94288
94289
94290
94291
94294
94295
94297
94300
94301
94303
94305
94306
94309
94310
94313
94320
94322
94326
94328
94330
94333
94334
94336
94337
94342
94343
94345
94348
94349
94353
94354
94358
94360
94371
94372
94373
94375
94376
94378
94380
94382
94384
94388
94389
94390
94392
94398
94404
94406
94408
94409
94410
94411
94421
94423
94425
94428
94430
94431
94433
94435
94438
94441
94442
94443
94444
94447
94449
94450
94459
94460
94466
94467
94468
94469
94471
94474
94477
94480
94481
94485
94491
94493
94494
94498
94505
94512
94514
94518
94522
94524
94525
94526
94528
94534
94535
94537
94542
94544
94545
94546
94547
94548
94553
94554
94555
94558
94565
94572
94573
94575
94576
94578
94584
94586
94588
94590
94596
94597
94603
94604
94606
94610
94611
94612
94613
94615
94616
94618
94619
94626
94627
94629
94630
94631
94633
94636
94641
94642
94644
94645
94646
94654
94660
94662
94667
94669
94671
94672
94676
94677
94678
94683
94685
94686
94690
94694
94696
94699
94703
94704
94706
94711
94720
94729
94732
94742
94743
94749
94750
94752
94754
94755
94756
94767
94769
94772
94776
94778
94779
94783
94784
94788
94789
94790
94795
94797
94798
94803
94804
94805
94806
94809
94811
94812
94813
94817
94819
94820
94822
94823
94824
94826
94830
94831
94832
94833
94834
94835
94836
94837
94839
94841
94842
94844
94850
94855
94856
94860
94863
94864
94866
94868
94872
94874
94875
94876
94889
94892
94896
94897
94902
94904
94907
94908
94909
94912
94913
94918
94919
94921
94927
94931
94933
94935
94937
94938
94939
94942
94947
94948
94951
94953
94954
94955
94962
94965
94969
94972
94976
94978
94979
94981
94984
94987
94990
94991
94995
94996
94997
94998
94999
95001
95007
95008
95012
95014
95017
95018
95020
95026
95030
95037
95044
95047
95048
95050
95053
95058
95059
95064
95067
95069
95070
95071
95072
95073
95076
95077
95079
95080
95088
95089
95091
95092
95095
95096
95097
95098
95101
95104
95107
95108
95109
95111
95112
95113
95114
95115
95117
95118
95120
95124
95125
95129
95130
95133
95134
95138
95139
95142
95145
95146
95147
95151
95152
95158
95164
95170
95174
95175
95176
95177
95183
95184
95187
95190
95192
95193
95195
95196
95199
95201
95205
95206
95209
95214
95215
95217
95218
95219
95226
95229
95231
95232
95233
95235
95251
95253
95261
95270
95272
95273
95275
95276
95282
95287
95289
95291
95293
95298
95299
95300
95303
95304
95305
95313
95317
95318
95320
95323
95324
95325
95326
95327
95330
95331
95333
95336
95341
95345
95346
95350
95352
95354
95365
95367
95370
95371
95373
95374
95376
95377
95378
95379
95383
95388
95391
95392
95394
95397
95399
95402
95403
95404
95405
95407
95412
95413
95416
95417
95424
95429
95431
95432
95434
95436
95437
95439
95440
95441
95447
95450
95451
95454
95460
95463
95464
95467
95473
95475
95478
95479
95487
95488
95492
95493
95496
95498
95500
95502
95503
95504
95505
95508
95514
95516
95522
95524
95525
95528
95529
95530
95531
95537
95541
95542
95544
95553
95556
95562
95566
95567
95572
95575
95576
95577
95578
95579
95580
95581
95583
95584
95587
95589
95591
95593
95595
95599
95600
95601
95605
95607
95612
95616
95619
95620
95622
95626
95628
95629
95631
95632
95634
95635
95636
95637
95639
95641
95642
95644
95645
95646
95650
95652
95654
95655
95656
95657
95658
95664
95669
95678
95680
95681
95687
95688
95691
95692
95693
95694
95699
95709
95710
95714
95717
95718
95720
95722
95724
95725
95727
95730
95734
95735
95736
95738
95741
95742
95744
95745
95749
95752
95754
95759
95765
95768
95769
95771
95772
95773
95775
95776
95779
95781
95784
95786
95788
95789
95790
95793
95794
95795
95798
95799
95802
95805
95806
95808
95809
95811
95812
95814
95817
95818
95821
95822
95823
95824
95825
95827
95830
95831
95832
95835
95838
95840
95841
95845
95852
95854
95859
95860
95861
95862
95866
95868
95873
95874
95876
95879
95880
95881
95883
95886
95887
95895
95899
95900
95902
95904
95905
95907
95908
95913
95918
95919
95922
95923
95927
95928
95931
95938
95939
95941
95945
95946
95947
95949
95953
95955
95957
95958
95959
95960
95967
95970
95973
95977
95980
95981
95985
95987
95989
95991
95992
95993
95995
95996
96000
96003
96009
96011
96013
96016
96017
96019
96023
96024
96027
96031
96033
96035
96039
96040
96042
96046
96048
96053
96055
96056
96064
96070
96072
96077
96079
96080
96081
96087
96099
96100
96101
96102
96104
96105
96106
96109
96110
96111
96113
96116
96117
96121
96122
96123
96124
96126
96132
96143
96144
96145
96147
96149
96152
96158
96162
96164
96169
96175
96179
96180
96183
96184
96185
96187
96188
96191
96203
96204
96205
96206
96212
96213
96216
96217
96219
96226
96227
96232
96233
96235
96236
96237
96238
96242
96243
96247
96248
96249
96254
96256
96258
96261
96270
96276
96278
96281
96284
96287
96290
96293
96298
96300
96301
96302
96305
96306
96307
96310
96312
96317
96318
96319
96321
96323
96329
96331
96333
96337
96338
96340
96348
96351
96353
96355
96362
96364
96365
96366
96370
96374
96377
96380
96384
96386
96387
96389
96390
96394
96397
96400
96402
96406
96407
96408
96409
96411
96412
96413
96415
96416
96421
96423
96428
96429
96433
96434
96441
96447
96459
96460
96462
96466
96467
96468
96471
96473
96477
96478
96479
96483
96485
96489
96490
96493
96494
96496
96501
96504
96506
96507
96508
96513
96516
96518
96525
96527
96531
96532
96533
96534
96537
96538
96544
96546
96547
96552
96553
96563
96564
96570
96571
96574
96575
96577
96578
96581
96582
96585
96590
96591
96592
96593
96594
96595
96596
96598
96603
96606
96609
96610
96621
96623
96626
96628
96629
96631
96634
96638
96641
96642
96643
96644
96649
96656
96658
96659
96661
96667
96668
96669
96670
96674
96678
96680
96681
96682
96689
96701
96708
96709
96713
96716
96717
96725
96726
96728
96730
96733
96734
96736
96737
96738
96741
96743
96744
96746
96747
96749
96754
96760
96761
96764
96765
96767
96771
96773
96775
96777
96780
96782
96784
96787
96790
96791
96793
96794
96799
96801
96803
96807
96808
96813
96815
96817
96818
96821
96824
96825
96826
96830
96831
96833
96834
96835
96837
96842
96844
96846
96849
96851
96853
96856
96857
96860
96865
96866
96867
96868
96872
96874
96877
96882
96886
96888
96892
96893
96898
96905
96906
96909
96911
96916
96919
96920
96921
96922
96923
96924
96927
96928
96929
96931
96932
96933
96934
96935
96940
96946
96949
96951
96952
96953
96955
96956
96958
96959
96965
96966
96968
96969
96971
96978
96981
96982
96983
96984
96985
96990
96994
96997
97005
97006
97007
97008
97009
97010
97015
97023
97028
97029
97030
97031
97034
97035
97036
97037
97038
97041
97043
97044
97046
97047
97049
97052
97053
97055
97059
97060
97061
97064
97068
97072
97076
97078
97079
97080
97082
97084
97085
97086
97089
97090
97094
97096
97098
97100
97101
97103
97105
97106
97107
97108
97110
97112
97113
97115
97119
97122
97124
97127
97130
97135
97136
97137
97143
97145
97147
97148
97151
97154
97166
97172
97176
97178
97181
97183
97187
97192
97196
97197
97198
97200
97204
97206
97207
97212
97213
97214
97215
97216
97217
97220
97221
97222
97223
97224
97227
97229
97232
97233
97234
97235
97236
97238
97243
97244
97245
97246
97250
97256
97257
97258
97262
97263
97270
97271
97273
97274
97277
97278
97280
97281
97282
97284
97285
97289
97299
97300
97301
97306
97307
97316
97319
97320
97321
97326
97328
97329
97332
97333
97336
97339
97340
97342
97347
97349
97351
97352
97353
97354
97355
97357
97360
97367
97368
97369
97370
97371
97373
97375
97376
97377
97378
97380
97382
97383
97385
97386
97387
97389
97399
97401
97402
97403
97408
97409
97410
97411
97412
97413
97420
97422
97427
97430
97433
97434
97437
97440
97442
97447
97451
97452
97453
97454
97455
97456
97458
97459
97460
97461
97462
97468
97469
97476
97482
97486
97487
97490
97491
97493
97498
97500
97503
97504
97505
97506
97507
97510
97511
97512
97513
97516
97519
97521
97522
97523
97524
97528
97532
97534
97535
97536
97539
97542
97545
97548
97553
97556
97559
97561
97566
97570
97571
97572
97573
97578
97581
97583
97587
97589
97590
97591
97593
97596
97597
97598
97599
97600
97605
97606
97608
97612
97614
97615
97618
97621
97624
97631
97636
97639
97640
97653
97656
97657
97660
97661
97663
97667
97668
97670
97676
97677
97680
97683
97685
97687
97688
97691
97693
97696
97697
97699
97700
97703
97705
97707
97710
97712
97713
97715
97716
97718
97723
97725
97734
97736
97740
97742
97745
97747
97748
97752
97754
97760
97765
97767
97768
97770
97776
97782
97786
97787
97789
97792
97797
97799
97802
97803
97807
97809
97810
97812
97813
97815
97819
97823
97824
97826
97833
97834
97838
97839
97842
97843
97848
97852
97853
97855
97856
97860
97863
97865
97867
97872
97875
97877
97878
97884
97885
97886
97887
97889
97891
97893
97895
97900
97903
97904
97907
97910
97913
97915
97917
97924
97926
97928
97931
97932
97935
97938
97941
97942
97944
97949
97950
97953
97956
97965
97966
97967
97968
97974
97983
97984
97986
97988
97990
97994
97997
97999
98001
98002
98003
98005
98006
98008
98012
98015
98020
98021
98022
98025
98026
98027
98033
98035
98039
98041
98042
98043
98046
98047
98048
98049
98050
98056
98057
98059
98062
98063
98070
98073
98075
98078
98083
98084
98086
98089
98090
98091
98092
98096
98100
98103
98105
98106
98108
98109
98110
98117
98121
98124
98125
98126
98127
98129
98130
98131
98137
98139
98141
98143
98144
98146
98149
98154
98156
98157
98159
98162
98163
98164
98166
98167
98169
98170
98174
98176
98178
98181
98183
98192
98194
98197
98198
98199
98201
98213
98214
98215
98217
98221
98225
98228
98231
98238
98241
98242
98243
98244
98245
98251
98257
98259
98261
98263
98267
98268
98270
98271
98272
98273
98274
98279
98280
98282
98283
98285
98288
98291
98293
98295
98302
98303
98305
98306
98308
98309
98311
98313
98315
98317
98318
98322
98323
98325
98330
98332
98334
98335
98340
98342
98343
98347
98348
98349
98351
98352
98354
98355
98358
98363
98365
98368
98370
98372
98374
98375
98376
98378
98379
98381
98382
98385
98386
98389
98390
98393
98397
98399
98400
98411
98413
98415
98418
98420
98422
98423
98431
98440
98441
98444
98446
98452
98453
98455
98457
98460
98463
98469
98472
98479
98481
98487
98491
98492
98493
98498
98499
98502
98503
98509
98513
98514
98515
98516
98519
98520
98521
98524
98525
98530
98532
98538
98539
98542
98543
98545
98547
98548
98553
98554
98561
98563
98564
98570
98572
98573
98577
98584
98586
98587
98590
98591
98592
98597
98600
98603
98604
98605
98606
98607
98617
98618
98619
98623
98624
98626
98627
98628
98630
98631
98633
98642
98643
98646
98647
98649
98650
98651
98658
98659
98660
98661
98664
98666
98669
98670
98671
98674
98676
98677
98678
98680
98682
98683
98685
98691
98693
98695
98697
98698
98700
98704
98705
98709
98710
98711
98714
98718
98723
98724
98730
98731
98735
98738
98740
98743
98745
98746
98749
98753
98754
98756
98761
98767
98771
98777
98778
98784
98785
98786
98789
98794
98795
98796
98797
98800
98801
98802
98806
98808
98810
98816
98818
98820
98828
98829
98830
98832
98833
98834
98837
98840
98845
98850
98852
98855
98862
98863
98865
98866
98868
98871
98872
98873
98880
98881
98885
98887
98888
98896
98898
98901
98904
98907
98908
98912
98914
98915
98916
98917
98919
98921
98923
98926
98928
98930
98931
98934
98935
98936
98937
98941
98942
98944
98952
98953
98954
98955
98956
98960
98961
98965
98968
98972
98976
98977
98979
98981
98983
98985
98986
98993
98994
99004
99007
99012
99013
99015
99016
99019
99020
99022
99023
99026
99027
99031
99032
99040
99041
99044
99045
99049
99053
99054
99055
99058
99061
99066
99067
99068
99069
99071
99072
99074
99076
99078
99083
99094
99103
99109
99111
99115
99117
99120
99124
99128
99133
99135
99136
99139
99144
99145
99148
99149
99151
99154
99155
99159
99161
99162
99166
99167
99172
99180
99183
99184
99185
99187
99188
99194
99195
99200
99204
99206
99208
99209
99210
99215
99221
99223
99224
99225
99226
99227
99230
99231
99232
99233
99235
99240
99241
99242
99243
99246
99248
99250
99251
99255
99256
99260
99261
99263
99265
99268
99270
99273
99278
99279
99285
99289
99291
99292
99293
99294
99298
99299
99302
99304
99305
99307
99312
99313
99315
99317
99320
99321
99325
99330
99331
99333
99335
99337
99339
99341
99342
99344
99345
99346
99347
99348
99349
99352
99353
99356
99358
99359
99362
99366
99367
99376
99377
99378
99395
99397
99401
99403
99405
99412
99414
99416
99420
99422
99425
99428
99431
99432
99433
99434
99438
99440
99442
99443
99449
99451
99453
99454
99455
99456
99457
99460
99461
99465
99469
99471
99472
99475
99477
99478
99481
99487
99488
99489
99491
99492
99493
99494
99495
99497
99500
99501
99503
99504
99505
99506
99507
99509
99512
99517
99522
99528
99534
99536
99540
99542
99543
99547
99551
99553
99555
99556
99557
99558
99560
99564
99566
99567
99571
99583
99585
99586
99587
99592
99594
99597
99598
99603
99606
99607
99608
99609
99615
99620
99621
99622
99625
99626
99628
99629
99630
99631
99634
99635
99637
99638
99639
99640
99648
99651
99657
99659
99661
99662
99663
99665
99666
99671
99677
99685
99688
99690
99691
99692
99694
99695
99697
99702
99704
99711
99718
99723
99724
99730
99732
99734
99736
99740
99741
99750
99752
99753
99754
99756
99763
99765
99769
99770
99773
99776
99790
99791
99792
99794
99795
99796
99797
99798
99803
99808
99810
99813
99816
99818
99819
99820
99822
99826
99827
99828
99835
99837
99840
99842
99847
99851
99852
99853
99857
99859
99860
99861
99865
99867
99870
99873
99874
99878
99884
99887
99889
99891
99893
99894
99895
99897
99905
99908
99914
99915
99916
99918
99919
99922
99925
99926
99927
99931
99932
99934
99935
99937
99938
99941
99943
99944
99946
99947
99948
99949
99950
99953
99956
99957
99960
99962
99963
99968
99969
99972
99977
99982
99983
99984
99991
99992
99993
99996
99998
