4654
1338
8151
9104
546
3559
6770
988
538
3830
1564
5725
8415
926
2242
428
5380
9025
1878
351
6032
7109
9592
473
2712
530
8688
2518
8395
8401
2807
1435
5659
6611
2682
6186
8415
7546
5721
7723
1535
7688
4629
6199
5037
3333
8382
3360
7029
4691
7085
9105
641
400
6164
5380
7705
9565
3583
9025
5798
2924
9522
5792
8491
7245
5144
1134
2868
3938
4123
5417
4345
5943
585
8285
5300
6550
900
7169
6618
3392
2889
3372
5274
1245
5741
5488
5255
793
9146
6002
6798
1170
6416
3060
1338
680
1015
1878
8738
5725
7980
1792
8874
1028
3531
8195
718
1682
7634
4654
9690
5255
8037
356
1574
6172
1816
2218
2557
2924
9543
1499
4147
4735
5527
3005
9551
8636
4489
8396
7221
3117
1277
2010
2098
2269
7045
487
9244
7304
5468
7829
1121
7783
6718
7642
8135
8235
7372
5285
5973
1840
3577
9345
9153
7039
2312
3027
3181
9501
7658
5519
1738
505
6840
261
3422
6296
2010
4944
3046
9655
6905
8883
5503
8597
1781
8677
3443
926
3759
4574
2898
7312
4988
4381
518
7672
1205
4032
9158
4073
7200
1471
1347
5743
8294
9764
1795
1539
3611
5151
7658
8913
2557
9414
9775
8046
9863
748
5800
4774
8607
1356
9696
3407
3261
1028
8435
5503
7447
5424
85
9345
9274
457
4871
7580
1420
6912
9792
2970
3407
5979
75
1170
7642
8291
4026
5478
4229
535
1036
9838
4398
6993
822
2712
74
9408
1261
9788
6538
7211
2631
245
7575
2235
9510
6245
9237
5973
2965
5031
1338
2908
5860
7488
5445
2881
9339
8493
4189
7275
8294
3984
1202
7084
3028
4285
5525
3683
6115
4428
5255
8185
7880
3252
490
4236
9288
1757
9752
1224
5231
5973
623
2576
4327
4183
2906
3586
7003
7052
872
6557
2823
5503
4070
3115
7968
5705
516
443
825
4655
226
4073
5199
1297
7563
6307
7982
5478
8288
5398
4345
5936
6038
9335
5635
6638
4807
6850
6723
3630
5527
5743
8180
4258
8209
7348
7705
6119
1123
1666
4229
1355
6017
439
1134
6228
5936
1484
3695
2069
4320
2298
5468
5603
8947
587
9397
4294
593
874
9066
4023
8099
3039
9475
4096
8596
7103
9440
4096
9734
4536
8688
3739
1630
498
1462
923
4792
2018
4924
9588
3695
3453
3195
9130
4344
7521
2108
6683
123
5717
4277
3493
2248
8382
248
5589
2750
1285
2970
3095
9630
6850
3283
8782
9189
5037
4338
9448
3398
3497
4636
6116
4294
6597
9719
7525
1840
9551
3984
9255
1220
1221
3133
226
1277
8625
211
4954
7905
8906
7795
6441
7180
6550
2608
3739
4237
6821
5603
6416
7136
675
363
985
3531
4365
9776
516
4971
6723
9345
5695
6798
5333
3067
5780
2012
4017
9588
6068
8005
5043
7918
8415
6885
3538
9909
4774
5181
2054
7959
2369
7100
2269
96
7245
2629
5288
8445
6763
7843
1225
5817
1579
7671
9475
5695
2899
198
4892
2996
3268
206
6330
7768
5255
1026
8089
9397
8011
296
6116
604
9097
2912
8493
7684
3683
7017
351
7489
6805
8190
9115
797
4944
9336
3053
9766
1484
513
6443
8309
439
5746
7616
1004
9288
9775
1306
8285
4554
9315
369
4241
2828
2192
2162
5930
6573
3538
8420
7037
845
8874
1471
2397
3855
5111
2494
9524
3333
9549
4200
7991
1759
965
2823
5894
7642
4853
408
2493
6544
8400
6969
4277
6032
7222
4940
3757
5468
9043
2708
123
6512
4551
2712
5065
2960
247
3588
5492
2700
9992
3108
5892
6307
1171
6468
7580
3865
3588
5274
5908
3702
6638
5603
4692
8860
7148
490
1111
6704
9691
7062
6362
4298
4735
3120
2224
2817
4160
198
490
3683
6766
6228
6008
6116
8860
3407
7667
7340
2044
4129
3990
4151
4739
3337
5881
1484
6759
3342
1036
8998
6116
718
4381
8334
9402
1795
1845
5180
7893
3030
4258
9346
8265
5181
4070
3330
8176
5571
5039
2369
2198
4560
4266
8348
8874
3547
6824
323
4682
1918
5647
6286
4359
1443
9097
2222
200
3198
7180
5813
9
6193
7255
6209
391
5800
7304
6695
1885
2190
2108
1456
5018
2300
6103
7968
7221
9884
5566
3246
3532
3337
8596
6496
2924
1674
9551
7489
956
528
8172
3337
6611
4294
6190
581
7968
3588
2228
9798
4093
7741
4214
8820
6458
5237
9144
609
6919
2820
7084
2377
7106
6167
6496
2298
1036
2108
9719
931
9568
5757
2939
400
4460
5989
1982
9222
3233
2446
9158
7225
8288
6073
175
323
5798
7037
3948
5091
6307
2828
8575
5223
4186
3147
6335
3897
8155
1798
401
8575
2527
4483
9222
7843
9066
5896
9776
1892
303
2123
3408
8631
8219
2337
9792
3437
99
901
6441
1780
6212
8333
4151
7900
5216
1984
8527
7336
9273
5031
7654
1225
609
8024
3408
5
8555
3394
1584
8963
7259
6032
3855
2446
3614
1910
5193
1535
5417
7106
1225
9397
7587
7103
9669
4606
346
5128
6328
2854
1619
5199
609
990
7670
1918
7707
9777
3193
9761
2224
1560
5502
1081
842
9691
204
7828
4661
8373
5585
9865
2723
1081
9566
9551
4398
510
214
8738
7922
1845
7795
1261
1329
6487
8745
2759
3337
3782
2613
472
869
9776
1574
2817
1996
7481
2298
5188
5282
3181
4710
2010
2222
1984
9130
5484
7275
1885
2744
6047
6611
3586
782
2054
4792
4835
5595
2613
6443
1982
8294
2878
8710
9684
4225
3699
9942
4310
2283
1357
5254
4129
4096
1920
4536
7333
8348
802
7081
5936
3408
1225
6704
4147
7148
5477
5589
5867
492
2513
9655
5943
6190
3693
5468
4397
5896
9320
3603
2694
200
3147
7769
584
6010
2054
296
4166
6912
6709
6885
7535
7968
9339
3695
3236
6228
2259
4529
8962
428
6219
8719
8597
781
4612
1379
9217
7694
5469
4954
9425
2248
368
9001
6466
9828
2419
8641
5477
2653
4661
4046
6328
741
4969
7705
8018
8493
8311
5896
793
7062
6945
587
4940
2069
3584
885
3686
1728
7093
9696
3398
3398
8301
4237
1351
4398
4499
5590
9551
544
5535
1714
515
7667
7980
3309
570
3080
5251
7566
9538
108
6744
8880
8154
7868
9782
5174
9815
7085
2312
5174
7616
3547
9172
7094
828
2448
3981
1044
9696
3957
872
2397
2378
1355
6850
6704
5333
9815
3554
6455
3337
3855
5943
1203
6355
4827
1133
2142
392
3577
7610
1420
1395
2071
6077
2797
1347
2105
457
2647
3603
3630
8070
5746
1225
4807
9271
9448
2369
8438
7487
4946
9097
3003
5021
7258
1996
368
6874
3583
7173
8892
9831
1775
2613
2868
6561
6557
5647
2096
8600
4082
593
8115
2249
1134
2513
2631
3506
9015
9055
8527
7015
9324
5274
9152
5726
3938
5881
7100
7853
8739
108
7995
323
8576
3879
3623
392
9407
9739
8891
3030
392
6784
4129
214
8309
3884
6538
2232
3594
4735
1617
2976
7968
6704
4560
7831
2096
8891
7189
6008
9335
1307
2596
1712
2712
4604
6713
1276
2703
3020
3695
3754
8334
3280
179
2704
8011
7900
8970
617
323
3133
4021
2925
4636
4327
6008
6372
213
2259
5717
274
9154
9066
3830
5488
854
9400
8947
3236
5036
9564
8992
9766
8255
1978
311
3123
3382
1503
1751
4571
2190
2337
5535
6887
4689
2123
2527
2292
5199
4082
3757
6054
4797
3428
4726
2300
7232
6186
3897
9977
4710
7058
9782
7085
9874
8885
894
6557
7783
2300
408
2283
4551
8651
8392
961
7169
6228
2228
8205
9140
7312
7668
268
3283
4030
4871
15
4277
8475
7083
9402
4739
9369
3780
8291
854
1751
8459
3793
6260
4254
9001
1114
2970
808
9044
7525
3855
4977
8255
3601
4681
1297
2179
3855
6028
7795
3495
8648
9592
7809
28
3580
356
7980
5119
28
6038
7818
9642
75
6122
6122
3005
8265
85
2105
6611
4892
1892
8948
9324
5024
1840
4223
9522
9137
793
725
9396
113
2965
4041
505
923
1636
3095
626
2653
2557
8209
8855
6924
1781
7551
5123
7973
5291
3707
3588
6945
6085
6323
3513
1220
1630
9044
9323
1592
7056
6640
6824
7489
5111
4151
5091
1356
9
9025
643
3053
3236
4572
5216
6748
9613
5524
6820
5255
9055
5469
3195
8445
7918
913
8070
6910
7809
3116
3194
6458
3147
1732
7828
9365
7348
8677
8873
516
8704
6241
5251
6901
13
4654
9551
9448
7976
923
7162
1062
369
7918
4489
213
5590
9130
1357
9564
5385
3905
4183
4774
3493
4946
6372
3283
6597
9119
4665
6736
8075
3757
1706
5181
2820
7189
248
3879
5403
6219
7084
6945
3442
110
8724
1892
7668
515
9351
3929
4129
2868
8990
5717
7255
782
204
7792
6770
2906
6103
7843
6077
3027
356
5088
3284
5402
6495
3794
2321
5206
1535
8471
8269
6159
7780
9517
1297
5509
1738
2912
9335
4760
2750
4285
6116
9345
2355
8291
7056
5382
6199
761
7623
6805
8956
2849
6190
7749
3113
4654
4782
9404
9000
3981
2694
3306
6042
2865
1840
7905
8860
1261
9777
8219
129
3147
7829
793
2796
9587
7487
4444
1076
7100
7868
3442
4062
6307
3759
9169
2494
1284
6857
4683
9222
3856
7302
3290
4560
4123
3309
8565
3000
2700
4140
1500
9874
7312
9613
7705
1781
5807
9834
45
4683
2034
523
7672
914
3536
6330
7638
8386
1077
4237
5447
3686
3528
5484
473
6005
979
2494
1484
1987
2288
2823
8710
4237
9977
1619
5930
6760
5385
6993
9158
9863
3394
4236
5237
1992
4782
7489
1290
9762
4548
2269
6000
3639
2523
7481
5908
5715
5478
8415
129
1565
1630
4827
6120
3398
5524
4324
2095
7671
99
4756
5527
4239
6199
643
1742
2708
9663
7093
4735
2753
3990
7838
2911
835
1775
926
7968
1450
311
1355
2283
2753
74
7012
8343
8089
4730
7298
9448
5091
6466
8074
6723
4436
386
9387
7464
793
3982
4320
3243
9228
9483
7200
9696
802
7795
7780
3378
9144
7905
8453
4062
7575
1443
4344
3601
9351
1114
9551
2232
8688
7900
9315
1435
6127
3094
1446
7304
9411
8024
8438
3614
206
6077
1880
7587
8992
198
4571
3745
6544
9158
8420
1471
9145
8420
428
3147
2856
4073
2960
725
9548
4827
7021
9320
7976
7780
2854
9551
9189
1617
1666
8966
4023
9517
3149
5
5223
3897
5640
7058
2312
9565
3630
7162
4683
4914
428
1111
4214
4151
3855
3116
7180
8438
8088
3620
5902
4475
9071
3547
8373
3917
3879
9726
8333
8906
7052
6323
3272
123
4030
8978
9140
3865
1845
85
593
3614
8070
1798
1904
9766
6858
8782
584
921
7995
5894
866
6192
1565
2006
8386
7795
7780
96
2996
6573
957
4344
3113
5640
4672
9351
5291
8833
2802
3147
825
5755
6554
2350
7017
9613
8000
2723
6469
4344
9517
9151
7272
9335
123
2867
3874
9916
3002
110
2071
3650
5872
6767
2593
6803
4835
5790
1749
2849
5468
3233
5725
1892
4229
6335
626
9140
3398
9517
5091
3280
8445
7818
5403
2284
9144
9592
4944
1205
9323
3095
2312
9916
4760
3707
2878
2108
3106
8466
9335
6885
3759
5943
5894
1775
2312
6519
9714
2867
2108
8724
2982
8771
9684
2493
9620
3014
1107
2939
7298
1277
5692
8892
969
1145
9909
1729
5721
2888
7092
2179
7169
1859
9766
5031
6103
8625
2401
4436
8219
6397
6219
1500
4410
8981
3198
2190
9788
8527
5282
4065
3512
3559
6821
2912
9620
9346
1592
9145
440
6784
2708
5119
9077
919
5336
8151
3745
2098
2013
148
6238
1044
615
562
5358
8576
3120
3398
200
4523
7968
5431
2312
2388
4489
2703
7838
1968
8690
1840
3652
2899
323
530
5333
869
110
391
3443
6993
7694
626
8850
5973
3268
9404
1203
9868
6045
2807
2179
1968
3437
4023
9274
1123
5447
2401
247
4555
3780
7476
175
604
8438
9158
4444
3407
3209
5509
5180
9551
5820
3453
75
7638
