3265
3020
170
6210
6755
1194
1177
5357
3448
6913
8692
5240
367
5333
1337
529
4267
8511
447
5863
8569
875
4039
7928
8046
8185
4691
1228
9223
3341
9083
4693
2709
1257
6761
3611
7589
606
5461
5870
2750
9012
9725
4922
6513
2119
9006
9712
7855
7403
4723
8269
5746
4732
4427
2334
8418
700
6047
1676
6342
6193
432
9675
8878
699
2574
2239
6566
7596
6239
8289
2995
2223
8291
3995
4119
5321
6882
3842
3483
2679
1397
7691
8243
4529
3875
814
4509
6796
695
1402
1960
7844
8918
8984
1133
7960
3980
4195
931
6381
3187
3492
4863
4352
7106
3729
4539
2994
7359
9890
6898
9120
7776
4766
2037
8995
1312
3249
3060
4580
9696
7445
6463
5920
4579
7574
8559
3465
8025
5978
7541
9122
4439
6262
5781
1133
9031
6045
7116
682
1760
2652
2660
8529
3637
4842
2400
8512
1916
6037
4298
3213
352
2302
6045
5230
3715
9049
656
9706
9211
1677
7912
143
2513
4833
1630
6265
2458
7297
5270
228
8781
3512
5578
7211
2186
7364
2915
3020
7173
7867
5217
2493
9375
4688
7349
1367
7318
3300
9040
5650
414
4819
5281
5718
1496
6390
2156
4376
1376
6131
7318
1700
7326
2658
9148
4056
5283
7777
8061
3125
4225
1797
7710
7876
4779
2742
2166
7693
9668
5227
3114
8698
5950
9378
6224
4837
9725
5950
4802
4766
7207
7859
2072
6090
321
7088
1756
7432
5227
6025
2838
7292
5133
3054
7432
2513
2978
294
8698
3799
6381
4000
9449
7006
988
1844
7962
2335
8523
1593
8276
8898
4455
7323
3568
1709
9447
9703
3615
9237
5888
7981
7877
505
5079
4326
3219
7463
174
4941
7441
7772
9145
7387
6792
6489
9691
5861
1884
1531
4711
8965
8604
9195
4517
9190
618
8546
9503
9849
316
923
9270
7778
1826
1385
8704
9593
5745
8917
5641
486
6069
2993
7160
5748
8400
2944
7083
2347
1664
5435
9482
4397
8250
6565
453
94
4421
4523
3750
9405
7541
3797
4242
6594
580
8886
9190
6047
5301
373
5394
1355
6064
9925
4105
7164
6055
8765
2964
8075
2851
3536
7777
2060
4362
1040
8998
1897
8349
5950
8338
6062
5373
2988
1989
7380
3264
2994
4260
8488
1200
3544
7169
1245
265
3638
5270
5904
5641
4119
269
3015
3638
2993
6644
6951
557
2784
6629
7414
2903
1395
6438
2191
9850
8221
3874
9558
1212
8207
3267
2186
2915
4633
7130
1664
9719
7817
9884
4556
7687
5303
9627
3200
5641
4766
6008
9911
7403
9435
3686
2119
6081
432
6837
5865
8032
7127
3792
6046
4537
4259
6840
9009
7233
2559
6072
4666
5962
6193
8044
5431
2209
8260
199
4352
480
4807
3840
9639
4648
5543
653
2155
8295
2322
4167
8213
4344
488
6615
5500
8254
2847
8043
8142
1235
5230
1186
5950
5560
7476
2167
9855
632
3683
5357
4136
7535
8759
4195
883
1573
5895
7914
8470
83
5586
2069
8804
2696
265
8514
6333
2652
1717
860
773
4797
3780
6351
7827
2233
3015
4633
1640
8209
74
2225
4326
1607
4273
651
4122
3085
3945
3729
9110
900
899
6069
9810
6122
3803
461
1121
1314
8198
531
3879
9948
7894
7553
8815
3206
7378
13
8559
3058
632
7553
350
3305
7159
8955
3449
2764
6048
4504
4590
1294
6145
5170
5833
3746
3936
7721
7903
3418
5362
3659
3416
3798
9706
6611
373
3091
5169
1534
8119
2523
6239
6055
5433
3673
7449
7894
3341
5360
2241
9429
4454
8620
6355
929
2150
9824
6444
1988
8925
9053
9144
9884
5171
7162
7445
5977
1658
1515
4856
2118
6762
9925
9355
7791
2058
3187
2241
3689
8891
4464
9562
2934
6841
9844
5833
3052
9134
5086
9474
74
3607
4331
9099
5690
6562
9534
496
8943
9505
5322
8533
5251
7378
7749
2380
8373
9294
4409
3902
8393
8638
3425
5841
4963
4852
5433
8416
8800
5687
6628
1895
4691
548
4575
734
6298
2354
9195
3904
3838
8595
4819
6382
6770
7002
4295
9415
8708
8827
6265
235
5373
1073
7817
3305
9036
2570
2384
989
3061
8020
863
8021
721
7274
2487
6134
8469
1558
9078
3838
3728
6875
7436
7416
344
1781
2955
2883
1500
2750
6826
4455
7409
1055
6401
2219
7626
529
1960
3997
1909
602
6214
461
7164
8800
8672
2654
8078
6751
6444
959
806
7452
6600
5897
3164
1055
2330
5950
8577
3248
5309
7831
6601
6017
6508
367
166
1286
9477
9031
1303
1194
8672
229
8602
5217
6611
9901
3531
3381
7789
333
7853
2382
6278
9316
3465
8873
4020
2385
5211
4403
4630
1002
8009
1676
9571
8149
6224
5518
6387
9570
3897
8009
5207
1653
1723
5237
3318
9033
8428
8298
7671
4362
6401
7824
8194
9119
728
4381
806
2362
2764
1355
4877
9901
6910
5362
4587
6444
8414
3571
752
906
5073
8416
5850
8966
3683
9911
3486
5701
3497
2822
7151
3149
3440
834
4903
3084
512
5886
2990
9318
6355
4081
8527
5065
337
1817
8976
9715
9593
708
4937
3114
4964
4782
3842
2854
1171
2536
2382
8660
6482
4079
3491
1223
4880
9333
7130
5688
5065
9995
498
6306
3144
6780
9593
6448
723
2390
8873
1946
3726
1094
843
124
331
3008
6704
203
4876
7953
9795
5378
9558
2191
1435
7292
9779
9632
6719
2960
5796
1088
9394
686
2944
6400
4261
1312
9063
7956
8955
8034
4516
4533
1241
3674
3649
3633
5052
268
7504
2487
5886
5998
5798
2166
8682
1959
3733
2277
7322
4046
4409
9677
3127
1464
8852
7154
4609
2515
7082
2239
7679
7963
7815
6803
7903
8955
4222
6979
8058
3022
9725
1037
924
7388
3508
5651
1831
1474
720
2004
1239
6730
9254
5852
4528
8829
4359
3215
557
5590
8302
4356
9135
3710
1354
6222
5519
8333
8936
4264
3048
117
695
4629
8160
1532
8976
4246
8706
8757
1795
5393
5371
7058
1339
3994
8269
4439
8349
7961
4495
2390
3615
5756
5103
9957
7
1200
9958
2725
4872
2492
8237
2416
482
5364
3400
8456
997
338
8107
1198
6172
8103
1732
4999
4863
4862
8000
2761
2473
5998
5010
4657
6214
3604
6601
5488
8298
780
9952
7009
9556
6897
3755
8105
1865
9640
4516
682
3728
2483
6352
1653
8090
1955
7926
735
8299
5590
9458
5211
1451
9917
2398
9995
2925
9703
6352
267
8924
7493
1955
1435
4184
321
1467
8009
396
7010
381
4529
2474
2241
9765
5482
1374
4566
3717
7803
5781
5139
3477
6361
1724
8764
5256
2961
1237
1026
3843
900
4206
6586
9541
1325
8359
6993
1264
9669
6647
167
4465
1773
4629
6792
1212
4264
6074
6615
3670
316
900
9556
1176
6745
5815
4849
2512
499
2972
5500
6851
5735
7750
8704
3934
2219
801
413
4501
5121
3213
5516
5232
8441
9459
712
7516
4630
97
6211
4691
565
8237
9917
6499
2728
7786
2448
3400
8254
5513
7854
9036
2742
9682
373
9247
5815
577
5362
7659
7654
9673
6875
7076
2333
4723
382
8654
3385
4516
780
900
6256
8709
3368
9098
3002
5610
4718
2854
9373
8723
1197
6826
3705
3728
5699
9049
6203
818
6179
4464
5349
3162
1950
1037
6674
6008
5281
1486
9063
909
101
735
4183
3792
2724
2912
2771
954
2647
1053
441
310
3453
4834
4368
2396
2760
6134
9703
9559
6179
4261
4427
5435
2323
7912
4421
862
1294
7688
2570
143
4321
3913
9668
590
3843
3335
3719
9834
9544
3390
4939
3499
2570
4478
2534
5376
3861
2690
6145
8363
6008
3772
888
2270
5683
9296
5718
302
9800
1819
7890
4019
4242
1011
4000
6740
2994
8896
7739
7730
7434
3897
3038
1331
3268
1916
1562
934
920
8056
8416
221
2696
9723
5382
9712
4368
6470
8169
9031
6406
192
8428
5933
7458
8289
266
3159
8626
3751
1691
4723
2645
9603
4502
6623
5907
2661
6744
3239
6597
883
8809
6387
3833
1011
2339
3005
7953
1278
5877
3198
3249
5355
1324
5792
1021
4526
826
7818
103
728
5075
7362
2973
9993
346
226
7693
9236
9290
8250
8456
3369
8149
2774
415
4121
5431
5925
1503
3669
89
4201
1906
3559
580
128
123
8386
3170
4439
4091
4941
5525
250
9270
5364
4648
1557
7008
7359
4990
6010
7338
5405
1591
8786
7667
181
8308
7246
7781
3460
3672
9338
1826
4510
9099
5950
2972
3985
6081
3042
8612
275
3464
5
8069
5850
8898
6851
9749
7588
3048
350
472
3312
6418
9208
9123
9800
9236
4538
2859
3005
119
481
18
463
4322
1835
5740
2219
8058
5362
7868
700
6336
4784
3476
8559
997
6908
9984
7881
4236
245
734
4926
9779
8490
6169
9040
4154
4614
5841
651
924
5519
6584
8410
2871
9369
6724
7343
5456
3653
4907
2696
9134
4471
8709
1508
3635
7960
5743
2190
3699
3300
8708
6795
9480
3934
9120
2061
4449
3733
8533
2169
6417
4891
1825
1474
825
5486
4106
2925
1511
6329
4471
9696
1367
1534
5433
748
7792
1881
2151
7883
6256
5990
1224
4461
4944
4356
6595
6323
4580
1844
5638
5686
2251
1451
883
2189
5681
1224
7715
8531
4907
2236
8198
5846
4559
1664
5138
8551
630
7026
1558
9966
3490
4523
7914
1018
9288
2040
6223
3979
4709
977
5452
4882
486
8612
2487
4350
5681
1671
4776
9017
5077
7544
7855
5823
235
8884
1486
4908
3829
8305
5734
5519
8706
5029
6307
2531
7701
6104
1835
7869
1146
4254
2581
2313
2222
8254
9627
9433
3052
641
357
8009
6236
4711
6681
6239
2633
5912
6544
6910
8996
4556
1318
1544
505
3249
1602
8363
9393
4533
108
7954
6205
9467
3401
2031
9874
9178
4026
3487
8607
8848
4880
5233
8911
3554
1780
7023
8296
5969
2742
3742
5477
1558
4432
7034
5479
4154
1320
6897
2480
1264
7831
3669
7795
7557
2349
2984
7926
7475
1756
397
6074
31
7660
7476
6884
4251
4791
5404
2594
6981
1295
4139
3268
8056
6104
1419
4459
4581
733
4082
2773
1271
1877
4094
2795
9668
6380
3529
3945
748
8663
2631
1728
3958
3853
7877
499
3182
4953
7096
6420
7212
4770
3020
5119
2317
8061
3554
2973
4222
1909
9214
8359
4734
8984
304
7450
4085
8133
864
8279
8412
1785
5292
258
861
4636
337
9948
8649
4948
8546
3443
8444
5104
4666
8604
5500
3107
7618
207
9955
5303
27
3411
1117
7458
1573
257
5836
4571
3381
2342
3098
1788
3803
4561
8924
6692
6155
3806
7980
7125
7925
4633
5912
8314
6884
6623
2536
5272
449
6008
2191
4079
1865
3535
6508
6931
9354
3057
7145
3021
8237
4139
3737
6076
6401
7444
858
7803
7778
1731
6077
8709
4533
2408
4350
8900
2665
7388
8460
4583
5681
4208
3679
188
6025
1467
780
8530
4976
4038
3490
1544
9078
2552
6684
5123
834
235
2116
5103
481
8369
5505
6974
6311
3386
8648
686
1035
3373
9029
5174
2277
9177
746
2251
553
1950
4682
9148
3257
1088
163
5452
2842
6793
3312
8559
3733
8999
1018
8371
5907
374
8235
5209
9505
159
7957
1633
224
4553
144
1439
8895
4771
229
9527
4112
2236
9126
610
812
2245
6104
8757
2298
4791
1041
6132
1167
800
7656
5283
3604
117
9927
3465
4936
9653
4121
6
700
2147
1915
3911
6793
9902
1212
562
7799
1960
3362
706
5604
9667
6841
6925
4281
5893
2144
2329
5477
1567
4222
6273
2241
7625
7194
2512
333
8201
9772
144
988
4154
2601
3875
4966
4648
3726
8217
6751
94
7871
6882
8806
5602
5978
5547
1500
9006
4413
136
3544
1394
1732
2871
8295
7345
1200
1854
7491
2594
2114
5681
4222
6508
8377
2318
1167
5995
1735
9120
8412
7293
2990
3300
1355
9948
2766
4377
5870
3427
8898
3840
1285
686
9277
8936
4574
302
1174
2442
4254
8298
119
1486
9196
2728
748
602
4776
8885
7130
7130
8056
9456
9145
1836
8512
639
2473
1138
3257
4443
9439
2937
6889
8790
7456
5995
5281
5681
9401
1513
3490
9581
9386
1429
2053
4222
1917
190
9296
8547
8633
8949
9343
5563
267
540
9489
8338
5654
4691
1526
5549
9328
7929
3003
249
7901
4780
9353
950
9216
7855
2241
4539
8393
6081
4139
6610
8456
2960
2063
9328
9569
9281
2313
214
6790
1842
9820
7211
8576
1198
3751
7403
9492
1224
4733
5071
888
8719
698
3955
3717
4291
2391
2390
2990
3922
6391
6159
6282
6137
2960
467
7715
6065
1186
6740
9930
5949
654
8488
3407
1286
9066
648
1241
7125
1700
1129
8760
7121
146
7727
365
2565
8611
2222
2735
8418
1245
5073
8891
9065
2030
6236
2609
6527
5092
301
7791
2976
3808
7218
9182
5792
2118
637
7288
5661
9672
7704
1544
4760
9467
1630
4816
1199
5079
4574
5897
5105
7704
3548
3944
482
3057
5594
2559
4465
2357
2119
8779
8427
709
6008
6611
7351
2358
5103
9151
7368
83
549
6048
5903
1237
1835
7855
197
9995
6864
2241
983
6172
8458
6910
2097
4127
4376
3248
4723
4598
5736
5273
4436
8972
7944
7555
5032
8077
1402
6357
4201
1696
6910
7322
7531
3010
8296
7476
2275
6827
5505
4587
3509
4343
2388
4982
8704
7553
326
7292
9900
8686
4961
1043
4579
177
9294
1700
1227
6889
8891
6390
8706
8806
6707
6891
2531
1320
7442
1732
3330
7952
1004
1884
7679
9994
2645
1463
1549
5994
9824
7452
7130
758
8736
337
6092
4139
2533
8764
7341
3265
3300
399
2061
9824
2261
2690
2578
5582
3498
3710
5748
1586
6910
6830
3162
4935
7469
5601
9363
3637
5389
7403
7003
3425
4516
1352
799
5217
1625
4779
229
1691
9236
4765
8460
3158
6134
5222
6382
3620
4183
1374
7439
1867
735
331
682
1746
8458
2470
492
9052
8279
3710
3969
9719
94
1043
6882
409
6889
1332
8786
9215
3393
9653
1746
3052
8045
2715
8303
698
9360
2629
4477
186
3411
6449
6063
2080
4479
3603
9910
614
9369
3879
2854
6811
1227
917
1918
8808
2166
3373
7157
304
2914
1671
281
6281
6591
4779
6868
9489
1380
8607
3359
6074
1728
3465
3401
979
953
7441
2257
3536
3206
5413
4355
1633
3708
2876
893
9723
1011
6936
6414
6842
3945
1227
7231
6565
8636
5797
6342
944
4765
4254
4581
2637
8793
432
7970
37
3670
1989
5540
4195
5351
4739
8670
4496
2756
9330
6251
7621
6830
227
3030
2486
2435
6256
7580
2390
31
6311
4739
4863
923
4226
7820
4377
4154
2647
9911
4630
6301
3861
4936
8198
4989
3117
8412
1474
9603
310
8781
1224
2961
4529
5317
4254
8612
3843
8384
1272
4932
9254
840
6358
3069
3516
74
3009
6261
4039
2270
3726
761
2616
3519
5303
3770
1756
1964
6803
8548
5342
480
5322
9401
860
9211
2456
4899
2536
3785
8116
1224
2894
227
721
5360
482
7925
2769
8637
2883
864
522
9925
4275
614
6034
6017
5955
637
7666
4693
4964
2347
1033
3265
4103
9435
4590
1037
3448
163
3362
5587
382
5371
5029
8612
2066
1518
2742
8562
4254
1887
3005
6864
9020
2437
604
8296
9366
1788
1964
1224
4210
5488
9113
5658
6918
7827
9445
4580
9373
4137
5747
2971
1349
7100
6516
9420
8898
754
1823
4926
7254
696
8905
5823
5655
304
2313
9189
5563
9027
4908
4381
7088
4601
4932
7245
7824
9775
1950
3005
7953
3913
8408
3637
6449
5723
6429
3995
2072
8959
3936
366
6048
3986
3653
9848
2166
9564
6207
8079
6804
6768
6508
6600
5103
5516
1007
1872
9585
9509
2656
1643
3741
3144
1558
8520
8217
6707
9104
6265
1385
3094
8551
1151
9664
4171
4866
9452
4832
6894
9537
4571
7531
3904
7701
7687
3158
4620
1314
8884
4212
937
2047
9800
6348
6894
3761
5171
5949
4111
7326
2496
648
6822
2449
2593
9557
6265
5420
8456
92
6132
723
3637
3797
4733
8167
4163
6028
3829
7320
379
2398
4538
3707
808
3218
1320
5687
815
9564
977
1855
7300
9795
2654
2883
6875
7984
2831
1946
1836
2053
1490
610
366
2307
5958
1511
7436
6311
1609
6910
1464
9429
7334
3659
7561
1110
5897
9900
3829
9195
8004
5836
9099
4417
2630
2362
5058
5530
1327
6882
7827
3543
258
2298
5660
7082
5996
2166
5433
3084
8128
3341
9664
3797
2991
580
8088
1884
2847
9227
9361
5902
2641
2374
9769
2332
6751
7859
5912
3292
5903
432
6239
4480
4916
3068
6028
8559
1009
3267
968
7761
6291
1071
8179
9445
1881
6049
5393
7555
9675
9425
709
7388
8762
4115
2771
37
7766
2995
4723
2990
5012
4093
6720
5027
6036
608
4696
3330
9612
3015
2761
5211
4255
2883
4660
2299
4517
1493
3707
3979
4994
480
4174
5579
6804
6504
4983
7908
481
9654
6659
1949
3966
7926
2778
1999
1435
9660
2700
7791
3151
513
9867
5102
8356
5207
8279
6594
3536
5711
6841
6020
6979
9795
3633
2179
2955
4278
9753
3945
7815
8313
7326
8633
639
6499
6595
7650
1575
6744
9360
3248
6048
813
2280
799
7391
8604
2732
2080
7491
7100
9429
4295
3198
6598
5590
438
2496
8806
5010
9487
5126
1354
5933
9378
8322
3068
1276
6137
6811
2838
481
7535
3285
257
6091
1645
916
3936
8410
2089
8420
3904
4359
4454
4000
4464
3849
7299
6527
5528
6434
2262
6707
6146
3191
2144
1071
3267
4230
8033
8941
1677
812
1383
6444
2402
1428
9589
7307
6884
3126
4691
3718
369
1882
5968
8478
706
7112
7713
5029
7589
1884
8016
1369
9541
5169
906
8569
6625
3500
5440
1773
5968
4903
3239
7962
1795
304
2017
4039
9769
4324
5681
7349
9415
7323
6483
8094
331
6151
6384
1834
4899
3359
3729
9739
9825
6549
9429
4060
4537
2702
2261
458
4871
1163
4574
8276
1888
6755
3638
7491
7877
4139
1698
5
815
5007
4427
639
9473
1133
9254
8043
1837
883
5322
6583
3265
660
8636
7346
1068
2750
9125
594
6251
9449
5844
5092
2583
3114
2037
2949
1582
8620
2492
1248
4914
4409
820
5587
5863
4944
5927
685
709
3318
3368
9223
5968
3407
3453
7076
1797
3701
4541
5658
3683
4998
7752
8044
8428
2641
862
8719
4640
3276
276
815
6358
1336
5655
6837
2761
853
5610
1549
3567
2560
2749
4169
83
813
7058
1329
6554
4703
2337
7009
9049
8507
5578
1091
595
3449
2812
3718
9886
2316
6601
8425
4510
4783
1231
1474
8843
651
8327
2072
2960
73
9214
3689
9425
630
1748
2169
1324
6364
1492
8760
4589
7338
6405
699
6610
9066
7766
82
5830
5931
3806
9015
2330
572
8302
257
8829
4136
5590
9818
3144
8308
3828
7519
7356
9281
3198
9925
4121
6283
9490
4987
7348
3262
4690
1976
8078
6662
6960
8531
5543
4828
4556
337
9960
8022
4154
8323
8121
6704
2937
3567
4545
9182
5601
6406
8891
8090
4105
7621
5058
3091
4932
5200
4269
2581
4081
2055
5430
3548
8197
5316
5690
258
6203
7970
7
7856
4106
5413
431
7348
9196
8460
5850
3821
5785
2943
8551
1479
9564
6049
170
4321
9447
9694
8175
4195
9804
4368
8591
6174
2983
4315
9360
7632
3022
7815
7096
294
7772
6062
2400
9291
4285
4614
2704
5610
1577
4779
4961
4765
1773
6976
1831
27
7366
9849
2578
1467
3381
9224
1367
9876
3425
4190
3098
1732
5556
6862
3827
8563
7702
1813
471
5356
989
1988
1949
3265
3849
5590
9089
4713
3198
6979
2778
8527
1938
2391
9713
1632
2072
3850
9425
2838
6197
7766
5590
7246
2047
8858
9373
580
8719
954
2724
2974
8908
686
2851
2241
5715
5877
7820
8886
9551
2373
2349
4408
6026
2483
2257
8891
5084
8979
4770
3925
2911
3385
357
3126
3083
3060
427
3159
136
3969
9296
8383
9855
7469
1285
5292
2434
1336
5792
3519
3849
8268
449
8770
4138
5052
5696
5723
1252
4709
1483
8852
5545
8577
8356
5972
9577
9439
9477
4376
1507
9811
7575
175
7608
982
6291
5933
2271
8949
700
4852
4376
877
2065
9318
8776
815
3879
664
2021
8054
1788
4595
5825
7320
2960
3206
3375
8447
3036
5635
7800
3659
3318
5792
9140
515
9800
5126
2731
9277
1012
8979
8998
4116
2505
1916
6106
9145
6692
3117
3490
5711
3276
9445
2803
862
6072
9258
1002
9994
9659
1882
1041
6405
9808
6045
1966
4376
9858
6405
1607
4358
1887
583
538
9163
6406
2696
4636
8719
4516
1518
5702
4230
6308
8358
7691
4835
4765
3925
6918
4559
1732
1093
7970
3369
1022
4623
5942
2536
2167
652
7945
6017
7541
5535
7337
4528
3765
6948
3792
389
801
9699
7145
5852
5322
3053
2877
7432
73
3686
1383
4371
3620
2626
8107
4207
4691
782
1132
8201
7288
2390
5364
1705
9445
5046
6554
8103
7688
166
6055
3464
4619
9852
8459
7970
1569
9712
6674
7877
7125
4791
4941
5104
4622
1499
7609
4093
1196
1110
7541
2512
2236
2883
3359
1881
5877
1780
7772
9447
5825
9461
9049
3792
9742
7496
1087
7918
7688
4732
4496
7739
1909
3356
4990
985
7895
6864
4819
2331
9603
3986
7890
5830
5360
2731
7877
7107
195
8443
8783
9923
7952
5407
2332
5440
1664
4329
9927
7222
4876
5551
7384
1354
9786
6790
9786
7961
4426
8654
9360
8891
800
9999
1088
8487
6623
8911
6240
1314
2773
4426
8708
8444
5943
4657
8213
1138
9290
2350
7504
2672
6951
9583
7100
686
7151
9850
5862
4285
4648
6538
1456
557
7363
7429
7555
2189
9824
7772
230
6935
9012
3960
8213
8344
1959
2574
2536
259
7162
954
9294
2058
4871
4629
4122
6889
143
9097
9306
6953
8949
9707
8403
8559
6769
4875
3368
8107
2402
2772
1292
6400
800
2974
6078
1951
7429
6047
1877
5654
9065
5925
9134
144
7588
8843
2882
7628
8692
8941
4510
2872
5517
2493
7827
8293
5575
2188
26
9691
8672
4414
3542
1748
8069
6837
7778
4846
7476
2934
9495
2803
883
7715
7575
5841
3821
6508
3922
449
3160
4903
1785
6308
8663
783
2486
539
1370
5137
9466
1365
1094
6860
7288
7544
7709
9800
538
6550
9719
1723
8208
8470
256
5175
7727
4666
7704
3126
4315
5012
9281
8824
4560
7944
5215
3356
5121
2581
5638
3400
8793
1625
4941
9310
3054
3164
5582
2434
8548
9557
2803
9461
203
1324
9821
8602
5850
4832
6106
9809
6868
4529
6447
3727
1835
5117
1276
4528
2974
3897
6452
9871
5748
4287
4436
9969
1509
5948
8818
8473
648
1138
4439
9164
4660
3491
2219
3821
3005
7877
6332
5211
7277
987
3035
6478
1701
8896
231
7679
4201
8610
321
5826
9841
4769
5696
8418
1730
9369
5995
9134
9632
414
8460
2812
1656
7006
9462
1245
4829
6214
4114
6623
4904
6203
6842
5211
5779
7983
2359
166
8949
8123
8333
4127
9786
3312
5317
8777
2822
4201
1604
6429
5230
4478
1756
4976
7439
9350
3341
9600
2223
2960
3262
7749
910
4696
2536
6
4763
557
8434
5942
2493
7702
1294
4093
304
2133
1045
9433
4898
6976
2072
2299
6236
5326
6332
9576
4779
2662
5885
877
8279
1010
4210
9634
4776
3733
5850
8279
5911
5748
2065
3986
7264
7912
2398
7376
7288
7518
3757
2990
9143
4843
2846
4733
4562
6861
6410
2702
5032
4251
101
8289
6301
258
8586
6250
8605
5569
7588
7345
5634
8414
6357
4403
5482
2693
2568
9739
9966
7300
6301
8416
7019
8765
5413
5101
1318
7578
1592
1012
8022
9040
4771
8188
464
9900
6864
6275
6031
6470
3117
2156
5882
9568
8418
5823
9564
6566
6053
8034
1531
6172
7764
7246
1993
8056
4209
3252
3267
2491
156
3303
3471
280
2350
6692
4279
8829
9791
4948
5519
6291
2568
7409
7475
1835
7666
6894
2474
4528
5575
765
3708
5240
5845
5934
8314
3455
9867
4376
9078
4056
3429
716
1831
5748
3362
3559
4246
9179
763
6544
5442
7323
1591
6888
8010
3000
3516
3789
9890
9134
4559
368
9053
1352
3952
5866
9215
7561
7660
4657
8757
344
7730
3407
4575
5201
5632
7679
9952
9182
7890
7264
2911
548
347
2357
706
6036
7693
512
8559
2118
8128
1835
8428
3808
8514
8050
2116
3935
4294
2493
8428
8762
9378
6371
3896
5547
3330
9947
1640
733
9855
2536
3529
3465
1094
7098
5888
190
103
5381
3151
9178
5188
9621
8051
5916
4324
8446
9151
4660
6048
294
9524
1507
8738
5862
9558
9097
8699
9911
9004
6365
7255
5174
8478
8612
1825
3400
8898
5376
2944
1467
4240
7222
3637
6240
6053
8383
9653
5169
2298
5428
3750
1463
1007
8548
4690
5699
810
1894
1589
1226
4990
5711
9910
8971
610
8403
2616
8793
2960
6409
1376
5944
5663
4294
7776
9267
5248
6124
9738
8839
5622
8418
9447
8201
9040
9485
4587
5309
5995
3607
8804
4377
7173
1577
4939
9992
6336
1568
983
7826
3083
2151
4505
1831
5762
3649
9926
987
5104
721
5215
7908
5863
9948
1110
1591
1888
4510
4911
4360
3314
2690
9556
20
8088
7439
5979
5394
4782
7580
2322
5563
6236
8824
3044
7906
7576
4344
9343
4614
5729
5086
2574
4709
8546
6591
2647
9660
3706
5972
824
6204
2531
1507
4656
5950
4324
614
5540
4331
8420
9600
3692
5102
6036
615
7605
5234
5191
8781
242
7292
3471
602
8418
734
1705
9129
815
2100
3030
2400
742
6500
6843
1515
739
5697
7720
9650
953
3341
8296
3710
9919
8116
615
5578
7381
168
5887
8818
2230
5681
4190
5663
9354
690
4643
8237
7811
3158
5486
4632
7904
2239
5322
2749
2616
5729
525
4876
4922
4260
3416
3934
8044
2531
8324
389
5916
2937
4328
5106
5587
6062
7647
2662
7826
7045
7231
2465
1
1394
2512
9467
5904
4510
8290
3400
5968
7906
647
497
5077
6330
9360
8898
538
3478
2042
7555
9947
8670
7338
1053
3436
5379
8176
1290
7288
2565
258
321
8209
8257
5577
7844
1002
5530
1257
4857
9211
7504
4193
988
1534
1286
5026
481
5519
8243
2553
6804
562
3179
5420
2883
7058
5165
3041
8818
3057
3966
6884
4571
9824
2889
8918
3068
3401
4019
6550
8044
875
362
1435
9336
1664
8054
2536
7904
2519
5547
8678
3138
9189
9120
3853
8530
2680
5321
8824
374
4643
3419
4459
7926
1286
7904
3902
6859
4183
4916
6336
2737
2778
7272
825
7724
9046
5446
7702
5211
813
5029
7145
3052
9753
1113
5578
1376
3003
9691
1450
5949
8481
6
523
9791
8412
1397
9005
3706
531
1861
6789
7002
7770
6837
4666
7183
1645
7471
1133
9786
9144
5744
6804
2743
1331
2696
5100
1964
6851
2230
5811
2156
1817
4584
2452
3509
3879
2645
2096
2912
5695
9258
5663
4254
4123
4916
467
6236
5511
7756
3461
9445
5987
3954
2102
718
1671
6707
1286
7580
5196
4294
266
6211
5325
9105
7274
4019
3149
7588
7222
8847
5594
557
3327
1474
603
8914
6751
951
6111
4872
2450
1320
7562
8672
7213
6386
2186
1090
7790
5413
7026
8458
8864
2307
853
8237
8808
1021
4863
2868
9429
5104
4762
7352
4993
5949
4659
175
2316
7855
7
4766
1278
6833
331
1121
253
2386
6146
3407
5959
5103
9596
2812
5569
4693
7747
3368
7274
7471
2990
6361
2991
4517
6840
8498
2810
746
9196
3559
6851
783
2374
6273
5711
1934
256
9779
8090
7307
4579
9917
1732
6594
8494
4193
5556
4688
103
4765
9405
4960
4465
5688
4829
3386
7756
1546
9302
9509
9747
2645
7904
3021
8983
9177
1633
1560
6418
7263
1239
6382
7608
801
6353
5157
2313
9354
6770
9179
3955
4891
6752
3322
8448
688
4583
3747
9884
3401
2680
6833
3827
497
9020
2434
5638
3570
950
618
5119
8423
5711
4201
6273
8827
7477
1299
4531
7429
6762
9820
1492
1681
883
1352
9786
1895
6837
6301
1701
5638
5515
403
1677
9363
3362
4916
6735
3659
5126
7160
3037
1067
2991
3843
6142
1239
9593
5978
603
7391
9994
9703
2727
7894
7274
2031
7618
8458
5979
8012
5027
7878
1661
6336
3793
9818
1314
1026
8698
6851
9058
1023
6882
9400
1507
8898
3774
9713
673
3461
2990
3073
2275
6278
970
9958
6134
4643
3307
5683
6348
203
8286
8586
6240
540
4636
5740
7883
7888
6304
5979
9105
3335
4053
8044
5811
3239
5886
2911
7281
8847
4902
5870
6391
5137
6342
651
3629
4871
143
2601
8061
9365
9925
4941
6452
8708
2972
2702
9669
2391
5222
2971
1897
8050
1285
4619
185
4716
339
4078
6971
1450
551
1177
4360
4443
6894
2894
7503
4273
5716
7963
9447
4633
8692
5275
5127
9125
4436
9935
161
651
1180
3208
1329
1260
7869
5863
1558
6221
9676
4324
5119
1295
9804
7901
541
7297
6971
7368
4871
871
4226
188
4455
5338
644
1435
3715
4127
7363
1055
1716
5743
8212
2066
7929
280
3729
4038
7628
7384
7732
1500
5016
5602
7501
3436
8396
6293
3761
577
5040
8133
8736
4714
8123
5296
4053
6974
2388
6843
5073
1314
2760
128
5825
9712
9182
5718
8061
8926
5823
9547
8926
4430
470
4273
858
6463
9820
9135
8949
8403
2993
6308
7727
7008
6509
4177
7820
97
1717
4834
7906
2350
8971
480
4226
9000
2230
4295
7432
5669
6400
488
2883
3193
863
4195
5111
5132
4566
223
7053
8119
3747
441
2127
4116
3411
4643
6796
5092
257
5825
3160
9368
5275
2955
2145
6074
9815
8103
7575
4948
5882
7715
2846
3827
5355
8151
8363
3955
7002
7108
9579
4263
2393
4713
6448
2229
2883
7254
1352
7608
6111
3098
8779
8660
6726
8470
3244
5841
4734
3789
7
8157
4785
6172
5835
637
8975
7002
1496
5114
7235
6262
9769
3603
6036
9751
9208
203
6074
1664
9673
6351
9224
3554
