9043
7232
7740
6111
7755
6191
2917
5476
8100
5482
5899
6588
5213
8241
3220
6308
5242
1565
5955
5666
9276
2351
3951
4218
2227
5200
2362
4496
3192
6221
5983
2721
3154
5916
1837
5128
931
5854
5608
3430
9079
4232
6583
8031
5061
4320
4324
3993
3283
8515
3338
9907
6735
1564
5473
5246
8434
3442
3629
1155
3802
4125
5100
1481
7011
6571
2549
3298
6918
5518
7369
4150
6556
6430
796
6139
3297
5877
4309
7062
6361
5162
3204
6648
2734
6090
5070
5620
9226
4232
4688
3232
3586
3084
3673
6101
1388
4625
4497
4157
6102
5977
4431
3296
5981
6558
5220
7205
7379
4073
6334
8090
7687
5450
7034
3163
1904
6422
4671
2417
3054
5637
4117
158
4067
1234
6022
5327
5387
2219
7331
2905
3583
7001
8442
6016
6360
4854
5867
4486
4091
1323
4338
3140
3719
4678
7797
8597
4321
6186
6512
5021
4996
4653
7334
8332
2753
6343
5385
6213
6786
8494
6278
3588
4209
2218
1606
6878
6770
7584
1649
6101
3783
4883
5809
6058
4713
4102
4590
7845
6548
1550
2328
6299
6093
3426
9254
7816
7439
2974
2680
4986
5794
4548
1340
2268
6359
6665
2235
7776
5120
3469
4166
8136
7300
3962
7211
4666
2799
4015
2875
8468
4954
3175
6840
3898
7689
4873
2616
3703
3095
2560
5185
2945
4643
6743
6739
4867
2111
3561
6442
4108
2858
4220
8428
2351
7476
1917
4254
5692
2999
1632
5090
3277
6044
4158
6804
6272
6863
5668
1864
6166
3846
6052
3910
6967
4346
3939
7086
5181
6303
2918
6516
2595
2841
7096
1873
5502
6181
3993
3602
3550
4374
4351
6542
1821
4359
7762
5635
5206
6647
5253
7102
5108
2913
3011
6486
5861
1303
2164
3492
7352
8162
2445
4091
1669
4753
6347
6131
4437
4509
4478
6334
3763
7483
964
1675
6461
2078
2899
6690
8623
5713
5053
5345
5299
6848
32
4976
4016
3714
4726
4331
6033
5752
3411
6686
6266
3010
6716
9161
5542
2993
6677
5276
5618
7100
4925
3249
3347
3769
2869
2185
3550
5460
783
2948
1744
7139
6554
690
5971
6241
7433
8628
8223
4954
3749
3464
1976
4541
4358
5847
3818
2135
5381
9321
4742
3961
3202
6490
2865
2476
3900
3274
4013
4459
3450
450
2911
3870
5366
1799
5944
6098
9209
1664
1082
2482
5512
4967
6394
1304
3282
7030
8204
5139
3197
5279
1360
3807
4486
6752
4666
8240
222
3249
5668
3968
7526
4386
5166
6557
8916
8773
4792
2889
4235
6977
6822
6788
4711
1946
5220
5549
7608
2228
4210
6184
2749
4190
2219
1120
4203
2490
4737
7517
3666
4130
4767
6685
4006
8710
3623
4936
6196
3591
4554
3315
2906
6991
3667
1015
2012
3627
5440
7398
8563
3381
9011
3577
5114
6295
4954
3855
2308
664
2871
2363
6913
3458
5814
4496
4037
3461
7420
6857
4944
5526
3013
4643
4566
2624
8077
4652
4976
3823
6718
2619
9220
2651
5865
3782
3748
4954
6966
3199
2664
8628
3593
6248
5747
4186
7250
4546
4512
2713
134
122
8095
2742
9023
7169
8764
4296
8750
943
1171
2444
2552
6184
6972
6116
3547
3464
6936
6237
2751
4092
5327
4617
4363
6672
2181
4562
3491
4065
6923
6781
6413
2858
7834
4351
7198
5249
5332
7690
3428
6392
5111
7776
7446
3443
1880
7126
3125
4984
6051
9360
7456
3162
4033
1688
8904
2112
6588
1780
4846
1553
2077
6818
4531
4801
6300
5698
7913
5130
4960
7073
6465
4472
7335
8769
6401
4770
6162
6665
9648
6339
8478
5486
5045
2428
3777
6911
7197
885
6735
5659
6153
4003
211
3959
6629
4920
3336
2716
4937
7911
7079
4529
6648
5114
6540
2126
3103
6913
8950
6971
8709
4934
2796
4568
7476
2324
4249
5899
9381
6631
3187
5259
4460
5864
4579
3379
1168
3974
1891
2257
4922
7230
5105
4088
7887
1450
6090
6326
5513
5425
3184
4700
8313
4223
2451
5964
2116
3845
2544
3933
2492
2291
5047
3622
7878
4576
537
3417
881
5655
6048
6764
5937
5766
5538
5776
9000
5023
5875
1638
7456
5409
2139
4610
6604
3300
5444
3074
5201
4412
3559
7643
7140
5293
3486
4104
6004
3830
7150
7093
5886
5717
5466
6927
3973
4889
6374
4984
5381
5728
1787
3234
5137
2846
7704
6166
3265
1783
6328
8845
2556
2727
5956
3941
2034
5687
4362
6668
2273
3472
6975
512
4011
4661
5759
3691
4906
4491
8073
2979
4308
6980
5947
7737
1440
8963
3320
7916
5759
4252
4700
8250
5506
5887
5378
4590
5446
5734
4882
6693
6152
2318
2949
5522
6605
1580
7463
2498
5236
4100
7577
7441
7824
6124
5197
2675
2807
7621
7395
2010
8065
5695
3618
9564
6611
4032
3529
3585
7584
2884
6591
2348
5742
6430
9388
5336
3576
3674
1762
4369
4699
6481
7630
4036
3359
7211
1702
5475
3397
5393
9187
5163
4555
4820
2094
7236
5939
3409
4081
3090
8716
4318
3099
6462
1387
4329
7445
3239
4517
5491
4209
2617
2806
3848
3606
4781
8090
5456
5499
4752
3743
2185
4236
5158
7437
3304
4441
4053
5735
2941
8232
3840
5599
6181
4132
2105
5362
2700
3971
4322
4720
8786
5747
8980
6454
4424
8449
4234
4057
955
3241
9129
7014
1607
8742
6689
3713
3118
5575
4055
6995
2735
7120
5188
9405
8692
2820
5099
6476
4826
4092
3330
3142
5483
5266
7597
1196
3145
3899
4181
5371
6903
3960
5237
3597
6933
4516
2355
3651
5911
4213
3664
6714
3965
6582
7222
3848
2348
5654
5394
7513
5773
8107
7095
5376
4608
4748
7477
6991
5629
7841
7600
9523
6129
6413
7194
809
5833
5659
7035
9445
2732
4774
5560
3850
5351
1537
3976
3096
7658
2962
5292
7766
7648
5733
6223
5706
8216
8929
4454
3364
4433
8160
6912
4499
3598
4755
8627
4721
7675
5498
4421
1529
5448
3312
5265
7767
6258
6346
2195
3968
4506
6297
5377
3952
3715
2804
1735
6911
6667
3636
5480
6681
6957
5276
5026
1934
5298
5703
7184
8842
4057
3261
5727
8215
8256
7593
3065
5980
5712
919
2183
6456
789
7049
4347
6192
6029
8374
6936
6449
7589
8020
8242
2090
2797
8799
5023
3856
5106
6657
6547
7949
3834
7195
5266
6915
6545
7055
5330
4133
5193
4480
4613
2135
4823
7007
8527
3125
6648
6367
7593
3237
3650
5681
5780
1097
1133
7075
9183
8133
6450
422
6567
2924
2746
4382
8587
3623
4620
3722
5778
899
7424
2242
5023
7519
4798
1142
5434
3493
4645
8023
3593
3943
4620
6424
3412
2293
2522
4175
5521
717
3207
4108
3607
4398
3317
4977
2906
8064
4548
3679
8497
4815
9219
5250
5750
4688
7169
5278
3191
5916
7270
5278
9042
7709
7241
642
5741
2874
8811
3962
6013
4955
5099
7327
5765
5066
5354
5217
4491
1015
8659
5572
2417
6422
6581
4217
3702
1981
4186
4606
2246
1148
6159
2898
7629
7451
4793
2753
4815
2650
4070
8137
3914
5303
4569
5586
6335
5122
3774
4012
6183
6854
7475
5259
5944
3037
2049
9142
4386
5008
4465
5590
3936
6257
3877
3699
7591
2421
5328
8631
1048
5872
5853
2078
1742
5606
5755
2458
3408
8811
7208
4099
8148
3976
4712
7550
7762
6902
6631
3023
8325
3244
6623
5428
7780
6668
6652
7035
6248
1928
4996
6585
2434
6694
4621
4120
6639
2415
4568
2914
4142
5757
5390
9075
1647
9052
3142
3659
6576
7597
7955
5633
3691
3587
9078
5478
2714
4215
3879
3381
4768
4408
6218
3882
479
5199
4996
4813
6325
5978
7504
4744
4094
6770
1517
5648
4890
5529
6077
4743
2802
8463
5423
3271
5842
2696
5410
7766
5098
445
7162
5008
5531
4315
5633
4213
4471
7185
5948
5577
9339
5399
3975
2369
2047
6037
5237
6544
3464
6304
3924
946
3362
3051
3336
6461
2924
7054
3674
5463
8201
3499
7455
5424
6315
2474
4822
601
2131
6990
5237
2955
4428
2501
4268
7058
2643
3999
1586
5426
3329
3634
8370
2892
3819
7566
897
6232
3361
5832
6575
3549
3626
1408
7275
3115
3960
4535
6021
6394
6220
1317
7632
4401
7844
1582
3137
4303
3135
5475
4985
7467
3431
2900
1026
5768
7837
5962
5509
5291
1220
1903
6604
8511
8293
5736
3411
912
1728
5771
5107
2224
6466
2756
2915
4997
3244
2340
2823
7793
3121
4561
9317
1586
5343
5638
1070
7382
3960
6803
4634
6171
2045
4987
3817
4385
2951
6129
2318
2931
7522
3184
7728
9142
3416
4408
3564
5948
5659
2354
6623
3509
7173
5734
5071
2504
5587
1504
2093
4284
6061
4675
5157
6651
6644
2690
3961
4259
4805
3810
5073
5126
3300
5592
5032
3832
8946
4198
7215
3126
6859
5232
4289
4503
980
7726
4076
5508
8221
4961
4265
5930
7986
4442
5878
6830
2769
1153
2761
6171
2167
3972
5601
2018
5642
5209
1751
6713
3173
5149
5718
3486
8190
2220
4147
2630
6735
6751
3106
6460
8613
3143
9059
2570
2836
9183
5909
3538
4547
4489
6806
5065
4023
2884
4142
8540
4053
2403
1997
5815
7404
4881
6432
7126
8440
5716
6442
4779
2834
3558
3300
8335
7305
6710
3985
8391
4067
8194
5775
4466
647
2452
7172
7541
5571
7684
3476
2694
4599
4970
4459
5211
5379
3908
2736
3603
5116
4512
8572
3304
2496
4729
4541
6729
2585
8616
5465
5645
2255
7558
4552
3754
6670
2841
8901
6819
5341
6202
5273
9123
4143
1843
8505
3155
2191
4962
7239
4929
3585
7066
3467
4872
5905
4957
5087
4610
3503
8237
2796
5149
8068
2864
6345
4629
5449
5285
5599
5241
6064
7153
4292
8869
5352
3749
1990
4418
5375
5138
7682
5790
7050
7770
7163
4851
3647
1204
4453
7170
6563
2925
5868
4087
1071
1714
4813
5553
7861
4483
6325
9196
4544
7210
279
6297
3402
6539
4209
4483
3425
2867
6123
7411
2456
8395
1800
5109
5443
5265
4514
5195
6311
4830
3261
5032
4129
7775
5208
6802
4981
5491
5412
2503
6830
5246
7335
1730
4120
6255
5297
5510
7704
3643
1511
7942
6417
3668
8328
7140
1036
6335
5003
4075
5987
7227
5695
1416
7055
6488
3483
2079
3141
9200
7886
2708
5479
3907
3602
5638
5632
4032
6264
6385
7901
2171
7080
3136
5327
4322
4140
4976
5028
1910
5003
7264
4463
4069
7867
3486
5625
2990
9109
3013
6978
4929
4928
4955
8084
6177
5351
3966
3862
5078
6969
5408
1893
4695
6343
6367
6472
6637
5848
4864
1840
7851
6657
8106
5193
2242
3846
6115
4563
1652
3118
5684
5479
7887
1373
1272
4209
5098
1565
6548
8822
4910
3549
2420
6141
5637
1806
4674
7646
4875
8058
3121
5132
2158
4865
4109
6349
6599
2686
3003
2228
6316
6148
7485
2057
4612
1676
4866
2336
7134
5506
7012
8661
3834
2789
8453
4861
5786
1335
5858
7227
5721
5220
7313
3431
2955
6987
5730
2645
2016
2487
4237
5072
4083
5747
5947
4266
3669
3501
7707
4983
4779
2245
5216
8259
5310
3929
6008
3357
3711
5337
6806
6258
9372
4381
7455
7772
2892
3917
6273
2854
6266
7629
5765
5072
2314
1597
504
3858
2059
3358
8571
3499
6323
5591
6669
5464
5865
8796
1647
4021
6481
4568
1312
8940
5294
2421
4935
8256
4220
2156
4934
8565
7645
5583
1400
4462
5281
5469
4346
7787
3372
6099
4956
3451
4577
5595
3471
4038
4621
3682
3168
3705
595
4213
6514
8283
1838
5857
4415
5734
2122
6437
6980
8803
2586
5373
3596
4997
1473
5921
6374
7427
5782
3798
2533
8414
4936
8016
8360
4696
8102
7944
5105
4847
4024
7702
3418
1709
7195
6317
4891
2619
4794
8876
4968
4213
8311
5465
4523
4492
2750
1568
3100
3398
4008
2678
631
1916
5998
3697
5212
7782
5813
6078
6556
1469
3164
2888
6795
5700
6505
5885
3069
7053
7107
7934
3126
5313
9062
2778
3945
5981
6893
2909
1585
4591
5032
8082
7266
754
5620
2140
2556
4553
4468
2983
2409
9520
4305
6760
8412
6775
3857
3448
1483
3903
7767
5788
7899
1546
4876
4505
4298
2709
3395
4938
2455
3809
1513
9217
2411
4053
4909
4063
4325
9791
8003
2031
5190
4925
8937
4443
5441
6213
1818
2531
1417
5719
4042
5762
3220
6818
4488
5775
7294
5125
5827
7294
5916
4925
4192
5750
847
4897
4288
5994
7487
5305
4403
2540
8071
2729
6424
7740
2986
5760
6072
7973
4382
5608
5940
7276
1492
7532
3031
9117
6332
6915
7537
8381
1751
6338
4421
3757
4676
5228
5613
1092
6961
3289
4238
2935
4972
3105
4024
3296
4307
4723
1105
6654
6530
8127
3837
8187
3425
3814
5831
6672
6468
3554
1664
3194
8053
6667
6764
3419
1958
8015
3156
5462
4268
4497
6313
7011
7066
5329
1302
8523
5752
3454
3593
2127
3314
8258
4243
5920
6034
4219
9190
3116
8825
2896
8465
3542
7888
1084
4605
4335
9326
8065
8789
6881
4324
6560
3048
6927
8850
3194
7085
8606
1458
6467
2301
4643
6000
1112
3540
1347
8144
6072
3577
1399
925
6969
7485
6982
6763
7071
1455
8991
4181
2031
5690
4694
1703
5685
5276
4456
6347
5004
5094
4642
4833
6004
7771
2710
2829
5998
5499
7026
4747
5927
932
2607
6686
4270
5848
3583
7752
5031
4818
1028
3795
5846
6838
8224
4618
5264
1764
5187
4178
6270
6117
2634
7719
6392
6244
4442
964
6167
3426
2690
4885
7639
4457
3967
3421
3108
5250
4204
3758
3684
7617
8959
5049
4194
4960
7969
4897
8568
2465
3226
5933
3113
6437
5115
4626
5179
5554
2912
9462
4842
7342
3521
4376
6768
3530
3220
4573
523
4139
5346
3106
2827
4952
4085
3359
5993
4702
6216
4920
4500
4671
3498
1924
4208
1661
3109
5876
5799
2833
4649
3909
4970
8464
5498
4489
4534
4839
4093
6078
7423
1974
4637
1627
5248
6760
8202
2079
5766
4227
7835
6558
1907
7488
6357
6700
1866
9651
3413
6726
2431
3166
5598
3266
6106
9233
4253
7089
4936
6929
3071
6574
5168
1218
4259
2931
3188
2306
6113
6198
3723
4460
2700
6244
4434
9795
4695
6857
3661
8192
6141
3868
8277
5401
5371
6723
4241
7198
4812
6343
4183
1345
3167
8577
7057
443
6342
4646
7146
376
4461
6863
1824
3989
5238
8019
3699
8521
4955
6724
4401
3967
1036
3626
4586
4891
5062
6295
4819
5706
464
4780
5157
2221
7492
7701
6866
4054
6782
1259
542
6736
5653
4492
5059
6324
7236
6108
1269
4660
5818
6609
9159
5609
8395
3734
7383
5117
6648
5872
2077
2486
5917
7329
3152
5734
5720
5802
5571
5735
6154
7105
7336
2552
2300
4827
6254
4701
4804
6549
5053
5787
8023
6124
3268
1425
8582
3718
3489
2783
6446
3237
6250
6465
4433
5472
3878
5176
6981
3301
4240
3286
7094
6535
9581
5491
5998
3239
3217
4923
7056
6263
4402
5885
4076
5348
6976
5906
4153
2797
4394
8075
2612
6786
1526
6887
3648
2628
7879
7771
4258
2434
5421
4060
3613
6526
9463
5512
2324
4936
3988
3698
6797
6118
6144
6203
7032
4609
6531
8687
4713
5459
8924
6810
6967
3797
3185
3686
4271
4601
5436
5515
5093
6841
7512
5150
5716
5276
1513
2774
4878
631
5200
2775
6545
3612
5369
5142
7339
5401
9519
8000
6120
4710
5000
2727
6362
2300
2144
7045
3137
5515
5663
7301
3166
7086
5011
4593
7507
3211
7006
8081
9065
4761
6396
2176
4634
4280
2151
5107
4892
5358
4109
2518
2772
6205
2072
6663
2683
5964
5226
4812
7236
4683
3417
6047
3057
6203
4270
8192
3976
4321
7632
4735
3700
8501
4472
4896
6866
4377
5139
5272
2890
5472
5386
8225
3330
5752
3589
6522
6429
7350
4180
3516
5484
2773
3095
3636
7425
6989
3963
4764
7154
8674
4813
6914
6717
6717
929
1394
4347
3627
3897
4726
2919
5085
4427
6172
5565
3448
6289
6512
490
8094
1616
6981
4458
6563
4662
6938
6380
9104
7515
5543
5144
7574
3919
8160
5745
1475
7528
6931
8393
887
2313
5148
1719
4309
7246
2518
7530
2542
3838
3228
7099
4686
7314
5128
5126
2793
5427
3452
2066
7977
4068
3405
7531
3875
5542
2326
2468
4321
6007
4885
7778
2100
7880
3067
3489
1970
4049
5115
6492
5831
2157
6088
1981
8053
3269
4097
7336
3583
5395
5622
6021
6605
2829
1253
2985
897
1912
5629
6327
6545
4282
3631
6885
3764
4569
7781
4217
4907
7315
7886
4642
8307
7182
6138
4479
5366
5828
3829
5110
5985
1852
3924
5139
8891
2854
6672
1108
3459
8443
3197
2420
2165
4101
4107
4255
5158
6255
3668
4083
3149
2671
4801
9729
2049
4387
8197
1030
6248
6778
4578
2069
6343
2313
6600
7703
3861
6584
6330
6022
8455
3498
4420
6398
3480
6263
3821
2983
5555
7509
8523
5642
5064
6908
5704
4649
5230
4373
5631
2895
4895
3151
3014
3887
1294
5065
8429
4426
7551
4869
1579
5660
5572
4723
5358
5637
2875
5769
1378
2832
1801
5368
5958
3943
5750
1177
6876
8018
2947
1774
9283
5114
7537
1438
1397
1979
4204
4752
4712
4598
3051
5314
4466
5209
6448
3500
7187
6188
3627
4607
7633
4059
3080
5132
4207
1480
3582
1468
5332
2811
7688
5610
3419
3515
5121
5730
7402
4947
4142
3673
4370
1401
4499
7669
5471
6006
3405
7268
2268
3057
2462
1977
4188
3668
5409
5465
4034
6189
8902
4047
8912
5088
8784
2359
7284
2689
3821
539
8395
6072
3442
7561
6101
5281
1802
6435
3586
4098
3844
5560
2835
2704
3922
3650
2583
3880
2482
5819
5490
5132
2586
6392
7294
7512
1397
4727
4071
6080
4519
5411
2355
3606
2558
4770
2440
5425
3434
7504
4590
4572
2819
3123
2692
7701
6141
2222
1058
4897
1950
2672
4251
4448
4883
5581
8258
2006
6021
2621
845
5239
7151
3707
4346
7649
5489
3718
8358
6457
4832
6277
5846
4053
6098
981
5702
1230
5963
5590
6084
7699
6678
3823
6317
6866
1070
6118
4562
4790
3885
3507
5325
4865
5330
5546
7107
1758
4175
7358
3776
5338
4333
4144
7588
7066
8955
4593
7940
4794
6065
5064
3533
3284
4908
2585
4764
5122
4876
3993
6842
8461
2995
3924
4423
3255
6518
4649
4393
5303
7572
4070
7000
3663
4120
2960
8976
6141
3979
6046
7788
4944
6140
4817
4703
1975
2969
3916
7377
4795
7360
6979
5644
1221
4007
3842
2019
4633
1915
6625
3607
4748
4221
4336
3606
6224
4651
5709
6520
4728
6536
2810
5573
3336
3480
8562
7245
7166
5293
2916
4881
833
2768
6494
4207
8556
5935
5828
6058
3005
6018
5174
5914
6126
3984
7071
4188
6132
7973
4474
6197
8400
4745
4297
1738
9404
4931
4229
4499
1212
5784
7849
5432
7752
5359
7020
2660
5938
4780
5741
5112
4542
6224
7020
7814
2913
1568
5010
1467
5207
1870
2138
5269
2675
2625
4701
4567
1562
6513
2279
8192
5852
3283
2183
5160
4729
2187
2962
3822
4048
7177
6855
6537
3458
3819
3658
2720
7500
5408
1526
5018
8931
1968
877
7299
1862
6189
7886
6247
7329
4439
2344
3387
2251
4907
5446
5602
7177
394
8849
1831
4335
8223
7362
5481
5476
5720
4782
9502
3353
5502
9232
7175
3509
5089
1754
4250
7509
1709
6178
6981
2920
7930
8248
1452
4369
7496
6087
5419
7183
6114
4150
6937
6106
5169
6813
4660
7833
4840
2326
4975
5618
2554
8122
3728
4923
4151
6215
4461
1690
6191
6367
3265
7862
6186
6306
6776
2428
8012
6150
8748
6885
7528
4089
8461
3665
7311
8994
7779
4795
7974
7722
5162
3428
8879
5259
7667
8458
5080
5528
2861
4482
7561
3982
5163
7292
1694
4551
9461
3036
5345
3599
2097
3944
5243
6168
2604
4576
1601
6232
4412
7100
5519
5856
5325
1480
1725
2475
7538
5750
4826
4926
7206
9578
9678
5702
4984
5350
5862
7479
6938
2465
7569
1067
8579
6086
6035
5924
6043
7206
7076
3215
6443
7761
5046
4572
6307
7698
4194
846
5105
4934
4613
3832
1582
3555
5793
1811
8405
3259
4292
5417
5576
6861
4943
3243
9653
7127
6934
5985
3639
8343
8271
6823
2433
4386
6352
6656
5079
3557
4876
7717
3419
5463
4151
3998
5305
1658
6250
7837
5247
6778
4967
4293
4786
2077
5936
5906
6369
3080
5983
5427
5190
3702
4259
468
9179
5062
5906
4001
7031
4835
3289
7131
8280
6811
4831
7354
3932
8021
5815
3160
4347
4005
4328
8267
3473
6312
3712
5153
3613
2182
2168
4125
3563
3344
9582
4220
2069
3374
6187
6404
6718
4973
2760
1713
5644
5355
6169
6325
5491
6093
4772
5132
5106
4760
4728
4141
2500
4007
4680
4701
7507
7423
5367
4010
928
7766
5478
4276
4059
6376
3762
4470
5457
3564
3013
6857
5831
2705
5318
1878
6311
4617
6980
6242
7575
241
7450
5303
5072
4110
2643
2652
1959
2545
5216
3081
5240
5400
5861
6486
2739
9208
2126
3006
6084
4893
6202
3174
2960
3721
6891
4344
1747
5681
5086
5582
2891
8580
1467
6390
8881
6603
4503
1142
6609
5882
5625
3429
2096
5643
4748
3766
7604
8286
3684
9243
4225
6658
5816
5209
5673
3844
7394
3238
4629
5914
3564
4921
3698
4412
5310
9638
5601
6333
3601
5112
6588
5831
4223
3421
5156
2057
6520
6400
3077
5316
5576
7314
2492
2440
3583
2545
7452
4653
6198
1066
6717
4095
7053
2152
6444
3067
2330
6571
7259
8693
3596
5386
4848
5249
1100
276
4632
1887
3124
2672
6878
5057
5778
5628
4633
6164
6907
4873
4785
8626
2109
5622
3761
3851
1268
4717
4490
5534
3691
5353
2927
568
8253
3735
7706
6389
4920
358
4600
4719
786
2834
2889
7849
6095
4871
5014
6061
4737
8607
3952
4887
3402
7848
4540
5126
4572
4735
3545
5184
4958
3926
5653
5572
7317
5048
3095
1357
6599
7525
5886
9060
3448
7854
6727
4145
5526
2643
2712
5154
4466
6451
2265
7918
8768
5192
2641
6117
3030
5602
6429
6241
7414
5772
4116
6357
2639
1524
655
6815
9586
1752
5145
2625
3895
4305
5218
5909
2519
5678
7367
6567
5587
7346
5600
4080
7819
1780
7042
5912
9604
8421
5388
8195
2699
5400
5382
5650
7560
6763
7695
5532
4778
8152
2782
7067
4429
6331
3728
8516
5498
5984
6871
6985
9274
3761
5682
5079
3480
5505
2485
5577
6887
8359
4775
1798
1283
7173
2213
7821
3525
3533
5740
2773
8841
6891
2087
1848
4569
4612
1019
8454
6869
4895
4666
5446
4682
6548
5146
5046
4098
4863
5845
1458
7462
8229
4914
6075
4981
4868
5521
5181
4957
6446
5850
6203
5164
6858
4953
6963
5001
7694
1637
3405
5901
6437
7603
6799
4333
6430
4293
6339
4446
5256
8970
9093
7881
5855
3921
4907
4201
5381
2738
5204
3671
1700
4708
8961
4159
4730
1939
4290
5286
7963
8171
729
4844
5434
4153
3592
6287
5874
2468
6129
5514
1118
979
7840
9323
5948
4288
5585
9061
5263
7701
5376
3179
2627
3822
4853
3456
3809
5741
2830
4837
3626
3913
3164
4384
2592
6367
4627
5593
3692
6115
3938
7115
1882
1333
4351
1363
5340
3156
7875
1370
2797
6310
7724
4427
7251
6849
3764
6729
8047
6602
5358
5787
4822
4808
3669
1537
9324
3893
6208
9030
4953
4387
4559
7049
7463
6852
1812
4910
8532
9773
7227
8087
4814
6435
2427
3322
8126
6201
7719
5815
3836
5395
5748
4539
837
6546
5113
5370
6065
6515
4719
6293
2587
8775
3875
5700
7165
6839
5613
3190
2711
4524
1034
6511
5994
7820
3179
8243
3921
2312
6535
4352
3749
4812
4975
6320
5951
8296
1145
3930
5868
2549
4370
4149
5182
6950
7474
7182
3982
460
5779
1012
7721
2725
3500
3699
3829
6515
7615
7867
6108
6097
2346
5212
8108
6969
4954
2705
1366
4566
4313
2593
2625
5057
7652
5491
8350
5463
2501
3395
5614
8437
8898
5765
6818
7439
1052
7424
3458
7135
6185
8059
6185
5859
5105
5293
5852
6461
1777
3958
3423
6246
1006
4815
8433
4052
6498
7078
6276
6739
2551
535
6413
6552
5734
6175
5280
4382
4154
7241
4994
6933
4140
1155
3958
2734
3614
4590
4408
6658
4641
5221
3856
4062
8293
3937
4693
3599
1032
2251
5741
8884
2788
7302
7400
4574
4873
8737
6153
8304
1519
1616
5368
3382
5107
4338
4073
7068
7349
5819
7517
7834
2402
6746
5747
4419
2226
6219
4043
2829
5738
3753
6248
5902
4781
1969
7271
8691
3634
4915
5817
4436
5038
6316
4464
2946
7130
7938
2836
5301
3874
4135
7799
2278
2808
5652
3077
5993
1353
3800
5515
1249
2130
4369
895
6416
4827
6990
3845
1556
4715
1388
3763
1772
2069
4707
4199
6435
1664
3591
4338
2319
5552
2661
7978
6080
6033
3681
6299
6483
6104
5495
5327
4133
418
5306
6283
6801
6054
8046
5341
3249
1985
3987
3695
3307
4159
2274
5376
4339
4372
8700
7447
3478
9206
6077
902
1552
2573
6763
7958
5367
4838
8374
4290
4027
9091
8535
3404
4763
2399
6977
5800
5008
9563
9144
4709
8169
3594
8234
5715
6796
5002
4621
2739
8140
4587
4354
6272
5926
6073
5609
7174
4496
2016
3103
2067
3718
7581
4881
4604
7866
2721
2997
5526
8740
5748
2159
4975
1140
6524
7585
7140
5703
2271
4299
3514
4791
5913
2224
1650
3319
2933
8767
4844
2092
6259
2573
1936
5151
3751
4891
3525
702
5962
2267
4975
4011
7787
8255
4946
6860
2605
2359
6242
3140
3804
2364
6480
4691
3770
659
5401
3404
6003
5256
6266
2917
4213
4094
4146
3705
4731
3428
9277
8221
5162
7623
5590
3083
5903
8088
4139
4651
7352
2210
5782
6667
1727
2875
5164
5951
5135
6723
5032
3563
5131
9210
2340
6959
6029
6839
8652
2276
5884
8714
2197
7147
4849
6834
3376
4261
5470
2844
4802
5744
4168
5767
4375
5777
2504
8458
8060
4807
1996
8298
7098
3452
3891
5185
5362
4807
4297
4304
6662
8441
2823
6692
6385
6057
7658
7212
5931
2977
2817
4581
6113
8402
5741
3143
4481
5114
3952
3205
6106
8391
1613
8980
3616
2401
3906
4026
5302
2743
4462
8156
7760
3083
6280
6090
1950
7140
1585
3154
3507
1696
8599
5556
4897
5063
6880
6104
3974
2886
579
3915
2622
5067
2599
2758
3828
4078
4252
1437
6838
5491
7672
4332
5147
3552
6731
2991
4688
5935
8804
3659
3932
4722
6715
4011
9723
6725
8028
4046
2938
3936
826
7258
6817
5997
3461
5231
6945
3443
1093
5920
5844
3533
4895
4694
4430
4951
3338
8020
6046
2342
1500
1920
7343
4359
3963
8276
3300
3524
8444
3259
5556
7232
3218
2585
4953
3863
3613
4719
7757
2354
6842
4538
3766
2749
8996
4333
6488
4065
7523
6745
2812
7448
3596
4435
3232
6606
7975
5694
2687
4367
6247
4227
7615
4831
1710
8611
5525
4944
7108
1133
4943
5866
5255
5617
4759
3904
4822
6463
5086
1210
5382
5130
6331
4943
4724
3114
6392
6639
7986
5712
2999
2723
3895
8711
4540
6017
3828
6037
4928
6814
2145
4463
2201
5325
6042
3496
3453
5400
4988
8572
5664
5638
6926
6521
984
3319
4053
2352
7025
4121
1553
2872
7332
3521
4567
5479
6275
1878
4585
2702
7656
825
7811
4903
4674
4662
4570
608
7074
1160
7557
3260
7628
2916
2372
3778
3688
9630
3334
724
3407
6162
6792
1931
2442
5083
5621
5601
6409
1177
765
4096
3995
5977
3728
3411
1667
8293
3943
6262
1949
1949
