4940
886
2770
4804
1263
3193
4309
1952
148
1979
897
309
1825
3112
4500
4074
898
1520
696
4813
876
1411
2974
3879
561
4506
3873
4864
2299
65
445
3610
2255
3319
3994
4730
4980
4953
4870
836
2380
2327
2259
2318
3873
2223
2583
4518
2551
4024
1283
661
2357
3363
4608
1614
4797
4293
1520
3754
3774
2732
317
2210
384
2606
4291
1993
1633
2923
4234
165
2919
3985
2021
3493
2057
54
3326
1571
3198
3130
139
165
4656
3532
3387
4398
4381
1171
790
322
105
3091
4237
4438
164
3788
3266
4339
4766
157
916
3490
3515
4575
1797
1373
1220
546
262
3462
3390
1310
3044
854
3855
4992
1569
2734
798
1262
3349
483
3183
1991
4156
1915
290
749
1516
268
1701
2343
2594
2346
369
101
1570
4562
2728
159
3376
88
834
632
1025
3313
751
4852
897
4064
2518
3711
1282
1545
1349
3566
1247
4291
672
13
4658
640
3137
4227
4920
2566
420
1695
2187
3588
4559
4799
338
3303
1305
703
4207
1622
246
4616
4620
1641
748
2176
3019
4627
3831
2410
4513
3070
1568
4840
125
3713
4238
2302
1071
2699
2045
4240
2113
714
878
1405
2792
1520
1458
128
4265
1221
1216
4498
1834
1553
2787
1206
795
3718
751
1066
1567
2528
3958
4350
2153
1311
1515
494
1323
3437
2266
4256
535
944
3583
4042
1463
4822
1644
1423
3808
2515
1580
4574
2439
2418
2652
250
401
3004
1872
2027
3522
3779
4771
1438
4404
2862
2963
4992
4514
2384
3916
1628
4082
4854
4356
4774
3430
416
1669
4796
461
4262
3060
3812
2082
939
3632
1701
1740
677
2042
3260
4758
1906
2902
2758
1886
1070
948
2801
1607
4513
1168
1404
735
711
3691
1713
1764
1388
2134
2469
975
1038
3241
4856
3214
119
2590
4295
4062
3878
4822
4746
4447
1913
3556
4121
3940
3051
3528
1439
2367
1299
2686
4406
2717
3846
4472
118
3560
102
728
3741
4325
94
1138
1823
1254
95
1641
3174
2882
4172
2745
1468
2203
3730
4407
2644
3066
3770
4590
2937
1052
1066
2279
3240
584
2241
3905
850
1321
3252
373
1898
781
3777
1510
3004
1088
3455
2498
4896
283
3382
1336
1850
4602
3090
1562
4008
236
67
3322
727
4484
4781
3282
1089
757
3881
2288
881
749
2755
4256
3212
3798
3259
3051
4546
1234
3719
678
3460
2827
3856
106
3693
2124
2978
4666
1419
788
3908
4801
1494
2592
3320
3822
4577
307
2324
2662
1811
4660
3751
1214
975
2591
2043
3632
3627
1176
1533
4609
3644
603
4408
228
4594
348
746
735
4343
3664
3881
577
1974
832
792
1815
1083
3253
1482
694
1312
4633
728
3155
974
3374
1947
1639
1729
3848
4846
4095
641
1906
1833
3993
3167
3387
1994
2325
1275
3504
4835
595
3733
3516
3271
2901
4178
2391
1460
2986
4968
1741
2844
1042
1307
3948
1000
343
798
1897
1947
4372
249
702
2850
1975
591
1655
1902
3549
4508
2948
2121
4754
1915
620
2619
4148
1849
209
4614
896
2168
789
321
3718
1999
3932
2179
1737
4320
4336
4482
823
1645
4520
783
508
2264
1305
4336
1813
3585
3511
1664
3360
2084
4212
631
1343
2283
4437
1703
1531
2263
211
2252
1363
4235
1376
2533
4861
3152
4001
4189
4660
546
540
4605
822
3709
4274
2858
2380
4928
4455
414
2983
3
4418
146
3022
2881
4813
3645
3306
4823
1147
4676
4694
3316
3234
1535
1883
3679
1739
3884
2338
1527
1104
4957
2217
2677
4063
2875
4372
113
2513
3192
3603
535
563
2852
4733
1563
786
4954
2870
1154
2076
769
2559
1761
869
869
4632
3224
1368
1226
4961
366
2867
3827
948
4629
38
198
2279
4945
2768
2477
2623
2226
2884
2615
3413
3132
4791
2142
2708
3793
3800
1871
2833
4548
1390
243
651
2722
1999
3263
1623
2609
80
1329
3303
208
3317
951
1143
4432
4033
3636
2489
277
1365
489
2088
814
2551
4233
349
4576
3783
1635
2229
4280
4617
1625
4961
2771
333
1768
1644
3136
905
1918
2811
2638
3225
1705
1468
289
1293
3019
510
1312
939
3629
2314
587
3200
2274
1450
505
188
4260
503
4461
1327
3771
2188
2431
3228
4157
2961
4226
2024
184
3875
126
900
4778
2294
3909
3038
2858
919
1396
4342
1116
2335
4314
2417
2537
4546
918
1564
4365
302
3986
827
4687
85
1555
1366
864
4458
4377
2464
2518
3970
1039
4875
538
2137
425
833
4710
1654
1351
1786
2528
4626
2901
4876
3912
2970
454
2308
2264
119
1101
3091
4532
3470
4078
134
1876
1164
3817
833
3489
1579
4431
1647
1510
1641
2237
460
1714
1201
538
987
2931
2640
3561
4883
669
4573
3231
542
953
3162
1935
2065
1499
654
568
3603
2071
3396
1447
1285
2177
140
3056
1481
2705
2766
4206
1330
3417
1616
1770
1286
3749
3745
1382
2306
2419
1655
1482
2821
896
4062
4706
962
3013
759
4382
1753
3278
347
2961
4740
4568
361
2178
3731
3636
4997
2076
3058
2255
4581
4350
172
764
915
4633
3461
719
3841
2141
2867
70
2006
3935
4815
2438
2550
409
1768
4247
3479
4691
3953
2648
1115
1318
420
2014
4627
1114
2421
3321
2284
4027
877
4992
756
3484
3678
2390
1285
4322
4654
3155
1355
4148
2358
418
131
4580
795
3429
1714
1127
1860
4601
5
4039
277
1077
3876
2580
3375
3709
446
3616
615
3422
1093
2525
3680
3111
2457
4935
3563
3694
1114
4233
1367
1527
2435
4959
2134
20
216
4757
1618
372
2396
1158
1298
28
2405
90
2291
635
189
2352
4660
3167
4241
4133
3713
4932
3392
3176
2790
2228
3093
4702
250
766
2435
794
4355
2569
1660
518
520
3738
3732
3535
1501
1064
2342
156
4852
3723
3428
3829
3155
3873
3300
2284
1789
4287
1018
3253
4380
2779
3988
4774
779
1945
79
1146
3367
275
4816
98
341
2404
430
3257
879
3852
4436
2226
3570
1774
1559
1799
4322
2659
3785
2482
3952
3982
3292
769
1644
4164
3592
4999
3331
1580
3856
3714
1100
594
248
1006
275
4891
4539
269
9
1700
1478
3646
2487
4050
95
1359
4811
1133
3553
2681
208
3152
918
204
2511
1630
2258
2584
1961
3536
1115
2839
4324
1700
3855
2551
2616
3180
4492
4153
3540
4324
907
2137
4632
1815
3206
2546
1811
371
397
1672
756
2868
339
1722
1279
2830
1556
3439
3884
1347
2538
3378
1623
4530
4942
2708
3925
89
2698
1941
3432
104
1935
2744
2061
4070
432
4284
785
799
3220
4524
2259
3872
4582
2513
3966
2628
2672
2635
4186
494
435
2259
211
4
1607
3616
1255
1307
2544
1255
1958
837
2081
769
4999
3014
2539
3604
3010
4110
4351
697
1214
3024
4817
1585
4576
1279
1790
2100
3073
1854
4602
4273
4869
3155
3409
2357
1639
3245
1522
4187
4491
1289
4999
531
562
4950
662
1350
4897
4129
1030
460
2064
2737
2897
1952
1921
376
877
3207
1332
1878
2333
2032
1996
4777
1629
4995
4865
1946
3360
2496
3289
647
4244
3323
1819
1586
837
1178
3101
4556
553
1951
2484
1050
1593
1291
2817
785
928
228
4850
1322
4764
963
104
4449
3584
4498
67
1680
1015
811
2460
2860
3736
1964
2400
4198
2447
1296
948
2517
2935
2240
1261
4782
2817
3311
4132
1510
4799
1074
4656
1401
4320
3483
1321
3252
2662
2791
4975
2363
28
1950
2312
1991
69
4994
2919
3898
3838
2103
2675
3524
1300
390
3680
3178
819
64
2727
4979
2860
1161
3683
1880
377
2089
3265
2599
2062
1015
967
1916
2115
3480
2444
2927
57
4101
2045
2768
4784
4088
1958
786
1465
4437
3376
817
4543
3434
2426
4815
1017
990
3463
190
472
113
3406
153
2254
593
1023
308
4933
3524
3885
1352
3944
4083
2420
4787
3853
2031
2388
2076
1085
1857
1783
4741
4962
2136
3106
4180
4323
3813
4252
4001
4171
2003
902
2064
1616
83
219
384
1793
2160
3800
3739
3785
26
4931
4769
2975
4203
1023
1695
4634
972
2363
4259
787
1140
1475
819
2359
267
2163
2944
3624
2299
4786
1338
71
4759
8
4979
3382
461
1083
4694
779
3955
6
1276
2577
970
107
12
1516
2970
3147
2644
4809
3787
1601
730
3880
3337
1279
3819
2663
3629
584
4369
315
1737
3948
289
2039
2228
1656
1312
1700
2373
2919
2261
2949
3427
1193
1199
897
1891
3310
4233
2271
311
2263
2301
406
4032
2467
758
1497
2205
661
3029
4483
3936
475
4784
3865
3713
3708
2174
2506
2019
2941
1693
4344
2552
4712
4995
3401
1876
1459
3012
193
3080
2624
4114
3724
214
1348
1388
2998
3437
2502
4512
2388
606
188
1299
4592
145
2498
1256
4336
1142
823
4110
2554
4609
2895
2540
4502
2719
1167
522
1750
4669
4652
4193
383
4779
4726
3955
3326
1522
156
3609
3358
2130
2118
3113
4661
3831
2813
1462
1831
1392
4118
4623
3519
1295
2031
2768
1004
3447
4096
98
2694
4081
3123
630
4534
1422
2200
2662
2560
3337
271
119
3402
367
3271
3450
246
289
3133
4769
2373
4946
2930
375
4326
1058
494
1724
1866
3242
1860
2979
4428
2143
1195
864
858
977
447
1358
3817
4504
3356
3376
2290
990
4820
2762
2223
1843
4822
1933
1845
2482
2155
3398
1080
2415
3216
250
3141
2088
2397
1156
2110
3939
1678
400
3128
2654
1256
3622
1152
86
2544
2078
322
3276
1233
2229
2196
2351
1041
2141
1552
4297
4024
4004
1248
4968
3710
1087
928
399
4728
670
1166
1920
4691
4506
1153
857
3701
2794
3123
525
446
3125
1498
4590
3054
4131
4400
3661
3798
4362
1736
4609
4916
1833
4670
1066
2427
3350
2561
121
2185
510
389
364
3211
823
168
4653
3212
1358
2757
1378
3398
4748
4356
4648
1069
4784
28
451
3497
4017
3506
1987
647
215
3478
1185
2204
94
395
4893
2611
4835
3256
405
128
4902
4240
2465
4708
2470
67
177
398
2557
222
130
2811
2163
693
2846
3630
2920
4981
2695
4408
4128
2319
2859
2447
1967
4892
4191
1007
3567
1010
931
3043
710
608
4130
2243
2587
2166
3889
1624
1517
692
2831
3982
3379
2668
941
4377
4365
3892
4591
2305
1981
3051
2597
2408
3199
4474
2012
4359
4546
4362
4541
1153
694
387
2730
2388
1186
4184
2159
2186
1989
2229
4362
3170
2851
3146
1608
4062
1557
2573
4927
4158
2818
4801
3804
307
1853
4902
655
1075
3655
3719
55
3718
2695
3215
4196
2992
1576
1782
4741
2767
4248
146
2568
4368
977
2489
3452
3466
821
3836
608
2119
2267
1949
4817
2371
4399
926
1452
4767
377
4931
2149
3979
4007
4399
4975
4892
187
4084
2780
2940
2656
2984
3243
1624
4673
4282
473
3124
3533
927
2423
5000
391
4202
692
2805
3725
4966
3256
2051
3502
1903
3505
4908
551
1986
3340
628
3977
186
2521
3372
4697
1665
1089
3427
4620
62
889
4632
3648
1553
263
1774
3389
364
620
1928
806
4840
4277
4191
211
813
2027
1381
3658
4670
2584
110
1095
2469
75
3790
4451
2149
2023
3307
3390
4684
4591
712
3655
4834
231
333
1645
816
1376
424
6
3197
591
2756
4750
756
4208
2270
4380
1975
1882
4286
2843
3480
410
2168
1260
4584
3411
4767
912
3921
4128
1674
218
2003
1414
4985
878
4904
911
4073
2668
4393
145
1303
2355
4233
1205
152
2759
369
3964
1438
931
3953
2017
4946
79
1228
3271
1791
2625
4473
2589
4817
3161
3296
1720
4132
1975
300
4883
1225
4880
3866
4129
3760
3668
1049
3359
2086
3060
1899
4037
1552
1766
1338
4085
3061
96
1169
3267
1516
1881
286
1219
1904
2114
742
3298
3595
1088
4059
3866
530
2768
3751
1349
168
2226
3937
3622
4559
2209
3219
1069
2018
4058
150
1709
2213
3912
2271
222
2048
4111
3813
3692
3604
1898
2438
3311
4783
298
1187
3549
2835
2513
2672
2447
4750
2370
1317
4996
1646
643
3293
1484
4384
1547
2494
4182
857
1342
1181
3425
4167
2491
444
1293
3040
1367
4017
1896
3898
4422
477
631
436
1519
501
489
4759
4257
2122
1306
3690
508
2546
54
4165
3384
3259
2969
2507
3499
1328
3173
4238
2195
480
2490
2661
1826
4842
1433
2530
4286
1001
90
434
1791
2080
2089
4794
3371
3236
3777
4298
2852
2563
1617
4271
3421
3461
4987
4863
2855
3361
3674
4274
1542
4668
1658
1495
3305
4431
204
2387
1971
4822
3437
2455
2441
3348
3026
1788
424
1043
2849
828
2817
1030
1630
259
3929
3675
499
4556
3244
2442
4905
1176
1073
2068
3591
4349
2850
3146
3487
2530
4060
900
3233
4494
4924
3706
4177
1208
231
2460
3904
3045
4328
2752
4020
3413
827
150
326
4957
867
3847
1036
565
369
3359
2848
3773
2755
2987
1916
3357
2334
1563
1509
119
3293
2484
4045
2912
4413
3252
2451
1385
3512
3219
2701
4959
1273
2810
4720
4572
821
3007
4623
2844
4819
1687
1629
26
1610
4694
4900
2629
29
3750
703
2631
3511
2288
3907
1968
2551
3417
2952
4947
3516
1130
2422
2419
2216
4308
3381
1673
4408
1904
1663
364
3421
517
265
2539
2208
278
949
4486
1431
795
3722
2533
2489
804
2631
2946
2295
357
1230
230
2832
3059
3860
3625
4366
112
2449
4512
2461
3639
2807
2701
3596
2532
848
4587
948
1698
3590
3901
1541
1235
152
1910
4519
1693
4483
3457
488
804
1800
536
2982
554
3969
931
889
4773
3269
360
4254
4649
2422
1323
3051
4912
2186
1826
457
2344
4777
563
3237
202
940
3117
3804
3917
2193
1921
608
3048
3338
4472
1067
2537
2340
414
1645
1039
4393
4870
2552
2920
99
4357
771
2152
4299
1523
1881
1891
4672
4746
2501
3790
4306
4981
1826
1006
366
721
3843
1666
749
4263
3655
3783
3468
2847
3719
2350
1661
4794
2179
3821
8
2061
567
3611
3730
3348
4595
964
2881
3268
2233
1460
4701
3929
2638
3610
840
1777
2780
605
607
1437
3918
2675
4632
4778
4985
1312
4320
3260
4144
4381
1939
563
927
849
2088
4807
1913
2808
2702
4164
1560
2893
54
1554
350
2861
3178
4280
1776
2178
4819
1625
3819
2005
3596
2356
4829
1344
1838
2898
2701
3251
4781
91
162
3461
55
923
475
2732
3998
1692
3098
325
2684
356
4321
1609
1278
2712
4733
3449
3270
4493
2709
231
2523
1012
4616
4350
281
4363
2796
3456
3048
543
2817
4758
14
2250
2988
4096
4574
3599
3646
250
314
349
394
1266
4930
791
2784
188
2056
4571
1427
4495
1391
4830
3375
3879
2591
2297
2512
4286
192
3962
2876
2710
1921
3303
4884
492
1603
1292
839
2229
4349
3985
916
4578
2753
3997
2976
3654
534
2216
1243
3416
4754
2722
1565
417
876
3545
1929
2513
2753
1304
929
152
3270
3978
1467
2913
859
152
1584
4768
3592
1763
3413
2088
2723
4110
1931
2859
1215
1225
1489
4138
788
4940
348
911
2994
1130
553
3333
2354
1487
4751
4720
1986
76
4286
3193
2766
4106
2633
545
79
1987
4751
398
2868
2871
176
1710
351
2363
4179
2791
613
1778
2305
901
1168
2561
3503
2509
2455
4900
4426
1899
122
2708
701
2542
1642
4678
1835
3712
1171
3032
3895
2101
2138
3831
2718
2468
2857
3766
3821
1604
4440
3447
3421
2346
949
3092
2467
309
4221
4529
799
1964
865
1610
238
3101
4241
1552
2519
2048
1333
2430
1003
2185
4193
4350
3960
846
2899
4534
4053
382
2836
4840
131
3565
1604
1055
4717
1008
4887
4837
4578
3948
3642
75
4014
3016
1917
4216
3899
3569
4449
3886
2994
2459
2488
3986
3102
1199
2165
243
325
88
221
689
1898
651
479
2885
1433
4088
1025
4174
4371
4995
4902
4132
1245
843
611
2037
634
1671
1061
3201
1613
1590
4598
3455
1120
3868
2545
384
1908
3047
942
1578
4825
4080
1757
4443
2200
3516
1335
4481
2736
1289
1516
1764
4949
1697
2793
4701
1542
1300
3453
4908
4374
482
1602
1834
3469
2037
3728
2268
4554
892
4659
159
4640
3779
170
678
1746
2737
2842
4426
249
417
4454
583
550
567
2636
4954
862
188
3885
3156
4844
1479
3882
81
2715
666
4927
172
4031
1503
4294
3761
3724
519
2112
3616
2589
2289
2343
2583
4132
4725
3634
3351
3435
1677
3075
879
1100
4716
1473
3434
788
336
1683
755
28
3713
3969
4102
892
4345
1263
4280
3856
1735
3836
1267
2666
683
3405
4720
1937
1984
2122
1262
86
2129
490
4871
3364
1114
2244
573
1778
1561
3556
4357
1319
1268
4956
124
1166
4689
2073
4780
3645
3651
2401
1363
3054
4007
162
884
2141
556
2408
2039
1327
4418
864
4529
989
2387
3589
3504
2579
665
2420
418
1941
1267
3311
710
4665
3107
2893
1563
2994
2640
3743
2555
3918
4203
3278
1462
2705
3786
1147
400
163
3075
2097
3816
2808
4953
2070
4888
3490
201
2277
4019
775
2813
4615
2183
966
4220
406
3528
2694
4239
2762
4484
2711
1448
802
4392
4470
2438
2076
1364
2890
3546
2872
1168
4716
3793
4942
1194
4322
338
3795
2820
4644
236
1053
81
1814
649
1111
3693
1421
1434
2335
21
4663
3230
2691
4391
96
3996
1355
886
2788
726
3745
3232
1650
2635
174
585
4749
1066
1907
4959
3436
3461
4179
4876
1694
1518
1653
4729
4014
2425
4840
1477
3900
2981
2745
699
4568
1044
3265
4036
2244
797
2385
678
2626
4094
2139
3581
968
2522
3831
4348
399
4668
3987
2581
4090
1745
3237
962
2127
3044
1156
1209
1825
4616
3236
3455
976
4505
4177
1983
564
2581
4485
673
4160
599
286
3457
3679
2647
2451
2828
4432
1950
4311
4477
4284
3237
3394
2385
2775
1279
821
2392
473
1801
1286
770
1608
722
1631
1570
1731
585
170
2343
4828
798
1869
2870
1954
2788
4553
4479
4287
3664
4110
3664
1539
4320
974
375
4559
980
4126
4083
3394
1950
2669
1439
1169
1461
1261
2488
3702
972
734
1359
2649
3584
2100
1135
481
4156
1123
3536
827
1784
4070
300
3237
2041
4833
2953
648
4904
1890
4187
1719
2194
351
1179
460
2686
2147
953
3769
58
2733
1420
93
1222
1344
4574
1987
486
4009
3540
901
367
707
1608
1810
1077
1748
4110
761
2154
4560
3022
2603
4844
4045
760
1784
2985
941
2387
702
3965
2231
2312
94
3971
3393
3439
2603
366
4341
1232
775
4926
1455
3575
2031
2184
1813
3666
3028
3674
4281
2550
3985
3979
2911
2316
4390
547
1755
4255
1059
4040
1558
1692
1840
456
2789
1396
2952
4257
1807
3392
889
3104
1010
1607
1808
2709
4931
1048
4099
3283
2582
4222
4112
1629
4613
4496
1964
2183
2722
1134
2696
785
2404
4712
2779
4700
2345
4000
3864
1559
890
4778
2986
3740
601
2349
3354
697
2231
1698
3335
3977
1352
1737
4227
3973
1621
4872
3259
2329
4651
4254
4959
1945
4777
4304
4885
3233
4899
1016
4207
2130
1679
2582
3989
3022
987
2844
4193
2858
4931
1942
1020
1179
1576
3516
3758
4077
4188
99
2183
1892
35
2669
2785
3230
673
3793
4666
2664
4763
290
613
2847
4678
3461
1641
2497
4206
3272
4863
444
465
3996
2606
2590
58
3901
2051
4902
14
1261
1141
2187
328
958
4873
2547
2090
387
1964
4180
4619
1929
4441
3809
1626
4521
2580
104
1065
4344
4703
2545
1180
2286
88
3730
3301
4462
3220
3235
3880
3676
4492
565
4204
3626
2603
3715
245
3646
4760
3005
715
3462
412
2099
3153
29
2811
2668
3895
2831
437
979
2637
3711
4156
3136
2238
3418
3072
1581
3077
510
3278
434
2168
1158
2430
4007
908
1968
1105
1630
1433
4969
4245
4065
2852
4841
3936
1648
2860
386
3078
699
4546
3467
4840
3763
4689
927
1968
3943
1434
1053
474
780
1497
3756
4298
2298
3007
351
3320
1253
1734
1324
4735
3382
2462
4356
4493
1245
1478
378
4686
1846
4052
4527
1659
2972
4650
4164
2213
3150
3894
1297
1732
2687
4550
2736
2547
2878
462
1761
4456
316
2890
57
1860
2221
2370
3307
1823
1844
2890
278
3555
1461
3331
2764
2117
2024
3189
740
4695
1293
750
4690
3892
2890
1407
4424
2656
2513
250
2349
4907
4611
2965
2064
1086
4580
3366
1613
1088
916
3841
3673
2520
1813
1252
1948
4896
4950
1016
1517
2749
3747
3477
4422
1966
342
966
321
1626
3161
1980
4970
1567
318
3107
2924
3574
4787
4647
3473
1739
4196
2278
2785
3193
3240
2860
156
333
2630
395
1241
3203
2830
3686
427
4879
1674
4672
489
2013
3605
4664
4331
1014
4259
3881
11
2701
2069
3152
772
2417
3604
790
3911
1489
536
3573
2369
129
4069
1838
857
1545
4825
3422
3672
1827
3186
2717
688
1314
1054
3890
2329
79
3067
2573
4604
2803
3774
3284
4638
798
4686
1984
3434
3989
3597
1722
2945
438
1583
1701
1432
1668
889
2165
2168
1583
2486
2252
2893
2939
1974
1617
4135
1708
1720
3248
3606
3929
264
1129
4489
4897
270
1836
954
4488
2815
441
2459
4838
392
941
2431
555
3780
2560
3448
4000
2011
2241
1021
353
1104
2871
2188
466
1749
1320
4989
1467
312
3212
4686
455
4809
903
2234
3080
2378
4833
269
2081
2158
3315
2790
1253
1542
920
1960
2864
1668
944
4608
614
4212
3417
971
271
205
4612
3288
1481
316
1297
3952
400
1678
3393
2809
2310
2313
3697
3350
1532
2722
3342
3277
3185
1327
2912
1017
4808
1527
794
2346
4295
2304
1712
4741
2131
1700
3604
2634
2408
3226
1240
4747
2358
1903
1821
3505
2451
2597
3478
4787
627
3834
4586
3921
416
172
390
907
110
1589
735
1114
3830
1411
3084
1911
2055
605
917
492
1315
3574
4339
185
1289
3043
4043
4037
4822
1790
4452
3143
1451
2506
2751
4138
156
1101
4355
4878
2880
3587
2201
1219
3331
917
287
3214
306
4682
4278
3677
1962
3260
2590
2688
4929
4085
3560
4056
3669
2129
1272
3977
71
324
1452
3957
817
1291
1500
2890
3019
270
2324
3499
2111
628
2246
4456
4688
1722
1073
4518
3132
2948
672
2941
683
878
3456
33
766
4975
3205
4820
888
4561
4129
751
4737
1206
2296
1064
962
2225
2332
361
2238
2951
1168
2201
929
1552
3660
700
2342
681
495
1134
4801
4943
2562
4643
4716
249
3957
4643
1902
4502
4197
3889
1332
4471
4809
43
2619
3161
3039
3201
763
1247
1558
2344
2212
3917
4643
2083
397
2186
856
578
4845
1012
2991
3465
4389
13
1856
1917
1830
478
3402
2416
1130
3592
2441
2889
1975
2051
3016
636
1891
837
4723
4406
4112
912
984
2092
1423
2902
1403
1084
3390
3611
956
3669
2327
3698
336
1601
544
3375
1576
3768
2538
3350
107
2410
3451
2199
474
2255
2721
177
4867
4363
2315
3200
3940
1907
2315
2884
3155
913
4132
2883
1453
3322
3792
1311
3424
4372
3883
4684
2125
4713
4681
2347
1711
4613
2129
2551
2796
619
4842
249
4920
748
4957
3480
3001
1907
3003
4826
2488
1078
423
1156
4512
975
4440
4299
2687
3278
776
2202
3361
3787
2498
3691
4412
341
4310
2873
4419
1781
4282
1487
2483
3613
2219
4789
1746
4380
74
511
4445
412
2665
2255
1737
3570
61
1980
4516
4402
3414
3255
1305
1524
2674
3954
2091
318
3929
3559
1467
2134
2232
2639
1944
3018
2396
4098
2999
3964
3945
4732
2101
2735
115
1374
4838
2235
3423
1199
2335
4769
4272
4173
726
2277
4901
2124
67
530
816
4851
472
4974
392
4242
3152
1046
3435
464
2364
2464
2271
1757
1311
2468
2808
3264
1327
3669
2000
2088
2074
1754
324
2079
960
2432
3478
2846
3648
212
1020
2594
2035
3074
2455
2694
3286
3275
4885
4930
2515
3798
1770
3838
1877
991
3834
2163
3870
1581
2001
3415
3899
3524
1308
28
593
1600
3762
723
785
3075
1788
1152
1710
809
2782
3865
4674
4604
2313
1141
3175
3928
4230
56
3531
4466
3583
4340
51
3835
2279
3573
1713
2785
1156
667
3027
4264
4955
3848
1098
3926
1370
4246
2794
1643
3511
849
2149
4167
2727
4800
2966
2801
3530
474
1173
4640
70
2937
2840
4487
2849
3810
3568
4086
4227
82
2016
4153
2585
3041
459
257
1186
3830
4547
4102
4115
3090
2645
3191
1263
4124
3192
1773
2217
1901
4788
338
4162
3237
4628
2332
3605
1456
2222
3198
1405
4603
925
3133
1791
1721
2974
571
887
245
3904
4705
1289
175
3360
43
3125
3497
2614
3970
719
3031
488
170
2390
3843
1728
3686
1170
3003
4222
4390
311
3647
1038
4381
3775
1855
2638
1509
1272
2307
401
2497
340
4832
1837
4081
2139
339
4998
511
4475
4675
2897
4488
756
2386
349
4566
3069
3351
3376
1176
4003
4822
3551
3206
1711
1652
1266
1591
1438
3256
4628
1157
4160
2328
2545
1081
2622
2192
1662
2213
2457
2628
2747
1250
4544
2483
1290
3153
2533
3028
343
3499
4730
1553
701
423
309
2721
2083
2075
698
1630
1561
3501
4818
2282
4823
2485
4945
3466
852
2745
4517
773
1791
99
386
4286
2035
1550
2719
2514
3093
2909
3591
4320
2625
1377
4752
4502
4145
3229
4285
3083
2475
4863
814
4622
866
3099
3552
102
4439
4244
1848
2831
1756
600
1320
3765
4187
4702
1898
3638
1835
254
1908
557
4250
1924
4004
2751
3479
185
262
3234
3350
3533
483
1284
3668
4425
3188
4660
1786
4197
3571
1757
4325
419
4879
4674
1443
4635
1226
1342
4341
124
1054
4182
1336
4024
1007
2398
4986
485
3649
4775
46
3010
1638
2047
2493
4597
1273
4704
1691
1108
1991
1486
532
492
3163
4101
2434
4264
3810
2516
1204
4236
3904
1872
4076
1473
2742
489
2129
649
3068
1483
3857
1670
2204
2640
988
4395
1475
2301
1863
3741
4095
4901
938
686
4745
3301
4155
2758
379
3398
4221
4519
1294
2920
1499
4823
4946
981
4043
3457
1565
893
560
1228
2744
3338
804
2623
1915
4096
1662
377
278
2017
2390
4732
747
3855
2982
1754
4696
50
1663
2327
2291
3876
835
1716
2120
3414
1621
4849
709
3436
653
2111
2745
4553
2674
3917
3164
4336
78
4705
4254
4016
1610
4987
1121
57
2089
3329
849
2291
4677
2841
81
1515
2214
1737
395
343
663
4349
1884
2575
1261
4274
4079
1427
1518
4719
2559
744
768
3748
4053
1647
4038
4457
2050
2696
1638
636
4490
3614
2965
3848
4385
2526
1920
2212
1342
4702
2585
1928
3032
1604
3072
435
4315
2916
3887
3984
4648
343
1193
1655
3361
3209
1759
3106
4791
3871
3848
3376
2775
1782
4132
4495
3178
4502
4866
3425
1641
4245
4391
1780
1996
240
4515
3416
37
3335
315
4922
3973
1832
3804
1709
2578
2677
2478
2436
3294
2393
4133
4690
2931
3843
2587
2230
3055
4844
3527
108
1944
3310
2649
1740
4957
3261
4436
86
3458
3910
4209
1302
1410
1170
1414
1122
2539
2081
1869
1879
4151
2039
2579
2117
2018
2960
3812
535
3143
1048
2325
2025
356
1991
4630
3005
4950
635
3123
3098
636
2256
4849
1146
4903
4076
3650
2760
2705
374
4612
534
1802
2004
1449
419
1765
2262
1787
345
4582
1557
3310
583
2666
719
4836
1156
3720
365
3466
2279
3653
1545
4112
541
1698
3580
3639
2448
3520
1459
45
3279
3566
1400
1110
2994
4272
217
4156
4226
272
4213
1730
3743
2509
256
1596
92
1859
4963
569
3729
81
100
4767
1174
2276
559
759
2423
3128
3636
4986
3275
1587
3744
541
2849
2255
254
570
2375
3550
1408
2552
2047
4616
719
2250
4738
3846
4897
2168
4612
3262
1306
4838
3130
2733
3789
2545
1640
1065
2620
753
1790
506
2136
2447
4034
709
2711
1219
4806
1564
1367
144
3291
2862
2913
1472
1593
526
2296
3224
4352
1866
4852
3471
1631
4766
1722
4659
4585
584
3574
0
2424
1552
2751
366
2899
4840
4245
4457
3307
341
2528
1499
4029
3166
2325
3313
4723
2268
219
3285
1257
3404
4963
1285
473
2768
2038
607
2564
3739
1267
238
3331
4683
1007
782
1087
3668
3514
2868
2534
2543
687
2704
3853
2168
2775
2572
3061
3657
2776
3058
2515
826
1870
3307
2455
273
1267
1706
3358
2774
3540
3113
2365
18
693
3957
3961
1447
792
30
152
2520
2163
393
4236
4593
3756
1004
1751
4910
4143
1511
1401
3630
3458
2607
3739
4752
1159
1222
4666
2605
1625
2473
4029
2203
2627
4213
426
2318
1581
3484
4424
1937
377
4839
992
2187
1668
3133
1719
782
4831
253
3811
146
4112
428
1053
2560
4976
4580
3087
2363
2581
3759
215
4098
1850
495
4210
2382
1686
2491
4807
4074
3031
3878
3695
1494
3861
2918
124
172
4071
4226
4712
3621
3501
3403
3623
2313
324
3338
2762
1718
1247
1252
4634
3478
1835
2125
1728
1951
2731
3812
554
3781
3608
4052
3000
3894
21
61
2096
3073
3279
4582
3030
1354
523
3706
2461
118
1071
2506
1182
2968
495
1220
2331
4769
3583
447
4406
4377
1349
4963
2057
1207
2024
1307
4157
691
631
2790
2452
3506
4986
4481
773
3882
4383
2022
2229
3038
4036
810
1376
718
4351
1989
94
136
4990
2284
2641
3343
3713
866
3878
589
2161
3670
2155
4027
4331
1506
1502
529
3141
4834
57
1274
3152
754
3457
3952
4377
1272
420
3030
2980
4371
2529
566
2534
4084
1929
1717
2591
802
1717
2241
1595
4530
3637
4782
2235
160
4241
3508
3244
2424
1197
3670
1476
1507
1459
414
1388
4386
80
2085
2962
1936
2167
3020
779
2462
2036
3996
113
4156
2805
3850
207
4272
4508
2015
4002
1863
3421
1222
2935
3636
2092
4622
2669
4949
4944
558
844
3962
910
1935
4898
2981
2425
4954
4413
3262
3917
3867
221
3278
3866
2827
2976
4658
4195
4274
868
1143
3960
1321
4626
367
1130
238
2056
4450
4686
1317
4870
3420
2795
4028
1887
831
1982
291
2485
3876
3134
3912
4
3623
2424
4653
4338
4406
2299
523
4263
688
3407
4410
1708
1098
3908
1311
4926
1706
1884
2877
2432
3137
2342
1750
446
2079
4721
3816
2479
2018
1942
3462
3805
709
2566
2355
364
1647
2996
1513
1171
736
1402
4577
683
4328
2035
723
487
1161
1500
3872
4975
1342
2892
859
235
4327
1666
1085
3205
2977
4032
916
4740
4523
4312
2750
4607
1606
487
3972
3829
1017
4940
3976
1676
2446
1669
1324
4205
3215
3550
707
4706
2651
2170
4024
890
3580
96
620
792
4108
2589
2358
2873
2716
3958
1592
3978
3900
1265
3912
1406
3855
2512
3662
4537
15
24
2509
1378
3721
4427
4725
4302
3820
734
2290
2447
4609
3487
2431
1526
3904
3160
2449
3034
1767
472
4503
1587
398
4489
1371
355
3591
4855
2278
2522
2738
2403
3285
1440
4290
3310
1678
60
2405
4964
1829
2595
316
483
1617
4056
295
2242
1399
245
162
2138
2588
2082
3499
4271
3900
3174
2590
2996
1217
670
2138
1479
2928
2032
1829
2254
403
3733
3235
4351
1966
281
3696
3486
4365
856
3352
2449
52
1288
4941
3232
908
908
