7166
3498
4724
5197
7070
6904
769
2703
7078
6111
5720
5290
2032
4316
4534
6790
4432
3167
5254
7143
1767
5347
2694
8195
7861
1112
1380
9299
4599
8528
4438
5460
5926
1800
3807
5416
2667
3063
3118
9071
4216
4103
5517
5657
7322
3779
1836
3310
3795
4521
2878
8065
7500
6773
4922
3494
676
6708
6151
7812
2311
7719
3347
2175
1987
5810
9290
5628
5570
6631
7251
3255
667
6560
3135
3300
4878
5248
4777
5063
3512
3384
5071
6503
4931
4706
4126
4061
7273
5105
2464
4233
6699
7993
5816
5594
7026
6726
6797
4733
1591
8115
1448
4752
2140
5146
4820
5658
6100
3000
4070
8514
3115
5139
5516
5594
4076
5451
5502
6704
7060
7851
6326
6090
2057
4734
5728
8237
6210
6731
6542
4512
4588
3079
2591
1850
4659
4725
4450
5100
8256
4935
5890
3722
8695
1126
6767
3174
7090
4144
3845
7432
4424
3925
4114
8228
5286
6261
9230
5581
3594
4624
9557
4110
6461
6547
8389
8268
6103
4983
5802
5536
3964
2909
3411
3129
3213
5190
4744
8122
2711
4163
7786
4587
5291
6001
8031
5141
6370
6443
3799
8051
5082
5995
7510
8460
1065
4868
6549
8431
3298
4114
4386
6344
6571
3269
8783
5569
5643
7700
5094
5319
9530
7796
4879
4136
7169
4230
3128
4549
2324
6674
3006
1591
2678
3898
4802
4473
3507
602
2991
5875
8370
3429
8378
4602
4364
7408
7946
2688
2692
3748
6123
2860
3681
7900
4758
5103
6066
3257
3272
2140
6965
5464
6393
3297
563
3030
6657
8380
6787
3917
2998
7999
5489
4527
4396
4095
7084
5145
7908
8093
3368
6623
2519
5333
6678
7621
3824
7100
7184
7905
3650
2282
7049
4397
4580
5828
6847
4392
3740
6986
8353
6832
4715
5920
5344
3986
1526
4599
8629
5274
3441
6090
4455
6334
2549
4546
3941
5961
4907
2212
2661
4665
1126
3970
3922
7034
5665
5982
5184
6757
5735
6704
6052
5128
2792
8665
6835
5755
9127
1670
7395
6610
6122
6461
8303
1584
3250
1798
2257
1499
4593
6394
2920
5142
5172
5370
3857
4872
4648
2500
2941
4589
6888
4393
5009
4124
6434
4842
2862
828
6360
2241
4003
4495
4578
6945
2720
4837
4327
5424
6282
826
4176
2048
5213
4534
3880
2268
4918
1611
3141
1885
5783
5932
8492
8573
5109
8830
9473
3745
4109
6861
1846
6086
7273
7599
5663
2080
2814
4207
3607
5748
3270
1022
4214
2424
4654
8203
4070
8054
6465
5758
4147
4805
3785
6609
6765
4641
6640
5480
2702
4335
4510
6948
2225
5220
4969
2445
5241
4711
1793
3944
4948
4714
7196
3890
7233
8611
3358
7052
7440
5635
2605
6106
5392
8385
6536
6926
6195
4378
4963
8734
6662
2676
5416
4826
5012
4694
6845
8760
1740
5876
2321
9002
8586
7380
3812
6582
8428
7206
4349
9618
924
1117
1664
7995
3903
6134
6754
5170
101
3825
5678
6819
4205
5195
6446
5221
9382
4677
9426
2307
5090
4711
5598
6634
6924
3599
2342
6515
5704
7319
2185
5082
9290
5128
7643
4684
2460
4088
5319
6701
6102
3936
3657
4537
3136
5426
7335
6065
4670
5343
3647
9317
8086
2945
7061
4491
6456
6589
5583
5901
4472
7544
3992
5326
7318
3983
3558
4455
4601
1187
9250
5704
7441
1447
3133
1307
4830
6737
5682
5723
3725
2553
4854
3764
7858
6523
1353
3126
1270
5037
8082
5239
5945
4581
7393
4896
1585
4410
6382
3162
7188
2524
4284
3130
3898
7499
5763
6705
5855
5175
4499
5571
6400
3868
6930
3858
3251
6752
1911
2870
2387
3934
7209
7449
4696
851
5360
5009
2625
870
3316
6199
2758
3291
5020
4159
4171
4904
3807
4308
457
2891
9400
4472
2813
3387
5063
2883
7465
3410
7122
3567
4730
7121
7682
3683
6665
975
6753
5377
1416
8192
2170
3430
5931
7422
5114
4929
8365
3594
5551
3619
8053
1219
2761
5458
2924
6281
5986
4575
6459
7538
2796
4700
4632
8595
3986
1675
5323
6680
8755
9823
5124
7772
2169
901
7553
6655
2883
5477
1518
6487
8033
2092
4166
5472
3493
5590
6735
4720
5392
5994
2514
1909
1825
6160
4721
4780
4644
3992
4811
3597
3171
3972
3807
4051
4664
3553
1508
4949
6145
6838
5739
5307
5489
1635
6888
1701
4380
2429
7122
8903
4942
5258
4710
2594
3933
5295
7487
4843
6628
8150
9347
8383
5863
6614
4667
5534
5534
2396
5173
1617
2657
5207
5398
5530
5059
5530
3569
5014
6357
5022
7917
2427
3262
5699
6384
4733
1002
3062
4341
6156
3808
3818
6119
5515
3181
5874
7223
3399
5674
3618
4978
5895
7161
2951
4895
1838
3378
4568
2875
5260
4446
4178
3502
6421
6175
5004
4850
4323
8252
7087
4230
6611
6332
2192
5472
2418
2988
2838
5604
4675
213
8144
5734
6212
3700
2063
6849
6844
3551
4396
6707
3950
3852
1874
6428
5390
5780
2790
5917
5320
7388
692
9030
4809
7568
4113
4314
7772
2125
2710
5725
3465
5479
8281
5868
3602
3333
8431
2190
8018
2218
7429
5757
756
3661
5517
1870
1371
5673
7597
4618
7123
3128
4820
2651
5828
2590
1600
3269
4712
3794
4561
3692
3741
2464
5957
2033
7293
6476
6068
3455
2801
6228
3897
5231
5904
6787
5257
7914
5778
3144
7143
5320
4718
4922
5692
3308
6303
4487
5283
4061
5253
1609
3013
8048
965
6581
1768
5305
4945
2437
6192
6933
5788
5558
3717
5052
4750
7755
7359
6706
7412
6140
3205
2988
7441
7134
4141
4357
7960
6600
4861
8373
4370
3344
4591
2004
1343
7510
6483
5813
5536
2404
5983
1340
5541
1964
5348
6021
4483
1433
3824
2502
6388
3692
6381
2889
3212
6044
8333
4061
1461
4709
1252
5109
3703
3466
4274
5752
1332
3020
5830
4180
8265
4120
6112
6046
3228
2583
1624
7379
3064
4088
6560
1759
1808
1253
4361
8202
1802
5909
4687
7507
2849
7514
3590
4109
4827
5817
7996
5083
711
2888
4817
4293
5306
5581
3127
1267
4672
3867
5926
2682
4934
3934
5462
3499
2902
3249
4777
5457
3886
2327
2453
5420
4721
4940
8034
7308
2849
3473
4046
5301
2913
5087
939
6201
653
1151
5430
7958
6281
4339
5259
6186
7829
5293
6247
4361
6805
5226
170
3082
6566
5498
3532
4993
3797
5586
1693
2245
6885
5791
3321
3410
1396
4378
2751
7648
3102
7812
2624
1482
5110
4146
4594
5804
6185
4289
8554
118
1807
2865
4714
3168
5813
6997
4888
5517
9293
5198
6004
6929
2692
6517
6064
4307
4772
5609
5841
5646
2041
7721
4833
7672
6094
6118
3624
1429
5095
7150
2158
6702
4063
6170
5990
1872
7476
7021
3478
3475
7840
5410
3661
6039
3357
5723
9224
3418
6674
3775
2591
8482
8796
7536
6055
7094
7205
2454
5378
8330
7873
4272
4292
3795
4053
3480
4519
7450
3090
9090
5858
8113
4911
4321
2986
2474
3998
6510
6940
4037
1026
2273
5147
1280
2143
7609
4401
5325
2281
4068
6263
9146
4412
6710
655
1447
5226
6059
801
1556
6132
5602
5036
4783
4995
6069
2131
1200
3318
6518
2045
5013
6181
658
5502
4046
4767
7273
5032
6515
5455
3234
4835
6939
2917
5006
6997
1803
2651
2232
8591
6254
9713
7586
4249
5974
5767
5707
7198
5685
5488
5217
4857
1520
3096
7480
5052
4653
2143
4821
5369
6129
3423
722
4507
4652
4371
5383
7419
6163
6752
6843
2469
4743
84
5186
6202
3016
6999
6970
6097
5311
7540
3751
1642
9647
6748
6406
5797
6140
5976
966
7921
6097
4810
3354
6516
5361
3604
6783
2911
8494
3564
6322
6084
2699
7598
4098
3643
6668
5197
9247
5699
4938
4702
2114
2966
7072
3521
3042
5882
7175
6832
7423
4590
6070
7946
3975
6529
5864
7317
3058
880
4521
3964
3877
4732
5379
3810
4761
5175
3468
6391
8475
8667
1305
5401
8311
3449
2605
5784
8123
7912
1126
4200
8427
6950
5668
5946
5703
5438
2709
8321
3888
3239
3826
7192
4862
5054
5198
6771
7661
7284
4033
3129
6903
2832
4384
9632
6155
1702
4859
8491
5270
5811
7100
7231
4841
7095
7463
6958
4221
3989
2946
1784
5577
3054
5586
1790
6007
3255
6463
7466
3152
1802
6349
6239
4811
4627
2317
9540
4955
4903
1710
6955
588
5961
4306
7306
3010
7640
4906
4875
2777
4997
5744
4766
4720
4585
3420
6117
3629
6059
7106
3989
1668
4400
4424
3935
7434
8099
5540
6412
7274
7778
3071
4655
3094
3605
5410
6368
3845
4441
5858
6328
3278
7849
2985
5365
6779
3807
3176
5839
1472
4803
2616
5431
4115
4540
2345
2739
6941
5302
5814
9044
4114
8953
3727
3315
596
8592
7568
3535
4091
6619
2752
2576
4761
6825
5235
4322
3964
5809
1213
4830
3520
3454
4134
2767
6817
5402
5833
3744
6257
9238
7455
6450
4429
2017
6014
1307
6628
8174
4421
3962
6290
7840
5117
1281
5228
7268
6095
3043
7128
5573
6320
4581
7112
3343
1283
3994
5921
7712
5487
6681
5145
8813
5909
5483
1703
5296
2063
4841
7748
3385
5483
2154
5068
4173
5307
4946
7441
4583
6473
5228
6439
5003
5746
5505
6272
5218
8522
7921
3650
1706
5114
6829
3687
6268
4253
6809
8315
8931
3934
4046
5669
4390
3260
4083
5896
6821
9482
367
4195
5873
4550
3853
5786
921
3340
8345
3606
5762
1251
5213
7485
1443
5608
8041
5359
4536
4856
6256
4128
4793
4800
2637
2347
3120
3419
8008
7609
3593
6967
8545
7944
5447
4397
6402
7604
6105
7975
6384
4586
4163
6524
2233
5279
3596
4540
6674
6392
5145
3944
5279
3705
4103
6722
4727
4270
6421
2924
4982
7555
4032
8998
1321
9550
3797
5467
7996
4815
8395
710
3366
5693
6055
5403
4113
7428
6349
2263
6774
6759
3730
8609
2866
3013
5901
5093
5951
3807
7434
4777
3585
4937
9530
8238
5626
4776
4547
139
4931
6419
4459
7490
2474
3446
4432
8190
4411
2352
9404
493
6281
2746
4672
6149
4828
4512
3452
5149
4011
4604
5202
3490
6442
3255
3416
7517
4000
3023
9068
4580
4753
3801
5299
4200
4008
5520
9771
2800
5992
6896
5015
5777
6378
7062
6072
5469
4959
6757
2636
4407
1920
4254
4336
4752
1285
6864
7457
4319
5506
3672
5487
4880
4153
7131
3905
1509
1237
3333
5603
3498
6968
6960
7395
5871
4993
1398
5064
5182
694
6771
7317
5085
2236
2518
7377
2006
1748
7652
5905
6335
2907
2855
6067
3405
5026
4426
4024
2049
3676
2823
1899
5540
9440
7835
4643
5788
4595
6737
3857
4735
6225
1323
2040
6468
7206
5993
6520
4729
5770
1712
7020
6349
6597
2763
1021
6382
7698
5321
5840
5565
588
5362
7472
4893
3122
2996
6061
5094
3074
4175
5181
3188
4026
8179
6524
8412
3416
6593
5493
2640
6556
4288
6462
4428
4437
4282
2968
7700
7245
3588
4987
8963
6742
1382
1236
9880
5400
4574
4499
4035
7172
6359
6382
5529
8638
5693
2347
586
4227
4073
4689
6664
1469
4539
2257
3903
7815
4896
6331
6777
4977
1800
5879
4966
4823
2545
2043
6615
1670
5405
6955
9357
5089
7132
5488
5661
6487
7129
1396
2498
7731
4621
4620
4064
7256
7945
2202
5955
8099
4981
3733
5144
4333
2322
6288
6980
3720
5578
4391
1443
6747
2848
3688
4436
3146
5504
6511
2814
2679
260
7537
2783
3241
3659
6458
7204
8057
6001
7454
7281
9163
6496
6060
1270
2097
3007
4251
3238
2048
4379
2845
2701
3702
6364
5458
5868
4979
3424
4971
2599
5873
4485
8754
7613
7699
4818
2171
5661
2360
7944
2808
2934
6416
4142
5311
4238
5868
5838
5982
8397
2991
5771
5273
8980
6024
7561
4553
1137
5798
3675
4853
3211
353
3300
1739
5282
3039
6104
5100
5466
4268
8357
1355
6430
4280
7794
3726
1876
5122
4231
6523
5055
5293
7175
7366
5454
3703
6233
2412
6194
5964
3929
6805
6653
4962
5354
2126
5555
7274
4237
3426
5460
6238
3109
6863
6964
736
4368
6600
5418
809
464
2824
4227
4613
1346
2051
8996
4681
1585
3581
5317
5357
3139
5867
3084
714
4375
3701
5240
3492
5275
5174
5601
419
3885
3679
6230
4778
5517
5880
6200
1691
9642
5783
8282
7089
4633
3971
4874
5200
5086
6533
6317
3649
6621
5172
7408
9549
3156
3272
3000
6920
7823
7257
8184
4827
6472
4175
1639
7472
6418
5792
8856
6718
3222
5215
7126
448
4562
6044
4237
6785
8454
3206
2360
8992
6229
5139
7688
5295
4145
4580
2748
6906
4683
3679
2903
5492
4683
4689
7227
9370
7426
975
4618
4766
1482
9112
4315
5676
4174
7208
2111
5583
3817
7919
8039
5162
1261
3179
6117
5753
3460
692
3208
4834
6588
4809
3710
2488
309
8129
3043
7385
4875
1357
7407
1239
5593
3899
7702
1537
1648
5370
5853
2645
4824
3378
8271
7596
4236
8744
7503
2396
4367
5999
2988
5322
3751
6492
4993
5502
7160
3812
4966
3623
4893
7462
5491
3477
456
2962
6754
5021
4897
5694
6122
7504
5404
6383
7735
7574
5518
3987
6129
5230
4354
2709
4496
5873
3450
4929
5928
8371
6543
1363
9023
2709
3662
2365
6412
8669
2794
3701
2262
6143
4988
5587
6330
4264
6925
4486
5480
5439
6895
7817
1961
2239
6458
9102
1538
3529
5170
4311
6124
3002
8347
4645
5721
5621
5145
7109
5961
6314
8312
6643
5168
2627
4320
3201
2543
4606
7824
5329
6602
3604
8771
1875
6933
4549
3695
3532
7852
5969
4796
3840
5965
1358
3181
1786
6531
6068
3794
6199
5785
5569
3519
3316
7496
8399
2659
9085
6194
5004
1485
7034
5634
2690
5344
5138
5486
6123
6877
7206
6265
4890
2845
6396
4483
2716
2732
6236
7152
4056
5213
9045
5332
5013
2058
3922
6262
3366
2475
5275
8940
4113
9813
3769
981
6969
5644
4300
2448
4879
4020
8335
7243
5159
5283
5587
3065
1898
2607
1436
5007
7095
3347
4299
5571
3385
3164
3064
6567
5410
6180
7585
6314
4309
6637
3201
4770
4161
1463
1006
3577
7980
8778
4016
2030
4414
7864
5398
5807
3927
6224
7649
4904
7638
4483
4391
3354
4742
7541
6366
8247
7632
7331
7574
3565
5950
7465
5217
7359
3919
7317
1906
2996
2959
4609
4253
2805
2583
6182
7134
2356
5289
6965
2342
4701
5050
6933
3206
8115
4936
6653
5535
4255
7224
3693
7616
6401
1418
6271
3047
2227
1755
4629
3335
6562
4686
8361
8957
5607
6884
8772
6526
5089
5711
869
3433
5134
6241
5451
4319
3349
5366
4907
4350
7379
4446
3606
2438
6351
4295
4884
3265
3737
3177
3150
7052
4682
2662
4780
3916
7818
5759
1296
7039
1729
3494
5355
4039
6669
4017
7058
4828
5270
8381
6730
8694
1666
4133
4449
4567
7480
890
6625
5279
3908
5540
7187
3826
4407
4410
2956
9020
2499
3026
6347
657
3827
3652
7443
4637
6885
8953
5820
5644
4315
3569
4231
6510
4855
1053
4585
1434
7419
4476
5547
4894
2173
4592
5150
3474
1533
7779
3268
5284
6474
5773
5998
4471
3131
1745
5047
9016
6970
968
5627
1336
5068
7580
2344
3531
3008
6866
1657
5367
4123
4860
1743
5857
2770
5753
9362
4091
1543
1801
6099
3549
3824
5508
7198
2400
1902
3073
5137
5247
4680
1435
3405
5207
5639
9226
7333
7730
3894
8265
7164
6108
2877
5828
1243
5568
6597
6404
1861
2585
2744
2287
2253
2419
3107
6713
5021
6559
1556
7559
3398
3847
3575
6143
3239
5067
4552
9075
871
2447
3099
9158
4160
2784
6784
6123
6109
2667
6419
5881
5009
4912
9637
5997
3753
4008
3419
4942
5757
6141
5701
5942
7050
5920
2359
7383
6421
4914
6400
6242
6395
3624
2137
3532
4675
6231
4495
5950
8918
4215
2362
8692
8289
6396
8332
3376
2236
4298
5370
4515
6525
8254
2683
3053
6720
3508
4679
5866
2872
7089
5262
3596
4782
3691
6482
7310
5841
3094
4001
6275
5770
8828
2822
7133
9312
9345
8155
5263
7316
3778
5517
8838
5002
9583
7267
4172
3599
1156
2302
1751
7909
5612
5633
4835
5579
1894
4597
9716
6117
4200
4484
4696
5161
1800
2424
2169
2930
1814
5644
4969
8898
1772
3499
4062
4167
7489
3587
1578
5594
9536
1705
6223
9594
4204
3183
6472
5112
2882
4859
3719
1564
3467
6815
7407
7648
2896
4165
4090
6165
5022
6166
8132
4548
5952
2241
3935
2678
4743
4968
8040
4536
5467
7543
7443
6978
3801
4434
5437
4929
7836
1438
3322
2178
1024
5685
3856
2117
4315
8140
2939
1888
3805
3596
3178
4444
7401
4832
2607
2125
4907
4931
5668
2949
6785
7591
3492
6681
5918
1985
7273
3454
4600
4431
6226
7091
3891
4682
3084
6033
4547
5000
4767
7283
3749
4007
1953
5108
4057
7874
3966
2614
1027
6430
1946
7905
6400
8666
5191
1772
6443
6517
5216
4132
3692
8573
2975
5221
7388
6085
4239
1708
4035
5942
2093
3590
1930
3384
5133
5332
3397
4143
5351
8758
7703
2848
2129
3545
1597
1217
7053
7381
2745
3520
4893
5056
6645
3468
3241
5871
4776
1797
4571
4830
2365
7137
4723
4285
4921
6466
4858
5008
4157
6189
6014
4623
5381
2084
5506
2877
3891
6381
3996
4726
5859
7080
5953
7489
2806
3892
5659
4773
5330
3975
7740
6907
6767
9381
7927
5058
3565
4559
5347
8809
6513
4761
3763
4858
5236
5907
5754
6196
2914
9586
6159
5209
2352
5894
1276
8741
5724
5282
5974
2350
5329
5400
4785
3718
6413
4073
6403
4631
7099
3584
6724
3558
3883
8373
4355
3126
5372
6672
5478
8250
4675
3391
5791
3750
3793
4767
3170
5402
6485
6053
4413
6868
8542
5968
2677
5382
4210
4049
7445
6914
2668
3409
3950
5541
74
7534
5072
5726
3269
485
6561
4419
7354
6849
7328
3612
4447
6688
6683
5420
6778
3746
2054
1399
2277
1183
2945
3653
5002
4957
2971
7470
1730
5121
8192
6134
3701
7153
6709
5274
5235
6877
3171
2303
7817
4455
6248
6233
4644
8171
7420
7349
4536
5175
9018
5633
3627
6936
7249
3142
4381
3552
1550
5254
5322
8211
4841
5096
7569
9120
6311
6153
5394
6413
5754
3786
5500
4507
7148
3389
3568
3453
7074
8486
1030
8659
4533
4901
7283
5276
5465
7585
1786
7807
7746
4710
5311
8865
6245
1845
5356
4974
4582
7472
4635
5323
7447
4014
6153
6109
5673
6848
4450
8520
5547
4890
4333
7214
5310
4605
3991
5902
7243
6226
6505
7093
5695
5092
4427
4724
2262
5577
688
6242
3236
9657
2613
4371
7460
5547
4523
3995
7668
8432
7513
7567
6292
3454
5327
6205
5885
6343
7271
4389
3300
7978
6047
1755
8057
2398
2090
3093
3621
8151
5588
4886
3225
3503
903
6667
5218
4970
6762
6250
3875
5923
8530
4846
2743
8646
2046
3000
5953
3818
7946
4542
5197
6946
2563
6822
6705
4371
1679
5876
5481
6585
5970
2212
3164
7733
3683
2671
6326
3872
5254
8014
8575
2251
4217
7751
6153
6660
5855
4533
5505
4542
6074
4531
4709
5935
4970
3087
5313
2066
4375
3320
3854
3664
3586
2598
7464
4970
1810
7005
6447
6410
2099
2708
4059
5921
7086
5687
6360
2252
6743
3463
4464
5833
1132
4083
5357
5091
4680
6703
7850
4673
3816
3701
3103
8209
6616
6989
6383
7189
3288
6329
4754
5781
4564
7317
4289
4202
3959
4958
4352
3681
7454
5093
7581
635
7491
3884
6369
5668
5264
4784
4967
7211
7273
2885
2999
4446
5188
5818
3265
4590
2374
4807
2973
2334
6190
5191
6041
6735
6777
3326
5937
3814
3308
1247
3264
4474
6143
8466
5642
5425
9065
7014
1365
1667
5272
5001
3173
4998
8335
8199
4354
5316
6251
6668
2825
6894
6093
5144
6862
3705
2826
6290
3566
2115
3009
3982
6812
6508
4893
5176
4905
3124
2778
9247
1711
4922
6953
5730
6309
5905
6393
9176
3012
4456
5123
4441
4103
6501
7166
5684
924
6063
8448
5795
4015
3261
2103
8371
3149
6506
7634
4101
6320
4154
3926
5142
5587
6246
2974
4776
7007
574
5322
3973
3568
6543
2528
4419
7141
7961
8111
6658
4526
4717
5756
4671
889
5838
9062
2364
6190
7298
5640
7803
2845
5099
6368
8245
3529
4248
7735
5272
3845
4640
5478
6135
4230
8159
7704
3469
4466
6852
5375
7175
6865
1852
3266
7918
9010
5599
1230
3440
5063
6630
2189
6672
2172
7119
7135
8532
5012
1863
2180
3363
5076
7120
2985
4788
5047
9749
3263
5349
3272
6515
8927
3128
4168
6757
4627
2827
4698
5909
3327
5474
5880
4388
5382
3875
4657
7422
6385
1970
4943
4667
3440
7879
2267
7546
6693
6946
5725
2776
6113
1773
7875
8422
5899
3897
8759
5574
4491
4364
3088
4988
7163
3723
5266
6424
5138
4206
7748
5094
2041
870
2558
6112
8615
7170
4142
5626
4385
4203
7079
6673
3113
9201
3917
4450
4709
6540
2990
632
3691
4474
3555
4369
7709
1633
4336
4388
5123
7416
4903
1766
6902
4148
2393
6678
5272
4584
3498
5244
7871
4421
6197
6881
5434
3574
5781
5865
7296
4110
5935
6244
4529
3518
1946
4041
5034
5028
2366
5759
1105
7168
7924
4822
664
1747
5443
5122
7710
2334
5592
8461
5598
5551
5295
5117
4138
4469
4224
8244
4207
2899
528
6063
4731
3075
4842
5869
6441
4730
5719
1877
4518
7494
3974
6176
2078
2653
2561
3420
4638
5288
5211
3249
6673
588
5321
7790
5621
6611
1330
2338
823
8043
6707
4971
2901
4960
3076
5305
2131
8032
3311
2725
4137
2447
4928
5292
4353
5215
8144
5250
4432
5012
3307
6152
5461
5416
3448
6662
5896
6691
5336
3903
4829
4008
1550
4816
3952
6934
6770
8865
5195
6199
5680
4553
4126
4309
6095
7795
8874
3594
1348
1706
5828
3892
5960
7916
4638
2601
3659
3006
6560
4923
4946
5041
2369
7930
6246
4971
5537
2927
5425
4566
2221
7237
1946
6290
4604
2631
2423
4885
3675
2480
4914
7983
3833
4311
8057
3900
4352
5507
6352
5516
4022
2478
6756
6867
8190
5205
5786
5381
6018
4773
6317
2432
9066
8493
1430
8298
3724
3307
3435
7418
8168
3931
1112
2643
931
6132
6267
1325
6713
3210
2568
5975
6627
6254
4275
136
6152
5619
4279
5508
4952
5023
5076
7240
1248
3274
6247
5238
3047
3103
7718
3473
4862
3302
6894
5868
4768
5833
3535
2244
3298
4876
4836
1251
4911
3439
3585
8768
6657
6354
5980
4099
6288
7841
6717
4637
7393
1859
5482
5727
5818
2672
6336
4339
8792
8955
3376
1149
8143
2658
6239
7405
3952
5362
5596
5269
5098
6620
6512
1667
8270
6946
6297
6222
6408
3826
7471
7951
3007
3401
3975
3101
2116
3619
3846
5572
2986
1650
6708
3645
6265
3499
2618
4854
4789
5447
6801
4344
6191
771
1771
3919
3004
6253
564
5189
5670
2028
2656
6037
6886
7603
8628
984
7410
4836
5566
2798
5251
6952
3508
8823
7657
4518
5429
4194
4649
8712
6368
4131
4593
6258
5094
5755
2488
2563
2504
4256
4376
5095
6606
4752
6403
7626
1366
5417
3822
3065
7412
2360
2991
7641
8586
7087
3292
4237
9226
3835
5275
5080
5141
7177
4136
5981
4831
5303
6613
6284
4156
3853
5428
5638
8196
832
5384
7168
4647
3835
6686
1303
3669
3697
9043
5687
1858
5862
4805
2131
4834
2451
6509
6871
1099
5748
6568
9326
6631
2874
6358
2138
5336
6014
7293
4771
7074
3264
7077
4643
5223
3294
5588
6068
6292
8517
4474
7331
7446
484
4215
5691
6662
4429
6333
3904
6166
5611
3008
6572
3988
5197
7617
2019
5809
6297
6386
7276
4974
3998
7666
1408
5066
9078
2463
5097
6191
6247
3001
5175
4279
7405
3635
4942
6613
4900
7734
4458
5809
5693
1316
6464
7040
4805
8884
1473
7723
7038
6523
7423
8681
1192
1613
5492
8415
6624
1788
3084
6380
5161
6034
4287
8547
5264
5161
3962
585
4633
6821
7171
2889
3898
4199
5123
8618
4615
2579
4308
5404
4409
3442
6423
5155
3707
2376
4541
6399
6153
3159
2237
7709
4889
4089
5876
5745
1451
5547
2858
6760
6575
4716
7832
2880
5533
4378
5388
3516
6041
3023
3985
1195
6047
4621
4156
4043
3764
7948
7136
5594
3888
5751
2269
3464
3763
6294
5242
1187
1813
1219
1473
4577
594
4712
7205
5465
5461
5667
5963
4127
4477
3050
4652
5176
7846
6047
8174
5039
6003
4973
3694
4157
7095
4880
7585
7358
6037
821
5430
4855
3288
9407
5563
6455
4921
5838
9691
8301
6512
4184
3791
4584
5427
3348
4964
5244
4180
7539
4767
5439
7775
6819
1234
2595
2579
5317
2432
2643
5190
6441
6383
7563
5170
7510
1957
4991
3441
7544
5467
7389
6415
2558
4569
6362
3105
8522
8948
4724
6066
5681
2140
3994
6916
2802
5804
3053
7375
6712
3971
4673
7171
6820
1939
1751
5899
6953
5756
2998
4329
2646
3839
6053
7333
4224
4334
1884
2975
5292
7439
484
5576
3991
5619
3959
2783
6818
4119
6541
8722
1773
7435
3893
2786
1686
2736
2576
4102
9221
4317
5450
6109
5410
2433
3023
6381
3503
1807
8490
4749
4852
4378
6322
4228
2690
4829
4674
5526
4530
3116
3003
1917
366
8093
4039
4766
4567
6981
4929
4331
1881
5491
1864
6722
8304
2166
4954
4347
2429
6475
2177
6037
5295
2257
6861
7282
9289
5109
4483
5478
2040
3797
4340
4956
6496
945
3018
3922
4271
4995
4774
6901
1376
4257
4983
6843
4447
3201
6801
3237
2155
4785
690
4088
6685
8745
8426
2745
4597
6146
3356
3561
5471
2046
5484
4308
3174
1979
4325
937
8496
1300
7213
4738
2330
3520
7539
8199
5910
2450
4396
7630
1396
6411
9772
4504
3354
4075
5380
461
3471
5161
4846
4164
1745
9049
6992
8346
6654
6021
4373
6034
4458
7984
5871
2453
6371
2278
3304
3064
2493
2744
5131
7359
6919
5925
6480
4479
1833
5555
8245
3491
6237
5624
6702
4689
5945
9150
3681
6739
3188
6019
4747
4368
4816
6284
5744
4712
1260
6823
7459
5945
4287
5972
5269
6957
7803
546
8702
3587
4786
3858
7783
8612
1594
6812
4946
2036
7749
4927
5411
5200
5547
5426
5301
5993
7830
4247
6569
5152
6129
5896
4945
7492
1439
3317
3180
4990
3071
2774
6313
2288
7966
3582
1886
2360
3973
2567
8245
2476
5347
4725
7344
8055
5790
4160
4385
5723
4207
5147
7653
5320
7776
7338
6387
2273
6168
4281
5213
3180
3339
4528
8295
1614
8068
6671
4000
6228
5141
8958
5307
5415
4268
3715
9351
3266
1405
3392
8094
4871
8365
2436
2677
6154
5011
3060
7444
3543
6189
7146
5622
3894
2537
7443
6363
7499
3530
4816
1657
4263
3386
2021
2791
7728
1787
8532
6422
1461
4006
7196
7360
3795
2609
3752
3837
5046
3180
5902
3244
5001
6309
4534
6707
5979
2464
5964
5294
2085
3023
2642
7750
6820
9575
7455
3386
7052
4689
1177
9317
9830
3723
4298
4609
1473
5848
1946
3737
6601
7016
3903
7178
7055
7930
4820
2419
7630
4594
2840
1994
4359
5406
3168
3812
5052
8152
5785
7154
1980
7877
3960
4990
7893
2892
4147
3693
5021
3338
3130
3321
2029
8409
3143
2056
6200
6997
5515
5996
1831
3619
7410
1440
5462
8028
9549
4821
6671
2161
4735
1780
4311
3374
8509
6723
7252
4966
5774
4893
3491
2122
8767
5102
4398
5743
2327
1207
3275
5525
4134
5811
4727
3987
6653
4684
7346
5579
2216
985
1324
2479
1874
3670
7472
7758
1733
599
7075
3099
2756
5620
5458
3678
2997
5575
6351
9976
2321
2737
5851
2232
3269
7296
2587
773
4703
2699
5657
5814
2598
5411
4699
1657
3117
4204
4757
9296
2767
4506
4710
6895
7015
5441
2458
6454
3748
7407
8085
4987
6524
5613
7627
5279
3949
6135
7053
5666
5558
5831
5785
4977
8300
6148
4625
4961
9189
5507
5012
3615
7295
6950
8407
2994
6807
5696
2159
2746
5364
2813
4627
8183
3625
2292
4750
4485
4756
3077
4323
5587
4901
1284
6736
5622
5901
3701
4690
4156
3779
4249
712
6733
3536
3072
6861
7230
4896
7959
2519
5890
6309
5021
2595
8121
6493
774
4669
5615
5016
3160
5412
6961
4120
5086
2753
6508
2090
1746
4494
3298
3934
4079
4789
5752
5093
8030
3377
4651
9643
5952
5683
5585
5538
5641
6030
5483
5529
7184
6088
2200
3808
6377
1950
2633
6000
7387
8146
7919
4972
8509
5957
1363
4706
4117
3342
3288
2510
7740
4111
4867
6795
8184
4744
4269
4426
4983
2730
4589
3953
9185
2762
7495
7078
3941
7393
2752
8793
1794
5476
4653
5160
3584
3715
5807
5235
3960
5093
6210
4384
7137
1084
2877
3931
3468
5572
1565
6689
3922
6673
2323
5782
2011
4189
3337
2202
2072
3737
5056
3572
8130
8373
5068
6909
6950
1284
4178
5914
2172
5780
6194
6970
1307
2922
5422
4175
2543
3004
1803
4773
6273
4981
3484
7500
3895
4062
6212
4824
5812
5965
3846
7535
6410
5067
8716
6935
3615
3949
2645
5705
4641
3731
4318
3860
5231
5741
2492
5697
864
5860
3462
3698
7915
5046
5720
5739
1170
4377
5926
4930
6220
2028
7326
3329
6415
2211
4311
8996
8101
4904
4082
8608
4931
2987
1734
5593
3273
1030
7567
4910
3370
3252
3830
7312
8538
2685
3068
5581
7185
8205
4868
3364
6565
7411
5456
3698
2661
1723
3073
2147
4995
4841
3491
2140
4265
4089
4018
3369
3870
2318
5634
4438
5762
6872
2602
4266
6708
4930
6854
8910
7636
3515
5056
7191
3652
5768
7836
4400
4258
3285
2143
9320
2755
1229
1847
6323
4540
4462
5712
5152
6035
2398
3648
1911
1851
5288
5906
4392
3869
7986
4924
3094
8592
4747
5124
1189
2873
3312
4433
2250
5020
8033
2564
4526
5340
1720
3631
6946
5945
7849
6373
9168
5218
7139
5323
9240
3253
8474
5041
4678
4574
4734
6287
3449
6718
5383
7473
5731
1045
6934
6118
5207
5000
3158
3097
7395
7671
6033
7106
5739
4195
6215
5220
3246
4705
5613
4359
6259
6640
1485
3750
4686
6499
2550
7012
3960
3271
4744
3625
2450
8536
4347
5352
8713
2179
2218
5670
4853
5288
5525
1932
3775
7844
7251
3566
3718
5014
6281
7077
4590
5470
4749
3081
2527
3789
3556
1584
3946
1438
1521
1047
4243
8131
6445
3909
1327
4378
5011
4044
7391
1756
5199
6444
8664
920
7230
6306
2665
3672
3467
3810
4886
7540
5245
1834
6776
3852
3797
4579
4058
7503
3474
3257
7695
7040
720
2681
3052
4226
4197
8203
4060
3628
3926
3375
5199
3935
6056
5083
3212
3626
3080
7402
7537
7367
2761
5054
2969
6347
1298
4916
3429
5058
3888
1477
5712
2483
4913
983
1843
4465
5162
6073
8862
3785
5236
7458
5393
1330
6374
4446
2115
4878
5344
3487
8212
3120
7621
5311
5087
4419
5020
4894
7040
4020
7256
3656
4065
5827
2562
5039
2329
5052
4251
5011
4853
5044
3060
8157
6142
8993
5842
7187
3436
5537
5067
3299
7291
5311
1774
2757
1545
6399
7104
2088
4727
3365
4077
3750
4172
1612
2573
6410
8864
5883
4228
2135
5865
5004
8074
4450
1226
4645
9111
5012
2761
4228
2046
3913
1225
456
5853
6660
5029
4787
5052
8887
1043
6127
7747
6235
3908
8812
5101
4273
604
3496
6695
1223
6386
6258
3849
2618
6232
510
4934
3869
3137
8843
6447
9043
5820
3064
8162
4015
5587
5788
1209
6549
6508
3798
6787
1790
2930
1690
2252
2824
5733
3631
6215
3915
6418
5056
7447
5520
2473
5440
6076
4128
2566
8234
1418
4836
6327
6095
6369
7576
5468
5888
3045
3895
5347
5321
5957
9201
5408
4559
5583
6470
6687
5120
5898
4604
4041
1868
4130
4285
3300
8014
5235
6849
5778
3468
5410
7749
6009
8619
4066
5790
7265
3998
3542
4609
5844
6145
3864
6621
4654
7317
9085
4672
2121
7735
1392
3220
3735
4594
6895
7626
3590
4710
3571
3452
8306
3370
6124
5566
4411
2411
6069
7698
4234
8663
1639
4034
4440
2432
8619
6063
3916
2690
4632
3501
5785
9372
2378
9583
5536
404
1670
7782
1740
8781
5868
4925
4055
5921
3182
3619
6431
4684
6885
3254
5668
4877
7071
5933
2397
7895
1304
5957
1356
3629
4446
3667
3922
5765
7690
1917
5115
5284
3961
2855
1699
8150
494
4028
7179
4527
6418
5849
4085
3188
4774
3170
3888
4333
8418
9551
5829
4211
3850
4486
5261
8136
8892
1550
4028
6933
4935
6694
5637
5759
5425
135
5652
3541
4308
4772
4512
7951
6009
4917
6648
8346
4674
5003
3735
2890
4950
2020
5724
4241
2068
4792
2919
4595
9948
5277
6455
748
2880
6419
3829
5382
4612
4347
7011
2952
4029
4564
5897
6516
4415
5047
5614
5692
5211
4455
1923
4449
9151
5072
4102
3529
7148
6284
5382
7337
6593
7093
9106
5283
3816
4686
2756
5391
5634
6613
2736
6754
6543
4781
2586
5656
5100
4647
1603
5322
5301
7811
4297
3256
3027
4741
7603
8297
5182
6639
4572
3358
1079
3076
7122
5866
4522
1629
590
3092
7694
4083
5681
3759
5094
3324
2239
7888
1470
3978
5766
3589
9075
6516
3412
4817
8896
6873
5479
5801
2897
4128
2831
6583
3304
7296
3152
6685
8885
4475
3849
4080
775
3276
6276
3787
5922
2582
5489
5038
2158
2430
6139
6925
4867
7417
6871
9468
3737
5579
7996
3018
7048
6866
5985
5112
7778
3324
5396
6581
4538
3001
6792
5525
2486
5852
7298
5098
6431
8387
691
5987
4651
5113
1927
2616
2649
6956
4338
5660
6771
3103
6644
9647
4856
6027
3389
7570
4340
5951
6190
6959
6770
3933
5327
6363
1811
1631
4586
7380
3170
4903
7968
2004
6156
5979
5448
3454
6079
4081
3667
2028
3430
3046
3476
3232
5257
5994
5726
6600
8278
833
8709
4629
7017
7881
6207
3354
2129
7817
3826
8762
7936
5921
5321
489
1113
8105
2406
4024
4021
3959
6645
6563
5581
4528
2995
6243
8571
5158
4813
4747
2547
4827
2101
3252
1849
6283
7294
6960
4115
4693
4272
3821
4138
2607
2040
6274
3606
4700
4901
3756
5425
4609
4122
4910
2599
8893
4089
5201
4288
5590
2509
3131
7809
2806
7296
5092
3299
5204
5738
3081
3768
7720
7196
5832
6912
7718
2727
3675
5501
6147
4959
1361
5314
8138
2928
302
1832
5559
5600
6017
1503
4154
5754
3974
5375
4660
3412
4082
7347
3136
4869
3294
9350
6992
2856
5018
6521
3727
2244
4447
6410
6889
5041
4311
5110
1128
4434
4700
2965
1996
2786
8802
6664
6954
2994
5047
4170
4543
4530
1797
7495
2082
3116
92
6587
4139
5640
4718
4922
4133
1578
8752
3455
3250
2557
3172
5376
2888
3961
7323
822
6295
2610
6360
3549
5829
6017
3378
7623
4253
7600
5778
5494
6945
5225
9345
3155
2661
3701
3825
6640
3584
7760
8692
3914
6185
4998
2033
1421
4851
3193
4375
8069
3933
6109
7376
6490
4629
4629
