7555
8225
5783
7985
5204
5529
4374
3956
3993
4427
8159
3885
4445
4911
8472
2081
9024
5294
3193
1421
3200
3355
4991
6061
4214
3589
4262
4934
4765
6549
982
8970
6634
1965
7118
3197
5366
5642
4008
4158
6055
6521
5123
8379
987
7193
807
6382
4481
3177
1204
5036
6574
2015
6941
4303
6755
5092
1368
4102
4513
3627
5235
7910
1755
4669
5490
6578
7108
6918
1693
6387
5450
4619
4675
9343
8219
5659
3766
5926
5720
7637
4590
5124
3494
2649
3062
4908
5220
6308
2344
540
2989
7282
3838
4274
832
2084
4335
4949
5171
2515
3952
3287
7969
8480
4938
5292
3725
5500
5167
4395
5312
5761
1104
6590
7804
6874
7359
4916
4713
3865
7276
5601
1836
1453
6290
6251
5868
3872
7108
3754
4313
1863
4347
1826
2047
5857
5012
6947
3865
7992
1482
1511
4559
5747
3609
5790
5772
7871
6146
6862
2323
6344
2855
4725
6839
3425
4429
4196
3369
3849
7346
3192
4784
2807
2330
7305
1585
4146
1719
8626
5876
8489
5100
7292
2629
4666
5158
7087
5686
641
1976
1440
4467
7560
3550
8823
5043
4922
3387
6614
2933
3024
3760
4678
2231
5613
5553
6884
2837
9000
4990
6400
1681
3939
5808
4443
5406
5900
4687
4840
4159
6693
5911
7679
990
8735
2632
2234
5585
2236
2982
5710
9356
4556
6107
6047
6101
3773
5150
8157
5346
6191
7505
5502
4844
1367
5433
3830
9308
7145
3652
4684
4724
5308
8480
4462
6560
4676
4543
7813
4478
4343
5476
7191
3267
4969
5208
5268
6373
2752
2107
3461
8954
2498
1611
5963
2829
3312
8480
2650
4849
2170
3400
2448
3250
6036
5347
4660
3980
5682
2616
2983
6606
2054
4483
6697
3244
9818
3408
3903
4915
5992
5194
5587
4561
4619
8849
6338
9002
3157
4543
3198
5940
5527
6300
2192
1565
3027
4016
4855
5600
1917
2364
2347
1458
6354
3533
2651
5527
2092
7295
5922
2398
7438
3514
5021
3966
5303
963
5157
2664
7156
6161
4247
7676
5058
5375
7828
7891
6742
4943
2983
4252
5617
2735
3138
1024
4196
5649
7470
6384
4452
4777
6286
6005
1981
4814
5739
5190
3373
3860
2663
8850
6587
3033
4835
9581
3700
6469
1907
6094
5822
6529
4348
7162
5154
3686
6615
3219
5905
3056
5163
3473
5134
6360
1440
3993
3508
5776
2811
7789
5053
6474
3540
2967
4494
5926
5479
743
1412
4798
4030
6077
1136
3539
5375
5139
3912
5986
3611
8343
4310
2565
5832
6031
6424
7908
4647
5673
5393
4911
4689
4743
7525
6501
3217
4908
6620
2235
5553
5342
2107
7478
7392
5008
2836
6063
1869
5186
5067
2391
6125
8178
1828
6855
4644
7020
4505
1843
5366
2503
4877
5201
5151
6287
5609
6265
7228
6080
6216
2884
5207
7993
5565
5441
7262
4386
4710
4241
5831
3247
5167
4919
8050
5088
738
3975
4125
4726
3250
6170
5293
6209
8282
2597
5072
4882
380
2540
3797
9796
2609
5619
3849
5794
8770
3989
6482
5806
6382
4277
8933
888
5722
5508
5909
7714
6881
4186
2149
8316
6458
5932
4081
7028
5143
3649
1500
5411
6120
6586
3733
7559
7235
3080
6239
5083
5662
6365
6321
4979
4489
4341
922
5016
9458
3451
5340
3971
9356
3482
5189
3992
6022
4006
5546
4700
6596
2699
699
4431
4889
3961
2926
5849
8919
7176
6643
6387
789
6044
1911
9103
2372
4336
4787
4983
4031
4932
4653
1803
6840
6562
3573
6546
4000
6184
2770
4381
5545
5479
5957
3163
4947
3488
5128
6397
4266
4351
6517
5862
5634
4561
2233
2462
4439
3821
6321
6242
435
6052
7854
6047
1092
5658
6131
3581
8675
8685
6032
4434
3449
5632
4630
3939
3638
2855
4901
3641
2390
5086
1520
4201
2738
2256
6511
5358
6543
9214
3163
6360
2554
4464
6464
4641
6391
4967
5183
8544
8800
3594
7728
5454
1384
1138
2700
3056
3939
4198
3684
5164
8559
4571
2845
5278
6087
4046
5985
3528
6677
5891
4778
7922
3217
5737
9101
7729
3616
3193
2544
2154
4056
6464
4419
4974
6453
2977
7036
6615
7733
2025
1121
6986
4946
2088
6594
6348
3918
4326
5334
7667
3465
6169
8018
5524
6103
3869
6249
3711
3234
4128
7154
6904
3947
3404
2479
8342
2824
5253
4277
5372
1732
1936
5604
5488
1008
3253
4634
9321
4986
5101
8682
6539
3827
1042
2846
2661
5455
5960
6315
4833
6702
6790
4963
3332
2095
4522
3898
7519
5209
3627
6815
5890
7916
5839
6419
4466
4656
1432
5728
8205
6423
3502
8736
4011
6406
2318
2823
7500
4876
4952
6184
7776
6106
2849
5976
4847
4737
8637
560
5594
5528
3794
6323
2386
4688
1818
6714
338
4202
3014
4479
5669
7170
7769
5365
4485
7375
6324
6760
2203
2216
3769
4531
4802
2633
5580
9666
5777
6100
5151
2481
5648
5061
143
3598
9704
5303
5943
595
4117
4894
1335
6220
4589
3475
1673
3686
8613
3716
4958
2753
4292
6453
7380
5975
8700
6919
5715
5913
3252
1536
4524
5111
3554
3035
2477
8036
4845
6200
6675
7023
5500
5003
7711
6692
4145
8272
4057
4782
7741
7317
3774
6791
1102
5031
2933
2113
5393
5753
5775
4731
3031
4540
4590
6441
8131
5938
2318
4581
6057
6760
7448
5794
4456
6660
3915
6190
4998
1495
7124
5229
4652
4237
3334
8943
2974
1052
7528
6887
3888
9081
3906
7229
1465
3720
8748
4518
3230
4919
6617
2694
5929
5529
8741
9043
6003
8150
6214
2736
5710
5598
2756
6310
4999
4616
2000
9180
3487
3707
5957
2918
2605
855
4031
5159
5831
1194
5073
5088
8112
7205
1477
5087
8316
6524
5149
4199
5034
7571
7533
7063
6649
5415
1867
6037
5415
6485
4841
7398
1690
6227
2983
4435
6322
2530
5315
6602
2512
1825
5922
6314
5810
4417
4941
2566
3989
4381
7564
6065
6944
3229
1884
8379
7741
4643
6029
5092
6360
2591
5307
6166
7588
5064
3870
5949
7526
7562
4862
1565
7070
1514
1171
1764
5808
6020
8053
3529
6437
2021
7979
2981
7093
4833
6187
7406
5724
3674
9184
5867
1577
4846
4634
9056
2049
5935
1809
4902
5939
8160
1536
2825
4531
4645
8852
7461
3488
5433
5892
6549
2889
7419
3654
4089
2008
6735
5106
6606
3231
2421
3961
8861
3104
9750
6875
8566
6450
7807
6816
4324
4385
888
2760
5516
5170
5565
3181
6305
6102
6193
8994
5233
3166
7184
9068
6595
5898
3823
4121
6907
6583
2528
3128
7622
4852
4775
5204
3334
6886
4492
7378
7507
4232
5444
5083
6779
2297
8242
5938
6485
8335
4038
6211
5174
2939
6811
7202
8177
5019
3499
1370
3928
798
7279
4079
4185
4844
5690
4630
8544
3112
5778
6061
3176
5666
5288
5310
3952
3424
8974
3427
6839
819
4906
7092
2635
8883
8322
4080
4733
7271
5991
4371
3309
5849
3406
3105
4420
5913
4593
944
5832
7193
4677
1652
6364
4941
3680
7121
4601
7840
5862
5583
6562
5892
3443
5178
2518
5361
6729
3950
4625
4689
7043
4280
5760
1485
6962
4450
4051
8382
2528
6919
7824
5223
2966
4797
4583
5962
4775
3898
7693
2982
4302
2067
4304
1788
2182
3400
5817
4426
6959
5800
3282
3869
2197
6887
7233
7489
4363
6682
5137
6058
5715
2015
4988
4302
5709
7151
7696
4174
4702
4300
5664
8053
6866
1458
1802
6347
5758
3529
296
6779
4802
5098
1806
5048
6592
6578
5088
6748
4831
4160
1651
2343
6020
8393
4472
4861
5111
4811
5149
8119
2779
9248
4725
2677
5277
7401
2465
3756
8487
4076
7729
4795
5724
4839
4285
4618
3603
6597
7049
6504
6390
6474
2047
8075
4934
5888
6546
5581
3628
3843
5226
4054
5710
665
6422
5066
5536
2877
6325
4320
8586
4988
2872
6872
5058
1875
8493
7007
5215
1448
7321
6524
5216
7758
6200
5217
1484
8818
5960
2956
4809
8189
5738
7625
7469
1251
9722
6056
5020
2780
4378
6875
1223
849
7701
3224
616
7903
5849
3948
5515
7795
1706
4111
5877
3311
5289
9406
4803
4990
6775
3514
1975
2308
5276
8257
4837
7828
2996
3485
3117
2353
1243
6195
5941
2287
5736
8024
1113
2038
2142
4624
7418
7320
6759
4388
4953
4532
4296
4880
8099
2077
3172
7253
3788
5695
6565
6448
4747
4906
2663
7898
7372
7943
6088
4183
3930
5451
3406
3365
975
2855
1673
5535
7487
3451
2749
5660
8347
5707
3062
4414
5915
5771
1548
3174
4159
2970
5006
5822
3026
1980
658
4426
4436
3291
5680
8568
6456
4573
7771
3090
5413
5295
3667
6307
2389
7628
6638
7127
3366
6193
4825
4680
5977
4587
944
6265
1797
4850
3584
6215
2161
4156
2657
139
2492
7309
6598
6590
1267
3167
7361
2638
5727
6587
3046
5216
4384
2378
6424
6849
4293
5561
7222
7565
4001
2786
2241
8420
3579
6881
5893
2298
5757
9107
5677
7256
4240
3149
3127
4079
8582
5207
1823
1252
4400
2573
7417
2964
5175
6570
5006
7604
9205
1436
6812
4047
7583
4040
7661
4734
2939
2755
4650
909
5248
8128
2877
4777
2319
7974
7058
6204
5366
3763
4418
4639
5131
5581
4482
5938
7551
4106
5587
1548
2216
3217
2845
7915
6591
6218
5111
4855
3413
4996
7188
6297
7486
7408
6775
8287
6574
6182
6672
5543
2113
4597
3080
4487
4842
4506
7397
5230
4955
1198
7155
4207
6767
1496
4581
2414
5640
8171
7167
3133
7665
3489
2501
4998
5422
7368
8537
5287
4767
5521
1313
4060
4349
901
1846
4623
5876
2899
8761
8868
5164
2586
7272
7390
2749
7979
279
8050
4248
3328
273
3486
7687
8511
3964
2391
2530
6382
7588
5718
101
1877
4790
5857
4649
5901
1536
4312
3278
5836
4541
6702
6810
7427
9761
4387
5430
7385
5790
1912
6247
5919
5545
4446
7196
6222
5617
754
5248
6035
4516
7644
5274
7142
3420
3703
3736
6585
5054
4719
3866
7784
3848
2252
4033
5748
8785
3811
5282
6648
7478
5450
7728
5547
7272
5088
6772
7110
5488
4015
4994
6124
6708
4347
3776
9239
6383
6108
5603
6021
3092
4583
3329
5178
3339
6197
8159
3026
6925
4426
9542
6397
1833
5446
2627
5339
5276
3747
4808
7513
3773
7586
5163
7010
5416
7016
1916
7420
5241
7125
6645
6003
2307
6830
7783
5902
4690
5838
9184
3919
8685
649
7099
1266
3952
2462
6246
4750
7725
135
5545
3998
4704
5646
3054
7261
4406
3290
8707
5354
6235
2908
4349
6818
4783
6581
5745
1787
3081
5237
4859
5829
6753
5548
6128
3990
6171
3586
6652
5969
5635
2389
5931
7852
7273
6786
6192
4843
3833
3475
3989
8162
6836
6716
6903
6004
7931
1878
6281
2097
3392
1273
6403
7856
6964
8024
7959
4212
8047
7703
5670
4327
4736
4351
5356
7372
7203
6145
4506
3960
8018
1792
4203
9667
3116
1539
4289
3830
5947
6084
4808
5118
2901
2747
3583
8166
7680
5647
4883
8142
2015
1043
1866
1945
2258
3068
3163
8526
8380
3808
6418
7881
6122
1563
7433
7163
3062
2549
2911
1843
5134
6342
2729
5083
7394
5815
8246
6964
3639
6579
6619
3309
7149
5229
4293
5965
7013
6522
7071
8103
6456
2737
5690
3815
4823
6165
3761
3435
6095
5820
1188
3936
157
5978
5764
6903
5053
6918
3107
3671
6415
7541
1772
4003
8546
3970
3225
3887
7331
3125
2149
4830
2332
3036
6451
5409
6481
5445
2145
7862
3991
5850
2164
7030
4842
6887
6417
2333
7667
6751
3050
2506
2109
7084
8138
6652
4661
5928
8491
5346
2935
4150
8127
5792
6463
2280
3518
7162
1959
3268
2489
2512
2221
5868
2169
5326
2429
3436
6397
4916
9459
6654
7041
7041
