6472
3176
7819
7778
6687
4838
4988
6229
1908
7892
3726
8028
4517
7603
5330
3199
2138
4589
6651
7473
6022
6527
2524
3645
4605
9084
5157
5907
3172
4981
5271
4969
4455
5718
7663
4668
5376
4315
6636
6035
5695
5726
5587
5471
5385
3542
6422
4743
7613
6818
4225
3697
3488
2999
721
5814
6196
5052
4909
1866
5495
8604
5402
3586
2057
8164
6375
3379
6007
3118
5979
5305
7247
7572
5100
2254
3574
7068
4057
2163
7726
3550
4842
3817
5909
3690
4007
6369
4861
6073
5331
4453
6171
4592
1102
4919
6259
8206
2217
5419
6609
1157
5042
6171
6170
6320
2489
6330
6427
5647
5729
1789
7180
5018
5600
8984
3497
5057
4341
5608
6119
3602
6267
7615
3705
3167
3572
6283
8524
6980
4190
4340
5381
7264
3864
5096
4802
5345
1815
1875
6616
5731
4724
4897
2899
6055
2819
1345
5291
3332
5295
9919
8434
2561
5085
6864
7986
1519
7793
4663
1906
4574
5705
3636
3491
1286
2526
4393
1674
5091
5725
2846
3610
4123
6699
5660
2007
2747
7189
5393
2114
3689
1554
1153
5883
6884
3768
8863
3620
5488
4570
5063
5841
4421
7291
2136
8874
5014
5612
6410
4772
7884
1763
5644
3173
4303
4577
4927
4287
3191
7663
2689
3854
5066
5927
5792
6428
4513
5595
5437
6339
2423
5041
7829
5050
6136
2667
5604
4189
3049
6813
4974
4999
5993
8162
4576
3236
2536
8479
6422
5232
5597
4879
5653
5408
3892
860
1145
2580
4392
4432
7446
5132
8904
5895
4511
6232
7164
7640
2826
4685
4632
1039
2595
6804
6541
3378
5143
4933
3068
7310
5289
6939
5060
7095
3835
5245
5121
8514
6382
5558
5615
7602
5717
5585
2167
8281
5451
3589
2422
1360
5641
7142
5159
4910
4942
6067
7146
3550
4943
4146
3506
2539
2991
8670
3362
7163
2283
6765
5127
5773
1909
2491
6269
93
5324
4876
2078
5072
1390
2668
1229
7405
5927
3446
4073
5584
1440
5079
2820
4124
4347
7211
5251
3060
6056
7987
2500
6220
5453
2928
3126
3486
5966
7225
4665
3965
8316
5187
5345
6092
4559
3600
4755
7487
4748
5906
4255
4350
1730
2793
6553
4884
4469
4418
2173
6008
3312
9407
5300
6159
5846
5420
3595
4162
5527
1185
5567
4804
5241
4738
5481
5577
3029
6261
3339
6067
4122
4720
5543
6220
5574
5909
8975
2011
308
5364
4218
6628
3791
1414
5811
4441
8641
4953
5186
7839
9573
6215
7726
7101
7976
6117
9866
5033
6020
737
5883
7338
7893
4079
6180
5844
2361
1046
6074
6227
7139
5040
6040
8017
5619
6738
2496
2013
5006
8097
7370
7814
5449
4211
2874
4737
3475
3198
5316
4985
8203
5444
3359
4662
5178
6715
3001
6425
6388
4508
7150
2799
3323
5395
3626
6461
6694
2908
4494
3124
7128
7716
4126
5618
5397
2887
277
6047
4964
1909
3343
6302
3666
4370
8130
6042
3933
6871
7054
5859
4450
4923
3845
2710
8442
419
4805
802
8605
7075
4235
4948
2869
6277
4702
5808
3593
2690
4648
4472
3458
2934
6238
2010
4945
6899
7900
1909
2359
1639
4788
4137
5552
4746
5410
8380
4851
2979
4126
2788
6462
4526
6095
6160
3496
3550
5641
9082
6411
5664
5387
5620
2571
5458
3532
1883
7977
8975
3869
4927
8316
7837
4367
5060
5147
6716
2447
5889
6205
3923
9651
1438
5697
7510
5548
5830
7125
3795
6397
5014
6109
7096
7058
6637
5321
3048
4421
4603
7658
2882
5077
5949
5285
7899
6024
5383
4092
3460
2787
4054
5291
1560
9598
4569
2125
5519
5804
7641
8216
4797
5597
8715
3795
7741
4847
8301
6259
7944
4820
8256
6878
5096
5399
7623
2119
3982
5777
3337
3192
2464
6623
1824
4630
8864
6118
6225
3693
4704
4743
3625
6357
4822
6608
4553
7401
8398
3996
3858
5411
4641
2796
6331
5166
3209
4900
4855
7691
3982
5503
5158
2855
5611
5537
1556
6495
3344
7606
7082
5171
5920
7623
5080
7837
5845
7401
5163
2550
7965
8067
6541
7838
6659
6771
2355
2376
3112
4609
7058
3648
6776
8241
3542
3491
5960
2146
7248
3468
2759
3124
9191
4949
4767
7133
6826
4043
7210
6449
4883
161
7544
5676
6964
4829
5603
7500
3439
6761
4331
6274
6656
6129
6446
2662
2042
7910
6935
7495
6169
5792
1982
7034
3551
5068
7191
4578
2583
4159
2780
7024
5492
5542
4904
2519
5830
6446
5491
6039
3591
6599
2416
1334
4096
5321
3704
6630
896
4356
8829
2963
2816
2854
3425
3112
5810
620
6054
2995
3051
6725
4351
1891
8159
4917
5358
6672
4235
5885
6501
8557
7418
2018
7358
7384
5236
8503
3779
7291
2449
3888
3864
2515
6471
4870
4043
4588
9387
7035
7445
6816
4521
5142
6054
4151
3693
4020
7317
7303
6234
4006
1163
5866
6643
3124
2752
3422
2622
7019
6751
5042
4426
7526
7652
3244
1338
2537
7274
6146
5723
4882
8435
1789
3283
5220
3287
5489
9450
2072
4404
5423
4413
7120
3301
5434
7110
5307
2216
3668
8096
7458
6084
7758
4715
2056
1457
4885
2927
3155
8409
8416
4479
6889
8237
7599
9665
5979
7315
6867
9573
7826
7446
6167
7535
2518
5854
4335
4551
7555
6187
1695
5335
3983
2969
2881
2743
5807
5150
1779
4843
2064
1902
7822
6651
5332
3087
6393
2186
5305
9631
1364
5790
2769
7005
1392
9039
5855
8517
6551
4971
6749
5394
4902
6789
6735
6475
7876
3313
8543
4468
3019
2749
6502
6927
2969
6143
7145
8020
5289
3883
6979
2678
7661
4786
4029
3942
6028
3781
3738
6551
3092
6833
1681
6764
8217
1971
4682
4377
7322
5075
5322
5897
7377
4010
9706
4465
8249
6829
1681
7255
6613
4237
6227
7692
5180
948
4572
5085
8716
3943
3504
2429
1038
2010
5682
6810
1425
7225
6195
4397
5411
3055
8835
5011
2867
1912
5583
4829
3599
8901
5000
1473
4910
5927
5981
6343
7065
6192
3420
4989
7371
2493
2241
1428
8067
6946
6591
2076
1343
4850
3336
4105
3665
4847
3788
5582
1865
4287
8625
7517
5964
5804
8582
9503
4116
5151
7246
6118
6263
3844
1446
3656
4513
3267
3950
6390
7918
4246
5455
2641
4709
2141
3484
7204
7128
5511
6742
3727
1662
3721
6187
2389
2906
4931
3766
8319
6394
6673
6970
4060
4516
2457
4109
654
4577
3600
7367
1551
5921
8020
7040
2822
8210
4711
2683
4834
6859
358
4685
6207
7193
4124
3740
4121
1811
4892
5458
4653
5644
1009
3611
5934
3490
4165
5506
6201
8874
6997
844
4852
5253
4581
5785
3567
1786
4396
6937
5464
4097
4790
5785
4117
4344
2938
4883
5545
5655
6094
3845
6183
1994
5354
5465
3326
5993
5047
6381
5318
4557
4769
1654
7102
4759
4665
7200
2124
4421
5745
5329
6608
4818
5833
8722
4180
1745
6096
4554
2154
1671
3749
3448
6882
5327
6117
2937
6347
8387
2727
1561
5209
5173
6052
4073
5715
8336
4086
5887
2334
4414
6252
875
7267
3563
5029
3352
6010
4304
4634
6584
8757
3738
3987
1004
6331
5058
2161
3320
3127
7627
7347
5012
8928
5054
897
1295
4988
5190
8298
7350
3956
6102
4717
6357
7433
5368
5976
7277
6847
7291
7067
1913
1224
7306
7483
7246
4469
4881
5656
1930
4613
830
3940
3752
8440
7081
6463
6620
5322
4135
8635
1924
4199
8768
3834
7925
1344
2706
5018
5217
8449
2818
3964
4398
5069
8684
5297
3712
4476
3918
6442
8322
7445
5056
4991
5057
4866
7597
2427
3847
8797
5846
6135
7340
6067
7588
8478
742
9033
4800
4530
7706
7317
6449
3548
3232
3926
4316
3812
2666
2310
2663
6538
4742
3619
3813
3260
2904
5641
8293
6763
5207
2811
2485
6201
2973
8608
5561
6592
7571
2739
4291
7068
7868
974
4155
6011
4731
6750
5455
7449
1252
7282
7428
2123
8969
5637
4265
4482
2405
4014
680
7896
7486
5919
1941
7864
4238
4575
3935
109
2317
4979
4963
8255
8616
5867
4747
6444
886
7427
6649
6003
1411
5135
5802
5661
6094
4571
4875
5051
3947
4020
7281
6852
4859
8239
5911
8639
2994
5466
7435
3676
4161
5933
5231
9343
4276
4700
5314
4421
6177
3370
7553
2615
8918
4839
1719
1292
5454
3609
1112
2902
5980
4938
7200
5603
2526
2211
7866
6986
2789
5592
5632
5173
8706
5149
2285
4194
6646
6829
7651
2210
5623
4025
8144
5532
5716
2033
5820
4276
8071
5491
5559
3505
3811
2873
9352
4902
3034
5230
5238
2027
7863
3861
3775
7725
2904
5027
7458
5009
4686
7342
2490
5627
1385
4058
3286
5155
7368
6022
5912
4986
4404
5840
6788
3520
8557
3907
4763
4698
7879
3750
7350
1194
7080
2854
6933
2984
5092
4366
1067
7560
6573
2368
3172
8143
9166
1943
4266
6330
5076
5211
833
5984
2569
4991
5029
1001
870
7828
4661
3771
8074
3565
6454
4689
4868
3170
1929
4355
3191
1644
8089
3316
8741
5718
4047
6959
6384
4713
7607
2108
5308
3407
7664
8617
8617
