2668
6613
7200
646
4925
2384
1803
7582
4545
649
1780
5888
5726
3927
7266
3569
8629
8239
5815
3168
5458
3443
6356
5322
5827
5092
5027
4480
3593
2096
7330
7181
4923
3076
9365
4203
9525
5452
7537
7835
6923
1647
3313
747
4737
5415
3461
6119
6095
1951
3171
6297
3585
6741
1776
856
4883
5262
8233
6827
6579
7727
9003
3864
2654
1808
4423
5572
4760
3930
3826
7308
8225
8038
1883
7230
4305
931
3178
5079
7204
6737
7916
6679
2765
4917
5157
4670
4330
1992
7636
4414
8322
8213
8072
4024
4467
3836
9630
5223
3305
4591
6243
9186
4991
6646
6193
4510
3821
4813
5156
3691
5453
6033
3047
3617
4743
5810
8583
5246
6895
8435
6491
4625
7023
5366
2436
4326
7892
5767
3806
7496
2778
3844
7825
3931
5904
7490
2305
6096
2205
5389
5270
5535
3173
6690
3680
6591
8553
6329
4353
4721
4266
8008
1176
4462
7458
4188
1916
1185
5092
4366
6104
8229
5029
2021
5928
3346
1590
1012
5898
6432
8516
4611
7785
2203
6072
5467
9943
5598
2201
3790
3359
5147
6239
2230
9917
3585
1253
3102
3255
4871
6279
1020
4816
6278
5147
3746
7179
3521
7963
3965
6964
6623
7562
5585
5436
4133
2205
1471
9512
5086
7126
5366
5768
8277
1992
3172
5851
6204
5187
4398
3101
2281
7009
7052
2024
4796
5702
4594
2601
5441
4912
3716
6705
1287
8983
3752
4410
4723
7069
4265
5964
3452
3915
9053
7049
4903
7061
7779
6025
2881
1218
5459
5149
4066
4733
3558
5026
4174
3251
5399
6414
5658
2486
2820
6055
4609
3714
2231
6555
6927
1598
8408
6016
5289
8957
3953
595
3038
3597
2704
5388
5170
6092
3578
5139
1632
4674
1429
3128
4140
5140
1443
5991
3813
5712
4589
4110
2860
9900
6011
4387
6589
4892
4825
5641
4762
4040
5575
3528
8273
6423
3482
2251
7257
4694
3911
6293
5405
7805
5723
7146
6283
3439
6560
5412
2875
4394
5732
5408
3038
8568
1506
4857
8154
6056
5897
5775
5454
3614
2111
7195
1372
7952
2057
4983
8841
5786
5693
4454
5416
4424
5605
6253
5420
3745
3647
2564
5475
3669
4095
4507
6554
6268
6767
4466
3773
5112
1338
6374
3350
2441
4868
7503
6139
4480
958
7498
3785
4024
6485
6168
8507
2624
7011
4948
4537
7884
6261
7659
3465
2814
4246
7020
904
6290
8151
5941
3701
4166
5508
7569
2195
5176
4924
5414
4861
7292
6361
3913
5097
7116
9549
5253
5662
5107
3818
8764
4864
7210
4073
2963
4379
7134
3907
5926
7552
5679
4373
4138
5869
6077
8124
3859
4999
3722
7483
3530
3284
1290
6000
9721
4187
3843
7772
6966
5506
5407
4129
3452
2217
2903
3484
4913
1300
5321
4398
3340
8114
1003
6599
4912
2936
3697
6430
3155
2017
5787
5505
7450
6113
2992
7514
8169
4717
2361
8421
4492
4073
3553
6347
8381
4483
7192
7926
573
4514
4209
6846
2532
2867
5105
3427
527
3733
1717
1548
4640
1278
7060
2140
6272
3852
5179
3801
3294
5355
4629
5077
8747
4092
8104
4191
6093
6444
4031
3046
6614
5567
4838
6307
5363
463
3231
2301
7470
2170
4004
6962
3895
2801
6064
3480
7337
6645
1083
3645
5652
7673
4431
8286
2342
7288
7868
7834
6998
5681
5569
1467
3893
2808
5451
3652
1943
3448
5912
7477
6185
4504
1660
4801
3207
9469
3722
6322
4163
6601
7845
1152
5729
1704
5649
7591
5699
4709
5792
5743
4830
1557
6216
6667
4741
876
5182
3102
8495
4307
6930
2882
1680
3362
7798
3023
824
1042
8270
3552
2151
5287
4248
4140
2142
7253
3923
2275
1655
6390
5647
5594
4440
3053
5946
5992
1169
4547
5134
8699
5434
9284
2576
5023
4732
5329
5355
4788
1928
7684
4015
6558
3242
8581
6416
5996
5974
8288
1341
4124
669
5678
7373
1938
4900
3803
5973
6841
4810
5191
1307
5269
6724
5621
8082
7081
7934
9275
6439
4968
6602
7662
6317
7330
4448
6168
4772
4990
5186
4322
6207
2979
7404
4959
5774
5449
5800
3747
3227
4795
4214
3306
4897
4496
7962
4010
5916
9197
5003
3624
5273
7152
4078
6471
4465
5321
5703
8401
5025
3768
6139
8600
5910
6620
2650
9081
3641
5650
3693
8333
5855
7309
5651
4566
349
2282
5169
4154
2715
5391
5673
8152
3746
5034
1511
2941
2331
7293
6110
4775
9596
6372
6259
5032
7379
6267
6560
3772
532
3590
1982
4246
3540
8599
3252
1595
3936
6070
9069
7063
6244
4430
2233
4229
2010
5151
4783
5979
3201
3914
4059
4679
6940
9667
5468
3579
6561
6687
4901
7161
9514
5657
8317
2815
4730
5706
5701
6216
6046
1718
7392
6585
7444
6452
5342
6363
3365
6392
5362
4416
870
341
6403
4947
7366
4903
5365
3151
2139
3126
3868
4657
2415
6023
7873
6084
5463
3445
4987
6341
4958
3688
3055
3979
5358
3038
4189
5437
2207
4726
5240
2702
8559
3424
7328
5624
3520
5982
5201
4870
7304
1767
5741
1467
7007
5439
4953
6523
7028
6384
1579
6282
4800
3982
5439
3894
6124
1270
584
1264
6420
5688
4360
4364
6221
5543
1550
5152
5106
7974
1509
6554
5557
4780
4260
3862
7557
1248
4388
6607
8102
5704
5004
6144
3429
8310
7798
6388
3589
5940
3230
3787
8208
2934
6423
5619
3550
7764
3413
5697
5050
8493
7711
5403
1561
5617
3588
4683
4691
9224
4764
4706
5386
6166
5466
5412
4608
5203
1495
5191
5423
8404
3887
7647
4844
7703
5161
2301
6639
1042
2006
3525
970
5694
7715
6150
7042
3395
4393
2663
6589
3953
3049
2009
7309
6026
9004
6560
4949
5158
3880
4021
6204
5480
4291
6538
4943
4919
5109
6142
5579
8590
5459
5048
6334
5172
3995
5498
4264
5613
7596
7011
2295
2565
5542
5059
2421
6944
4388
4230
3129
2971
6312
7818
8135
3490
4775
7596
4598
6219
7886
2489
3417
4793
1013
629
6315
7932
2342
7487
7719
7206
1500
6493
2947
5121
5637
6846
4374
6432
4753
4224
4243
2211
8323
7587
2679
6486
4580
5576
4746
7598
6291
3109
4669
5731
4752
2546
2368
925
4962
6086
7232
5395
5632
4354
8927
7911
5845
4165
3560
3921
7141
5477
6466
3978
5015
5848
4882
5518
3900
5190
7409
7063
4271
1866
6557
5654
5848
4166
2774
2387
3370
1874
6013
293
7040
3547
5054
6880
4342
4892
1185
4166
5676
5667
9362
3229
5341
4198
1524
3689
4347
9044
3597
6958
3217
5300
3564
5888
6481
7435
4469
4484
4277
6122
8835
4854
6319
5405
5836
4776
3711
8375
3499
1689
1630
5461
4843
4994
4360
883
4918
1491
7184
7581
6679
5106
7596
4993
5919
5324
5538
2279
4188
5589
5278
7450
1834
3596
3842
4539
2984
5994
4554
5222
3027
8837
3496
4281
5897
5757
6471
519
2744
5318
6798
4768
3613
7442
4940
730
3953
4682
6490
7412
3355
3648
5164
6646
6157
4066
552
6176
3160
6545
5055
8774
9511
5538
3144
5718
5290
9116
2148
6789
6875
7750
4858
5791
4231
3005
3253
4214
3780
5204
4144
5846
4129
7082
2010
6361
7453
4493
6251
4562
3262
5567
4498
4469
1902
4093
5619
7698
6355
6235
5634
4987
3879
5587
5163
5438
4463
4435
2838
7608
7057
7373
3257
6011
7553
2581
6405
5427
7059
2223
3944
6215
6324
2279
6194
4758
5638
1954
3869
3975
7885
3841
2981
4735
5194
6790
7906
6028
4290
2543
3440
7101
8175
5835
6031
1947
2526
6151
4085
5817
4812
7094
4200
7535
5200
2845
6724
3114
3965
2928
5285
7578
3934
5040
938
8590
2196
3488
7402
9297
2643
5405
2793
7645
5935
2592
3829
5517
7671
4544
2847
5561
5032
2618
9440
4649
4440
2854
7007
2549
4375
3401
4628
3407
7592
5413
8663
1546
3620
1893
5302
5523
3297
3355
2981
5446
5290
3722
6213
4799
5807
8134
1624
6072
4327
7339
5105
9047
5882
4419
6370
6051
3036
7438
5504
6707
1842
6522
3136
5327
7045
1362
5141
2759
9169
4417
5930
5216
1899
7799
3711
2451
1625
4005
6724
2358
5663
2128
4635
2049
5216
4012
5933
4395
5595
2063
6060
4560
2871
6588
6593
5864
3552
7600
7780
3146
5351
3793
2937
7584
2538
4428
3376
7843
4455
5285
4451
6222
4074
7596
4562
6200
2037
3698
5529
4287
2221
7546
6352
2473
6741
4244
3653
6959
3071
1374
5848
6499
5633
5228
3984
6952
2892
8834
7453
4435
7855
6651
6622
9279
4506
7231
4397
4982
4684
2754
5583
6775
7768
4027
5176
3075
2526
6040
2158
4165
5822
2720
8647
5866
9203
4001
2954
5519
2964
7001
5001
6461
6205
6038
7524
5264
3370
5352
6227
4826
5782
891
6143
6208
4270
4795
5221
8974
1711
5536
3857
1929
4432
7940
6350
6222
5357
2489
4262
7571
2289
5766
6113
6374
3432
7078
7622
6080
3958
8891
5569
7339
3161
2283
5671
4725
4588
2557
6301
6183
7686
5149
6494
5436
6667
5164
3427
6283
3092
7924
506
4815
4864
4960
1078
5596
7386
7144
9590
3818
7021
4526
3892
6380
4698
6246
6412
2920
7454
542
3265
6560
9475
8849
7300
5169
2836
3322
1446
6007
5360
4559
7882
6200
5376
5842
4750
2608
4829
4903
8998
5367
4696
4649
3533
7224
4653
6391
5576
4705
5463
5222
5173
6254
3978
4467
6667
8631
4779
6029
4251
5305
3628
3832
4173
4660
5356
2932
5638
3007
1788
7204
5098
6160
3675
1857
817
6449
7303
4486
5271
9179
4691
4774
8559
4328
3755
8103
4117
5380
4468
3132
3594
5519
2419
6804
5670
1263
3760
805
9572
2705
5558
3481
6171
1260
7137
6378
8401
3027
1731
3775
3339
3339
5467
2340
7808
4751
8285
4467
4604
6259
3918
8744
4099
4008
8335
4095
3661
7404
3679
7212
6775
8671
6755
4798
3393
3980
6032
3598
5614
8352
3147
2655
7953
3748
8998
7455
5898
5177
8998
2024
2538
6141
7407
7746
3092
2117
3374
6146
5000
4773
5228
5616
9355
8808
2678
4200
3975
7547
3473
2321
1289
5640
5085
4339
4603
2222
7652
6168
7631
8412
2508
4718
8323
8704
5006
5259
2686
7918
3582
2190
5488
8271
6200
5347
3611
6309
6602
5110
8572
4822
3843
4558
5694
4044
2859
7211
7139
3689
5456
4522
7383
3036
3685
3025
4723
3104
8378
3940
5248
1267
3336
7728
6601
3427
2062
5212
8918
4174
8624
4792
6266
3894
4307
3345
2644
999
5894
6323
6459
7093
5772
2232
4410
4054
8713
4418
6318
2668
7868
5236
5612
5688
3367
4511
5304
7170
4388
3931
4249
5008
6486
1755
1514
5517
2680
5681
4637
8512
4811
2003
2123
4661
7573
2721
3447
4856
4981
6171
1733
6717
4713
4669
1865
5139
7824
7903
6527
5490
1286
4448
4192
5051
2103
7317
4276
2095
4213
3300
7191
6564
2691
6856
2633
6964
4853
2695
5492
2591
5609
7704
3796
6736
7258
3683
3686
3908
5075
5006
3872
6029
6243
741
4145
7828
5527
5638
5664
4320
4921
8859
8433
8060
6535
2966
4926
4176
5050
4432
4199
4059
3691
4406
7499
5140
1258
8461
2977
4014
4803
6093
3898
3274
2631
2527
6592
4785
6969
4407
5978
5124
1939
739
3155
4176
2293
5311
752
3132
6629
4578
2436
6993
5270
1967
6210
5845
4807
5779
1697
3821
3697
4453
3601
6407
6878
7139
6000
1399
7945
6012
2066
8134
5227
5252
5917
5548
2101
3005
5356
5075
7281
4931
6295
1868
4685
2259
1403
5356
1998
4634
7204
8861
4474
6671
6833
3779
2242
6019
7920
6118
3697
9103
4686
5729
5815
6894
4730
7659
3972
1170
3173
4730
4376
5645
5464
748
4589
7402
7140
5744
4054
5877
6364
3765
4363
5504
5926
4228
5505
7779
5133
6650
2338
2904
4759
4394
2258
8235
1411
5878
8977
5745
1655
3732
3224
8294
8249
6281
6430
2406
4728
5418
4317
7131
6419
6282
2697
7865
4224
6454
5180
2776
3218
3183
492
6228
1092
5068
4028
4831
8464
7987
3306
2545
2757
1997
7588
3126
1748
5608
2249
6789
4985
7634
3691
786
7301
8204
2711
3495
3159
6420
5272
2376
7370
3675
4755
1698
5512
3233
8114
4615
1256
3155
4225
3835
4036
1957
3265
3448
6376
7280
2530
3558
5469
3312
5837
4956
3585
3820
2897
8370
4201
5747
9823
1163
7722
6118
3673
7352
3490
4294
2351
4459
5728
5449
4712
7587
6021
3757
2558
1929
4350
6499
4881
3568
7772
5094
6358
6471
3824
3272
4006
6790
6375
3809
6036
5457
5276
4585
2456
6054
4108
8121
2390
2722
4100
5147
3228
4255
7250
852
7262
5385
7077
6470
2097
3434
5822
1912
2667
2831
2401
3402
5920
4299
2641
5959
1527
4973
9036
1336
5743
1291
5163
2160
7795
4165
2421
6042
8330
1190
7665
1447
6706
3816
6912
4770
7012
4700
4807
5368
3971
7548
6149
4982
5416
4340
3932
5531
8161
5548
216
6418
7203
6398
8745
698
4805
8723
2268
2588
4057
6563
3187
4999
5342
4678
5287
2906
5256
6383
1696
4295
2767
8867
8019
8600
5020
5984
5169
3501
4568
6042
4680
4214
2956
6129
3896
7481
490
3054
6480
5254
2920
6106
5622
1422
4995
7955
4810
7358
5573
6989
6280
6111
3083
4382
3720
6100
1039
4496
6005
3332
6086
3611
4191
2152
7087
4045
6670
6444
5539
3406
5710
6293
2735
4458
3435
5500
2874
2727
2162
7093
9280
3235
7402
7686
4570
3356
7536
5684
1695
6170
4412
966
4411
3306
6155
1899
3435
5883
8332
3083
7814
7089
9126
4549
3802
8444
5568
6109
7251
4832
5565
8258
3590
5441
3730
5568
3450
1608
4109
705
5302
6507
4163
5886
7097
7928
5893
2400
6149
4143
7356
5793
6817
7903
7091
3361
6078
7525
4187
9882
2242
2410
3801
4872
6232
5780
1024
3581
2519
4865
8245
5346
6184
5196
6967
7554
3471
2724
6510
4788
6525
4933
5743
4882
5098
3606
7569
2298
4356
833
1924
4916
4794
5663
1124
5512
4216
8202
5020
8880
6001
7245
7185
1747
4113
1844
7228
7529
2175
9535
5783
5473
6214
1989
5470
7033
3828
7080
1588
4632
8140
7156
6209
3127
949
2737
4491
7296
4064
7687
8454
2581
5353
1840
6449
7614
4792
1425
3940
5434
3445
3282
5161
1732
4477
3832
6449
5380
6104
5194
4325
6611
6714
7486
5354
5328
2196
6602
5572
1297
4808
8217
5139
6883
5881
2859
9692
7660
2949
3940
6838
5867
5718
3720
5728
8239
2597
9012
2719
7067
5540
4810
3499
4389
8976
5679
2774
3756
1182
4420
6059
1376
9487
6462
3129
5962
1774
5830
7036
5552
3606
3424
4679
2323
4732
4688
5685
6303
2113
5034
6195
7716
5998
5317
7649
6835
6736
3594
3954
5382
4233
6515
6201
3594
8076
3094
6459
8878
6295
1521
7750
2212
7370
5306
5068
4970
3308
1592
3817
7639
9025
5295
2800
3707
4800
2358
4415
3224
4149
4681
2195
3903
5719
5862
6598
6883
4266
7645
6571
5563
4387
4522
7384
1988
7156
5664
4179
3553
5101
3129
4495
7182
3550
3629
5175
1703
2639
3302
4847
2760
4055
1044
7045
9333
6615
902
3716
3272
4716
7693
4582
6580
4864
5177
4437
5243
3427
5515
2146
5460
3756
6072
7850
4081
4003
1193
865
6600
3342
5265
3427
4415
5891
4994
5790
4252
2229
1450
5171
3792
5559
2533
5432
1291
6157
3506
7142
6558
9670
3749
4598
5269
5469
4584
4921
5103
5480
7486
6242
5036
7133
6870
4077
9578
4415
4556
5768
5208
1751
2820
2672
6137
8709
4904
4503
6513
4726
4370
9167
9336
3965
6134
7643
9083
6018
3932
6793
5392
3864
9344
3050
2521
2613
3474
8540
4491
6569
3562
7633
4566
5864
4960
8154
2943
3619
7477
6541
5905
9549
2165
6084
5989
7124
7355
4760
7294
3599
9538
6332
5347
3713
7728
3404
1660
7615
5860
6855
1297
6095
5173
4485
6158
5276
7967
655
4665
8399
6045
5546
4098
3362
1662
5983
7665
6726
4347
6634
6098
2227
6595
6057
6017
6830
5665
6170
2633
5486
2747
2635
5553
4289
5084
3685
3296
5854
5283
1871
5148
8805
3003
6066
3878
6107
3742
6097
6332
7361
8277
6763
198
2217
4692
3430
6526
3191
4971
3098
4408
4640
4755
6518
6941
3222
3581
870
4793
8597
3493
8219
5499
7248
7113
4876
5598
7606
7652
6147
1932
6035
5999
5249
8148
4866
4081
2316
638
4331
3189
5648
7813
7556
3089
3442
8538
8112
7924
5133
9307
4222
1755
7350
1286
6690
787
5816
3670
5079
4940
6046
495
6392
3710
3651
3295
4160
5162
6944
5079
6479
4517
5557
1564
4044
5020
5167
3896
6170
4022
3778
5686
6664
4957
7500
2583
2515
5673
1943
3592
4378
3092
3845
5781
6397
7712
7070
3171
5560
3752
5079
8076
7278
7474
6486
7420
4287
8547
6266
6395
566
6053
4082
5434
4806
2821
7056
1691
8853
8255
7150
7667
5018
4548
5069
5623
4886
3426
778
2987
5444
5136
7262
3747
6068
5560
6369
5373
5519
1072
1782
4279
2976
9155
3582
8679
338
3617
5341
5796
2675
5371
2239
4965
3438
3501
5224
2040
952
8540
7739
2328
5718
8405
5792
7087
5611
4627
5957
5790
4864
5004
4194
8091
1666
6435
6930
8063
4321
8076
4042
5108
6338
4839
4637
1585
6812
3382
9554
3952
3456
3167
4790
2642
1569
4996
4700
7395
5582
3064
5293
3042
2544
4687
3889
3387
6779
6192
6707
2360
4663
7170
5634
7734
7369
7105
5764
7897
262
1219
3853
4589
4758
9186
3171
2561
4906
6718
4224
1266
3932
7912
5242
3106
4905
1434
6376
5722
1177
2791
2221
7327
5200
9600
6750
3511
4008
7721
6809
1251
6894
4043
3708
5260
7339
2084
3502
4301
1522
6099
9275
4942
7416
7717
9196
6965
6578
3304
5072
8344
6448
1628
3329
3466
390
2784
6687
4419
1834
5544
3429
5915
9484
5357
3154
2293
8366
6520
4732
3288
7662
3449
8346
6186
4640
3748
5534
4604
4464
5460
7415
5615
7649
1478
3009
5372
5425
1905
5042
901
6502
1196
2891
2113
4682
5045
2718
6747
4463
5693
2962
7262
7696
4325
4304
9121
4026
3862
6317
5680
4082
4005
5284
6827
7159
3560
6795
1991
4289
4677
7390
4228
3201
5850
4796
5198
7953
7063
3483
9305
3798
4142
4687
6904
5651
2499
6982
2776
5097
6020
1862
4562
6374
4128
4659
1950
5469
4469
5669
1166
3734
6452
6466
6249
7133
3003
4355
8786
2119
4739
2344
6046
2110
5329
3473
6740
3059
3410
3522
5103
5299
9179
3016
2712
8479
2171
2362
8666
5267
8629
8345
4044
921
4644
6766
6658
170
3305
6773
4855
5339
2379
2450
4107
1695
4932
5357
7313
6786
5002
4423
5587
4611
4452
8652
6495
7249
8213
9679
2553
3906
4241
7169
4911
6788
6263
5613
8310
3854
5465
3383
877
4684
3028
7582
3669
8422
9490
6153
7048
3044
3731
8202
1977
6070
4597
5937
7664
4183
4447
3661
2574
5644
6999
3330
3559
6558
5335
8121
7262
3836
6108
6971
1762
7055
7622
6518
4535
5322
8124
4106
7931
7793
1519
4881
4130
6330
888
7099
2817
8995
4373
3276
5159
3056
3106
6950
6217
8926
2164
5793
7541
4540
9604
7116
795
3646
6331
5885
7446
5062
9082
960
5794
1409
6957
9683
5908
2553
2888
3736
5095
7216
5628
4083
2568
8480
2248
5081
5126
2481
7637
5762
2560
9022
3942
3112
8108
2854
8798
9521
6756
2027
7501
1806
5395
4351
7858
5735
2372
3401
6666
5312
5669
402
7800
1652
7473
5913
5438
4911
4960
4826
1425
3701
2102
8726
7308
7333
8358
5720
3630
4893
1778
5814
5410
5218
6548
3134
5088
5380
5296
8904
5816
2105
1444
4202
6225
7358
3934
7692
7892
7111
5103
3259
4513
3911
7652
8301
4179
5617
4241
5653
4323
4255
7507
7723
3937
1941
4416
6032
2223
5117
6934
9756
7495
8148
3572
5542
3838
8849
3079
6684
9314
7526
4621
6145
4141
5984
5298
4731
4424
4471
5631
6580
6728
5833
7396
2762
7027
6756
3250
5392
6550
6574
3216
6383
267
7780
3940
8161
4500
4135
4505
6803
6395
4898
2674
3218
4480
6875
1488
3616
5027
4736
9505
3793
3993
7869
1774
4690
7855
5089
4233
7462
4289
4934
6347
4193
3348
5765
5948
7249
1437
6233
5170
6644
558
8419
4026
3730
5221
3893
7619
2084
7044
7107
5571
7251
4860
3822
7293
1411
7741
3382
3247
5602
3215
3847
4215
5357
5418
1089
4941
1934
4520
859
7089
5074
2652
4835
2385
4754
7232
8100
4137
6449
2393
3870
4269
5040
3519
6028
4174
5919
6270
7910
7376
8848
4877
5313
2921
4732
5632
2744
5066
4186
6648
5965
5780
2456
7227
2502
480
7142
3782
6770
3553
1679
5596
5284
4520
7993
5344
3911
4042
2480
7675
4287
5005
5258
5670
3563
4537
5165
8262
4940
7489
7010
3296
4431
3027
7667
6103
3104
4653
6950
5739
5759
6367
2045
4288
7825
3483
6225
4224
3315
2969
2020
3908
6049
3767
1242
4773
6036
5707
5279
6525
4861
2890
1520
5557
4405
5588
9000
4369
2395
5574
6869
5125
3542
5493
6070
4515
4425
2106
4919
7381
7136
7530
3125
4424
5039
7329
5163
3126
5965
5042
2182
3876
4747
5341
2706
3626
4494
3603
4997
3090
5222
6789
9259
7027
6273
5177
6363
2081
2698
3554
1791
4937
6436
4690
8816
1822
8662
737
3424
7118
3247
6164
6174
5279
7043
8507
1808
6001
3804
4392
2375
8510
7468
8973
1351
2366
5121
7363
8518
4373
4413
4193
5319
1364
5063
8912
5509
5101
8097
5005
8652
5793
4741
9246
5914
2577
2295
7016
2852
6585
2593
4631
2110
2456
4316
3401
1243
5962
1733
3968
6224
3739
1364
5201
7376
3753
4958
1991
6454
7742
4068
8459
2430
8299
1315
6723
3886
7288
2850
4208
6208
3533
2755
2098
5815
6065
6505
8484
6843
7310
3209
3490
3453
4381
5310
7635
5780
3731
5153
1843
5272
5488
3945
6129
6815
686
3684
5086
1436
4360
5165
6626
4916
3999
8300
3857
4704
7482
2584
3559
3315
7174
2934
2809
2044
2611
6804
5559
4916
8265
6576
5487
3697
1385
9222
3827
5143
2089
5500
5328
6753
4959
7972
4378
1268
5212
3207
958
4860
8178
6207
2555
7454
6465
5154
3495
2381
3418
5652
4642
5358
6112
3398
6937
7551
3322
5995
2271
3321
5483
3447
5358
5057
6119
4342
6688
6342
496
3835
4809
5772
7256
7932
7010
6432
6226
5530
3076
6252
6868
4817
2670
2920
2556
3200
5488
5798
4853
3727
5083
1463
5715
2755
5271
1662
3666
4055
3962
7130
5691
844
7172
3573
1955
5551
4239
1679
6803
3567
1805
5252
6700
6706
4433
2717
3697
7579
6898
5633
6503
5378
3911
4348
6276
5733
4465
5198
3360
3162
6418
2103
1578
5392
2737
5766
2073
2206
7871
4395
5860
4003
1924
4808
1999
5850
551
4242
7143
6715
5446
5427
6569
4027
7076
6175
5681
1060
3049
7028
3501
5006
3600
5159
9123
6272
7277
5195
5188
4858
4019
831
7368
2367
8918
2312
3738
2448
7946
4514
2489
7194
6627
4158
7917
5277
5752
5711
8250
9065
7287
4522
7676
2178
4240
8556
6073
4138
1782
8321
3615
7346
8566
1318
3126
7209
4879
1927
5886
7900
4495
2318
5147
7390
1559
8621
2501
3272
1259
5981
4093
8397
5673
4889
5233
8091
2464
2888
4990
4996
3778
5645
7110
1526
7363
4424
5542
5679
4083
7686
1922
5631
4243
5580
8369
9187
1690
322
5826
6900
6319
2480
5925
2198
3213
7652
8191
3051
6411
5558
5806
9401
6998
4639
2512
6334
6631
3180
1716
4815
1346
8777
4233
2723
3717
3996
5119
4999
711
7947
1555
1871
2662
2446
2976
7892
1007
7557
1386
7754
8141
4668
5553
2636
4469
5057
4187
6883
5974
3841
2599
3394
5734
4897
5815
3980
5098
4774
8343
5545
7681
3194
4622
5144
2892
4234
6446
958
3559
6051
4009
6236
5899
3145
2667
1978
4929
3494
6729
3869
7193
5109
1503
7540
3375
4895
9060
9029
5326
1324
7423
2537
5669
6806
6187
3238
3099
607
6891
7998
7599
5435
8358
4950
9284
3991
6674
6466
6629
3959
3867
7952
2788
8434
4099
6476
1213
5543
7313
6138
1230
5911
8505
6358
3272
6186
8368
7225
4197
4764
3258
8913
7233
8262
2294
4508
6016
535
8278
7871
4599
2096
6868
1161
1567
5884
3108
4171
6934
3705
3925
5372
6233
5812
4466
6850
2776
7993
229
3517
4090
5651
7410
7843
5491
4903
5361
5499
6316
5749
4797
2309
8946
8321
7003
6000
4342
8667
1495
5730
4713
3163
3379
3136
6734
4678
5772
1707
3179
2851
4782
5556
5208
5881
3038
4398
7335
5307
4980
2258
6169
1941
4600
5192
3445
6835
5951
6294
2771
2092
3639
6900
5212
7421
3978
4650
2995
7543
2235
6797
9019
5292
2787
1676
3459
7820
740
740
