847
878
172
1730
2994
820
2276
1385
2104
4088
4885
4248
2435
4848
1378
1867
1376
1687
4516
4572
2533
2377
404
4788
870
4982
2751
434
386
2203
4362
3609
4468
3415
1939
2969
4252
2230
2425
379
4293
151
2912
2481
307
3146
3918
4236
743
3105
4147
3489
3309
3555
1330
1769
4895
4831
4560
750
1694
2955
1245
308
63
4803
3131
4069
3301
2020
4641
1826
1321
4392
2309
996
1456
4414
718
1949
3380
234
4110
2536
3310
1846
140
4537
1657
1095
2837
4512
3214
3421
4276
408
36
3979
2240
4946
801
119
2905
4004
2999
3041
1619
1480
429
563
2885
3412
3075
898
4648
4420
2496
689
1115
2428
3621
3173
929
2986
1223
679
1538
2693
3761
535
1897
2567
3727
2935
1385
3238
2672
1777
4324
780
2737
2275
4158
1534
4306
1649
59
1534
1283
3189
949
91
1060
2643
1147
996
3892
4650
4495
4581
3757
3795
408
2296
1632
794
4970
3352
2377
2205
2131
1962
2931
3864
4086
799
3676
3810
3563
4350
823
3122
3335
3384
1272
4550
3906
1699
2999
1853
3512
460
149
3181
3843
977
1912
199
1243
2233
4067
1643
1965
335
3134
3229
4407
185
3430
2555
162
735
1921
732
3444
3670
4233
3334
3430
4509
2952
3288
4052
1500
2351
3413
2018
1489
4242
4710
3909
1161
665
3304
4821
3559
3800
2488
4078
519
3731
792
2074
3181
1786
4721
1202
1083
3404
1459
3942
3028
3394
1493
553
3819
660
1346
1523
1583
4808
2129
201
4918
3324
2906
2380
2654
3212
1528
3867
2297
3606
148
2599
633
4523
3940
3758
3280
3634
618
75
745
3307
3952
1424
2854
3810
2675
3182
3654
130
1114
1427
3048
3856
243
1723
2637
2098
2674
1341
2344
1600
4305
3949
3081
4117
47
1953
1346
4503
4380
1504
825
2238
1140
4108
3370
3746
1697
3016
2171
1079
3921
772
827
2595
4378
3500
1107
2805
290
4914
3057
2851
1277
4662
4264
2384
4234
987
4114
1043
2730
4025
751
3639
1715
4527
705
2118
514
847
3147
4012
2032
3821
2923
4347
4031
2425
4537
136
4130
2974
2761
507
4552
1239
2523
4091
193
2872
1798
4359
1858
3505
3792
2360
362
1075
3426
868
3666
882
1860
2060
2247
4627
4575
104
2855
4105
4143
950
1746
3539
4465
4805
1353
95
3814
4420
1079
821
4003
3807
672
2440
130
1129
824
4383
292
1809
4346
3964
4463
3420
3629
2091
4333
2256
3314
3071
2350
1796
4720
3017
4472
1682
4438
2339
3046
2596
1671
647
595
3947
899
576
453
4894
2988
4690
4377
3354
143
4784
2511
3077
4688
4439
487
199
2039
434
2301
3884
3104
1199
2592
2434
1179
2981
4678
444
970
4043
49
2953
3276
4687
4510
15
3537
4176
2550
4192
566
836
2351
3160
3937
4312
690
2621
2160
3225
129
2962
610
1387
3179
2998
1585
167
4555
2699
1263
4546
2971
719
1549
4780
335
2650
1625
3813
894
2077
1498
2786
3558
2958
2851
4945
2209
626
3631
3346
3460
268
3015
2580
340
222
856
4500
1197
4470
4841
4960
140
1845
4381
445
1239
3328
3356
2565
1177
2660
4131
4230
848
956
1582
265
3819
2699
1065
149
262
1420
4617
2480
3091
1031
2358
1594
1975
3056
125
3301
2799
3084
2515
3827
195
487
1982
3337
2615
2574
1271
4825
361
1623
4517
2946
4680
1280
3470
4960
4394
4819
2917
311
2821
208
941
1382
3237
2773
1076
4674
3909
1014
4736
2699
186
1092
1874
1225
4628
2072
3143
1987
3202
2666
1383
4354
2013
4100
1814
4903
1525
4898
3691
4976
724
3540
344
3336
1276
1568
2245
2705
1726
56
2052
1678
3640
334
4212
2019
979
636
2901
1415
2073
82
296
1982
3283
4977
1129
1998
4702
4270
3160
4047
3682
85
4399
1424
306
905
223
3083
2556
2706
1634
1149
32
3111
1516
2073
642
77
4085
292
1757
807
3656
1779
4177
4733
2734
1987
4126
3371
3996
3081
3137
743
4542
3632
1300
1388
2584
2341
2713
940
3494
930
1524
3732
2354
4623
4082
708
4250
3670
2402
4372
4357
656
2681
2594
758
4054
4818
4672
2779
1874
1248
3845
2339
985
2437
1364
3490
378
2300
4567
3254
1758
420
3660
1760
1422
4652
2366
2225
2866
1418
4635
3310
3048
2337
646
221
2390
1373
2041
100
3385
2175
680
3062
4546
521
2009
4516
132
252
2300
1193
3129
4113
215
4931
468
2562
3197
4526
954
4503
2051
1411
2887
2912
875
3151
3001
2353
4005
14
891
3829
3171
15
2676
641
1476
3895
4966
56
1210
393
227
4235
3053
3300
2429
50
1683
1548
4778
2661
4136
2892
1837
1955
2677
4987
3271
4626
2914
2848
2735
4351
920
796
3075
3631
2971
368
780
202
3775
4843
3492
1429
3225
3625
3123
1186
698
550
3636
3948
816
2643
2636
839
2882
3488
2658
977
528
4387
763
1297
3947
3391
2318
4960
3138
1599
4943
3194
2113
2514
4887
4035
4895
39
3607
4259
3123
3829
342
3156
3598
4199
3373
1634
1543
2676
1919
1175
1035
106
4217
4706
1218
3708
3102
4494
4354
3888
2619
4736
2621
2142
2663
902
2341
3574
2674
4657
2843
4208
4598
2582
4855
3871
3477
2383
1175
2455
1841
3217
1296
823
3739
1552
943
669
2151
4731
3221
4258
4467
463
2412
1427
1941
2014
3332
4806
1561
3023
3149
837
20
2355
1365
4334
1618
3023
5001
1079
190
4964
2489
818
209
4204
1231
3839
3437
4166
3640
1981
4011
2186
756
150
5
1147
3841
382
2199
4903
1426
426
4623
191
3339
2500
1244
2156
2306
2282
1148
1503
2722
247
4524
3888
3568
203
1742
1077
297
4924
3113
2126
3369
1814
4595
3786
3314
1321
25
2860
2113
2599
4783
4968
2079
1287
345
2991
1220
1148
1407
2573
4176
525
396
1718
821
1523
2239
2737
996
3047
4425
637
4528
4296
4211
3388
2246
1174
316
1142
643
699
2884
432
2842
3992
4722
4996
648
1951
2418
2193
913
1394
643
4607
1662
2972
4455
1236
480
1064
3811
1619
4773
2451
1835
1896
4427
1200
2447
3674
644
1121
3786
1120
459
1608
1901
1986
1664
3667
3594
3870
4896
1830
2433
2500
158
1517
2543
2304
3132
4993
2217
2808
1789
4081
1698
1975
3861
1766
2309
521
1981
1264
1940
624
3310
353
3179
4124
2428
89
4660
1322
90
365
4183
4389
3567
2661
995
3645
2778
1460
3068
2778
2333
907
1139
2527
2193
1174
2939
2592
4234
4859
1866
4598
2677
55
2399
2693
2372
4284
2476
285
430
3876
553
4142
4987
1766
4514
3705
1754
4387
786
2814
1282
3170
2938
3872
4665
2840
1720
303
3775
3515
2468
4930
3542
1225
3053
888
4416
552
4201
1829
2161
4964
2148
4845
1138
4256
4612
3979
4375
4750
2544
2991
3099
2914
4990
3459
679
3985
635
4382
3142
1767
2074
3877
166
254
4068
4171
2785
2119
4026
3946
1895
688
4476
4681
3041
4582
1432
3821
2123
565
1029
4411
1091
1801
579
4156
2999
3336
1869
12
3644
4645
521
2223
94
1358
2859
2906
3386
3893
19
2499
915
1363
3983
2751
643
4326
1525
2311
549
1996
1675
4433
964
2101
3573
442
4814
1975
857
2340
762
2660
4952
3192
1953
496
4641
2695
4272
1711
2875
2492
3955
360
3782
3357
4199
3683
798
1788
3009
3410
1747
3896
779
4162
868
4800
4189
1321
3766
2288
3841
4787
20
3437
3959
3536
2353
107
1666
4493
1261
4909
2672
3070
2337
3736
2950
1183
1875
1223
1969
67
3889
3767
1832
1214
482
2721
201
4739
4813
3819
4335
4954
2772
3518
2235
1057
2675
914
720
2076
3318
4164
1905
2424
1245
2696
2316
4928
1792
3350
4507
3619
4509
2699
1002
3028
1500
1903
1266
99
2533
3881
810
4232
390
929
2540
179
3134
4699
3525
960
573
373
4120
4877
744
4684
3388
1009
1242
1680
835
4847
1205
4938
637
1193
3370
1174
841
185
196
1404
126
647
3918
1171
3706
3705
4434
4235
4212
2751
3726
4880
1669
2826
672
3803
431
1142
4526
2703
2181
3754
2142
1443
1509
883
2163
3487
1455
3089
2734
752
2177
3911
1826
3746
1729
4969
4777
328
2186
1531
3526
295
4637
505
2935
2238
4959
2598
206
1678
4212
952
2442
1102
3479
777
3260
3717
938
93
4961
2630
2502
983
212
2585
677
331
4478
4013
717
1946
511
332
3139
2011
1687
363
726
759
1254
4345
613
4723
3738
884
3044
4210
1830
269
4553
3354
604
1359
2826
721
4169
3627
2079
2937
2100
4915
562
3292
4505
3181
4981
3106
408
3295
4575
273
799
2873
1612
1295
1443
4866
4614
4699
3011
1741
23
2829
2825
2007
1639
856
438
1066
954
1551
3338
668
2918
986
1597
1714
844
4055
805
4051
1822
2963
236
2638
3771
947
2422
4938
2898
2526
2625
828
2866
3814
1467
4912
3494
512
1961
3064
2182
2860
1934
2355
4095
3349
516
1581
2275
3869
4602
31
2182
3096
427
4181
3278
3659
1242
3739
1879
678
52
667
1809
1918
2366
1402
1432
4895
549
446
2293
1745
619
3036
1059
712
79
225
4264
4657
2285
2004
2017
1027
455
3975
3853
3549
3101
1125
4103
621
1481
1759
3628
3431
2415
2216
1948
3550
4976
3661
3590
3272
3672
2672
4099
3726
1917
4358
1417
4406
4239
4928
4181
731
3152
2023
2500
3174
3455
3522
4712
3609
4506
2925
2999
4715
2869
4569
3102
4977
2485
3130
4822
1356
4599
3270
3237
1153
2868
1803
1631
3399
3387
3334
1031
721
4157
1159
797
3452
2069
2817
4203
4652
1780
4302
357
792
4481
2251
763
86
902
562
3298
4734
4740
2662
3227
3594
2699
494
2114
1634
2258
2620
4487
3397
573
897
2393
3103
2641
3154
3217
4570
3447
3793
2344
1506
2804
1573
2194
4012
505
2419
4598
2055
1481
2150
2784
2470
1547
195
383
4681
3712
4352
1728
4174
4504
1096
3415
3536
1321
1137
3741
3670
3629
219
2342
3887
3705
3664
2621
2784
4649
2840
2679
4016
1118
2814
2366
3123
1083
19
561
3358
1878
391
2369
1356
3632
2591
3482
1888
2768
4350
2130
62
1440
1437
1847
4205
4334
2358
3673
1468
3537
1536
558
3498
1384
1269
3802
1214
4365
2004
2225
3908
2510
113
67
1559
3349
2447
2191
1260
59
308
1603
71
2877
3685
3202
4408
1614
1073
1009
2880
1460
1474
2799
758
4445
4732
2251
4349
3931
3742
4439
1301
1528
2800
3275
1449
2231
2489
4546
3714
1585
805
701
3656
3401
380
12
4167
2180
1498
3904
4395
4263
771
3549
1185
411
3432
918
3809
4733
4293
493
2781
386
936
4437
1106
1512
1199
648
2706
1654
3697
1486
1696
4865
1064
823
1543
367
3644
98
2241
417
1927
925
4185
1643
3084
339
3438
4403
1067
2724
315
243
3149
3321
995
1584
3139
211
3703
4103
2968
1914
4392
2432
396
352
3289
3530
4200
898
1561
4386
961
1749
2254
662
2119
4793
7
1980
1178
1332
4398
1025
4278
502
1793
4794
2979
1536
143
1928
4751
1729
2695
3786
2430
3658
44
3182
2178
3298
2331
4860
2490
3025
4501
1371
4737
504
3909
3461
1456
282
3077
1167
1423
4781
4302
2729
3686
1131
2750
2245
354
1231
4007
14
3466
3224
1244
4192
2320
2728
4443
69
2555
1695
4844
288
3133
1736
1177
1268
2735
3733
691
2737
3064
1235
3933
1313
2784
1127
1329
3661
1591
474
2998
96
344
1324
1038
2424
4562
3297
2983
1002
4651
2649
2465
2404
4788
1595
2780
4575
1868
1214
2371
3049
866
4970
1020
1796
4236
4090
4766
638
2185
2914
999
4152
3682
1506
3315
2844
276
1116
4392
1821
3212
1696
1464
3375
3760
1500
4028
4107
2697
3532
3897
4579
4677
103
2551
2882
4240
185
702
4150
1148
3198
4075
2990
1105
4449
3617
765
1465
1606
4267
2050
1061
1578
1417
1860
1246
3941
3274
1907
1337
111
4615
1427
3939
2444
4674
4144
3725
894
2816
102
2587
353
2015
1716
4095
655
3349
3248
4494
3845
1910
4517
4514
1713
4178
708
632
153
4552
1762
648
3749
4371
1004
3353
4400
612
3939
4839
2467
251
2369
1611
931
3316
1493
1732
3562
1469
435
1230
3342
196
20
2317
3024
2007
3806
2340
4991
1777
1442
3290
3342
3035
231
2369
2512
4315
41
1238
832
363
2857
1823
3838
995
1559
4453
1986
4189
2120
995
2200
1516
776
2466
1755
139
2728
4374
1379
3136
3841
3424
2055
1025
3575
3027
2624
4090
1384
2038
1120
1446
270
3121
1371
2143
663
459
564
3880
4913
345
3756
4535
1932
956
3345
751
3774
981
1486
2510
1187
1118
4667
689
4802
3951
1221
4304
3120
4276
1186
3419
2606
1179
1116
2589
1275
4397
2294
2993
874
57
2444
545
4317
4763
3776
254
1855
4798
2339
1553
1165
829
1734
1707
2127
4736
4716
1477
1421
2405
1554
3275
2579
2128
2327
2656
1389
4236
909
124
3241
1636
267
1620
2863
4461
3202
999
1822
3510
314
4829
3720
2721
2612
690
849
3642
1911
2120
314
751
4510
811
767
1129
4449
4650
473
1551
3763
4622
3678
4391
2904
4899
1217
2858
1654
3175
974
4693
726
670
3013
2930
1695
1401
1245
3438
1897
288
4982
1014
4200
2924
834
1225
867
2369
3339
1962
2574
2906
306
396
3564
2955
4957
4650
2393
623
2578
1922
110
3994
4474
3881
4217
649
3355
3456
1361
1630
4616
3720
1492
1487
1557
887
2960
2386
3128
821
975
4982
1454
946
2620
3808
412
4930
676
4686
2105
1722
4143
3955
3101
1834
3469
970
652
4654
1550
104
3988
1989
628
3612
3094
2102
132
2317
1475
3444
4021
781
3309
4954
3854
2679
4430
3827
3037
2727
3575
1972
2858
2594
1357
2976
4042
3160
4023
1585
2264
4983
229
4294
546
1372
3030
2234
1778
1971
3630
4393
1936
2200
2376
4950
2077
3443
2612
2342
1330
774
1882
4366
1481
4720
2474
2468
4188
4264
131
1053
884
3301
4857
2718
4146
4871
1510
3346
3552
2192
2053
4324
4605
3168
2088
2703
4486
88
3818
2949
3336
4218
4059
4864
3856
969
2396
3196
1969
4557
2856
60
3711
104
2387
795
4286
2140
4811
4599
2113
4605
1097
3262
1159
1161
2428
4592
2734
396
1628
4951
1276
3545
1907
2470
4431
4442
1166
2976
4122
1674
2826
1547
3327
4457
4841
2687
3404
2760
2373
2722
278
954
4969
4726
1446
3587
151
680
1659
4708
4462
230
3042
3738
431
667
3681
3318
1264
2778
3525
1277
3656
1353
494
2817
3209
1070
2122
1954
3038
1592
482
2465
2821
4744
3255
2955
1929
1235
1598
2632
4813
1900
2963
2188
3915
1811
2839
416
3923
2474
4882
3519
3189
4133
3527
4294
3234
4195
2824
3887
1922
69
1897
4309
1176
3105
3045
808
1977
2108
4303
1583
4325
824
3164
3329
2441
4239
2530
4032
3953
895
1606
431
1225
2854
3294
2784
3960
1870
450
388
3395
327
2844
2591
4042
1493
1943
4522
1464
769
3405
4202
2264
88
1683
4546
3663
3954
494
222
1276
3758
2843
25
1108
2329
2488
4200
2852
3158
3650
467
4835
3188
235
71
1818
2732
4646
3535
163
4046
1940
1430
1133
894
4628
16
3970
2150
3152
3956
4841
765
4713
1131
2992
1675
2396
4148
2049
2773
3258
2608
4395
3036
3410
1262
4986
4489
2732
4037
491
4081
627
2483
2210
4125
905
2694
1420
1341
2443
2377
1223
2575
4852
2121
4679
1299
2789
4756
2885
2241
2075
1445
690
3485
1972
836
439
2679
3569
3528
1842
431
80
937
4770
3726
2899
2298
3046
51
3515
3548
276
766
2049
796
202
4599
4281
3660
2405
227
1887
2662
187
4650
668
1378
1470
2059
1316
4890
4311
3309
1763
784
1522
2010
4792
710
80
4172
1991
4775
4525
3436
2526
3527
1872
4373
561
483
1054
1482
1504
2712
2410
197
782
4829
2524
3132
4080
2022
2174
707
2927
2261
543
2045
1784
1850
115
4368
1777
2525
4046
3486
2338
4234
1239
4246
2739
1142
2543
439
4184
895
18
2387
2818
4518
4744
2623
854
2866
1471
2020
886
953
146
4458
524
3561
4980
149
2316
2693
4880
4973
4753
2496
2678
3653
1971
1781
1157
1757
2834
3431
1971
522
2189
2018
1537
133
2299
3341
3979
3933
3276
3237
4269
4609
4542
1202
1709
94
1240
116
3137
3887
220
152
3585
2939
3484
3435
4745
234
158
2624
119
4218
3942
1892
3504
3911
3726
930
1290
4327
1923
2453
2068
1654
1408
430
223
508
1449
3946
2178
1252
757
1439
710
926
621
546
1657
4391
2105
3085
2497
4077
1819
4144
4344
3406
4018
2776
676
759
2362
4051
4403
1330
1352
1550
4530
679
3318
1972
1247
3056
3238
523
213
4412
3153
1201
2897
1980
2526
629
3220
2907
1684
3879
1375
3155
4093
3897
276
3450
379
4208
656
2362
735
1757
1011
3282
189
2961
1576
4037
2199
1563
1580
2105
4821
3876
2011
2810
2900
4498
4623
4799
2069
1294
1737
3793
3284
3165
4291
3125
4176
257
3559
2941
2874
4398
3806
669
4941
1133
731
3480
2840
3779
166
2296
4915
26
2177
2151
2026
1191
3174
3185
2702
2558
3837
2160
3564
184
3968
3335
2230
2811
2622
2324
1934
2881
3537
4229
2240
3591
1902
1680
1301
353
3133
2973
1035
1611
4727
1988
602
3646
3084
3161
1790
4670
1181
667
2321
3700
619
1941
582
496
4892
1727
914
1512
2231
1207
2705
3308
2588
660
1181
853
1209
2582
4982
839
214
3855
1261
2211
2900
2907
1079
197
1061
1916
2396
3478
4175
4797
623
4732
485
4960
1899
2443
774
794
2926
3689
474
4937
2433
4058
3043
533
2822
4776
3768
2901
1575
304
526
2489
2877
154
2003
720
543
3048
1938
3128
2897
2825
1144
3027
244
427
1347
1006
4070
4929
2504
4906
427
4433
1253
2677
2685
4998
1454
2195
865
3295
2043
4775
1778
4106
2888
414
269
2348
2135
3249
958
226
1722
1325
1717
4215
334
775
4866
2709
3352
1423
3595
716
287
381
446
1655
1940
1220
869
340
3537
502
4555
320
2214
1985
1144
2867
1154
152
644
3536
3372
1082
3382
1420
2611
2665
579
2844
2394
1254
4094
575
1273
1255
4863
2287
2808
2838
1629
69
3740
1200
3194
2464
3958
2764
603
1850
4091
841
2276
3028
4115
1047
3210
588
441
707
1377
4537
3111
4803
3865
754
2243
483
2777
3506
4917
2841
3577
4466
1046
59
3297
2242
1519
4716
1783
1285
24
97
4882
1418
296
175
3510
2200
501
3843
708
4041
3861
4391
3375
249
2172
4861
3287
949
2243
2640
1917
1828
2780
3876
2420
2985
2437
2828
4937
3683
3075
1107
3154
3150
733
1657
2657
3849
4
418
758
1673
4602
1739
2748
1119
467
1095
995
3962
2261
4061
112
4309
2209
2028
540
4510
700
801
376
4615
4310
1371
3554
1638
2241
3075
1597
2524
2377
2399
3573
1869
4329
2766
1115
2358
2789
1577
3765
3508
488
2132
2392
3483
3011
264
3804
3776
3762
1824
3629
1677
285
4575
3256
3495
809
4068
4322
1356
1818
3626
3609
1480
627
4075
2970
755
3313
352
1039
2447
471
3241
4752
2281
1170
3031
2149
3889
1603
3863
614
341
923
243
3419
563
1889
4671
827
2437
4098
3942
2411
133
1998
4930
261
1822
657
4427
3522
2669
1662
3054
4646
3281
4438
18
4311
3153
1204
4391
4521
3424
2128
3553
1407
2565
4237
690
4188
1592
38
4736
2635
510
4421
1277
1050
1706
68
73
382
1404
1380
323
1162
2469
2364
1641
168
824
1745
4691
721
1024
1884
4169
4569
254
199
2186
1636
3877
1050
3628
3329
657
3585
152
4389
3403
1947
4470
348
3324
2533
2025
552
1133
3829
2388
4979
2479
928
14
971
1457
3820
1565
2980
3873
2106
2862
3277
897
1566
4089
3830
1493
2768
1512
4475
4222
1415
4114
2245
4294
739
4359
2357
590
3668
4946
3717
3109
2479
3484
4789
153
1215
928
3866
430
2237
2980
2937
3895
911
1566
3359
2658
129
4574
1091
3027
1828
4120
2969
16
2946
4047
4202
1643
784
3156
662
4975
2929
2808
2566
2761
4844
614
2161
4851
3102
3839
4945
4182
2660
3558
3981
4295
1783
4402
4599
584
116
3168
1348
3211
533
1299
1684
3006
204
4205
3521
4552
1772
550
3639
490
3088
1063
191
897
225
3674
142
4308
4555
3887
1458
4687
1332
2362
428
1324
3110
1592
3281
3048
4161
845
740
14
4148
3816
2385
2416
4596
1796
3181
3443
2930
1836
2187
715
3884
109
101
4032
3909
839
1018
4736
4958
1810
2432
4136
2907
952
4739
2984
3962
4937
313
2782
321
3322
1196
102
4618
3734
4260
2872
1037
828
2269
2605
1211
2672
2694
4931
3508
3617
3925
4117
1440
4890
3348
3180
4458
184
1088
2893
2252
4186
4096
4449
1572
2864
3099
1338
575
2531
809
4451
4120
1652
2570
3075
231
3987
3844
2134
3229
2622
2232
4967
1258
1964
1068
4855
573
4286
1996
1029
4741
1817
3650
4444
4793
2800
2467
1238
2205
318
343
695
4323
91
3763
4017
724
4500
3476
804
1889
4722
3377
1963
143
4737
600
1323
3598
1018
4719
4549
749
2758
3611
4951
4180
1236
3889
2669
1803
1720
792
4669
3547
2771
1942
3859
4966
702
3495
444
118
3649
849
547
1899
299
2770
3808
3642
173
2017
2814
1656
1302
2488
2895
3069
2884
540
4251
2290
1555
269
4382
2842
3885
2591
4798
1245
562
635
1127
1225
4196
2988
283
3250
1944
1726
2050
4954
4775
118
1256
1702
4818
3376
1084
3717
3749
4709
4492
4716
4012
3669
4336
2290
1140
1181
4013
4055
4084
4965
4034
3530
1855
912
1590
1182
633
3418
3219
4545
908
1218
4248
2175
220
550
1157
1176
4997
4876
830
4286
1267
816
254
2846
1368
2882
1117
2345
2650
1109
391
1828
1651
2598
4068
922
3866
3163
1987
967
2478
1874
4817
4053
1773
3141
777
4829
3022
346
2862
4246
185
3152
3119
1428
4689
1459
583
3690
3825
2141
270
4710
2226
2509
4991
3633
2762
890
4565
4307
2957
1924
4285
173
4676
2636
3258
518
876
3926
4887
4152
3205
4205
3377
1832
1922
1798
2934
1951
3296
4155
974
2129
1389
1347
2150
4526
3720
3102
4774
2809
2492
3476
3058
489
4687
4453
432
2142
2090
2467
631
79
1566
1699
1849
1164
945
3040
1247
440
444
155
560
3749
532
3871
2977
443
1127
3456
1846
4057
2217
17
3280
4445
312
1167
182
1390
770
842
816
1591
4332
2881
2053
995
1067
1229
3948
3657
343
4752
1381
3444
3314
734
2435
4949
1460
1067
800
4609
1388
4048
1287
2350
4773
702
1035
1198
3877
1893
4311
3684
3773
3200
2960
73
4031
2864
147
2775
2920
4626
1063
2797
571
1502
159
3355
4488
4034
2682
193
4364
2906
563
4275
3100
3458
4564
4724
4258
3136
1580
706
1580
869
250
2589
143
2402
332
735
3574
2709
3085
872
4668
3190
987
4750
3288
1819
4528
2351
2441
1311
3927
95
1388
3585
4225
1152
679
2882
3029
3455
3984
4925
3278
4843
3801
4841
4320
8
2041
701
13
3588
2358
4924
1783
4693
4342
4886
4000
1152
36
4039
3409
138
2285
3285
2418
1226
2264
4453
4600
3885
3674
4789
1896
3156
663
1365
2691
3671
1585
2137
1730
112
2269
794
4559
4745
3554
2980
1414
2838
1958
1695
106
849
1544
4845
716
635
2876
4976
3812
850
2251
1113
2606
3747
1638
4599
4405
163
4847
929
1786
2541
4474
3770
185
1774
2385
3369
1512
2923
3415
2494
887
4430
145
3796
843
47
2885
1235
4295
3725
971
1071
2301
2111
4503
4724
4764
3607
3127
741
2549
3444
171
4535
3753
3548
488
417
370
826
3078
2086
418
2280
278
3306
4155
566
2916
1518
1385
2907
3079
1465
511
2463
3818
4279
4462
1404
2184
3206
1139
2704
3974
3919
2290
1291
3713
2768
4096
672
4724
2163
250
1004
414
4070
4632
3481
4520
2267
525
1170
419
2162
3573
4001
4656
3375
646
2755
1553
4241
1407
1
4859
2044
219
3709
3433
2799
3644
742
1855
2283
541
2732
3460
3772
3639
4584
3462
2278
1159
2847
1038
2565
3004
2672
1902
1282
1178
2869
2009
1429
3739
101
4253
1701
3756
1172
1911
3416
3849
3614
2878
1973
4313
2353
4055
3402
4148
415
3971
4564
335
1962
2290
2884
2984
2324
2110
2521
453
3672
2335
4463
4415
4056
1678
1946
4894
1184
4214
2801
4877
1622
483
2974
4196
4212
1348
4117
1850
2925
349
4652
3399
1622
1839
4489
3864
1314
4104
3139
798
2025
4498
3116
2609
2099
679
1978
1855
1248
1983
767
2570
2963
2482
3423
2018
1104
3984
157
818
4017
2212
1550
585
2074
1963
2971
660
287
2660
4688
3859
2429
886
3058
2337
47
570
4202
639
2355
3787
3893
1147
4727
1274
1743
2565
847
2564
2593
2946
2493
3641
3
3938
1355
4108
1533
1233
3025
371
1908
991
1022
193
2611
3679
1225
2560
4223
2606
1585
1599
1532
2917
3001
4649
4707
4508
745
3761
160
2962
474
1332
4884
3936
2280
783
4871
4234
4691
591
3349
430
1293
3234
1013
2477
677
1655
2187
2629
2050
1470
145
1718
3497
1477
4811
744
193
3553
3879
3392
1889
3250
3064
1144
4124
444
4081
4732
4519
3548
3635
2942
2686
4461
139
2741
2229
2700
1585
4838
1957
2269
4787
3255
3883
1059
592
2129
161
318
2157
3353
2
790
4990
4715
4428
2531
2542
1544
4021
3475
4188
3977
3448
531
3314
689
490
3274
108
974
1872
749
2980
218
1915
4243
4697
1695
2779
2431
2416
656
2643
1754
1896
829
1573
4031
1974
1320
4515
4872
1155
797
4821
4865
1540
1275
1479
4251
3850
745
3063
2145
4060
4077
2631
420
2253
2243
2029
2054
3652
147
2550
4884
2018
4847
2028
761
1396
2463
4113
2326
1123
3793
3490
2583
3691
1023
2640
172
3565
4809
3153
138
2014
4765
2652
617
444
389
1038
3103
69
253
370
2869
4134
2252
53
2318
2165
1837
2854
1687
843
3857
2225
4980
1009
2830
1832
4562
780
2943
2974
1151
3940
3165
393
4730
2755
375
901
1327
4950
2293
3642
836
3738
4658
4798
853
165
2280
3265
2424
4204
1145
2210
4968
2917
313
4732
384
3024
59
1808
2684
247
3251
2468
2095
3034
2213
4181
3059
47
3092
1660
2369
4428
642
2650
2239
4753
834
3870
4128
3655
4048
694
1629
899
1240
1621
953
1538
3212
1023
2589
2082
4104
958
1945
499
1043
1780
1803
929
2461
1060
2553
423
2836
988
3463
1845
381
1073
4804
4969
4234
2546
1453
592
3311
2312
1071
2693
1180
4505
3711
2215
3735
549
1782
3437
252
477
1630
3734
4225
162
4114
1592
2079
3494
2052
2247
2139
878
784
2008
1136
865
3737
4097
3764
316
2880
105
4409
327
4187
2999
56
3406
1658
1674
3815
2797
2596
1877
2822
3896
3309
1988
1975
744
686
494
4023
3038
160
3590
1612
1321
3997
1566
103
3497
1610
2287
1576
1712
3967
2492
1038
285
408
3303
3992
892
1919
1462
4322
4775
2348
3954
2501
4991
263
4988
3827
2802
49
2427
3299
4472
39
2260
1325
1410
2158
3795
723
4970
4852
2391
3761
4248
3319
3359
3674
2581
1740
3686
586
2606
2481
520
3622
2011
2054
2068
3401
3099
1322
4331
3372
816
3150
1717
3448
2099
4051
1052
3550
1993
4141
965
2698
2950
1556
4756
3724
2246
4701
3853
3937
684
1742
3948
4296
4427
4390
4600
3785
4214
1143
1853
3637
2696
931
1891
4682
4438
4386
2163
2797
454
4439
2735
3836
531
2861
3681
765
3919
3550
1481
2514
3417
1806
3363
3047
1022
1449
1451
3575
309
4533
3847
4067
3890
2176
3089
4078
4176
301
1154
214
3252
3982
3970
975
2921
2406
4194
2043
4237
5000
2980
3301
4911
105
4692
3775
1057
2852
724
2949
2304
4229
2953
3488
4860
4950
3591
1809
390
169
585
1870
183
184
4641
4544
2296
1088
3651
3787
3502
1801
812
3760
906
969
4410
1157
4826
2027
680
3511
64
413
2636
3912
515
48
200
2442
657
2416
1886
1674
268
1624
2062
3418
4349
820
1938
196
837
2476
4460
4007
2633
3400
1552
121
4835
3468
3278
2499
5000
1209
2369
1998
4465
4373
150
97
1823
1597
2999
4785
375
137
65
524
2356
3127
462
538
4658
901
1313
1401
614
2018
76
3015
120
685
3900
1338
701
3906
4912
4075
3646
1133
2143
2515
672
670
4151
3234
1294
1548
4575
1606
3597
294
2658
4835
682
2257
722
2145
124
1074
422
1709
4658
4691
1119
205
1218
1885
1054
99
4635
591
3321
3476
2206
2791
4741
2664
2382
3387
4558
4451
1466
3538
4543
3920
4037
3117
4068
1812
2260
4019
768
2464
3102
521
3158
4753
298
3207
4684
2329
1493
4467
4229
1434
3657
3620
4101
1140
4657
3095
808
31
2029
4388
3349
1397
3778
660
3110
3986
4012
905
2633
502
4884
3653
469
2054
4118
3990
1693
2431
2874
2188
2007
3911
2306
3219
967
4796
20
2100
1586
2883
3728
4551
2202
3448
3605
2293
1568
692
322
1228
2077
2471
2293
2829
4887
3963
4268
2665
1693
3484
123
4513
2763
2009
1715
3009
4251
4556
1524
2092
229
3873
2072
1837
1636
1320
2708
494
277
1179
2359
3534
1163
3098
174
691
1710
4968
2056
3131
4290
3874
679
1736
3974
3320
2386
1034
3835
23
716
3913
1703
1426
339
403
1597
2443
1526
705
4284
4430
4917
1884
2989
2440
337
4019
4456
3897
3873
4376
4717
3168
1060
1373
924
2293
459
4103
3016
3597
4607
3633
1005
4200
1639
3343
1257
1009
527
3160
2390
3526
2447
3133
4099
1618
1714
1866
1428
4525
2767
3718
1701
2181
552
3858
199
1845
1183
1854
873
2072
2922
2517
239
586
1515
2076
4096
2986
1832
4296
1892
159
642
1315
4069
3398
1695
3847
3213
907
2755
4290
4800
2789
572
3202
1138
1713
3176
299
436
4781
2797
2866
4904
1921
617
1144
3990
4778
3456
618
117
332
2313
3863
1484
1587
1759
3681
1227
1175
3553
2373
320
1262
3537
1594
717
4322
224
3250
4903
4099
4640
4111
2234
85
1461
4172
4371
3258
3914
3324
3517
3697
4561
2467
3262
2081
2549
2094
884
4172
3310
2732
1066
3284
3501
3000
1790
4649
2269
2885
4777
2320
4772
2585
4280
4088
3149
372
2297
4153
468
255
2841
3661
1213
1773
3724
3082
1041
4346
4966
4281
3523
3351
2773
3252
3686
4159
3284
715
1953
3389
4000
4005
3466
1977
4580
4342
3651
3503
2087
4222
978
2006
1762
4404
120
1924
3520
2042
1683
2091
1547
1389
1977
4249
2185
4666
2213
3564
1424
1079
1346
1225
997
4008
4113
4046
2549
2128
3893
3520
4846
123
4446
2099
3848
3224
2551
1888
3614
1713
2296
1800
4001
3268
1133
1203
465
3352
2650
4374
4736
3092
272
2026
2319
3587
4589
4563
2008
3551
269
1470
1895
1746
2996
3355
3424
3181
3767
2357
3786
1660
3942
3797
735
664
494
1599
4955
2234
4932
4275
4565
3754
2853
2094
2767
2512
2489
2184
44
1510
676
2455
4539
397
3115
2638
2096
547
795
4953
4454
2835
4479
91
1004
509
3764
3102
734
1085
3214
4042
3850
2013
307
1284
737
3819
80
4136
2238
4849
3752
4893
4393
2912
617
893
998
3504
4304
931
1107
831
1722
2314
2827
1588
4585
502
3747
690
2313
2636
698
2761
1706
2028
784
1661
3335
4752
1368
4511
3
222
4597
3126
2640
4039
1629
4201
2020
4799
4101
2233
4163
2714
4881
2837
2581
4866
916
3380
285
2673
611
3846
3665
3349
849
1186
1682
314
1600
3340
2157
894
4798
4487
4639
4878
58
4569
1732
301
3057
3967
3953
87
689
1073
4364
3300
3926
4387
4982
2813
1919
29
772
4482
3719
4786
1902
21
3865
1951
1624
1832
4919
354
19
3642
1205
2399
392
3335
2656
896
2057
61
1429
3879
1728
3792
3975
1227
2191
2404
4233
2404
2339
4714
2519
4357
4534
4567
2829
4608
2324
4100
73
779
425
2255
4630
2350
3936
45
4791
2726
1389
4257
1668
657
557
4612
3966
3055
1972
1566
4946
950
1107
2247
1406
262
2838
2285
2424
1763
1586
3865
3066
3207
501
97
3709
1314
956
205
443
4884
3232
2652
4253
4006
270
3370
4372
3893
3651
4204
1013
1298
145
588
3345
225
4707
4817
251
2978
3567
1419
3529
2847
509
4024
4317
1198
1093
3717
3623
3034
1564
2340
4255
1433
418
1051
4210
3544
499
4081
470
265
1335
4806
4491
86
993
655
946
1892
1595
3585
2506
4418
3376
823
3576
3892
1586
853
1811
4589
3646
1733
441
3941
3042
3414
1040
1952
4539
4410
2276
531
2089
2531
857
1694
1784
1981
4474
2811
3474
4691
4037
3081
212
238
3945
3595
116
4827
2041
3367
4723
2520
3325
4038
1912
564
996
1916
1691
3909
15
943
3719
2
4963
3058
3620
3790
647
3912
3143
2618
1869
770
3298
2553
67
1909
2960
1124
720
1964
4876
3540
2647
309
1101
1624
1085
480
1370
3154
4297
1138
1268
635
4837
4066
4499
494
736
2755
509
2314
4059
3981
2785
1153
4957
1438
855
2917
1631
3962
4720
4324
1080
2899
3940
1547
1209
739
2288
1466
2403
4391
1738
3009
1838
3532
4335
3999
3304
715
2087
1780
4235
996
4641
3585
2411
1630
18
3879
2647
4320
3702
2672
244
3219
1193
2423
501
323
295
359
2125
2077
583
3858
328
681
3124
4617
2004
4581
2325
1682
2048
3348
480
1757
4983
2211
3689
4767
1615
1238
3605
810
2470
4264
2064
3350
190
4198
547
2839
4249
4355
2451
462
4488
4405
4900
2618
442
2940
1247
3192
800
4870
3811
585
3290
4423
4440
1697
3
2481
519
1657
4676
4178
1911
1761
1988
1168
2853
3740
596
4309
932
3910
1222
1421
1869
4026
587
567
3109
1486
4739
4511
1502
128
2087
941
1124
3802
687
2077
2419
1006
290
525
3423
3372
3454
3448
771
4030
3734
2037
3707
53
1137
2645
1955
2545
4339
4855
2661
1132
76
216
2186
3102
3119
2681
3269
1683
2912
4016
4603
849
1765
1116
2670
4513
308
4608
989
4079
937
1480
2642
1110
3550
83
2894
3038
4346
3506
3857
4798
3289
3102
1956
1502
4510
278
4076
3002
253
1880
587
845
2569
1907
4153
715
4127
4241
1941
1534
3982
4209
2088
659
2778
4608
3436
428
2349
3509
2676
1684
2422
4702
4662
4861
2041
3381
981
2600
3504
2459
3199
1090
4381
492
2441
4445
1928
1806
4846
4921
508
10
2781
333
848
4257
2801
1194
2488
1462
409
858
2732
709
334
3839
887
2741
3074
1465
4873
560
2481
2458
283
2080
3633
1672
2496
3980
1133
3124
4445
4975
3924
4680
4680
