2950
1341
208
2060
1182
797
1811
1498
2023
46
1006
2711
1329
4769
1312
2548
683
809
816
1012
2858
3514
459
3273
3514
738
3661
2504
2099
4299
2252
1252
842
1816
4721
2743
423
766
1238
4871
267
3993
3868
33
3799
1422
3675
2837
4467
1826
2932
484
1744
4033
1833
3996
4721
4819
2663
4507
285
3623
349
3075
1777
4050
2236
2481
524
1689
1454
4608
1638
2225
47
1460
1367
2265
4294
3455
849
2719
890
591
3269
2933
2940
2585
3582
4954
3392
347
3460
2035
2777
2412
2361
568
3912
3283
4920
4967
4944
1906
1615
4076
1159
1934
546
1684
2165
1200
1666
4602
919
1775
2656
4100
4140
1245
2519
2528
1638
2913
1808
3013
1562
4875
4629
1961
2172
4939
3661
2289
312
2930
4615
4074
1804
1782
4284
2608
658
374
3153
3949
4171
2444
709
4447
972
4454
4894
3924
814
220
3819
4604
413
4516
3960
1907
1159
876
1823
1198
425
3310
2297
906
3565
155
2859
4985
2280
3069
2825
2882
2307
3616
2335
2957
1426
2436
1838
1756
4463
2397
699
1616
488
1158
2539
3971
4543
2601
3476
1378
173
3266
3306
4546
870
2195
4776
394
3785
3191
2100
3023
3907
1395
4893
4137
151
4853
2073
1456
1367
1376
4661
3021
2503
3894
3396
2124
3345
4578
1887
1847
3394
4640
1671
1004
2688
1533
4217
568
3601
497
5001
434
2664
1418
1942
2759
2147
3564
2946
2309
1793
4844
738
2083
4976
2750
4927
3307
57
1774
2884
334
3165
715
4503
3790
4300
1185
794
1797
1890
40
2455
1889
4687
4196
2629
3036
2059
4056
690
3552
3532
2971
23
517
944
1388
2022
1411
4380
3399
2551
2232
4583
3798
2
4891
1077
3145
2246
4125
4849
1804
2451
1124
3143
1286
2640
1765
2099
3349
3675
730
537
3221
4500
1056
2854
4065
4307
1916
845
4601
4073
365
578
1648
2474
3154
1067
3124
1160
467
4738
2666
2689
4088
3353
4746
3953
1902
1865
3421
2533
1944
4690
747
1470
677
4288
495
2699
4360
4706
129
3318
2628
512
4766
169
4050
1796
926
2559
308
5
3044
4107
2351
2256
4381
1998
3771
522
4439
2248
3442
3123
915
634
465
1074
2202
3663
3004
1083
2
1438
1320
252
1928
1066
2938
4248
1258
3668
565
4417
2773
1626
1874
2893
2310
1308
2966
3082
3764
4911
2688
674
1059
2919
2672
2916
2378
4973
184
3886
2939
4527
2629
4272
4571
1850
2078
1591
74
2403
2429
3820
1758
1466
3609
2585
1107
856
521
4726
1993
3203
3428
3648
3693
411
4928
1403
494
1471
989
2688
3764
4978
2053
31
4387
2611
4473
391
2512
1141
399
527
2340
4733
420
539
3948
751
4171
3144
1052
4683
251
2359
2227
367
3852
3719
2977
2074
4204
4826
3959
4967
4686
2438
3795
2886
161
1143
4237
1175
2778
2626
2745
143
3105
4926
5000
128
852
4176
3410
2489
701
2327
1680
2748
1029
826
1128
1047
3041
96
2237
3592
1019
1571
485
2931
2914
1275
2245
565
2039
4541
4106
2244
3
2789
4836
83
2114
3269
1398
3066
3953
1385
4487
3907
1943
4934
3418
2842
3792
3262
4232
4730
3888
2270
1627
306
3445
4268
532
677
3845
1061
4046
1737
308
229
2459
242
2674
2305
3682
2340
4887
2764
4694
2414
4492
500
822
4511
42
4660
2025
4841
2760
2753
2981
2298
2094
4331
4804
2600
2502
330
2402
505
2480
479
4994
2094
678
4126
4402
2066
4777
976
4143
4019
362
698
4610
2712
968
3520
4407
3149
4615
477
1885
1059
2279
887
963
4999
3601
2345
2036
4556
1136
3330
109
3377
2675
2068
1740
3857
437
4193
2471
2432
3269
3049
3579
1769
2778
2262
1395
3460
2489
4789
3488
461
1856
2431
3882
3588
693
607
4960
2547
1712
2341
3499
2064
2402
2533
1781
4821
4868
158
2370
2540
3228
3841
3208
1385
191
1978
2425
4490
4199
2588
3768
3850
110
948
2635
2746
4785
2746
3144
2777
16
3710
2091
983
3701
63
742
1711
2468
3182
3726
311
3456
3422
3390
3414
4201
242
2835
3037
4707
4906
2775
2724
4981
96
929
3781
2438
2829
3002
2770
3224
4217
600
4131
507
2333
154
1876
1789
4776
2106
775
3805
3053
2861
2118
3542
2370
1937
245
4025
744
959
3372
1256
3228
2408
558
2321
4091
1771
3141
1223
3503
4637
175
4486
3360
2860
2287
4835
445
423
2334
4970
775
4627
3308
2719
4847
1029
3811
3373
689
3888
1549
2295
2506
529
3301
863
974
2719
922
977
3952
1310
3283
4824
1495
266
3933
1551
852
4684
4380
2728
2598
4478
1902
3335
4244
2162
406
1164
181
1520
3886
3351
891
3063
2165
1893
1171
695
3364
4852
4897
1539
3221
2069
3494
2049
4075
4115
1744
486
799
4494
2789
4942
2224
1142
4380
2550
29
2731
3112
1201
3457
401
1595
3204
3861
4872
4147
4642
1082
2428
3614
4420
1802
879
952
1031
4512
1973
1441
2981
3046
4243
3189
4947
3085
1689
3628
4377
4652
2644
1652
1059
4327
3443
108
3299
2714
4592
4566
1576
2440
217
121
3011
4802
4768
183
3526
1181
2631
4712
4619
530
3624
2631
4727
2319
1052
4345
2225
4134
2815
1763
1087
3336
2312
2763
2800
3517
740
3935
432
4613
1638
3704
2380
560
175
4600
449
1367
2189
1868
2686
816
4849
2250
2041
1739
4131
3809
1508
1154
1201
2659
3184
5000
626
4515
4522
1686
513
920
635
587
2204
1992
2792
119
1288
181
4119
4948
4437
369
998
301
1636
943
4838
4952
2039
1462
2526
270
1029
24
1537
919
3575
3878
3090
2659
2072
3975
66
1766
1316
4216
4397
1232
1499
2808
4913
4725
598
2074
4472
764
4412
1867
3688
4875
835
592
3945
1285
4640
2529
4724
5
906
2749
4432
3979
3853
3373
2306
1052
4955
3599
3088
3633
3495
1039
2781
4500
163
1562
3105
670
4018
3744
2665
1147
4484
4556
2262
2920
2517
1258
2570
1721
2536
4818
1315
581
3263
3956
1624
2904
4085
252
4393
2748
4268
928
2564
619
451
3117
4238
1631
136
549
1022
4371
473
4779
3468
816
1481
141
2075
3972
4673
3749
4579
3085
3576
1834
1915
1989
1152
2546
4442
1204
3521
1600
2048
294
824
940
4321
4417
4119
350
380
1014
1061
1127
4417
4189
2437
1084
2725
4190
528
1077
1710
2508
2804
1567
3959
3520
4618
1583
3765
4711
2794
2683
2929
4898
336
2308
2654
3834
736
1645
1416
3217
699
2694
2131
4067
4300
813
1195
845
252
3093
1623
3379
4424
4844
2920
2335
1330
1565
3629
2630
1541
4627
1338
1669
1809
4480
3728
913
4853
1087
1396
205
133
560
4354
4746
4423
4057
691
213
893
4624
1174
3938
2757
4015
3196
4177
4567
4526
4030
4361
1962
2416
3076
1783
3327
1936
4437
601
3747
4826
3893
4843
2232
3787
1273
3165
4269
1999
3879
4136
2766
3435
389
1450
1554
1343
715
4744
2327
203
423
454
1507
3713
4138
2070
529
2867
1594
240
4297
1497
2419
4537
932
88
4857
2092
2850
537
639
3396
4564
709
164
4697
477
3397
758
3440
1792
2045
4296
1027
426
3658
1545
4211
1779
878
4114
4768
3297
3014
4377
2547
1883
832
1499
1317
4096
2298
2169
2632
439
1776
3488
3448
2787
3955
2153
4071
3027
112
2321
4736
2334
339
3090
2245
2625
3263
1738
1764
3535
3770
4871
2833
4250
433
4154
3157
1667
1452
375
3099
941
3060
2770
4163
40
3395
1338
2596
4265
416
915
3109
337
4906
568
3544
2142
1505
4653
3003
15
1588
2295
564
1878
1672
2511
2797
964
2024
104
2930
4769
4887
3062
1938
2723
3555
3984
289
1086
4755
3795
3903
1102
3927
2633
3895
3869
1669
2585
1867
235
3508
2315
2188
1937
1374
1984
700
4348
4110
4001
2286
3039
4180
4458
1698
483
2584
3201
4505
3209
765
4042
310
1206
4045
2344
959
3525
3266
3830
2127
2698
1900
3707
4072
2881
4167
4443
418
3155
3807
2278
546
3080
4979
1030
219
1846
3184
2283
1326
2529
2842
1805
1809
2709
3986
3025
1277
2436
1535
485
390
4944
4957
2476
1516
4281
3062
3658
1376
1433
3093
2919
351
2993
1516
3872
4685
2496
3691
499
1367
498
2876
4947
4130
4185
3758
4408
4618
3083
4518
1687
1657
4720
2072
3074
1909
536
4137
836
4873
745
3460
1237
3826
4479
351
2351
2218
1074
3929
955
4806
3512
1032
664
2816
3501
2365
410
4627
349
1968
1381
4808
2118
4592
4367
1393
3109
3476
2690
3979
421
315
1782
2384
2627
3443
1189
3168
508
1316
737
3285
285
1622
3392
401
18
3415
2412
3106
4568
4985
3701
4135
3334
82
33
1365
4298
508
2376
1968
1445
3425
2624
4617
342
715
3195
965
3064
809
2539
2582
4472
4110
2014
1666
4206
3896
602
2823
4814
2709
3182
221
2542
1478
4805
2339
3825
1997
1725
4555
1576
661
2286
3967
4304
2474
3548
2594
350
3876
2761
2431
1476
4438
3793
1484
2672
1876
4118
618
4347
157
3232
2234
4912
4411
4811
3497
3418
663
1114
2268
4079
371
3785
1572
2113
1614
3693
2453
77
1504
1651
4543
3484
998
3516
2650
2279
3850
2765
2552
4241
2533
3728
711
1987
4320
3503
1243
1808
2469
3196
1870
1581
4167
2362
3120
4742
1779
2116
3398
4593
3641
2804
4595
2131
1333
4231
3658
609
2166
2786
1088
4247
1332
3843
3912
4918
3172
4420
3387
1210
3263
2959
3359
2869
3264
1161
2909
3519
1308
2184
2128
3313
4983
2792
2529
426
989
3212
1303
1054
1488
2111
2660
2786
4455
1869
3590
1398
4644
3923
4108
3393
599
4608
3338
4750
2151
117
2768
1932
3159
317
3184
3927
1374
1261
3871
523
2042
2716
3809
1650
577
2138
420
3775
2016
230
3901
3076
3954
4786
3891
1758
3298
212
2684
1440
2226
3241
4934
4277
861
2150
4945
3337
4368
2634
4249
2466
2961
3301
123
2255
3271
3205
2641
899
927
1879
3727
4406
4847
381
3661
1066
2831
230
427
2083
426
1439
1210
4230
398
1378
3655
829
2782
3046
1425
1142
4150
2313
4905
4460
4709
4177
1511
1272
882
850
3627
334
3808
2364
2930
762
4129
3195
1548
709
3556
2023
3811
4056
1887
3664
3605
920
805
3695
3463
36
4861
3501
2547
2516
2398
250
3485
2591
1104
16
2200
1364
1582
4480
898
3439
3192
2841
3621
1816
1101
2503
3765
3388
4605
1864
3396
1949
4171
1468
2808
1109
1049
524
359
2200
2204
3446
1762
944
2189
4247
4141
1806
1782
2213
3944
3430
3050
4436
1998
2375
3311
2913
4159
2660
1801
4379
494
799
4459
4857
2840
116
4814
2166
4444
271
4808
550
1015
2651
4151
765
206
551
2482
243
1004
2782
1031
2852
3733
1760
2312
3098
2113
4470
3710
1859
4591
1595
392
270
4415
4668
1465
1825
3428
507
3967
374
770
733
2679
83
2814
3715
909
1012
3334
4809
793
3184
4718
3060
3679
4732
3738
2865
2307
131
1581
2099
4935
3785
4132
582
4940
1035
879
3453
2914
2985
4774
4754
2821
391
216
1627
3718
1375
1082
4428
3007
4374
2383
4618
1364
37
1419
1134
161
402
4213
1991
94
4302
531
3760
2491
1944
2131
704
4844
222
2266
1655
1147
4958
1933
1002
2513
3856
1125
1248
1880
538
2576
1632
3143
986
204
20
4609
2024
354
3528
773
1130
2426
1939
1825
507
1203
3393
2051
4445
1495
37
3116
3220
3510
3247
929
2571
4838
2719
1805
3223
319
2134
3406
202
2754
1434
1199
2261
4105
690
2715
2122
3160
4220
2824
539
3477
4980
114
4322
3183
2710
2298
2553
450
4590
2579
3325
3766
621
4151
3753
2058
387
1229
22
1260
4126
1528
4885
31
229
4490
3470
1124
1567
2578
584
2391
3171
4585
4993
909
2416
972
2150
3206
557
2174
4912
4382
3868
4905
3801
218
3226
3327
1918
3470
4044
2534
3094
1689
3195
4030
3742
848
3102
63
4913
630
4813
2513
1622
155
3199
4088
4110
1766
4590
3917
1947
4497
2059
677
3855
3640
1782
891
3843
405
3304
3682
3799
2147
4434
4031
964
4798
2786
2634
613
2559
4796
4478
3596
1739
1556
2150
475
2651
1177
2728
1403
2395
2493
1128
4576
1965
2009
1172
4396
2834
512
460
2592
508
918
1809
1670
2224
473
3052
3643
2767
1207
1318
4560
4462
1085
2520
2818
3551
2723
2433
2105
3592
1900
2411
3636
2180
4087
2272
1295
505
543
4759
1499
3536
2045
2579
3190
1073
4446
881
1483
1348
4043
18
3252
2199
564
1839
2304
3298
3377
3714
2701
1699
288
1430
4450
4455
2905
3919
4893
3035
3794
1819
3411
1111
2275
2432
3899
3625
1841
4627
1400
3670
4104
2724
680
2728
487
1478
1079
1022
2474
4209
3195
1421
3590
2257
2161
235
2253
4737
2583
4352
3469
827
2269
3263
3787
1337
464
3111
1782
232
3680
2353
2402
2416
4631
4954
2754
4819
3264
2356
1792
2600
1156
3892
3273
1941
1280
2633
3374
2674
334
2531
3048
3664
478
4310
3653
4266
3591
2110
4135
445
2843
2114
1179
126
3503
3005
839
1511
2972
1204
2898
3321
1076
473
3621
4137
2440
1130
484
4972
4541
3619
3280
3551
1796
2187
446
1220
4587
2227
4028
1035
3562
2661
1014
253
391
4970
2576
1138
4199
3506
4241
591
1282
3120
1963
2055
2094
2150
4280
4077
4820
1759
346
2894
3089
861
3154
367
1238
3489
2976
1362
1277
4836
534
1254
1329
4637
2284
2710
4973
162
1767
3652
2435
2132
10
2117
1652
1378
4216
858
632
1414
3603
1670
4239
4589
109
146
3041
3119
447
2741
2624
3761
38
3351
4792
2900
929
2977
314
3661
660
4993
3570
3322
2914
2420
2180
347
787
542
4528
635
992
1946
4885
2953
4906
3428
3892
4311
4556
1999
4276
105
461
3140
3763
2288
2976
3129
791
935
823
4258
3249
4231
4632
1969
967
196
1028
2085
4212
162
2123
3504
1576
2473
1608
1364
3091
458
448
4201
1326
917
4626
3042
1360
430
2674
2376
4392
4426
980
2344
4095
695
4495
4449
3717
2311
3596
4085
807
626
4665
3485
4103
4000
3227
4162
4219
1481
4237
4752
259
3899
4132
1140
1424
2267
20
3670
2951
666
673
4626
1801
1861
480
4859
1584
3159
65
4041
3322
2674
951
1926
3785
3823
3914
1616
930
854
330
4081
1096
369
597
3551
1784
4097
2655
4239
1576
3450
4248
863
3864
4111
2389
2392
1838
828
428
3390
2311
1398
3745
2800
1292
530
4441
2328
2349
1020
2135
4498
1588
795
1187
4929
2875
295
1759
3272
2191
4569
485
2689
1270
3181
3892
1812
4592
3780
4407
2464
1214
2549
1919
4900
3475
3011
1063
549
4353
606
1350
2405
3234
528
419
1691
2202
2645
4711
1964
1266
4455
3152
3813
2049
3017
293
1813
3893
3357
1575
3096
3139
1811
1232
3858
177
2648
921
3826
1824
2862
616
3168
2952
3347
458
2871
1292
797
1306
613
2969
469
2422
1148
2019
4962
1668
4017
326
3394
4367
2670
1647
4907
3613
1784
757
562
3408
4983
3954
3923
2832
2795
1496
1534
1539
3894
978
4188
1382
2969
856
1792
2995
4179
695
750
2702
1105
2806
4517
2550
4756
3590
3614
4048
1114
4089
4545
3938
3261
4951
3807
542
3720
1160
4816
4661
2137
1602
3137
3284
3298
890
330
2699
4537
1328
1827
4044
2746
79
2209
526
851
2993
2045
1420
1724
924
4465
4510
4127
1544
294
1651
815
3518
3756
2919
1419
2625
1368
2925
2173
4271
3327
1348
1989
3719
2451
3158
901
871
4697
3256
2412
447
3766
4480
1110
4504
2609
3054
1771
4131
1571
2226
2080
645
2699
4859
631
652
4894
4622
3247
1457
66
2815
2992
1869
1071
1890
1030
3894
306
3636
1838
4783
2533
3219
103
1649
2994
375
3909
2255
2845
1634
4403
1051
2818
2055
2533
613
1222
4353
2490
2062
3543
3236
1954
3316
3850
507
290
2109
700
1704
302
4027
1994
4770
2991
3766
1269
1306
846
1457
1074
3286
4995
2315
2801
4256
853
2652
4706
3400
1215
2433
2487
846
4936
4061
1356
1132
4382
2028
3544
4320
4881
2777
1237
2590
3896
444
2524
2001
3785
1598
3856
4912
4021
4765
1409
524
4006
43
4775
3301
3639
2043
1798
2058
952
2179
2063
4289
1717
3934
569
2544
3621
40
2045
954
4969
2950
4187
1925
803
866
2134
780
455
4956
2580
3621
3797
3043
370
1955
1439
2097
1281
3364
4369
4256
2018
4329
4177
1837
1380
3960
1837
2829
615
1643
1473
3987
1081
1480
2890
1139
2269
3106
946
3213
1581
4998
1111
3643
4915
181
3087
223
3305
381
3059
3146
2120
1573
1164
1315
4754
4249
1419
91
1268
3729
2414
291
4057
1157
1935
4134
2236
2805
4731
141
2371
1594
2341
4893
1856
2982
4469
1558
4875
2121
4322
3282
2179
3184
3302
1767
768
3325
67
3329
2918
4439
3550
317
3728
848
74
594
3473
1628
2041
3106
2044
1197
4914
2133
3252
2313
4540
4479
4330
2616
3699
2371
4661
0
852
648
3770
3544
3420
4233
4870
1418
3306
2948
310
3718
2305
2543
2228
3282
2037
4097
3190
1927
4231
4653
2000
2170
3881
2497
1306
4045
54
3641
2198
1630
897
4419
2714
2991
4921
1612
134
3952
3583
1964
498
4186
3766
2724
3914
963
193
3878
3649
2864
637
2180
2385
3423
3604
1218
772
1511
999
202
4045
1754
4027
1577
1476
1421
4520
35
2053
2457
2796
41
1459
2005
2016
4123
4456
3310
3696
2325
2534
3743
4909
1864
3146
766
4742
4555
3740
2108
3875
4468
4436
183
4229
4330
4644
3955
2358
4136
1491
1175
727
1094
4420
1139
2366
596
1960
3564
372
3069
3904
1753
3953
4382
3613
66
1422
4190
1423
4250
1309
3196
2498
4379
4364
597
3401
4779
3942
4730
503
2546
3855
2274
1607
1701
1536
5000
2804
2577
2273
4790
3717
1248
4356
2731
1929
3127
2039
4285
1611
4809
3855
4784
882
566
1948
848
4905
541
3363
2571
4554
1442
2620
3578
4923
1954
2527
1442
4418
1841
585
1017
2238
2496
4828
2938
2492
2841
3007
2499
4521
3543
649
1719
3866
2438
2290
2751
1333
200
4514
4939
4972
2175
50
1954
525
781
4060
294
2000
4398
2370
1646
3316
1330
4845
4537
866
1955
747
4626
3458
3972
1756
1426
1619
2642
3614
3801
771
76
4805
350
2044
1215
4465
4983
626
1235
2554
480
4772
3120
137
3877
3644
1745
3469
992
3058
1054
3781
1446
2294
1573
4577
3488
1675
2899
1952
876
1579
3911
3690
2439
1153
1347
2096
2369
380
4854
4998
109
2392
3122
2985
3513
763
4306
2698
1853
4308
3729
4764
3280
236
2786
2418
3855
3478
1975
1736
2485
2716
1575
2992
4349
493
969
1855
1959
2266
2598
4976
3930
2867
604
2848
1394
4155
355
2856
1650
3663
2199
1383
4791
4851
2354
1760
3928
1549
2919
1047
2286
528
1664
1177
1924
2525
1861
3093
1266
546
2623
3981
3741
4719
125
946
1478
1489
1125
3993
3782
471
3324
4221
497
1196
22
1833
298
1444
1387
4427
883
1282
4238
979
1287
4952
3709
1940
2985
99
2012
4705
381
4489
263
879
4158
2129
1717
1862
445
3413
248
512
1142
228
3075
773
2573
969
2703
4859
419
4953
2681
399
3203
4356
330
3816
3249
356
3199
1523
2662
3589
3241
3484
1485
2354
523
4281
4276
3508
4421
3736
886
1812
2194
3196
2286
4663
3832
4248
3739
3891
152
1297
3624
4323
449
607
4899
907
1731
4709
4335
2405
2571
1905
1567
3612
318
3338
4502
1700
3898
765
2786
3097
3744
2609
1077
1743
662
3965
1062
1990
1854
1967
3666
4439
1527
279
2806
2842
4006
1362
416
2630
1064
4446
3230
686
2762
1482
1348
2529
430
3927
1762
1004
3982
4908
4438
581
1804
4961
4280
1456
4806
3142
633
3604
2768
3197
2019
4314
4331
1082
757
3955
2289
3798
787
464
4290
420
2027
2090
4033
1331
4951
4274
130
2400
4485
312
4639
3874
653
1716
4781
3050
3687
4246
4270
1155
467
2188
1040
2176
1977
787
1392
2641
3790
2430
3319
3543
3626
3331
2970
649
3060
1901
4698
304
1832
2178
3347
4982
1467
530
1142
3922
2491
2954
1597
2267
4445
1814
4752
1668
1244
4569
2129
2651
835
2228
4503
1144
1001
3187
3403
1641
3668
58
795
509
4871
1077
2349
1264
1695
779
2052
3844
2155
4307
1783
4457
1503
2617
3311
2393
3605
2384
2985
1722
2916
4993
626
1515
263
1063
1896
3434
1079
1434
2757
3999
4090
411
4873
3919
4174
672
284
530
3959
344
3386
1628
685
2343
3398
634
3747
1331
172
1315
815
2771
1092
2566
1901
4499
1800
3844
1014
1140
382
1955
3103
3748
1568
3417
3717
482
1560
4830
581
2050
2774
4701
2769
2426
112
3119
671
3262
1756
132
3408
3133
3031
1547
556
1515
308
1556
1065
2408
1643
734
1731
2072
1526
123
4799
4985
2017
4795
2623
2934
1960
2886
3671
3543
4248
3602
962
2131
4411
3201
4007
965
1470
1902
2929
4068
4510
3695
385
1189
668
4025
2002
2448
2303
2291
2144
1735
3277
1080
299
4149
2837
241
2417
1433
2948
4550
2482
3908
225
3653
2888
2283
3830
2031
2978
4937
351
2736
4697
4343
2558
1036
4004
2155
2984
4192
11
4592
4158
714
4395
1367
3735
4918
1493
3213
358
2490
4080
4133
3744
4696
4436
1946
2931
92
1776
3751
443
3647
1596
1623
3239
775
2846
4766
2317
1946
1405
4377
4804
64
1570
4479
1437
3976
4779
3086
1118
3228
987
2030
3882
3006
4139
3319
1818
4912
2351
3921
3568
4315
4287
1499
4281
4429
4356
4471
26
4884
2645
725
4061
3803
4032
2508
2843
3963
441
3508
929
1554
3055
2579
4503
4593
1655
1078
3790
3259
1378
2208
2605
4598
932
4013
4143
801
1018
1093
1680
4496
4916
1457
4014
3845
3630
4336
4851
4191
3018
356
455
3444
4691
4018
2445
1056
2774
4468
2235
1951
2051
3814
1872
4249
2576
3887
1751
2488
629
4208
558
2021
4005
3971
1228
3134
450
1302
3535
194
2941
2872
1458
3932
4806
2687
4475
432
326
2465
1744
4962
2349
4872
1686
4104
1567
1176
3601
4762
2153
439
3681
3070
3834
3635
1961
3161
412
1919
96
1423
299
4545
2350
1975
4755
100
3423
3432
4508
3859
4772
2814
4090
813
3817
3762
4325
1333
251
2954
4813
1081
224
516
4281
976
854
1585
4756
2015
4882
3341
1460
3505
4174
2039
1261
3194
4948
1040
1753
1733
2650
831
2852
4140
3662
4057
3970
4414
2167
2221
3078
3525
3705
3796
206
4667
3665
2663
1670
447
3150
3640
1870
3284
250
3461
4757
4983
1188
2541
4245
282
2345
353
2293
928
1651
256
2954
1935
4373
3211
3810
2850
2625
4874
119
343
4746
1414
4978
150
1099
997
1346
1033
4090
1952
253
4894
2292
3800
3091
1666
500
1553
2966
3984
2916
2766
4496
1919
514
695
295
3152
2981
1135
2307
4258
4256
3111
3949
3238
3602
4029
868
4821
4891
3634
2216
4032
60
1546
4857
1521
3420
4327
4459
129
2996
1627
1062
433
3257
3241
4714
3861
4990
3584
1325
3868
4268
2015
4470
4210
3955
2524
3620
1436
3376
3644
1479
4776
1055
2159
1026
4434
1384
3495
2590
89
3262
4336
68
4308
1076
3552
4162
475
2579
3668
4461
4651
3577
2935
249
3682
1857
4611
2206
4217
101
1433
2375
734
4309
1556
3017
3063
847
4658
4982
4519
545
587
158
228
711
4351
2628
2143
774
3110
3616
3526
4577
1186
4636
345
1727
571
676
269
1350
907
2627
2988
1190
4076
2845
2380
1951
4812
3131
1085
2855
2807
3005
1425
380
1811
1997
4135
3442
1385
149
4322
4887
2982
413
2227
2674
3995
1712
521
4944
3267
1413
2100
4959
61
1948
4936
3829
1401
3236
1095
1933
159
3771
1146
1855
2800
3448
382
4924
4969
4848
809
714
2495
5000
843
2768
2834
3902
4128
3490
3668
2375
2776
3590
3566
2860
2340
238
4148
328
1070
2250
2347
1505
389
4523
528
1383
2105
1296
3554
962
3093
468
2556
547
1863
2555
1300
1614
3798
30
1302
4198
4887
1620
1360
1873
2694
3276
1236
858
4073
3964
4384
2596
4716
3619
923
1587
2166
3359
3736
1685
662
3638
2798
3792
1142
616
3983
3196
4644
3622
555
2026
1202
531
4266
4614
1228
3902
2195
4305
1438
2872
4332
895
4302
145
2015
1447
2216
2989
3209
2887
3927
2611
3662
73
1235
2726
1343
4891
1135
4874
578
3461
4130
3445
4867
2893
2924
3271
2087
1534
4193
3759
1428
411
4448
4448
