3444
1526
499
1964
3663
4702
598
3294
1339
1806
210
2208
2138
1221
1053
373
24
4273
549
2906
4934
4781
2096
599
3944
182
4307
513
2544
2616
3829
2098
641
1996
863
4232
917
2535
2976
2832
4418
859
1926
3166
3263
4120
2728
2311
2260
727
2539
3016
262
3732
3020
1607
4007
1906
2536
3304
4084
1393
4878
2519
759
2294
3747
2546
1602
4842
3635
422
4468
3602
3459
1195
584
2712
353
409
4827
2543
2058
4928
3780
1154
3483
939
4868
2777
636
3693
2120
2414
1369
4829
2556
912
404
3050
1964
595
2230
3366
3781
4719
1675
4862
1133
2585
683
2597
3352
2792
1456
3845
4862
3195
1501
3536
765
4669
3590
1113
2260
3963
655
3457
330
3905
1822
2649
964
3921
4844
3443
4646
1953
3660
1739
1707
550
2666
3655
2311
2686
1719
1590
3188
1499
3628
1221
3304
3345
1389
3184
3082
2772
4209
2498
136
2646
1717
4701
3269
2227
4199
1483
1410
3910
665
559
4085
4733
4656
1570
648
512
328
3138
2198
4639
4913
1566
4116
4284
3937
344
2561
1598
2601
3581
336
66
1870
813
3118
2707
2870
692
3295
2440
1737
4429
340
3627
4421
3116
3720
1764
4550
3378
4227
138
1828
4241
1415
3657
4801
1067
2853
4209
4348
17
2544
4462
1300
3274
4362
2420
1429
2480
656
325
2604
3199
3962
3015
347
690
2215
612
3531
365
999
372
3199
2948
460
492
2703
134
253
2127
3936
1470
2402
3850
1505
4054
3979
4043
478
2283
4856
3350
2178
1633
2063
4470
684
3576
3686
2694
1384
4358
2013
2960
2540
4647
2685
4653
4987
4496
3479
1090
2522
3574
876
2562
3655
3843
808
4951
3511
4404
1143
2288
2298
4377
2510
4863
3669
3815
3306
3588
2653
2011
4551
2750
4743
39
4678
1670
1098
63
171
3046
3309
4646
3038
3771
302
849
4930
4366
309
3619
4072
2468
1374
2816
4130
293
223
1211
1709
2876
978
3494
2371
2541
539
733
1557
318
4746
1322
2201
2701
2569
1491
1637
2229
3476
3724
1422
4742
2490
601
1106
2809
2750
1397
442
4501
1565
3469
828
3557
2541
2990
3219
1539
328
92
3059
1844
4518
4890
2370
3639
2189
2604
2207
3417
392
3538
4756
2801
2378
2187
3460
2461
2556
1178
2047
2923
4632
4529
1614
600
3192
597
2369
3365
1813
224
2993
406
4060
542
25
7
4930
2952
1188
422
3662
1799
1316
4612
854
4124
4533
3504
1000
2744
595
1647
1226
4714
3000
695
2982
1138
1496
4139
2671
290
1019
2085
4827
4712
2495
4999
1510
3107
4501
1095
2148
701
3782
18
576
319
1550
1107
4988
3839
1315
1342
4246
2453
2847
3675
1910
3308
4485
306
1909
588
955
3989
3132
3514
3625
2488
2612
729
2533
2387
2418
6
3950
846
4179
2038
3545
2491
1602
4048
2034
3467
4964
4103
2097
4010
4316
1439
2920
1122
2954
4801
1093
3843
3008
3658
1720
219
3943
3580
1166
1275
546
3489
1314
3361
657
2793
632
2422
356
4906
220
3805
4390
128
50
967
985
4488
2540
159
1265
4929
4367
412
1883
4566
3594
2316
4238
1334
3764
4903
1465
2840
4226
4806
1267
4558
823
4202
818
2383
1933
151
3042
3988
1270
3703
3629
2629
2444
3111
1300
1248
2196
3930
4514
4335
3430
793
3452
1835
359
1300
4708
4659
2947
3487
1547
866
1942
4527
1797
3477
3470
2527
4458
3047
1304
1512
1337
2719
2106
2104
531
4379
3193
4831
835
2406
2041
1224
4158
2479
3745
786
4329
2428
2245
3373
2477
3854
3274
1599
3679
2329
4935
1963
1478
2948
1627
1189
2335
665
1687
3167
795
1541
2266
3783
4089
152
1889
4394
329
3487
3304
652
918
1492
413
2216
2686
3645
1526
4131
210
4364
3034
267
1385
547
3896
2880
3416
23
2284
3315
2239
3380
2355
4992
471
1554
1609
4388
3530
2638
1644
908
3996
568
2758
1949
4367
1448
3299
1349
1449
1308
3679
734
4877
1107
3576
1252
2971
1718
4682
438
2792
123
331
2587
31
324
226
1215
4092
3335
577
2713
1536
3401
3411
4385
2437
1339
2782
3797
4237
1187
2664
3752
4612
3306
4608
4608
