319
713
346
4139
2344
212
2187
2074
3355
4893
3031
1940
574
736
2742
1997
1118
1706
2420
1925
1715
4799
2726
4566
2983
2492
318
3925
1653
171
1956
2096
4181
4810
3498
1202
4416
3891
4450
3902
696
3609
4763
547
4693
4659
2079
447
3781
145
4964
2981
3274
3134
2924
1771
4159
2340
3940
2936
3114
3372
2159
1099
4258
4270
4022
2684
1986
4765
2091
1314
2019
1009
3036
3367
1333
3678
1297
29
2852
3257
315
818
1440
3962
2295
3147
1293
229
3694
115
3120
880
3942
1231
3378
3959
3966
3226
2864
4678
2003
4142
1626
1243
4346
1785
1750
797
1910
1186
2083
4119
3020
4710
1907
1843
3010
4399
3996
2500
4517
1564
3206
1358
2812
190
843
1977
2765
4095
3741
509
1687
4542
1349
294
230
1937
3872
4828
3983
2184
1705
305
4054
9
2386
4045
3478
3930
2577
3928
3975
946
2374
2735
3265
1160
2247
1703
3181
4082
3410
854
4140
4387
3795
1235
3267
2839
2832
954
3325
772
4750
3773
3841
2126
1447
3510
4284
2701
2732
192
2027
3282
4879
4290
4176
3639
2826
4238
3701
3647
3350
2928
787
277
2731
4413
1550
3423
4279
3085
2935
513
812
2930
929
4437
2321
1449
4734
2524
1692
322
333
3178
2459
3116
1157
3018
2001
299
2846
2076
4478
1923
3306
1133
301
1132
2915
1540
4768
4073
3719
4004
2241
3743
1563
4528
4711
2885
3005
1339
3448
1632
1516
3176
1144
380
603
926
834
2543
3334
4654
1345
271
4176
2335
4114
3095
1690
60
1059
1351
1640
3675
3116
855
216
1906
1829
2360
2976
1721
924
1720
4819
2700
17
3352
4232
1067
565
3571
1316
51
4726
1787
1817
3167
2008
3940
4076
1680
2099
4682
1406
4942
834
4422
4671
2697
1876
2714
1063
3367
2796
2525
2861
2562
1926
2785
707
4342
653
3322
1155
2108
4957
3724
4380
4061
3406
4650
3954
667
3674
4337
990
2258
2904
3651
1590
1546
2293
3071
2380
4306
4610
2804
2994
979
767
1054
838
868
1388
1792
747
4369
2992
291
2761
700
2459
2307
332
571
1922
1513
1422
1374
1417
1994
4259
3912
3094
881
3126
2892
4381
4555
3790
530
2622
1259
1120
1695
3260
4804
4939
1722
2297
457
3806
4320
2750
2494
3580
1280
3919
4754
3491
4401
4537
4046
4444
1564
1248
4782
1670
60
675
1880
922
2226
4225
2793
1369
3806
3358
3603
3897
254
4038
2551
911
1682
3061
2955
4652
1955
944
3779
2858
3560
647
855
457
1619
1454
407
2471
1910
2214
627
524
2890
341
4886
4515
47
1870
1677
1034
496
425
2688
19
800
721
669
2533
4019
474
3427
4120
3920
2417
3337
2924
4133
2555
2603
1883
4030
3029
3551
3838
1965
2470
3086
2695
4890
3246
1486
3689
3704
1946
3909
4343
4080
313
2796
43
4011
4254
2044
4072
3402
2372
3041
4991
352
4903
892
4385
3801
4139
2208
2865
1923
3807
1414
316
4549
4399
4107
509
548
2671
4942
1350
2758
3554
2104
4828
2054
2768
1587
4082
1993
2355
146
1466
801
4546
3682
1634
4039
3860
4101
982
2953
4750
2937
2890
3839
2312
2445
4075
639
2164
3058
2652
2644
2258
3991
1579
3673
1644
1032
2909
2679
2779
43
1801
3567
3583
76
624
1019
4435
792
2790
649
4612
139
1795
2575
3078
4308
755
1891
4620
1678
4996
1467
279
4851
2836
2755
2960
4033
3693
2565
1897
1185
4933
639
210
1648
3715
4102
3872
3456
2816
4347
4943
153
1106
4174
1861
1379
3748
3295
175
4353
1469
2274
4822
3045
801
186
3605
2267
2336
730
4193
936
4829
4892
4876
3739
247
2314
4004
4275
649
4830
4627
3220
3528
2590
4055
1577
4134
4263
4313
2007
2642
2363
4520
133
1385
2159
4507
3587
211
1426
4824
2942
2763
307
4316
1159
2999
3739
4223
4224
3675
4148
4784
4520
4796
407
45
1270
68
327
3221
675
3585
3045
3562
1431
938
451
2293
4715
206
4784
1662
1389
2000
3450
154
3203
622
1067
2282
2245
3710
2452
4698
3409
2697
1266
421
1799
4796
2019
4912
3717
575
3057
2180
2010
3841
3223
537
2315
23
945
4908
1897
2471
1843
597
820
4652
1774
2514
1564
3821
3962
835
109
1429
4643
3772
2420
1518
2223
2388
1275
3638
867
2367
4062
3424
3213
1650
320
2800
3728
1797
4873
1207
4102
4136
1111
1938
4536
3437
4138
560
918
1618
4034
3483
1401
3445
1040
4475
4205
324
2246
2310
2357
1913
1483
510
427
182
4491
2726
3436
4264
4348
3715
2066
3272
3295
2185
4224
3970
3365
1375
2145
3654
4625
130
1943
723
1270
2523
951
2143
2188
796
4884
1361
1694
3621
4670
380
3997
668
2005
2439
2834
455
1107
498
4014
3148
4367
1880
1059
4356
742
3631
4619
3600
1092
158
3819
3908
1619
2692
4102
2317
2848
233
4862
4461
1377
4302
4629
1329
3210
966
4266
2584
3381
3206
1934
1464
753
1987
1251
4685
3038
1686
4615
3569
4883
587
4733
2797
2387
694
1188
2104
1521
1682
680
2075
3824
932
1150
1241
3173
242
2961
3170
1035
499
387
2036
556
4223
1487
3322
487
1212
637
3166
1073
2968
3126
3151
3711
3755
4641
3338
3018
3918
1530
694
3368
4991
4174
3258
4065
2189
241
3068
3676
2649
3685
1949
382
3200
4423
4535
173
4487
713
1831
567
2969
2225
3370
4687
1327
4610
3284
4890
3671
730
2760
4011
2230
4149
675
2460
2827
2183
3593
3322
2324
3146
1931
4895
4631
649
3376
4569
3040
1840
2791
3971
3082
4612
3765
4616
277
2725
4280
690
106
3044
774
3569
3360
2610
648
2035
884
3877
974
2435
683
550
3170
1119
2403
4634
394
2982
1395
4513
2030
335
291
1656
3650
793
2574
3147
2244
2487
1170
2878
3437
4165
2088
1478
453
535
2883
4251
3255
4364
580
3525
171
3390
2524
831
3067
4493
4663
2313
548
2351
3899
4046
1106
3834
1764
3800
2187
1585
1034
2754
2723
4851
4304
1575
2985
673
4954
379
212
3543
1235
1056
453
438
4775
4355
3551
688
4280
2020
4282
3554
1302
3005
2910
65
3495
873
3080
2376
3670
4977
1905
1927
3295
1425
3207
3188
1905
3134
4324
2633
2654
2982
240
3747
292
4564
3893
4654
4950
1925
2977
1246
435
4815
87
3698
3971
3716
4465
4470
3198
1288
3256
398
4272
39
2440
510
2388
2644
1377
1652
3794
30
1644
2137
3417
4551
400
4682
2465
4860
2281
3969
1118
3971
3846
3065
4775
503
3439
1786
2557
1493
2903
4947
600
766
1254
2626
3685
3851
1817
2424
3622
3676
2698
109
3535
2597
4495
3066
764
3294
2057
991
2194
4773
2076
1693
1666
754
680
2789
4845
2885
4474
469
4180
3365
1883
2262
4184
2740
2414
2988
2193
2271
2315
667
2806
3330
1173
1826
2806
2474
2934
541
4386
1119
4005
2707
2317
1271
4091
4720
2397
1728
1790
145
537
2843
4610
2558
675
3871
599
3246
864
1868
4019
4821
2988
2981
3632
4641
3647
4002
1660
1549
291
1066
1357
831
1824
2595
1745
4213
4087
1986
2383
530
1142
989
2497
4054
1574
1817
75
101
1251
1477
4451
2581
4903
4206
4912
937
326
3497
164
1699
4565
2842
2418
4466
1852
2472
2055
1588
2806
408
4706
4792
3383
1587
2620
3866
2234
3395
2061
3178
2933
3174
2510
3936
1328
1123
1643
285
4694
4480
2882
2548
3981
4843
3832
4140
2496
314
605
1644
1800
3439
2664
4387
2415
3576
597
438
1958
2288
4786
4686
2353
4165
2505
931
4924
383
502
2474
1674
2591
563
2229
3344
92
3051
4786
3798
1301
2560
3063
472
2877
4138
895
860
4227
3214
1450
4402
454
863
4333
3311
3967
4304
22
122
3093
1470
321
1383
3347
987
943
1390
3967
2157
4614
1742
1454
2133
289
257
4853
3432
1951
3897
619
4856
993
3535
1075
3065
3036
368
3280
1267
1705
2809
3129
4278
4061
3658
494
4078
3357
388
1181
1505
4000
2715
2697
1097
3103
1722
2734
872
3386
3444
1752
3065
1539
2659
59
552
2850
3713
955
4438
3820
441
2381
1592
87
2710
3974
742
2771
2329
3732
2451
2758
3566
584
2237
1752
3784
3311
2207
4133
1793
1971
358
522
2420
1561
4097
1571
4762
241
2304
772
4802
249
665
255
3861
2241
913
176
2415
4275
4884
4134
4694
4123
3754
2516
1727
589
1158
305
3328
1279
4064
1342
2598
4888
4321
545
2166
3903
77
1582
3764
4742
2589
3010
4013
3488
3903
440
1346
3874
613
4514
611
1743
3355
2650
980
3953
137
4466
725
2158
2485
596
2716
4478
2891
4311
835
628
690
2743
2359
4846
326
4914
2705
2538
2310
1264
4053
1282
4578
366
639
4872
2543
2231
1538
4558
314
794
1406
2624
4017
4801
4527
1074
4710
1980
631
2247
2593
854
4302
3339
3755
328
2788
2007
1083
452
169
4383
4552
2611
4119
3035
1903
1525
888
815
720
2180
1620
2409
2857
2010
1113
2576
3403
4579
239
3333
4092
1769
3468
1707
4568
4633
1603
2627
3855
4426
844
2545
885
3124
1114
2201
115
995
69
3101
4657
3859
3184
4236
3043
484
560
1618
4340
2665
3620
2150
4107
3866
4343
2046
4217
987
4882
1059
595
103
2992
4059
440
4173
1726
1022
4997
3216
3006
4890
4152
3322
4866
622
2231
1266
2904
450
2087
2855
1302
3497
3103
2958
2800
1528
4639
373
2022
441
944
1983
2795
2805
4377
3519
2180
4896
1488
2641
1336
4897
740
4291
369
2629
3744
4446
2978
2630
4967
3097
1893
1655
3908
1440
1402
934
609
884
37
201
4413
4371
3006
791
3515
3028
4544
1831
1937
2374
4773
4086
2530
1559
3893
3789
723
2122
2637
1502
820
2877
1138
2960
463
2847
2518
1766
4360
3758
1686
3560
4757
4273
1736
652
838
1283
1732
3020
4654
4244
1336
85
1537
3079
3432
1347
3956
968
1386
764
2538
1018
4487
362
2798
1052
4905
4637
4454
878
2003
1357
3663
486
2894
2959
1526
1828
4886
2210
1060
4861
2901
3035
2545
2384
2481
3322
681
4431
795
2285
2863
3760
2152
199
3457
3415
963
3341
1544
4373
707
3429
4773
3334
633
1556
4774
746
63
4627
1391
2468
3805
3309
4533
207
1738
590
529
619
4207
4213
1535
354
2799
2055
48
3818
1242
1499
1544
4031
4852
196
1296
2905
3921
1911
3362
2502
2977
3557
3217
4806
4895
4116
2244
322
1759
1210
3519
2506
2889
3839
3865
4421
676
2402
4089
4792
959
4623
534
2384
224
1372
131
995
2004
2991
4289
3045
937
4990
4141
2186
1247
4691
4929
2887
4501
2371
3797
748
1574
3181
3560
1197
2510
3015
3006
3396
1947
2586
636
2785
2509
1475
4093
301
788
3113
877
1699
262
1329
4645
4629
2039
2555
3514
4869
4801
2909
708
1795
1849
1817
119
4706
948
3007
2566
393
4373
1177
3330
4513
4106
454
4488
370
2158
50
3884
803
4080
2722
1426
4648
4686
4607
2262
2467
584
3098
741
349
4504
4462
4709
2240
2828
1810
913
4501
2646
2468
1168
1403
3009
3880
574
4254
1687
870
127
1804
3074
2344
2209
4414
4847
734
3778
1561
4374
2658
2736
493
1520
948
424
4283
4648
2554
3197
1877
4678
3084
149
3147
1503
2789
1447
4583
620
881
3490
3322
512
3879
3644
562
2199
241
2650
405
4878
4144
3696
2954
2192
3288
43
2578
3784
1988
2722
2892
2145
3589
175
4114
822
318
3751
4069
3852
1405
4165
1527
250
1532
3222
2059
2619
4614
108
3277
3663
4152
4211
4800
258
478
3333
4364
4691
2312
2125
2338
1686
2780
3751
4186
3207
692
1867
2094
1306
1447
3410
1292
4093
2644
4674
1596
524
698
1029
3733
661
4217
906
1661
2808
4099
765
751
1339
3021
2862
4060
1888
1628
979
1484
3316
4717
4988
1452
4698
114
4448
4908
3109
431
3976
688
4000
3347
37
1647
2659
2591
3952
4302
1002
2973
923
326
4870
892
647
3326
2367
377
2911
2156
1295
2195
3436
2098
670
2056
797
4259
1798
3790
162
4289
490
3249
164
3476
2414
670
4982
2648
1779
2631
1410
428
2885
2784
4856
2961
2317
2885
1113
2131
2608
1844
1339
688
196
4041
4973
2799
4388
196
53
3989
2361
405
226
229
3248
1635
3160
1379
1556
4738
4972
2157
2027
4664
3052
3717
2044
2962
2840
2193
2412
2426
1531
642
492
4879
4953
4956
969
1603
2364
1173
3768
3739
2889
327
597
2696
3649
2235
714
69
428
3133
4561
1527
4598
4871
388
456
1978
656
2274
2506
377
4295
894
161
4826
2612
3903
4746
2077
3252
3658
1658
287
3198
3510
2924
3326
4756
2559
4678
3539
4467
4898
4081
799
2376
2004
118
4158
2953
1166
2920
797
185
3465
3466
2911
3513
698
4197
1447
604
938
1304
3378
1378
821
3169
3101
267
693
985
491
3748
1665
2686
1635
3790
4807
1765
811
483
2140
4033
4486
3936
3032
2682
3426
3880
2996
4783
2131
1057
4224
567
699
2187
2113
296
2069
4417
4866
16
2760
2271
3592
4275
3182
1915
4344
1010
4400
1536
1013
3813
3961
4166
701
3946
3887
603
702
4977
1050
3989
4834
3269
1595
4962
239
3356
480
4953
4516
891
3743
2246
1381
3471
2234
3283
3464
2089
2583
2847
1752
4977
1833
4386
3541
2271
4447
3477
1351
716
2680
2856
849
4202
776
1087
1532
498
1770
534
1041
2372
204
3319
4757
412
4026
465
1463
863
4199
4813
1260
1104
4851
2359
4563
3159
1587
169
1382
2409
2002
4682
1683
2982
4086
1121
4016
4033
4773
1672
2288
710
278
4491
2851
4800
3208
670
4868
4110
1771
2614
2711
1747
4421
4162
3990
2392
2107
574
3213
896
1769
32
2393
80
1852
3745
3493
2018
4917
329
1429
3042
76
2506
4130
2113
1070
3266
1151
746
943
719
1090
3693
4852
3562
2509
1875
4551
4594
2791
4121
3430
3207
3223
1925
3383
1819
4128
4312
3562
451
4391
3874
3530
4837
854
2561
4920
664
1055
3837
1659
2409
3932
4732
1970
2915
3617
3790
2875
4720
2158
673
143
1509
4538
3320
1256
3411
4607
949
17
1642
4015
187
978
1445
3147
4283
1640
884
3863
4450
3172
890
3550
3905
2544
1869
3176
2977
1692
2507
630
140
3620
3289
2161
3389
834
95
279
97
3538
1787
2096
826
605
3673
4343
1816
2559
4532
2181
1093
4460
2882
3874
1433
2293
452
1015
158
4960
4211
4089
12
3501
1028
3046
2125
2224
3350
4147
1904
3048
1467
4435
465
4433
400
3483
4987
1558
1298
2706
975
2963
2863
2608
2232
3597
2634
1283
92
2933
1616
2337
854
4773
208
371
2929
836
4402
1304
3890
4642
1912
632
581
345
4258
4048
2982
47
1879
2344
4453
1670
1798
2547
2431
3248
1515
2161
399
2159
3999
58
1627
4888
1040
4639
1304
446
3150
4235
733
1196
4684
4431
2375
2831
81
2877
2604
1267
3017
1660
779
3265
2496
1058
4484
1614
4401
4508
3061
844
4136
2128
182
3480
183
3154
4451
4826
3087
4891
1080
2129
1311
4349
43
2621
4342
4651
3487
4262
2460
3664
4025
293
110
1784
4037
2281
4632
2537
2709
469
508
3612
755
3587
1157
809
2312
3237
4180
1980
3730
3456
369
1488
1941
2478
3934
2495
1462
77
1435
3489
1833
4802
687
2495
1633
1560
1802
2408
4695
3077
2795
508
3100
2241
1451
40
4460
4996
3922
1671
1421
3893
4945
2854
520
2093
1190
3953
2274
3764
2795
1010
951
1994
3869
354
2818
3561
361
4341
2218
3621
2733
337
2861
2723
4817
4872
3068
429
3264
987
4581
1009
2982
408
915
852
3172
3373
4851
1785
3586
1788
3734
1332
1887
3888
4285
2059
4163
2556
946
4130
879
4832
3437
1615
3292
703
1142
59
3415
3155
3426
2395
1325
1533
577
3761
3262
212
954
121
4610
2225
3662
954
2714
226
4035
4149
3354
1979
2924
261
1460
3002
4039
3256
4988
203
97
1468
4905
1556
1580
1896
3319
3655
1504
424
4928
3937
2419
629
3204
1428
3476
4287
1563
3572
4457
978
2020
4338
4678
2619
2088
3998
2806
1620
3722
3088
3017
803
2039
3665
3930
62
4333
736
2583
986
2981
4853
28
213
3008
4940
3375
1155
2992
2266
4727
3651
1101
2461
2861
2175
4497
2949
2211
540
3298
158
335
262
3455
3303
1615
586
4964
3019
2701
2919
4147
980
3139
864
4476
2951
2175
1269
4482
3775
4750
3941
1245
719
89
4345
3317
773
4094
3705
2845
706
854
1758
3675
1896
928
827
4051
1759
2568
2725
642
2503
2854
2015
1816
3330
2222
1015
2815
4600
3585
155
756
2346
3260
1166
612
2145
4734
4811
2650
707
3910
4554
3385
2668
741
2459
2093
4873
2609
4956
1044
982
1013
3994
292
2635
1183
361
708
924
3373
4469
4602
1864
850
4435
97
708
4549
61
892
3631
1058
2399
2827
4537
3914
4401
3660
1955
2614
4376
3056
1159
1789
2958
4321
4380
3440
2041
2887
1389
3135
1532
4548
4676
4074
3750
4483
1349
4474
2504
783
4278
633
2997
1017
3559
3401
3448
3737
919
2016
4910
3905
3546
547
2288
2998
3277
3551
633
1696
606
3007
2892
360
846
3673
4129
4719
3361
3298
2848
4850
1303
3822
203
2837
4045
3185
556
3067
1225
2473
1329
3690
3598
1253
987
4462
3732
125
2124
3748
312
679
4782
2084
4386
3153
4982
2941
1064
4517
1661
2860
3750
2400
2341
17
2594
4161
3759
4042
4448
4285
4029
3204
4201
2162
2299
132
520
4927
519
233
4790
4012
2277
4625
3432
2611
322
164
3622
4621
1765
4752
3108
1181
2120
4823
2908
1693
3317
3755
4931
4758
1252
2049
2776
3662
4334
4720
3936
1792
4375
3855
931
858
761
1755
1542
3397
2084
2094
4947
912
4769
1148
3758
4944
4216
1128
4263
1092
623
4599
1238
3359
415
1368
3463
4811
4338
1646
4473
3031
4892
3669
2994
603
1076
2470
4946
2636
835
3802
1659
1466
2014
3934
4352
1648
2751
1364
1087
3833
4521
1628
1674
1174
329
3297
1297
4920
4430
3486
1654
972
4458
2451
701
1848
2345
4055
831
3724
2365
1945
2529
3825
3298
3677
3857
286
4082
1260
1736
2635
3683
211
191
3382
4661
3400
302
246
1690
828
2243
2932
3882
2671
1383
993
4242
949
3634
2708
450
181
1622
3992
1000
3361
2101
1823
1952
691
4533
3771
1076
646
1905
4235
3785
1550
4959
2115
1942
2297
66
1500
4542
2624
1313
3052
4367
955
3273
1770
4208
2746
4439
4323
1921
2296
3885
4950
291
2492
1347
1708
4215
2837
1585
4392
2456
4445
1865
2711
1819
1861
224
797
618
3830
231
4927
934
3106
4219
3283
1896
2503
3022
1160
4148
880
2066
1753
3045
2397
2198
1936
1403
1065
2178
1982
3621
4099
4238
1400
1728
4795
3982
2934
1403
551
1249
2801
2476
954
1349
2543
2608
3232
364
1282
3405
4281
1469
3247
825
1300
2036
2330
4286
3097
3472
3519
3502
1206
1313
2756
1026
2597
4005
4715
4144
2353
152
214
2755
2478
4864
552
2369
2649
3952
3411
1663
3998
3140
1890
2264
2887
2251
2556
2009
2865
1642
1979
774
2626
2027
408
4012
358
620
4770
4406
2684
3757
3440
831
3064
4934
3998
2819
4071
2623
187
3798
2819
3718
3287
2993
589
1365
140
4715
2202
2160
2349
3783
3685
1419
1104
328
1049
397
3363
3930
2381
1102
2101
2947
3321
4558
4293
3462
1818
2829
1536
495
4307
4329
2031
4603
1780
4701
3147
1765
2082
2984
4947
129
49
1445
2936
4115
1741
1760
4012
1774
1326
321
4761
575
3683
4684
2747
171
4515
4713
770
612
3865
4473
871
2061
2919
3860
2803
1946
2736
3638
1461
3126
484
4889
4836
4779
4573
1610
856
2135
1573
713
506
4826
1959
1939
2098
2415
5000
1469
2596
1579
1663
1718
564
500
2690
1630
3409
1356
3698
335
1626
880
1007
1702
1801
306
4154
3656
3553
4341
719
4231
2809
4993
2878
3887
4032
2986
1251
1739
3052
1547
910
1551
3018
2379
178
4564
3307
32
2838
2826
4148
114
747
443
886
586
3569
141
177
3226
3322
4897
1668
3069
2634
3237
1337
717
1159
2566
990
184
635
3598
3174
2026
2441
303
3749
4617
3339
975
2134
3293
850
4062
4614
405
2746
1735
3534
546
3123
1431
4308
323
2045
4474
4905
812
827
3603
2547
4931
4663
4606
800
2638
2649
2596
1712
4681
1110
2757
3127
837
2008
4892
3566
4103
1680
137
4751
889
4476
1451
2204
2368
4876
2304
4364
1921
252
460
889
427
4680
2976
1686
2538
4001
522
4608
3702
2524
3846
3042
879
1428
2695
256
4444
2303
2143
1756
2218
3343
907
935
739
2558
412
3417
69
4883
471
886
1475
1794
2306
2633
1185
1654
792
3699
4979
947
3716
3296
2737
1444
4912
244
1532
2907
1457
1023
2097
4623
4333
4818
431
437
2560
1479
876
3685
144
4989
859
2143
4560
3444
1749
3270
2736
3423
3595
3834
948
4674
2263
1715
4452
24
4319
3863
165
1786
1291
182
2026
657
3556
1073
4707
3738
2687
526
3233
2793
797
4038
2137
3598
733
2810
1750
1498
3986
3883
4700
4249
2970
4237
3873
3609
4107
1691
4915
4040
2996
713
833
45
1958
610
4642
4040
624
704
2301
895
4716
1489
639
3246
2780
1304
755
1785
1244
3214
1635
1631
2526
1100
1291
1074
2758
2668
407
2488
1765
4326
2599
4995
2814
3348
4029
1876
538
3509
1675
3503
2904
72
1075
2886
1322
1301
4440
1902
3019
2083
4271
3211
271
2545
1376
2493
2319
3735
1072
2001
4259
3176
3827
4578
1462
4720
3785
2141
2764
703
1848
3394
1433
2864
3741
874
683
870
2253
1430
798
874
4764
1546
1987
4770
2369
2923
1032
3331
968
2543
1218
2917
579
1887
1104
4610
1329
797
4367
2289
1607
4167
4059
1899
4210
2208
3091
1618
2569
1142
221
4731
2361
1513
2190
556
4481
1880
3092
3126
515
129
1761
2737
1225
1976
2978
2550
1193
4675
3499
3717
745
1836
236
429
4673
2403
3900
3096
3282
3098
3712
1414
2984
432
2140
1546
1426
310
1511
4339
2318
2478
3991
3077
1728
2753
1096
1546
923
1607
860
1562
2023
1166
3723
190
4629
1810
3263
3399
4283
1014
1715
2721
1612
4835
4093
3941
4148
4786
4504
2720
1028
1375
935
1756
2637
4121
4014
2379
3372
3000
560
3754
2645
3637
3882
4928
1365
4848
3594
277
327
2690
1875
4820
2709
857
3626
2384
2420
806
452
4596
110
4046
4359
3482
1206
1218
3807
355
2439
1302
3388
2484
574
3612
3132
4410
961
1
916
3926
4734
1709
2643
412
3512
1140
1186
2696
3357
4349
3632
859
4124
611
1573
1920
4502
4986
2225
3857
3687
4783
2544
1579
3696
3937
4808
4235
3901
4239
358
624
3961
1620
2652
4919
4124
2939
1816
1137
900
3988
448
3598
636
863
3305
1204
2949
521
26
3604
4748
4770
2476
4604
1091
1270
4913
1993
1130
3374
543
3742
1919
1551
4657
828
4448
4234
4207
3045
1502
1874
4097
4442
2701
953
1447
1713
1626
333
1604
1380
3729
2091
2193
3473
1190
701
140
3197
1181
3699
1335
2100
3371
2621
1165
672
375
154
1521
233
3899
1351
1618
2508
2465
3703
675
1186
1492
3931
4146
3496
2685
3604
4104
2783
490
3616
4754
680
2839
947
550
654
4477
4802
3349
4224
3024
4637
3560
4552
3662
1489
4518
1432
2057
3598
1664
2432
1682
2203
4820
4849
1462
2044
3893
1361
111
2766
3852
4649
2844
4396
1711
2714
2082
4334
1064
3265
4780
1658
3560
1442
3879
1191
3856
4333
4747
419
4844
2176
3447
4224
2124
3478
1353
4336
2245
3637
4651
4735
4154
3272
4194
3934
3354
773
968
1190
909
3065
483
4906
3140
912
2859
4501
3075
2349
3246
4934
1539
2912
3024
2771
2134
3276
1973
3773
3028
2355
2628
2181
3525
4974
233
2026
3120
216
2638
1262
2721
3583
3146
1796
4475
2307
4499
41
2482
1396
1790
3691
3504
3311
4755
2044
3077
3228
3739
3626
1749
4935
4715
699
4247
2161
3860
3838
553
1433
2422
2281
2758
1570
3070
184
2401
1445
1760
4485
1006
472
3520
1417
2680
167
4656
2094
2971
3789
465
1033
3329
4738
2013
2080
2107
1924
3496
1360
3144
1953
1930
3799
1073
1568
4318
909
399
3091
2223
3986
2221
2205
4704
3034
4647
601
167
4915
2100
4769
1500
4444
295
2278
871
974
3276
4076
2745
516
1134
4459
2794
536
3280
907
4507
3139
4627
3787
1452
903
654
3531
4717
2258
845
4844
1870
4658
1695
3044
3720
3321
3021
357
3572
356
245
892
880
2661
2388
4027
4298
1393
2217
1866
4482
3713
1673
4471
4860
3709
106
4501
3705
2194
3165
4096
3189
4848
1362
4829
4246
56
2282
243
1761
4553
2253
3657
1464
3537
1853
3197
4724
131
3250
2473
3119
4784
2506
3211
4832
4410
2515
3790
48
325
3338
3227
1595
1931
3932
3694
178
2494
407
3926
474
1945
3235
2599
1916
6
2625
3980
918
2074
808
4219
4186
4071
1508
484
2833
4708
837
2733
3991
4317
3717
1131
3564
2162
1033
707
3274
2106
3796
791
1650
13
4146
2916
2187
3054
2997
3783
3446
4557
960
3535
2549
562
4061
3399
1728
1964
4953
2053
4905
436
2658
185
2602
1383
4887
1261
4634
823
4320
1246
4217
2402
584
2144
1262
4050
1879
592
2984
2227
2024
4431
4648
4292
625
3180
4841
1988
2242
2783
4820
933
1835
1897
3703
3029
3823
3800
2296
3413
999
4309
3540
527
1329
460
3913
3623
1266
3324
4578
2732
2244
1024
1758
412
2425
2920
3398
1523
4656
2448
4268
2291
4383
2861
3115
4615
1614
1954
1952
1551
299
1043
3247
3671
3775
22
1045
1206
3748
3142
642
3147
3015
2568
775
4687
555
2375
4032
3447
2527
2602
1953
2075
1589
2228
2952
930
132
3692
252
4264
1851
2294
826
3687
3615
4587
4213
991
4942
4012
4628
4694
2012
2558
4952
251
1108
2245
3077
3683
2205
309
3606
3666
1333
4655
2181
451
1251
351
178
3197
4694
3860
722
2793
20
3778
3745
4600
3141
1762
3099
1971
2674
2421
2919
803
1931
1797
1046
866
2737
1617
1162
1978
1908
719
1571
3174
2496
2229
3693
998
4167
3693
1395
714
2784
1946
1524
4225
3504
4307
2986
1297
558
2819
2602
3618
1954
2918
1877
505
4048
3594
1808
1028
365
1317
3302
4547
2480
2156
2698
1769
2803
2256
4635
2023
3456
1428
3560
3501
2574
2028
2161
4063
6
4626
3083
872
2474
2176
3086
2813
3277
4156
4962
3348
2554
2217
1034
2913
405
2800
1114
292
4712
1304
2911
2800
3097
3403
1107
2279
627
4892
367
4970
2066
3381
3154
3279
646
2842
3539
4885
4994
2097
363
2484
3649
2039
3419
1054
4305
2461
2330
2972
4722
3437
3232
3241
3553
3634
2965
1432
884
4264
1653
1673
3567
3576
2857
1500
607
1974
4196
4661
3084
2141
2862
4136
4792
4931
3642
3030
1194
553
2424
4572
4930
773
2388
129
2450
3540
603
3266
1083
3240
4795
4775
1064
3213
796
4707
477
2844
2542
1496
1697
329
3212
448
2899
507
2027
4587
4175
3927
2090
493
4169
1795
1045
3607
264
892
1837
796
3586
3362
2225
3519
295
667
2607
2616
2322
3276
2029
4169
1907
590
2760
4188
512
4444
4483
2899
2332
2964
2769
1107
2914
2875
829
164
1496
1210
1193
3326
3889
1827
1846
1837
972
2325
3472
3743
4137
4732
4529
3473
4473
2099
3597
198
4664
1064
3934
22
1634
3613
4191
891
3628
2933
2659
4148
163
2818
3953
859
346
707
104
4834
743
1116
705
968
2240
4525
2974
1753
2015
95
99
46
3648
1570
955
3660
1395
3132
1631
3261
2186
3043
4648
3467
3043
2461
4805
4354
1801
2655
2109
4839
3126
4888
2880
3019
2383
3575
403
3498
1137
1303
2666
2255
3997
4678
2746
1442
1882
1568
4408
4428
2065
4879
1612
4896
2619
492
4269
590
3576
2448
479
2588
1320
1326
35
3950
1081
3065
3708
262
1028
2781
2190
4237
3805
4561
4350
4506
1303
603
1928
1037
13
445
4032
973
4460
368
414
654
2810
3547
4377
3986
3662
318
3888
1554
4547
3439
4181
1599
4745
15
909
1452
587
3207
4025
2633
1412
3865
2094
2581
266
2480
3193
3374
451
607
2898
3213
2866
2108
1706
4300
604
4311
2295
380
3690
1479
2537
345
1367
3497
1664
1358
1253
203
3724
2319
1414
3635
2981
3397
4480
1019
820
4117
1795
4028
1646
1482
2084
1299
3244
4186
2933
221
4366
3894
1325
4953
2851
2624
2573
403
303
308
1988
2588
4945
2830
3307
2930
2153
370
2782
3142
1603
1407
2616
1441
2244
742
3423
2177
3187
1262
4905
4910
105
4553
4690
4686
3312
2738
190
1121
2666
1949
4683
1682
4994
3612
2040
3916
4883
3171
3825
4260
4731
987
3333
653
2886
1889
4536
1931
2999
2313
589
4215
3837
3025
2583
1116
1757
871
3838
3992
3487
2069
4518
4928
2929
4932
3404
1309
882
2823
3827
1917
3151
1926
4103
243
4829
1453
3410
1471
2540
606
3890
2106
4029
1338
4323
3230
3210
4677
589
4786
4236
4279
1508
551
3339
880
628
2996
4713
1660
1993
420
2700
2732
3796
4794
4290
2723
1626
2689
3729
920
1213
2379
1674
1547
1406
4609
2825
579
3807
3557
3763
1193
4861
4763
1630
3275
4918
3373
2944
4435
4100
3853
3395
1875
3244
1892
1850
3193
1320
3405
3139
2140
257
3100
3324
4814
175
1477
1521
3081
4181
1950
3683
4935
688
4771
1972
1505
1737
1685
4667
1218
4602
3447
1930
4363
4536
4010
3317
2074
1149
4917
1949
2911
890
887
692
4656
878
4246
1722
240
1116
2628
3683
3202
4695
1553
2408
4038
4934
4255
2087
3009
4783
4075
3649
4598
4579
4005
1047
419
171
2551
2872
4124
2291
4740
4556
1331
3434
4285
1693
4063
4673
385
1892
1862
848
391
1076
3356
3786
2554
3944
2465
3843
2815
657
570
3504
3854
4394
3188
1383
3767
1219
1863
3018
557
778
3153
1632
2159
3936
1111
2296
211
4261
71
2461
3530
980
1952
2660
519
534
1551
4410
3294
4495
1511
4784
2090
493
3946
1274
3602
1791
2856
142
3875
462
3890
3768
1124
3089
53
1352
4886
1862
1592
3250
2557
4639
619
2031
4171
1462
2771
872
3635
4680
4416
628
430
4362
3494
1931
336
3332
1560
4657
2674
1503
2582
4597
1469
897
2717
67
2342
2078
3351
1641
4076
2581
3791
2711
328
3401
4563
3355
1541
981
2354
3544
1936
49
104
4650
4163
1438
2652
4104
416
180
917
3783
1817
3680
812
1636
2492
4113
3176
3607
1143
2252
626
3894
1899
3613
4311
1117
407
716
1797
3419
187
2334
1127
1462
2943
4199
2572
1097
4809
3828
2427
4385
2677
452
713
1496
3324
4722
2754
2841
4051
2620
4976
1351
1708
831
792
1112
4349
1880
2865
3455
3940
1055
1549
3359
3292
4414
808
2333
4301
4439
1101
3785
4977
3983
201
2228
282
2073
1720
4758
1431
2858
3428
901
4264
4775
2513
4485
4889
3074
2925
2523
4410
256
4551
792
4571
4656
3131
1662
4415
1464
3612
2420
1232
3969
39
2403
831
3795
1487
1067
4526
4361
4944
3355
1670
1315
4697
721
1845
1659
717
102
1423
626
2254
4477
997
2465
1207
1467
3431
1724
1466
3044
589
2678
1433
2836
1455
189
3828
2593
4699
811
2035
78
2871
714
2715
1392
2684
2931
3709
1833
2872
571
4830
1682
2155
571
4885
3536
449
3783
1859
4640
369
2635
4852
4193
2482
3513
2621
365
3110
300
3200
3974
659
2212
4656
1309
581
143
4647
3801
304
940
978
1414
19
35
1849
1800
1543
416
1708
1985
1378
1666
4723
1203
1247
2075
1343
1833
1147
1996
1865
2407
1723
4907
4875
2829
376
1730
4764
2991
3413
4701
1182
835
4777
2405
1069
2916
1807
3464
3709
3038
4330
3293
1970
4477
520
3921
4220
4540
2968
4730
1378
2197
3877
913
3173
2173
4016
404
720
4766
2774
2410
3177
428
3189
3094
3184
2346
4503
642
4539
1462
1053
4390
3206
2929
28
893
3737
4672
2318
2336
4360
1116
648
3604
3198
1348
2350
3245
352
1541
3958
3938
989
3065
3171
834
3844
3408
4136
789
3295
1482
3488
3881
3187
2814
3214
2919
3880
455
1284
4045
425
2143
3698
4876
3281
4828
4617
3375
9
1098
4706
3357
2913
3241
3759
3490
4762
1952
2292
918
3174
2457
1629
651
4726
753
3841
1210
73
50
1518
1632
185
2316
4957
4660
756
463
190
3376
1743
2731
1972
3650
4022
4215
2649
3971
4838
246
3249
2355
3376
2321
3058
1704
1392
1026
1662
1947
3649
3443
2045
3255
1790
1143
402
293
271
1586
2552
2881
862
4522
2627
4248
818
75
2585
1553
179
3597
558
4444
4887
3399
4370
1736
1737
3746
219
364
4934
101
227
4420
3008
4136
2623
4066
4138
2900
4557
2740
1708
4794
2033
3935
2575
2020
2356
1487
1066
2688
1185
1198
3424
1847
2370
937
4791
4059
1300
567
1189
3716
677
2307
3046
1809
1164
2731
3363
1383
61
93
2609
1341
3227
3278
1681
917
381
2903
3125
2067
27
1666
4372
4032
3865
1670
2569
3928
3560
3115
2809
4117
785
4541
382
1302
4128
129
1088
1175
1733
4854
1086
933
1037
4184
375
468
1277
4910
428
2636
1412
1290
2007
2965
996
4781
804
3291
2109
3583
600
2555
1081
2409
4640
4518
2317
2623
1077
2492
2181
4685
4431
2998
908
644
4765
2274
707
29
2143
1726
3763
4138
3004
1113
3059
457
3474
3990
715
1285
685
4913
2469
4439
4153
4096
1841
224
3957
396
3512
2585
3992
658
601
2053
4415
1723
588
513
3627
717
2617
4871
3127
4575
3609
1028
3274
3679
4799
3572
1210
1671
62
1985
3693
3205
563
3282
1773
4298
1232
4182
1471
18
2122
4904
3228
3176
4115
268
1999
1127
4300
4686
4803
2231
4260
663
4701
1214
3983
654
4477
4678
1009
2071
227
4509
4289
2922
69
1231
3567
628
4828
2900
3725
3503
819
2740
4406
3760
4275
1871
1195
1769
1002
4208
2672
3671
3908
4036
160
3529
3258
4462
3813
20
2938
2343
3312
3538
3353
3128
3526
3402
471
1092
686
4195
1908
4617
3253
137
1147
3801
3774
1973
3951
285
4125
2639
1107
1972
2838
1380
4343
2404
1768
3320
1724
2932
286
1372
2448
3389
1550
269
700
1584
4037
4728
890
4589
4866
1829
856
2770
705
4675
2461
2762
1685
4294
45
2875
299
1322
4607
1821
3010
2107
2321
3434
3824
2318
2902
1199
494
2540
684
4926
134
3549
231
676
1544
3089
1869
3429
3036
315
4637
3034
934
181
3254
4332
2254
4218
3419
2175
2101
3693
1133
2902
2590
567
2176
2591
4062
233
3202
2852
574
4109
2083
3367
4702
3122
4149
534
98
1465
14
3647
1736
2304
4993
888
2037
4946
411
2087
1568
1959
4862
2404
4050
3665
796
2712
4358
3928
3123
3442
4498
4921
3474
1456
784
1204
192
2976
602
995
1639
3116
1462
2276
3535
1064
2543
3015
2404
4225
93
2008
2684
2069
2102
4740
2940
3040
4678
4738
2184
3964
4855
1214
286
2840
2208
2203
3087
2556
3446
3466
1309
113
4042
2155
3165
4315
2601
44
2017
2534
1294
3439
647
4399
1557
1402
1734
189
4019
1386
1741
3473
3308
4019
4014
4977
265
902
2420
1238
3136
1231
1088
2548
1045
3967
718
2021
3087
2812
1464
2845
2894
3884
2406
873
808
1317
4214
4435
4261
17
2513
2228
1309
3604
4727
3089
2597
3854
1396
850
562
2672
4565
954
169
4480
943
1987
4688
2286
3634
4416
1641
1480
4299
4822
3008
1981
822
3674
4965
595
3630
3473
165
187
1893
2130
4374
3608
2631
4873
4387
301
852
177
1221
2487
2298
112
260
4160
2007
3377
658
2019
4019
2794
3833
1976
2223
2746
410
2045
4143
2540
1047
884
2799
1837
129
2874
1192
2912
3897
3497
4918
4714
2276
443
310
12
3261
1324
1756
3472
4583
2348
1850
277
4856
2168
2977
2751
103
3089
4778
2915
3839
441
1098
2279
3799
3086
1861
204
1821
3275
1711
4733
818
314
3146
2812
1521
3039
2024
509
1116
4893
762
641
3169
4917
3730
2139
4344
4858
3283
21
4516
1205
2175
2295
2471
285
658
3146
1230
3036
2549
224
1195
3902
242
1842
4988
3996
2902
1911
2862
4240
3785
4609
1109
921
1876
4866
1242
828
4028
2796
3361
2788
2889
3829
2691
1460
3770
4674
2789
1940
4218
1628
4026
4176
1807
623
2517
4583
4550
4353
4519
3803
3923
1443
757
2171
1651
1785
3458
2053
3223
4691
3547
2359
570
2137
3925
4130
4359
721
2483
78
4826
458
1778
2444
1473
4921
4478
1816
4767
80
4923
3009
2552
3148
2286
4757
2363
4013
1407
562
875
3003
2217
4812
4468
4561
1587
3593
3750
4921
494
2728
2469
3756
3909
3661
952
4337
2965
3589
1831
4535
4699
3232
3756
2379
2427
3905
2360
3207
4162
4040
3622
2614
3183
708
1985
182
1020
3720
352
1198
263
2133
3248
4460
4866
2739
2783
3454
2227
170
1258
2922
2847
4192
2734
2174
569
2864
1286
1953
3524
2017
4188
1992
4861
1491
3086
1582
1533
3687
2343
4166
3847
1561
3442
2353
645
25
4519
2126
2914
2854
1289
2877
2147
23
2612
2943
1970
221
3421
2274
1846
1724
1547
2247
4017
2695
1337
4520
2190
1999
1736
4908
2572
3252
1417
4970
4421
2592
359
4544
4823
691
1767
4017
147
2461
1642
3507
1506
1024
19
240
2493
3934
566
2556
2536
1700
807
1429
417
4052
4336
4930
63
4392
60
1831
641
3936
71
3452
3640
4325
877
3874
2681
4694
3142
1860
3008
4463
2281
1239
2872
1946
4793
1196
1242
4035
3735
4008
4414
249
2058
4221
1090
1124
2442
4968
1147
2406
2482
3530
2690
902
2468
2847
2709
1108
2173
2714
1915
4483
1033
2888
1254
4786
3091
1731
3843
2651
1505
2396
3554
4884
4993
2415
505
4569
2635
3659
4066
1526
1544
2417
2870
3409
2434
4816
1313
3859
4465
3343
3587
485
2415
4035
2298
1803
1878
2863
3367
3718
4767
4767
