71755
51510
38941
70930
9017
72470
43778
42065
52127
42370
14464
73369
51835
41497
51577
10641
10181
19126
59394
58301
36374
73200
34518
6025
76659
57305
1293
43071
51724
1345
38662
13064
12855
37833
68835
59781
40203
9719
15394
56251
51639
3687
48751
7458
35432
64456
25945
34823
72494
33052
11155
73131
19984
3644
17595
6407
62798
41189
73444
65328
14919
12641
62677
18550
66494
27874
46679
12174
5321
70329
4505
42700
33542
17676
28909
9081
65218
35369
30370
72342
35313
13719
73198
44669
23316
1442
8121
63547
56240
11363
64618
610
35152
40828
18752
48894
75549
10967
24981
42390
43158
31655
45953
53299
76235
29899
27794
58262
48892
38987
44017
16840
76370
39785
59605
23741
73976
35509
58278
51495
71667
47371
11264
54208
4000
75605
65352
70476
48791
22812
61736
14003
46826
68561
63701
24720
59688
79412
71054
55385
15291
19956
52468
45992
76607
41005
75960
10315
37707
78867
59388
78810
37771
28050
72479
55190
31585
49400
62402
7657
3292
46157
13682
25577
25155
73184
45628
71348
12555
18510
27895
32139
50766
19808
11026
32503
43725
41317
72761
43880
13525
9107
6591
6591
20815
51612
31195
78170
51316
6612
33778
35848
58938
63968
5810
605
62075
67104
25606
32753
7531
39192
74399
27368
71291
25672
26497
19942
3216
21364
8485
60854
15593
38787
27569
30336
47482
7944
47918
50273
70653
25332
41188
75061
61376
22862
34873
21004
16849
76873
79949
49987
65633
42699
56926
55586
2820
27376
1386
47936
74923
47947
35778
42380
227
57509
38254
33567
19902
44487
70644
19627
54846
38979
8561
34869
21323
40888
9800
24475
1307
58914
47727
49818
28514
48570
15919
69281
34904
78196
13688
54494
31783
47669
69596
55427
72568
77796
42639
14483
70652
60175
16673
47636
11725
55061
43128
40918
64507
24795
72414
61583
6569
66538
44513
22840
5470
49104
33383
6066
31680
50249
65787
78211
60099
20197
36020
79218
59838
77345
27714
58067
27587
6553
1414
9759
35697
79598
77125
23287
53674
15710
52126
6770
75899
74586
30958
74016
31305
72877
60203
72405
31549
34850
51639
75765
59180
74379
46975
26270
20517
75122
19309
2386
46130
58920
23599
59407
10219
42431
40625
6033
76734
72168
14610
53390
19356
3834
15164
69155
63320
12987
52573
44674
60926
60396
72719
58310
58538
18282
56910
50225
5629
26993
73335
20363
35061
71691
31188
42134
26120
69312
41328
18654
29187
76777
51605
48668
37016
77421
19802
61638
43457
43004
71041
56818
63186
52386
27257
70334
71464
37228
49454
44769
57130
34335
79766
29235
834
76002
15559
43619
30217
50487
9783
64837
3500
28518
67577
54424
156
12458
67644
14292
36560
51086
66500
21542
30735
21073
48057
49694
49902
76363
8984
35470
78869
29261
34429
29819
13803
75613
26923
13945
65527
29402
18765
42695
14680
33878
59835
35537
34726
58136
36960
35085
7302
50234
13003
67959
35124
26649
58740
25071
51777
76018
22494
39371
53762
8123
42433
79399
3704
78413
50731
56963
79541
6693
39033
56784
42128
2032
4825
78839
59702
17757
54754
23574
2770
48354
7321
73381
38493
24468
63357
46857
20732
54405
55493
74976
61696
77181
52874
17849
27420
19356
46239
17774
72309
11639
308
25638
41597
76607
23513
57
7205
52695
52137
55527
7168
71611
22352
66151
46669
149
4992
22537
47841
62077
42482
63397
27590
7630
19753
3834
70493
25347
12904
77208
24764
61551
24356
4309
51785
7528
42391
69247
39795
19279
18421
5107
17567
66959
8221
14568
65801
73960
75420
4666
10869
49906
42971
29262
1279
56840
12651
28886
7183
21387
20860
77103
67844
47123
66517
1239
31215
26184
15363
33943
10664
46759
75572
30749
68981
13759
27114
18267
27298
39619
14605
24312
44751
27481
66589
70002
31221
45301
4394
39758
5786
54684
7908
39448
7241
18700
36158
39116
17481
57596
41951
50180
25106
68635
10260
59407
22621
65086
24620
6945
18912
3278
34153
75917
10018
18347
35801
58917
8347
50694
44476
36011
47646
54155
9834
45729
77901
4226
56133
73849
67429
69936
44528
52079
38860
26385
5184
6230
10662
21567
40621
19462
54926
74424
60986
28150
17771
41932
74293
79735
63907
15942
44294
2927
79243
51548
7895
47476
5047
74293
19651
10980
42504
44440
61386
44184
41755
19674
67694
14770
62319
4249
69158
35428
7168
2502
42570
18096
66743
71243
39316
61968
1093
70109
13162
55762
4656
53429
57608
40427
50587
11214
23815
48197
11808
51099
49862
46645
52351
24558
31871
29383
63940
18860
59071
70872
32396
55146
33967
75674
68436
68026
10509
45314
8977
26463
15463
61389
44233
64244
22728
20471
19067
1745
27089
24359
49563
13657
41526
49050
55138
27167
20306
30967
45504
62669
57794
11444
4050
2617
78130
64976
12543
78642
31776
17855
61302
21838
52822
23060
13079
76841
40341
13763
59599
37004
29040
55673
22438
13551
63251
30723
66134
41738
68042
48261
1564
52945
35720
68335
44121
38125
52619
65710
35415
59089
25238
45068
58031
12460
5107
33434
54206
8075
24647
37202
41914
11076
7612
24535
21397
69857
41605
45542
67309
75387
19420
53090
75508
61220
22984
33362
66823
56766
64041
50957
69190
48012
60252
34753
23361
44210
27222
37571
9311
74898
73655
35502
72091
42625
79280
75305
3591
25096
14469
17963
26678
51678
35287
45211
27771
59216
57292
38060
30849
66651
30716
78998
494
68209
33191
50385
19609
59491
6441
46042
62592
38155
52404
16522
33969
42021
59404
21607
14379
52676
78760
9346
60410
66743
16238
74535
71240
55199
61956
65700
15251
36211
61630
30967
20706
54714
50469
21920
51165
78781
4401
41526
70227
14262
1168
18776
70811
41476
7780
65638
21419
62651
64615
3896
79204
30299
5008
6878
44502
38452
61906
16871
43619
5072
55509
32936
5335
35778
70499
33347
40522
28218
54036
51788
19258
62784
13965
36899
1029
3719
23284
679
57006
28557
51062
17465
48689
73712
3980
27242
13548
19245
18683
64340
60962
48128
60827
55645
21810
22904
5044
69169
19851
74302
50222
19325
11375
20155
50350
54079
27180
16062
42692
60076
30524
17105
30878
20929
62625
49802
39359
68307
15171
48075
67837
60087
63881
31221
11625
5535
43736
17551
58368
53010
4806
41849
13016
2297
49117
13047
77379
73179
73866
58611
38321
17481
64801
62664
16938
42425
76024
47699
59698
2577
57172
60514
58627
20303
60695
58535
51999
29610
76520
30455
70087
68037
61021
31201
50076
35777
69307
47724
2229
35939
42840
16939
3554
48650
29396
41914
30026
32029
35280
32703
46826
62952
37010
77515
26114
76987
44230
40624
30471
59745
25785
70713
19948
42373
68914
8319
16577
54534
34940
49124
10751
74379
57555
18338
67050
50420
55673
27014
35766
14978
17038
40757
16745
37599
64672
8704
21439
33904
3839
16748
54627
44314
24894
47577
41283
75793
50505
20298
46529
60902
51422
74188
49403
9645
72578
39656
50441
74693
40524
19667
57874
35517
53806
51949
16059
5664
21864
5686
24457
37967
11775
947
67371
24720
49613
11065
60216
65574
34248
26356
45564
43723
55334
78830
65172
1445
25147
20870
61474
14423
39098
60757
13550
67477
16130
19526
30408
68504
49491
38981
10041
65830
71482
1763
9356
58859
49473
75482
66012
44325
39829
17953
43004
46985
8397
16391
16251
5684
43426
27911
43164
57789
69169
14765
75143
35403
27578
19104
30498
35502
15458
9067
52407
5057
57574
41305
11179
59969
588
14541
50695
30509
78143
12864
14039
55371
14580
13209
14488
27398
19164
56271
12923
48938
26165
58765
67131
978
59578
4318
50052
11137
6208
27529
30117
59765
10675
70572
75251
41260
44029
28931
75148
52430
11909
43353
52045
71544
71761
45717
69649
41540
47222
49233
21864
23107
47209
22352
33477
7644
18259
33226
46179
27763
16241
29256
55802
30
74197
64340
65953
43703
4982
22025
2519
62948
12326
54940
19562
63363
24544
75413
74410
75668
62743
15700
31998
63884
7230
32941
69242
16427
13981
1811
62421
46169
22103
68724
44906
7474
11822
33804
67480
18629
45656
71688
65372
32890
19571
19018
2386
40248
64685
579
56414
39773
19915
63476
21948
24206
19373
57465
74174
50083
46150
9002
40244
32966
29883
32771
17478
2300
57680
36991
6942
2168
54595
30260
54369
73674
75288
67234
16598
22992
45152
26733
28594
67675
67729
62970
21508
57396
28200
75295
71711
1124
44921
14972
5186
76199
78855
29741
46301
605
63880
68441
16744
65466
25561
50554
49050
79137
74886
13053
37730
52656
51265
14092
18366
54372
49336
41247
29652
34239
24226
40793
14995
8790
29582
25713
71964
5231
11606
14384
6360
8561
64961
27465
66629
5538
46115
23477
33674
79712
23492
11209
10398
3995
15567
45235
30752
23531
27187
17504
27264
22298
57015
41251
23921
39595
425
14277
68382
46515
42735
14079
7821
71271
72002
30124
76185
24361
76330
44184
54664
48135
5147
73913
62548
17354
7302
53115
28100
25167
57513
52949
70034
33332
48546
41733
18426
74772
29878
50259
25356
18761
66390
27127
38607
71888
67429
57284
38111
8643
10905
13684
62592
73079
7519
68605
46845
36579
68393
12620
46365
20377
61614
38564
73402
2278
10415
39929
79561
31600
17232
64955
26207
16420
54496
41129
38063
50471
5481
51437
15136
21622
10645
37687
33339
57485
72991
17499
29390
5157
68259
2476
13250
47017
50156
8245
54913
6666
1620
45335
7821
3345
74380
2212
39181
20286
37097
63864
74991
26388
4711
45895
75749
1941
47565
42810
24238
19545
4686
72826
34079
36991
70674
51571
59750
41785
19173
16745
16956
21360
17673
72435
44700
17194
79193
47130
48665
7908
49842
62352
11639
70455
79195
51102
62965
34380
7744
53860
35621
13113
45691
60231
25175
5486
55249
79936
8663
35304
51660
64319
36699
32019
75276
75892
19910
20573
74865
71537
40210
60372
11914
22452
14975
70982
9142
49321
34343
43034
64368
58706
53043
50929
34124
41040
13304
28382
65358
15989
70190
6207
65991
24989
71074
48886
63091
49650
53624
76717
20361
62602
22370
24289
25817
37324
64868
20977
48605
55629
31301
61742
25481
66538
59018
67692
15309
61994
49553
66480
59879
5760
76559
14899
9095
47513
75325
51565
34922
57627
35000
72749
79855
47841
41809
44597
56693
1016
14266
61891
47729
3750
70260
77865
64735
825
37355
44370
33154
79
74332
53944
37563
55443
23828
48601
54939
26275
34133
11035
28916
35995
11261
15065
46988
29928
60624
78773
30299
36136
62761
30990
64298
25036
19759
17823
21841
9034
6073
51
45292
29166
15622
19587
29028
6300
21279
21803
45913
17420
10887
6624
57644
23347
18099
33666
72964
56652
66476
78467
31500
25508
40631
68297
43487
59702
1704
922
76299
37711
15770
68759
31706
31675
57901
65358
44805
38883
77398
72944
77441
33830
27072
70745
12534
79513
25591
77787
70104
56326
47755
68954
50256
19228
29800
27693
42739
39348
21497
14201
1306
7924
7786
12033
74945
17170
18888
14241
1791
30263
72346
75213
66626
64340
70542
38469
55026
36214
42995
8668
50557
77666
2877
24927
8088
38261
57766
69601
36548
41360
2366
13869
75465
34777
43459
60563
44246
67564
65600
58431
27492
55516
64747
56307
76462
1253
5231
53204
73478
50782
67205
22262
51595
67147
26009
62507
27767
29573
3451
78021
24477
34223
53115
19710
11360
43579
25432
59159
11120
61794
3730
75824
42773
21059
56659
11453
76959
51573
58979
74380
24578
42971
30455
10469
63384
38639
51357
65775
30111
71620
79327
20901
47691
24548
66213
45631
69913
24715
73319
67180
65287
78659
29256
54759
15841
22905
75094
52781
3607
33852
3326
70319
26875
27950
41714
19112
27621
53925
36780
27376
7390
30728
42985
48254
37900
33016
5441
10856
51413
21808
68049
21573
6185
65580
75974
214
65313
73122
28379
52959
46378
49966
52949
41265
13257
16410
58332
77321
56215
75917
31423
66210
11363
69324
57835
72554
47577
32194
75496
10132
77404
4915
67291
23458
19710
64239
1863
7127
2889
25213
3458
71367
61263
62816
2790
70577
19899
9220
58599
66348
63971
68718
2468
2747
46145
1009
48981
4288
72711
41686
46085
2872
40980
61837
76618
19317
11437
52113
47532
15264
59947
22438
40793
26302
45493
68167
50214
70482
15052
63135
22807
65792
67690
17157
32736
48175
56357
5027
1420
34286
23156
49704
76196
41514
56796
26655
951
3266
31650
38987
71079
39856
76088
56607
52643
35519
28635
37303
74183
2304
50537
8061
14967
23840
60074
33820
50431
40653
59611
28352
31870
39921
55176
53211
10123
55811
26822
64464
27847
26393
28974
13889
19543
35559
27296
20550
29145
62202
67871
24945
42086
32614
46169
57571
74967
67548
20980
34715
27798
64929
49601
15149
23125
42845
75811
45810
52087
44821
41135
57989
37762
66507
73542
72256
27030
76303
32767
13579
62570
50914
10890
26060
27051
49892
171
22883
35322
11783
64186
11002
28108
53409
5432
46706
36244
65427
73801
26976
50047
75906
79371
24315
167
20923
55415
71821
6962
62638
32859
41290
12171
72030
2010
44463
58856
75740
39374
60438
59872
50517
10338
56233
74405
75921
5226
38631
44762
65773
48565
62132
30026
51539
15392
70227
27385
27271
56303
12389
41569
72296
14146
24076
14715
41716
26671
74421
66039
56399
10615
8710
4459
42530
79061
50619
66402
15153
19905
62906
45681
53390
23205
68587
53107
63
32284
15188
77423
65744
48047
50749
39400
43340
79585
63181
53450
53015
63054
6131
1610
56347
36565
15667
45732
57147
60880
56758
76804
22121
47009
37263
38076
69857
76422
6781
17980
28540
44957
9170
19558
44418
29565
63748
69680
45304
54429
78064
22209
54819
62303
10887
12786
38683
46891
36027
65864
3371
32865
35457
26600
19835
2914
41016
60115
56176
64179
8905
33303
63279
30151
46721
56024
795
42189
48791
9112
14134
3092
50695
41154
21494
20612
45357
11294
68494
71206
32430
78215
54865
58708
36735
57499
16105
17615
76943
24943
3298
3044
10316
41199
35440
9828
9041
28870
51568
7074
46816
55754
70410
54218
39331
33538
32588
72209
77841
36821
12267
53359
42161
77059
60508
12504
13490
54906
20308
67622
29926
37349
70155
68573
19196
65543
31910
65450
18763
24497
58859
39060
66302
6664
70627
41727
42425
23984
29453
25045
73326
44110
57620
3129
36889
48325
45445
583
10356
29776
17228
58072
66431
13880
24831
33920
20905
27113
62743
30865
15604
47776
32392
69227
29891
60394
11825
11993
77891
14443
60839
32909
13687
40628
39731
50826
66148
62179
67365
5281
67623
31537
4796
2435
56503
78353
37489
56408
71770
6574
67836
1895
51125
1138
2153
14381
56553
57437
35630
9104
78339
47491
79665
21470
58815
32049
34398
76760
22885
301
5005
55746
52079
1226
26420
23723
12144
43423
5249
76946
25566
58924
28072
42705
74040
46381
76794
8212
42988
75355
10778
63926
975
44525
70345
5925
41827
8905
64310
17159
45255
44790
400
8436
13397
29917
58877
72168
53514
52537
46620
25813
20200
34762
15052
59497
29902
8492
56534
5522
29060
14164
38525
50749
47037
47666
52471
35529
76967
52641
59136
19248
44311
27318
10489
75534
50805
55718
62987
44862
43976
25598
69963
76428
70303
64666
3688
38799
41084
854
64579
46473
27724
59827
24818
668
24140
64864
77423
69431
78329
49046
6566
10002
42367
72014
59661
23963
49796
58439
65036
26635
33316
15856
58548
59955
66239
64213
19820
34352
19506
381
56164
6464
49309
74947
15173
43078
50672
52955
7069
4965
64014
4151
5287
43762
20833
19153
39792
38167
71014
23034
69347
17528
68355
17054
2783
15050
49248
56633
4481
6826
25209
16715
38620
47264
38088
16785
22368
42380
27396
79329
28116
76671
63450
30200
30738
30590
49107
27547
62556
76796
75811
21459
26709
72681
77965
12260
1904
31257
17277
64754
30002
60107
4114
1660
14390
62209
26858
38981
1234
68015
74769
61888
33752
12682
21431
5170
46622
49867
8740
76339
338
51106
12323
2347
39091
73410
19557
66595
7466
74469
6802
7115
71893
66494
59303
34014
45119
50646
37941
44206
14820
11998
52052
56793
65220
48975
60604
40300
3182
7510
19210
2007
40998
49559
16607
39991
64008
38588
54885
53421
1253
67026
15927
38733
954
35117
32400
32366
50906
47013
62105
43086
49802
64344
39329
75387
56024
35578
40064
40864
2425
11020
77192
13317
23518
78064
67128
41277
28784
37836
58706
39695
17813
75576
74222
40264
77136
62581
964
5163
42306
74985
58189
55143
68679
74936
45283
57558
78568
59817
65234
66470
11539
33
58629
1699
36695
1048
1873
23678
57515
41600
27368
6042
28325
67701
76870
41426
47597
48883
18806
10980
47043
23034
16341
79355
1472
64202
1615
26606
78183
64144
52297
69925
55848
78188
14515
26842
77108
74013
46851
58525
30967
33882
9437
70772
31333
13665
75187
59964
49883
76328
38381
35829
49293
78629
32336
20570
17465
33538
51493
49660
73816
9164
77379
67056
74378
37155
49481
46930
48432
58749
73220
70508
44608
60882
45015
14397
70463
30777
74672
50017
2302
77421
357
60539
19597
21515
75625
59800
79517
75989
7121
19815
38666
62561
44136
77591
63368
50611
59015
64378
29146
43130
50158
32167
37964
13209
38648
12257
16221
36453
56041
10123
23658
28621
76443
32026
6699
24936
70899
60635
58290
31012
54531
68479
13492
35786
31738
40254
16924
56336
50466
63721
18132
31480
72646
24110
19910
56386
8200
34772
9448
63165
58402
27432
50163
56550
19935
66802
16164
41090
42488
3598
70711
59794
24792
79731
39962
68854
71790
33021
66047
14781
34292
6983
33280
69576
71477
71067
78776
72239
1209
27987
17689
12234
22135
73526
37674
66981
55524
60074
40631
4417
14714
48865
38100
79234
71260
41662
70367
56656
451
36145
57907
1743
48573
48693
15916
68475
27401
43677
79336
22935
49182
29531
67196
16977
36075
57150
37345
16434
77123
78324
57162
64068
65747
35073
56939
70606
70394
70060
46787
58503
3604
32820
57467
53071
52543
56236
46029
39586
38020
60434
57550
63357
5760
58026
43037
39333
39429
4309
12716
67619
47680
7205
643
14244
4964
65236
10263
54595
16380
36827
75965
25618
12434
12307
74427
43677
29198
78714
64211
61455
51788
44821
9959
54853
66121
59366
78264
61402
31431
15593
23375
29199
21403
30711
63676
954
40799
35210
35981
3193
26334
28273
3902
24037
57055
46751
57550
62736
75637
57115
67125
50564
73358
22930
66431
64007
32700
49786
36885
53800
55851
51349
4707
34273
60118
72453
46197
53144
45729
16439
17771
57693
32819
71147
13639
41431
39815
5433
23060
39983
40819
23054
15758
72510
69473
48971
41247
26372
26861
79641
35369
41182
62072
6596
52279
22989
28487
11463
67652
24877
34885
37576
48035
28799
15065
47222
72588
18588
69360
66520
11931
44065
61635
63019
27905
22908
2815
12598
60219
53988
38611
68498
59252
18150
63439
59159
69621
63628
55934
8459
74337
17807
35794
17561
16729
25139
70341
35801
56640
72074
40939
2500
4324
51992
66153
16485
18665
29005
18497
44198
63259
59774
52212
74252
35659
22846
52006
30398
18439
13788
58671
19703
67778
59638
70380
76876
77648
16040
48062
34220
63885
37998
19118
7625
4876
50156
62956
37749
5740
63986
42208
13770
79258
48118
34687
61450
72986
13800
55196
64065
55096
60
55371
28725
66820
7615
1174
77950
23337
56172
7578
35670
6037
50957
18065
2334
48775
20866
38578
1807
14891
10296
76230
66531
33315
66539
7309
52712
50152
22324
30404
76328
57001
31694
68555
44199
31968
75035
77554
31627
72174
77636
1333
37594
31511
31907
5522
67526
23700
52870
2120
51379
29070
11512
56157
64279
16828
61956
35524
50665
3005
37971
22201
27793
29308
63929
69797
11884
26796
62993
19261
55640
64808
18528
62162
55619
42984
72111
62262
64906
46682
69596
6179
17572
41065
12693
42944
9772
60131
5220
8012
33587
50029
5107
14958
66089
1220
44663
10511
13176
44973
72246
69003
26482
46495
75765
63298
11033
58072
8347
50795
52989
49694
216
58641
71072
57393
38427
7744
15995
66769
31234
66531
22316
45351
34905
47783
72916
28312
58140
37586
23113
67485
61593
52648
20992
31236
54344
63251
16528
1363
42363
78487
47173
63757
9206
18129
1998
14008
11877
67240
42217
70539
3931
24201
47729
44096
36195
8803
1904
69592
74900
16348
62062
30390
65670
17247
20860
43813
74598
46834
68134
73344
28970
72726
78441
40002
21700
69555
2724
15065
15324
57382
29892
67231
37618
26878
39941
5740
55190
12516
9107
16208
20723
74528
64295
13280
71026
76453
46182
11302
44751
66081
24421
44451
7604
270
8596
47961
66746
48435
7565
67865
18191
50911
45524
27797
9020
21236
58556
4006
11190
49242
34127
32854
67618
15582
57240
62062
73005
95
26791
36191
53507
55313
24508
48307
76054
51327
75440
24621
23776
67543
60621
35509
60034
17481
10687
37828
68414
69336
18654
55506
14596
32873
71367
13451
46759
20434
66022
261
49740
35206
59905
72309
38042
71342
36607
65005
13086
37336
8970
27059
34111
35493
16894
47367
19226
48507
23646
55040
45723
23672
49230
3465
6487
6140
67833
69089
47348
57571
3165
62775
63562
37738
18786
68772
60750
45986
6302
16444
69028
6025
27987
79964
55084
73882
73550
45123
23470
50253
6881
37439
31012
9928
30471
18338
3039
42923
3749
57680
6495
60784
52430
59371
55000
36545
17971
46416
15404
9297
12673
44890
35028
47734
44988
64685
16657
25439
35933
70166
6637
48466
54181
46773
36560
57334
43388
11184
67292
38778
72959
63453
20926
56959
4366
75004
39136
65620
19003
43342
67984
38753
67838
6927
30214
69756
78925
54039
61336
39246
69713
25280
59341
52168
34649
3221
21377
10502
28495
6391
10826
44814
3873
70367
34847
74615
45090
20410
36663
78580
22172
10265
7592
20726
4773
75797
51531
38366
17094
79537
44230
14034
17810
46188
49050
12783
17228
49610
28184
53952
13834
48032
28355
63744
69971
17324
48954
17291
13257
25502
37964
56260
64405
74785
1817
54850
21732
44008
41225
18669
44288
77798
13997
33825
37918
41332
25479
51141
79557
16762
56279
45989
20997
50431
73090
3273
59633
68272
39949
2651
67079
65635
3948
37334
20726
27682
70707
39916
35081
79433
77623
61656
14820
34619
68202
32736
30139
74305
11467
8400
251
21715
6935
11120
77597
46972
67914
22711
35690
70474
36629
23691
18963
54698
37571
72095
29531
74179
5093
62698
31623
57452
44567
69592
73308
38181
35124
72149
50513
23043
55165
21838
15636
20301
16423
52952
50156
24069
16357
29359
28739
58636
41348
14299
10637
28674
18026
43409
54885
55458
36614
60102
27907
56853
28672
23393
37464
69607
11204
54094
44285
2961
32507
30743
44430
50092
35234
23559
50610
69454
65238
7089
49154
11551
57661
67056
75355
15542
33626
39022
61283
49556
38887
70323
61855
123
63051
13738
8106
30662
51079
2340
74689
24521
50927
72117
30191
75221
63805
53432
30255
61336
60016
16471
57708
51276
13070
28385
71789
58844
61356
39210
27973
77859
43845
57359
42641
41196
27945
65257
68162
4013
72661
50425
28671
77490
601
6013
62606
13007
36706
59013
24438
65195
27818
48749
48138
17133
38193
774
24997
53390
9680
29043
12852
70786
45107
62664
18698
35061
18776
14079
44356
28234
64986
75102
9855
51558
52810
69667
46130
46979
5346
60587
49395
47851
13839
73660
30056
34969
10543
43434
5896
45486
6017
66983
74001
25716
57287
3072
1620
25385
72212
56509
51002
49374
35581
74661
30716
70818
70148
47406
38122
38676
74174
56233
78153
39129
62619
21305
50099
12349
66173
10616
26224
9717
55895
60520
51909
61606
46601
13068
17001
57210
14938
58636
25335
77074
54369
42416
43916
23297
16792
71328
36676
17794
5770
14299
60272
59397
64399
29270
1100
34950
70859
14079
29367
71370
42719
22347
33237
61523
73616
21601
15787
7321
71857
67508
9555
18626
5378
51576
48928
71467
34541
48692
14727
24813
59674
69317
18482
50451
10092
79139
50099
60412
66764
43621
78600
42004
29390
45743
6449
59667
24620
52722
63910
44457
20726
44846
29278
64961
43645
53412
297
4922
27923
11006
5033
38263
46627
56095
14238
62153
56026
30521
17449
74852
33953
59132
18478
53036
63917
76248
34697
30390
8857
42433
49036
5198
26445
74345
72936
45504
43258
4441
34909
58985
2115
12450
71092
26150
29949
69638
49947
18222
56150
11424
7856
2418
42910
38075
57686
34470
71854
56392
31038
38236
79807
23284
38288
29016
47051
12226
73887
35890
61955
21925
7223
11443
20650
74174
23361
41377
4274
34437
25895
3295
12855
65457
44685
58920
24423
9892
50814
47456
15227
72227
60421
30095
4078
55291
65978
24989
54936
47173
17326
73614
10406
44982
68892
50279
4338
9719
30846
8340
11645
52678
22378
13601
32914
20866
72928
21343
1372
20049
78453
5503
30471
44933
31612
19224
51306
16766
34952
47256
41777
70710
43544
51352
36797
47436
8569
57374
72138
22413
24359
68121
54875
55751
59079
67696
22537
49309
3615
52614
25687
41671
6085
65574
55964
31796
825
35277
70636
70589
37296
61110
10287
23321
33636
22337
11477
31762
18810
24772
79161
77070
72600
72551
10871
27362
13771
46405
51410
65905
31097
65793
21666
47616
14547
75379
32237
12311
70627
42923
38965
6835
54540
37998
29367
53746
74029
40421
4288
256
53964
59144
7379
11958
9645
32761
78960
47471
60034
27518
45822
62767
54281
47691
13488
33751
3901
3849
47359
34260
59568
72812
25321
2454
50500
79838
9792
58439
75888
71433
45283
7881
24747
15065
3053
50433
39986
56355
17280
63002
34842
58159
27288
60626
63103
13001
68954
77681
47631
63614
39367
77441
32781
22403
3162
50444
55361
39172
37016
2190
71695
47144
33913
55143
69712
68895
41111
21142
8904
48583
14904
46197
52615
4475
46950
50212
22183
34194
16080
52699
34928
954
27676
37512
66531
27714
69688
37604
13474
69347
64388
47592
42597
22637
70808
19196
79679
35517
9764
12121
17539
20975
41951
524
48148
26184
52952
11800
62351
76480
72015
73065
77811
78329
24702
75775
38328
43617
50084
74252
68189
35567
53679
71264
66862
19016
37714
27849
55645
58973
8080
10989
36139
73976
41340
36774
60057
58019
28605
6781
38193
42831
16939
77623
48654
43520
56929
48894
68833
45170
24211
32342
69665
66778
75239
54754
75601
8894
77290
69665
51493
14938
39879
5988
4234
23261
2582
813
335
21822
11747
51102
18395
62157
38301
57866
71042
75075
61393
1279
18620
41818
23218
4428
60551
1821
15288
14087
28177
45852
57815
13738
1715
22204
6509
29170
58995
9738
35670
72488
79783
57759
67122
18451
62347
34664
14929
15230
47683
24076
28275
66818
75162
64592
32411
64803
73738
34201
78217
61186
55480
40411
18666
22930
65126
24020
27411
26147
76128
26698
63888
51815
62018
37050
32270
53780
58664
28748
29026
51783
77852
64279
28637
35894
23166
38981
35483
7636
6624
46473
29285
25381
33045
32150
57281
64199
28532
19829
55577
39577
54627
24336
36261
23139
31774
19416
23196
28075
65225
45247
75507
14296
24952
35851
15149
56328
3024
13284
10118
70015
52108
62129
60842
35534
37921
55909
13420
65213
68243
46070
40328
38199
62667
20359
69900
18713
52480
5754
25440
65321
2676
72348
65659
9575
59722
50911
70433
3876
18810
10762
23534
9202
56405
55970
13795
9503
71144
72451
53309
68088
29892
1325
64080
76941
20539
73616
58864
22111
61260
42805
46805
10312
20380
47621
8960
17910
76261
52103
24085
30773
62077
25474
38103
29278
21584
48926
19006
60060
75126
66836
65739
74801
8497
32767
50413
36339
38924
74653
20374
22591
16033
32774
50838
47440
42853
15163
23555
75858
27329
39536
23629
8503
27506
67231
53244
17661
79828
43803
77509
52717
10303
26054
31726
35415
59082
46997
5527
36027
15932
19043
29779
47841
53944
54118
61999
74480
44772
20028
51194
7471
43955
1675
26855
278
36378
9220
58792
33244
2956
66700
14923
54825
6242
57078
75849
16480
61271
25359
7160
74104
45304
28722
8083
42186
38611
51828
30719
64486
37400
67871
7205
56579
412
15699
41691
25649
45638
21697
74477
45319
41843
15591
5644
23436
73139
52959
28287
40788
29133
45876
41049
1183
53447
60849
77123
3152
57419
27625
37349
20597
70750
63224
18333
14706
6807
76655
25618
52555
65363
18645
39821
28708
71099
60854
603
73163
45628
27085
36190
5166
27794
35780
72322
73292
17465
16455
58502
21236
45834
50164
6676
61657
42855
63203
22734
41965
49884
51612
51562
79407
28104
14307
56843
47910
61649
41544
61824
52368
46593
67009
72946
25382
31545
76628
24733
4782
12975
40698
32289
19753
32064
7990
32564
42874
76494
73770
3159
21899
45351
79952
66373
66928
22024
79982
63173
31124
37314
10233
73548
6157
39564
57284
67066
74250
35412
77415
70474
33524
42712
36998
27055
20954
55704
818
51657
59868
18161
18500
42071
38236
76876
75232
38565
32558
53490
11863
56534
31459
39530
57029
10887
26147
12815
49189
20980
66497
73500
72468
33732
31730
48996
1637
58047
66288
11589
44890
5726
39714
29185
17777
17983
5751
73531
68987
49160
65860
38170
32538
69190
71291
63186
63241
50340
58419
58175
9056
68404
6386
51652
7028
49438
23924
30138
9738
42581
65761
25672
56751
67491
8558
42563
4391
53603
28081
10004
62328
34395
23665
15316
60054
54885
23431
2912
18617
63176
39795
38890
69984
53978
15942
66831
65526
33909
27007
72187
58926
72961
29129
26706
76170
51377
6569
19620
76769
4878
15747
52103
61693
4056
57749
29008
65402
59608
25479
25162
47860
59998
2528
61059
59033
76934
54150
74955
41731
50876
11375
58334
13958
11812
19091
15190
11331
39292
59100
58823
26612
36131
74515
479
49853
57693
74930
77296
43621
78968
4754
31955
7671
62054
9977
54076
68167
74912
25848
45944
22308
8317
47045
61381
58975
77820
63088
52079
74408
44640
32047
17286
73419
29556
37412
20990
75897
23399
21417
14189
22746
77088
59838
65191
38799
42425
79088
61628
49535
23134
55556
40710
22116
58001
42379
30307
20949
47939
61393
30469
7528
9614
177
6265
59429
74886
35047
70195
46716
4888
37902
25797
78534
40397
65107
850
20616
27076
12752
69857
50114
34799
75880
44578
16495
54885
48235
51986
76239
76596
1367
9938
62645
34790
45854
29989
26319
61815
78709
32723
23580
40689
55345
31788
17328
68172
66462
37157
53103
72218
37445
78059
6535
60929
58431
23184
68813
60942
35186
6374
69200
20332
42086
59339
42478
11011
19248
30089
70772
37495
70463
75561
39250
59647
8508
30506
78569
27419
18807
70723
20618
55571
39181
75355
7552
38162
38128
35358
16348
11060
40793
28140
5147
58747
9661
67678
71770
58867
32057
30281
33237
29265
36557
20984
32005
8740
19566
51364
56561
5254
54335
55350
17939
39626
3482
40626
39639
14760
22060
75426
2784
51536
59714
12975
57431
42790
74892
68713
11517
18504
5840
69709
55764
69090
20989
26109
75765
27093
23714
19969
49606
42667
5901
46764
62772
75827
58956
6165
47957
51480
56661
49242
43034
404
25062
57251
48102
54472
48942
1626
34385
21193
28895
43895
76070
79695
65257
62974
39051
64786
8505
17478
56130
6847
76485
4635
5583
37826
31273
35200
30139
75749
38926
12162
70175
51133
78309
61486
1892
39338
65659
18228
55994
77404
55616
55063
41509
75680
51077
40856
7620
21915
17543
63601
41234
68819
67202
5762
17109
23158
79720
32581
68684
15142
30749
62920
62182
2430
77759
13056
34558
47424
71226
10238
22902
73000
31071
43435
51490
16288
10775
8461
44652
63057
29432
41827
23066
74798
59141
62887
64596
22577
8445
4212
21948
21993
35659
4996
43963
31645
66673
30821
43742
1300
30874
31555
58708
48981
25266
55964
57123
13050
32296
4352
2505
29773
39235
21479
47375
71745
50436
72417
56537
7682
12219
55654
8799
25956
75184
48189
14766
547
24908
47315
42153
45852
28104
27436
34685
40323
62964
29387
40822
57930
39275
12682
42934
22438
24483
11808
52147
18186
15276
61640
13164
38332
73397
38330
47054
46115
33498
55631
36583
76292
78819
46428
78375
67828
15798
38424
48794
72881
34985
73417
75402
5061
74858
61500
77692
8045
9916
34679
62474
41941
2007
39460
30269
7014
17022
71967
19088
33417
52622
14190
12496
48357
74004
10716
37667
46393
1159
14523
8881
36178
48458
47002
44867
31466
72892
23339
32187
45362
17112
28298
63543
67237
40695
21426
76870
77980
35896
56700
39037
56334
11808
67110
1604
62128
54974
68309
43617
11529
35838
73858
60637
39744
28014
41447
34356
43919
20570
17868
70466
2219
16866
7390
63400
50216
27842
39901
60966
29325
3575
27871
62633
54068
32190
8402
15169
24576
37738
9177
53592
70824
58988
39030
36742
32689
24413
52167
40443
17016
63455
10086
19409
5784
51592
21370
12330
2600
39039
55386
32865
58847
30775
67585
14754
20888
11299
40877
38733
10963
7573
15324
20787
2850
28557
22877
27039
28265
3458
56847
50608
20860
2433
70175
19356
27438
52803
29971
72588
13914
12119
67571
68510
41233
5777
34607
10378
8218
74626
69857
72759
23054
8079
40332
71220
52189
46884
26131
71215
37962
62296
24992
64266
12296
29547
24658
36800
39742
25718
62467
78211
30449
56281
14690
78473
33330
76428
34753
54928
60496
121
47896
2194
36233
58789
43267
53837
14238
196
9326
9699
65510
9372
9332
79372
6447
10467
8857
74745
73200
68877
5467
18711
37306
36414
53586
21563
61855
41065
8457
77913
23918
22687
3878
64943
18977
34471
65713
71742
1927
66012
42393
4475
36513
77118
31412
3727
3149
65688
26372
34664
46415
74861
5407
20269
44407
52902
77472
44788
60403
73997
58903
44326
6489
5904
77485
13626
48787
68629
9779
39567
53450
1076
26396
34279
58728
28515
49604
44252
15200
67259
44827
44383
68998
17960
65
20279
25614
66324
79599
67974
27813
71061
68355
66939
15986
14967
34170
21193
8610
44660
15561
79345
17720
9950
66557
67595
163
9675
71388
42657
57945
938
31793
78916
20930
61375
41145
40687
37004
64071
1453
15876
3320
76525
74402
22944
18907
32091
52802
21491
10872
38723
68289
68079
72392
63102
3768
55941
40326
8262
75213
37851
32925
35207
57733
51636
66294
21040
65474
47019
27555
54931
28765
22863
25731
27379
20279
33054
47449
65405
66507
79667
36940
25317
41032
986
52174
37352
588
19124
69964
55825
68433
42288
59523
35549
33999
74464
15952
59374
17689
43428
17554
71014
6228
76834
21809
50740
47734
19965
26494
63633
8724
58287
43501
67123
39875
73236
9006
17447
31875
57423
2734
69016
36453
10349
14757
1270
11651
75260
64202
61525
47340
51478
1967
49607
49009
9309
66498
60121
60054
32939
26818
73574
12566
16537
17873
34908
74332
56850
7798
55640
2896
4122
22522
21938
72040
32761
79391
5229
69767
46161
44487
48294
16748
68235
12117
27089
54960
1226
19627
20179
66346
56130
19501
45468
30964
31265
60873
20368
13302
18773
16687
19893
52375
5872
46384
40231
71437
28276
37767
22869
15081
45971
51837
38231
68083
34085
68103
41559
32628
32678
28725
33925
33033
70398
18550
27039
8606
30227
18468
27060
68516
43979
5407
52637
73263
62062
3249
74796
27064
48373
41106
16125
43710
14770
29552
33524
23941
49658
28765
8400
56179
41592
7958
63833
71275
53793
46343
32201
40548
75498
75833
73712
20014
24894
12545
25443
63969
1857
36591
5306
30833
72696
55785
6528
39139
11862
72309
62029
69407
44230
48121
30806
70671
14345
19077
24178
33495
63396
44129
73916
43391
35394
73969
12628
74376
50073
23924
46823
49223
56703
10802
59532
70738
4751
40191
25821
58912
26551
58074
32324
57334
33989
29666
5237
12345
14502
16717
68605
67936
75872
5672
44812
47680
39067
52511
78283
27852
22236
59352
31713
34282
73055
53119
72077
38714
55382
35692
71223
56675
835
25069
42461
49306
38375
41635
64190
56466
14092
66055
13485
77510
78798
29351
5190
58794
44605
12949
38344
26500
53800
11060
23043
41572
23847
38469
36405
62608
47411
27432
11370
69882
34335
32686
61609
54766
78081
62020
46882
45708
5812
38711
50811
25982
42271
74293
72230
78288
7601
69945
32054
47719
29839
42687
39718
78140
31757
13806
57615
27345
46897
56539
34307
28480
61603
75556
35772
17127
30612
49291
29013
69307
21657
8834
31565
26758
68586
9253
75530
71555
30123
44751
12361
43113
77754
46826
46012
78050
67022
78531
61284
27720
20057
78779
24663
6901
28202
56240
12777
55021
59190
64382
60457
53529
71912
17504
45049
24479
58486
21793
71378
44002
19592
24739
11461
45435
11940
72673
76646
27518
10757
2244
55165
8425
37785
78965
70174
10830
68317
71592
23020
49871
19736
996
32001
23349
30044
19214
79385
36333
75775
75687
54120
7780
467
62263
24486
67396
65803
10181
50803
60258
44038
18174
40067
7215
41277
3439
5301
7756
65131
59245
57841
15787
30623
36336
1850
4148
26089
65963
15127
64766
22846
63707
73846
26211
55764
12416
10380
69138
23179
52315
31844
77140
33894
22079
67162
47774
12895
19927
15155
52279
12141
46191
10799
34298
33579
64747
66637
41680
35408
37122
65650
25494
72256
43621
25245
26586
142
60238
65032
54840
799
50524
1121
55577
41547
65695
7695
33275
53356
59137
73049
31682
51210
4955
51022
24870
66582
66431
1992
11953
20622
17612
15378
45827
30775
74284
5030
9309
67531
14319
52787
48515
29524
6787
55456
66130
30529
25513
53305
20852
66879
20782
7141
41526
26227
18426
17220
9625
55265
16680
72729
70797
45650
27993
35988
75852
1658
75605
57650
19318
30856
21463
55842
14876
75575
51008
56527
59225
1362
32434
54791
9375
48362
58567
42985
75266
52471
12154
26234
74177
63580
14661
23096
30572
24003
34014
78061
37999
64096
63783
59195
44506
42140
9420
38787
30865
67383
76754
60254
69440
35854
44632
53904
11853
51152
27679
45777
23546
79683
4346
19419
22131
34148
45574
63088
8977
58651
51302
8298
54551
70881
26554
77383
17762
25382
47610
43786
48398
8922
795
17462
64496
65925
27414
14169
32161
71225
36350
1209
37632
20261
33209
30032
68991
1712
30047
74614
342
77183
35679
56973
12278
73691
40293
16688
22962
35199
76175
39805
72359
10759
18363
43841
5621
33737
28659
44893
74831
41731
33535
78549
23477
4885
12690
71392
17715
13948
30979
21785
40514
11177
17250
55285
41659
321
31516
53960
48630
43385
3615
19368
58192
56067
44600
50584
6655
55422
6120
67685
15239
39871
42168
23567
20296
15911
19307
29942
42533
57586
45602
73916
49506
68551
32897
75543
47847
58026
49428
59500
56472
34818
35112
4120
61015
3917
69092
43811
36711
11227
59362
39208
69544
50324
55165
31119
66229
59153
43574
20986
31719
39561
65770
59603
3660
74174
33089
5605
22501
35275
6330
7391
77693
13696
22991
1300
31677
9101
39938
50020
35640
10900
50937
57499
68603
47009
24834
61566
45641
67734
43479
20283
12618
29013
79436
32403
6429
27645
61833
338
32594
41394
26664
264
10279
20842
79841
51235
60211
33052
6654
10986
26012
12481
18863
13719
18129
74088
59782
608
14672
39674
43897
52433
61854
26471
5898
30257
51734
58347
64141
9661
63839
57166
28372
39305
63989
17404
4348
3878
76021
24193
2478
77979
76876
8012
20748
18366
5493
32251
31437
28444
71474
77332
58044
43438
12864
54679
59548
49363
4803
9109
17845
42923
74528
28088
46422
76181
59748
73035
57714
67736
78925
12144
42771
27368
25597
11146
60851
37183
26660
42176
76321
43013
23652
32475
77215
547
67377
65764
19215
45065
46191
7037
53184
15911
27225
42450
2468
8090
37173
11779
11071
22624
19459
383
19763
22866
55171
28898
63042
41530
11993
23217
4338
28907
14646
58870
43763
54167
22700
12193
27092
14005
25882
77466
37358
58674
16821
47621
10699
16417
20587
51694
370
30865
20842
6219
18082
43851
52320
6085
60457
37801
74646
46826
7942
76569
32674
66734
63418
44620
25693
59805
33897
27292
79424
20279
13831
69701
42821
44125
38173
52799
47800
46245
5843
34842
8020
53600
63121
66908
45558
28173
48828
70015
73686
55718
18916
9145
48345
47270
47519
1523
12802
26168
20052
79372
10378
16090
56457
55846
10495
46251
22290
52052
99
78351
10946
63876
69770
57313
75674
32001
38330
52375
13335
4861
76434
31006
56349
20655
17541
62887
71345
5246
18589
68285
23425
49312
21817
24015
12928
24881
3899
31241
76500
77244
21085
56537
29070
12786
73641
79402
32772
9056
76128
25378
76525
3542
70731
7819
69770
28303
36309
7936
17525
14104
48501
32812
2916
40726
55686
62568
70137
73180
56246
9657
44269
26323
57671
71399
34445
64102
60096
6977
31031
2907
3123
41711
49512
5282
30891
40996
7379
26396
14719
72689
19827
185
31677
41191
74531
2474
23776
13370
72161
62999
5681
54746
68906
70936
54764
39221
62190
23896
38332
32674
78135
55915
28815
38057
62756
20350
60600
37534
66320
12239
11611
58847
19370
36184
12200
48711
59890
79161
52942
55616
47051
4120
22163
72059
50795
8601
16745
62860
18779
72161
67595
75017
185
72424
22371
14718
56065
46768
67755
46773
7321
21876
30575
24138
51210
19381
19491
35978
7031
4570
29466
24071
41863
73947
37738
23118
45178
54627
76443
35768
16277
55033
9513
65320
17075
70023
30416
65149
7572
5615
76034
22989
19050
34045
27903
15493
73878
39611
6855
34682
58794
41165
75056
20573
20853
18843
12926
50981
41299
48124
30836
59073
70772
61393
33878
54930
58873
1924
33723
36948
57517
9070
27496
68701
50344
3092
51632
39305
5173
52976
76989
1373
54390
31663
25463
62756
7542
32417
41512
15843
52191
18166
34716
3254
7834
11901
44107
1564
26514
76913
12450
32605
40187
52580
26973
33793
1919
19656
57097
33542
17944
27666
34491
78303
59652
70618
77129
73083
43929
64980
52289
55659
18817
64310
12004
39406
45759
29394
71964
54068
51845
56758
70741
21744
41999
61668
43857
33815
47416
34547
24731
52073
24506
38342
2139
32542
10338
78845
15342
49678
51699
14290
24175
51882
2412
58728
21590
2317
53238
32934
18743
56908
28999
53209
360
44014
7966
25347
78148
38946
2217
39283
33737
11118
33866
3031
59561
12361
882
44085
18386
24907
41657
42024
57166
30983
38326
31279
7241
19519
14703
78613
60167
41265
34793
77898
34139
76083
36940
72381
25041
44793
76765
26695
73195
60115
60
14655
48221
8203
36695
26688
30006
57821
15002
76903
63046
7408
59213
7297
54190
25787
72326
78378
73419
21601
11158
61945
59279
79906
17419
72596
34112
55996
21274
11795
640
57733
71367
28582
4346
59421
22160
44050
32302
62047
63209
56731
69993
29110
25880
25867
39097
36312
3106
23884
68724
27248
19132
39772
275
26532
78305
41464
261
65574
45871
19252
4006
22449
53419
75428
53536
17018
52476
13309
77461
10472
77814
33882
63576
57606
56492
12352
30312
28602
57004
9253
74418
74261
38269
8635
53570
63135
15724
64937
15937
32703
45783
15181
52682
9159
44342
15327
76934
30263
56164
33424
62017
55594
27655
37032
31472
30552
42763
11794
2244
5885
20432
76440
15269
44909
5591
11573
35032
68519
70790
52186
79167
61005
27961
15690
50745
43617
220
27673
18356
65773
62139
44913
27551
21689
34112
10752
41933
43104
64338
61194
900
77820
76846
37999
37279
22840
13801
77118
37483
16168
56103
57169
32623
31040
73441
58019
23133
18108
21423
40341
51361
60580
24969
15120
8027
52549
64435
71761
65985
30378
41309
44151
24838
688
62337
59147
9959
31115
22817
65850
25549
70593
55374
10182
55603
19212
76357
4441
21279
53786
15559
76953
64542
69435
55702
56623
28656
1112
34838
52717
15908
55686
25388
29743
28359
10309
20065
5277
77315
34996
34487
29563
79722
19016
49402
77997
40653
26356
78307
42248
13945
46057
73852
35322
65
32517
68466
68816
45840
57477
24352
49576
48914
40277
77222
75480
67125
54139
59748
49303
18175
37921
41308
67139
2914
12577
79072
20739
60894
9472
2676
33507
68079
40504
63975
2418
73502
67804
36651
775
62477
4841
57287
75928
75449
66074
30518
68098
56355
55093
73718
47148
3487
63057
901
70655
72989
43391
71295
3273
64078
74445
71643
603
17835
79855
14503
63427
69635
37548
55084
73738
23897
20249
70443
16822
56179
53838
21311
32235
9687
73507
25787
23413
44749
32798
11931
63704
19625
74884
14036
17286
49473
4985
55534
65338
54230
57693
77264
72858
38551
36159
45465
22416
10925
77861
29766
16171
26939
33250
21724
22239
65096
58411
40629
75724
5178
67628
4940
33741
4305
74440
23531
49725
56773
40980
19720
30598
24380
75382
68662
33993
74089
76344
12358
69555
10931
56075
52071
16122
50397
62799
33358
13952
26792
49966
79926
30820
74615
62809
42194
15056
45634
53043
49428
62679
17829
19881
9831
43231
44085
69816
65850
9451
350
3050
28698
71277
7707
33991
65850
61376
31759
25630
16805
40461
25713
38621
42573
44460
72102
34270
2002
15654
78875
18980
35640
28982
56787
68427
3050
53614
62650
26312
38621
35497
63562
18325
8040
54827
52221
14865
24483
64425
44268
49563
46363
34133
53600
58454
4882
23817
43816
27676
14358
1165
9499
69535
54365
64340
75514
50276
58028
43278
29503
869
47750
2956
8441
7936
74145
25556
75229
1578
34506
54208
50294
45520
46217
57379
10177
57779
26027
52774
40359
69448
25190
79312
11544
43520
72530
40561
7950
32269
49351
38479
66004
5641
71089
2487
254
13908
7775
38565
73375
31119
54048
34821
62648
72243
14615
27950
60444
61039
21551
46899
32212
56228
42554
21830
78779
4686
6566
72147
55870
34004
23665
50505
43401
13227
17425
18414
49755
70741
43199
76987
30481
2914
37453
34286
72711
11164
17038
48211
25028
7902
35344
66092
63230
31153
66423
50503
4342
79625
51912
73696
66947
41354
73968
28647
17678
8495
14147
44638
40434
54018
1893
64747
66520
8064
59454
18198
66237
50549
47312
72152
27594
78135
68243
73926
11664
42491
13263
74972
29690
6824
34509
12361
19849
51558
32176
9752
3989
54668
47324
40555
21164
33983
27079
40206
9660
1623
71063
67011
73960
59470
30186
11645
69367
68713
69767
71215
58590
8873
72597
12083
44909
33469
65535
73313
40117
35127
18572
70566
45463
33224
13658
9670
27411
39891
25563
42469
8517
21225
40770
29681
73515
68536
63035
40418
2752
45204
50736
12409
70644
78967
52682
35280
52156
28729
58836
67795
23592
58134
31462
77364
25356
5079
31637
23443
42732
73556
66676
75875
23037
13545
70754
59362
17063
31706
44284
19330
58713
37383
58301
26586
31694
13204
59677
50479
36027
59010
25111
28236
27132
14637
43133
64675
61314
29981
66760
55551
12473
15140
39921
58372
76780
11611
73331
4078
36229
34925
15876
3884
11133
17813
74079
3434
58301
54902
69925
47548
8579
17035
50914
17602
68648
48579
40337
63827
47300
19356
25949
15414
57008
49559
79250
69410
69230
26402
14408
34761
16011
45244
17777
33983
47109
55738
40461
36350
28874
36804
11517
28495
39564
4706
15434
72025
1859
79722
74641
47985
46596
550
41181
58600
34284
11001
78744
60571
60442
36122
54858
69376
68396
60203
42349
25303
17935
50983
3383
78054
65937
29708
66569
75561
15614
13434
15986
76514
23310
51055
5151
63012
14906
17988
47717
15589
53036
24346
13788
13154
27326
9081
44953
66616
44700
51349
44165
36239
76373
59513
8131
5511
46705
49367
52663
67210
3485
11782
70663
44695
4484
32282
47597
13825
55345
67892
66494
38231
39333
45919
4133
20413
64055
37273
49082
39576
38502
18572
12470
26113
48343
79810
51573
13003
27429
40224
4309
21817
14466
37318
11779
56218
16648
45995
39749
1660
65611
33918
53680
62118
64473
54506
41103
50694
29024
39169
31558
27767
73292
19867
48610
62256
52413
19167
75605
72654
77683
4760
71088
6247
57023
74182
64723
63728
60607
3753
69459
30916
51233
41228
11171
53525
73564
71635
11771
13344
37151
57029
11623
20511
40427
59768
76071
63870
20684
50378
52009
31850
16846
54801
31302
40238
29298
70636
24481
50287
35768
27438
61812
25196
36854
78741
65970
19073
53187
15699
71077
1105
65433
66705
5647
59059
65392
70911
49293
68519
20123
40074
12074
36945
29819
56460
29068
37745
30345
68173
48871
17032
40334
41621
17365
14248
657
23703
25777
16654
61686
9002
31508
37433
4698
77994
45628
46232
16102
8439
57954
40102
64355
78099
63042
33438
32979
36319
35766
41566
34767
77272
41649
29981
46297
75501
14441
13448
50031
73208
7985
63408
31811
23063
50241
34457
43539
28150
24587
23649
11856
21305
44285
53486
25321
14386
27897
62086
32759
5226
44056
49637
42214
9203
30177
70759
12507
34955
1323
52790
9828
7821
56211
70577
35235
46454
6415
48919
13140
21094
41084
29305
2082
39308
26323
51235
34319
78984
36412
50195
16201
67595
36203
57205
79825
7248
36719
65115
50774
9722
56980
12434
7795
38251
78563
53276
51648
45148
63452
73018
56509
4335
16162
70394
75547
25927
70253
30453
31478
28052
61460
47543
28615
42134
51571
37738
39201
51667
33411
74471
23130
37107
26597
68701
9714
30020
27151
34179
7192
32266
5681
50507
39348
66889
46530
48616
56433
58607
59204
61393
21620
68363
75623
72918
70178
11901
67504
74892
21920
23436
42946
3763
51546
59619
59975
79834
42224
47758
73015
18959
61587
51842
2603
44195
41629
23751
1988
46761
64205
22138
72756
78251
10812
75665
5501
9990
69683
74875
10814
65612
13972
58457
14964
38193
29453
45939
10102
62239
64569
66405
64564
37621
31160
22898
69180
74662
78273
38653
11880
24680
16609
1217
64682
76204
18089
58541
50706
42953
31323
104
64566
45512
75010
46179
51118
55232
9454
61618
31140
39444
41918
65931
71891
30654
21163
25243
33191
13993
50245
35631
66642
47666
78183
33457
25692
2539
36952
9881
77837
60500
79995
78481
68906
7852
41185
63785
37537
62826
48422
47117
25303
18089
49280
65599
25247
54071
76978
24403
72672
65463
61554
79497
46665
43003
51518
2616
34170
39758
14952
46356
36079
32925
23230
9684
71740
3365
10788
49441
14859
23090
30648
31881
52425
53359
21640
50884
45357
13296
59174
24903
61114
73090
10181
2774
42112
26230
15321
48400
59495
11812
19288
74380
7465
21747
57668
66955
49443
54500
62880
77096
58213
22720
37719
71390
1981
11812
7220
1095
71235
1189
78379
59279
12966
74065
52841
54911
28088
63517
98
31286
9181
39755
11608
6802
16390
31061
71229
12149
22533
24055
33527
64512
26893
44373
68878
61766
2412
70224
27577
17782
51630
60129
42433
52317
32019
75852
65144
63022
14408
41788
19065
43960
50603
20986
63847
66613
9003
27899
66774
1515
39530
75830
31989
42591
14577
19759
65815
50344
48989
6667
38193
57350
68737
16837
21150
61525
67607
34234
12272
33358
30941
54512
77510
28895
34514
70169
74405
12345
27566
60989
65072
46849
74119
6376
57714
66686
11414
11226
49741
18799
59089
14766
26524
19921
43388
46911
73667
59442
76392
53343
59955
23527
15635
8384
44996
77449
16628
60044
46097
20298
30603
37129
18882
68023
21282
13648
40739
74169
4315
53648
26000
27416
18713
69341
74370
78059
58007
49745
74293
28181
29005
20681
79841
999
50957
41866
65414
29978
12837
49160
13569
21705
44812
27822
6152
18769
1469
6099
37420
69082
2194
56537
19727
36469
7244
75431
76760
26415
18982
65468
54984
34527
71248
35215
44772
62625
22971
339
7448
70270
18863
43255
27311
55589
14377
5842
41575
21651
40488
77832
35900
24630
7657
24335
73805
62342
22314
15665
7372
48281
55611
60616
46554
74961
70439
76556
18939
12112
40834
37269
60880
24523
26822
38289
55944
33146
74601
60940
59442
46094
36874
71838
11730
2407
34801
49830
51879
11889
39198
34378
11184
34654
38756
55886
45408
19434
51865
35123
75859
45277
2071
26567
27943
52543
33622
49238
50096
70676
36002
13848
37945
49902
64197
29784
35054
71903
59152
45019
62434
8
33205
71759
657
8981
46791
53607
37738
60194
17094
15485
36586
76804
49107
16808
39938
39340
63485
1205
67371
75670
57393
16087
18767
17470
76677
63104
69830
39051
30114
72996
55734
62311
58459
23808
26234
63026
62963
71948
74242
23711
17498
57270
48148
47901
42741
43941
62912
66156
64008
78554
37303
72936
58881
69741
69495
33815
21665
65900
66417
45520
8112
6096
38066
12473
18866
64114
13147
5925
79686
68940
62031
75707
68033
72383
50528
13019
7340
6073
9558
57259
31827
6007
52392
52321
29121
48510
60986
12257
31353
25456
76223
70461
60486
8461
19121
69652
5447
26750
72507
73870
20158
65363
69018
76769
23695
14169
68005
32202
76616
6955
64821
66573
38021
57590
56052
2500
21590
19235
78488
72153
73875
75761
13618
22157
36936
21562
30645
64453
32803
40631
22566
12698
13252
66081
74733
63234
39524
14414
32924
20904
12288
60790
75749
46525
55014
62756
20065
31542
53444
44108
25095
25851
44373
3537
46650
26280
51490
52899
19137
66711
72711
59156
46078
52911
58408
30163
41782
26896
65002
54039
46191
55265
43160
8342
67619
29350
20824
8055
17057
14661
69419
45053
72322
18850
70175
10296
39353
6835
77387
75811
78327
17947
70455
7671
15270
34471
42545
9235
28663
6939
51316
40848
10154
31192
59156
66686
67825
10424
50964
9828
33189
66254
24060
63870
48263
32493
68033
3878
62754
6730
29978
78885
30960
67219
62287
60630
48014
14
34908
31000
49943
54931
47977
28251
76828
46130
73820
71946
15490
69203
64522
32289
42380
51951
58493
26431
19625
16994
28125
25158
75799
71034
49590
37076
69925
46040
4421
58588
78647
77775
21186
50927
73323
74568
66951
59785
31336
43435
14152
46012
57612
52140
55040
58251
60541
28047
1243
36315
10202
22669
35256
78607
31558
78413
14760
34021
13196
63885
32194
26500
34818
28293
77144
63890
54692
71776
37758
1957
68427
19173
19485
58571
31317
41016
50074
18126
70011
60432
57550
38789
35493
12117
19790
5376
78654
11267
13766
61162
61177
44239
79922
52049
4088
61693
14419
7005
39937
78697
77778
19853
78730
75552
24112
7434
12025
56512
76041
32847
59534
39824
20339
47872
13829
49613
52964
22243
78569
28221
33293
17280
54111
61141
18882
32961
64179
75799
3422
73627
46834
14624
63423
67959
46568
5960
77473
9680
40657
76804
46560
53202
50988
38187
79424
79117
18980
41111
71993
65000
48420
60701
37179
41380
75735
20298
12566
57190
3760
21289
51584
38459
23923
41230
27665
35451
45950
5695
49405
13459
79032
57938
23638
12978
55121
9861
38655
35627
70232
16442
24512
50716
3849
13227
28122
11131
9199
68144
59421
37425
79195
33629
53331
18500
26312
69847
2155
45062
49107
61717
73079
72874
74239
48386
27334
52321
45215
59824
70416
40113
57319
58290
37374
77239
6280
10843
41161
1710
14324
19057
51827
75225
78984
3329
32360
12048
76422
21800
43729
65910
73686
2893
29812
39367
10791
23894
43435
26473
43727
39827
54908
24272
42492
16311
69640
35859
71729
30183
60041
41277
30910
60083
66673
170
509
44213
71669
15259
68513
10646
27529
47375
60888
76115
60489
57080
73523
64247
58470
15173
9288
21841
37349
62111
69141
70976
7769
23252
24221
76311
48461
29016
60294
53119
39703
21670
77051
79801
14556
41800
78430
58423
72477
30007
2912
50253
7718
41374
64650
20835
4330
31542
66949
36365
5530
24406
65910
11366
37891
3424
60403
50777
25388
17435
57452
1077
50411
24632
51346
55054
57647
65798
62521
48082
42089
54272
46361
19923
12770
31563
15001
42495
2983
40750
44758
9650
78962
64122
30656
19906
66354
36923
39033
72089
78998
49741
27469
35509
3735
11299
41128
60775
68189
77338
64459
52093
48024
14238
61423
74707
35772
76882
41584
30217
75713
33299
19169
67531
76322
7299
65519
3109
39336
52035
66978
25509
10618
74410
11024
24515
27419
14455
41093
74542
52653
61353
43739
44790
41137
16598
6572
71352
27277
17465
79882
1817
72437
69451
38760
7416
68355
2471
71638
19909
79647
57615
73316
34494
14874
34273
57787
9994
51928
44291
52731
31694
26939
67474
16806
59611
6108
13298
49172
54020
16954
5551
11283
10223
30850
63670
74798
35120
59119
53447
24474
62181
77318
26586
41988
40945
32661
77154
61176
60851
13785
61190
28688
72034
49952
4557
22487
59263
68137
15404
9968
25614
57869
33078
33312
35763
53169
16525
29823
51309
57724
3502
3899
11664
11124
79467
32969
35545
21777
53007
77212
45953
46618
1525
56438
37034
48311
18631
48805
16115
67548
44430
47812
6637
882
2919
68196
69239
71473
25294
77059
44719
54641
48864
4584
16727
68828
48771
63652
68272
39507
34212
6116
19121
37142
76772
69380
77968
6350
67032
56904
78936
47099
58449
78561
74093
59360
32598
20057
19220
52752
24666
12304
56468
68619
12346
56418
52419
66254
22761
47301
41972
44247
23438
78534
38639
75370
10063
31296
5867
63024
20853
12773
30612
29123
36136
55768
46588
657
72790
44737
74712
9389
33434
13064
41204
29527
26042
20071
45691
42353
77147
27231
64973
50619
20637
29649
76963
22888
40898
62223
37957
9227
49572
62787
32003
25893
20457
59978
11659
51273
16933
74489
49607
41565
32984
13834
32237
28735
31315
57205
35687
4363
22354
30087
46457
73417
14527
31265
529
15146
33714
13121
25187
25335
69842
57264
54623
44288
30297
24736
10503
46756
24823
62899
67896
77140
67896
12394
50481
7305
78653
38657
9800
76937
44838
70055
74448
38611
8931
35156
14305
16685
44937
15272
14895
37615
11122
31213
67079
37071
74515
52632
33240
72031
27547
70303
48971
37061
70562
3385
47851
50276
19318
68235
43202
34527
8838
65767
51391
3374
48938
42542
41761
42825
48219
47923
13655
16659
16266
32709
2659
4209
68156
19725
12162
41037
269
38487
56850
31010
19201
40881
39711
64634
25134
19161
28974
68689
12274
58259
66531
60279
42956
69607
42980
46551
10713
40195
19602
5593
75880
37984
3346
12783
59584
48514
8257
30861
67861
71487
26658
44242
53208
68492
17622
42176
21033
45727
316
47640
16036
73703
79563
22371
11190
77673
26590
4428
43892
52361
19638
529
3337
5896
64955
54953
46507
40042
29138
67029
66908
11058
7677
43680
45982
59003
67216
48416
73
59953
29571
61439
51866
20951
15392
67231
79416
35483
39296
75062
42240
30354
34838
13964
52819
44890
34292
23897
7274
78773
42598
60396
52615
24551
16313
22484
31443
13143
31868
48775
42298
17068
39859
26053
55671
62960
893
24131
19694
69897
4798
48554
47329
25085
64791
57467
73744
32446
8682
70208
26769
62153
59474
11571
11934
17826
17263
28999
7327
4564
60992
47353
49470
69736
30849
71412
78075
69753
16324
8528
21538
5271
32045
29879
24975
74880
72275
48800
52641
55173
29068
6971
23467
24356
19834
19135
79529
25180
63867
21373
40920
17655
53944
25649
50914
30160
55262
53238
6286
70915
10362
60498
66807
41566
58347
145
43833
6952
50316
22387
5254
12522
71829
35701
44772
43177
32493
38930
70469
54672
337
45500
23320
13325
17804
55858
53744
19494
63437
77787
6066
67294
65728
72840
25526
49007
50703
2138
73455
35899
79061
13738
5418
26683
18023
16715
1091
1662
13987
72592
54971
54447
23003
67399
22043
70321
34234
19744
66790
67123
3418
58181
36133
10482
43173
8562
3735
7917
67819
4264
60449
35210
24577
52415
5770
47860
46891
23465
29837
79653
12440
69850
1431
29676
63086
45280
23125
71376
34282
35778
22318
16360
58985
28446
26845
70008
7145
48678
2454
72664
38074
44656
58543
14890
18058
28312
30373
56980
2684
16112
64266
61879
63588
35468
73347
31244
24772
64305
52009
26065
40241
76841
38097
33607
76598
41295
2564
17688
65563
22239
63273
26549
45156
20321
53407
69545
79229
11904
15401
34467
4350
40351
44894
60616
12912
44686
22188
69230
5348
48087
58738
78749
77315
13811
53758
31208
59331
22977
34503
53229
70630
50862
761
17980
63316
25782
55114
70011
16930
28263
1420
11689
57571
24243
26695
53450
20191
4891
26201
40987
44121
28463
79300
15437
2435
74945
56539
66354
48304
10282
4575
78307
57385
13883
69215
60544
28044
37358
70082
38862
332
78584
73100
53822
30477
42605
6770
51450
38349
62392
28026
60014
62136
38037
1016
9485
56887
76824
75553
37001
37429
12732
22924
66867
76247
24352
40362
19733
14235
54993
78111
71680
19381
65482
15006
30160
79028
26246
16924
28066
65310
59626
11567
65567
10654
25618
40831
47413
25136
61627
62719
63780
67634
46164
3723
43816
29337
29605
13232
78253
591
34212
11975
65773
48502
10202
43174
10282
60115
54484
55831
20196
60396
35822
63565
41262
34503
25931
51622
6955
28408
60750
35766
18117
15365
37312
4806
27277
63932
13981
54572
63989
38987
32958
43164
50486
7005
2120
31153
41111
27460
29727
27232
77708
18102
37312
43052
25895
8376
16998
37735
71761
59808
35061
57996
54607
11155
66772
20050
70545
66101
34973
64331
43199
3813
24562
54882
74650
43136
73338
61342
36586
74858
69071
28226
18960
53484
28329
48711
62410
34442
7234
451
79658
2805
71975
43854
29755
27825
38171
11796
1357
63738
61309
21364
55456
26128
30111
36363
26621
59183
34004
53053
15873
43055
7177
1194
41020
11153
76741
8616
61405
17838
54875
30609
4657
17832
52368
6676
65056
6002
17097
61156
10967
78558
65937
21176
76824
28874
24950
357
65178
78945
58900
69607
7044
14003
26334
53653
27870
69295
78286
24410
61915
76616
8787
8831
16628
68404
63013
29481
64220
53581
34146
13663
43772
15215
43530
3951
7077
53268
10366
54743
20529
70406
67495
26033
30450
15768
3252
15112
14547
22045
47797
57805
49894
3177
1881
33686
70984
68949
78288
67253
78191
19153
6297
22409
56164
13400
16077
50599
57369
15376
12679
36699
68382
64648
19691
70008
52692
37638
42942
53085
61576
13523
35005
67568
5572
8992
5818
69211
65841
57844
61510
71924
48251
36239
32712
74169
33595
35509
73320
19183
16813
20155
7080
75329
72918
21660
62503
27647
53791
44174
46490
21809
22960
34089
29960
12179
72735
47800
40036
65910
7975
50130
25799
44802
61748
52998
20543
62829
24166
32538
40041
73406
46348
34790
62540
38778
72673
76937
46669
58503
10350
35375
14009
2430
30186
28939
44146
47874
3842
6546
33551
67653
79547
4070
3474
49206
7229
55232
37968
24855
28098
6051
12898
29590
53630
39387
51785
1063
53960
28940
26275
50161
15787
57169
9282
48719
20467
78484
37499
45708
48057
71089
3917
75622
32313
19575
62993
68062
59210
439
16329
61632
42282
75099
45786
18832
51005
29403
36193
51514
3777
21127
37894
12982
17849
19309
72597
73300
27533
42953
3942
53510
24515
29503
50471
6002
36809
32488
15997
67339
56600
58169
47103
35127
10376
16088
1450
23238
27167
79443
28848
34700
76059
2729
51391
59646
47065
14757
23351
22533
78507
10298
2415
2701
22373
25910
77232
77252
19043
76796
2366
31358
12176
63005
22504
36510
27726
6962
30044
63847
3730
27832
62176
55051
68068
18182
31195
66402
26077
29218
16181
7573
26758
21870
49771
493
18198
25238
79513
23969
62284
41968
35350
55153
38413
12063
52819
66801
68732
32095
21506
43727
13407
70967
45298
7981
32936
67911
79059
19918
40804
63830
47846
67022
11548
18748
43028
16162
62211
31075
66903
25124
57562
6738
36567
58906
55577
21610
27300
79673
8347
7641
20637
36915
33973
74643
45607
19899
32547
15574
44099
24725
35418
15651
10146
70907
27867
18783
46706
1564
35334
61223
6368
35780
52926
2835
31608
78158
26450
34605
23831
19351
60067
67913
17016
41109
74884
70976
2712
28153
70458
55589
26893
60051
59032
21981
65538
79862
59297
21158
4630
18984
2046
30068
69558
58785
55656
67261
49007
15532
66749
55104
47597
57452
62368
17953
66531
76852
24321
35143
