1324
184
200
661
12
1324
1324
461
1324
1324
1324
1324
256
932
1196
1324
201
1324
1071
30
1324
1324
1324
1324
1324
1324
1324
316
1324
1324
1324
1324
1224
100
723
1324
1324
1324
614
1324
169
1324
1324
1169
1324
1324
1324
1324
1324
844
530
893
1324
406
1324
288
995
1324
1279
1324
717
1204
1324
1324
1324
701
1324
22
1324
552
223
636
1155
1248
91
1324
584
698
4
932
614
329
390
1324
1147
1324
671
242
1011
815
855
1251
1324
1324
1324
1324
1324
515
1324
1324
943
1324
107
1324
1324
1194
1324
1324
548
1324
1324
521
1141
588
443
292
493
1324
351
543
1324
1324
1324
412
1046
1324
1324
538
1324
1324
294
1324
1324
680
1324
1324
1324
1324
1324
1324
1324
706
1324
1324
52
1324
1324
1324
1324
1324
1324
1324
734
1324
1324
265
1324
44
1324
1324
1324
1324
1324
983
1324
1324
1324
1324
1324
1324
495
1117
1324
1324
554
710
1324
965
428
311
630
1324
1324
1324
1324
1324
1324
1251
1324
815
1324
980
1324
1324
1324
1324
773
483
305
1324
468
1009
1003
1324
1089
1324
530
1324
1225
1324
1324
1324
213
1324
1324
323
1324
1324
1324
1081
1110
1324
1324
1324
1324
1324
1324
1324
308
1324
1096
1324
1196
884
1324
1324
751
1324
1324
1138
1324
1225
1324
1254
1324
833
1324
1048
457
506
11
372
971
434
1324
1324
1324
1324
627
934
1071
1324
1324
1324
1324
1324
1324
1324
985
1324
416
1324
1324
683
1324
1324
1324
1324
1324
1324
636
1324
1324
1324
1319
781
1324
1094
506
1324
1324
1324
100
1324
514
1324
159
674
1324
1324
1324
867
388
1324
24
1257
1117
1324
1102
1044
1324
159
1324
830
1324
1324
965
1324
1324
326
1239
472
634
1324
1324
1324
141
22
1324
1324
279
1049
514
1324
85
1324
1324
1324
668
1324
1219
356
685
1324
1324
1324
1324
639
1324
1324
1324
665
1324
1196
1133
1324
1324
1324
510
1324
281
1324
960
1324
385
701
1324
1324
1324
1324
1324
1324
1324
535
1324
1324
374
114
1324
1324
1324
1324
1324
1324
1324
1057
1324
1324
1324
1324
1157
1324
425
1324
1224
1324
1324
1324
180
1324
1324
1324
1324
1324
1324
1324
638
1220
349
1155
177
1324
98
1077
1324
1324
1324
1324
1324
419
307
1324
443
1134
941
1324
522
864
1324
1324
342
1324
1324
610
1324
874
9
1324
1110
393
1324
848
1324
1324
1324
468
492
1324
943
1324
485
400
1324
44
1324
1324
1324
1324
1324
1324
1035
1324
1324
1239
815
527
223
1324
806
1324
1324
1324
916
1324
1324
1324
1324
1292
1324
