524
524
524
524
87
524
524
524
524
524
524
524
524
105
169
524
524
524
524
126
524
524
524
206
524
524
524
524
524
524
524
524
524
524
524
524
524
524
524
524
524
122
524
524
524
198
524
524
524
524
524
524
524
524
524
524
524
524
524
524
524
524
524
524
524
524
524
524
524
524
106
524
524
524
524
524
524
524
524
524
524
524
292
524
524
524
349
524
524
524
524
524
524
524
524
524
524
524
524
524
524
524
524
524
524
524
503
80
344
524
524
458
524
524
32
524
203
147
524
524
524
524
373
524
524
391
524
524
524
524
524
524
524
524
524
524
524
524
524
524
524
524
524
524
524
508
524
524
524
524
524
524
524
524
312
524
524
524
524
524
524
524
524
524
524
236
524
524
524
524
476
524
524
524
126
524
524
84
524
285
524
524
524
524
524
524
524
524
524
524
524
524
524
524
524
524
524
524
524
524
524
524
225
524
524
524
524
160
524
524
524
165
524
524
524
524
15
524
430
524
524
524
524
524
524
524
524
524
524
524
524
524
524
524
524
524
524
524
524
524
524
524
524
207
524
524
524
373
524
524
524
524
524
524
347
524
397
524
80
524
524
505
524
524
524
524
510
524
524
141
524
524
524
524
524
524
524
323
524
524
431
524
132
524
149
524
524
252
524
524
524
524
524
524
169
317
412
203
336
524
524
524
149
524
524
524
524
524
524
259
524
524
524
524
524
524
24
524
524
421
524
524
246
524
524
524
264
426
524
469
524
524
524
524
524
524
305
524
524
524
524
172
129
361
524
524
524
6
524
524
524
120
524
524
524
524
524
524
524
524
524
524
122
338
524
524
524
524
180
524
524
326
524
524
524
524
524
524
524
206
524
225
524
524
524
518
180
524
524
524
347
190
524
524
524
524
524
524
524
524
38
524
524
99
524
524
35
524
524
524
524
524
524
524
524
524
524
273
524
524
524
524
524
524
524
524
524
407
524
524
524
524
524
524
524
524
524
524
524
524
524
497
524
524
524
524
524
524
524
524
524
524
524
524
524
524
524
524
524
524
524
524
524
524
524
524
524
524
91
524
363
524
115
524
524
524
524
256
524
524
524
524
524
524
524
524
353
524
524
524
524
130
246
524
524
285
524
524
524
351
335
524
524
471
524
524
524
154
163
524
524
524
147
524
524
524
30
524
524
524
524
524
524
524
426
524
524
452
524
524
524
524
524
524
524
524
524
524
524
446
524
524
9
524
524
524
524
524
524
524
524
524
524
524
524
524
524
524
524
524
524
524
524
267
524
524
524
524
524
524
524
524
524
524
83
524
524
524
524
524
524
524
279
524
524
87
412
524
524
3
518
524
113
524
524
524
524
332
524
524
524
524
524
524
524
524
524
524
524
524
109
524
246
524
524
524
524
524
524
524
184
524
92
524
524
524
524
524
524
337
524
524
524
524
524
524
524
524
524
524
113
524
524
524
524
524
524
524
367
524
524
524
524
524
524
321
524
524
524
221
524
524
524
309
524
524
524
524
524
524
524
524
524
225
524
524
524
524
524
524
227
524
524
524
524
464
524
524
71
144
524
180
524
524
524
524
524
524
524
524
524
524
524
524
524
524
524
138
524
381
524
524
524
524
180
524
524
524
524
524
524
524
267
524
524
524
356
524
227
452
524
524
524
524
524
524
256
83
524
524
524
524
524
376
141
524
524
524
524
524
524
524
343
372
524
524
524
524
524
524
524
524
524
524
524
524
19
524
446
313
524
524
524
524
524
524
524
524
524
144
524
203
524
524
524
524
524
524
524
524
524
524
524
524
524
524
524
524
524
524
524
524
319
524
435
299
524
524
524
524
524
524
524
524
261
106
524
524
524
524
524
524
524
524
524
524
524
524
524
524
64
425
524
524
524
524
524
524
524
524
524
524
524
524
524
412
524
524
524
524
524
524
524
524
524
524
524
524
524
524
524
524
211
317
524
524
524
524
524
63
524
524
