3373
7756
6246
5924
6398
5819
2000
3867
482
4473
6100
4765
5114
5833
338
1586
4426
2631
7782
1981
1463
304
2464
7430
1883
2529
3052
7527
4146
7541
3506
381
3360
7674
7706
2520
6181
5006
1489
4784
2231
1562
2398
7000
3287
5906
2711
5646
3719
6523
7992
6177
1760
7090
6842
2418
3447
439
3724
6826
2097
2643
3484
101
3744
1291
6532
4254
459
801
511
5125
1143
3822
7713
791
5515
4133
4394
1027
3523
256
4905
6079
7734
849
3089
4431
2332
1656
3020
7696
587
1576
2903
398
6312
6433
3854
1098
1666
6477
5823
4839
6643
5444
1976
2725
2192
7098
6946
6890
7318
6488
675
4515
152
4679
2401
3512
4520
3598
2687
7026
6804
5591
5078
2018
3148
3672
1700
3577
7866
553
328
7384
3612
3919
3891
68
2319
6269
5260
2858
3579
7716
234
488
7076
1731
6147
3371
6602
145
1123
2631
4855
6730
8000
820
3261
5235
5161
2309
3691
386
2241
2143
6941
2254
663
4243
791
5576
234
2544
4556
2284
4800
974
3388
5806
5822
2597
6327
1339
4197
1680
1618
6401
3183
6526
6327
7076
1470
6755
872
855
1758
4423
1853
7655
5854
341
6621
5346
4800
7661
6713
4160
214
99
1636
380
3107
2398
6063
1257
6961
3514
1869
3213
6123
4965
4588
3989
5247
4192
3098
5444
7718
7558
5621
2194
3567
509
2751
5141
6630
299
581
2091
1642
76
4066
4771
6256
1872
3557
2789
2161
6804
6803
7445
7743
6771
2691
2939
4592
11
4280
6577
1541
1731
6523
3755
3509
916
7740
5922
3048
3614
4102
459
5641
5371
6538
3579
6410
3495
3104
6583
5330
6837
530
1973
1449
5519
5944
5172
3142
7762
3214
7427
735
87
7084
2862
3258
1317
1651
5535
2721
4934
5173
5333
1186
5863
6920
7609
1351
4784
5711
2895
7674
6436
1631
2937
4362
4315
2923
2184
4141
7726
5976
2652
119
4944
1992
2328
558
544
2708
1162
4861
5162
778
7141
5854
5702
1874
7351
4965
1330
83
395
2211
5917
2446
3517
2153
3335
7424
2938
1147
5566
6727
3911
1532
5705
5896
7830
2770
4495
5333
2174
5746
3258
3650
5271
1518
3153
1175
6021
4749
4351
459
2477
5207
3582
5584
6294
3683
6604
6036
7125
2207
2403
7594
7310
4350
7357
2043
2309
1352
5083
6479
7328
3564
5294
3644
4323
5883
7769
5674
2309
501
2526
5111
3226
5674
4052
3657
7941
2328
977
6589
165
5388
3389
5038
6243
5978
4096
1267
6444
4926
2883
5670
3336
4697
3627
1860
1575
262
6212
4666
4643
2449
3978
5611
4397
721
79
1432
5207
7863
3022
1992
2582
7366
7997
1760
4016
1774
7243
5866
1008
3653
7829
6523
7557
5351
3622
5426
2892
804
6666
958
2449
1978
1691
3596
2741
6417
247
5992
2796
4151
6231
3183
5261
2681
6633
6936
6809
669
5491
1467
1507
3514
1417
4049
4013
4945
516
556
6590
4107
3305
6866
6083
4848
6526
2637
6861
7396
3774
909
3994
5770
6327
3139
1526
4659
6214
6026
891
2590
2637
7578
2910
2113
552
4988
2071
5893
3171
5205
4099
6060
7997
4740
6656
6580
6405
4756
1445
3457
1821
2952
5274
5480
4087
7073
3095
7871
7866
3363
6681
308
5337
652
7207
1499
7787
2794
4306
4443
2977
7588
6306
3923
2776
5828
1887
841
5291
2021
455
7051
3603
6639
7060
3981
6794
6982
7710
1125
1369
3074
7970
7417
5424
5156
1902
2971
5814
2656
2936
5240
7931
1198
1287
4940
4211
5403
2695
6230
11
7541
1915
6129
6693
2224
217
3792
5708
6637
7645
6319
6366
4456
3081
3986
1933
3343
7915
7761
2325
2540
2082
62
32
5850
5323
284
2618
6606
1030
4765
4400
6446
7013
987
7062
4735
6943
3954
3301
4688
1586
1476
3028
1983
3445
4950
3311
3144
3380
6385
6206
4683
4838
697
1853
2396
5067
308
3517
979
4765
3919
2364
6251
2695
2548
7235
392
2893
4059
46
3453
6246
3489
6425
6587
1136
496
7836
5154
7774
3050
6118
7084
3834
1941
7500
1480
1205
7245
6547
2129
4397
2931
4074
3561
6153
1796
5915
2425
3480
1074
4384
176
6580
3747
2464
6580
3807
3200
2896
4826
468
267
6060
5150
6639
4296
1653
1238
5861
3686
4221
686
3642
3724
1460
3740
4777
7122
2224
6183
7408
4463
749
3530
1346
7224
4201
7401
1973
909
3042
4747
2475
2944
5705
4387
7957
2889
6109
7635
1285
1485
6310
1125
1143
6184
4894
1395
2840
4851
107
6753
7098
2708
4338
1553
5465
7626
5564
632
3789
4592
6952
5207
6580
2918
6831
689
6055
2387
1401
4703
90
6713
2449
7798
5893
6952
3151
7534
3114
5545
6079
1289
7552
5403
1306
6340
7366
5825
289
1299
2295
4543
6710
2398
6783
1175
7028
5635
1170
7026
4037
2147
3960
3346
7709
7328
5616
2012
2487
6641
319
2727
2104
7417
6248
3914
2983
592
1590
7821
2146
3095
3200
5899
3462
330
6100
7810
7073
4914
3148
7752
6727
5877
819
2631
3594
5450
5529
3323
3911
2271
3478
3344
812
6741
2327
5238
6883
5358
1594
689
3453
1510
3708
6060
3373
2806
3390
768
5277
1324
269
6414
7253
6352
972
7581
590
2438
3627
3380
3588
4753
5497
5188
5482
3757
5799
6763
4096
3178
6187
5497
4730
5083
4104
2623
4556
1057
1613
3107
1091
7386
7341
6177
6275
6310
6855
665
5009
4871
5602
1238
3657
7076
3781
4486
5179
4618
4386
3024
7538
3768
6769
3575
1883
4747
2431
3899
2874
5156
2113
5156
2008
3927
6946
2177
632
6855
1941
2838
211
4195
4943
4622
5207
772
176
3429
4650
1827
543
3792
3104
5459
2355
6779
7779
5339
4170
5114
1557
558
6074
6324
5705
6918
4602
7931
4433
4148
6529
3768
872
7289
7959
5238
6390
1561
1404
30
3734
4955
4394
4174
4272
2542
7362
5650
414
2535
2227
1631
2913
3312
1470
7035
5888
1167
429
5535
1118
381
2434
4087
1108
370
7009
7897
6908
2656
2161
791
5366
6749
6372
7815
1544
6500
1989
1520
1535
6677
2071
1720
6212
1955
7704
2623
5717
7866
2565
4888
660
2033
7779
5548
7592
2287
999
4952
2568
5014
5720
1662
7333
6086
4646
6204
6869
923
4421
2650
7521
6596
6491
4829
6018
2659
6269
1301
4725
5937
7609
4495
2227
1524
6722
3865
5046
519
973
5542
2601
5661
4600
250
1341
3258
2700
3732
3744
2035
2668
761
5628
6297
1857
4688
1346
68
857
2647
3111
7064
4250
3457
95
3406
1123
6206
3271
2801
6226
7440
2202
3076
1763
6851
3634
6580
1583
5232
356
4412
3798
5294
140
2185
1726
1071
5343
308
2946
3520
5395
5401
2843
5963
212
5143
7962
488
6118
3144
5989
7983
2199
5624
3205
3178
3642
6169
2931
6190
3859
7307
2356
6760
6834
6452
6722
1846
7790
7853
5260
1622
6327
7505
212
570
3045
3326
4918
1544
3532
5573
5904
3221
1831
6495
8
3068
5556
2332
3173
5678
697
3672
4543
7235
4247
7190
3015
7253
4370
6278
2402
7596
1616
4563
3668
5825
6820
4691
5844
1998
7261
3371
7907
6283
1913
5361
6652
4224
2725
338
968
2290
5006
3860
2652
7217
2705
1878
1470
5395
3606
4685
5242
6369
6746
5705
6226
7026
5910
7886
3063
1819
1802
4185
2981
961
2058
5151
4241
6488
5291
4600
6908
78
413
5830
4655
381
3672
4354
1036
28
1008
7245
7913
7343
409
2955
3948
2604
6543
2466
7407
1813
2980
7261
3609
7568
5972
2071
5453
3794
4774
2910
558
6482
481
5954
7261
2999
1857
6668
6129
2986
5817
6639
4586
6698
2508
1813
6976
3517
1432
3585
5356
6431
7699
16
1138
1608
5978
1789
932
6395
689
715
5280
2348
4384
520
495
993
981
4054
3124
2062
2748
464
7829
1562
416
2634
7716
738
6961
3002
6259
7716
240
5723
3694
488
159
4959
6319
2365
208
4071
7842
598
6934
5976
4926
6016
6931
1747
3438
2131
495
1392
1483
4337
806
4677
2138
6929
2214
2339
1201
7726
26
5021
7144
1223
1438
6479
2857
4804
4855
5154
1604
1940
136
3395
4327
5111
3789
3862
1902
5577
51
2474
1037
672
5190
1604
4533
4529
7270
1057
2789
3865
4354
4091
5501
4417
4342
2434
2422
629
4784
4278
6294
2356
3282
6621
4619
1938
2619
2888
389
7341
3392
993
3255
4745
2716
7023
1023
7153
4765
2409
6816
7514
4488
1662
7287
240
816
3991
1189
3026
6368
6275
2820
7507
1311
1013
2741
2612
5802
2475
2591
4054
3825
7892
675
6753
936
5533
1696
4688
3282
2288
7904
381
849
6678
5200
502
5181
5702
3151
2146
7253
595
7886
6604
640
7886
3588
1636
3159
7952
78
4543
7189
5763
3648
5339
370
7094
2619
2946
7067
154
3802
2640
7034
7894
6056
2217
6564
5136
189
843
4876
3461
126
6994
6946
7233
6342
1560
1837
829
672
5392
3954
728
5522
2180
6231
4038
3598
5364
6511
189
4172
7959
5369
2122
7651
7
2785
790
1674
386
7118
7087
4102
5038
57
1376
1333
6908
459
6755
2903
1507
2040
5562
4032
3425
1476
2052
6577
507
7674
5756
1404
4063
6641
1513
1111
5261
4897
623
7952
6393
3068
7672
2592
250
2281
1087
1928
2656
4270
629
6804
718
4545
292
2708
689
7284
7496
486
3620
49
5154
416
3148
1821
1482
798
3111
2040
1426
1885
6409
247
2104
1261
4456
2078
1793
1077
5343
6240
1267
4080
4570
6926
2849
8
6911
4180
1704
4832
6352
4881
5836
2842
1308
7648
6777
4224
2994
4238
7019
5190
5271
1218
3671
6720
1806
5623
4685
5670
2604
2825
4327
2608
2689
2213
6621
272
5156
7566
2662
5147
7184
4596
3086
5218
7955
2631
4903
7700
7527
1977
2061
6637
1572
4099
5299
1295
2469
4663
4110
7304
7366
5683
2251
5935
721
6960
5380
2511
6890
2668
3181
5488
5969
653
6577
6079
3290
2650
3880
677
6666
1023
5221
4771
4129
1234
2131
1736
816
5720
1189
6453
6720
3221
5221
4087
772
4459
1412
5485
657
5226
2981
5136
5806
2718
623
3917
2658
657
6460
7407
1943
8
2681
3880
5468
3229
1535
1844
1890
4365
1840
1920
2454
7783
74
4270
128
6057
4283
657
5375
1291
7630
4570
3971
7947
3016
5069
4775
4201
1206
4478
5375
4909
5224
7401
3464
6606
5814
4650
640
2097
7310
2938
3683
475
7245
4160
2858
1631
919
6515
2615
4391
4449
1989
6306
4428
1111
896
2610
1883
1642
3634
5515
1685
7934
2718
6092
7193
5542
1627
6055
3276
4843
1592
4777
3579
3856
7195
4433
5922
2889
7866
7360
3457
3811
3743
7769
3167
7270
1033
5134
6240
7338
4440
1672
1504
3512
373
7353
301
7031
455
3901
553
5690
7918
1720
516
3610
5294
2865
7853
2332
5950
2952
2756
3631
1198
5562
7941
7284
5891
2439
2071
6508
4962
198
2190
6380
5885
1782
7305
4600
7443
7062
2640
4380
1373
51
4759
4615
2367
7718
7502
3006
1273
558
5488
3642
1338
5228
1129
2968
2952
2544
4214
5438
2858
7393
6355
11
7661
1412
7813
2396
5317
1541
348
87
3420
6106
2556
4856
7651
214
849
3268
7313
3714
203
7478
1799
5491
548
7849
3037
669
6722
4971
4452
981
3644
2702
2143
7645
6380
909
1883
1763
6613
6141
7588
607
3290
5655
4590
4737
4387
1346
3551
3092
7374
1175
2957
2926
6060
2587
7566
990
7918
1401
4982
943
1084
4952
595
414
5212
1301
5830
6547
1261
6441
4694
3160
7098
558
2443
5268
4330
5395
4423
3296
5043
6321
284
2369
6928
5247
3200
6524
2238
2482
6724
198
6577
5264
6094
7531
5048
3520
7182
7386
5386
2656
6290
2846
1752
4005
5640
7524
7138
3363
6457
7962
6488
652
4151
4094
4059
1834
6153
3596
6658
2048
1809
2992
4456
2650
5782
5050
3284
3132
6769
4127
23
3296
4463
280
5842
3340
4873
1449
7197
2147
5383
1467
6713
801
7294
5136
174
2494
4725
5989
749
6106
3622
6308
7070
5279
4573
2942
4104
6436
6739
3137
110
1003
7217
2499
7109
3153
4338
3858
4326
6892
2356
6446
7740
1931
6521
6526
5234
6253
3178
2748
3501
1442
4463
3443
2396
6862
7743
7661
4592
3870
5200
4474
4637
2409
7799
6018
311
7343
2031
2973
4199
2068
5983
5258
3974
3675
294
7454
4139
3777
4230
4845
4671
7839
2360
3725
4481
5664
1249
1366
2957
2903
1008
107
1662
3247
3390
6472
875
6550
5857
7338
7443
5149
1931
4201
1255
6671
7966
6057
4991
5765
4397
6529
3764
3950
6724
4940
4151
6440
7101
2855
2610
6686
5089
2281
2542
4090
3057
4719
7230
2778
3086
5348
4118
1357
2858
6201
541
2129
532
159
3644
5844
7228
7067
7006
6628
5509
4566
2224
3068
5375
7997
7732
2482
3315
7976
7057
2075
7273
5963
6327
7006
4471
6253
5683
2386
1840
1241
1404
87
7732
6888
1618
4668
745
3862
95
846
3320
2582
262
5339
2434
1051
1202
4745
5097
486
6852
1488
3724
1522
7935
1521
3767
804
7564
4897
1653
712
3098
1395
6994
7758
6173
6243
2487
2846
1961
4151
6939
692
7879
2490
1463
6904
7976
195
74
4016
114
3974
1704
4371
316
5100
4928
4650
1366
3416
1768
1488
6112
4600
5763
6635
700
335
3822
611
302
482
2134
1095
5249
7802
2214
3206
5035
3424
5188
5688
7987
6115
2500
759
5351
5974
3382
6004
2889
4737
2507
5790
7384
1206
7704
5078
6153
794
3129
1020
4570
4083
4891
3948
1574
6652
4059
5547
2091
3474
7205
3351
2348
2689
801
617
7681
4330
7304
2716
3943
5951
4191
2840
5610
2434
308
2493
551
6327
5752
6109
5364
634
5790
114
1983
5782
7253
575
1411
5162
5947
5710
3410
4435
7799
419
6593
203
3512
881
4085
4529
5635
5212
1774
4004
2290
2338
4732
1740
7092
2801
1352
987
6442
5577
1404
3382
4272
2134
4841
2505
2288
5249
1613
1003
6306
2886
2656
5956
7295
3118
7799
7660
1758
5538
1344
3625
5874
6330
974
3466
4172
7443
6785
2219
1092
5857
5154
451
3966
95
3757
5122
3118
7381
7807
7038
5127
2374
5530
3403
83
5650
4765
2202
3370
6991
7674
5428
2915
2983
6355
5796
6618
6541
26
40
7003
2000
4293
7073
535
3043
6162
7968
6045
3344
4022
6923
2852
3653
891
171
5646
5177
7877
5291
2580
3016
7706
4315
6822
2912
7792
4488
2507
5976
4440
6807
7401
1829
936
7060
6057
3612
1987
5587
7070
6405
3303
7541
3703
2177
912
5021
4402
5749
3752
453
4668
604
6034
2418
3037
4940
964
4243
1276
7023
4640
110
6446
4163
23
6830
3020
804
6923
6169
4794
794
447
298
5441
49
355
3714
2265
5702
6109
660
7092
3899
6698
4191
1846
3572
4817
4545
6175
6877
5956
328
3255
7729
3862
7713
7485
266
1846
115
7669
7777
3293
5326
4765
3917
6283
1965
1646
548
1550
1248
6029
1206
5650
5944
280
3802
7386
7952
1303
6652
3303
7653
2939
2668
3685
6505
2654
3005
5723
6621
5249
222
7273
7023
2393
6092
3857
1010
7318
7003
5057
2018
5249
7839
3214
6535
1789
4753
4845
7376
3520
5766
2998
2727
4463
5863
4241
3258
2796
2957
6021
4988
1938
2335
7614
5375
7902
6881
3294
143
5674
6275
2213
1320
1510
5548
7729
1232
1361
3376
3549
7466
3086
2668
706
5793
6078
5274
7289
7512
83
3120
6872
6369
7713
7674
6162
7003
4619
4423
2903
6643
4452
2796
1206
5886
581
4083
6067
4578
4643
5073
3503
2100
727
5583
1451
6845
1758
7217
6760
7481
3164
6943
6234
5944
1496
2857
2627
4543
4185
3251
7318
2654
7031
6246
3530
3191
6407
1084
7514
4340
6912
6021
165
5012
6115
259
781
715
4954
4659
1597
3831
7343
5416
1201
3305
4408
4080
3466
4541
4656
5090
1613
59
7779
1978
5670
1717
5312
7918
1736
1685
872
2659
3261
7114
6261
4359
6398
7538
5583
3422
6144
140
7875
7994
1712
457
3989
5070
1412
5616
2713
6312
936
692
3268
4118
2986
6187
7245
1057
7866
4356
2165
5741
1027
3158
4957
4491
2858
3561
7118
4387
6249
701
4096
3187
1878
4486
7738
5014
2469
7614
4529
6177
5413
1489
2852
4338
4508
4228
4568
4721
7619
7386
553
3201
6557
2662
2422
186
806
1246
4001
5515
4697
946
5833
5413
5453
2106
289
1616
2355
6516
3660
4338
581
3189
6996
7073
4335
6021
4626
7700
5969
4952
4127
4148
4191
6118
5969
7497
2665
6002
4077
6946
3363
6526
7517
284
1473
1941
7118
4121
4037
1101
2944
5258
2071
2071
7762
6903
6659
3450
1428
7783
4735
7341
3009
5111
2548
6713
4820
3045
1456
6448
7877
286
5009
5770
4409
361
3363
2035
2820
1943
4290
5407
1434
798
7830
1586
3825
1755
6261
7060
3111
7521
83
1687
5796
2359
2082
1489
6936
3191
4157
7153
2349
3627
5406
1946
916
752
2403
6181
6966
1690
1445
7284
7360
5506
81
824
4085
1680
5417
610
1023
2645
578
4267
7863
3431
5806
7984
2540
412
5874
1666
3029
7512
4713
6874
247
798
2458
1313
311
1036
2934
4775
2565
6002
3098
6926
1299
7190
2926
5899
7122
4018
5580
2466
3902
1698
299
4882
246
4600
4201
2065
225
1057
5606
3908
1243
2290
1129
73
5708
4508
4221
6060
6100
4293
4024
7
2931
6114
7351
4659
6410
7295
2912
4069
4292
1625
5226
449
3565
1011
5484
2211
6082
2491
2458
3721
7195
732
2926
4115
5354
5810
2016
5465
2319
6100
4594
1041
7064
5327
4553
5102
7462
6018
3657
2929
5172
6671
637
1917
3399
370
4164
7738
6598
4515
4447
4391
7141
6477
846
6929
4074
7641
6369
496
1627
7141
1599
2160
4306
3584
1044
40
1186
4677
6840
6375
3144
4080
1793
3899
756
6924
5503
6826
926
6187
2825
1946
1768
7366
640
2939
1866
7545
4096
7046
2650
6347
1857
2458
4061
5403
2829
6840
3978
6862
3170
3231
7524
5883
4851
682
7023
7810
7815
4685
6488
2080
5268
1496
6852
720
2369
7989
7417
212
5476
128
6482
179
2241
7467
3948
6405
128
4391
5107
7995
649
7762
4580
1445
3950
7003
4130
5999
2376
6123
7497
1071
2629
4495
6698
7855
7696
919
5927
3960
604
1906
6890
2298
4336
157
7879
2665
3344
341
6800
2931
20
1248
3919
6739
7053
5317
3296
3320
2652
3045
5470
781
2157
3230
1232
6243
907
3914
6477
7514
1510
427
6920
4897
7762
4943
1493
3346
6623
5806
7160
5775
3478
2591
2235
1662
4247
195
5203
1618
7080
1226
2820
1814
5254
2108
704
132
3063
993
6281
3477
5702
1644
7408
5769
6060
179
6785
1593
4826
5869
3120
5746
3612
1166
6898
4459
6290
2665
6479
2934
3009
409
1593
5542
5038
2915
5407
5271
2751
400
752
6044
5960
6310
4659
422
2095
4931
5886
3066
7073
5922
2763
762
5286
6753
4270
3825
3708
6895
5983
801
5392
5584
7669
6144
6628
4852
1829
6204
294
1580
6730
749
3884
4826
672
7592
2088
7537
7404
4781
3542
4909
4643
7531
5014
3908
556
2454
4283
7301
2968
2813
3117
5673
2974
706
5105
4745
6825
6041
954
6148
2782
6162
5102
370
3968
2108
7779
5156
2009
2401
6290
6079
6753
26
463
2926
4515
2763
2151
5006
6787
5810
398
3258
1098
1604
5383
3930
7471
1389
5595
3653
884
5104
5893
5944
7012
6321
4854
701
4449
5736
128
4697
3622
6324
6184
4471
6388
5566
6798
7723
6302
7274
5812
422
2313
1840
4596
7770
509
5038
6423
3438
3326
1364
1211
4130
6989
2946
1442
40
4835
7151
6380
2331
5857
1279
7016
1950
4626
2529
2030
2736
1627
2482
4238
1324
5024
1760
4685
3551
1489
7132
665
3406
1580
6378
3043
7859
2219
2806
5438
2526
7594
1467
1366
7672
3122
8000
3911
274
6184
2007
7863
308
2708
3474
6194
4615
1105
502
6739
4459
4049
3395
3757
6557
6946
2038
6475
6372
3061
3549
3899
3104
592
1192
5207
6674
115
3528
595
6314
1562
1840
6946
4246
1279
7843
4858
7481
7853
5215
7473
2129
4725
6148
1662
427
3506
3139
6109
5564
5799
2749
5746
5609
1296
701
6760
2403
5947
76
4421
3045
1742
7846
3950
140
3367
3084
7611
3002
1054
7664
1560
2386
2639
7952
1311
7938
3194
6310
3489
834
6758
7968
2224
6317
1760
6766
3716
4143
4066
3822
5020
1380
7384
2234
919
5883
6324
4800
5456
5343
6206
4604
5388
7433
6086
907
3445
4495
364
6395
3834
4104
5441
5342
2101
2534
7195
3231
3017
7674
2879
6743
2623
3148
2705
3399
2058
1774
6960
2725
380
5181
7092
584
2108
1915
7153
3621
695
5548
5666
466
2374
1758
2316
2518
747
5168
4923
4520
162
4110
1092
5999
1962
7084
6835
5248
6782
7263
2151
3315
461
2260
5053
4520
3282
747
1118
1380
640
3303
1438
2807
2371
6031
6393
3373
4808
7266
1752
4235
4421
1639
3994
4820
4905
6753
81
6457
3026
73
7195
1700
4526
5258
1973
7012
1303
4875
4323
5029
2016
314
7114
5029
715
3873
6593
1771
7160
4713
5597
308
1279
4588
5200
5652
1189
5587
2005
3814
1222
5465
3224
43
6769
5785
2082
5649
3503
2319
4749
7051
2355
6795
1752
1987
3512
4116
6500
6272
6321
1749
1700
3390
4243
1653
7881
667
808
2597
7792
1373
7570
5280
3767
936
6050
6201
3104
6236
2091
3453
581
5530
2457
4257
653
3861
2858
6577
1789
1092
1796
6324
1793
5073
419
1928
4387
3445
4124
2097
2538
6056
3321
16
7000
3480
4808
2637
208
7144
119
2623
1411
2452
5735
6011
5035
6678
4784
7973
5910
4642
3740
5000
4643
395
4179
6079
4948
1102
7968
7087
4494
2698
4247
3429
2313
5024
-1
2764
5530
859
3017
1594
6164
305
1997
1738
6395
1824
2449
507
843
6641
1269
1551
5611
193
3966
7667
1827
4085
7752
2977
1616
4640
2535
6567
6340
486
2832
3567
4708
7604
5522
1021
1395
6604
3339
7804
7457
5840
2022
3328
6991
5556
2906
7927
3135
4596
7292
2491
4132
3042
1328
3954
5339
4169
2074
4037
1576
6141
3579
7815
4619
167
4233
5224
3828
5509
6248
4166
5102
3825
3252
3252
3691
335
3781
2786
2035
3650
1175
4574
4087
6115
1074
2054
7048
143
4107
5139
208
4504
7440
7560
5139
6652
4934
1293
6698
4918
6569
6532
4765
6686
1177
7028
697
923
3919
3398
4299
2535
6425
6069
3480
3011
863
5782
6589
2858
4652
6980
2268
2265
6915
820
1387
4387
3891
5613
6918
5910
4968
2540
6357
6872
2407
3357
2382
2213
5165
1071
5459
916
7109
3834
5548
7825
361
600
7445
1829
7874
5819
1154
3625
7451
1866
3173
5132
2005
2592
1922
341
1869
7681
7384
4177
4829
1544
1023
7165
3644
3104
384
4646
7381
5763
5591
1834
5775
1036
59
5881
4602
5524
7365
5956
4232
1485
5020
1470
6157
3740
2741
4914
3301
174
5711
4682
6835
7512
6561
2961
6763
2954
1426
7184
5348
7962
6955
3565
2606
2458
3118
859
972
6951
4345
808
6809
4309
929
4826
2835
5576
1570
3390
3991
7807
1712
3404
2738
5910
184
7372
504
1395
3789
128
105
3231
1576
4773
5410
242
929
2694
4866
6049
1381
4224
6829
1846
1538
4382
4371
2458
344
1339
5346
1248
7758
3325
16
4749
5659
2650
3614
6283
5231
5308
4031
5308
5410
7219
3132
2311
1138
2238
6606
516
4042
4468
3261
6175
5361
437
1538
7129
6701
72
7529
6398
6696
4160
3181
3498
3677
781
5314
1189
3554
7448
5046
1011
2681
672
3675
2786
2157
2983
6931
6056
7655
1774
1950
6671
1317
5147
338
1726
4607
1857
3142
2231
7899
1677
23
7189
600
1000
6031
6306
2806
5674
3294
7035
1553
6338
1622
2675
5097
4719
660
6018
6135
3024
2153
4001
7333
5529
5315
4199
7762
4289
7117
7818
4575
4619
811
1306
7611
3735
5144
2466
3606
4046
5093
5664
7755
5799
7230
4921
2573
6837
5554
2143
4784
5727
3066
4637
1831
7877
4612
353
3045
1516
6239
7821
83
2140
7693
7862
4710
814
2888
665
832
7879
4139
4873
3683
1404
1955
5205
1995
5702
104
2689
2913
3494
7590
5177
5156
2484
6535
6454
3747
4049
2349
7955
7118
7322
6674
6908
4212
7863
6201
2923
5857
137
4374
2757
1496
7534
516
2619
2955
6094
1485
6929
4449
1561
1530
3917
6294
4022
4099
2446
7874
2140
1087
3357
5482
4013
243
7630
4405
5524
3588
7798
5168
834
4267
5666
3226
7307
7736
5364
2409
5806
6079
4148
2129
6547
5266
7855
2231
600
3774
5999
7952
6704
4560
4446
4387
5476
7534
5566
2344
7003
1824
5346
1141
2414
2276
4379
4985
6175
7630
7974
6733
5669
4900
4794
7267
2243
5992
1177
6804
3126
461
604
2288
1691
7989
502
4962
1476
4428
1243
3596
5093
7276
145
3175
6055
87
6628
680
6332
2241
4662
6133
3896
6625
2782
7693
4189
1520
7013
247
1698
7343
5087
4629
1763
5630
3551
414
5470
7859
686
4301
4437
2157
4379
1669
5972
1658
1717
1695
5305
7545
4306
5090
637
2342
1627
3084
4301
4449
1504
3020
1373
212
5132
6979
3865
4335
7314
5057
314
5288
5755
7520
7274
5787
4652
2420
1622
5809
6554
7035
6727
6214
4204
1763
4052
7609
1551
7322
2573
1553
4721
7464
3530
6197
7112
1027
1986
7256
2043
1636
7678
405
5806
6036
6648
7287
1116
6580
6148
3781
2135
2206
2548
2016
1600
2852
6766
3927
1301
6286
5266
5021
1092
5395
7011
4474
5947
7654
7060
4982
3903
370
235
409
3170
1407
7732
7110
5253
4529
5646
772
611
1880
1912
1180
649
1123
5823
7391
1874
2095
6822
187
231
7572
2427
2434
3373
572
2934
2671
3703
5021
1192
1157
3413
3263
6834
6724
4018
7754
1576
1700
4087
6423
2764
6369
6294
1906
2180
6825
4173
987
7301
7740
5551
2516
4266
2091
2874
1423
145
7031
6880
4257
735
1740
2556
3786
4121
1381
439
7276
1217
1834
2645
7818
7078
496
7208
4810
8
1285
2344
2695
891
7261
5364
5305
2665
6016
7592
5317
5743
335
6234
381
7935
2027
7237
4948
6603
5162
2668
76
7839
1789
607
3092
208
3195
4433
4104
7356
76
1118
6831
5385
1341
4730
5573
3271
3296
5288
2254
1493
1715
5498
7396
4923
2736
3834
4817
6606
3495
852
3781
5830
3991
1488
276
4394
5720
2610
7048
2691
5392
7451
4674
7818
427
3622
4306
6521
2608
5397
5336
5860
2476
741
4586
7713
7012
2803
2124
2363
3450
1459
6912
1906
6021
5907
3981
4001
4977
7979
6701
4071
7176
3876
5616
4491
3740
4054
1320
6506
2501
7661
353
7884
3873
7851
4096
4258
2044
2008
565
5936
6159
849
343
5705
2235
544
191
6681
132
6845
1965
3764
2779
4988
4921
3406
6941
5361
5749
4969
3807
4965
5603
1777
2388
7502
1783
7691
6985
4275
5032
677
1198
2999
2344
6593
3240
4463
6881
7168
6469
3728
2000
2048
7366
801
4508
3697
3852
5305
6639
7804
1870
3395
5317
5428
1068
5312
6140
1646
6955
3052
3111
5385
6044
6881
3212
5266
2862
1998
6950
5588
5450
4221
7531
2903
626
5159
2830
3301
3893
5606
743
4518
5609
7658
5621
7681
979
6866
4228
5927
6777
2322
3422
7700
7243
7658
3660
4996
3325
655
7531
3014
1054
3164
838
1057
5515
8000
4635
4287
7101
6144
3195
6874
4049
5738
2838
5366
2828
2760
6153
2207
4321
4988
3757
4113
1948
20
1662
1844
4607
2903
5462
157
6907
948
718
6968
4301
4988
4118
3313
23
1467
7674
1674
4010
5840
2997
51
1860
4655
311
6943
389
4143
919
5018
3107
5228
4633
3258
618
6741
5535
5080
749
1352
2172
2443
2525
675
6690
3545
5738
4129
3981
6547
7035
6253
5006
1898
1526
816
595
4763
2422
4570
5371
7497
3189
7274
57
6652
6746
6912
7019
276
171
4969
1955
2751
409
1398
5051
6417
4656
5666
4697
747
1520
2420
3923
2921
6924
6690
3268
5291
2555
3794
7810
7830
1456
2906
6898
6308
1698
7974
1238
5453
3712
4800
3015
3948
6630
4124
5130
2892
7815
4102
4171
1057
6977
389
1846
2594
7653
5823
6412
7574
5912
5738
768
1618
3063
4412
6955
7013
1033
6410
3919
634
7118
6044
7245
2603
325
4918
7833
3729
1659
7713
1463
3263
2441
3009
2846
199
2364
4463
6269
1054
6135
6583
1688
6804
5301
6074
6934
4781
294
5573
4781
289
5548
6332
3129
7490
2597
5554
143
5927
3697
5812
764
7122
1674
5113
442
7976
7502
171
1789
3710
7924
5870
4780
3944
6146
6511
3801
1317
6214
79
5992
4428
2352
5441
5986
2332
1965
764
2196
5139
2487
1789
3884
2695
1273
7366
7313
2668
575
6417
3290
2662
2983
6532
4209
1908
5488
2799
6630
5046
4018
5688
1513
1902
4471
3837
4747
5513
2640
4367
7414
7132
6798
772
3059
4157
4845
1792
7989
1114
5924
2823
1493
7251
6239
3306
672
332
2420
5888
4504
482
4629
7158
6635
7301
935
1644
3862
299
4768
2187
2523
5006
1998
6278
4853
7411
4666
2999
849
54
3057
4674
7372
1074
672
6529
2382
1136
4127
6924
3221
7937
2832
7023
1608
1177
1267
680
62
6442
3245
504
2989
4306
3551
7351
6831
30
7637
1576
4600
2526
6704
7454
7351
5723
1978
607
6052
1883
5674
5088
1572
3030
6433
3600
5078
3279
6009
2391
6837
2760
6261
95
7034
3478
5431
626
486
6860
5184
1407
-1
759
7314
7818
1467
2810
7118
5611
2757
6240
5573
5139
5476
132
3002
4405
1041
343
761
6194
820
308
3456
3213
148
4096
5545
7424
3657
6457
695
2640
7678
1662
2365
4848
6941
4786
226
6444
3363
3406
195
5561
5315
5626
5235
6155
2339
1513
3809
2876
2931
6175
3416
1840
2980
6593
1283
3971
1038
165
3932
1622
4104
7704
237
40
5375
5495
1723
1544
3579
6209
3870
279
3532
6487
3237
1860
3877
1283
6511
7460
6229
5063
3406
4646
5154
482
6052
3017
3414
7381
7703
829
2610
4800
1928
623
6647
3029
7115
6987
4197
5228
5185
502
5150
1672
6021
2508
6866
4685
2656
5092
900
4646
4236
1783
3640
6831
3323
1952
6275
3294
4511
5375
3591
7875
974
3560
3282
6686
7584
1170
7989
5428
128
7440
2027
7263
7774
4164
1973
5441
4028
2840
1150
1358
7796
5951
2559
6268
5012
4753
3629
4903
6079
7491
4214
2005
6194
2789
4879
5462
3596
4848
6009
7693
3382
2991
3387
2994
1301
2548
7082
5817
182
6126
2747
2511
4654
7384
7048
2623
1760
5461
1261
6104
4080
3579
2533
6433
3807
798
3956
6766
6482
1420
2024
4839
4918
356
7792
1777
2973
7978
1333
2873
6428
3804
4411
7295
294
1323
4110
7976
891
115
2913
7341
6465
4727
3683
4854
6126
6834
575
4520
7087
2652
7333
1557
3464
2231
6342
5176
1317
711
7072
5666
3293
1354
2151
2371
4855
3650
5573
7561
6038
4950
3640
1963
6226
6656
4066
314
2000
7267
3129
5021
808
3429
1369
5260
3111
4309
6060
7399
256
7026
1616
6596
2185
7866
2116
119
472
3480
3090
587
1987
6663
3139
126
5817
1666
4468
5519
1330
429
3135
7466
4640
7094
5918
2968
3930
3395
4600
966
3842
4659
7491
3629
3296
5842
4560
6355
5253
4124
2427
1711
132
4875
3092
5539
6618
4629
4001
4716
1580
1928
3978
3697
3865
718
2187
3694
2231
5513
4326
7799
1423
4753
6405
2207
2147
5603
1665
1215
5057
488
3380
2721
6469
2702
6773
7430
2205
4508
1333
7384
7248
4293
568
1033
7003
620
3873
7437
5503
3354
1337
3429
7012
7584
7524
7664
3585
1014
6746
7766
6508
5308
4421
3972
3940
4838
2705
4257
563
1783
7136
3330
5398
1711
1622
6763
4351
381
4110
1255
4435
6450
7588
4615
948
7623
124
7235
1202
6900
7064
6011
2374
7668
570
7630
5127
4594
5228
1829
4083
6760
5775
3382
884
7644
4756
2024
6881
967
4775
2567
3137
6982
2587
114
6402
7534
7165
4545
6955
3862
6961
3842
5759
3582
7922
6881
6861
7881
1054
2427
4063
3399
7028
3530
3683
7992
3315
5693
527
3416
1392
2721
7740
1000
1659
2691
90
7038
356
4897
6826
5571
4553
1220
578
4894
5585
1715
1364
1102
5646
1917
6454
7006
4863
1296
1518
3114
1943
3697
3655
6201
3153
6106
1621
6613
6218
2937
6194
3524
6968
5576
3732
7407
4263
7349
6103
7016
7493
2901
3554
6559
4394
2889
5006
5958
3617
6881
7718
4080
6407
6026
6500
4271
4367
5280
2695
6751
4456
5258
2352
6994
3170
7886
7770
4781
4688
2871
2013
7949
7934
4021
2989
2197
3414
520
6733
6069
4562
787
4362
3971
558
6939
5655
5960
1680
2923
5749
206
2477
5666
2603
379
3261
6610
6327
3175
2177
2241
958
1077
2412
6908
7706
2711
2028
5969
2272
4937
824
2106
1586
7090
1364
6780
3784
3570
1211
5069
3517
3310
7523
1021
4703
1407
203
437
2825
5181
1398
4545
4238
7505
3158
4287
558
7605
6261
5720
481
3489
509
2219
1348
2580
3725
6112
4619
3789
3784
3680
900
626
2115
6704
4094
159
5361
5109
3092
7596
224
4716
4323
2731
1129
3300
7206
5403
7723
3252
3966
4426
5371
7633
5542
772
7545
1285
4177
1014
3226
5343
2698
4476
3420
6332
6379
1983
996
6240
3365
5374
4883
3960
3076
5102
4018
2675
1631
6016
3399
535
7648
373
6813
3312
1662
3009
3348
3276
2989
4619
379
6052
4488
253
6735
7605
7060
1285
2018
1733
427
4428
1310
3104
4596
4629
5413
3528
7979
7245
20
7357
5736
2071
6895
2393
5501
3095
3545
6855
6400
6297
4478
3195
4879
3063
742
6804
4343
7138
1550
6036
1220
3567
2513
592
3120
4087
3268
4763
2915
1680
4356
4232
7228
7258
395
6126
148
6228
409
4069
1938
6915
3686
435
2199
7843
872
6746
1583
5443
6159
5585
3638
5012
6083
1838
2342
5118
477
6920
3738
4578
332
2612
5070
4563
3528
675
3622
276
7866
6730
7208
3156
2764
5509
6148
1243
2062
1580
2111
1351
2565
7067
7261
4900
846
6763
5354
964
136
5503
3410
3710
427
5985
5606
2816
2290
2942
4164
4246
1653
7846
1680
7918
5643
6674
7320
3585
7019
7859
6044
732
4018
1183
1787
1968
667
1202
7734
5323
2770
2065
5956
4032
6860
316
5085
1451
5515
3081
1541
1804
2825
6314
4529
6575
6272
4745
2384
1928
4959
5775
1948
1824
6931
5588
3306
2434
6946
2623
4024
7009
6508
5966
1529
1819
3224
5715
6552
5193
6140
4940
2652
1299
2452
3153
7581
715
2681
1438
7451
3644
2645
3819
3729
4913
4871
5790
4599
2880
3689
5664
5515
1366
4740
5866
1866
3634
83
4447
4272
6138
6674
3811
1463
6950
1485
6253
3294
2396
6990
7633
3265
3310
3668
6840
272
182
4315
6238
3867
7906
2577
5732
3399
7266
3798
752
2272
669
6686
3801
7611
3653
6350
7527
375
1758
791
1238
6224
1547
376
2443
940
407
2671
6985
820
6456
3469
7718
400
2073
3729
3351
7517
5401
5196
7611
1733
5705
4928
4365
432
6495
5561
5339
6475
1983
4107
4488
2592
6290
5812
2254
7147
6240
534
4688
4771
35
1101
2973
7575
2461
157
2088
870
1891
7427
4400
1330
7144
1395
7541
6281
1152
4373
4573
4826
3332
7230
6011
5327
76
6398
6121
992
2290
4612
3311
7143
6440
2695
5929
1529
2484
2223
3189
407
49
5752
2741
6158
6018
3822
2288
7289
6490
1987
1235
3221
5012
6409
6529
6106
3371
1852
6153
5462
4716
2828
6141
6892
7338
3997
6243
114
6760
2587
2332
3037
2466
2634
5829
5368
3991
7211
2994
4201
3034
1098
6881
1783
1987
1492
4359
756
756
86
4483
6968
2640
6075
2639
2575
7184
3340
5450
1821
6608
4074
1958
2068
4656
6787
7910
5337
5626
7215
439
1192
6335
1992
6217
7295
7575
1583
7215
4923
1008
5166
4471
4747
5530
2590
2718
7648
5766
4931
7624
3287
2021
3002
2738
1700
5515
7016
981
6952
5812
7219
4201
5611
7208
5995
4091
1229
5248
1913
7617
4412
1793
718
1608
3594
5410
6647
5497
5643
6335
2476
4250
1496
6855
7924
184
7256
6117
5974
5954
4765
1456
952
6331
2627
6517
7538
7201
3794
2625
6559
3296
5436
5830
6920
5066
1306
485
798
7690
6086
1717
1412
6006
1804
5105
2234
7496
855
5275
717
5522
6604
104
162
2374
422
416
6497
3809
1348
2131
2096
2597
2153
4545
6398
1253
4679
3917
5678
5973
3017
2862
1320
1765
7509
6338
4415
5886
4462
7200
6308
4536
228
7521
5311
2652
6574
5992
607
5650
6848
584
5302
2165
3017
6253
592
2319
7462
4515
7057
5242
5683
32
7224
1530
6794
2190
1252
6074
2342
5943
7637
5847
3908
4650
6724
5823
3832
38
1965
6335
1008
7129
1912
3243
3349
4718
1933
1348
595
682
7517
7325
1177
6410
7399
455
5215
7445
5283
1414
5870
6410
1744
5643
1186
1715
3252
1357
4590
6861
3167
3802
5588
4664
3902
1950
6885
1535
323
4185
1273
5804
495
-1
2744
4794
798
398
2814
1134
2022
2760
7346
2592
1451
2921
7245
1358
6104
6879
2534
6109
1104
7101
6324
6253
7740
3503
4812
2896
6052
3063
7687
3618
7318
5385
6355
1631
5360
4583
170
762
1361
7305
167
3893
6696
5383
2135
6063
4495
3777
1104
1629
824
1787
7105
1401
7681
5232
4912
5580
6383
5283
1502
5877
1913
640
32
7318
7401
4238
5420
6286
3198
4894
367
427
5883
2066
3946
1935
3716
2359
4299
7353
3629
7548
894
6538
3657
6226
5156
7655
7398
5018
7564
2000
367
4437
7404
7617
7918
6175
3509
4085
4350
5825
2868
3129
3161
6236
2165
7258
1303
7648
3547
5143
1752
2199
6890
4104
3313
1308
1611
3436
4847
3213
5426
5090
2580
1172
692
5842
5305
1003
1324
4771
502
3261
5195
4503
2379
4972
4009
4560
6627
7424
3273
5877
323
5588
2277
6466
3111
3773
5385
5104
3612
3752
7617
2422
2265
7587
5080
6500
4691
7376
867
4045
852
1123
5736
3431
6807
7907
804
4529
5021
7648
5829
3340
4656
5727
6364
3591
846
7915
1357
3517
4548
5506
3991
1915
5043
3240
7460
4848
1562
4390
4299
6103
2214
195
6892
2542
5496
1604
7640
3789
3373
272
5130
6524
4556
2104
4902
1973
6129
2865
466
6813
7783
6495
280
4575
6851
5076
768
2793
3276
1656
4110
5674
5173
5403
2131
1223
7693
1265
4005
5196
3433
-1
675
1311
3102
1680
230
5730
7067
5063
4558
6553
4180
3273
4243
5962
4337
1092
6024
1541
3540
7245
6350
2858
1166
4998
2868
5203
718
1140
6228
6197
5215
2449
1023
2054
2807
5317
5121
6221
4856
1792
3159
234
1917
7510
3471
1517
1631
477
1283
5799
5635
5613
2058
2619
392
1281
762
4148
7871
1000
2560
1407
3464
5702
5294
7561
7815
976
814
7112
4348
2918
6760
6306
7370
4943
5643
7544
2754
4441
1392
2570
6590
1346
5134
7374
2085
926
2206
1493
592
985
4148
231
7523
72
6577
2511
461
7687
2180
6286
2830
49
7101
7331
7230
93
4820
1448
4312
2335
5901
7654
6753
791
3139
5447
7955
791
2606
5918
124
2369
5205
2767
3978
176
5193
7664
49
414
5078
7633
4417
5358
4069
7206
330
5548
7889
5100
6026
5571
231
7889
5763
1412
1752
6445
4035
3575
6777
4278
1095
5375
1023
356
3729
6943
4230
2100
6286
502
1669
4570
3050
6083
6090
3081
3646
2570
95
7752
4491
1333
3962
7691
2698
5484
2981
4716
5297
5564
5057
1175
1583
7019
4928
2600
4085
7064
1023
2544
98
5680
2868
3816
7435
2080
6575
1376
7493
5927
154
5361
1551
5999
592
600
4793
1087
727
5746
2695
2406
4982
1499
3237
7578
68
2625
140
6433
5020
7749
824
7153
7398
4362
7758
987
3024
5519
2080
294
3691
3048
2000
663
1878
367
6686
5484
906
1972
683
3195
3002
5588
3399
7078
4928
5323
5029
1210
1008
5705
1438
2784
5770
6790
6281
1636
6521
1003
7743
338
6674
7386
65
3716
1658
5613
4137
3849
3258
7674
4323
4596
4107
1111
5599
3132
7597
5139
4201
814
772
6148
2022
6045
1669
6716
6538
3492
1872
3832
7977
3891
7833
107
7804
403
2518
2338
5488
2396
7160
3002
7916
4443
2040
2443
2556
7828
1739
784
7561
6355
3603
7094
3671
6720
2429
2124
7584
1742
4802
3908
4275
823
250
5760
6420
4365
598
7230
6866
1011
43
2120
3930
1057
7531
7754
299
1065
4330
7672
5978
1036
3685
4790
2219
7445
5076
7398
1733
7473
749
4897
2741
3462
3255
7931
1574
578
444
6433
6559
4169
243
1763
6106
3622
7766
7051
2603
7094
7517
3438
6852
3266
4054
4104
4309
1202
1733
3786
7298
2490
7314
389
3487
689
1047
1211
6961
3261
7766
3216
7514
7622
5205
5960
6297
558
7984
279
705
4437
7138
701
2474
749
355
4217
6895
3744
2398
1482
7201
6379
1125
1038
6961
1696
4515
6094
7690
2271
7863
1758
5606
1998
2961
3071
2295
4946
6598
6561
762
6584
7583
2612
6018
3144
2222
3554
5960
6704
6593
5969
2472
3037
3774
5261
3117
101
5853
3914
7633
7279
2625
6683
5986
2115
6704
669
4137
5501
1201
3919
1639
5874
7664
4417
1195
6652
2446
7331
6707
5624
5035
3221
6453
4994
1516
4356
4861
5447
2872
5912
3738
7266
1526
558
3729
6569
1618
1760
973
5417
4523
2511
5090
1442
4080
1731
5743
1038
3226
1205
7578
5166
2807
6834
3934
6710
1532
2986
492
3170
2207
7021
3132
4806
3335
6123
3997
4319
4018
5488
884
3332
1912
5358
4024
2849
5599
1706
4253
7758
3040
1299
7796
6885
1470
3724
7602
4356
1485
1023
4600
943
6497
429
2028
6904
6526
1467
7295
5327
1438
2773
2713
2538
1943
3694
2230
1432
5743
5683
7718
4771
3606
5696
2749
6618
4371
335
6304
3984
4573
735
370
6628
2311
3747
3363
5564
4377
5019
2013
7846
5399
3052
4465
1496
5934
4428
2472
5116
3677
4703
3156
7531
7122
929
5899
4057
7913
1928
7171
6592
6755
7749
3129
3974
2610
2097
1553
6668
5299
1437
5506
3680
3282
2998
7661
3873
267
2590
3950
1902
5866
2209
2301
1496
7097
2582
219
7399
3554
3825
3978
778
3118
5305
3767
6569
5380
578
878
581
1606
2446
1047
4240
4855
7064
5242
3462
7261
2770
5498
7548
2461
6094
1261
2396
7485
5253
5024
4541
6890
3276
3634
1593
6442
1269
5314
7944
6218
3464
2008
5705
3151
3862
4312
7869
4087
6895
7370
7718
2731
2206
1604
3387
7208
1915
6259
1634
319
4790
5491
4370
1989
961
7641
6724
7813
5431
5646
4387
5633
2908
6532
3367
5021
2045
4848
4526
7570
6686
2349
1976
3370
7389
1827
1392
4454
5330
1108
3456
3471
4900
4903
2425
4301
4094
2883
761
6543
80
4855
6826
5641
3061
952
7706
171
3528
6936
1837
7783
2705
1809
974
6920
3789
3160
3560
1147
3438
4580
1220
5308
6306
6952
7094
6798
5912
1271
6573
6150
7478
5901
5266
4626
3705
5456
3268
3914
5323
5702
3919
2406
86
1177
3845
2570
4972
6503
1561
4024
5245
5116
6357
6275
1136
7685
3870
151
6269
4977
2858
4471
3598
5755
6352
4306
1524
4465
2376
4201
7713
4024
1120
7398
7655
3572
5403
7084
1071
2835
6462
5787
715
4174
2356
5428
3078
2484
5038
3255
3926
496
2770
778
3911
977
4420
1698
7770
4804
6541
4841
4236
2094
2234
4615
5910
7365
258
4797
2417
4743
7693
5090
6872
4287
2499
2356
6804
7357
5915
3506
1840
2604
7849
5193
2767
7070
2214
4771
7608
5130
4007
6372
269
1908
5247
1150
4257
897
6283
5383
6869
3598
1054
1576
1108
7019
1417
1054
2008
1162
2939
5438
2018
1827
2807
3922
2612
6246
4263
6363
7328
5661
6592
1747
419
2393
2403
3781
7467
4447
5844
4428
416
4230
987
5796
2038
7021
101
3708
7678
2108
151
3111
1111
2608
7230
6580
6900
435
7509
520
2323
6663
4905
4925
567
4592
2082
3320
6671
5207
7054
6639
4529
1369
7281
6727
6031
867
790
3095
1697
5506
5553
105
6312
1564
7635
5944
7626
6532
1682
3494
4590
2673
3151
3738
1576
2285
2671
4243
1157
614
4209
560
5743
3724
1287
7524
863
7034
6171
1544
5641
5176
4217
2134
6223
5673
940
2265
231
929
1604
791
683
679
5078
6171
1426
2147
2458
1346
5806
4018
4338
3819
7276
2344
2965
5181
7305
2135
5274
4287
81
6278
4650
7051
2056
3660
1476
4362
101
4390
2551
5666
7331
7855
5421
6639
5087
946
4853
1653
4583
395
6504
7545
6785
926
4824
2548
2955
2177
1913
4204
7062
6228
7077
3760
2782
5599
724
4250
2957
1597
1521
3582
2741
7427
2054
1006
6939
7233
1308
4348
4948
4199
1704
5242
6543
2658
4052
6342
565
4241
7871
1558
1977
2186
4888
20
2183
1177
2202
3048
4494
3462
2903
4732
6782
7984
5386
5822
3840
7270
1783
2687
5299
5854
5447
5431
7445
7245
504
6167
2331
7674
3265
2531
4775
3880
6380
4017
4508
2043
286
7222
3814
2760
4876
1529
6813
898
386
3603
563
3122
6556
755
6410
7351
7949
2858
51
1703
6332
1814
6809
7333
351
667
1955
5861
6587
2441
3325
5587
4506
3011
3738
191
4810
2939
5779
7928
7132
3450
5198
46
256
2161
5462
5380
1381
1257
2705
267
3532
592
2535
6069
3255
2501
4474
1992
6689
6063
7077
5274
756
3043
119
284
5162
6668
90
3978
6026
2356
2288
5921
4528
5699
2678
5633
6114
1054
5927
1626
4452
804
7343
6769
3107
2403
5327
6240
4206
5226
2700
5176
5356
5730
1662
7117
6436
527
6269
1249
1973
3923
3498
1757
5012
3357
5621
2409
3588
6596
974
5150
3489
7721
7451
4071
3495
4504
3747
5980
2754
7963
4160
6497
898
5630
3301
7984
1992
6310
2009
3009
2328
2776
7755
3175
6583
6197
7208
992
95
3344
4391
1105
6567
794
2058
3447
581
3351
6628
6500
6173
5179
1893
6420
2169
6118
1588
5989
7168
2224
6678
7084
5836
6460
3524
294
304
1739
3309
3972
3729
6297
6147
3891
7143
6301
7839
4164
1540
2043
2177
247
672
560
1296
7899
2018
4456
4545
6148
5690
7648
3804
1682
5447
1709
7087
3074
3584
99
3760
5190
2926
5498
7182
6883
5339
5556
316
3414
5986
3565
824
1726
4454
3246
3487
5976
2991
7772
2662
5941
78
2912
1098
5503
6369
794
7597
2852
4703
5242
2580
5717
2128
4817
2665
7048
5308
7894
2872
6026
4042
1186
6425
7427
581
2724
2352
4230
1157
4913
4145
745
5343
2840
3198
623
2852
1317
7009
7813
5823
6809
4330
4575
2535
4315
7477
7013
3901
7921
1036
16
1672
772
7101
6229
4488
5891
4784
7115
262
634
7253
3884
829
2052
2880
7048
4118
3068
6016
2760
1553
695
1162
1712
7561
6924
1900
6646
2331
2409
1385
926
6410
4333
5491
3968
7384
4843
1780
2575
243
2012
7078
4871
2494
6879
7256
4921
3893
7370
6547
6898
552
3725
2852
3819
2131
2551
4765
5829
1570
5630
1123
972
3691
6663
5588
4549
7855
7028
4858
6383
1950
4148
1872
182
5035
3884
176
49
3889
7184
7568
4533
6493
7684
1157
6083
2122
7362
504
6092
3781
3305
1291
1068
5693
649
4319
1924
2082
7633
5312
2540
294
2401
3520
2975
6228
3107
6206
6009
7115
620
6086
6704
6050
4449
535
2538
6221
5802
5683
6194
2327
1541
5535
4528
816
6390
6131
7122
6697
343
4937
6521
2786
6045
7910
887
5450
1499
2948
4220
7672
5207
5766
1992
7846
7250
4543
40
1618
3865
5288
4038
2332
4988
5924
488
3045
5006
3095
1557
1992
3705
2977
6078
179
620
6593
4443
3425
3627
2830
6133
1404
6633
7013
7723
5053
214
519
3954
4541
3371
3153
5136
7497
7284
5521
1354
6018
4452
370
5806
2551
1649
1470
2376
3695
7970
3404
5190
1917
6837
952
929
5951
4443
4602
6425
4777
1385
1952
6610
1752
5165
62
4888
5752
6818
191
532
1023
3572
4258
7884
5650
3173
2106
6140
5107
3911
3603
5528
7644
6961
5085
3991
984
6946
6490
30
2889
747
2535
6743
5288
1541
1758
2285
2625
2852
206
3691
2523
4894
2439
5361
6162
7046
1222
2177
5670
7600
5861
1102
4038
794
1544
1324
6218
2268
83
7681
4212
1998
5624
2994
5431
2658
1021
4826
6590
7605
5188
54
1973
6456
987
3917
4894
1460
5257
5235
1530
7638
5910
2846
2260
1888
3336
2031
4914
1793
2319
1162
1905
7886
1071
2018
4042
3804
5760
1381
5821
2767
6355
4697
4148
266
504
1824
1885
1466
2975
2045
3721
3487
1938
2876
1489
1423
1618
1752
1618
4926
926
7723
1698
6837
5266
1192
4540
4243
1042
2721
7379
1720
6739
7310
1639
7399
3006
5102
5121
7073
7292
3276
5525
3963
6372
2018
208
1132
4558
2507
5283
6131
1358
7156
2921
2097
5076
6773
3230
5358
7699
7149
2427
1551
2855
4243
1301
4121
5995
7353
3762
5661
1532
7677
1470
3934
1428
3084
2482
5038
6511
7129
413
3768
4787
5937
5766
7594
2407
481
6881
3834
2578
7766
6535
7420
3934
768
846
5687
5901
6584
6957
7497
5339
4563
6996
2339
6980
5829
6689
5398
4319
6554
1963
2977
5401
3500
319
7028
6420
5302
2058
7668
5940
1677
6150
4528
3057
5528
4787
4656
439
3187
4810
7219
501
4762
855
4376
1023
4113
1636
3622
5228
7859
2332
5453
2513
3614
772
7417
7233
1922
2403
888
6155
6633
5200
7467
5548
7527
838
3390
3500
7013
4705
4090
940
3474
4969
5664
101
1831
660
5265
6656
6448
7316
7251
1202
7825
6342
2365
5839
1853
7630
3500
567
4258
5491
1908
6417
6330
5591
1404
2989
7520
2339
3779
5806
-1
1941
4449
1248
4847
4896
7700
5785
3923
6299
513
4633
324
2035
7732
1435
5720
115
5468
5932
7298
2944
5134
7836
3240
5385
3092
3634
5337
1273
7122
7846
6184
791
4335
1473
1104
30
6541
5904
623
4682
3712
3428
1041
1380
4124
6625
3041
5863
6771
6506
7261
7157
1995
3445
7084
5591
5195
3326
6126
2634
4975
2526
2446
1659
5051
672
3524
294
7141
3862
4035
1631
2942
370
6977
2449
4688
724
1538
3655
6881
2567
1198
7108
7720
4454
26
1712
1080
2073
6696
4685
6006
6850
7846
2938
182
5643
1682
6892
1812
3798
6746
2675
5752
4141
997
5850
7871
1485
2276
3792
5646
581
7859
5922
28
5218
5228
6625
7968
4109
2552
3729
367
4049
1580
1992
2169
3572
4005
932
5088
4047
4183
2906
2134
590
2744
7987
5073
936
5588
131
4556
553
5907
7799
2770
7777
5385
4775
4876
2871
2796
5014
2656
6908
7219
5879
5339
669
3500
7626
1586
6670
4437
5021
5870
7754
5046
7402
4369
7691
6633
538
1576
3416
1265
1969
6941
7904
1740
2484
3646
2807
1183
4334
2124
2265
6106
5498
5226
4246
3248
7821
3922
7233
7427
1195
3930
7779
179
6327
5904
4263
2899
7026
749
7790
6593
7425
3201
4897
7706
3206
7609
6598
812
1962
5315
2760
4221
4732
429
151
6398
6180
7466
1507
4330
7588
2625
7067
4993
203
5699
5530
5854
6890
7894
7182
2793
6931
7048
6517
7062
5461
5674
4135
543
6686
4652
5390
6466
5999
6955
2223
1786
2957
4433
1890
5506
603
2560
7558
7600
429
3386
466
107
71
4760
7881
4700
2030
1125
1532
3960
5847
5205
5863
2018
4909
4124
4820
2892
2338
5635
1092
2965
3825
3237
1293
5104
6283
4379
7716
5980
3542
513
2879
1420
6926
7190
1352
5040
4199
5232
5127
3725
2619
4705
626
5999
1226
5825
3380
3771
5842
2427
2045
1786
7924
5461
3954
5616
834
3315
18
7807
1087
2143
3294
3290
6713
6903
1576
1324
4021
2892
2601
6314
457
2544
923
3466
7787
2542
1726
3354
2474
2858
1978
4201
2211
2594
6327
6250
198
4010
323
7333
4212
2849
1900
5184
5413
1157
2708
545
1815
7762
784
7341
2219
4132
6842
304
565
4897
545
511
3466
294
6226
6009
7696
7829
852
2022
841
1027
1361
5966
171
2767
1935
5756
5177
2425
7048
1521
5118
4832
6177
7581
176
2885
4661
1541
2810
4804
1876
2814
7928
5339
7641
5364
7235
2842
4038
1758
2816
745
3195
1520
7132
1077
7427
1958
5603
6171
6194
7253
7645
231
3175
5976
909
4909
2284
6140
7534
2786
5040
1541
3495
4540
5650
7046
5978
1144
592
5918
2458
6795
4315
2080
3068
4965
4832
3668
193
344
6961
7163
1493
1917
5339
2118
6164
4982
2852
1755
1551
6234
54
7467
1306
1768
4570
3963
1597
5738
4854
2896
7570
697
2650
5444
6109
5785
4247
843
4049
7777
614
7301
3738
5501
3600
948
2965
2328
4166
4280
6666
7944
302
1392
3102
5678
4506
2814
1097
3380
4737
3433
2414
1369
258
3725
2452
2675
1083
4532
2097
7889
7983
7402
7440
3861
4781
1195
289
5996
335
2951
2335
6401
5918
7534
6239
1600
6556
7289
4022
6730
375
1065
1435
2452
2760
7608
6231
2402
784
1102
5509
7552
5339
6364
3697
909
1460
3194
2961
715
3849
2535
1141
4080
1215
3691
7785
6852
3055
7338
4243
7398
171
2678
1639
3880
7287
1631
5992
1165
4821
4345
4059
4192
4753
7863
59
3447
35
1844
7740
4290
3313
5443
560
1134
7067
4794
3273
7839
2305
4861
5261
2782
5485
6330
4858
1983
165
4871
6057
4315
3974
881
4575
7994
5012
721
1101
560
7884
3612
2371
5711
587
7092
3712
5314
6678
3153
384
3167
4241
2751
4697
2861
5674
6829
3183
3934
4066
1068
7810
1003
4129
6375
6286
3418
4816
7666
3442
3612
2825
1057
6842
5573
7566
414
6197
2883
1499
6617
3852
7726
4160
5190
5779
1189
1175
634
3048
5943
4554
4602
1366
1636
6481
7913
7117
4763
4024
7514
4243
1843
686
2747
7568
4312
7594
3747
804
7016
7648
5674
3672
7026
3095
2409
4671
2570
4498
2656
5184
5130
457
1819
997
6400
7664
6425
4435
546
1381
2263
4568
1033
1143
2323
4965
4523
626
3261
174
5929
6057
7223
3981
2066
5173
2387
2534
1134
1202
7541
211
4624
1590
7989
1567
7372
5245
2592
364
6668
5986
4668
6535
2500
419
4465
7454
40
7292
4412
7310
7000
2431
595
4879
2194
570
5547
2332
7783
2412
2526
4311
5935
7534
2629
7952
5200
3321
7893
7855
4189
258
2505
7289
7108
6526
7913
6395
4721
5793
81
7889
4405
241
4195
4777
1838
159
6331
5738
2734
5696
7713
208
6800
7249
5480
7493
5683
2356
6082
1659
2843
5386
4967
3677
7544
416
6659
2989
3560
5503
5678
916
5132
2801
4532
4703
7386
7820
2552
5571
2342
5215
5470
20
7645
1504
7235
1983
2235
5465
2104
3187
3114
6722
1160
6924
5635
7084
4940
6652
6123
3453
5518
5755
5413
4835
1740
5294
7871
5073
5693
3744
46
5830
4083
1940
240
1642
1733
2818
496
3431
2308
846
2548
7592
971
7774
749
3092
1774
538
466
1372
4275
3781
1018
4243
5000
2868
663
2268
3002
4437
7481
974
4536
6253
3492
486
5782
5881
7307
2211
1819
5111
5947
3466
4018
6690
6869
2441
1423
3725
7907
3768
3110
1470
4157
105
2926
4177
4061
771
2751
4804
6892
2118
7706
5288
2675
3794
1366
6735
6508
6648
5992
4143
43
7314
7376
7105
5212
4121
6460
3461
5188
3689
6155
6361
2417
3565
4221
4199
3842
1084
2452
5368
6204
2277
4671
3667
4894
5901
5907
712
6398
5438
6874
3764
2580
1893
5176
2000
5315
6031
7669
5085
3153
6431
902
1313
2335
95
849
5779
4183
6739
3433
5156
2975
4483
2075
4232
6141
5271
2645
2505
4013
4286
775
4397
2994
581
5398
5785
534
2033
4725
2431
1248
3966
4179
7006
5487
1248
4278
219
2668
2344
7054
1320
6026
7301
325
2287
4899
5100
405
6379
4677
7869
7430
4134
5530
4261
7796
461
3016
375
2786
5364
3777
4501
1631
4999
2770
836
5417
5573
7101
4955
5904
4944
5040
1813
1411
1834
81
4602
7235
4832
1700
6155
219
3620
5388
4610
3575
2960
3797
7833
107
5333
2862
6934
4206
846
3310
7012
2116
6050
5305
1141
1441
4596
4583
7630
968
3161
3178
1192
2104
768
4380
2349
4758
6926
1186
3284
2446
3348
1572
4937
492
2386
7561
2885
5141
1905
1116
940
4982
4737
5040
3725
2187
7408
747
5299
6592
595
491
4965
3078
752
2038
6567
3436
987
7108
4863
2627
7009
2273
4365
1806
5917
7149
7792
2980
6187
4832
1876
572
5018
2938
1428
2371
3167
5860
4290
4532
1874
1976
3794
5035
2810
2224
6785
1919
872
1376
7493
2140
3729
1210
2716
2091
3753
5907
2544
2305
4629
3655
675
3875
1712
302
3811
2021
5655
62
824
7211
804
2418
2153
3367
3729
3376
6973
5114
5159
667
2349
5403
6500
5765
6529
1902
2525
7938
4626
3410
3066
6722
4622
7997
1054
5778
2273
7051
629
2147
3477
697
3090
6013
3891
7687
5947
5915
5630
6398
236
3524
2248
6807
7622
4839
1608
5076
3880
5202
6493
2796
7541
5888
7487
2319
5299
5720
1120
6410
954
7454
1817
1381
826
2526
3189
7648
2165
5654
7992
3714
926
3714
4104
398
145
4456
1493
7687
2431
2965
3512
469
2764
425
5080
5558
1244
872
618
6106
6296
1317
3934
5249
7973
1074
7423
6701
1616
145
1698
7493
1105
3388
1044
4022
7313
1712
3532
6296
7135
7009
5413
3279
3323
6417
469
6048
3078
6013
2889
6462
1783
1313
1752
3349
5083
6674
1287
6816
1454
5888
929
4080
5980
852
6908
4471
136
4412
3390
4688
1060
7451
923
4876
2238
5417
5141
4981
6144
6861
3857
3424
5003
4224
6184
7787
1853
981
1646
6800
3048
4382
6773
1083
7243
535
1277
6663
4102
325
4965
7931
3809
4575
3462
1646
7281
6550
7575
2587
5459
6735
7
398
7003
7035
280
2662
1558
7276
1688
1023
2461
5708
3880
4136
5782
259
6701
1712
6959
7970
715
7572
3266
4826
5060
7626
1136
2469
1071
2214
4538
2323
7379
5545
1074
7658
2265
6610
7393
5413
5358
7877
3764
5542
1740
1411
5535
6931
7481
2028
6321
6481
6727
4340
6332
3535
7331
3146
4523
4570
2601
2744
6678
4556
4435
4127
1215
5637
3880
3532
188
4771
1451
2281
159
6141
545
1395
6090
816
115
496
578
2251
3045
2090
87
1291
6479
6246
3875
2033
7849
3240
5021
4115
946
4196
4529
7894
2681
1033
1381
6372
341
5799
2523
677
7261
3557
5688
5118
4157
4506
4437
6704
2487
1105
7570
6809
79
3520
2101
1902
154
2050
912
6577
3135
2066
1407
4409
87
3351
7078
2349
308
1952
7928
7871
6835
332
3181
5413
