71584
53044
38204
19344
130
68904
47639
77666
20989
55515
20149
42757
31113
61082
14124
16204
39501
36647
52829
71398
57452
27717
47448
22732
34710
71180
74055
2916
11432
43594
44946
322
44769
28391
57838
49304
16457
54211
50249
63555
19619
72619
61757
56939
60390
20012
21033
40251
26493
8591
48674
18716
45627
115
27683
45064
53930
68778
37834
55245
31326
42501
35481
51387
15594
43137
10701
21602
34464
64778
72646
15012
14848
3598
72367
61646
50772
66270
53592
34314
4553
23322
14197
9151
77803
10308
59519
22675
79600
33730
34713
77125
66642
23862
5722
72873
54993
23424
20110
23502
1796
78398
25209
34835
30100
48769
19227
47572
48337
51168
4382
14259
37493
10005
12308
73699
55194
65061
19124
65818
33816
5782
48697
16825
17370
29405
64304
42018
37896
23931
65272
5865
8030
7787
53755
52206
15770
3814
17225
16677
48823
47671
54823
14340
3505
78133
54763
53567
13938
46908
51382
25289
33110
12786
11877
33930
9470
38476
31489
21430
31428
67066
61374
40900
134
69249
8059
15729
42205
54490
5903
36723
25558
61777
47313
8834
32743
37813
51270
30258
59033
2051
21509
8325
60346
76182
13494
50156
1103
76730
3363
21348
50802
63835
39848
18596
10833
17716
71803
74092
12660
68755
7152
29945
8142
73468
2325
42350
45426
61721
55428
20802
52225
43978
72609
13620
42327
72739
60179
34207
61699
76905
52924
24428
40433
44591
73479
27970
11659
72953
44223
61688
71208
35560
52734
58173
26721
58736
9281
58965
42210
10926
16712
72459
53171
60029
58036
58957
52297
55352
20019
49070
21160
54038
380
5560
53008
5799
44802
841
35769
41398
52004
36966
17961
14245
21798
54922
43678
54081
72044
43272
4964
48237
75473
28688
10393
3283
1637
20728
45719
5258
10518
66340
51402
19136
15917
55099
75186
40134
32251
13154
68593
53694
40148
19168
4309
39254
15612
60981
55653
48893
2645
63990
78848
44217
71286
2048
66367
22969
30343
27657
28964
1891
76387
61695
39115
53914
39478
37535
10206
20209
34673
68192
32865
39575
19489
57410
18075
23756
12694
39918
64067
33498
58852
30135
27300
26222
3047
3051
19986
79763
67923
63408
40173
51002
45359
71840
43379
31752
50552
45557
19152
23264
72096
15927
4071
13406
69931
52025
7878
58532
79242
51097
29249
37247
63462
2929
72536
54470
58109
9639
5780
15336
42122
3915
20081
16204
6086
9397
49236
30155
12665
28742
17206
59107
34408
32288
14596
7781
49888
34645
75845
48494
32257
79436
63797
23315
869
11009
46605
50448
66411
9746
78482
13210
42225
27734
74715
9560
26151
33327
40443
70565
3614
65856
18687
5802
23649
19141
74725
48138
78970
6653
67939
49293
61643
19195
39301
38421
33920
60441
75520
16730
49281
29447
10198
12750
32388
66101
74904
31070
22254
51427
22224
19088
21130
26179
67006
59599
76967
52413
14793
61782
9205
8702
56386
42499
78208
59117
22966
62888
32196
44080
27965
31750
40388
18288
75364
42568
47240
64112
18628
12634
47268
18264
46046
73730
30632
30322
54059
10486
74754
75433
31693
36121
14373
31259
79295
6645
3191
52401
5880
3243
62389
27774
60009
34524
60755
72153
21698
8002
77360
72976
23048
22556
47974
11512
47430
39174
39082
17406
28595
29760
8722
49155
44320
36737
3888
37960
53743
27582
75041
18959
2881
64254
75200
24224
41790
20636
76966
79952
69981
4144
32437
67104
65839
34851
71965
47003
48391
45506
73090
25552
5587
896
72587
11302
27004
70529
61172
39534
22537
4941
70433
47309
30661
73547
23464
59292
68
2890
41814
53782
55143
67546
64648
50662
55978
71230
76865
27245
29688
62021
39288
47905
50300
65602
49643
12073
7684
3633
30763
54298
31021
25366
63040
30966
46966
38336
27636
11662
35713
40979
57613
41840
17479
2812
7056
79233
25691
65259
9194
67718
63942
74766
66893
39891
72107
53001
77360
34332
39660
72988
64151
33768
56932
46815
45420
62545
53574
54046
44119
55381
72489
46686
70970
43252
70510
7745
19578
70678
68110
48890
28886
24020
31958
28606
43081
38077
231
78926
72378
5990
51173
22289
2448
76978
54272
73572
25489
55980
258
37144
54569
33192
60376
39142
28035
77659
41884
2840
66853
54688
28334
33560
19515
65217
79176
15697
14308
39555
30882
48486
27092
25348
28129
67142
2578
46666
67006
78152
65195
68787
2746
29062
34330
78581
23279
22174
70065
78033
76026
66343
73940
67831
21916
9095
73932
78587
44100
32961
46340
60900
34547
16594
76236
13727
66030
68360
17461
46618
79258
72511
36747
55839
68800
3923
19462
72708
62875
36703
27308
10698
53128
6457
18259
16535
38920
34596
74545
61546
15720
56124
41897
5863
47513
29296
66233
47916
21510
25675
31661
61425
28025
55140
51738
25327
61160
18528
54549
9763
39975
49742
48797
10646
9127
5797
5119
10331
53582
39478
17428
32526
72870
40557
20831
62097
26138
40666
17322
2805
13739
25059
1280
34247
71636
53268
40337
592
40048
12652
19188
13754
18270
19713
30837
42408
49524
28353
54209
68999
3789
53232
13799
47007
51317
78785
49064
39817
65500
6957
7772
25272
16232
76552
55189
22013
50315
33563
19097
40269
6873
12922
64479
50182
43767
55601
25651
28513
58282
16009
60344
37892
31696
23747
67936
28616
7938
55767
60062
60518
2860
38
73303
20022
78972
53484
70988
48308
52813
74094
45557
21709
2143
17285
63151
25962
34656
28294
43506
59146
10968
12333
71797
37701
43954
33739
18690
16674
56450
22863
78271
22235
79317
59747
63165
6162
44583
9732
25274
37238
54725
65842
41387
72451
8212
1603
10536
23442
13268
46481
56380
26222
64844
38305
49910
73171
55495
428
69218
69320
75935
30123
9633
63251
40641
32693
40662
53078
78930
40722
11707
47905
60468
25801
32613
41908
76619
35488
57226
58501
4895
46927
18577
38054
33553
54214
75772
44919
41382
61899
65792
33745
55369
56822
62304
40042
62719
67165
8812
23222
7372
73135
56698
56015
53453
69534
48304
63684
47178
79831
27873
15666
47760
58484
66639
11388
468
29805
22966
66060
59120
9812
8732
16686
25131
7274
73634
4400
71485
12060
29419
753
13273
67511
7447
68761
210
18090
61592
18745
29973
12507
29393
30490
7871
47473
6371
40553
22142
60823
39381
3095
59617
40262
31965
20060
40069
66542
6512
5761
5746
18257
42867
71461
51619
31307
72432
9543
63762
63172
31078
22975
41048
7268
32717
2048
17092
20600
44609
6666
3573
1922
5807
76491
65216
47998
50499
54029
73436
59038
41949
23149
29720
29430
29907
23207
28607
76416
60736
47891
53367
67633
12516
47246
77598
64186
63657
73161
48951
11730
18055
25954
25438
12466
66953
20426
34443
44223
21605
47208
747
6201
62927
4774
25914
14743
47450
27792
30890
45925
66989
21549
70902
42902
14574
68755
42312
59835
44014
39652
17021
213
25262
53423
60478
79633
25081
41169
73924
756
27129
69329
25298
56527
63722
68189
24593
45721
45659
54081
47132
55640
59790
20218
44565
77150
76498
45807
7214
329
21613
18111
45711
20405
54931
50275
33238
38522
67497
58935
25817
69774
853
15637
1469
50521
73811
1573
57630
20437
54229
26871
44560
31686
22304
72953
38009
79032
9098
35624
57925
1718
16590
75811
34941
76459
75635
41936
48246
9784
7017
14376
37721
22719
48913
13583
51045
55668
4176
39876
56032
3566
37918
5675
48332
55163
79792
4636
72698
68485
53696
40197
75943
15054
33343
17743
20831
27537
20041
58545
6557
30592
54905
18627
52636
49070
14523
4130
59901
47110
38034
75799
6492
49771
79527
9038
17962
28754
71510
27478
15220
23747
37108
65899
60881
48195
68395
43252
22433
35647
40235
68719
78703
3729
25339
19363
6822
35790
10005
60312
66058
38347
46167
58260
29175
75001
18077
38040
8972
11427
13837
51195
10320
8014
20518
58417
2356
69341
8654
51398
14206
9375
67611
60898
79154
30923
66697
6925
72826
46664
70855
47613
63210
29210
24069
26507
17376
59305
11616
63214
76959
37818
43278
3400
38650
20995
67210
50036
44988
26337
18887
59956
69741
22768
24096
55263
40159
39575
24157
33447
40729
50741
38647
55012
59609
45399
9962
36154
39257
70490
59340
9077
60596
8287
68921
26265
63419
78172
63461
34453
4600
20551
47575
21638
57116
32448
11522
60862
55674
51346
19878
75309
76167
15233
35372
55770
76069
28227
12554
64948
25522
3276
25165
10586
75730
58320
9610
2425
53335
31001
26893
57197
10320
16326
36283
26098
65187
26889
15634
31463
77739
71588
74383
8683
65951
75526
6694
36508
24299
67088
40760
17687
1633
20112
11347
63865
56842
30375
4346
54332
41113
60697
51858
42731
51913
56895
39287
14251
74864
5668
60870
71775
2703
39894
75511
40398
5412
26931
66203
65667
31680
4786
22018
59337
22007
34085
45178
74934
35964
78978
42449
54043
17930
61905
42959
50414
53896
43093
49682
45016
4305
29673
44626
67763
44812
2962
29447
70928
2715
31612
49383
39331
79775
15672
38417
37653
1290
48322
70037
55040
44846
30680
63482
45969
20579
10805
46078
10728
72271
26566
32106
42522
34771
70837
68780
39338
79375
53678
25895
10414
8968
30882
13535
30641
6371
49686
18611
53201
29798
3535
62542
17054
3216
32366
24176
59267
16665
75214
64580
9190
61397
72614
74255
1044
17352
53508
61897
60834
5029
49178
9707
12998
68052
27825
21105
4700
28841
75426
30284
2120
26964
19556
46790
56561
59040
425
8898
51391
44606
79361
56497
19009
13357
28169
55200
25892
49477
12457
55846
60020
71007
1855
79862
67281
40991
3849
945
212
30691
36544
72495
38465
73318
44928
49252
5925
14268
68787
70949
39432
46736
48862
10028
22294
7180
52879
5782
39516
59419
39846
44193
73282
9842
9766
7305
38462
8765
65695
59647
33296
63588
39563
44848
41956
70544
14951
21455
58690
71852
13842
66585
41916
60139
43055
14704
2671
59677
37692
34229
26925
14528
6261
16608
63136
14310
65538
54402
13321
71572
58842
28898
74831
42332
3044
44295
78362
67157
73948
23771
50423
78279
56447
3266
11464
22356
1090
61957
54678
10115
15173
45598
32006
64422
11534
68625
20346
1806
12248
54914
59468
59090
70546
78297
12991
27954
49351
1464
54383
42965
18109
55552
72732
20544
76865
54939
3355
75788
76726
13924
38876
48382
27302
38508
78904
45915
16720
74664
48267
65140
29896
71992
42213
57388
31259
5419
17842
20859
3378
77543
24853
15975
4645
45596
31319
12414
59125
16285
34473
1946
40111
78276
53529
77872
15209
2624
50695
17790
38848
811
38170
2494
54059
39118
42316
4121
9474
20020
11009
55007
66017
28360
17712
57935
18672
61346
14272
33727
76136
47425
9073
8905
28411
3725
5188
17403
62193
35040
76417
8042
63010
74449
38647
62448
39970
4544
36528
24680
70928
76579
62849
74622
22034
70840
51601
40823
1385
64381
8433
16898
33247
22299
52848
23667
55998
68119
29559
26649
55236
20258
67305
57693
61386
30749
31592
64527
75543
74243
71961
65436
56093
77789
41238
74682
75413
71641
71824
22196
41224
10987
62883
9711
49835
35942
21765
59669
61982
18932
70034
61576
46181
22436
79027
69838
51577
472
53073
23058
9723
72486
40163
42379
44959
41224
29779
13896
13660
48114
67283
25864
49990
8816
41527
4585
58294
57044
17540
43880
29863
75099
60614
78593
25471
47988
44018
22337
38286
23108
36672
36327
59239
29104
66703
40683
71703
70605
57283
64157
68991
42587
13947
62313
60719
23028
16258
2129
752
18017
46912
34500
24386
67948
16043
41427
20526
52106
31648
4597
66374
20055
14559
68530
849
5916
24601
35905
30419
26913
20770
26809
27228
15250
46578
1228
77816
79827
75220
53289
56307
54823
34889
11558
55037
40254
5813
38496
15409
70981
21959
60017
39946
31180
64390
40151
48032
22623
73523
69867
20096
70658
11602
54433
75167
76553
45705
43840
75470
31485
42590
67844
37984
45878
52167
29896
52383
54334
66488
12393
71686
10348
62617
71580
79037
8830
46072
38013
1253
53494
48387
41419
15189
31489
17254
11882
37848
55952
19509
22710
73000
34192
21130
54772
49451
27153
61643
36322
78553
63045
46948
71528
73557
22505
6669
45961
68590
59104
44606
74870
32800
15012
75470
34913
27228
7288
27161
24176
62406
3920
22354
10543
55584
44911
20451
32366
51230
31958
55005
45108
19406
77109
2239
34719
50431
33990
53452
52206
58371
65123
29645
18854
1450
67248
79245
23810
68268
25216
79119
17910
25739
36688
57130
33474
15476
52121
6328
18003
46028
49625
64436
25758
77433
66726
52479
60502
6535
11504
77264
24324
4263
39448
61238
25286
24960
62497
72474
5870
7245
73152
65242
24367
31849
63964
68688
29779
47262
70811
38492
64148
43500
42095
67617
15980
40818
47564
18289
55502
61037
40145
78468
14152
45437
41996
13708
24813
54327
23300
76418
11231
29695
27806
58542
77025
72124
57665
53632
55867
6176
14835
77543
28831
61788
19767
31119
29507
15002
28764
18133
53914
3984
22048
17864
11135
4244
31839
56779
14048
34422
20393
78878
27099
25887
54285
40911
41087
71539
78760
21127
71992
9313
63332
17793
43747
49465
27158
16913
24686
41132
73837
2718
62648
3483
34249
2114
51805
15652
48176
63082
66774
62054
4135
32943
24061
77115
47994
25426
27722
66248
35147
31858
46758
53982
14793
41433
78414
49360
10449
49832
52261
76560
30185
14536
55930
62456
18880
40443
56144
40134
50554
40927
62268
5327
52263
49170
69598
33859
574
68204
26867
15825
30811
58652
28049
76795
37730
59539
65100
46391
71974
10385
50669
53584
68904
78840
38625
16728
75190
47562
50728
20712
47552
14730
46510
34154
43174
10408
62707
66715
51468
71627
58834
26287
30009
19605
17793
69323
60053
19502
13954
5440
30561
62814
33345
12907
34696
15257
40410
22991
25124
56084
22675
13386
63528
34571
31890
51390
3753
31155
37000
22931
76865
29167
63912
28467
63304
52545
13504
19983
44223
17743
74778
18099
34694
30622
72495
68195
67111
28557
41562
75011
64911
65792
55867
5206
45737
7439
66362
29479
20497
61922
18066
24402
19457
6986
56181
22780
33756
41679
12718
6759
15002
4222
38893
23668
72810
21711
6971
10745
50960
50075
43688
71465
77552
8405
25677
57865
26528
45997
44880
5691
61587
17748
60832
18888
49865
35769
57299
27403
71057
9522
21209
38086
33501
20767
73763
35057
13226
54529
74023
14720
55739
15778
77851
67715
49753
2962
20969
16570
65611
55761
56714
75066
2091
25100
70182
68077
23591
20721
66705
13194
10524
64704
32911
35726
18914
41952
60673
48803
61735
4434
36614
79706
64286
40495
12611
2298
17925
15484
28895
45536
51523
45462
56363
50885
50626
22885
10870
16632
41634
69352
2160
77946
31482
35053
931
17532
39353
40828
30526
70305
5302
19217
42077
19534
64549
41619
76756
69660
19709
62068
71528
34736
47639
9627
42249
79052
4847
37112
71035
3758
6622
27683
4116
37156
73005
72242
64555
76088
7795
483
42597
17743
73843
53242
31348
6281
51055
37869
72320
42618
28727
68748
36242
61914
78433
75842
2405
59842
7926
73371
54961
1184
77478
52066
34955
43559
15268
37894
69367
4313
66984
69289
59911
62719
15825
50359
40890
5544
22594
64209
3667
38358
58855
63934
49558
73241
1103
7384
5138
7794
29793
31206
77695
52297
53446
29305
40630
11636
16556
45831
60817
23415
19109
67493
78184
8490
18628
43470
58740
34260
64259
14365
53367
28434
19894
38587
60526
46028
27458
9127
22871
37082
77644
53122
6305
79447
79203
15083
36516
65524
38826
47782
37762
72838
78760
20540
14199
3156
29769
30314
48200
78289
17583
76814
29728
74045
74222
35222
5015
14692
41194
13078
77229
4246
75805
36142
67034
61325
13902
61119
70597
44854
77296
19375
33359
62707
25729
43224
37375
51596
8648
741
15422
4324
24305
13904
30505
71299
47680
250
14825
78157
58112
3972
20276
18994
31949
51910
10792
46583
39358
1096
79900
36688
15338
42059
61453
58055
16030
49502
38597
2884
75777
61127
50442
70231
56913
69002
77320
22871
60684
19946
15014
79386
58776
25462
50256
54846
75852
11361
57044
74196
56386
5605
47018
39206
46860
23731
45053
19483
36550
425
62479
23626
32055
78004
14500
15895
32237
19792
43617
30111
33038
51987
25414
28809
40416
39136
234
26848
50545
8829
61004
61455
42611
66774
29675
18451
26907
12308
12050
29723
55342
49124
36962
78644
11659
22776
75891
66506
3144
69643
33402
36672
22453
24850
77048
21549
8030
6952
32331
11539
43837
38509
1426
73531
36121
38077
62316
18979
48457
64669
76357
51163
72590
67234
6042
41859
38680
52127
10743
31077
43884
867
77419
38870
52229
50606
21563
48814
53198
52310
60549
41874
76954
18364
31728
59133
15281
64931
56826
49497
23823
35564
18238
9518
44298
68949
20212
9674
70981
60733
523
27069
19167
70785
30976
7786
75558
2765
67857
3567
8780
52728
78720
35539
2727
3777
14848
77543
25491
1867
9320
78394
18950
186
48231
16986
49959
4871
59572
33543
50467
32533
34269
74980
68729
15220
31604
13192
62786
3081
71494
12519
36436
61372
5979
39031
77651
29469
55962
64830
50731
76978
7667
44719
36427
56718
53001
11115
9095
55720
64003
17572
21413
65624
36344
13851
70333
58009
5032
20081
38933
39306
78965
36287
12571
5364
77224
19878
31930
37911
72895
32559
64216
44726
12571
58509
13354
5615
6517
32476
19938
5223
68999
6254
73522
36226
24964
64164
58168
50034
25856
3614
48761
27793
19999
19068
23464
40556
48281
14522
5047
13572
31943
30424
5744
11687
64035
25381
74283
21763
70121
60814
78192
49104
69920
62059
48864
38789
64680
76987
4475
1128
9879
64849
15414
50129
24598
75033
42278
70518
78951
28881
20572
33664
55653
4980
63807
21434
28760
37655
76398
79653
36587
67164
38402
75337
14495
49490
53971
58329
36058
75928
36917
58075
58209
66182
65362
19914
3847
49402
67915
63040
4544
52182
38958
64144
40541
11935
24594
15338
39083
11311
53165
2531
20754
44305
22710
70194
9777
44905
18333
59425
13405
37425
61091
77875
51404
52576
13039
8081
66594
22620
42835
38383
20907
9921
11434
18683
5082
8265
30918
63010
16799
56493
16098
35265
56275
38666
53994
13270
33537
49487
41722
65754
10935
76038
34713
7229
31447
48019
72390
44692
75938
29172
40458
19086
23281
62625
6952
46203
41856
73932
21646
17781
41967
61592
17572
74113
75367
8756
50564
4527
43096
42265
14890
69137
64901
49096
16730
45530
50609
4934
69349
25059
30388
73149
16510
15162
78235
62750
71604
21172
17320
3512
75707
33832
22194
75831
56608
29270
69838
62185
4903
26758
57839
36408
11907
64791
51275
21180
5355
35782
11476
31905
35600
56202
47855
50061
20223
19545
59391
52349
45871
8259
47192
69018
43063
45914
48393
14878
71707
61348
40637
27435
73647
23762
5785
18877
7253
17927
43859
14032
4527
56640
29465
2134
24615
8960
53081
9803
20108
36943
42255
40918
21508
23539
6264
46873
56564
76660
70477
31635
47666
52725
9064
66890
64288
46974
75914
52010
49399
42985
10734
19307
28464
63539
76719
8327
23096
61126
32086
747
3369
15893
24591
73747
54742
3836
70164
9235
21508
76978
17406
57947
23977
75251
24229
79630
20102
69737
228
4431
25233
72495
39754
39324
51088
28434
13116
72781
3408
78909
9825
69761
42632
56741
47406
39558
31521
24104
35766
47513
52842
57862
40020
12239
72641
48308
70471
846
24619
61171
52355
42127
59279
30370
3239
44519
761
41790
75765
67985
53497
34398
16452
33144
24630
40484
37661
67231
11782
3231
42798
10257
2834
5893
13927
12905
41299
44848
8794
38135
21389
50050
12341
55206
41482
20159
55087
35435
58626
2041
1339
15699
76732
73526
3516
58586
76426
43500
29011
75513
78587
57236
9923
20804
62619
75713
3642
43284
27656
37103
62154
34994
53106
43041
75704
58762
30947
69014
35644
3940
70106
79778
15661
13171
14994
14661
51747
24848
28859
48337
11188
28997
63512
56018
76909
12279
52504
71995
40513
28606
75098
12672
53886
72710
7552
22101
10893
22358
26602
11350
40378
49726
9940
40378
72581
10405
45240
78483
51293
66475
77021
7412
32463
27494
16389
44643
58225
12987
50728
14712
26074
37785
59956
6759
52454
52164
52945
51000
38915
40360
64077
40323
25960
39918
46276
66983
19473
34601
76560
65070
46290
67783
22927
66214
21070
3753
58623
38865
49599
789
52927
37401
8264
37498
40519
73254
24238
56618
17705
54766
45907
26074
48441
11307
77406
75103
25742
25547
29881
56521
39303
61872
76696
7305
14061
37869
30614
47395
4012
62820
21382
23189
67528
16209
4626
35279
69990
9886
16215
16503
16131
68736
54773
38617
9350
60365
53295
29348
47639
49446
65980
64315
66110
57774
33871
26765
8209
54373
75799
4098
41956
56222
34594
28014
62560
54506
72317
47988
78703
79964
68173
26528
67921
56930
56513
59292
16006
48337
77370
62048
37064
34657
17634
16984
59978
51333
79016
5352
77419
67608
28337
50193
68470
41723
35212
32448
10432
54886
25393
15192
15711
63660
35441
32461
31380
45108
62211
32639
26074
61922
46769
16164
57865
5244
2646
63459
31329
29361
41002
10312
4313
67852
46440
71974
23911
1215
21680
69460
4571
31075
68644
40801
58026
56594
76952
41634
12672
3685
24433
76445
7985
63693
1793
55904
31756
4263
27494
38593
45876
576
37608
7480
73887
35138
7365
32782
1521
25384
20847
2230
23176
26017
70861
21734
2884
73594
45205
15209
27212
73126
79267
10237
15851
43533
25949
49438
42430
31711
47470
67916
77713
44237
16445
1204
21552
58447
48728
33968
37721
54013
68970
10776
52787
38023
37593
31168
53059
9067
26276
21285
56657
5015
9144
59057
71253
56790
31343
52156
65931
7025
37690
51777
45401
970
69182
27769
70475
23631
11865
47893
19585
20923
25864
51120
9988
11396
11992
9338
26046
11444
24322
43432
20465
6797
77943
47567
53106
73916
47266
22961
42618
15749
22647
5084
65766
18844
41523
68865
27451
2760
62278
71759
71759
44951
71217
24399
59743
13975
13116
40417
41369
31985
59188
28971
15940
61154
2233
74333
69107
63716
74409
57653
40760
31934
34902
43150
69613
5487
52551
22396
2526
60742
14790
77613
63920
20665
67088
27326
20555
18142
73836
12282
3263
53165
79392
36574
224
19526
38333
10047
48174
31827
40464
415
30680
77115
46899
27173
45672
13762
18464
44925
30447
35691
25962
27117
18734
62997
37674
24740
10587
19420
76962
40461
52636
15927
59099
31696
38947
51163
71567
42405
29477
36269
5880
53688
73053
57322
71075
14733
31196
44137
51647
37513
50075
12391
7325
53452
61417
76055
10016
65985
48786
50677
29541
25675
13610
69264
14860
73470
47715
7117
28775
41640
74088
42913
9416
15391
23228
54287
57978
38813
25386
67037
34139
52136
20844
20949
6706
28528
35777
61183
4067
36557
76267
40994
73171
65372
24835
61268
50075
49232
74148
25455
35197
68804
56787
17634
28616
12516
48261
28642
73811
63139
63716
57652
69981
14354
17580
40018
8506
10304
11649
14809
50767
4860
43218
41443
29886
55203
59094
31413
54176
17444
35488
50009
72429
19434
20035
33524
52334
21652
71592
48623
55967
29395
56304
33478
29720
54338
79110
8796
18408
33976
25936
53576
74306
43134
46481
24265
11224
64493
49096
36366
18427
62018
558
302
18880
37054
69186
31639
46038
19465
70712
11714
39232
77382
35526
50885
44517
78757
47172
51029
30867
41762
62230
3758
57310
5077
69904
28651
72942
64157
17471
76614
20565
29160
48158
17599
22296
38372
51994
79278
44268
29354
31304
32893
68255
60177
38511
42101
172
71068
65887
43694
1133
49084
11809
72748
32068
27436
76790
28142
33182
78693
26397
67706
65187
55618
45434
49136
30774
61844
19182
1383
36955
44413
4138
30952
53335
72659
55084
22771
35007
26923
54078
77843
4494
5323
36272
12179
51839
70157
55137
78856
9026
59226
67128
12821
12912
70441
21126
47560
26385
77607
79377
12575
74655
53095
62584
24355
61041
25504
16312
13563
50643
36476
73569
269
76682
58714
18058
69766
56781
37923
13842
10115
39975
26380
32766
22174
56632
3774
5743
44863
2755
37021
62704
39462
12394
66270
8134
8083
60810
79488
13234
16086
70135
65164
42195
1850
22783
21357
54956
60562
72189
42838
75944
41763
17277
13504
6274
50868
10669
60829
32014
49384
160
32634
14219
68587
19590
21357
49405
41801
13669
6027
64539
47198
72406
19080
21744
29608
7891
5378
75704
20954
44054
9821
30854
27430
40873
79882
23479
47999
12289
20203
20910
54836
21622
30766
5654
15148
41088
53722
65980
37138
47880
65401
5803
13372
61339
54733
9525
13137
12239
36078
77916
67104
6934
21180
9720
9867
41000
23989
33117
56074
6626
22179
1469
67030
63163
17712
17062
77402
21367
50961
66697
20773
17500
20835
62663
20884
70062
25731
28795
3583
52541
4878
56794
9942
73105
42092
65527
26210
18034
35363
10964
30312
69349
15778
24049
75742
4725
77
3990
68898
17833
47922
44606
56596
74321
26374
56832
57731
65033
44524
7107
40014
56212
70309
30816
59717
50743
64236
31835
9395
28522
13994
58639
25311
55940
52055
40274
62476
58661
8405
56543
18545
49258
57001
12067
15673
52568
59374
30991
32509
21916
74116
8308
48174
26012
75802
23251
30327
11243
67229
6989
73155
65389
2994
72464
32905
40479
51924
41282
38293
8801
68647
25959
70767
22719
50445
16122
25639
61099
67787
70195
62002
21259
52225
30001
43959
59425
60392
17835
74050
27645
29075
1970
70782
79575
52899
60664
48069
49425
27571
33841
40053
62114
77455
25681
46666
25231
11361
19083
1078
19906
26823
24201
75872
31614
43661
75929
35132
60846
45053
59561
26337
30674
46274
71064
40020
3029
49607
23851
28099
34781
25653
6613
37147
30018
7267
64178
49299
65676
68384
25814
71725
74045
63347
23647
76378
71762
77915
75953
49290
19478
51264
45094
67176
48137
63107
60419
72677
22324
46094
1753
76458
54989
65129
13324
7894
74714
41654
9960
57885
25592
75082
9839
63692
30968
48032
51638
846
46016
78184
63278
42347
41595
22142
4585
71180
37269
77616
8645
38694
46927
58072
18836
3505
33907
27072
69861
47737
46835
24087
28520
17868
15873
28057
25322
56923
35654
6562
34487
36079
75983
66010
28109
76069
12993
68864
12152
75739
77777
49321
19072
77614
49109
6082
24459
50531
44719
60482
34483
25610
55517
17384
41994
11840
16756
5362
20562
50395
32701
15538
25833
50110
72084
72456
11534
21057
77415
23726
55551
38031
588
55694
55310
6482
45851
49345
73572
39585
4557
61592
24455
45188
31557
61194
61824
10923
43830
7369
409
36371
54446
23363
44832
19982
31201
66060
52356
54320
42065
42008
51830
30672
74688
65591
11626
15233
47349
76543
35112
60945
32942
56084
37412
56539
37112
9400
23673
14848
32265
23386
31319
22326
30126
39932
48917
56955
829
65836
26988
67305
627
50786
68480
63508
64029
58562
2607
41643
25661
43149
72971
54271
60130
14375
43493
54096
60647
50344
526
29931
11591
3113
5659
44889
22273
32703
12002
52365
57403
33335
78864
51267
34381
69331
5335
68392
35604
20312
59564
22835
51133
14546
5987
32421
1527
40056
57221
47105
62694
6577
28253
36906
6110
23616
26641
72370
33242
47550
66027
29160
22014
58707
59561
43973
19942
65158
59334
52160
32363
2311
31669
75712
36188
50275
46118
4274
27208
63441
2983
11192
16467
29549
7466
17572
22299
23569
46762
22991
8170
74714
13020
1198
6797
27956
5979
32563
64787
16083
61655
69904
63221
14866
48335
52282
32183
49236
11041
33315
71000
54886
2060
73763
78394
4427
22465
60431
47967
31026
62103
47988
44888
53709
25582
2221
43833
46648
7820
12721
46002
46652
79222
11999
51712
40525
48917
19037
67499
77486
38984
34151
7301
942
64356
24265
47192
11614
1270
17756
32503
39051
42106
29545
79179
53025
52292
4070
37681
39064
1046
50966
2434
3601
71067
5942
26881
29592
74303
46473
10612
53845
16891
56872
57189
56377
5029
27853
77682
19005
68812
6317
42584
24683
4468
33990
25560
36765
18419
25564
50854
65842
32720
376
44402
65495
9884
55875
21530
46210
55598
11158
40076
23931
17179
71719
61579
79016
79688
16115
14142
34246
21009
47767
43354
36220
65205
65931
30001
13695
11019
67473
17512
38273
46605
61872
59316
56579
4315
34461
22544
65815
43275
49990
61121
53709
28264
67927
13976
51444
15271
24407
72563
27407
34794
60413
51977
65928
62737
66492
37439
72587
43032
2221
40989
57633
54006
55454
64590
59456
44783
48497
10575
53895
10440
42566
27347
74090
43617
60272
68441
1944
41275
22618
37356
73084
22751
64085
33362
53483
62464
28582
48241
15640
63942
43631
14422
1701
10942
36930
25898
72072
70042
38578
27268
6622
18938
3349
61040
66353
45787
77550
34260
31242
64619
420
49275
61946
59604
69088
34479
41936
34851
38376
32350
25726
28391
57500
6802
25686
63007
27071
26831
14297
62142
10104
17273
17439
9036
25023
37084
31558
3624
77757
34187
72075
77214
12172
22566
9076
60717
24947
58195
33699
51787
13212
73814
3704
47462
32160
1489
69262
65905
42177
15661
7559
39342
1596
16180
59463
12424
56803
31771
62125
34048
54327
6411
60342
4960
18756
6182
16686
41851
37158
51199
75338
39596
4229
19855
76107
25068
40505
8490
71551
62877
44397
45781
16909
40472
22548
66209
9345
31513
39896
23720
24076
26423
33991
51704
39914
23966
52716
7183
9576
32880
57167
65265
17676
60071
16570
46855
30058
50914
49136
7229
32512
74773
64351
40876
40677
25268
73042
11197
31786
55911
22916
50977
49901
79126
62895
37854
21528
67703
18806
9085
57915
73523
75562
48103
2969
34736
3610
67962
69755
61435
34025
38407
5456
48217
26564
55294
8094
74710
13674
67962
43868
66540
21107
26187
51472
31619
58932
22498
11249
78721
30337
36286
65777
17400
38083
46680
1708
78901
23674
55465
17712
75983
29389
6504
11388
21267
51346
47800
71597
68629
19550
4248
41956
7381
62368
26784
52112
69486
20691
79057
50957
74754
52041
65726
39107
50638
2405
60177
29767
8710
70170
38121
72268
69661
79081
79636
65233
7508
40002
5436
38900
7809
8280
3179
4188
38214
8416
64838
42905
61933
54174
29762
45300
43301
53441
1965
78580
18666
57327
49208
50322
59715
20428
3718
21782
44919
28264
55552
33775
63699
6769
47560
2188
37217
42608
58684
12826
11724
1757
74655
70062
70465
70352
75277
61270
14617
70240
37272
24501
79400
16281
70273
33209
3351
22339
10978
29630
26240
74606
44235
63535
2967
24586
10942
78498
58844
13770
36154
38447
65836
75056
30057
76191
19986
50817
37550
9388
78732
36029
9489
44951
21294
43908
69182
49803
17994
50702
28101
15655
62772
30808
42051
70201
41723
43293
79108
46317
48099
57820
63909
56486
75051
15750
55530
70992
58938
7206
25263
16965
34006
29133
38808
39020
52461
15116
55582
7413
37417
64271
30943
7786
43269
57352
77808
74167
28014
14398
71655
19258
35160
39232
61754
10461
24402
79039
76642
21911
31070
28851
29030
72432
49975
55073
48223
25922
32634
10676
72947
6231
73069
22653
61706
30626
9426
43125
7778
36296
59225
60837
64412
904
36669
26294
70613
51210
66705
37224
51799
48304
12373
60770
69895
70191
2515
25423
77587
73432
58738
71977
5208
67712
29725
29402
43114
29175
48258
72089
79729
29966
40101
55530
25423
117
49073
12351
47387
57987
38628
21585
18916
19513
17217
65078
73320
71934
74206
12977
20115
13524
79176
22661
65983
67349
66378
19227
44122
45413
51986
62903
56103
47835
58871
7219
5654
67679
62398
50885
38366
6634
60425
74771
53560
10610
35657
43876
10162
41673
16019
18390
57215
35286
40023
11233
51306
15840
13894
20243
8416
53599
46960
37244
61950
29657
33222
27343
64683
13156
65302
18987
75870
7346
-1
51446
32595
45795
10638
64436
31573
78848
38347
26046
13912
9958
79235
76207
9290
60373
48081
54146
55515
59241
65116
19064
11568
33051
25395
51954
6782
70506
54134
59539
68912
41369
3852
26339
15457
3876
63426
44889
42652
43333
35811
18801
44873
33884
41449
6359
44487
49370
64046
8765
56757
73254
16592
59127
74920
22708
50459
6636
71958
13154
71007
39470
75831
41369
18554
73712
63120
21734
53557
40453
61935
27153
61964
57033
22759
3576
51772
62939
38437
10263
58383
60788
31716
57392
48730
3415
40031
64791
23391
32254
71037
63805
78111
27519
33991
54282
55326
52601
43441
53713
49076
76994
5117
39457
74628
31225
44979
53621
64378
43850
78823
58
49182
15565
40493
49950
14945
21849
34645
7369
27518
57774
11233
35560
14653
13615
17984
9126
19156
56572
10231
17397
5443
46528
19121
60065
30023
747
461
38895
22082
45735
58623
29507
10695
40769
49172
52111
62051
15574
61807
50736
50059
12644
34501
10838
59448
1232
78636
18799
1388
67002
15445
69795
67030
27349
17541
27803
7612
74429
46808
32533
15330
35873
28689
65547
3744
6645
67519
56941
16751
29618
60526
68302
63815
76331
55618
74662
64995
2192
73128
24506
6600
264
79110
65541
37641
17694
52038
52652
38146
60326
6590
69486
38195
44568
33091
47920
71565
3651
23062
69110
8045
20027
71708
22928
75744
33661
19785
55655
74379
76655
52356
3351
431
19351
55071
61132
11512
20131
72947
26436
600
24224
56260
5718
79081
71283
35831
28843
33256
22519
8329
70658
2452
26543
3588
65951
41731
70936
11067
43621
23225
71892
38005
26293
5453
74043
44320
6747
5719
24611
24411
8754
18554
71021
66146
10728
63799
72850
63657
3974
915
62652
19044
1158
44542
34167
24816
11114
14926
44355
59978
79916
77213
41893
79792
55967
3283
34547
10564
50110
38258
53737
15005
1317
31029
14289
53942
18395
46556
6909
34091
23217
66475
33620
78620
10099
49835
39561
57822
17703
42065
60897
32512
37755
79233
50687
43107
23539
30499
51582
16919
7136
77013
69633
32631
46149
18874
8165
57979
67760
49364
42109
68673
75156
73154
17381
69080
51372
77543
44357
10051
15253
40925
59962
53233
12832
74625
63586
70723
38629
55949
33923
28727
75759
55889
44524
69071
72691
61414
57825
29083
43866
61844
15153
29809
26486
72395
22010
24373
76110
16174
11415
23692
70565
9861
9671
69567
39756
7193
40406
15718
30320
71068
5130
9886
46033
31800
50885
63271
68077
21896
62542
29062
61410
38327
22232
6507
50131
9007
66917
28139
11701
16753
65615
16190
76900
5845
71303
45490
10180
588
71390
54890
54385
36007
72674
14980
70103
79697
32315
34332
12732
38333
16430
32199
70336
32291
27185
41988
19607
3466
12739
5554
6822
38906
36685
21016
6254
6613
48589
55483
1308
68619
77090
47368
63774
28217
2688
15899
16239
8881
42029
5743
77231
3809
8268
57320
100
3739
68962
8580
68602
1028
1492
16012
70299
15637
68576
22199
35685
62929
43299
3370
4934
64740
65939
25379
49983
59017
29983
52121
68156
23049
71909
17469
74545
77245
11334
47175
33029
29261
29851
72602
27656
43758
42655
64547
62021
66509
20534
61198
9679
57176
74416
21300
74603
79590
27122
43490
77109
48567
78762
72260
33289
65682
52584
30220
47936
64341
30583
23433
468
52791
40790
9136
7120
915
23505
17725
26156
4069
68680
70706
16361
43488
50606
35616
60684
71282
21001
50072
62492
6759
56155
59573
48854
31696
21619
66895
37909
45568
55670
66859
22507
11420
48239
41888
32199
47463
58430
70979
59023
41960
75226
5854
66593
32701
17994
19258
63441
54218
18831
21892
36222
57211
10524
37618
24982
49444
15769
17628
13402
70995
58962
41743
9179
23453
63111
66138
51246
77296
8551
32809
5664
23754
31731
50975
14214
2402
58014
24238
45815
5898
43566
41856
52994
71095
50770
3177
73060
66461
24393
76633
24803
55381
60415
8792
6127
3133
31080
49073
62564
56260
13179
8325
8322
35771
40261
7799
62114
59835
71718
65674
9311
51768
31592
60040
44188
59693
72080
66653
77669
71061
34226
26772
21362
28032
40785
26611
27534
37971
40860
39624
24024
62368
79182
18174
31058
56790
40456
31062
48833
79854
62365
64807
245
34727
4253
41115
16394
40203
46863
73612
28230
33809
38606
71496
19946
2319
65846
15634
30074
51903
20487
5841
35052
24252
25489
18176
43156
30177
24115
79383
42612
75503
44840
69086
25433
62295
53298
38732
59139
57915
19068
62825
18478
68159
42737
3990
19391
523
27156
15341
60696
33537
51066
6950
66820
74924
9123
17429
76774
59104
58140
41834
73665
19731
65662
19534
28139
53774
57307
76122
77511
8067
65987
15181
54630
46742
30065
73981
37768
74731
62590
30539
75299
62722
2311
69877
18050
50445
63747
35398
2019
76182
22653
65061
5903
28097
49301
62512
591
60142
47099
40814
34835
32073
61130
67842
73254
2086
35725
41856
63657
8519
735
3639
3734
73216
73795
47458
51040
47393
14313
75288
16177
3120
27843
24729
22393
28113
41700
33120
14162
16469
68560
58122
70331
65276
8509
20417
37467
76267
7896
20907
71455
28012
62648
596
34003
48965
55181
8131
11274
28542
43921
59371
11701
7799
28722
79547
49533
42995
49391
8747
65839
10555
77532
66582
39365
69104
26395
1708
5859
5652
35620
20600
21518
64202
3508
48035
51631
2064
69774
66854
508
69186
3718
77790
28079
71181
48646
47414
26168
53605
59856
7722
50921
46596
65285
23048
38105
54986
72759
69121
16611
77869
47231
45681
6499
76865
65566
47060
56117
30020
39138
24816
76281
74634
20964
4577
59546
19143
38522
66306
50669
59296
16733
41514
4437
39188
20457
41141
59641
6782
65643
6788
46096
48586
6204
13782
12828
75947
20792
31976
72248
10423
60622
17118
28360
17678
34398
64948
12113
29606
17834
65233
67579
56618
12644
51598
47382
12781
39121
20568
59666
63845
67814
21283
52609
73738
79638
52810
18077
52285
7136
63949
8282
47861
5554
57539
28087
35315
71714
1055
48895
60340
30806
10437
24335
23360
231
1064
14671
50970
5973
38881
29723
11050
31097
36897
11885
76180
24096
4434
33708
52848
14980
32995
61445
20131
64888
340
5870
75788
22815
38504
51712
78798
26445
32563
63311
16294
49923
8483
54974
2520
38524
37214
52865
26478
56757
26234
71468
20014
43740
73757
2895
39572
12507
6324
15284
25533
19713
2929
74477
44985
17279
32813
38889
39779
11115
8998
21076
43604
29889
30776
33266
52013
51561
39867
28675
43787
62461
79628
35440
6194
57576
1778
58152
6291
6736
61583
6127
69925
73881
59808
52743
22488
65041
11271
66846
38660
20384
5891
62552
57947
8706
58260
30033
57857
42590
44475
31842
76678
52500
72028
12016
54928
67343
27600
252
25530
63341
47457
67344
58834
15962
40008
41015
71111
51619
35261
58652
52968
1432
38900
30262
32611
61634
11138
44425
24433
30802
78817
26392
43982
19227
75605
36673
10871
20035
12698
14168
31084
8405
49773
71719
53096
24892
40954
55628
7117
59523
42475
58100
4290
44174
8985
68763
12133
12704
63713
8801
71014
34039
35592
37305
76356
56810
43171
52078
78786
73020
14661
63267
28159
28189
68018
63886
78152
61579
15541
13427
29329
35895
17713
27139
16398
12175
37782
4342
46892
43342
9224
18417
7316
9958
19609
37158
43026
37315
31326
63094
76325
57682
73295
13615
79698
67369
33517
32351
6795
13321
16236
36590
29477
24226
8940
52965
34550
59938
3471
7569
33278
10673
18184
65570
63275
58959
33376
28561
18897
45196
57500
57590
66712
34361
77721
36952
47739
34226
70770
26154
19195
52279
55565
50802
45563
60935
69640
24167
64175
76345
55483
47967
16021
77226
51568
35275
20730
33655
73994
10457
72706
70339
32837
74327
39685
27995
4997
1885
31678
10216
79507
15686
37071
49941
69002
19496
51613
63693
72648
54544
3608
17691
45607
17235
27606
64194
31775
63175
2645
8586
60729
23579
27235
32116
62345
47192
54500
66490
62286
48188
78036
25081
39443
55359
21886
15741
52292
12945
15336
9232
72020
17854
19952
44648
75398
45025
21390
43488
51780
27998
16570
16522
66561
72536
46266
17202
36982
46360
4652
19890
329
51986
37495
52138
69234
7083
26464
68265
48851
20544
3868
45304
14540
63953
57204
75828
76907
67418
64595
37007
3435
10192
7199
56684
47676
68257
11914
23437
75900
69289
56234
76310
28388
30598
22919
68865
6446
41329
35726
32743
26853
38459
56772
32662
76633
60169
17673
29948
96
72374
50208
45146
12397
76485
14126
11667
67645
13212
28099
78835
49661
34844
58329
59184
9823
9921
6697
56737
33730
32872
19173
28967
47268
71480
40854
65095
73081
77960
36853
40343
306
66509
30590
53078
69326
43033
14881
33209
29791
24940
40981
27366
68627
19068
65448
15010
37584
40472
38996
5773
48725
55079
40815
8975
62503
15609
51208
25349
55990
51882
43998
54366
76925
52041
5701
11832
77357
62735
59212
68829
39914
11471
24077
78916
545
16153
15747
7242
18105
41573
1643
50426
68384
74565
32608
35336
77500
54081
28290
68582
38998
42878
62464
32311
31895
62941
34716
22988
49988
51485
56366
13078
19258
42640
68366
3214
56688
25653
41191
59152
16033
44877
11050
36930
70867
77583
44682
34673
11775
54233
28779
33131
21146
41015
66904
47034
19890
9237
47254
40754
71468
30502
5200
15765
54182
53153
43764
31895
56969
10703
2254
5529
66807
5785
75121
2460
16898
37550
76660
52530
31150
41807
76378
22607
22539
53115
9405
9901
54773
43379
11840
66313
6689
71230
38802
78139
48267
55137
53328
66532
11344
59083
35870
73922
20625
17948
35202
67985
13083
75936
58934
68938
64500
44134
11188
57480
56889
12548
45937
28241
33596
16750
8313
1765
747
43566
20384
79043
4950
22108
56585
69103
22871
17925
73017
55741
38314
1304
21041
32917
33215
9820
68906
4196
25845
62839
71061
7025
76568
52728
60283
56384
51609
74410
64133
28988
35513
40063
12528
75342
41667
44838
31003
14878
21519
44404
27322
51964
29825
69719
48530
12430
57121
8818
71072
26412
15726
63934
59920
18003
42615
18750
23148
63772
36788
57466
74464
74431
65385
3290
33381
44379
2918
2698
1547
30243
50818
79595
36352
15523
67383
44929
36806
26490
43468
20198
71546
51929
29160
29034
59381
10499
54624
2503
73723
70782
76331
57321
48243
18910
28945
64626
47222
68637
4686
73950
67352
18165
47903
26512
74767
45813
38813
76992
54559
21949
51647
25491
38012
5012
4087
72628
58516
41362
1793
3739
64402
70862
43869
26999
55770
31579
40938
50442
26564
43131
71144
24754
10789
7409
53293
4665
1506
53227
78256
1657
15724
34527
77237
35791
62398
11612
77093
26229
19091
62920
39643
67599
64902
75373
3400
9751
68189
8467
28683
73337
58214
67523
39370
35342
25745
67636
43823
53801
38137
37266
43141
78840
31365
57263
13053
25758
56979
25397
61614
10548
15980
5228
77076
60578
52755
79488
71480
41202
71551
39715
71388
24386
45328
34380
24001
31113
63710
53746
56048
3168
31258
61844
55623
3796
76186
59091
74327
22088
24714
50201
28576
45589
77189
43755
71071
41597
71983
35905
32570
37556
21310
58667
78884
48597
76522
11386
70125
38808
27534
6683
18279
43628
7219
62770
58568
53218
35118
14051
63239
11010
43758
50075
24410
37584
57576
383
68317
39188
62927
57410
65543
28926
61484
16232
24089
20928
51094
70389
7704
18483
15372
55067
28394
5119
1121
18683
1976
40579
54610
39220
7926
28497
67250
11185
57811
35676
42677
69014
55068
4359
21855
77736
76014
61850
21022
30508
20654
45113
13113
13107
40509
38587
47562
49354
8334
50499
17273
34123
5595
41430
66424
15049
50223
78817
21685
41573
2564
41675
47204
34522
21891
74250
50973
14969
48214
73584
55410
44404
34708
47603
20187
58637
61058
4584
57160
77999
34724
48637
75574
14082
33918
55875
18082
64498
54207
68955
62081
25922
15825
48602
57528
14516
31503
23306
62275
8709
35829
45331
58152
24224
35899
39864
66750
15377
54265
24623
20989
50036
76362
11849
47442
55645
39867
70490
43482
75277
6562
45223
78111
7942
70939
3127
62789
28379
57504
75690
49749
2752
5925
26351
3148
55661
20258
28239
18724
1893
50900
37150
61889
33847
51551
47786
63796
61027
51697
1701
18810
3852
70720
13951
801
29796
60887
51364
60163
50963
76920
44222
15530
31135
21504
28422
58293
72195
30270
76672
78513
8254
8372
25982
67157
27044
77422
35892
21510
63104
8673
21335
73864
24711
50029
28289
46835
67362
57293
35989
31220
46633
67671
33217
73105
36851
62203
23375
28034
72574
39534
18998
19347
76293
65632
19665
74778
23446
57975
19575
50333
71480
8314
79235
55422
60292
46596
76935
31854
35261
31238
41059
46537
2587
4613
64433
8569
15612
28779
55784
36870
23499
35849
35959
51126
32611
17810
37193
20105
60546
47219
18707
66190
37692
46351
35421
66596
43696
1861
20907
883
3522
12265
15326
33396
53331
66281
29521
65575
3608
67186
49230
56741
66263
61540
37561
11669
41279
75385
76426
36713
69
1237
65129
5241
76005
5433
44195
60742
62442
25668
69504
25476
45744
25017
65904
53801
59896
5566
57865
44514
24428
44742
66943
28595
67315
23723
74327
77433
69709
53647
69709
48199
47213
3449
13151
55745
17749
57283
66483
33439
4524
58620
29597
76465
41880
38124
28124
28489
7424
24732
1385
4075
20930
56456
60858
66396
54081
55674
37147
42813
5903
20178
20017
10262
60289
24390
32726
13532
64218
29219
48723
35741
72921
72051
32573
79188
26747
29170
981
49104
31686
30986
74834
7695
47855
29058
59020
22384
75511
63254
71770
40318
35204
6441
44244
12625
29008
11427
57224
44484
55038
33791
23799
16804
52879
25032
21896
63762
19691
73778
67802
1578
13036
76636
1698
59017
58254
59796
57899
53591
44819
58453
4430
20614
12507
27948
75681
15248
17617
47661
53401
75548
640
20396
46819
63529
60418
35355
36401
73594
34979
14306
13979
47820
12321
77616
79554
41637
25314
36858
24076
45355
35657
24462
60248
27488
77570
15527
43018
77253
6772
36275
19002
22381
71219
45011
57686
51669
71193
28390
31629
44388
60329
69952
75419
64616
17406
27466
35335
60751
53519
10990
79260
10483
50459
6391
63512
72721
36723
38314
74740
22238
7836
31259
16315
34289
10417
68418
77824
40185
34783
26489
59717
64216
72630
49275
54398
69861
62615
49778
36584
66653
45596
16648
4261
36605
19731
59440
69102
76726
5322
34756
50459
43628
48766
45737
42756
41569
16805
44977
52045
6763
36030
14636
67671
77320
13559
13972
10562
5191
2255
35342
54644
28770
4015
75136
65834
49462
24979
68183
39135
49208
42109
78254
28726
36663
12203
78757
20645
55677
28552
28226
12402
46467
73211
69300
55539
46842
75402
35585
18355
63385
3932
31968
72280
73705
32331
35803
51209
4574
69931
57475
40053
27119
3345
56422
16220
16274
3918
59782
36335
53467
31786
20181
65091
16970
6805
74649
62885
42399
27774
23998
23355
47940
45532
28727
1759
26478
55668
19511
58626
66820
56937
5551
33557
35411
69203
53260
31144
40160
28156
72080
46274
9805
47552
44364
75413
39309
145
47333
9105
37591
50456
75495
25301
16931
41379
13828
56330
37724
22780
46935
7420
20770
60945
44425
18459
29086
77918
12318
11336
23310
54789
76890
11105
1268
34355
31211
37721
29033
43648
61881
76754
36840
41168
64074
24167
14185
38738
55770
9493
7086
74263
67617
37229
32811
43372
72551
45595
60772
67415
43288
48612
15582
25429
10590
50975
39844
72035
44722
63912
66534
53232
52223
76272
74327
15692
12334
65927
314
4459
29966
38839
43001
52936
77082
20284
15642
48761
4665
13842
68262
6535
979
35719
49265
66220
41640
76987
24926
60377
32245
69447
1261
76950
40394
63702
69529
64367
55163
36707
36940
66542
48387
52987
9374
11228
69513
30656
28239
64680
19530
49370
40361
62974
76026
55618
32464
78147
10926
51875
10366
11866
33974
42005
10032
28569
52708
29793
2114
66815
66177
35
53280
45030
12981
9431
60357
2858
75769
64242
73541
47588
64110
57076
57613
9235
807
3984
5426
59901
39814
79226
55434
36229
33189
72517
71190
52097
63103
72712
12109
48557
36414
34536
61172
19055
39151
9775
75229
30684
23934
71362
74487
35663
37398
72447
872
38797
68530
27624
11038
22010
8224
28984
42055
20790
20521
44876
57682
15940
73373
53649
79481
53108
25982
48151
53957
71329
23155
25678
4489
31171
63577
46118
4574
13997
48229
9997
56526
49652
56087
70234
53973
48447
6067
34332
60929
60108
17078
47715
374
61643
6324
11131
67486
70058
41992
76049
22953
64211
283
19188
64901
4828
3258
56109
55314
7752
31932
30284
52899
53108
60814
64303
29259
7569
27420
5164
54583
9459
22746
61294
41851
1596
15515
56495
2720
66233
14087
25995
38924
5421
74126
46418
70585
62436
39306
66166
5992
8937
57539
52636
18246
10874
20930
64541
77821
5979
45394
25944
28542
32662
48581
17142
50099
50266
25641
79736
67887
65726
50909
59402
44421
35209
24720
72029
74838
76839
46790
37646
15209
46421
70351
73671
6870
15125
61685
6085
47982
75353
41314
72587
54231
35549
27529
49790
72566
893
47519
11094
42008
14840
13742
12478
39345
69131
25767
60526
78078
65594
18525
3852
12814
57044
47132
44344
4559
4820
78386
13547
67552
16785
74390
34575
41643
74419
41801
52761
51561
69923
71369
60292
40411
43026
45866
31220
38228
4147
58865
75205
56242
68011
70653
31400
31604
54604
29393
70988
27835
48738
55126
77677
62182
8906
54268
50019
4215
10282
74085
11573
61788
34752
34448
9313
57899
19835
17046
38976
68059
940
74178
63710
3852
15324
34333
32902
3206
43758
73429
40662
68613
54149
61587
46946
68099
60248
5191
60940
68161
65742
26229
56667
27987
60644
53861
4899
53313
70288
52281
56324
78970
16244
77838
39751
26780
45536
77184
40213
71983
76380
24485
73518
1888
38419
5098
31150
60099
34746
43963
62205
19104
12435
27315
61114
56667
56806
77090
27112
50957
46035
66946
76226
25362
17344
5987
75477
7409
43111
19375
51511
56874
47636
32786
1232
22393
24764
27484
41741
34811
76096
75619
39913
70195
18596
32326
42515
64600
26210
37799
58512
14599
8295
31323
13938
5783
74107
26861
42963
45384
14650
78095
56798
41051
52952
12158
77231
62640
46907
13790
64484
55217
48994
65380
63785
62678
3221
58769
13014
45610
56961
57055
4671
12060
51459
19543
69527
67020
46534
69203
2016
27843
64951
68314
73523
14277
14948
79892
10747
60282
14803
56197
6587
28019
30354
5605
43448
63736
65429
45647
5241
52242
51058
27286
72192
37824
45819
57797
42851
61559
16538
68450
7835
34529
35753
19448
57800
49462
10902
4473
71657
54529
74315
55324
63999
24620
58903
74045
18171
10808
554
73414
70177
22326
49462
45565
63274
22568
41251
63785
49886
27182
18537
32284
52467
76711
44792
5869
75540
7213
21837
34220
71588
22467
33417
75451
75788
23105
55708
63987
51123
29925
58036
65942
68104
47204
19466
30204
18299
36371
18471
30553
72495
71152
1759
23966
67211
21781
53922
32588
44088
58988
20052
50266
26933
37696
58477
29016
79430
49131
43131
77350
72346
71255
46934
51858
73337
7660
65989
53894
62672
78805
51667
58238
5079
20656
35921
1772
76648
23394
18959
11405
9477
21444
6756
67515
36142
24206
49827
40262
30238
70520
22559
23831
29855
25887
40655
31380
37476
29992
43676
4059
5799
2026
79392
37229
9079
29406
41928
38066
25251
26294
24274
12568
53260
54144
10016
27682
39183
41323
33149
18163
36758
25912
41421
10457
48934
53480
25976
45016
47557
49865
53722
38457
31469
49324
25306
8557
6642
78733
1667
1391
10851
18174
7207
22034
38487
78860
41282
73433
67693
18657
70635
67702
45496
58935
15148
53610
50349
33734
10975
33201
12516
34613
47985
5648
33178
17607
2451
72927
59663
58204
72751
38760
59357
27527
52143
38540
76114
7107
27817
61397
28032
38299
18418
35128
14171
11512
19036
75047
16905
6724
77059
5292
44085
32124
27831
41338
38041
27206
75189
53954
14207
3351
55814
41106
22429
59927
75927
69776
36844
74731
4963
3400
58941
61219
51181
51045
51960
27258
64813
54085
57452
75090
69999
22700
15172
39271
40247
53309
23901
60578
26762
60502
49428
6404
6153
18157
12704
58532
29762
79279
73257
23845
48530
41212
54808
40086
26457
46347
16525
48621
54828
14332
34571
40081
50819
58944
51546
56202
60200
57221
41471
5075
47375
5145
76470
68173
61294
2192
63319
54980
72202
58545
5806
51793
38208
1143
79543
78539
16592
60929
62078
64683
73488
8600
18417
19445
7056
64345
58254
991
22856
12753
34379
60999
59273
79371
55189
74737
53447
33884
57779
15596
46895
11997
54437
5584
34716
22208
53652
51952
71005
58935
57074
33350
49379
7704
48890
14262
71911
68691
41332
75543
10771
32737
70723
34113
31078
56036
54976
59615
20645
5402
24955
3321
30570
9621
779
1165
69876
38509
49082
75090
23044
60541
22684
38581
40845
20071
68253
34473
23583
9025
25219
10470
33684
44946
52004
66209
34758
47198
3703
19375
61275
54944
41979
20596
18933
72510
30656
36790
2233
13639
79253
66637
16411
65566
43024
19864
3038
62949
45237
8202
25094
50003
42693
34610
34973
21740
13988
10246
24594
63515
1513
74012
64999
165
53554
14548
39688
35841
36925
14958
78316
14717
48274
2924
2339
21872
7445
61358
21242
60491
46914
71881
9116
77750
61432
1261
42566
52066
49582
62386
15715
59650
9095
49882
47646
45606
48938
19798
38771
38995
58695
39202
39968
65310
28831
25708
7717
73964
58840
52340
37098
23212
37139
40018
54725
61914
1622
6653
33604
41640
54268
9068
2254
33246
50826
40229
13200
68544
50094
13262
31827
37886
47368
21189
15793
34831
7319
47755
30945
47035
28415
13554
32028
75190
31854
37261
2132
52428
75121
1873
16831
64547
53649
58085
31629
59659
71137
17286
57432
71071
40854
37785
70255
25828
74499
31792
46507
77443
65476
46513
48012
57749
79590
27970
36356
11108
4284
33691
9585
67275
69163
25661
4997
32646
8158
38866
69118
37773
71092
4031
65125
8098
62245
15794
30428
4872
42496
37310
37943
73968
43601
44101
8717
51956
54775
56391
23067
6545
51958
14310
13184
10655
51954
64229
42515
16409
72051
5280
13848
46769
29525
6078
7968
27281
72195
52564
66740
1615
28372
74928
231
37274
74270
49742
77323
48999
22116
68001
14487
31789
58115
52473
56120
4422
76366
71005
54307
56192
28792
67211
3601
54624
45216
72850
7556
5666
40990
65745
32297
2800
7613
457
3375
69329
50767
79447
58728
13268
7988
12561
44864
18471
25404
14194
15655
64958
34568
30870
3684
27886
51275
31491
9513
33259
17371
21610
20323
57473
14160
33553
72279
66783
44598
56165
36154
11491
42984
34705
15474
21305
35734
3706
31832
73728
15377
36538
50569
9787
8000
50973
67780
5587
72693
45969
42238
13259
24072
53979
36366
77771
78539
10840
14303
47970
13161
42214
50145
41916
51572
78081
73736
31832
58639
61987
55384
26702
71162
44109
71188
63086
11859
67499
79413
15268
61484
5709
62454
46658
45514
21285
34848
37951
59509
52780
72841
71548
10740
74545
12797
50904
39480
41607
70853
53553
43324
68450
7846
27813
56032
23810
22732
35333
79185
43111
17219
44134
23272
4771
46591
33649
24212
7362
71604
72774
51777
68387
7533
10180
10474
35858
770
13762
24359
23613
61711
20926
54901
71188
16954
79910
20873
6284
63100
36169
21146
64154
72953
71902
30007
46923
7906
8843
78228
19782
77057
24819
31779
181
59463
63569
12623
21137
62933
30359
3582
52332
72577
67668
47320
26823
47869
27375
2198
16282
35248
74437
27797
23115
21968
74504
13966
63563
21568
47073
71485
14410
67617
50327
58834
36234
41323
41385
65145
39725
64642
41173
13324
22404
50517
68262
1944
43105
39306
44958
27134
55833
64745
19597
69110
65139
18165
16531
44757
71809
70850
70305
15723
55532
692
32844
19488
45681
21513
32291
42939
75338
1949
56228
256
52458
11180
57408
26349
29043
39047
51005
16334
77399
71848
41115
12136
67507
7940
78045
77334
16921
36078
21585
39995
68710
12503
52162
20033
17256
77488
69132
66001
71580
76878
74946
45768
55133
55375
17750
67229
50251
52915
75904
45442
33088
43379
37046
48376
40914
31703
56527
30392
53049
56680
3718
16204
72513
12519
56790
59502
44931
78980
78667
45225
51687
44228
9356
43445
60676
62792
6559
8794
40069
63680
32698
50506
71730
29326
7271
74512
62754
19691
48193
44151
8822
25219
53780
36247
60546
24892
67412
17974
71661
12407
30849
41523
40769
23049
78817
40981
55990
11329
75142
20043
7846
55957
24273
58431
68206
20108
6368
71945
67571
56312
33760
62012
35178
72333
22227
15469
72611
70119
54452
68075
33979
3333
8316
33971
43422
18225
3162
14376
25059
16149
24909
60714
73665
75337
66088
60447
13159
67912
72504
22134
56087
19785
20443
41256
11195
57473
43800
14335
31270
63408
46863
42143
42205
65931
22633
42088
41843
5191
38635
22640
18739
13190
16106
39306
9646
56149
51519
37543
12155
28425
61294
4804
46680
32215
92
72646
23044
42245
28201
75638
4588
20810
30526
62497
17341
11015
11405
72633
70308
25890
74618
68663
29546
2583
47878
9216
35785
50097
6701
44099
13464
68841
72727
68499
22227
33942
16319
20431
53917
50271
44999
8545
44832
60740
14997
3610
10497
6153
53630
50027
34207
53191
64800
66532
14453
100
54373
35854
7668
74308
6823
73733
57536
19920
35540
19550
23876
51936
27390
58066
61055
68239
5430
7602
48774
50088
61728
74904
65709
3860
6042
48241
77786
22331
10691
51730
74594
54090
2693
47409
53235
5190
50262
15463
25145
7195
24448
43260
62924
1497
49073
73254
22184
25443
11271
23146
1483
26973
7096
25724
56431
65641
208
11291
44114
5715
55702
38072
69898
76188
33083
67596
67255
15217
59427
66296
66751
35640
60607
3076
78501
43084
30052
10284
9127
76130
66174
24706
15080
15954
63577
74747
47420
47639
17139
44146
32982
37705
6307
79961
37840
6904
28994
68901
6284
10425
69232
11402
3455
40446
32792
34575
49571
68077
37147
55988
16265
54022
20371
19728
30376
65389
15164
72489
61694
27891
72971
52497
29209
19197
10374
63045
63704
53618
49736
24247
19335
60560
58562
12781
19291
45915
61426
45165
70734
14599
40606
74685
60498
31270
22991
58931
63360
41545
75250
78577
1489
56345
17322
25458
62494
44435
26108
38083
18434
29717
48099
27966
65328
31748
55377
37150
78769
28189
71999
45168
47945
1103
31471
22058
66455
79943
34522
36853
79842
56822
31756
77682
42919
3423
71075
78372
48002
44701
43903
70015
10623
31723
66162
62854
14648
2950
49048
65515
3579
49621
35571
44011
1321
28642
53517
66650
69296
43221
61626
5959
21070
18471
77132
57871
65205
24841
28153
28159
66859
48677
57944
14594
60974
68566
600
56304
25608
74299
3945
1757
38909
7445
58004
67982
24049
73679
16785
39311
73932
21049
65342
22931
56138
17268
15008
22248
33393
8843
77719
2026
30867
62703
8915
30691
70062
50172
19696
42600
77748
76174
27589
8927
4973
5453
49376
62154
36438
78450
12138
43591
16853
8774
66105
38413
6278
45958
2452
72762
18862
50777
79890
45337
43908
3920
78676
39436
19809
32907
31423
50448
18254
47035
12485
37120
62625
59485
7445
9181
58599
69033
46174
61023
45686
14667
19540
1627
27853
79580
18821
28865
60855
2534
18505
75629
41843
78747
77956
74737
26056
55557
8433
54053
27791
17521
20071
20272
47448
29216
27864
14246
40592
65688
39770
51781
10664
22305
49335
66568
31878
24770
60305
65856
17994
58447
37974
4674
35311
64350
37412
56018
77174
224
45711
32224
51489
21462
68906
25792
9095
71135
56181
12708
13991
8224
40309
24414
70695
1380
58469
10363
75845
43940
20783
51728
78379
37033
271
76454
53114
39862
10908
18069
41974
30401
71819
21176
151
20623
4610
12896
9450
24282
68102
10618
11707
65810
33674
50425
12780
23733
34906
62469
50520
44438
29510
42886
66804
50269
52121
28306
28911
58260
55645
59368
65899
47414
19330
33215
38721
77838
30530
38005
16891
7521
2865
18831
54731
71931
23228
542
9665
57345
70937
19962
17012
41395
5566
41433
5996
10705
27641
33506
22211
73450
68133
34058
49968
48028
14232
74548
53945
66101
22972
67196
16415
26025
47366
3901
38762
74289
1611
20974
59851
66415
46599
75152
11575
28253
17517
53607
32355
63468
39575
35204
7942
79300
46504
2645
58225
61257
22662
78836
4648
48820
71075
46968
65856
60279
34676
42024
60965
57224
31614
67507
79034
3451
26788
9711
6252
7373
32703
60823
53784
51722
78432
25440
43876
65936
1973
68397
30256
17647
15780
47178
45237
79395
54944
64836
51986
14180
74137
59842
7278
25451
44165
54119
31046
75142
66408
69073
14755
63006
63082
72339
11239
46176
76826
78868
1146
69338
42042
79497
51184
16818
40050
1007
74393
76513
55576
40518
78868
32768
16183
9185
28264
41570
59693
22317
32351
59066
12977
18151
22015
70613
71753
68357
69080
12536
78587
74246
12197
52182
32156
37021
25945
366
12590
27363
13107
10881
10282
8220
3566
16728
31232
26967
14417
22397
29608
3828
13491
3800
47003
65021
69185
25176
7346
12525
30583
11175
69185
33338
45188
75660
69633
59721
36732
65390
30601
78292
46629
26653
62699
75171
49832
72603
50083
4489
63993
31256
2048
72254
11248
69002
9028
65107
43210
56531
57307
72895
53354
54141
66436
37036
32919
31496
50138
43057
67474
24276
78859
57774
70698
4737
13212
27093
34170
5727
15631
60736
55181
21790
52551
60039
79934
25504
54564
67839
52275
37803
69008
13014
42055
25278
5087
4980
981
20793
53282
63623
46451
27442
31323
67144
52242
23303
46055
78765
72351
37409
20565
22770
75233
71649
66917
70487
10226
18826
74395
55123
5590
29101
58698
60919
66050
45484
4031
24729
59377
36715
67058
10515
23322
42343
45215
43696
72251
13265
19511
35178
12912
52281
57888
18221
19067
2911
27660
26705
78498
1368
11819
62485
22792
43272
45914
62861
35241
53934
27245
41814
12510
20028
5792
67702
13179
52609
47535
17249
69646
35422
31482
15099
30161
72724
62795
45522
55362
13973
24285
68727
67006
37206
44451
75775
26544
59377
27500
15770
34351
68239
12443
47708
69359
76009
49084
10996
31092
67865
17029
26262
12753
7157
62997
60284
18109
29083
56358
55508
13944
13029
22750
47971
36930
371
4703
61445
23604
61445
78880
55658
57176
75590
8888
11763
827
17661
57251
19499
52423
48811
71525
4158
26875
68034
67198
49609
28419
1819
13125
57324
58793
14148
59907
3133
55073
56220
52470
25491
11419
36161
77690
34853
61718
76061
22367
72873
7853
49056
63030
32886
29769
19173
48304
72302
13442
22519
16080
37016
20470
39254
20446
54066
56109
52239
16531
74574
77352
25705
13727
61695
53493
79743
43145
65674
51451
5686
3197
59049
47721
59978
40156
72372
25752
21253
37644
23949
47307
55957
79357
47844
10451
7278
47346
5712
24158
74143
74970
8743
69873
44364
65370
11252
58615
40967
38125
53276
17924
25264
46596
67310
40766
45550
29254
79100
10369
1545
76906
7152
70599
42281
67994
45361
30983
20672
6543
39090
26892
15412
26176
75211
38762
71318
68526
15388
11256
15308
73097
40929
73669
74476
69480
32235
38314
9091
25623
28070
18992
65942
17541
50029
55387
32811
31925
72504
75373
19553
54534
72336
1111
62763
33144
10162
12259
49144
37553
8235
20556
10369
21770
13125
13559
32189
8519
78060
20881
6986
49810
18243
73659
55498
66705
6392
13519
69353
28922
79636
23461
33105
63264
5544
20184
25730
76774
75589
36172
11067
52229
36084
31491
59768
16531
48932
70344
71502
3490
61746
27289
51786
15606
39213
31012
27030
59130
58906
19354
68841
21557
21314
49278
34807
1197
50564
28674
36194
47240
3926
55392
61738
28353
58785
48793
65549
1369
18360
24561
64820
