76356
8416
60624
39837
54901
75162
1911
25933
15418
10282
22394
22175
24415
2399
52358
10672
31493
52268
79578
12164
21373
24881
16209
27524
20803
25822
76124
48372
35053
31140
51658
59636
20768
58266
28262
56214
43482
22635
15098
76684
8810
68120
48677
70816
29878
5267
10016
3708
30009
12251
58302
34810
39300
61214
33987
18116
2739
5986
29192
2542
18927
55011
53788
60484
60031
51122
65260
52805
73206
24163
78495
69552
26053
16202
42012
13084
54314
27795
23629
68175
76513
7988
38071
5878
41931
65296
40108
51189
50236
61080
52755
53501
8425
13110
37125
40268
41944
67362
68056
12914
44921
60995
60567
40195
74665
63842
42523
10653
62697
8917
28795
2788
27566
51175
67857
15068
35598
41597
3353
45326
47548
47369
8875
2568
16674
19186
25185
7294
56131
26347
33624
21074
13315
3473
61613
29587
47803
19661
9798
5462
3976
78800
67760
306
64627
74215
16091
8294
51674
72198
16226
27226
78676
48306
69515
27644
5914
13238
29247
67942
36002
6249
26911
31461
64382
54944
61856
64986
12243
8198
34421
51742
42251
24393
74368
23680
70448
35184
42520
57790
57515
73114
41838
34253
30104
65865
32658
27711
30512
29639
11978
49439
36896
9532
25378
72157
6859
8403
62825
13794
54036
18494
4607
51685
42003
75778
76242
9715
48424
19400
13423
41106
7438
27441
17850
56364
50341
6239
52618
40005
2115
66966
51708
66825
78004
4792
73724
10618
44875
69891
68156
68939
20269
46355
33192
45564
77308
36378
36267
46863
15827
10503
65203
27724
20246
3853
1596
44981
71965
2481
74065
36268
8150
53264
42383
48215
46206
43283
56298
22195
70108
57854
27276
27858
820
16361
21877
77947
63894
26134
14773
65269
9215
54074
14631
43322
16948
70280
11791
7726
1494
14143
39777
37013
52017
24934
48508
53711
41668
53960
19359
28968
62045
1683
65294
27342
18814
1880
53765
38039
15054
5004
56101
5532
38720
31219
58082
42857
45012
65907
36355
75558
79908
23190
16056
63685
70922
65822
20317
52911
19996
48514
47381
17524
41788
68500
19347
72632
39899
23963
44635
40144
75877
55870
14371
30969
7739
48953
53168
22638
58068
30165
19044
28596
55820
2324
56284
56296
34735
15003
34847
38909
28053
31840
46660
74469
60343
61620
27637
34118
61400
69272
62275
44815
10056
65060
25506
17346
53869
32695
74135
16284
34004
24760
45864
15493
12053
21970
19839
8575
40531
31059
44624
11169
25878
1591
53697
50400
65091
76124
11207
56688
79263
28217
79044
42354
3805
36450
43755
74905
17487
23094
67525
30332
15589
77745
31557
57391
30274
77930
46278
11862
64417
26836
26369
48514
56677
14052
65065
29936
19780
35141
27674
15906
73053
14913
41348
8073
14746
20903
49872
55498
5523
66134
14665
71267
18611
60313
51399
314
53963
39740
55820
33668
49319
75883
57837
22256
49563
20127
24213
16469
36301
59508
68643
51731
62717
35211
9958
50162
3333
35464
39560
16510
51367
45205
64760
79246
61317
59259
1491
71743
64287
65682
36129
75647
70300
12163
14171
2948
50118
37202
76986
22593
26717
13449
28820
10450
46243
67488
22232
9238
11579
10505
18742
75701
65099
35565
49498
32053
18010
72339
21572
52212
78351
61168
70607
22011
73942
4516
4737
10510
27734
51204
32484
66092
9897
37325
72285
54470
60363
38252
46590
37315
3094
67257
50585
16418
78744
44438
42048
19803
26667
42861
14637
51760
73108
64347
14281
37180
4414
9936
25890
69827
620
28131
67410
18879
75059
19413
26491
31143
54688
9726
842
60617
68233
66627
17571
32116
66145
55024
9554
16730
64908
10567
43069
6342
37099
8869
17776
18210
13809
56806
55986
67105
51891
46497
46610
3587
36335
48414
74280
5292
30939
58009
51838
48113
37594
53814
53347
5572
5468
38516
7771
71117
10908
30100
5000
75744
18494
34046
59693
37308
54846
36992
39570
25651
25715
76952
39490
42458
26498
79666
36416
57420
35529
38034
76681
76944
72155
50939
14416
46582
69750
18130
75591
69250
47505
68218
64689
39755
79224
33152
16582
51926
13365
39343
19326
4143
51005
29833
45108
37214
56746
21650
63367
67046
51874
14486
72024
36199
21136
1672
65800
39085
20187
32597
18846
73600
7780
17067
21165
33053
17408
13802
8466
15738
19346
76790
52392
35053
10564
68669
57487
59559
2578
49199
78788
79881
71699
78434
3475
13551
77965
2917
67747
50233
65427
39162
63698
3120
67822
67780
49733
66194
73626
41712
76584
7463
74048
44366
40485
17952
3614
38532
38028
14419
78815
24091
37955
24735
61057
20576
24530
61533
59931
29315
61947
19160
51719
61057
21157
56623
59247
69689
60446
27629
28998
10735
15710
57057
75039
8444
37543
1857
18245
11227
8392
27091
11506
25057
50801
19251
38410
28772
65125
49982
1865
56920
9584
60912
30491
54087
45592
77533
58903
49378
77510
26295
28867
8432
11298
25937
56366
20120
74710
31577
70629
271
77144
28772
27176
15611
34352
25662
9344
33498
52691
3980
74561
77602
66089
49213
33816
12724
49180
50735
23410
18143
7704
55672
37888
16674
6687
79116
3906
13460
10754
58155
39121
752
70989
30515
36107
61425
3595
17394
78123
20587
729
72836
57674
20766
67607
41025
45388
8627
21070
67677
46780
28966
34332
78797
19792
9261
30482
28516
36043
55889
71678
38124
37501
37788
72637
56015
71833
11168
16635
18192
51590
33532
5464
526
3552
25958
10747
48446
5445
52436
59322
73962
73831
13284
6930
62627
8419
19753
2156
65267
71673
5401
77694
35623
66912
16484
65640
45189
17974
53012
57769
18457
19273
73223
40557
22707
21038
24220
63405
59759
50847
61869
40757
65300
35933
51683
60574
22391
25611
59721
61400
19273
71671
19363
44768
65296
12970
19686
58565
56895
6539
25994
28963
77176
77391
23021
28017
30194
54452
19767
63941
58788
58279
22162
17340
78219
39916
31120
32539
73104
34784
21967
53985
25250
58203
10274
39286
67576
58873
25072
13147
42333
79603
20598
12509
23642
6911
71960
32892
7678
77617
15685
10914
42436
47784
24476
13439
10898
2048
65085
17117
71960
32751
60709
44748
69909
70066
71655
18777
19124
15747
47509
32019
17845
19118
29499
56339
32641
34443
24792
74677
25655
78695
37191
8084
67060
50700
32241
45547
8876
48400
45531
75472
19006
12456
16237
10550
19070
65062
12142
9867
11075
76495
31897
26839
28347
52061
74665
48670
12010
55317
16077
6989
30973
43038
1982
63864
14848
64171
23351
30494
25484
71422
27914
42670
36858
23016
71083
73402
20299
32866
22190
20825
75699
60953
2177
72914
3110
7206
19211
67513
72074
55853
60493
34781
27467
10269
10095
71671
23696
41428
45475
51122
1408
64265
14502
3855
53508
70577
41761
24185
9404
67369
74601
68175
40005
32944
28572
69497
19337
52749
37891
36657
2467
67158
43437
44589
14009
71090
36530
72766
24393
66766
57989
79612
71857
23508
18840
25792
33624
54461
20253
25893
1597
74120
16020
27521
10799
21193
24982
63513
25697
38708
31384
43617
34200
680
15671
19118
58753
51523
30856
26242
58769
68566
65058
67926
18419
6511
28939
46327
16086
79774
79008
75342
8534
11913
68374
78700
28824
38888
36475
36861
59119
1117
72673
4594
16974
71441
77513
71621
57981
6487
24299
57950
224
74547
68824
42913
46266
22116
29313
22683
12923
56916
7243
49997
48178
23883
7799
57388
2945
13649
60541
17908
8695
72079
30539
30342
19068
37937
13139
1639
16118
7793
61787
40073
13500
24068
60968
22510
53623
916
58357
59868
33840
4403
78430
26521
49819
40560
14039
50376
29460
24426
30205
42279
47104
5331
19452
6904
11827
64580
65144
62222
39701
42606
24986
41626
49494
6254
7209
72083
52427
58044
62635
60995
49244
78793
66701
69108
20671
66865
51011
18926
30897
38402
39737
1791
36027
4555
29702
26072
20780
57628
31039
22444
37384
5433
13820
65892
58938
26372
68108
38243
13782
35363
21688
63796
67384
9326
13457
11394
32801
27154
45947
21575
5938
14681
49250
79070
76316
7415
15388
45871
17675
8238
29639
72611
49064
43323
44218
61669
31943
77312
31400
31391
37965
45199
25228
70492
56269
14996
78876
39982
48520
69821
34859
36167
3105
68140
66322
18800
39089
36402
33427
11933
51965
54524
60989
16251
58098
24381
59374
72136
28160
60581
52071
51317
38098
58289
9495
1294
31817
20986
61008
68081
71090
9942
66932
41787
31690
69825
45467
34168
2223
13696
52668
76900
56010
8119
79015
75048
42309
42281
60152
53439
78026
51302
6761
52878
22482
62762
8566
26807
53916
33382
72590
13875
21951
32731
11524
28732
29415
27961
23588
64459
77793
38117
68091
28077
46769
33446
35834
6113
10951
7745
29425
22745
19320
23325
64865
50162
33305
11085
64779
67437
73428
39986
16435
7045
11673
43529
54645
23940
24724
9045
44825
26440
41953
16407
57154
67079
9692
977
57996
74665
46904
9678
37547
51233
68092
70793
10155
11616
2829
74415
2017
47503
55333
15114
63660
6712
2560
2155
46335
53428
65192
62180
38527
48123
55664
31239
16012
30822
71945
27433
69832
52282
65652
33106
24477
75143
25745
53593
50716
65755
13539
13625
46685
42683
40648
14801
25358
50754
28083
37506
46960
56847
28917
9708
37160
44710
11621
25881
33498
50939
50641
36768
75374
71127
18798
54097
11695
64611
52826
18346
65551
48789
66978
12029
39956
55915
29901
27931
4586
48202
67326
30438
57034
69705
47459
72361
53496
1926
26453
35415
60385
43858
37190
55701
60221
60267
71175
12111
65497
53992
213
3058
44963
46694
64536
61061
16240
50328
56398
35897
512
2214
16685
21189
74953
20631
25466
65475
39856
44432
5335
14697
58339
18315
15926
64722
71444
15646
63280
45191
67371
39671
78229
50007
21187
65527
72175
35897
16075
52399
66556
40934
35735
8098
40905
24191
7739
78351
74038
7034
68675
9805
16301
39331
10130
27775
78634
23760
35930
6530
42650
71161
35142
37265
18254
50793
73707
47350
33440
48344
44371
21747
65766
64586
36949
26531
67876
16049
41233
361
6415
45673
75862
64802
4495
43175
26041
8593
41770
24410
62989
74143
72709
70753
23136
58048
73792
59500
47492
30124
54399
73392
38644
59903
46300
11314
70591
70427
18038
30081
8818
63676
31612
28175
2393
14371
75362
12118
41042
57173
64471
20308
2702
70893
17032
67256
2315
24694
9030
16437
12931
57976
50839
6330
390
49661
41197
63542
76378
58262
24505
71705
40047
12178
36498
62167
47671
40671
33256
45961
35541
12585
34947
32178
10023
66556
30924
49908
34915
10588
47122
23628
77991
54815
64225
59133
77608
15910
59115
52003
53423
65841
19942
31235
22621
4170
53471
2171
67048
20255
49347
76299
45593
79386
74114
20989
52775
39518
24870
69053
45536
62209
13646
24974
61690
34142
5015
35637
20516
72064
63847
3646
42679
10358
14651
62382
14421
26842
31348
20132
47754
41680
29614
32261
35034
52478
19157
4800
40183
48383
54514
50867
10320
78093
47363
77704
17257
45603
65067
6898
67427
29428
72372
77332
40166
28513
62326
26166
69820
37957
35084
9675
46483
51485
37522
78695
68898
48675
16816
62296
32229
38402
12051
68439
33620
19703
52924
54937
31690
61772
32617
10650
69617
25471
44180
27969
33509
28720
77707
78611
52812
46605
12750
79903
63215
71743
66537
28945
58383
44444
6957
64520
2446
17202
29837
72914
19083
74477
32089
52916
73424
41296
53077
59093
50898
64882
44410
41980
62717
15279
48873
40701
12491
79022
11082
15885
24435
66002
2719
22428
67313
30000
27742
78296
43724
54261
12992
79438
55839
60541
6635
69924
38815
42253
36545
67143
61108
17297
28582
60924
33585
21136
69086
16122
60209
57052
14685
44253
5058
39449
74482
24601
20048
39620
42040
42445
25188
27833
74065
60939
17029
10696
74693
76584
21779
12934
10151
73322
38326
77905
12289
31129
52306
29299
22516
65873
25710
74619
5660
60174
71458
63862
68966
74944
65750
3385
69198
56
69964
77838
36494
43088
54537
38024
11437
18701
23512
58442
43000
22607
1565
31480
60914
67728
15249
74340
73431
34281
29119
3345
78004
58095
67562
51860
18647
8619
70846
57244
70483
66739
2781
62707
7448
30786
66929
16564
52053
72528
60202
26858
58987
69271
7147
23322
35363
30424
9860
25611
78054
29714
24063
29933
71715
67950
42624
21433
20752
33837
30569
73431
34556
203
41682
51039
60202
32826
28510
26574
59057
30362
57806
52802
63128
39423
61764
25416
9235
14089
35133
45454
49900
62552
77947
60174
3637
66052
36787
64366
71832
19795
73524
60407
77235
12689
30453
66902
74770
24461
68911
52868
14546
25902
46261
66089
13309
64298
8989
13627
51690
72526
43006
24707
66865
30383
23214
52502
57440
83
77411
23145
15347
14531
22888
21050
35062
52404
6039
41700
18622
44284
44806
18451
56526
2801
71434
18696
13500
53118
44167
5601
32857
15675
64234
35925
33644
76779
688
28141
19679
49809
58748
30
66617
26156
70509
53029
75943
54828
42716
27713
55959
53316
67054
34862
60175
62267
34886
893
8630
57000
47198
18403
65688
12414
52105
19821
25843
43
68806
34904
78604
26649
51858
32192
35670
78116
82
29119
61821
71722
46541
21694
57674
50685
47540
55985
160
66110
35126
69946
35236
33541
28119
24727
13992
11418
38644
57886
34282
71172
68921
60520
43544
74399
67313
55694
30541
9159
7258
36686
10358
966
24393
59370
71511
48997
15520
10007
76051
56111
36773
34362
13660
73608
48628
62439
72975
75221
6256
10305
79282
50358
75290
71394
51559
64174
78068
23716
41308
4887
71062
30282
39646
47287
30494
53752
28343
44135
74902
20701
16977
22290
26413
43878
75675
79417
17278
26943
42261
13035
21500
60731
74155
21044
19172
53227
24489
27664
79232
63155
58306
59101
67601
260
13193
3626
70522
75767
49830
54027
47272
20051
38644
72353
6412
49563
57946
18680
321
9310
48145
65186
36983
34301
40383
59565
70419
73220
62055
24703
1889
22099
65571
15643
38055
19293
3280
53950
68193
11757
53855
8762
2858
10719
63885
39065
12411
42450
57766
71078
75350
67482
52772
47120
31514
37208
33739
10148
13831
65919
3735
48008
75453
40871
31536
79636
69950
44815
51442
32183
72923
41134
9285
63579
59851
3609
55332
60695
19344
3321
17354
51610
69883
41776
440
74641
16584
43259
70865
28440
70738
46349
40208
31995
48661
46416
20550
29134
57631
30246
66647
13625
62827
44923
32756
75622
21555
39674
32794
18928
8762
59745
70636
51317
15472
18227
47630
29207
125
61397
75321
58762
13500
59898
63839
5144
20887
39751
64396
44418
2698
40321
37485
7258
30681
29812
28280
59629
78712
35930
62008
75524
41302
14149
20567
32860
76415
38082
29765
68686
48034
20806
73048
62933
47688
72320
54261
40018
66010
20352
36375
38597
66103
33009
31215
72610
28988
26555
61588
15436
72016
1636
60282
10688
29605
79993
28602
78272
16647
10512
76779
18366
51099
44942
20063
64899
63657
36530
55830
60887
14592
54745
73642
9238
69076
37600
29098
39027
48
7392
67566
17987
9611
62940
31910
70591
36575
10674
45964
66949
8758
60895
57528
66908
47066
25896
21258
33104
34361
72196
56801
28232
12864
31011
79687
23424
9670
46212
3765
115
36946
46048
63679
1324
69452
11322
30027
30262
65353
75021
54611
73078
22490
44520
59339
8872
50151
5869
36490
26661
23410
71927
70799
55636
30939
29915
56943
3123
69177
9994
52955
7613
21470
69347
4421
41134
42428
18581
30408
64659
31693
40422
15434
17910
16758
12871
48880
1240
14222
53199
49360
48690
3477
64441
47211
66029
53118
43882
54661
20677
49485
9670
38894
50387
62849
13837
27371
70315
5900
67264
51646
845
53096
68389
16235
45000
60866
5927
30152
39902
49157
59086
66929
12653
71458
79598
965
59820
9837
69076
33751
6841
54968
55383
64258
477
62450
15544
20345
5975
16985
58345
67708
78451
15591
67654
1667
4850
60581
32430
18137
78102
12857
38961
70797
13328
36175
73296
40384
65782
14210
47098
60653
78892
64933
28451
6973
71965
3750
62392
64389
40143
59135
52621
38571
28902
61734
64382
66014
77930
53836
18414
76837
66351
74065
63992
43660
67343
22736
70397
47141
3536
43454
62263
67362
17779
28758
69898
72848
28643
58804
12863
66002
8995
28034
17056
64941
30078
23227
14529
23368
12447
5347
1331
63284
69692
16813
36478
29967
17261
7919
73251
45593
392
11443
20318
76858
71663
40148
42673
8665
10757
59690
24775
17939
39261
74970
74515
76542
10904
70426
20485
32484
24865
26649
44891
39184
11892
19988
40980
30454
41580
23407
6955
44768
38151
53912
76893
22961
44954
27671
2457
53692
828
26701
42762
36338
28146
59511
21824
31435
18929
41068
7940
62412
57783
73021
19787
16118
74564
12047
14932
33921
1267
12627
66684
39037
24251
47256
58114
33472
52113
2527
21694
64992
66374
44423
65858
20381
36040
70274
22943
27519
57922
24513
57460
14210
6039
44758
63860
20825
4484
64947
70239
19419
47104
27111
2473
44937
28519
36142
26381
71466
36521
30831
33989
46373
14614
9235
41768
25292
28936
1294
10572
45128
28175
40596
9930
11859
79591
79123
4693
37559
49813
68034
33213
25172
26515
19303
11999
74203
7937
58219
72637
65933
2096
34460
69143
3761
70117
64484
1947
6570
30456
64941
3833
78459
19661
6251
41438
29479
71029
33189
24341
4122
17725
5677
26880
30788
55077
1251
58077
8616
68503
73948
31533
11555
33723
22924
4379
940
77017
64107
17369
11632
69523
61830
49364
52393
41921
49272
14827
3179
25172
27869
71088
74370
15090
26050
31451
9490
39515
61057
48248
26623
9362
61869
23719
75082
10004
56386
52475
61400
59617
41277
8834
8374
36988
10229
6948
17640
56686
55340
48770
57247
72060
73473
46980
4596
74545
53912
22672
13136
79303
70626
50000
25939
61258
70583
60378
23859
417
16674
65346
76127
44241
42278
76160
79570
28951
1242
24401
27050
79556
34547
75754
63051
5536
19819
54820
29811
58252
54324
19434
36051
26633
63591
77229
54317
15472
110
50706
11359
75407
73357
32122
28810
465
11519
52535
28315
56868
24540
70129
72264
58149
252
59072
12766
25861
70808
33195
35317
47998
53975
70670
74004
18991
75618
65960
40831
20263
25030
45800
29578
70865
5701
16281
42546
36805
71307
47866
42958
420
38076
65770
79733
47651
57356
36738
13029
19455
16582
37445
50591
12245
26883
47685
11949
77116
29146
33581
72629
32157
7613
44096
65652
35680
16216
76212
70753
7040
40921
5550
63122
59851
43904
29682
24815
11304
36023
69632
21961
49498
78073
47331
70334
25176
34112
29144
42359
13259
64321
11293
25236
20391
1689
72220
883
54991
59806
11125
33159
1020
20452
5558
31756
42422
79673
51900
74884
50641
38838
71213
46844
40673
63444
39383
33562
69661
16981
26717
26871
51906
79629
30153
45536
26057
53669
56923
2744
37689
36506
16465
72495
63984
61541
78338
11117
64046
48927
41864
45245
49701
4898
28938
44959
69864
17462
64859
75041
55200
34940
34174
20135
64519
23062
13640
24661
30666
11616
71047
59891
2836
27530
3333
7024
70159
25896
40650
26458
79505
72266
39347
11283
17229
68916
28064
24282
48237
29602
55990
50204
28876
33236
51697
73405
58924
47382
20093
30262
19685
21727
72142
42514
9332
51078
61442
76952
74190
68275
78362
24133
43841
58800
72426
52713
38862
71267
71820
23604
62517
55030
65117
56674
39358
48357
16298
33633
20167
23268
11677
5718
41410
33576
10837
46642
22829
71161
38105
44869
23012
51187
6086
30210
59362
8000
51678
60565
71379
15514
50964
49258
63786
27524
37932
69070
40871
56151
47921
48845
33987
29057
49638
19141
23227
67780
58877
63075
8620
65233
56533
8426
64979
30491
51129
71103
30594
60624
55721
76351
49259
61919
60159
33520
64558
29259
66326
64219
34473
45155
73407
42887
40829
4766
34408
69024
70842
26284
23093
39827
14210
48888
50183
55946
30365
50207
64248
49508
20071
19001
28175
67286
18085
64215
21637
54674
38708
39098
65995
25281
64503
58585
38642
60183
9524
18739
28701
11331
61526
61495
19363
718
72733
25298
4414
33890
64276
54483
18386
79425
54639
60785
842
50440
21025
38696
7177
62052
58250
55431
22551
16833
32319
39423
46039
8703
651
31967
886
57469
65424
5365
9503
34847
46926
37381
42897
9028
11731
57782
43377
8324
58309
79727
68185
40816
67840
52780
11677
67661
31361
17371
3356
72346
66900
6921
48729
36551
8453
38678
63632
36714
36755
74745
30183
50144
41374
32490
30058
78349
45723
13044
52874
43969
58743
13865
7814
58293
37002
6180
57866
78829
5964
64229
56633
63433
32578
29598
52684
49924
48896
41577
40222
76342
73814
28838
49502
65944
63513
79553
22763
30783
49828
73631
2844
41371
24756
76691
5009
66535
12227
69598
54342
72885
11059
17184
40666
83
74211
37506
13920
21991
54244
60892
66239
70656
73914
16522
60329
60145
65073
21524
21019
1303
51257
69637
53850
50836
66966
14647
19965
8671
78009
54409
18302
10047
24281
44942
21130
37469
70744
16787
72848
33159
30502
50982
55507
77483
61146
47376
6522
11102
49230
25982
68482
29180
55102
47450
28356
35842
20367
50765
66153
47206
44465
39608
74026
39786
8248
33970
60725
52469
29352
16898
78041
8287
46539
48857
32276
67158
52783
8529
18307
2678
40977
54828
60873
70398
76335
27855
50392
3620
20842
16802
53160
6395
68803
18098
12857
51944
18792
18713
48693
31779
21533
3304
45963
31164
19649
74979
51970
1275
62503
27411
25259
13484
32377
68895
20982
33391
11035
46575
6525
49885
45187
73332
49510
7134
13403
76155
77417
23696
50939
57831
56748
11209
78449
69214
5785
55912
48596
51814
21480
45671
62697
39717
15643
34907
74259
44071
53792
47497
710
76254
2841
10245
33880
56128
76130
32515
20367
55283
46131
2894
74822
12823
75398
52932
56000
29833
68242
24478
39789
42740
46086
37759
67396
45367
15367
40258
55775
6644
23905
75886
73952
51422
68470
26929
40739
20585
28391
17677
34847
4511
4262
55546
77063
41506
3057
25888
71200
825
36599
24711
57301
64396
10761
46398
18940
72975
79370
78969
53512
42419
3523
2066
47409
23762
61008
33092
71385
48072
36304
6127
48537
47204
49628
45115
63682
40771
74473
32775
40893
55098
9434
28274
41794
24530
35787
66163
5800
67381
43518
35538
29403
11799
8808
5141
2349
42561
34815
61764
36370
53279
9017
4460
51728
12596
6197
24345
53879
38823
51814
17405
16253
55170
54432
29448
710
57989
32512
47629
68392
36065
21882
69575
33221
51590
20599
22383
57310
63492
13831
72419
42051
16314
2702
69128
18590
31197
27826
29618
2841
75688
79236
30846
18307
61003
53391
63198
1959
41474
61305
47321
29207
47567
49941
33958
70192
75207
57949
361
24136
47115
78340
23722
76248
48399
25659
10493
79629
53260
26505
35500
1867
53084
55951
21882
51605
2917
48429
31325
30315
15410
70840
71936
60672
74873
66700
64159
7026
38164
14296
24513
393
69188
56973
15049
66692
26833
69023
55980
35713
12373
74735
50977
21342
73392
55668
50667
13286
79022
66721
20495
50480
37371
73611
13126
30467
53117
41243
38522
28282
49117
57824
29661
2000
62422
35333
14790
72647
43957
57482
31928
79726
29866
13136
16153
52419
23438
35948
53936
70032
38308
50941
28775
48160
40166
65292
57408
39432
36983
45412
76666
44902
34784
64038
78466
1821
53612
28319
67099
33822
29820
78441
43934
9590
5075
3346
10613
56786
20150
74304
65971
15682
78442
78169
57791
65073
40520
14798
38039
75867
76927
602
229
70233
50867
34243
18013
19038
66360
41246
43454
35744
465
47345
52297
34208
53435
73345
22490
10764
67792
74203
26883
14697
28965
27169
66421
39445
35574
15693
70595
68482
17782
67572
40402
24661
21639
64459
62423
72670
29820
3364
62016
13273
1329
2745
73541
68728
72100
12458
13026
9729
45222
72786
48109
79206
16625
29165
44015
67527
77748
19664
30502
62717
41443
66459
39707
67257
6333
37756
8157
6906
59601
18371
11653
67999
49924
6855
13974
69339
6103
23477
55901
42574
64607
63989
45091
18777
54478
15634
2539
32238
32638
57722
15857
64487
59740
47998
6339
52795
12724
28582
33765
51372
66591
55778
54399
6006
14344
22143
48292
39751
79787
9730
2193
14737
46398
75643
34942
2459
44514
72836
15547
40429
77116
8392
64981
41912
14215
71018
70121
55360
32073
25287
32473
19967
77046
20761
70674
53729
43503
29095
16166
21644
4557
15658
36392
24597
46330
21609
34416
27860
54152
54489
3802
52145
24862
75369
4546
71295
21961
76028
10868
78195
28777
57984
2831
50948
36580
20440
58317
25719
65622
75586
44822
69331
19909
28949
19397
24081
34058
25594
42837
49865
78153
79288
26241
8135
78736
75546
14444
59000
35290
57772
32523
34826
68015
62065
53963
19882
31158
33213
9756
61069
49421
25524
42915
69460
61777
46635
24626
31967
54418
60861
30231
5468
67375
737
47773
8597
77151
36644
61467
8366
41966
66632
61219
32641
68597
78877
9951
48942
44913
72868
10221
56327
27250
64548
52937
54376
74190
4829
36199
45103
66586
32568
68125
1352
66966
2240
62922
10145
72606
61676
41471
49587
43660
27050
59109
65374
13596
57326
52251
14016
54412
8818
25856
58332
22613
15349
20094
19213
70401
11555
3162
3099
23877
57401
60946
40585
9319
20467
2854
48231
49776
56978
12907
11248
70381
76886
8150
11407
76704
54729
67515
62256
2706
62567
9017
57685
76768
5963
619
28097
57889
7042
20748
11456
34096
70808
62338
71307
22155
50846
75840
24890
51028
76127
23217
70430
5782
16625
74330
79574
19973
5275
31070
9860
12087
46015
63330
46115
40625
54267
26584
70432
43423
23186
13555
3384
56705
63391
30822
45333
70793
73648
7401
35356
46028
4887
34193
4844
74430
36450
23768
79794
77900
24185
64234
48070
27633
7364
43828
19218
57386
64986
24639
71394
60804
79754
19030
37984
45073
64063
64529
12375
47893
27644
5490
70209
12262
38289
20524
72793
66249
38555
3689
77055
68399
24453
72040
28290
26671
60407
1024
13985
10474
38079
58740
12436
20187
45385
75749
40305
70089
862
64760
73485
8565
70363
64337
340
51257
38171
52148
60255
21063
53750
4181
61862
20299
14222
49164
43085
78892
39027
73844
59625
10663
32531
12049
31548
19220
32570
63991
63920
52960
26451
11457
6318
33638
48075
29157
28818
24390
41329
37877
23944
79395
56528
55863
17499
74415
55644
72285
73738
10690
39827
70010
4610
70539
60026
71280
51114
28214
33993
9982
27553
2838
20524
41855
40130
11209
35117
24693
69344
39277
11937
77634
71307
64656
70136
64252
72948
50244
50308
33512
59998
17153
43595
43532
51634
6783
60316
45348
18771
71835
67800
38703
44713
58360
6285
8495
25151
3623
51055
12805
74097
4283
21117
71936
28795
46773
10280
6295
73583
75371
70184
47415
69807
59560
72814
37066
76191
50574
68663
45528
72904
7305
55469
76346
35109
314
66110
24145
47940
74265
23361
18619
71820
58769
64353
35065
3735
23358
39274
41814
77859
21779
53411
11695
34231
34645
43753
18768
67072
61168
17408
21081
14785
36130
41263
2997
39142
27470
75227
2185
53189
69750
43961
69900
64908
8104
61238
58159
39629
17562
4536
33024
15784
4299
66488
53118
43482
58354
8461
72060
71422
71095
72493
37799
75466
77719
12424
77450
67102
27297
40020
63436
4091
2467
33966
24845
17597
73798
53380
831
42760
62728
65560
27322
17320
28769
47592
25223
79187
67795
52164
52019
61009
10522
22576
44768
12007
77331
37527
24461
63808
59885
15687
6182
19983
10148
61724
15661
3236
25038
56037
21359
62039
62537
60950
11668
18329
73953
64275
47594
60936
68925
17747
7607
15619
39967
20030
164
72598
45695
76217
35173
36533
22601
53399
75243
53927
5992
79273
22907
20324
22578
57413
33696
47018
42736
64204
12037
51963
27929
10380
38322
17889
75820
50129
39822
3669
72965
74876
66621
51697
79144
11097
55268
66447
52935
46582
28745
22173
46336
60600
74764
33361
73025
67092
23610
8170
30113
47003
70799
67635
66222
60238
44978
63418
5764
78862
74379
66067
26984
59701
36109
69317
36822
49227
31162
50395
61980
38396
18985
66537
25497
36966
25242
8992
31864
28121
69881
41137
35511
24940
34063
11145
55317
47811
65979
46514
76157
17739
22070
41259
68376
23094
18734
19709
66149
35839
32908
19041
309
25648
34842
15269
34248
46264
68743
74485
558
41653
48574
10923
3859
57380
35429
15178
41674
35882
50674
79603
2099
12524
55636
42631
63646
58014
19054
46141
61880
57858
71634
66278
4156
52090
29213
29250
11319
6333
14932
3242
5627
21053
49362
10352
28367
52088
49553
60209
67977
59528
5995
33651
79987
61296
20743
24261
69968
52641
73099
52567
73776
41041
71271
63614
70514
7780
69842
68066
35126
65514
65758
30035
34596
36780
32285
39493
21041
66198
9890
30200
15252
72038
35444
47149
69478
2014
55346
42122
33795
21996
47281
65662
37296
50550
37831
79666
40367
8598
67747
39996
51319
59521
16758
32753
68611
54590
72916
19287
64032
56444
46897
76077
56
10818
54508
60087
7054
43882
63948
2647
47831
16837
54374
6191
79359
20785
77391
57892
13238
12551
26063
27357
66287
9084
50735
72926
37187
22958
28235
48919
24560
54292
34861
24967
59094
71132
21200
48970
9487
48621
49239
8630
48475
35475
31862
26732
34446
25818
69081
22931
70922
43051
46869
71466
19001
61084
11624
27577
13346
26855
58751
61337
63286
38163
19819
29490
19664
19400
61739
56809
14364
53121
68738
8119
45333
56752
78214
48528
38132
37818
75274
21420
38080
57224
20532
2249
36156
64705
56825
74073
17506
53316
38139
22042
70172
69074
38712
7352
45035
24099
72230
8122
2954
61244
42806
43819
44937
29102
26177
60861
60969
44032
40141
48244
60241
71259
31963
42122
60351
36635
20433
36813
8794
10003
28811
4447
60740
33420
79490
63230
37498
10719
6349
1015
8489
72236
60228
71405
58302
21101
26430
65049
15859
26317
20234
39527
3552
24354
45686
5911
59280
19919
55980
72043
26812
74856
16176
47418
7368
5510
24699
77766
22560
68218
43134
32638
56405
43448
13992
24674
15456
36081
78183
15069
66381
72842
75497
34514
24314
63491
10059
992
79669
56510
23560
66621
40663
47876
38512
61033
67815
54251
31711
22910
6460
28501
670
9354
77460
78694
72766
21767
35500
78587
69466
40214
71139
44923
26517
5317
24345
7370
38129
41830
67502
11106
58174
21989
40596
78093
29421
57417
65758
11296
39989
76395
55632
45866
6256
35623
39354
71514
44263
55930
28543
68439
61721
15290
47387
21951
10592
1087
38048
24948
7157
6407
19858
4218
64699
25166
50279
39456
4533
21344
9619
30027
21945
10052
45748
5791
46565
66147
10179
69645
68491
15311
65460
73697
32016
55962
36211
77639
38571
17389
45412
52747
44872
10130
39165
60055
50170
50353
41563
45194
2854
58135
52775
12978
41870
50981
10641
79436
23959
31612
27503
9378
66023
10534
14191
10588
21348
77406
52737
63685
50893
60796
10978
70994
39819
77305
58766
52061
29287
24674
4891
7596
41269
64525
57713
33940
51328
45323
25166
37369
75431
13074
27079
63461
43193
20963
77825
24387
30764
79112
61442
35249
67698
15674
19709
60353
78426
43159
43385
59820
39055
22884
16477
73757
73660
60651
59244
73646
676
35999
29893
44849
29138
22540
39215
45670
41095
39190
19645
21204
40811
63849
16000
14836
71760
60041
46888
32546
45850
15141
78991
59128
65326
59172
33066
71551
22924
73741
60804
2988
12156
18477
11651
45097
13026
20220
30318
62170
29152
4992
58897
2228
39288
71511
3946
59848
63691
64344
59209
26727
65
36021
67887
62241
43985
12678
15934
11825
25976
26199
55595
47998
20479
23348
54767
23739
79313
27945
23233
11532
49351
77190
4737
75407
12122
23115
10609
60295
49459
4829
5493
55991
51913
60391
74552
73310
62580
61669
36260
16535
47805
10345
25202
73223
62134
58283
51676
69869
19683
32754
57855
27630
61149
14454
47817
55474
61630
10500
73608
46888
24706
76098
45556
41897
13569
41302
74296
49809
68693
30615
52215
13310
35427
44976
75558
23181
59276
9050
47396
47876
34002
45508
36302
12518
76730
37905
8427
64126
35056
78599
34692
74680
45842
32613
62412
1655
70007
59048
41424
19590
62694
31940
52607
32282
46315
2069
31651
56183
32157
50789
52017
30052
20479
31239
11448
2942
66943
36937
2004
59219
20017
53014
46888
56471
25535
30179
25546
66701
39617
28827
53686
4823
71762
78519
3269
25623
29929
44494
64176
4763
39129
2502
70089
57593
60017
37718
24251
72954
66805
3346
39034
45385
61680
78088
11164
23946
79119
1225
12864
65655
49050
17348
72227
68128
49674
18270
2995
70298
54505
8124
24056
35241
44418
3923
10269
32629
5945
78119
64234
47617
61131
2975
76728
50086
52148
77271
31654
43124
1367
79303
59880
59972
20515
56789
52449
32787
63701
14191
35574
39405
11669
78515
41597
17816
41428
54617
72209
63248
66017
63037
14932
44431
73711
67977
48145
7582
61566
55683
72781
4613
66724
77404
75527
46676
42667
39460
29809
29403
13503
38621
7492
48909
64693
16978
30981
52135
39936
37978
71952
63334
21292
46936
33438
39139
14206
27297
25315
10127
3855
66333
7902
38171
22888
18754
60437
57404
44973
15021
49164
54989
76557
52290
24213
16655
38657
75698
31711
29381
3372
44307
35492
47881
14853
78191
60082
76215
42489
45415
5832
23596
38911
32641
38797
35517
30535
19652
76197
61481
51626
32742
62417
69177
23288
10004
49151
78018
4280
28001
36802
33608
7190
43220
8405
62737
76748
61128
19320
66070
60463
42655
48426
74548
76431
61745
592
35647
11080
58140
71694
68338
11350
19172
42032
20573
71531
61593
79077
20043
31596
78842
31019
11382
50477
57543
6318
68359
45147
66176
3961
1083
7571
33765
52783
72222
42061
23506
26138
4613
44621
9835
18121
75564
4769
58694
77865
22729
21619
28299
45648
6678
34490
74300
47900
59534
4280
76422
26516
15736
79552
64659
18403
8787
65736
22586
71956
63388
59413
17580
60964
29152
8030
4268
61603
43949
50585
5287
69356
60525
61975
54031
69207
48183
11353
63481
34726
35086
39755
58363
15475
25559
56943
37972
78291
67519
77211
49701
48855
13500
20500
63177
9114
22344
71016
45922
5874
7730
64131
51053
19165
14074
55020
38669
4967
36677
59774
58662
6243
10302
75219
35815
31756
34107
13370
27750
62157
47787
78596
52053
34349
69868
16032
78957
21168
64756
30936
64506
50660
79213
46788
75227
19715
56893
45302
2702
73934
26103
2940
5206
57541
63998
13925
19138
59796
38009
62160
8414
55422
70935
64756
8339
63478
7484
828
23321
11827
71183
28994
63571
15008
29738
56596
24618
20890
51685
77834
54310
4929
53162
14570
11683
31062
77312
10954
1067
63211
49130
38581
72963
22528
28308
64447
28973
28034
70989
2475
18172
75162
56873
51139
10380
48051
2747
48648
8262
62707
57040
4161
38864
9486
34574
63760
66902
59401
42703
49769
7911
79177
79427
46194
30948
62020
53080
40108
46932
20601
58700
73310
24545
48198
44838
5637
3652
11195
34786
45475
3979
76869
6052
37148
78862
29249
46705
31429
12735
22941
28836
20332
66445
42910
46051
69478
41692
61905
54124
13328
78785
79209
28713
13889
66614
8142
16203
77920
38474
50635
11277
33070
33206
33797
70398
23869
53620
12833
56768
9505
41182
41571
35572
39208
77697
11603
52502
75724
8397
20156
56598
27617
67602
40342
78683
59397
53910
44475
57346
9832
63847
12224
26242
70987
69364
26653
9614
65685
12621
77216
65778
44222
19824
60968
76681
77914
46391
66408
20171
77530
15174
57497
56255
71358
23611
9097
19172
46783
21630
70836
6699
62288
77041
42620
16951
26131
39827
539
31631
54592
66408
4559
14117
62370
47321
37858
39724
45232
63344
29138
67001
36980
24076
38096
71666
12541
67046
9824
65859
12130
78016
18360
9184
68356
12114
74464
4755
34645
5041
59209
33704
16177
49852
12208
52235
48718
75348
58151
52343
69193
5365
56664
76130
25326
73977
12016
76325
29621
36717
27730
13057
32352
46259
58768
10632
12079
64425
17358
39438
56733
51464
74002
61440
69725
12365
53677
35630
43681
61742
79950
28407
50402
53752
23272
72416
2870
9789
30154
6644
8020
57204
17089
1894
43006
25099
54457
44033
25092
42809
64557
66399
43539
39060
53512
3068
44121
7448
77546
25038
31774
38465
110
61971
53538
20748
13647
2239
46722
50333
33554
33934
70777
66474
32570
76614
14934
21809
55991
6145
72055
17397
9210
57124
13033
14391
59539
22980
3130
5021
13147
55178
2544
16674
55163
68905
52300
25313
47854
39930
25471
29006
4439
12027
43873
61538
28260
6291
33257
26050
38168
6703
57154
51402
55701
54470
59799
36765
32930
78334
79459
73773
31167
67880
17276
48843
70268
209
74280
75475
54993
2980
65278
25474
14411
59314
57959
23652
29032
9076
47736
79026
6924
3682
74415
53059
56074
43931
38727
15799
41912
22289
56191
7384
41758
2022
32110
22183
44563
23711
54993
12262
66381
22888
46612
55565
25597
15372
67913
15535
77076
57851
15830
30122
6382
48292
28043
33837
16063
31979
28918
31403
30512
17475
35960
26261
61949
15430
64502
1994
14327
21019
2912
38712
13698
45641
77651
16437
74043
34017
10876
24629
26423
27348
67616
28554
14712
65288
77340
73717
53762
16984
24304
66769
17209
47872
78368
78459
62005
54861
62737
46178
35075
77025
7701
15093
58048
4703
1867
35551
73008
68916
30589
30859
25577
35249
27855
627
34103
13569
42439
40962
47556
51094
31256
78587
68650
46905
79284
35877
57373
47021
30592
24581
3941
67326
4543
30173
2763
61044
39081
39461
33761
56649
55252
24662
11353
2463
9780
56531
68026
35476
8044
925
54663
17649
18392
61847
37056
68092
54608
9080
3714
26576
22016
36450
69621
47584
62338
2831
14896
11235
47659
24732
57656
24161
75139
67958
64688
14812
18894
55007
58103
22897
7745
15494
72083
45610
517
50522
45139
62451
39084
23812
16156
68187
72896
62186
31179
6077
61841
70956
79950
32328
41566
60525
66610
3790
30681
43490
78653
6940
51570
78365
70096
68168
67318
52930
34384
33937
65462
50493
43059
1463
27133
5172
30998
45561
42983
75134
68708
37315
46078
79151
48664
71926
34507
11794
25118
4305
73631
65141
71192
60052
48
25633
72175
47893
49356
23252
75455
718
31179
51345
64401
27667
14254
23084
2408
22302
29001
27702
58889
35864
68238
30320
4271
13660
45521
76645
16972
54483
49738
66775
31957
42894
4769
9576
45613
20269
6095
55098
65530
9670
65340
31343
34859
64717
40065
11918
23026
55182
38215
10543
3792
69767
77574
13970
12423
7388
73756
20257
37056
74433
69911
47648
37849
26685
71615
20284
34509
71682
71583
34264
70257
76796
58163
24201
61537
58483
20898
23342
69520
77093
37417
12463
47848
62090
10951
41639
12855
77154
37858
39523
10016
15985
44328
52778
41326
74181
48424
23947
63314
63888
62746
52789
15815
20113
78736
61760
27829
29926
59262
50668
18058
36564
65326
5982
46483
72486
28820
21601
15581
29271
15527
16017
6522
60189
63051
2713
37926
65248
43130
26210
21524
12488
23477
18081
77491
7409
43526
78076
56587
4602
6402
64123
68307
72721
15900
72133
54065
43690
32548
11035
42958
38034
40264
7676
64087
51646
18874
16704
19881
19124
8730
18107
30969
3332
66869
8552
23919
1580
3488
72761
58114
67102
70417
25025
16151
73806
35711
10075
14452
5180
7248
79389
38882
53936
74373
31136
63602
4687
15359
64938
10375
5936
39027
31498
33061
77761
32762
52287
52343
2917
25046
23993
14210
33557
35819
75637
24245
22878
7002
78141
19377
79673
19455
66724
65883
56528
48452
50355
61793
50746
14538
69661
57380
39780
5936
7775
50725
18224
38230
11436
70633
8661
61444
21983
46373
11080
3266
24823
4926
13727
38360
18736
20272
28186
47857
55371
34009
26839
36963
4728
36850
78365
76691
37435
62105
38924
14156
26627
66333
32157
70579
18332
62618
29022
69096
62982
27537
64294
56111
49824
49167
3428
51203
78943
78930
20257
39501
22275
76217
77178
29233
38730
31804
21696
8503
37470
22372
2660
60861
16317
1207
61772
7529
46243
61009
65636
61315
51008
60434
22988
10534
70172
52700
59230
64417
7440
63070
43864
51039
51208
7598
25790
2406
12044
27207
62733
48621
65223
58272
21552
28703
54135
42207
19521
32241
40418
33517
72270
47906
18622
56563
32873
23877
30003
71168
23316
59682
67457
66835
23217
53471
61146
60999
30168
42309
6859
34762
74048
49027
66186
79417
48197
31484
52730
42505
5426
41773
12641
24058
68255
33001
71070
77587
66771
21863
6687
14241
60554
15511
65117
39565
18373
65105
23970
69475
75956
49093
4457
25509
43102
23326
70428
49900
53046
2111
23359
41878
34006
29378
15923
38166
28889
64493
28224
35927
63735
12087
64978
67999
55578
47683
37578
5158
73405
54302
206
41687
74238
7716
28341
35064
39286
10772
35951
7078
53711
44970
12189
32217
5976
38914
5610
3373
47458
40003
607
47716
50719
34756
58188
37639
8842
62989
49117
63128
66350
30494
30687
44021
27148
40474
74773
50441
42061
21565
26293
71718
13772
2444
21247
32495
11108
15483
19640
647
63351
73075
75933
15096
9347
47341
1983
61545
29616
68414
8555
54820
66122
70040
3044
29250
55921
4983
45595
17531
44713
19852
17278
23659
39407
45205
66698
70288
65110
40317
77277
30694
63292
2101
12656
57751
56128
31569
17189
12566
6687
45716
25207
49642
74503
73382
26541
50236
32870
35803
8313
61159
43644
52402
62472
46687
78950
24277
26108
74119
9290
20667
18639
56722
14099
16034
17795
71927
61729
29343
27
77959
29710
69008
10327
72549
16516
14429
47677
36178
63498
5367
12596
28131
54129
29363
72721
45062
77293
52169
69578
34357
13382
25331
51436
13030
252
62192
12970
25732
69422
34943
17469
26570
16554
72447
1341
14481
29983
2560
14968
23129
13189
65990
11494
78866
64857
75342
21383
49513
61262
38665
68847
8259
37310
56690
51011
39942
1641
71927
48157
3287
42693
6243
39007
17845
12521
53536
14565
5800
5803
8765
45438
40733
64149
9842
46893
3909
1294
32556
76452
15710
1147
22743
9673
78193
62212
40600
7401
58374
26145
27611
30027
72254
71464
41464
21003
23711
29650
61824
46986
71088
43332
22745
51439
36271
75669
6014
48658
34841
9979
52165
64848
30633
40403
26562
6223
15329
19230
28040
1553
2347
36481
20471
70945
6774
39261
74314
20802
13704
49053
64447
50783
21031
65914
57713
72410
18258
1324
22532
62379
63497
55208
65237
54696
41491
69687
14112
54261
56784
33060
52491
28492
34392
74153
54272
62333
6691
78788
77687
53512
30449
22077
49404
55819
6538
42884
7989
26226
21709
22444
22183
48936
76007
4646
8422
42440
25943
59702
14900
32447
23667
60155
54828
13060
26241
18424
78651
15887
79908
5941
67874
16720
67040
40807
4678
72385
3063
4076
46117
48118
6074
8950
27561
30584
52636
64379
72133
54345
62376
78388
65806
44244
52940
63980
34281
12269
47773
39540
55465
31322
7888
52783
10912
67173
46696
18958
52792
46973
63404
43855
14976
5832
63619
6864
16395
11052
22313
65221
54996
70357
42465
46494
30040
63039
21488
24306
2500
19569
15185
47962
52718
28965
52983
12712
1837
49953
21211
3862
31633
36518
42279
33873
65836
12627
21413
70737
25085
65960
50241
25394
56232
50655
13660
13070
3923
74543
76476
61442
41209
55375
37428
41145
38921
45842
5934
77504
13829
51249
43763
52260
22933
13796
1367
73860
24957
16221
7042
24185
77639
14447
20475
17833
24849
65922
47578
69084
32830
79049
20727
7014
40268
237
31363
9619
65447
6450
4633
5825
66700
58140
4555
9753
30479
5667
1122
63064
76713
78339
20824
4086
28541
58546
57006
75656
45344
14789
40771
19879
7837
78915
7220
78016
52730
7469
9969
43329
21288
49066
61467
55314
10669
52624
5400
10079
20768
67773
60590
49202
71987
11540
79914
68201
74983
60960
8601
59841
47387
38567
20371
79661
8684
39116
46221
64200
2632
15018
65930
1935
3528
34987
48820
5184
8416
56099
26489
20178
50829
33315
23257
78756
16407
1755
52315
64276
11996
68140
12221
54756
45122
48764
39324
14587
38476
36126
26836
33440
72877
18129
2393
55573
63854
77786
29806
60984
74619
50585
75643
45830
32629
1882
20263
44973
53766
26749
26465
3725
56865
73806
43607
50685
69827
62240
44197
19073
28468
73478
42841
19810
9061
33475
37284
19051
20542
19505
74955
24887
49139
41267
41095
4666
56823
9744
73665
22325
61346
67926
28068
47366
37332
76368
55134
2880
79026
4438
6203
48621
2759
54049
56
71508
50664
70772
26741
52296
68921
71243
22202
15154
62652
72034
35875
14765
40972
13457
34325
41969
8856
64148
11683
49281
21660
55607
71541
62992
56151
37551
49722
73303
21172
64353
51425
28226
14248
65592
37535
72945
41600
16473
21705
58545
2486
36616
55157
9030
69137
21077
69417
69192
38677
65568
57824
17129
40290
6685
37993
59324
65102
49951
39326
53237
18519
43590
30833
19196
28180
35197
55040
78128
40065
79920
60539
6434
77847
49579
45441
43376
73057
54172
43335
3535
34383
24141
78296
31018
12656
40918
9319
35875
60769
19942
51328
9167
39466
36854
22214
78519
65387
42051
32629
43425
58538
51078
54331
56241
26289
65891
48148
29138
12577
15637
46278
77286
71627
28337
16187
37823
74626
37459
76322
67173
42467
26531
66339
301
60573
25779
53326
14241
79647
40816
17503
30279
75707
59554
25378
41777
12784
46923
32349
61552
54359
22832
22473
13865
9836
55137
55098
77538
74051
54592
60584
49359
12005
72904
34507
74910
34437
45764
26763
32941
51086
8070
38206
50685
24809
46629
27198
70465
66278
30713
37493
74308
71732
10823
41908
7709
6712
19370
56694
62646
14522
69214
20202
23925
50510
34713
27966
10369
40774
40326
13877
29926
46618
70607
11271
69237
52287
28998
36361
51972
51505
11576
16525
74257
49407
60651
78698
74419
37349
15767
1045
10629
31420
59432
15265
10848
71105
63651
55383
26324
49605
22447
26041
28043
30927
68976
29763
47956
4625
1195
49087
38174
42879
20857
26223
75751
52206
78111
45419
47467
21117
40244
1408
58641
51282
71236
73524
19964
40448
16992
5203
36557
53299
71444
15151
2617
25861
9014
14769
55314
51068
13084
60824
61502
45745
32763
11050
6542
13584
29889
61388
32019
64493
12475
16554
10811
41562
47312
37711
76557
57911
26134
59120
71273
15689
16630
21451
26869
14080
13017
33773
69376
39547
23561
33372
55248
389
76012
26274
55175
28323
61384
35309
19677
8725
30684
41356
17552
20457
35941
67253
25762
75658
12614
66113
8808
42294
43181
12655
3859
61872
34463
50285
46367
38975
63250
63351
62851
36373
25670
51312
59518
31715
4393
78981
58485
2332
63643
2716
7465
30355
23225
11353
53666
34322
22207
54120
78300
14550
52450
30831
61354
34253
63862
20838
37479
44405
25099
69995
8647
58768
69347
6132
56630
22964
58636
29138
49025
72175
51609
64717
4434
71047
54005
31363
13915
65941
77516
2752
66278
30993
39000
1736
71563
56552
79350
953
64642
16098
79787
54403
40878
20771
11627
65993
68553
14755
34828
70615
78272
74233
34666
46317
1718
13915
41724
66408
42935
54376
57577
27221
26110
45627
56330
28873
13281
76940
67285
25760
35552
22109
28642
69203
30945
48407
42857
49553
55058
63109
68189
50833
43300
6997
52313
77736
75255
61975
63869
4002
67543
1609
58863
6687
73732
3882
75429
45909
5851
29340
23166
76762
17568
47427
48280
12809
71343
73631
77654
75230
22503
19652
15970
17886
45514
48348
1019
63581
68861
37655
23401
15144
53254
69008
28399
29967
69386
61144
13605
74864
20030
26812
20404
68394
29343
22714
49794
34695
49855
46652
11177
29363
17462
16073
32098
4620
718
44720
65406
27096
40974
5075
15991
15608
32941
79650
15196
25704
34753
5672
70184
43889
65305
36160
78884
61851
5565
25397
46976
72920
13611
62913
41557
26830
57179
11444
19857
50376
60879
59075
75442
55899
56953
1583
15520
8787
74320
43277
13322
63671
67828
58538
10928
51249
22397
6227
58389
12934
36370
30270
46248
6566
59642
6276
59082
5815
75699
28247
31224
72908
56645
60052
33564
3663
30149
65027
22490
75059
10483
79057
17002
13473
16369
30241
39055
68356
42890
33339
32356
54464
2586
37303
75914
38002
46395
9723
6434
61080
13211
46315
63604
39778
66946
69689
39688
56712
67026
50888
63783
68125
37557
75221
16442
15456
44970
28256
2203
54431
38972
62058
22869
47694
77819
77544
24432
30362
69120
78038
18333
63696
34862
9032
38160
67947
61315
63308
58748
78726
41441
39496
41395
34326
63256
11601
42196
24654
9744
49159
1562
40033
32422
76593
75098
15906
45500
61268
50846
10311
13481
62373
1722
7362
2413
65746
62329
32834
55227
30214
23741
1431
39970
1452
62081
72611
157
2774
12150
77093
37996
58988
39203
22256
68928
77814
49632
17850
66287
61710
6520
71031
20330
34781
75128
1363
5240
55320
3479
2912
24081
46592
25513
68987
64912
5335
13349
45976
56748
14478
34025
12400
25113
72920
19910
54641
43256
71601
68441
65876
45423
34392
44089
20758
20112
18853
27075
37664
54152
55206
79321
31122
71673
5187
39876
70072
34307
30975
60099
57037
69689
65982
79242
51494
18910
72662
31424
63873
732
7620
50203
12883
37119
57240
60957
30900
66337
14213
2784
79673
76690
53972
56507
46676
59747
32369
28516
14233
35481
30392
70557
28206
68599
41028
73739
45467
12821
24026
6916
40637
55393
72585
17963
21276
26712
51375
23056
48651
17816
38312
24948
39982
19340
40153
60842
53630
19019
52809
26447
32364
42443
30654
10110
42178
60183
60406
16206
56149
20075
64379
67459
10154
16790
45574
36362
6780
50219
21646
68463
9596
26428
14900
60048
29885
25610
45083
15541
1933
61721
23172
21196
63128
71699
5482
32162
50574
46784
72598
26880
41608
36901
78521
5240
44187
38849
25240
70597
48835
39809
27737
5510
51956
76543
71503
67618
12983
73679
49824
22689
12079
31770
74296
76599
24085
57410
6077
79288
61005
52542
250
69640
13915
45909
78724
8206
72632
33262
35873
35320
3297
44203
33213
39882
57272
46411
76073
42744
72904
78219
15262
2496
27312
16083
6422
69344
33770
14101
35610
47573
61568
12949
71489
75652
55213
78232
12602
64503
15961
61369
18099
2356
43955
51160
54310
50912
34918
40437
50770
32613
27914
36640
21560
63362
29515
11900
47768
26848
55996
75313
18545
1076
8752
30993
70233
77400
22534
470
20010
76621
47404
9690
10340
76758
74396
1586
6121
36361
5982
732
43430
73261
17301
16787
51975
79453
55626
64744
68015
62455
51919
58815
77776
4374
42400
38171
4701
11613
11224
9505
48160
46814
24437
63534
45487
13442
37098
43518
14845
70658
60661
14975
40804
23952
763
10263
70499
59832
15824
2273
8670
73537
43496
56
34954
19202
40453
61397
70670
52499
34642
53391
4858
59921
31064
27906
8978
54120
616
78068
45447
53996
16724
52064
35963
67882
16858
31170
55000
14389
21011
24552
30577
78627
23375
8627
52157
3862
65242
26075
34182
47881
54406
33807
24824
69278
66034
49579
77081
19293
79328
63048
59123
5536
4503
19929
24248
38297
35520
7448
49262
7678
58202
62605
32381
39601
35618
79428
75833
4542
63991
75362
4803
41233
20618
26134
1547
67086
11043
12547
6120
23106
66297
3609
60639
41682
46069
59135
7585
27368
77391
30197
27133
53195
41639
9474
20750
71729
60434
9887
46361
1195
36006
44627
5231
66272
37265
70561
23866
47973
539
8366
3447
43478
59951
5009
72185
6311
50632
11476
13088
40122
26552
54568
49296
32765
20576
13263
57580
68369
31168
29560
33602
70978
75905
14814
55402
57533
57685
39009
66831
74693
64642
67739
51728
37133
27119
57353
25620
51170
17613
75500
35317
1115
53356
61462
24399
53260
68925
76322
79552
66499
2894
69769
23
1357
40324
68453
54247
72472
62360
70742
76090
1802
3514
37089
77280
71240
29293
13534
12153
24010
44353
66442
20404
41676
14245
31932
53841
16094
40190
25910
54932
59388
79216
55450
45494
20884
9908
57396
19075
1753
68580
37165
72783
41074
29536
40468
78014
13862
63795
74187
12914
33122
55557
78211
6151
72270
43089
32913
17991
3241
58651
10930
49388
13734
78778
19267
10706
61949
2020
31219
58273
41130
35588
299
77621
5553
70719
8326
4195
18742
2024
4233
4103
19860
35308
61790
71195
12525
38459
38527
4418
20572
3865
7202
53310
64260
53932
50370
38171
34995
1106
68430
78313
32430
79559
11698
57319
71712
57253
29022
34250
3041
71965
60527
45531
49924
17519
10483
63788
25146
11148
78468
72728
50174
79695
69589
11319
78057
78862
31823
67468
2589
26015
57146
78955
66302
16813
2188
66302
79632
22916
5718
3236
20842
64427
47761
62390
6241
55147
76601
65990
43089
41081
16484
25349
78311
57631
5235
50754
35887
54849
15517
609
11145
12888
68238
44779
59425
40992
68034
25399
22524
14031
3052
18537
26894
30812
73606
35218
41060
41343
21759
77442
60818
67786
52749
60498
77578
45932
68679
61136
53489
68646
57827
71123
63354
55853
73635
76872
70667
42139
69725
73735
64150
58389
13191
74838
30577
55111
55354
75578
59069
33523
19129
14257
37477
39942
43187
72288
47158
1389
79310
34890
57584
39770
65343
26199
43216
20569
13846
26802
58520
51572
25479
65148
2989
5381
2017
52601
18553
55808
66435
52991
24207
69211
49401
39703
12327
21817
15236
52842
49667
73063
70753
60010
12043
20240
45017
33169
74522
36364
19830
55816
46587
16323
75483
68757
73078
24584
1513
27488
35437
32994
52497
55522
50932
48916
48491
34713
10366
8292
44541
12855
29847
45261
74619
70382
67742
47262
49764
50564
39136
33512
8053
5235
78639
23614
19251
56180
4763
72350
70860
1444
368
38985
71246
11991
7856
53922
55522
19677
13169
35593
67343
20388
68969
24278
69756
36468
57862
37248
59403
70525
12282
11183
67864
6792
28043
63704
20535
59959
51453
7300
14293
74942
53179
10636
53238
46217
78727
33279
40308
10344
77186
79294
8885
8945
75159
4962
26604
59384
34586
14005
54317
69759
52061
64094
2560
16809
1245
64085
20017
45961
39737
49230
60648
29941
41266
6730
61657
15845
15643
16203
51381
42861
7507
76476
14016
48113
71050
49852
43550
67069
49157
29519
49969
27742
56426
23667
48969
68323
59334
78161
40088
16240
40463
72060
76030
5378
48521
1961
3816
25728
32830
58007
64356
18851
10218
25189
24796
7021
37858
6159
77707
53501
42006
47584
20407
10286
396
23151
30187
48568
36649
13567
30210
42820
28099
68007
62182
61538
31394
39348
56819
46215
78321
29605
2611
29605
42887
43142
51312
26647
8997
51588
77699
2655
12079
1467
24752
11757
46412
46982
14432
21794
70246
71267
32941
14657
18032
12843
52983
67308
36802
9130
67911
33543
12382
75431
76230
54915
32413
58920
74384
40827
79489
40413
72530
74320
65881
55519
38315
12897
25890
52204
41912
33101
437
51884
76519
36175
61877
44773
57490
15032
15960
74370
38838
75106
30048
66845
54775
16075
1554
32147
28725
46960
3589
66307
64479
16720
11529
42303
71219
19098
75203
55222
36904
41243
45647
33773
58868
56093
63343
13323
21627
60293
34839
31023
67442
51128
45898
24115
17056
32806
33471
79015
56041
50603
4002
14753
35178
47130
18851
71020
49652
60520
67999
79427
45261
68829
36483
22016
77549
52950
63622
77017
54326
53853
2613
23047
76240
75313
62748
71773
31312
34030
25355
58293
21203
9119
40091
45299
65620
55265
33367
69546
1467
16745
20864
65976
44864
38953
71127
58887
8559
5287
76565
9789
57074
29641
58658
59790
36268
38961
36619
48345
9336
50969
10133
60023
33740
63260
62540
74726
54834
24599
9074
38632
16692
59987
21475
67057
61403
10130
20953
7103
19709
15161
72845
67650
66966
75554
3387
24134
30194
9708
44039
21348
14985
27099
29885
31877
33258
59149
57842
5272
65430
77636
77795
32765
48178
33780
62155
77745
30580
14469
29111
71984
13802
53538
68312
7062
61152
68841
32094
67488
13524
64717
33625
41424
35824
22772
8144
19075
76624
22443
8782
74838
57710
55928
76543
12891
59357
2899
70667
39443
79144
63188
73833
36925
39363
63372
3269
41698
61983
50893
75178
68423
62842
42132
11271
67577
9641
24435
61262
18602
69665
29763
24368
76276
6577
9117
6332
79364
22795
20075
2208
42477
24634
50027
23181
22323
71678
19216
48280
45009
69744
66333
15836
54014
19722
49132
48722
25125
37025
78941
18967
18613
56186
65432
41383
46536
43370
27564
61199
17511
52266
61545
38530
72705
2052
13885
18110
49359
79209
15661
66619
2122
8875
13829
40836
17722
6859
65356
9166
54074
60567
42146
15882
40135
5823
22159
26549
25484
59223
40384
26897
69805
49860
28934
42174
62147
58266
41206
55108
45941
12062
71875
55713
47204
76764
9629
66981
51428
18075
68993
65154
1513
19739
34982
29003
74677
1469
64941
77838
50951
72383
24096
12432
2611
61434
29918
33532
45121
79589
42100
41796
22745
14413
74696
35099
25492
7150
14770
79512
50328
33102
33546
598
16861
46041
362
32179
45812
39930
27408
18840
19767
40878
54596
70520
35945
13575
68065
76552
71838
68772
68569
20160
18353
39077
76209
20332
21872
18151
29250
20282
78182
32655
39230
26057
45932
18072
6654
2563
10341
64011
67447
65670
35670
30890
44478
14122
53464
69901
57547
42621
39646
12240
55129
58623
42258
24971
24333
74707
72251
33893
23970
888
32101
79057
33211
30233
33106
54376
4687
52758
69262
24213
5462
27341
50861
47482
77017
57515
24834
54442
10693
74296
44077
63493
5083
36491
50007
12359
29247
30300
51334
21477
16919
9767
25151
8736
49701
8765
33027
69122
62183
59043
31279
17577
16600
15424
12456
18032
19410
30684
6440
37735
21998
62469
61782
78408
73322
45974
72799
1697
29074
28363
57460
72684
66133
32583
52789
42794
62635
78461
27599
44624
35503
15675
24926
11709
23869
72781
52820
42667
7218
56474
67689
29550
36427
33998
59660
37290
22322
56543
73912
46984
44394
53581
36274
61917
42447
54524
56596
39218
4067
54464
7261
6560
68168
73923
57015
21858
2643
14016
57950
18883
5583
31170
29847
39319
4288
39745
73203
8622
35933
51760
42461
41890
37417
15451
22410
63451
14257
43224
7995
60167
76502
54767
66034
36953
36586
3203
49766
76374
30402
29676
25244
18540
63730
73317
78800
37080
2201
37479
19113
7123
56063
48750
69695
25052
32740
42881
77147
23060
34387
5887
29843
37004
48227
77401
12790
29073
13063
23043
22039
27082
67850
78688
44619
59528
57159
12644
46261
8742
10409
3197
61467
14353
63304
75342
41079
38484
57162
79070
19290
45377
2418
30320
9359
59623
20034
59320
18529
32450
42330
54905
51539
52309
2473
78837
62395
77676
32098
11080
14347
48855
37221
58518
31838
897
59881
53896
58269
73198
5654
43038
29534
76530
66663
35339
3294
9729
52693
67916
50875
18206
3820
67747
60353
5749
66095
57674
10904
9740
9936
8482
50513
37230
66033
2578
59383
39142
9821
17559
8432
52346
71086
42830
31410
3952
65329
47878
53612
25438
47201
55140
76880
75143
78323
59921
15957
40183
76557
61245
16720
18958
46719
2749
63113
19528
4091
5231
76529
35149
2064
31828
77507
46071
48503
79727
13139
24297
51685
35425
24540
42966
31403
48652
22277
40757
1750
23557
49269
45976
43807
9176
58747
16917
32338
2905
8192
77154
43607
9977
28992
78408
30741
16034
28451
28475
71887
50616
21921
2730
14199
11606
36030
72634
38787
15673
10507
65524
22645
20893
18304
71481
52556
14164
49989
38699
36931
40980
55553
21581
6302
77325
71059
65148
33104
55093
73138
38760
54928
32227
15311
73400
63948
62458
17610
75718
38175
63613
26855
54947
16552
74672
53788
52049
72968
20950
2581
54582
3617
28799
63102
4005
65797
3809
14915
1933
76511
43864
8978
27822
56240
29065
46692
63950
75066
79703
58831
50564
29618
7646
8839
9616
30558
34602
11356
29608
18277
63398
40406
5561
2627
19618
75439
61964
29605
76161
66521
20724
79096
50990
35309
71594
50324
58188
28580
10191
12724
14553
53542
67919
61311
17583
56702
7072
71972
21390
53326
74120
1516
78936
54563
76452
16792
46391
34658
25794
73811
8789
33786
63513
22777
77470
3530
33175
33005
29938
49520
14341
26818
78905
29815
66674
3807
9936
73069
22573
20284
29192
2870
42084
41322
44539
45847
27669
30492
14541
57326
17677
77467
66994
7794
61011
69170
67751
26881
26785
31881
58143
49135
55307
26331
21694
23795
43250
48587
69115
28654
37221
41145
34392
16962
23581
49691
2621
57383
32684
77348
40446
7196
67917
50271
49240
49806
11573
51030
48259
25392
17103
56519
24824
70438
46232
30251
52668
66540
73953
27352
79850
55431
57607
65935
31734
12614
14114
40095
4442
17747
63119
4592
31106
35960
43959
33282
64979
70092
3589
77796
9430
53933
10157
15175
68693
23321
3821
63146
68036
35003
28472
48655
71481
16107
73264
78954
39541
2027
23333
50508
12192
15229
79488
58140
8911
79323
50453
32241
76081
73650
77694
44334
32991
76572
62058
32122
64908
76317
78150
33382
74097
51936
12156
54631
12689
57710
52786
77249
1914
13657
12829
74274
52306
51523
53628
6467
59848
48551
69744
65091
19541
32956
65329
38751
10439
15643
61490
23490
76055
57009
22648
6107
47659
78638
41231
17431
26486
1156
29929
20718
16189
60060
13088
71911
34910
23643
18593
70980
42405
28964
579
64881
15027
56686
40497
66654
60544
24040
39916
37845
55333
2052
62157
78505
40747
18616
12186
437
65679
6575
46076
58651
60200
24687
36619
79353
18217
37435
4865
7054
30608
459
62746
71606
15164
64146
28131
58786
58854
36503
7233
7434
37847
24001
22667
59203
53202
4926
12493
41810
46936
23060
18927
28741
7319
28621
1198
14333
50505
79288
79046
24867
13909
5045
63248
13609
5212
5009
7082
71495
55061
42345
57914
72864
58257
11443
73591
34079
5397
40516
38065
16447
7048
4074
25430
50563
24666
56486
38854
44761
75715
12324
45405
66940
20871
1306
64747
37462
26400
133
48977
45055
15514
18384
17917
4042
29396
33699
7711
4690
50450
37784
21866
39555
71215
42599
30376
78706
10564
3916
63328
31074
64854
32335
38503
41243
12483
32372
39490
40206
61968
34273
15412
70712
49938
8656
24019
10481
65497
17427
8318
2444
60550
21011
12429
30535
46820
17764
2824
12238
15112
28356
40581
24687
28407
48049
45801
75282
37451
13
70000
47239
31336
17647
66591
2243
21211
25499
6189
19613
28509
2813
40282
43994
70202
66707
5508
17207
56218
58979
16173
62199
70481
36992
71233
77204
31889
4581
18726
18010
7389
68056
57664
72493
44284
65310
38484
47708
67424
34103
44485
21698
73727
35218
29419
53645
28706
29403
22850
21225
47694
72259
27221
7276
58106
32016
13342
65453
61717
69373
71736
8206
57017
61478
68081
66562
30032
28745
12946
64405
46256
62215
14978
35485
42839
44845
18438
38181
64126
11988
9635
17196
24881
28567
49427
72628
17776
40658
43633
12606
72145
37292
49465
26934
13003
55232
73934
54940
39090
23041
12041
73471
8799
77473
28785
32645
53677
34721
16185
11643
9519
58652
45718
53927
3564
31151
371
75205
78126
71551
15517
49798
4235
62061
54442
78985
5038
2349
47083
46278
36722
44364
43019
30620
22805
52860
63102
37984
25850
21074
54247
65761
46788
14782
24603
53722
22216
73213
42855
41825
10778
49159
58478
34215
2454
33086
56906
79395
31235
8842
56554
24749
27948
2244
68627
25057
73967
63026
11407
58134
25933
19534
55530
17173
34012
44621
66189
16730
7365
74856
21393
7603
45012
11263
62828
259
3007
4296
5638
51461
59127
65545
934
26976
33856
7821
684
60684
48446
72133
2406
41990
